10:41:35: INFO [flashield.py:220 (root)]: 	calculating wss for w01.oracleGeneral.bin
10:44:07: INFO [flashield.py:228 (root)]: 	w01.oracleGeneral.bin wss_obj: 122804013, wss_byte: 685952515584
10:44:07: INFO [cache.py:19 (cache)]: 	create Flashield cache with size 6859525155
10:44:07: INFO [cache.py:19 (cache)]: 	create LRU cache with size 6859525
10:44:07: INFO [cache.py:19 (cache)]: 	create FIFO cache with size 6852665630
10:44:07: INFO [flashield.py:37 (root)]: 	w01.oracleGeneral.bin Training Flashield...
10:44:07: INFO [flashield.py:42 (root)]: 	w01.oracleGeneral.bin Training Flashield: 35303 features 35303 labels ...
10:44:07: INFO [flashield.py:55 (root)]: 	w01.oracleGeneral.bin finish training
10:45:33: INFO [flashield.py:170 (root)]: 	w01.oracleGeneral.bin-0.001-FIFO-True n_req: 1000000, n_miss: 867554, miss ratio: 0.8676, disk write 416824832 + 0 (0.0006)
10:47:09: INFO [flashield.py:170 (root)]: 	w01.oracleGeneral.bin-0.001-FIFO-True n_req: 2000000, n_miss: 1766847, miss ratio: 0.8834, disk write 416824832 + 0 (0.0006)
10:48:52: INFO [flashield.py:170 (root)]: 	w01.oracleGeneral.bin-0.001-FIFO-True n_req: 3000000, n_miss: 2744107, miss ratio: 0.9147, disk write 416824832 + 0 (0.0006)
10:50:37: INFO [flashield.py:170 (root)]: 	w01.oracleGeneral.bin-0.001-FIFO-True n_req: 4000000, n_miss: 3742405, miss ratio: 0.9356, disk write 416824832 + 0 (0.0006)
10:52:22: INFO [flashield.py:170 (root)]: 	w01.oracleGeneral.bin-0.001-FIFO-True n_req: 5000000, n_miss: 4739384, miss ratio: 0.9479, disk write 416824832 + 0 (0.0006)
10:54:02: INFO [flashield.py:170 (root)]: 	w01.oracleGeneral.bin-0.001-FIFO-True n_req: 6000000, n_miss: 5699774, miss ratio: 0.9500, disk write 416824832 + 0 (0.0006)
10:55:42: INFO [flashield.py:170 (root)]: 	w01.oracleGeneral.bin-0.001-FIFO-True n_req: 7000000, n_miss: 6666412, miss ratio: 0.9523, disk write 416824832 + 0 (0.0006)
10:57:24: INFO [flashield.py:170 (root)]: 	w01.oracleGeneral.bin-0.001-FIFO-True n_req: 8000000, n_miss: 7647126, miss ratio: 0.9559, disk write 416824832 + 0 (0.0006)
10:59:07: INFO [flashield.py:170 (root)]: 	w01.oracleGeneral.bin-0.001-FIFO-True n_req: 9000000, n_miss: 8632380, miss ratio: 0.9592, disk write 416824832 + 0 (0.0006)
11:00:52: INFO [flashield.py:170 (root)]: 	w01.oracleGeneral.bin-0.001-FIFO-True n_req: 10000000, n_miss: 9622571, miss ratio: 0.9623, disk write 416824832 + 0 (0.0006)
11:02:36: INFO [flashield.py:170 (root)]: 	w01.oracleGeneral.bin-0.001-FIFO-True n_req: 11000000, n_miss: 10610479, miss ratio: 0.9646, disk write 416824832 + 0 (0.0006)
11:04:22: INFO [flashield.py:170 (root)]: 	w01.oracleGeneral.bin-0.001-FIFO-True n_req: 12000000, n_miss: 11609909, miss ratio: 0.9675, disk write 416824832 + 0 (0.0006)
11:06:08: INFO [flashield.py:170 (root)]: 	w01.oracleGeneral.bin-0.001-FIFO-True n_req: 13000000, n_miss: 12609603, miss ratio: 0.9700, disk write 416824832 + 0 (0.0006)
11:07:55: INFO [flashield.py:170 (root)]: 	w01.oracleGeneral.bin-0.001-FIFO-True n_req: 14000000, n_miss: 13609175, miss ratio: 0.9721, disk write 416824832 + 0 (0.0006)
11:09:42: INFO [flashield.py:170 (root)]: 	w01.oracleGeneral.bin-0.001-FIFO-True n_req: 15000000, n_miss: 14608640, miss ratio: 0.9739, disk write 416824832 + 0 (0.0006)
11:11:28: INFO [flashield.py:170 (root)]: 	w01.oracleGeneral.bin-0.001-FIFO-True n_req: 16000000, n_miss: 15605932, miss ratio: 0.9754, disk write 416824832 + 0 (0.0006)
11:13:15: INFO [flashield.py:170 (root)]: 	w01.oracleGeneral.bin-0.001-FIFO-True n_req: 17000000, n_miss: 16605812, miss ratio: 0.9768, disk write 416824832 + 0 (0.0006)
11:15:01: INFO [flashield.py:170 (root)]: 	w01.oracleGeneral.bin-0.001-FIFO-True n_req: 18000000, n_miss: 17603442, miss ratio: 0.9780, disk write 416824832 + 0 (0.0006)
11:16:46: INFO [flashield.py:170 (root)]: 	w01.oracleGeneral.bin-0.001-FIFO-True n_req: 19000000, n_miss: 18599189, miss ratio: 0.9789, disk write 416824832 + 0 (0.0006)
11:18:30: INFO [flashield.py:170 (root)]: 	w01.oracleGeneral.bin-0.001-FIFO-True n_req: 20000000, n_miss: 19580730, miss ratio: 0.9790, disk write 416824832 + 0 (0.0006)
11:20:12: INFO [flashield.py:170 (root)]: 	w01.oracleGeneral.bin-0.001-FIFO-True n_req: 21000000, n_miss: 20550526, miss ratio: 0.9786, disk write 416824832 + 0 (0.0006)
11:21:55: INFO [flashield.py:170 (root)]: 	w01.oracleGeneral.bin-0.001-FIFO-True n_req: 22000000, n_miss: 21530145, miss ratio: 0.9786, disk write 416824832 + 0 (0.0006)
11:23:40: INFO [flashield.py:170 (root)]: 	w01.oracleGeneral.bin-0.001-FIFO-True n_req: 23000000, n_miss: 22522185, miss ratio: 0.9792, disk write 416824832 + 0 (0.0006)
11:25:26: INFO [flashield.py:170 (root)]: 	w01.oracleGeneral.bin-0.001-FIFO-True n_req: 24000000, n_miss: 23522073, miss ratio: 0.9801, disk write 416824832 + 0 (0.0006)
11:27:12: INFO [flashield.py:170 (root)]: 	w01.oracleGeneral.bin-0.001-FIFO-True n_req: 25000000, n_miss: 24521511, miss ratio: 0.9809, disk write 416824832 + 0 (0.0006)
11:28:57: INFO [flashield.py:170 (root)]: 	w01.oracleGeneral.bin-0.001-FIFO-True n_req: 26000000, n_miss: 25521299, miss ratio: 0.9816, disk write 416824832 + 0 (0.0006)
11:30:44: INFO [flashield.py:170 (root)]: 	w01.oracleGeneral.bin-0.001-FIFO-True n_req: 27000000, n_miss: 26521246, miss ratio: 0.9823, disk write 416824832 + 0 (0.0006)
11:32:30: INFO [flashield.py:170 (root)]: 	w01.oracleGeneral.bin-0.001-FIFO-True n_req: 28000000, n_miss: 27521144, miss ratio: 0.9829, disk write 416824832 + 0 (0.0006)
11:34:17: INFO [flashield.py:170 (root)]: 	w01.oracleGeneral.bin-0.001-FIFO-True n_req: 29000000, n_miss: 28520656, miss ratio: 0.9835, disk write 416824832 + 0 (0.0006)
11:36:03: INFO [flashield.py:170 (root)]: 	w01.oracleGeneral.bin-0.001-FIFO-True n_req: 30000000, n_miss: 29520086, miss ratio: 0.9840, disk write 416824832 + 0 (0.0006)
11:37:49: INFO [flashield.py:170 (root)]: 	w01.oracleGeneral.bin-0.001-FIFO-True n_req: 31000000, n_miss: 30519579, miss ratio: 0.9845, disk write 416824832 + 0 (0.0006)
11:39:34: INFO [flashield.py:170 (root)]: 	w01.oracleGeneral.bin-0.001-FIFO-True n_req: 32000000, n_miss: 31498580, miss ratio: 0.9843, disk write 416824832 + 0 (0.0006)
11:41:18: INFO [flashield.py:170 (root)]: 	w01.oracleGeneral.bin-0.001-FIFO-True n_req: 33000000, n_miss: 32473282, miss ratio: 0.9840, disk write 416824832 + 0 (0.0006)
11:43:03: INFO [flashield.py:170 (root)]: 	w01.oracleGeneral.bin-0.001-FIFO-True n_req: 34000000, n_miss: 33457155, miss ratio: 0.9840, disk write 416824832 + 0 (0.0006)
11:44:47: INFO [flashield.py:170 (root)]: 	w01.oracleGeneral.bin-0.001-FIFO-True n_req: 35000000, n_miss: 34435225, miss ratio: 0.9839, disk write 416824832 + 0 (0.0006)
11:46:27: INFO [flashield.py:170 (root)]: 	w01.oracleGeneral.bin-0.001-FIFO-True n_req: 36000000, n_miss: 35379806, miss ratio: 0.9828, disk write 416824832 + 0 (0.0006)
11:48:11: INFO [flashield.py:170 (root)]: 	w01.oracleGeneral.bin-0.001-FIFO-True n_req: 37000000, n_miss: 36372531, miss ratio: 0.9830, disk write 416824832 + 0 (0.0006)
11:49:55: INFO [flashield.py:170 (root)]: 	w01.oracleGeneral.bin-0.001-FIFO-True n_req: 38000000, n_miss: 37358656, miss ratio: 0.9831, disk write 416824832 + 0 (0.0006)
11:51:39: INFO [flashield.py:170 (root)]: 	w01.oracleGeneral.bin-0.001-FIFO-True n_req: 39000000, n_miss: 38342297, miss ratio: 0.9831, disk write 416824832 + 0 (0.0006)
11:53:23: INFO [flashield.py:170 (root)]: 	w01.oracleGeneral.bin-0.001-FIFO-True n_req: 40000000, n_miss: 39324916, miss ratio: 0.9831, disk write 416824832 + 0 (0.0006)
11:55:07: INFO [flashield.py:170 (root)]: 	w01.oracleGeneral.bin-0.001-FIFO-True n_req: 41000000, n_miss: 40318568, miss ratio: 0.9834, disk write 416824832 + 0 (0.0006)
11:56:51: INFO [flashield.py:170 (root)]: 	w01.oracleGeneral.bin-0.001-FIFO-True n_req: 42000000, n_miss: 41313860, miss ratio: 0.9837, disk write 416824832 + 0 (0.0006)
11:58:34: INFO [flashield.py:170 (root)]: 	w01.oracleGeneral.bin-0.001-FIFO-True n_req: 43000000, n_miss: 42289687, miss ratio: 0.9835, disk write 416824832 + 0 (0.0006)
12:00:17: INFO [flashield.py:170 (root)]: 	w01.oracleGeneral.bin-0.001-FIFO-True n_req: 44000000, n_miss: 43277855, miss ratio: 0.9836, disk write 416824832 + 0 (0.0006)
12:02:02: INFO [flashield.py:170 (root)]: 	w01.oracleGeneral.bin-0.001-FIFO-True n_req: 45000000, n_miss: 44269188, miss ratio: 0.9838, disk write 416824832 + 0 (0.0006)
12:03:49: INFO [flashield.py:170 (root)]: 	w01.oracleGeneral.bin-0.001-FIFO-True n_req: 46000000, n_miss: 45263218, miss ratio: 0.9840, disk write 416824832 + 0 (0.0006)
12:05:35: INFO [flashield.py:170 (root)]: 	w01.oracleGeneral.bin-0.001-FIFO-True n_req: 47000000, n_miss: 46259057, miss ratio: 0.9842, disk write 416824832 + 0 (0.0006)
12:07:21: INFO [flashield.py:170 (root)]: 	w01.oracleGeneral.bin-0.001-FIFO-True n_req: 48000000, n_miss: 47253728, miss ratio: 0.9845, disk write 416824832 + 0 (0.0006)
12:09:08: INFO [flashield.py:170 (root)]: 	w01.oracleGeneral.bin-0.001-FIFO-True n_req: 49000000, n_miss: 48247609, miss ratio: 0.9846, disk write 416824832 + 0 (0.0006)
12:10:55: INFO [flashield.py:170 (root)]: 	w01.oracleGeneral.bin-0.001-FIFO-True n_req: 50000000, n_miss: 49241518, miss ratio: 0.9848, disk write 416824832 + 0 (0.0006)
12:12:41: INFO [flashield.py:170 (root)]: 	w01.oracleGeneral.bin-0.001-FIFO-True n_req: 51000000, n_miss: 50235307, miss ratio: 0.9850, disk write 416824832 + 0 (0.0006)
12:14:27: INFO [flashield.py:170 (root)]: 	w01.oracleGeneral.bin-0.001-FIFO-True n_req: 52000000, n_miss: 51230005, miss ratio: 0.9852, disk write 416824832 + 0 (0.0006)
12:16:14: INFO [flashield.py:170 (root)]: 	w01.oracleGeneral.bin-0.001-FIFO-True n_req: 53000000, n_miss: 52224189, miss ratio: 0.9854, disk write 416824832 + 0 (0.0006)
12:18:00: INFO [flashield.py:170 (root)]: 	w01.oracleGeneral.bin-0.001-FIFO-True n_req: 54000000, n_miss: 53213784, miss ratio: 0.9854, disk write 416824832 + 0 (0.0006)
12:19:45: INFO [flashield.py:170 (root)]: 	w01.oracleGeneral.bin-0.001-FIFO-True n_req: 55000000, n_miss: 54205054, miss ratio: 0.9855, disk write 416824832 + 0 (0.0006)
12:21:31: INFO [flashield.py:170 (root)]: 	w01.oracleGeneral.bin-0.001-FIFO-True n_req: 56000000, n_miss: 55201287, miss ratio: 0.9857, disk write 416824832 + 0 (0.0006)
12:23:17: INFO [flashield.py:170 (root)]: 	w01.oracleGeneral.bin-0.001-FIFO-True n_req: 57000000, n_miss: 56195947, miss ratio: 0.9859, disk write 416824832 + 0 (0.0006)
12:25:03: INFO [flashield.py:170 (root)]: 	w01.oracleGeneral.bin-0.001-FIFO-True n_req: 58000000, n_miss: 57190565, miss ratio: 0.9860, disk write 416824832 + 0 (0.0006)
12:26:49: INFO [flashield.py:170 (root)]: 	w01.oracleGeneral.bin-0.001-FIFO-True n_req: 59000000, n_miss: 58183227, miss ratio: 0.9862, disk write 416824832 + 0 (0.0006)
12:28:35: INFO [flashield.py:170 (root)]: 	w01.oracleGeneral.bin-0.001-FIFO-True n_req: 60000000, n_miss: 59168539, miss ratio: 0.9861, disk write 416824832 + 0 (0.0006)
12:30:21: INFO [flashield.py:170 (root)]: 	w01.oracleGeneral.bin-0.001-FIFO-True n_req: 61000000, n_miss: 60151992, miss ratio: 0.9861, disk write 416824832 + 0 (0.0006)
12:32:07: INFO [flashield.py:170 (root)]: 	w01.oracleGeneral.bin-0.001-FIFO-True n_req: 62000000, n_miss: 61141743, miss ratio: 0.9862, disk write 416824832 + 0 (0.0006)
12:33:55: INFO [flashield.py:170 (root)]: 	w01.oracleGeneral.bin-0.001-FIFO-True n_req: 63000000, n_miss: 62114704, miss ratio: 0.9859, disk write 416824832 + 0 (0.0006)
12:35:37: INFO [flashield.py:170 (root)]: 	w01.oracleGeneral.bin-0.001-FIFO-True n_req: 64000000, n_miss: 63096493, miss ratio: 0.9859, disk write 416824832 + 0 (0.0006)
12:37:22: INFO [flashield.py:170 (root)]: 	w01.oracleGeneral.bin-0.001-FIFO-True n_req: 65000000, n_miss: 64081260, miss ratio: 0.9859, disk write 416824832 + 0 (0.0006)
12:39:07: INFO [flashield.py:170 (root)]: 	w01.oracleGeneral.bin-0.001-FIFO-True n_req: 66000000, n_miss: 65068166, miss ratio: 0.9859, disk write 416824832 + 0 (0.0006)
12:40:51: INFO [flashield.py:170 (root)]: 	w01.oracleGeneral.bin-0.001-FIFO-True n_req: 67000000, n_miss: 66059864, miss ratio: 0.9860, disk write 416824832 + 0 (0.0006)
12:42:35: INFO [flashield.py:170 (root)]: 	w01.oracleGeneral.bin-0.001-FIFO-True n_req: 68000000, n_miss: 67049174, miss ratio: 0.9860, disk write 416824832 + 0 (0.0006)
12:44:20: INFO [flashield.py:170 (root)]: 	w01.oracleGeneral.bin-0.001-FIFO-True n_req: 69000000, n_miss: 68041324, miss ratio: 0.9861, disk write 416824832 + 0 (0.0006)
12:46:04: INFO [flashield.py:170 (root)]: 	w01.oracleGeneral.bin-0.001-FIFO-True n_req: 70000000, n_miss: 69035690, miss ratio: 0.9862, disk write 416824832 + 0 (0.0006)
12:47:49: INFO [flashield.py:170 (root)]: 	w01.oracleGeneral.bin-0.001-FIFO-True n_req: 71000000, n_miss: 70026282, miss ratio: 0.9863, disk write 416824832 + 0 (0.0006)
12:49:34: INFO [flashield.py:170 (root)]: 	w01.oracleGeneral.bin-0.001-FIFO-True n_req: 72000000, n_miss: 71016550, miss ratio: 0.9863, disk write 416824832 + 0 (0.0006)
12:51:20: INFO [flashield.py:170 (root)]: 	w01.oracleGeneral.bin-0.001-FIFO-True n_req: 73000000, n_miss: 72011023, miss ratio: 0.9865, disk write 416824832 + 0 (0.0006)
12:53:05: INFO [flashield.py:170 (root)]: 	w01.oracleGeneral.bin-0.001-FIFO-True n_req: 74000000, n_miss: 72992727, miss ratio: 0.9864, disk write 416824832 + 0 (0.0006)
12:54:50: INFO [flashield.py:170 (root)]: 	w01.oracleGeneral.bin-0.001-FIFO-True n_req: 75000000, n_miss: 73974535, miss ratio: 0.9863, disk write 416824832 + 0 (0.0006)
12:56:34: INFO [flashield.py:170 (root)]: 	w01.oracleGeneral.bin-0.001-FIFO-True n_req: 76000000, n_miss: 74949285, miss ratio: 0.9862, disk write 416824832 + 0 (0.0006)
12:58:18: INFO [flashield.py:170 (root)]: 	w01.oracleGeneral.bin-0.001-FIFO-True n_req: 77000000, n_miss: 75928875, miss ratio: 0.9861, disk write 416824832 + 0 (0.0006)
13:00:01: INFO [flashield.py:170 (root)]: 	w01.oracleGeneral.bin-0.001-FIFO-True n_req: 78000000, n_miss: 76919411, miss ratio: 0.9861, disk write 416824832 + 0 (0.0006)
13:01:44: INFO [flashield.py:170 (root)]: 	w01.oracleGeneral.bin-0.001-FIFO-True n_req: 79000000, n_miss: 77911231, miss ratio: 0.9862, disk write 416824832 + 0 (0.0006)
13:03:29: INFO [flashield.py:170 (root)]: 	w01.oracleGeneral.bin-0.001-FIFO-True n_req: 80000000, n_miss: 78905612, miss ratio: 0.9863, disk write 416824832 + 0 (0.0006)
13:05:14: INFO [flashield.py:170 (root)]: 	w01.oracleGeneral.bin-0.001-FIFO-True n_req: 81000000, n_miss: 79900923, miss ratio: 0.9864, disk write 416824832 + 0 (0.0006)
13:06:58: INFO [flashield.py:170 (root)]: 	w01.oracleGeneral.bin-0.001-FIFO-True n_req: 82000000, n_miss: 80889503, miss ratio: 0.9865, disk write 416824832 + 0 (0.0006)
13:08:42: INFO [flashield.py:170 (root)]: 	w01.oracleGeneral.bin-0.001-FIFO-True n_req: 83000000, n_miss: 81881167, miss ratio: 0.9865, disk write 416824832 + 0 (0.0006)
13:10:27: INFO [flashield.py:170 (root)]: 	w01.oracleGeneral.bin-0.001-FIFO-True n_req: 84000000, n_miss: 82872056, miss ratio: 0.9866, disk write 416824832 + 0 (0.0006)
13:12:11: INFO [flashield.py:170 (root)]: 	w01.oracleGeneral.bin-0.001-FIFO-True n_req: 85000000, n_miss: 83852791, miss ratio: 0.9865, disk write 416824832 + 0 (0.0006)
13:13:54: INFO [flashield.py:170 (root)]: 	w01.oracleGeneral.bin-0.001-FIFO-True n_req: 86000000, n_miss: 84817935, miss ratio: 0.9863, disk write 416824832 + 0 (0.0006)
13:15:38: INFO [flashield.py:170 (root)]: 	w01.oracleGeneral.bin-0.001-FIFO-True n_req: 87000000, n_miss: 85788404, miss ratio: 0.9861, disk write 416824832 + 0 (0.0006)
13:17:18: INFO [flashield.py:170 (root)]: 	w01.oracleGeneral.bin-0.001-FIFO-True n_req: 88000000, n_miss: 86735756, miss ratio: 0.9856, disk write 416824832 + 0 (0.0006)
13:19:02: INFO [flashield.py:170 (root)]: 	w01.oracleGeneral.bin-0.001-FIFO-True n_req: 89000000, n_miss: 87712744, miss ratio: 0.9855, disk write 416824832 + 0 (0.0006)
13:20:43: INFO [flashield.py:170 (root)]: 	w01.oracleGeneral.bin-0.001-FIFO-True n_req: 90000000, n_miss: 88668750, miss ratio: 0.9852, disk write 416824832 + 0 (0.0006)
13:22:26: INFO [flashield.py:170 (root)]: 	w01.oracleGeneral.bin-0.001-FIFO-True n_req: 91000000, n_miss: 89643042, miss ratio: 0.9851, disk write 416824832 + 0 (0.0006)
13:24:10: INFO [flashield.py:170 (root)]: 	w01.oracleGeneral.bin-0.001-FIFO-True n_req: 92000000, n_miss: 90624150, miss ratio: 0.9850, disk write 416824832 + 0 (0.0006)
13:25:55: INFO [flashield.py:170 (root)]: 	w01.oracleGeneral.bin-0.001-FIFO-True n_req: 93000000, n_miss: 91583163, miss ratio: 0.9848, disk write 416824832 + 0 (0.0006)
13:27:38: INFO [flashield.py:170 (root)]: 	w01.oracleGeneral.bin-0.001-FIFO-True n_req: 94000000, n_miss: 92568576, miss ratio: 0.9848, disk write 416824832 + 0 (0.0006)
13:29:23: INFO [flashield.py:170 (root)]: 	w01.oracleGeneral.bin-0.001-FIFO-True n_req: 95000000, n_miss: 93560979, miss ratio: 0.9849, disk write 416824832 + 0 (0.0006)
13:31:06: INFO [flashield.py:170 (root)]: 	w01.oracleGeneral.bin-0.001-FIFO-True n_req: 96000000, n_miss: 94538303, miss ratio: 0.9848, disk write 416824832 + 0 (0.0006)
13:32:50: INFO [flashield.py:170 (root)]: 	w01.oracleGeneral.bin-0.001-FIFO-True n_req: 97000000, n_miss: 95529511, miss ratio: 0.9848, disk write 416824832 + 0 (0.0006)
13:34:34: INFO [flashield.py:170 (root)]: 	w01.oracleGeneral.bin-0.001-FIFO-True n_req: 98000000, n_miss: 96522006, miss ratio: 0.9849, disk write 416824832 + 0 (0.0006)
13:36:18: INFO [flashield.py:170 (root)]: 	w01.oracleGeneral.bin-0.001-FIFO-True n_req: 99000000, n_miss: 97512297, miss ratio: 0.9850, disk write 416824832 + 0 (0.0006)
13:38:03: INFO [flashield.py:170 (root)]: 	w01.oracleGeneral.bin-0.001-FIFO-True n_req: 100000000, n_miss: 98501583, miss ratio: 0.9850, disk write 416824832 + 0 (0.0006)
13:39:47: INFO [flashield.py:170 (root)]: 	w01.oracleGeneral.bin-0.001-FIFO-True n_req: 101000000, n_miss: 99497181, miss ratio: 0.9851, disk write 416824832 + 0 (0.0006)
13:41:31: INFO [flashield.py:170 (root)]: 	w01.oracleGeneral.bin-0.001-FIFO-True n_req: 102000000, n_miss: 100490445, miss ratio: 0.9852, disk write 416824832 + 0 (0.0006)
13:43:16: INFO [flashield.py:170 (root)]: 	w01.oracleGeneral.bin-0.001-FIFO-True n_req: 103000000, n_miss: 101482647, miss ratio: 0.9853, disk write 416824832 + 0 (0.0006)
13:45:01: INFO [flashield.py:170 (root)]: 	w01.oracleGeneral.bin-0.001-FIFO-True n_req: 104000000, n_miss: 102476942, miss ratio: 0.9854, disk write 416824832 + 0 (0.0006)
13:46:45: INFO [flashield.py:170 (root)]: 	w01.oracleGeneral.bin-0.001-FIFO-True n_req: 105000000, n_miss: 103459265, miss ratio: 0.9853, disk write 416824832 + 0 (0.0006)
13:48:29: INFO [flashield.py:170 (root)]: 	w01.oracleGeneral.bin-0.001-FIFO-True n_req: 106000000, n_miss: 104436169, miss ratio: 0.9852, disk write 416824832 + 0 (0.0006)
13:50:12: INFO [flashield.py:170 (root)]: 	w01.oracleGeneral.bin-0.001-FIFO-True n_req: 107000000, n_miss: 105394200, miss ratio: 0.9850, disk write 416824832 + 0 (0.0006)
13:51:58: INFO [flashield.py:170 (root)]: 	w01.oracleGeneral.bin-0.001-FIFO-True n_req: 108000000, n_miss: 106380909, miss ratio: 0.9850, disk write 416824832 + 0 (0.0006)
13:53:42: INFO [flashield.py:170 (root)]: 	w01.oracleGeneral.bin-0.001-FIFO-True n_req: 109000000, n_miss: 107358976, miss ratio: 0.9849, disk write 416824832 + 0 (0.0006)
13:55:26: INFO [flashield.py:170 (root)]: 	w01.oracleGeneral.bin-0.001-FIFO-True n_req: 110000000, n_miss: 108332182, miss ratio: 0.9848, disk write 416824832 + 0 (0.0006)
13:57:09: INFO [flashield.py:170 (root)]: 	w01.oracleGeneral.bin-0.001-FIFO-True n_req: 111000000, n_miss: 109302941, miss ratio: 0.9847, disk write 416824832 + 0 (0.0006)
13:58:54: INFO [flashield.py:170 (root)]: 	w01.oracleGeneral.bin-0.001-FIFO-True n_req: 112000000, n_miss: 110284935, miss ratio: 0.9847, disk write 416824832 + 0 (0.0006)
14:00:39: INFO [flashield.py:170 (root)]: 	w01.oracleGeneral.bin-0.001-FIFO-True n_req: 113000000, n_miss: 111275048, miss ratio: 0.9847, disk write 416824832 + 0 (0.0006)
14:02:26: INFO [flashield.py:170 (root)]: 	w01.oracleGeneral.bin-0.001-FIFO-True n_req: 114000000, n_miss: 112269690, miss ratio: 0.9848, disk write 416824832 + 0 (0.0006)
14:04:09: INFO [flashield.py:170 (root)]: 	w01.oracleGeneral.bin-0.001-FIFO-True n_req: 115000000, n_miss: 113242918, miss ratio: 0.9847, disk write 416824832 + 0 (0.0006)
14:05:53: INFO [flashield.py:170 (root)]: 	w01.oracleGeneral.bin-0.001-FIFO-True n_req: 116000000, n_miss: 114227578, miss ratio: 0.9847, disk write 416824832 + 0 (0.0006)
14:07:38: INFO [flashield.py:170 (root)]: 	w01.oracleGeneral.bin-0.001-FIFO-True n_req: 117000000, n_miss: 115221056, miss ratio: 0.9848, disk write 416824832 + 0 (0.0006)
14:09:21: INFO [flashield.py:170 (root)]: 	w01.oracleGeneral.bin-0.001-FIFO-True n_req: 118000000, n_miss: 116202341, miss ratio: 0.9848, disk write 416824832 + 0 (0.0006)
14:11:05: INFO [flashield.py:170 (root)]: 	w01.oracleGeneral.bin-0.001-FIFO-True n_req: 119000000, n_miss: 117183161, miss ratio: 0.9847, disk write 416824832 + 0 (0.0006)
14:12:50: INFO [flashield.py:170 (root)]: 	w01.oracleGeneral.bin-0.001-FIFO-True n_req: 120000000, n_miss: 118167039, miss ratio: 0.9847, disk write 416824832 + 0 (0.0006)
14:14:34: INFO [flashield.py:170 (root)]: 	w01.oracleGeneral.bin-0.001-FIFO-True n_req: 121000000, n_miss: 119159707, miss ratio: 0.9848, disk write 416824832 + 0 (0.0006)
14:16:20: INFO [flashield.py:170 (root)]: 	w01.oracleGeneral.bin-0.001-FIFO-True n_req: 122000000, n_miss: 120151229, miss ratio: 0.9848, disk write 416824832 + 0 (0.0006)
14:18:05: INFO [flashield.py:170 (root)]: 	w01.oracleGeneral.bin-0.001-FIFO-True n_req: 123000000, n_miss: 121140829, miss ratio: 0.9849, disk write 416824832 + 0 (0.0006)
14:19:51: INFO [flashield.py:170 (root)]: 	w01.oracleGeneral.bin-0.001-FIFO-True n_req: 124000000, n_miss: 122135518, miss ratio: 0.9850, disk write 416824832 + 0 (0.0006)
14:21:36: INFO [flashield.py:170 (root)]: 	w01.oracleGeneral.bin-0.001-FIFO-True n_req: 125000000, n_miss: 123131054, miss ratio: 0.9850, disk write 416824832 + 0 (0.0006)
14:23:22: INFO [flashield.py:170 (root)]: 	w01.oracleGeneral.bin-0.001-FIFO-True n_req: 126000000, n_miss: 124123952, miss ratio: 0.9851, disk write 416824832 + 0 (0.0006)
14:25:09: INFO [flashield.py:170 (root)]: 	w01.oracleGeneral.bin-0.001-FIFO-True n_req: 127000000, n_miss: 125118595, miss ratio: 0.9852, disk write 416824832 + 0 (0.0006)
14:26:55: INFO [flashield.py:170 (root)]: 	w01.oracleGeneral.bin-0.001-FIFO-True n_req: 128000000, n_miss: 126113899, miss ratio: 0.9853, disk write 416824832 + 0 (0.0006)
14:28:39: INFO [flashield.py:170 (root)]: 	w01.oracleGeneral.bin-0.001-FIFO-True n_req: 129000000, n_miss: 127109935, miss ratio: 0.9853, disk write 416824832 + 0 (0.0006)
14:30:28: INFO [flashield.py:170 (root)]: 	w01.oracleGeneral.bin-0.001-FIFO-True n_req: 130000000, n_miss: 128106036, miss ratio: 0.9854, disk write 416824832 + 0 (0.0006)
14:32:12: INFO [flashield.py:170 (root)]: 	w01.oracleGeneral.bin-0.001-FIFO-True n_req: 131000000, n_miss: 129094242, miss ratio: 0.9855, disk write 416824832 + 0 (0.0006)
14:33:57: INFO [flashield.py:170 (root)]: 	w01.oracleGeneral.bin-0.001-FIFO-True n_req: 132000000, n_miss: 130088515, miss ratio: 0.9855, disk write 416824832 + 0 (0.0006)
14:35:41: INFO [flashield.py:170 (root)]: 	w01.oracleGeneral.bin-0.001-FIFO-True n_req: 133000000, n_miss: 131080844, miss ratio: 0.9856, disk write 416824832 + 0 (0.0006)
14:37:25: INFO [flashield.py:170 (root)]: 	w01.oracleGeneral.bin-0.001-FIFO-True n_req: 134000000, n_miss: 132071840, miss ratio: 0.9856, disk write 416824832 + 0 (0.0006)
14:39:10: INFO [flashield.py:170 (root)]: 	w01.oracleGeneral.bin-0.001-FIFO-True n_req: 135000000, n_miss: 133067798, miss ratio: 0.9857, disk write 416824832 + 0 (0.0006)
14:40:53: INFO [flashield.py:170 (root)]: 	w01.oracleGeneral.bin-0.001-FIFO-True n_req: 136000000, n_miss: 134057466, miss ratio: 0.9857, disk write 416824832 + 0 (0.0006)
14:42:37: INFO [flashield.py:170 (root)]: 	w01.oracleGeneral.bin-0.001-FIFO-True n_req: 137000000, n_miss: 135048203, miss ratio: 0.9858, disk write 416824832 + 0 (0.0006)
14:44:21: INFO [flashield.py:170 (root)]: 	w01.oracleGeneral.bin-0.001-FIFO-True n_req: 138000000, n_miss: 136041485, miss ratio: 0.9858, disk write 416824832 + 0 (0.0006)
14:46:05: INFO [flashield.py:170 (root)]: 	w01.oracleGeneral.bin-0.001-FIFO-True n_req: 139000000, n_miss: 137034622, miss ratio: 0.9859, disk write 416824832 + 0 (0.0006)
14:47:49: INFO [flashield.py:170 (root)]: 	w01.oracleGeneral.bin-0.001-FIFO-True n_req: 140000000, n_miss: 138015239, miss ratio: 0.9858, disk write 416824832 + 0 (0.0006)
14:49:33: INFO [flashield.py:170 (root)]: 	w01.oracleGeneral.bin-0.001-FIFO-True n_req: 141000000, n_miss: 138999965, miss ratio: 0.9858, disk write 416824832 + 0 (0.0006)
14:51:18: INFO [flashield.py:170 (root)]: 	w01.oracleGeneral.bin-0.001-FIFO-True n_req: 142000000, n_miss: 139989875, miss ratio: 0.9858, disk write 416824832 + 0 (0.0006)
14:53:03: INFO [flashield.py:170 (root)]: 	w01.oracleGeneral.bin-0.001-FIFO-True n_req: 143000000, n_miss: 140983469, miss ratio: 0.9859, disk write 416824832 + 0 (0.0006)
14:54:46: INFO [flashield.py:170 (root)]: 	w01.oracleGeneral.bin-0.001-FIFO-True n_req: 144000000, n_miss: 141963987, miss ratio: 0.9859, disk write 416824832 + 0 (0.0006)
14:56:31: INFO [flashield.py:170 (root)]: 	w01.oracleGeneral.bin-0.001-FIFO-True n_req: 145000000, n_miss: 142955143, miss ratio: 0.9859, disk write 416824832 + 0 (0.0006)
14:58:16: INFO [flashield.py:170 (root)]: 	w01.oracleGeneral.bin-0.001-FIFO-True n_req: 146000000, n_miss: 143948060, miss ratio: 0.9859, disk write 416824832 + 0 (0.0006)
15:00:01: INFO [flashield.py:170 (root)]: 	w01.oracleGeneral.bin-0.001-FIFO-True n_req: 147000000, n_miss: 144940274, miss ratio: 0.9860, disk write 416824832 + 0 (0.0006)
15:01:45: INFO [flashield.py:170 (root)]: 	w01.oracleGeneral.bin-0.001-FIFO-True n_req: 148000000, n_miss: 145933184, miss ratio: 0.9860, disk write 416824832 + 0 (0.0006)
15:03:31: INFO [flashield.py:170 (root)]: 	w01.oracleGeneral.bin-0.001-FIFO-True n_req: 149000000, n_miss: 146925399, miss ratio: 0.9861, disk write 416824832 + 0 (0.0006)
15:05:17: INFO [flashield.py:170 (root)]: 	w01.oracleGeneral.bin-0.001-FIFO-True n_req: 150000000, n_miss: 147918571, miss ratio: 0.9861, disk write 416824832 + 0 (0.0006)
15:07:03: INFO [flashield.py:170 (root)]: 	w01.oracleGeneral.bin-0.001-FIFO-True n_req: 151000000, n_miss: 148910437, miss ratio: 0.9862, disk write 416824832 + 0 (0.0006)
15:08:49: INFO [flashield.py:170 (root)]: 	w01.oracleGeneral.bin-0.001-FIFO-True n_req: 152000000, n_miss: 149902105, miss ratio: 0.9862, disk write 416824832 + 0 (0.0006)
15:10:36: INFO [flashield.py:170 (root)]: 	w01.oracleGeneral.bin-0.001-FIFO-True n_req: 153000000, n_miss: 150894426, miss ratio: 0.9862, disk write 416824832 + 0 (0.0006)
15:12:21: INFO [flashield.py:170 (root)]: 	w01.oracleGeneral.bin-0.001-FIFO-True n_req: 154000000, n_miss: 151882718, miss ratio: 0.9863, disk write 416824832 + 0 (0.0006)
15:14:07: INFO [flashield.py:170 (root)]: 	w01.oracleGeneral.bin-0.001-FIFO-True n_req: 155000000, n_miss: 152873113, miss ratio: 0.9863, disk write 416824832 + 0 (0.0006)
15:15:53: INFO [flashield.py:170 (root)]: 	w01.oracleGeneral.bin-0.001-FIFO-True n_req: 156000000, n_miss: 153863745, miss ratio: 0.9863, disk write 416824832 + 0 (0.0006)
15:17:39: INFO [flashield.py:170 (root)]: 	w01.oracleGeneral.bin-0.001-FIFO-True n_req: 157000000, n_miss: 154854731, miss ratio: 0.9863, disk write 416824832 + 0 (0.0006)
15:19:23: INFO [flashield.py:170 (root)]: 	w01.oracleGeneral.bin-0.001-FIFO-True n_req: 158000000, n_miss: 155833956, miss ratio: 0.9863, disk write 416824832 + 0 (0.0006)
15:21:07: INFO [flashield.py:170 (root)]: 	w01.oracleGeneral.bin-0.001-FIFO-True n_req: 159000000, n_miss: 156821127, miss ratio: 0.9863, disk write 416824832 + 0 (0.0006)
15:22:50: INFO [flashield.py:170 (root)]: 	w01.oracleGeneral.bin-0.001-FIFO-True n_req: 160000000, n_miss: 157794801, miss ratio: 0.9862, disk write 416824832 + 0 (0.0006)
15:24:32: INFO [flashield.py:170 (root)]: 	w01.oracleGeneral.bin-0.001-FIFO-True n_req: 161000000, n_miss: 158758184, miss ratio: 0.9861, disk write 416824832 + 0 (0.0006)
15:26:17: INFO [flashield.py:170 (root)]: 	w01.oracleGeneral.bin-0.001-FIFO-True n_req: 162000000, n_miss: 159745352, miss ratio: 0.9861, disk write 416824832 + 0 (0.0006)
15:28:01: INFO [flashield.py:170 (root)]: 	w01.oracleGeneral.bin-0.001-FIFO-True n_req: 163000000, n_miss: 160734836, miss ratio: 0.9861, disk write 416824832 + 0 (0.0006)
15:29:47: INFO [flashield.py:170 (root)]: 	w01.oracleGeneral.bin-0.001-FIFO-True n_req: 164000000, n_miss: 161724457, miss ratio: 0.9861, disk write 416824832 + 0 (0.0006)
15:31:31: INFO [flashield.py:170 (root)]: 	w01.oracleGeneral.bin-0.001-FIFO-True n_req: 165000000, n_miss: 162709119, miss ratio: 0.9861, disk write 416824832 + 0 (0.0006)
15:33:13: INFO [flashield.py:170 (root)]: 	w01.oracleGeneral.bin-0.001-FIFO-True n_req: 166000000, n_miss: 163676386, miss ratio: 0.9860, disk write 416824832 + 0 (0.0006)
15:35:00: INFO [flashield.py:170 (root)]: 	w01.oracleGeneral.bin-0.001-FIFO-True n_req: 167000000, n_miss: 164663145, miss ratio: 0.9860, disk write 416824832 + 0 (0.0006)
15:36:45: INFO [flashield.py:170 (root)]: 	w01.oracleGeneral.bin-0.001-FIFO-True n_req: 168000000, n_miss: 165652879, miss ratio: 0.9860, disk write 416824832 + 0 (0.0006)
15:38:29: INFO [flashield.py:170 (root)]: 	w01.oracleGeneral.bin-0.001-FIFO-True n_req: 169000000, n_miss: 166639285, miss ratio: 0.9860, disk write 416824832 + 0 (0.0006)
15:40:13: INFO [flashield.py:170 (root)]: 	w01.oracleGeneral.bin-0.001-FIFO-True n_req: 170000000, n_miss: 167625229, miss ratio: 0.9860, disk write 416824832 + 0 (0.0006)
15:41:57: INFO [flashield.py:170 (root)]: 	w01.oracleGeneral.bin-0.001-FIFO-True n_req: 171000000, n_miss: 168607355, miss ratio: 0.9860, disk write 416824832 + 0 (0.0006)
15:43:40: INFO [flashield.py:170 (root)]: 	w01.oracleGeneral.bin-0.001-FIFO-True n_req: 172000000, n_miss: 169591404, miss ratio: 0.9860, disk write 416824832 + 0 (0.0006)
15:45:25: INFO [flashield.py:170 (root)]: 	w01.oracleGeneral.bin-0.001-FIFO-True n_req: 173000000, n_miss: 170576293, miss ratio: 0.9860, disk write 416824832 + 0 (0.0006)
15:47:11: INFO [flashield.py:170 (root)]: 	w01.oracleGeneral.bin-0.001-FIFO-True n_req: 174000000, n_miss: 171565804, miss ratio: 0.9860, disk write 416824832 + 0 (0.0006)
15:48:55: INFO [flashield.py:170 (root)]: 	w01.oracleGeneral.bin-0.001-FIFO-True n_req: 175000000, n_miss: 172545048, miss ratio: 0.9860, disk write 416824832 + 0 (0.0006)
15:50:40: INFO [flashield.py:170 (root)]: 	w01.oracleGeneral.bin-0.001-FIFO-True n_req: 176000000, n_miss: 173534576, miss ratio: 0.9860, disk write 416824832 + 0 (0.0006)
15:52:25: INFO [flashield.py:170 (root)]: 	w01.oracleGeneral.bin-0.001-FIFO-True n_req: 177000000, n_miss: 174510913, miss ratio: 0.9859, disk write 416824832 + 0 (0.0006)
15:54:10: INFO [flashield.py:170 (root)]: 	w01.oracleGeneral.bin-0.001-FIFO-True n_req: 178000000, n_miss: 175486046, miss ratio: 0.9859, disk write 416824832 + 0 (0.0006)
15:55:53: INFO [flashield.py:170 (root)]: 	w01.oracleGeneral.bin-0.001-FIFO-True n_req: 179000000, n_miss: 176461707, miss ratio: 0.9858, disk write 416824832 + 0 (0.0006)
15:57:38: INFO [flashield.py:170 (root)]: 	w01.oracleGeneral.bin-0.001-FIFO-True n_req: 180000000, n_miss: 177436723, miss ratio: 0.9858, disk write 416824832 + 0 (0.0006)
15:59:21: INFO [flashield.py:170 (root)]: 	w01.oracleGeneral.bin-0.001-FIFO-True n_req: 181000000, n_miss: 178406740, miss ratio: 0.9857, disk write 416824832 + 0 (0.0006)
16:01:05: INFO [flashield.py:170 (root)]: 	w01.oracleGeneral.bin-0.001-FIFO-True n_req: 182000000, n_miss: 179376124, miss ratio: 0.9856, disk write 416824832 + 0 (0.0006)
16:02:49: INFO [flashield.py:170 (root)]: 	w01.oracleGeneral.bin-0.001-FIFO-True n_req: 183000000, n_miss: 180351883, miss ratio: 0.9855, disk write 416824832 + 0 (0.0006)
16:04:34: INFO [flashield.py:170 (root)]: 	w01.oracleGeneral.bin-0.001-FIFO-True n_req: 184000000, n_miss: 181334652, miss ratio: 0.9855, disk write 416824832 + 0 (0.0006)
16:06:15: INFO [flashield.py:170 (root)]: 	w01.oracleGeneral.bin-0.001-FIFO-True n_req: 185000000, n_miss: 182295230, miss ratio: 0.9854, disk write 416824832 + 0 (0.0006)
16:07:59: INFO [flashield.py:170 (root)]: 	w01.oracleGeneral.bin-0.001-FIFO-True n_req: 186000000, n_miss: 183268426, miss ratio: 0.9853, disk write 416824832 + 0 (0.0006)
16:09:44: INFO [flashield.py:170 (root)]: 	w01.oracleGeneral.bin-0.001-FIFO-True n_req: 187000000, n_miss: 184244505, miss ratio: 0.9853, disk write 416824832 + 0 (0.0006)
16:11:28: INFO [flashield.py:170 (root)]: 	w01.oracleGeneral.bin-0.001-FIFO-True n_req: 188000000, n_miss: 185221508, miss ratio: 0.9852, disk write 416824832 + 0 (0.0006)
16:13:11: INFO [flashield.py:170 (root)]: 	w01.oracleGeneral.bin-0.001-FIFO-True n_req: 189000000, n_miss: 186187203, miss ratio: 0.9851, disk write 416824832 + 0 (0.0006)
16:14:56: INFO [flashield.py:170 (root)]: 	w01.oracleGeneral.bin-0.001-FIFO-True n_req: 190000000, n_miss: 187162434, miss ratio: 0.9851, disk write 416824832 + 0 (0.0006)
16:16:41: INFO [flashield.py:170 (root)]: 	w01.oracleGeneral.bin-0.001-FIFO-True n_req: 191000000, n_miss: 188140351, miss ratio: 0.9850, disk write 416824832 + 0 (0.0006)
16:18:25: INFO [flashield.py:170 (root)]: 	w01.oracleGeneral.bin-0.001-FIFO-True n_req: 192000000, n_miss: 189108978, miss ratio: 0.9849, disk write 416824832 + 0 (0.0006)
16:20:11: INFO [flashield.py:170 (root)]: 	w01.oracleGeneral.bin-0.001-FIFO-True n_req: 193000000, n_miss: 190092936, miss ratio: 0.9849, disk write 416824832 + 0 (0.0006)
16:21:56: INFO [flashield.py:170 (root)]: 	w01.oracleGeneral.bin-0.001-FIFO-True n_req: 194000000, n_miss: 191073433, miss ratio: 0.9849, disk write 416824832 + 0 (0.0006)
16:23:40: INFO [flashield.py:170 (root)]: 	w01.oracleGeneral.bin-0.001-FIFO-True n_req: 195000000, n_miss: 192047210, miss ratio: 0.9849, disk write 416824832 + 0 (0.0006)
16:25:24: INFO [flashield.py:170 (root)]: 	w01.oracleGeneral.bin-0.001-FIFO-True n_req: 196000000, n_miss: 193021561, miss ratio: 0.9848, disk write 416824832 + 0 (0.0006)
16:27:09: INFO [flashield.py:170 (root)]: 	w01.oracleGeneral.bin-0.001-FIFO-True n_req: 197000000, n_miss: 193997139, miss ratio: 0.9848, disk write 416824832 + 0 (0.0006)
16:28:54: INFO [flashield.py:170 (root)]: 	w01.oracleGeneral.bin-0.001-FIFO-True n_req: 198000000, n_miss: 194971455, miss ratio: 0.9847, disk write 416824832 + 0 (0.0006)
16:30:38: INFO [flashield.py:170 (root)]: 	w01.oracleGeneral.bin-0.001-FIFO-True n_req: 199000000, n_miss: 195951380, miss ratio: 0.9847, disk write 416824832 + 0 (0.0006)
16:32:24: INFO [flashield.py:170 (root)]: 	w01.oracleGeneral.bin-0.001-FIFO-True n_req: 200000000, n_miss: 196933231, miss ratio: 0.9847, disk write 416824832 + 0 (0.0006)
16:34:10: INFO [flashield.py:170 (root)]: 	w01.oracleGeneral.bin-0.001-FIFO-True n_req: 201000000, n_miss: 197915171, miss ratio: 0.9847, disk write 416824832 + 0 (0.0006)
16:35:55: INFO [flashield.py:170 (root)]: 	w01.oracleGeneral.bin-0.001-FIFO-True n_req: 202000000, n_miss: 198894567, miss ratio: 0.9846, disk write 416824832 + 0 (0.0006)
16:37:39: INFO [flashield.py:170 (root)]: 	w01.oracleGeneral.bin-0.001-FIFO-True n_req: 203000000, n_miss: 199874163, miss ratio: 0.9846, disk write 416824832 + 0 (0.0006)
16:39:24: INFO [flashield.py:170 (root)]: 	w01.oracleGeneral.bin-0.001-FIFO-True n_req: 204000000, n_miss: 200854220, miss ratio: 0.9846, disk write 416824832 + 0 (0.0006)
16:41:08: INFO [flashield.py:170 (root)]: 	w01.oracleGeneral.bin-0.001-FIFO-True n_req: 205000000, n_miss: 201834222, miss ratio: 0.9846, disk write 416824832 + 0 (0.0006)
16:42:43: INFO [flashield.py:170 (root)]: 	w01.oracleGeneral.bin-0.001-FIFO-True n_req: 206000000, n_miss: 202725353, miss ratio: 0.9841, disk write 416824832 + 0 (0.0006)
16:44:30: INFO [flashield.py:170 (root)]: 	w01.oracleGeneral.bin-0.001-FIFO-True n_req: 207000000, n_miss: 203711778, miss ratio: 0.9841, disk write 416824832 + 0 (0.0006)
16:46:16: INFO [flashield.py:170 (root)]: 	w01.oracleGeneral.bin-0.001-FIFO-True n_req: 208000000, n_miss: 204698839, miss ratio: 0.9841, disk write 416824832 + 0 (0.0006)
16:47:56: INFO [flashield.py:170 (root)]: 	w01.oracleGeneral.bin-0.001-FIFO-True n_req: 209000000, n_miss: 205633665, miss ratio: 0.9839, disk write 416824832 + 0 (0.0006)
16:49:35: INFO [flashield.py:170 (root)]: 	w01.oracleGeneral.bin-0.001-FIFO-True n_req: 210000000, n_miss: 206566018, miss ratio: 0.9836, disk write 416824832 + 0 (0.0006)
16:51:18: INFO [flashield.py:170 (root)]: 	w01.oracleGeneral.bin-0.001-FIFO-True n_req: 211000000, n_miss: 207524902, miss ratio: 0.9835, disk write 416824832 + 0 (0.0006)
16:53:03: INFO [flashield.py:170 (root)]: 	w01.oracleGeneral.bin-0.001-FIFO-True n_req: 212000000, n_miss: 208506674, miss ratio: 0.9835, disk write 416824832 + 0 (0.0006)
16:54:47: INFO [flashield.py:170 (root)]: 	w01.oracleGeneral.bin-0.001-FIFO-True n_req: 213000000, n_miss: 209486686, miss ratio: 0.9835, disk write 416824832 + 0 (0.0006)
16:56:29: INFO [flashield.py:170 (root)]: 	w01.oracleGeneral.bin-0.001-FIFO-True n_req: 214000000, n_miss: 210450352, miss ratio: 0.9834, disk write 416824832 + 0 (0.0006)
16:58:11: INFO [flashield.py:170 (root)]: 	w01.oracleGeneral.bin-0.001-FIFO-True n_req: 215000000, n_miss: 211415210, miss ratio: 0.9833, disk write 416824832 + 0 (0.0006)
16:59:35: INFO [flashield.py:182 (root)]: 	w01.oracleGeneral.bin-0.001-FIFO-True n_req: 215796257, n_miss: 212196739, miss ratio: 0.9833, disk write 416824832 + 0 (0.0006)
