10:41:35: INFO [flashield.py:220 (root)]: 	calculating wss for w02.oracleGeneral.bin
10:42:32: INFO [flashield.py:228 (root)]: 	w02.oracleGeneral.bin wss_obj: 495582, wss_byte: 20984298496
10:42:32: INFO [cache.py:19 (cache)]: 	create Flashield cache with size 209842984
10:42:32: INFO [cache.py:19 (cache)]: 	create LRU cache with size 209842
10:42:32: INFO [cache.py:19 (cache)]: 	create FIFO cache with size 209633142
10:42:35: INFO [flashield.py:170 (root)]: 	w02.oracleGeneral.bin-0.001-FIFO-True n_req: 1000000, n_miss: 994983, miss ratio: 0.9950, disk write 50807476224 + 0 (2.4212)
10:42:36: INFO [flashield.py:37 (root)]: 	w02.oracleGeneral.bin Training Flashield...
10:42:36: INFO [flashield.py:42 (root)]: 	w02.oracleGeneral.bin Training Flashield: 84167 features 84167 labels ...
10:42:36: INFO [flashield.py:55 (root)]: 	w02.oracleGeneral.bin finish training
10:43:33: INFO [flashield.py:170 (root)]: 	w02.oracleGeneral.bin-0.001-FIFO-True n_req: 2000000, n_miss: 1963196, miss ratio: 0.9816, disk write 71871328256 + 0 (3.4250)
10:45:12: INFO [flashield.py:170 (root)]: 	w02.oracleGeneral.bin-0.001-FIFO-True n_req: 3000000, n_miss: 2906535, miss ratio: 0.9688, disk write 71871328256 + 0 (3.4250)
10:46:52: INFO [flashield.py:170 (root)]: 	w02.oracleGeneral.bin-0.001-FIFO-True n_req: 4000000, n_miss: 3852667, miss ratio: 0.9632, disk write 71871328256 + 0 (3.4250)
10:48:31: INFO [flashield.py:170 (root)]: 	w02.oracleGeneral.bin-0.001-FIFO-True n_req: 5000000, n_miss: 4799439, miss ratio: 0.9599, disk write 71871328256 + 0 (3.4250)
10:50:11: INFO [flashield.py:170 (root)]: 	w02.oracleGeneral.bin-0.001-FIFO-True n_req: 6000000, n_miss: 5746773, miss ratio: 0.9578, disk write 71871328256 + 0 (3.4250)
10:51:50: INFO [flashield.py:170 (root)]: 	w02.oracleGeneral.bin-0.001-FIFO-True n_req: 7000000, n_miss: 6695182, miss ratio: 0.9565, disk write 71871328256 + 0 (3.4250)
10:53:29: INFO [flashield.py:170 (root)]: 	w02.oracleGeneral.bin-0.001-FIFO-True n_req: 8000000, n_miss: 7633514, miss ratio: 0.9542, disk write 71871328256 + 0 (3.4250)
10:55:08: INFO [flashield.py:170 (root)]: 	w02.oracleGeneral.bin-0.001-FIFO-True n_req: 9000000, n_miss: 8578243, miss ratio: 0.9531, disk write 71871328256 + 0 (3.4250)
10:56:47: INFO [flashield.py:170 (root)]: 	w02.oracleGeneral.bin-0.001-FIFO-True n_req: 10000000, n_miss: 9526413, miss ratio: 0.9526, disk write 71871328256 + 0 (3.4250)
10:58:27: INFO [flashield.py:170 (root)]: 	w02.oracleGeneral.bin-0.001-FIFO-True n_req: 11000000, n_miss: 10475193, miss ratio: 0.9523, disk write 71871328256 + 0 (3.4250)
11:00:06: INFO [flashield.py:170 (root)]: 	w02.oracleGeneral.bin-0.001-FIFO-True n_req: 12000000, n_miss: 11420958, miss ratio: 0.9517, disk write 71871328256 + 0 (3.4250)
11:01:45: INFO [flashield.py:170 (root)]: 	w02.oracleGeneral.bin-0.001-FIFO-True n_req: 13000000, n_miss: 12367994, miss ratio: 0.9514, disk write 71871328256 + 0 (3.4250)
11:03:24: INFO [flashield.py:170 (root)]: 	w02.oracleGeneral.bin-0.001-FIFO-True n_req: 14000000, n_miss: 13315269, miss ratio: 0.9511, disk write 71871328256 + 0 (3.4250)
11:05:04: INFO [flashield.py:170 (root)]: 	w02.oracleGeneral.bin-0.001-FIFO-True n_req: 15000000, n_miss: 14267829, miss ratio: 0.9512, disk write 71871328256 + 0 (3.4250)
11:06:44: INFO [flashield.py:170 (root)]: 	w02.oracleGeneral.bin-0.001-FIFO-True n_req: 16000000, n_miss: 15214367, miss ratio: 0.9509, disk write 71871328256 + 0 (3.4250)
11:08:21: INFO [flashield.py:170 (root)]: 	w02.oracleGeneral.bin-0.001-FIFO-True n_req: 17000000, n_miss: 16145676, miss ratio: 0.9497, disk write 71871328256 + 0 (3.4250)
11:10:01: INFO [flashield.py:170 (root)]: 	w02.oracleGeneral.bin-0.001-FIFO-True n_req: 18000000, n_miss: 17091805, miss ratio: 0.9495, disk write 71871328256 + 0 (3.4250)
11:11:40: INFO [flashield.py:170 (root)]: 	w02.oracleGeneral.bin-0.001-FIFO-True n_req: 19000000, n_miss: 18038486, miss ratio: 0.9494, disk write 71871328256 + 0 (3.4250)
11:13:20: INFO [flashield.py:170 (root)]: 	w02.oracleGeneral.bin-0.001-FIFO-True n_req: 20000000, n_miss: 18985927, miss ratio: 0.9493, disk write 71871328256 + 0 (3.4250)
11:14:59: INFO [flashield.py:170 (root)]: 	w02.oracleGeneral.bin-0.001-FIFO-True n_req: 21000000, n_miss: 19933438, miss ratio: 0.9492, disk write 71871328256 + 0 (3.4250)
11:16:39: INFO [flashield.py:170 (root)]: 	w02.oracleGeneral.bin-0.001-FIFO-True n_req: 22000000, n_miss: 20875365, miss ratio: 0.9489, disk write 71871328256 + 0 (3.4250)
11:18:18: INFO [flashield.py:170 (root)]: 	w02.oracleGeneral.bin-0.001-FIFO-True n_req: 23000000, n_miss: 21821952, miss ratio: 0.9488, disk write 71871328256 + 0 (3.4250)
11:19:57: INFO [flashield.py:170 (root)]: 	w02.oracleGeneral.bin-0.001-FIFO-True n_req: 24000000, n_miss: 22770307, miss ratio: 0.9488, disk write 71871328256 + 0 (3.4250)
11:21:37: INFO [flashield.py:170 (root)]: 	w02.oracleGeneral.bin-0.001-FIFO-True n_req: 25000000, n_miss: 23716865, miss ratio: 0.9487, disk write 71871328256 + 0 (3.4250)
11:23:16: INFO [flashield.py:170 (root)]: 	w02.oracleGeneral.bin-0.001-FIFO-True n_req: 26000000, n_miss: 24667826, miss ratio: 0.9488, disk write 71871328256 + 0 (3.4250)
11:24:55: INFO [flashield.py:170 (root)]: 	w02.oracleGeneral.bin-0.001-FIFO-True n_req: 27000000, n_miss: 25605623, miss ratio: 0.9484, disk write 71871328256 + 0 (3.4250)
11:26:34: INFO [flashield.py:170 (root)]: 	w02.oracleGeneral.bin-0.001-FIFO-True n_req: 28000000, n_miss: 26547629, miss ratio: 0.9481, disk write 71871328256 + 0 (3.4250)
11:28:14: INFO [flashield.py:170 (root)]: 	w02.oracleGeneral.bin-0.001-FIFO-True n_req: 29000000, n_miss: 27495451, miss ratio: 0.9481, disk write 71871328256 + 0 (3.4250)
11:29:54: INFO [flashield.py:170 (root)]: 	w02.oracleGeneral.bin-0.001-FIFO-True n_req: 30000000, n_miss: 28443393, miss ratio: 0.9481, disk write 71871328256 + 0 (3.4250)
11:31:34: INFO [flashield.py:170 (root)]: 	w02.oracleGeneral.bin-0.001-FIFO-True n_req: 31000000, n_miss: 29388826, miss ratio: 0.9480, disk write 71871328256 + 0 (3.4250)
11:33:14: INFO [flashield.py:170 (root)]: 	w02.oracleGeneral.bin-0.001-FIFO-True n_req: 32000000, n_miss: 30336511, miss ratio: 0.9480, disk write 71871328256 + 0 (3.4250)
11:34:54: INFO [flashield.py:170 (root)]: 	w02.oracleGeneral.bin-0.001-FIFO-True n_req: 33000000, n_miss: 31286153, miss ratio: 0.9481, disk write 71871328256 + 0 (3.4250)
11:36:34: INFO [flashield.py:170 (root)]: 	w02.oracleGeneral.bin-0.001-FIFO-True n_req: 34000000, n_miss: 32233353, miss ratio: 0.9480, disk write 71871328256 + 0 (3.4250)
11:38:15: INFO [flashield.py:170 (root)]: 	w02.oracleGeneral.bin-0.001-FIFO-True n_req: 35000000, n_miss: 33187745, miss ratio: 0.9482, disk write 71871328256 + 0 (3.4250)
11:39:55: INFO [flashield.py:170 (root)]: 	w02.oracleGeneral.bin-0.001-FIFO-True n_req: 36000000, n_miss: 34136362, miss ratio: 0.9482, disk write 71871328256 + 0 (3.4250)
11:41:33: INFO [flashield.py:170 (root)]: 	w02.oracleGeneral.bin-0.001-FIFO-True n_req: 37000000, n_miss: 35062684, miss ratio: 0.9476, disk write 71871328256 + 0 (3.4250)
11:43:12: INFO [flashield.py:170 (root)]: 	w02.oracleGeneral.bin-0.001-FIFO-True n_req: 38000000, n_miss: 36009534, miss ratio: 0.9476, disk write 71871328256 + 0 (3.4250)
11:44:53: INFO [flashield.py:170 (root)]: 	w02.oracleGeneral.bin-0.001-FIFO-True n_req: 39000000, n_miss: 36961001, miss ratio: 0.9477, disk write 71871328256 + 0 (3.4250)
11:46:32: INFO [flashield.py:170 (root)]: 	w02.oracleGeneral.bin-0.001-FIFO-True n_req: 40000000, n_miss: 37906829, miss ratio: 0.9477, disk write 71871328256 + 0 (3.4250)
11:48:12: INFO [flashield.py:170 (root)]: 	w02.oracleGeneral.bin-0.001-FIFO-True n_req: 41000000, n_miss: 38853693, miss ratio: 0.9477, disk write 71871328256 + 0 (3.4250)
11:49:51: INFO [flashield.py:170 (root)]: 	w02.oracleGeneral.bin-0.001-FIFO-True n_req: 42000000, n_miss: 39796726, miss ratio: 0.9475, disk write 71871328256 + 0 (3.4250)
11:51:30: INFO [flashield.py:170 (root)]: 	w02.oracleGeneral.bin-0.001-FIFO-True n_req: 43000000, n_miss: 40742686, miss ratio: 0.9475, disk write 71871328256 + 0 (3.4250)
11:53:10: INFO [flashield.py:170 (root)]: 	w02.oracleGeneral.bin-0.001-FIFO-True n_req: 44000000, n_miss: 41692521, miss ratio: 0.9476, disk write 71871328256 + 0 (3.4250)
11:54:49: INFO [flashield.py:170 (root)]: 	w02.oracleGeneral.bin-0.001-FIFO-True n_req: 45000000, n_miss: 42639469, miss ratio: 0.9475, disk write 71871328256 + 0 (3.4250)
11:56:28: INFO [flashield.py:170 (root)]: 	w02.oracleGeneral.bin-0.001-FIFO-True n_req: 46000000, n_miss: 43584249, miss ratio: 0.9475, disk write 71871328256 + 0 (3.4250)
11:58:08: INFO [flashield.py:170 (root)]: 	w02.oracleGeneral.bin-0.001-FIFO-True n_req: 47000000, n_miss: 44530422, miss ratio: 0.9475, disk write 71871328256 + 0 (3.4250)
11:59:47: INFO [flashield.py:170 (root)]: 	w02.oracleGeneral.bin-0.001-FIFO-True n_req: 48000000, n_miss: 45475070, miss ratio: 0.9474, disk write 71871328256 + 0 (3.4250)
12:01:27: INFO [flashield.py:170 (root)]: 	w02.oracleGeneral.bin-0.001-FIFO-True n_req: 49000000, n_miss: 46425586, miss ratio: 0.9475, disk write 71871328256 + 0 (3.4250)
12:03:07: INFO [flashield.py:170 (root)]: 	w02.oracleGeneral.bin-0.001-FIFO-True n_req: 50000000, n_miss: 47373264, miss ratio: 0.9475, disk write 71871328256 + 0 (3.4250)
12:04:46: INFO [flashield.py:170 (root)]: 	w02.oracleGeneral.bin-0.001-FIFO-True n_req: 51000000, n_miss: 48321047, miss ratio: 0.9475, disk write 71871328256 + 0 (3.4250)
12:06:26: INFO [flashield.py:170 (root)]: 	w02.oracleGeneral.bin-0.001-FIFO-True n_req: 52000000, n_miss: 49269230, miss ratio: 0.9475, disk write 71871328256 + 0 (3.4250)
12:08:06: INFO [flashield.py:170 (root)]: 	w02.oracleGeneral.bin-0.001-FIFO-True n_req: 53000000, n_miss: 50216691, miss ratio: 0.9475, disk write 71871328256 + 0 (3.4250)
12:09:46: INFO [flashield.py:170 (root)]: 	w02.oracleGeneral.bin-0.001-FIFO-True n_req: 54000000, n_miss: 51166543, miss ratio: 0.9475, disk write 71871328256 + 0 (3.4250)
12:11:25: INFO [flashield.py:170 (root)]: 	w02.oracleGeneral.bin-0.001-FIFO-True n_req: 55000000, n_miss: 52113651, miss ratio: 0.9475, disk write 71871328256 + 0 (3.4250)
12:13:03: INFO [flashield.py:170 (root)]: 	w02.oracleGeneral.bin-0.001-FIFO-True n_req: 56000000, n_miss: 53045052, miss ratio: 0.9472, disk write 71871328256 + 0 (3.4250)
12:14:42: INFO [flashield.py:170 (root)]: 	w02.oracleGeneral.bin-0.001-FIFO-True n_req: 57000000, n_miss: 53991565, miss ratio: 0.9472, disk write 71871328256 + 0 (3.4250)
12:16:21: INFO [flashield.py:170 (root)]: 	w02.oracleGeneral.bin-0.001-FIFO-True n_req: 58000000, n_miss: 54938728, miss ratio: 0.9472, disk write 71871328256 + 0 (3.4250)
12:18:01: INFO [flashield.py:170 (root)]: 	w02.oracleGeneral.bin-0.001-FIFO-True n_req: 59000000, n_miss: 55890255, miss ratio: 0.9473, disk write 71871328256 + 0 (3.4250)
12:19:41: INFO [flashield.py:170 (root)]: 	w02.oracleGeneral.bin-0.001-FIFO-True n_req: 60000000, n_miss: 56837428, miss ratio: 0.9473, disk write 71871328256 + 0 (3.4250)
12:21:20: INFO [flashield.py:170 (root)]: 	w02.oracleGeneral.bin-0.001-FIFO-True n_req: 61000000, n_miss: 57781810, miss ratio: 0.9472, disk write 71871328256 + 0 (3.4250)
12:22:59: INFO [flashield.py:170 (root)]: 	w02.oracleGeneral.bin-0.001-FIFO-True n_req: 62000000, n_miss: 58728382, miss ratio: 0.9472, disk write 71871328256 + 0 (3.4250)
12:24:38: INFO [flashield.py:170 (root)]: 	w02.oracleGeneral.bin-0.001-FIFO-True n_req: 63000000, n_miss: 59675697, miss ratio: 0.9472, disk write 71871328256 + 0 (3.4250)
12:26:18: INFO [flashield.py:170 (root)]: 	w02.oracleGeneral.bin-0.001-FIFO-True n_req: 64000000, n_miss: 60624750, miss ratio: 0.9473, disk write 71871328256 + 0 (3.4250)
12:27:57: INFO [flashield.py:170 (root)]: 	w02.oracleGeneral.bin-0.001-FIFO-True n_req: 65000000, n_miss: 61572016, miss ratio: 0.9473, disk write 71871328256 + 0 (3.4250)
12:29:36: INFO [flashield.py:170 (root)]: 	w02.oracleGeneral.bin-0.001-FIFO-True n_req: 66000000, n_miss: 62511964, miss ratio: 0.9472, disk write 71871328256 + 0 (3.4250)
12:31:15: INFO [flashield.py:170 (root)]: 	w02.oracleGeneral.bin-0.001-FIFO-True n_req: 67000000, n_miss: 63456999, miss ratio: 0.9471, disk write 71871328256 + 0 (3.4250)
12:32:55: INFO [flashield.py:170 (root)]: 	w02.oracleGeneral.bin-0.001-FIFO-True n_req: 68000000, n_miss: 64405609, miss ratio: 0.9471, disk write 71871328256 + 0 (3.4250)
12:34:35: INFO [flashield.py:170 (root)]: 	w02.oracleGeneral.bin-0.001-FIFO-True n_req: 69000000, n_miss: 65352456, miss ratio: 0.9471, disk write 71871328256 + 0 (3.4250)
12:36:15: INFO [flashield.py:170 (root)]: 	w02.oracleGeneral.bin-0.001-FIFO-True n_req: 70000000, n_miss: 66305091, miss ratio: 0.9472, disk write 71871328256 + 0 (3.4250)
12:37:54: INFO [flashield.py:170 (root)]: 	w02.oracleGeneral.bin-0.001-FIFO-True n_req: 71000000, n_miss: 67249878, miss ratio: 0.9472, disk write 71871328256 + 0 (3.4250)
12:39:34: INFO [flashield.py:170 (root)]: 	w02.oracleGeneral.bin-0.001-FIFO-True n_req: 72000000, n_miss: 68196917, miss ratio: 0.9472, disk write 71871328256 + 0 (3.4250)
12:41:13: INFO [flashield.py:170 (root)]: 	w02.oracleGeneral.bin-0.001-FIFO-True n_req: 73000000, n_miss: 69146772, miss ratio: 0.9472, disk write 71871328256 + 0 (3.4250)
12:42:53: INFO [flashield.py:170 (root)]: 	w02.oracleGeneral.bin-0.001-FIFO-True n_req: 74000000, n_miss: 70096100, miss ratio: 0.9472, disk write 71871328256 + 0 (3.4250)
12:44:32: INFO [flashield.py:170 (root)]: 	w02.oracleGeneral.bin-0.001-FIFO-True n_req: 75000000, n_miss: 71036784, miss ratio: 0.9472, disk write 71871328256 + 0 (3.4250)
12:46:10: INFO [flashield.py:170 (root)]: 	w02.oracleGeneral.bin-0.001-FIFO-True n_req: 76000000, n_miss: 71971267, miss ratio: 0.9470, disk write 71871328256 + 0 (3.4250)
12:47:50: INFO [flashield.py:170 (root)]: 	w02.oracleGeneral.bin-0.001-FIFO-True n_req: 77000000, n_miss: 72916759, miss ratio: 0.9470, disk write 71871328256 + 0 (3.4250)
12:49:30: INFO [flashield.py:170 (root)]: 	w02.oracleGeneral.bin-0.001-FIFO-True n_req: 78000000, n_miss: 73868764, miss ratio: 0.9470, disk write 71871328256 + 0 (3.4250)
12:51:09: INFO [flashield.py:170 (root)]: 	w02.oracleGeneral.bin-0.001-FIFO-True n_req: 79000000, n_miss: 74812894, miss ratio: 0.9470, disk write 71871328256 + 0 (3.4250)
12:52:48: INFO [flashield.py:170 (root)]: 	w02.oracleGeneral.bin-0.001-FIFO-True n_req: 80000000, n_miss: 75762913, miss ratio: 0.9470, disk write 71871328256 + 0 (3.4250)
12:54:28: INFO [flashield.py:170 (root)]: 	w02.oracleGeneral.bin-0.001-FIFO-True n_req: 81000000, n_miss: 76707525, miss ratio: 0.9470, disk write 71871328256 + 0 (3.4250)
12:56:07: INFO [flashield.py:170 (root)]: 	w02.oracleGeneral.bin-0.001-FIFO-True n_req: 82000000, n_miss: 77651480, miss ratio: 0.9470, disk write 71871328256 + 0 (3.4250)
12:57:47: INFO [flashield.py:170 (root)]: 	w02.oracleGeneral.bin-0.001-FIFO-True n_req: 83000000, n_miss: 78598388, miss ratio: 0.9470, disk write 71871328256 + 0 (3.4250)
12:59:26: INFO [flashield.py:170 (root)]: 	w02.oracleGeneral.bin-0.001-FIFO-True n_req: 84000000, n_miss: 79540914, miss ratio: 0.9469, disk write 71871328256 + 0 (3.4250)
13:01:06: INFO [flashield.py:170 (root)]: 	w02.oracleGeneral.bin-0.001-FIFO-True n_req: 85000000, n_miss: 80487739, miss ratio: 0.9469, disk write 71871328256 + 0 (3.4250)
13:02:46: INFO [flashield.py:170 (root)]: 	w02.oracleGeneral.bin-0.001-FIFO-True n_req: 86000000, n_miss: 81435266, miss ratio: 0.9469, disk write 71871328256 + 0 (3.4250)
13:04:26: INFO [flashield.py:170 (root)]: 	w02.oracleGeneral.bin-0.001-FIFO-True n_req: 87000000, n_miss: 82386266, miss ratio: 0.9470, disk write 71871328256 + 0 (3.4250)
13:06:06: INFO [flashield.py:170 (root)]: 	w02.oracleGeneral.bin-0.001-FIFO-True n_req: 88000000, n_miss: 83337652, miss ratio: 0.9470, disk write 71871328256 + 0 (3.4250)
13:07:45: INFO [flashield.py:170 (root)]: 	w02.oracleGeneral.bin-0.001-FIFO-True n_req: 89000000, n_miss: 84284946, miss ratio: 0.9470, disk write 71871328256 + 0 (3.4250)
13:09:25: INFO [flashield.py:170 (root)]: 	w02.oracleGeneral.bin-0.001-FIFO-True n_req: 90000000, n_miss: 85235219, miss ratio: 0.9471, disk write 71871328256 + 0 (3.4250)
13:11:04: INFO [flashield.py:170 (root)]: 	w02.oracleGeneral.bin-0.001-FIFO-True n_req: 91000000, n_miss: 86180397, miss ratio: 0.9470, disk write 71871328256 + 0 (3.4250)
13:12:45: INFO [flashield.py:170 (root)]: 	w02.oracleGeneral.bin-0.001-FIFO-True n_req: 92000000, n_miss: 87135172, miss ratio: 0.9471, disk write 71871328256 + 0 (3.4250)
13:14:25: INFO [flashield.py:170 (root)]: 	w02.oracleGeneral.bin-0.001-FIFO-True n_req: 93000000, n_miss: 88087950, miss ratio: 0.9472, disk write 71871328256 + 0 (3.4250)
13:16:05: INFO [flashield.py:170 (root)]: 	w02.oracleGeneral.bin-0.001-FIFO-True n_req: 94000000, n_miss: 89036189, miss ratio: 0.9472, disk write 71871328256 + 0 (3.4250)
13:17:42: INFO [flashield.py:170 (root)]: 	w02.oracleGeneral.bin-0.001-FIFO-True n_req: 95000000, n_miss: 89967449, miss ratio: 0.9470, disk write 71871328256 + 0 (3.4250)
13:19:22: INFO [flashield.py:170 (root)]: 	w02.oracleGeneral.bin-0.001-FIFO-True n_req: 96000000, n_miss: 90912519, miss ratio: 0.9470, disk write 71871328256 + 0 (3.4250)
13:21:01: INFO [flashield.py:170 (root)]: 	w02.oracleGeneral.bin-0.001-FIFO-True n_req: 97000000, n_miss: 91859926, miss ratio: 0.9470, disk write 71871328256 + 0 (3.4250)
13:22:40: INFO [flashield.py:170 (root)]: 	w02.oracleGeneral.bin-0.001-FIFO-True n_req: 98000000, n_miss: 92804778, miss ratio: 0.9470, disk write 71871328256 + 0 (3.4250)
13:24:20: INFO [flashield.py:170 (root)]: 	w02.oracleGeneral.bin-0.001-FIFO-True n_req: 99000000, n_miss: 93748524, miss ratio: 0.9470, disk write 71871328256 + 0 (3.4250)
13:25:59: INFO [flashield.py:170 (root)]: 	w02.oracleGeneral.bin-0.001-FIFO-True n_req: 100000000, n_miss: 94692835, miss ratio: 0.9469, disk write 71871328256 + 0 (3.4250)
13:27:38: INFO [flashield.py:170 (root)]: 	w02.oracleGeneral.bin-0.001-FIFO-True n_req: 101000000, n_miss: 95640822, miss ratio: 0.9469, disk write 71871328256 + 0 (3.4250)
13:29:18: INFO [flashield.py:170 (root)]: 	w02.oracleGeneral.bin-0.001-FIFO-True n_req: 102000000, n_miss: 96591047, miss ratio: 0.9470, disk write 71871328256 + 0 (3.4250)
13:30:57: INFO [flashield.py:170 (root)]: 	w02.oracleGeneral.bin-0.001-FIFO-True n_req: 103000000, n_miss: 97529164, miss ratio: 0.9469, disk write 71871328256 + 0 (3.4250)
13:32:37: INFO [flashield.py:170 (root)]: 	w02.oracleGeneral.bin-0.001-FIFO-True n_req: 104000000, n_miss: 98478896, miss ratio: 0.9469, disk write 71871328256 + 0 (3.4250)
13:34:17: INFO [flashield.py:170 (root)]: 	w02.oracleGeneral.bin-0.001-FIFO-True n_req: 105000000, n_miss: 99427233, miss ratio: 0.9469, disk write 71871328256 + 0 (3.4250)
13:35:56: INFO [flashield.py:170 (root)]: 	w02.oracleGeneral.bin-0.001-FIFO-True n_req: 106000000, n_miss: 100371719, miss ratio: 0.9469, disk write 71871328256 + 0 (3.4250)
13:37:36: INFO [flashield.py:170 (root)]: 	w02.oracleGeneral.bin-0.001-FIFO-True n_req: 107000000, n_miss: 101321351, miss ratio: 0.9469, disk write 71871328256 + 0 (3.4250)
13:39:16: INFO [flashield.py:170 (root)]: 	w02.oracleGeneral.bin-0.001-FIFO-True n_req: 108000000, n_miss: 102272626, miss ratio: 0.9470, disk write 71871328256 + 0 (3.4250)
13:40:55: INFO [flashield.py:170 (root)]: 	w02.oracleGeneral.bin-0.001-FIFO-True n_req: 109000000, n_miss: 103220323, miss ratio: 0.9470, disk write 71871328256 + 0 (3.4250)
13:42:35: INFO [flashield.py:170 (root)]: 	w02.oracleGeneral.bin-0.001-FIFO-True n_req: 110000000, n_miss: 104168465, miss ratio: 0.9470, disk write 71871328256 + 0 (3.4250)
13:44:14: INFO [flashield.py:170 (root)]: 	w02.oracleGeneral.bin-0.001-FIFO-True n_req: 111000000, n_miss: 105115158, miss ratio: 0.9470, disk write 71871328256 + 0 (3.4250)
13:45:54: INFO [flashield.py:170 (root)]: 	w02.oracleGeneral.bin-0.001-FIFO-True n_req: 112000000, n_miss: 106065496, miss ratio: 0.9470, disk write 71871328256 + 0 (3.4250)
13:47:34: INFO [flashield.py:170 (root)]: 	w02.oracleGeneral.bin-0.001-FIFO-True n_req: 113000000, n_miss: 107012244, miss ratio: 0.9470, disk write 71871328256 + 0 (3.4250)
13:49:12: INFO [flashield.py:170 (root)]: 	w02.oracleGeneral.bin-0.001-FIFO-True n_req: 114000000, n_miss: 107941770, miss ratio: 0.9469, disk write 71871328256 + 0 (3.4250)
13:50:52: INFO [flashield.py:170 (root)]: 	w02.oracleGeneral.bin-0.001-FIFO-True n_req: 115000000, n_miss: 108890932, miss ratio: 0.9469, disk write 71871328256 + 0 (3.4250)
13:52:31: INFO [flashield.py:170 (root)]: 	w02.oracleGeneral.bin-0.001-FIFO-True n_req: 116000000, n_miss: 109841791, miss ratio: 0.9469, disk write 71871328256 + 0 (3.4250)
13:54:11: INFO [flashield.py:170 (root)]: 	w02.oracleGeneral.bin-0.001-FIFO-True n_req: 117000000, n_miss: 110789720, miss ratio: 0.9469, disk write 71871328256 + 0 (3.4250)
13:55:51: INFO [flashield.py:170 (root)]: 	w02.oracleGeneral.bin-0.001-FIFO-True n_req: 118000000, n_miss: 111739527, miss ratio: 0.9469, disk write 71871328256 + 0 (3.4250)
13:57:30: INFO [flashield.py:170 (root)]: 	w02.oracleGeneral.bin-0.001-FIFO-True n_req: 119000000, n_miss: 112681555, miss ratio: 0.9469, disk write 71871328256 + 0 (3.4250)
13:59:09: INFO [flashield.py:170 (root)]: 	w02.oracleGeneral.bin-0.001-FIFO-True n_req: 120000000, n_miss: 113626598, miss ratio: 0.9469, disk write 71871328256 + 0 (3.4250)
14:00:49: INFO [flashield.py:170 (root)]: 	w02.oracleGeneral.bin-0.001-FIFO-True n_req: 121000000, n_miss: 114569581, miss ratio: 0.9469, disk write 71871328256 + 0 (3.4250)
14:02:29: INFO [flashield.py:170 (root)]: 	w02.oracleGeneral.bin-0.001-FIFO-True n_req: 122000000, n_miss: 115516421, miss ratio: 0.9469, disk write 71871328256 + 0 (3.4250)
14:02:47: INFO [flashield.py:182 (root)]: 	w02.oracleGeneral.bin-0.001-FIFO-True n_req: 122181000, n_miss: 115688313, miss ratio: 0.9469, disk write 71871328256 + 0 (3.4250)
