10:41:35: INFO [flashield.py:220 (root)]: 	calculating wss for w03.oracleGeneral.bin
10:42:39: INFO [flashield.py:228 (root)]: 	w03.oracleGeneral.bin wss_obj: 27852385, wss_byte: 1919037793280
10:42:39: INFO [cache.py:19 (cache)]: 	create Flashield cache with size 19190377932
10:42:39: INFO [cache.py:19 (cache)]: 	create LRU cache with size 19190377
10:42:39: INFO [cache.py:19 (cache)]: 	create FIFO cache with size 19171187555
10:42:42: INFO [flashield.py:170 (root)]: 	w03.oracleGeneral.bin-0.001-FIFO-True n_req: 1000000, n_miss: 568090, miss ratio: 0.5681, disk write 59257859072 + 0 (0.0309)
10:42:43: INFO [flashield.py:37 (root)]: 	w03.oracleGeneral.bin Training Flashield...
10:42:43: INFO [flashield.py:42 (root)]: 	w03.oracleGeneral.bin Training Flashield: 424437 features 424437 labels ...
10:42:43: INFO [flashield.py:55 (root)]: 	w03.oracleGeneral.bin finish training
10:43:16: INFO [flashield.py:170 (root)]: 	w03.oracleGeneral.bin-0.001-FIFO-True n_req: 2000000, n_miss: 1157705, miss ratio: 0.5789, disk write 90720935424 + 0 (0.0473)
10:44:24: INFO [flashield.py:170 (root)]: 	w03.oracleGeneral.bin-0.001-FIFO-True n_req: 3000000, n_miss: 1798590, miss ratio: 0.5995, disk write 90720935424 + 0 (0.0473)
10:45:38: INFO [flashield.py:170 (root)]: 	w03.oracleGeneral.bin-0.001-FIFO-True n_req: 4000000, n_miss: 2490000, miss ratio: 0.6225, disk write 90720935424 + 0 (0.0473)
10:46:55: INFO [flashield.py:170 (root)]: 	w03.oracleGeneral.bin-0.001-FIFO-True n_req: 5000000, n_miss: 3205150, miss ratio: 0.6410, disk write 90720935424 + 0 (0.0473)
10:48:16: INFO [flashield.py:170 (root)]: 	w03.oracleGeneral.bin-0.001-FIFO-True n_req: 6000000, n_miss: 3961687, miss ratio: 0.6603, disk write 90720935424 + 0 (0.0473)
10:49:32: INFO [flashield.py:170 (root)]: 	w03.oracleGeneral.bin-0.001-FIFO-True n_req: 7000000, n_miss: 4668585, miss ratio: 0.6669, disk write 90720935424 + 0 (0.0473)
10:50:43: INFO [flashield.py:170 (root)]: 	w03.oracleGeneral.bin-0.001-FIFO-True n_req: 8000000, n_miss: 5319556, miss ratio: 0.6649, disk write 90720935424 + 0 (0.0473)
10:51:51: INFO [flashield.py:170 (root)]: 	w03.oracleGeneral.bin-0.001-FIFO-True n_req: 9000000, n_miss: 5943427, miss ratio: 0.6604, disk write 90720935424 + 0 (0.0473)
10:52:54: INFO [flashield.py:170 (root)]: 	w03.oracleGeneral.bin-0.001-FIFO-True n_req: 10000000, n_miss: 6527667, miss ratio: 0.6528, disk write 90720935424 + 0 (0.0473)
10:53:53: INFO [flashield.py:170 (root)]: 	w03.oracleGeneral.bin-0.001-FIFO-True n_req: 11000000, n_miss: 7069458, miss ratio: 0.6427, disk write 90720935424 + 0 (0.0473)
10:54:52: INFO [flashield.py:170 (root)]: 	w03.oracleGeneral.bin-0.001-FIFO-True n_req: 12000000, n_miss: 7615356, miss ratio: 0.6346, disk write 90720935424 + 0 (0.0473)
10:55:51: INFO [flashield.py:170 (root)]: 	w03.oracleGeneral.bin-0.001-FIFO-True n_req: 13000000, n_miss: 8155470, miss ratio: 0.6273, disk write 90720935424 + 0 (0.0473)
10:56:48: INFO [flashield.py:170 (root)]: 	w03.oracleGeneral.bin-0.001-FIFO-True n_req: 14000000, n_miss: 8691498, miss ratio: 0.6208, disk write 90720935424 + 0 (0.0473)
10:57:51: INFO [flashield.py:170 (root)]: 	w03.oracleGeneral.bin-0.001-FIFO-True n_req: 15000000, n_miss: 9269316, miss ratio: 0.6180, disk write 90720935424 + 0 (0.0473)
10:59:09: INFO [flashield.py:170 (root)]: 	w03.oracleGeneral.bin-0.001-FIFO-True n_req: 16000000, n_miss: 9997701, miss ratio: 0.6249, disk write 90720935424 + 0 (0.0473)
11:00:24: INFO [flashield.py:170 (root)]: 	w03.oracleGeneral.bin-0.001-FIFO-True n_req: 17000000, n_miss: 10686535, miss ratio: 0.6286, disk write 90720935424 + 0 (0.0473)
11:01:39: INFO [flashield.py:170 (root)]: 	w03.oracleGeneral.bin-0.001-FIFO-True n_req: 18000000, n_miss: 11379912, miss ratio: 0.6322, disk write 90720935424 + 0 (0.0473)
11:02:50: INFO [flashield.py:170 (root)]: 	w03.oracleGeneral.bin-0.001-FIFO-True n_req: 19000000, n_miss: 12023868, miss ratio: 0.6328, disk write 90720935424 + 0 (0.0473)
11:03:59: INFO [flashield.py:170 (root)]: 	w03.oracleGeneral.bin-0.001-FIFO-True n_req: 20000000, n_miss: 12656893, miss ratio: 0.6328, disk write 90720935424 + 0 (0.0473)
11:05:12: INFO [flashield.py:170 (root)]: 	w03.oracleGeneral.bin-0.001-FIFO-True n_req: 21000000, n_miss: 13325312, miss ratio: 0.6345, disk write 90720935424 + 0 (0.0473)
11:06:23: INFO [flashield.py:170 (root)]: 	w03.oracleGeneral.bin-0.001-FIFO-True n_req: 22000000, n_miss: 13979542, miss ratio: 0.6354, disk write 90720935424 + 0 (0.0473)
11:07:35: INFO [flashield.py:170 (root)]: 	w03.oracleGeneral.bin-0.001-FIFO-True n_req: 23000000, n_miss: 14637414, miss ratio: 0.6364, disk write 90720935424 + 0 (0.0473)
11:08:46: INFO [flashield.py:170 (root)]: 	w03.oracleGeneral.bin-0.001-FIFO-True n_req: 24000000, n_miss: 15281737, miss ratio: 0.6367, disk write 90720935424 + 0 (0.0473)
11:09:58: INFO [flashield.py:170 (root)]: 	w03.oracleGeneral.bin-0.001-FIFO-True n_req: 25000000, n_miss: 15940696, miss ratio: 0.6376, disk write 90720935424 + 0 (0.0473)
11:11:14: INFO [flashield.py:170 (root)]: 	w03.oracleGeneral.bin-0.001-FIFO-True n_req: 26000000, n_miss: 16635907, miss ratio: 0.6398, disk write 90720935424 + 0 (0.0473)
11:12:46: INFO [flashield.py:170 (root)]: 	w03.oracleGeneral.bin-0.001-FIFO-True n_req: 27000000, n_miss: 17476886, miss ratio: 0.6473, disk write 90720935424 + 0 (0.0473)
11:14:17: INFO [flashield.py:170 (root)]: 	w03.oracleGeneral.bin-0.001-FIFO-True n_req: 28000000, n_miss: 18320238, miss ratio: 0.6543, disk write 90720935424 + 0 (0.0473)
11:15:53: INFO [flashield.py:170 (root)]: 	w03.oracleGeneral.bin-0.001-FIFO-True n_req: 29000000, n_miss: 19202126, miss ratio: 0.6621, disk write 90720935424 + 0 (0.0473)
11:17:28: INFO [flashield.py:170 (root)]: 	w03.oracleGeneral.bin-0.001-FIFO-True n_req: 30000000, n_miss: 20087366, miss ratio: 0.6696, disk write 90720935424 + 0 (0.0473)
11:19:03: INFO [flashield.py:170 (root)]: 	w03.oracleGeneral.bin-0.001-FIFO-True n_req: 31000000, n_miss: 20959403, miss ratio: 0.6761, disk write 90720935424 + 0 (0.0473)
11:20:45: INFO [flashield.py:170 (root)]: 	w03.oracleGeneral.bin-0.001-FIFO-True n_req: 32000000, n_miss: 21898348, miss ratio: 0.6843, disk write 90720935424 + 0 (0.0473)
11:22:25: INFO [flashield.py:170 (root)]: 	w03.oracleGeneral.bin-0.001-FIFO-True n_req: 33000000, n_miss: 22830089, miss ratio: 0.6918, disk write 90720935424 + 0 (0.0473)
11:24:06: INFO [flashield.py:170 (root)]: 	w03.oracleGeneral.bin-0.001-FIFO-True n_req: 34000000, n_miss: 23760165, miss ratio: 0.6988, disk write 90720935424 + 0 (0.0473)
11:25:46: INFO [flashield.py:170 (root)]: 	w03.oracleGeneral.bin-0.001-FIFO-True n_req: 35000000, n_miss: 24690352, miss ratio: 0.7054, disk write 90720935424 + 0 (0.0473)
11:27:26: INFO [flashield.py:170 (root)]: 	w03.oracleGeneral.bin-0.001-FIFO-True n_req: 36000000, n_miss: 25616489, miss ratio: 0.7116, disk write 90720935424 + 0 (0.0473)
11:29:06: INFO [flashield.py:170 (root)]: 	w03.oracleGeneral.bin-0.001-FIFO-True n_req: 37000000, n_miss: 26550720, miss ratio: 0.7176, disk write 90720935424 + 0 (0.0473)
11:30:47: INFO [flashield.py:170 (root)]: 	w03.oracleGeneral.bin-0.001-FIFO-True n_req: 38000000, n_miss: 27487731, miss ratio: 0.7234, disk write 90720935424 + 0 (0.0473)
11:32:28: INFO [flashield.py:170 (root)]: 	w03.oracleGeneral.bin-0.001-FIFO-True n_req: 39000000, n_miss: 28428176, miss ratio: 0.7289, disk write 90720935424 + 0 (0.0473)
11:34:10: INFO [flashield.py:170 (root)]: 	w03.oracleGeneral.bin-0.001-FIFO-True n_req: 40000000, n_miss: 29372705, miss ratio: 0.7343, disk write 90720935424 + 0 (0.0473)
11:35:51: INFO [flashield.py:170 (root)]: 	w03.oracleGeneral.bin-0.001-FIFO-True n_req: 41000000, n_miss: 30305260, miss ratio: 0.7392, disk write 90720935424 + 0 (0.0473)
11:37:34: INFO [flashield.py:170 (root)]: 	w03.oracleGeneral.bin-0.001-FIFO-True n_req: 42000000, n_miss: 31260868, miss ratio: 0.7443, disk write 90720935424 + 0 (0.0473)
11:39:16: INFO [flashield.py:170 (root)]: 	w03.oracleGeneral.bin-0.001-FIFO-True n_req: 43000000, n_miss: 32207440, miss ratio: 0.7490, disk write 90720935424 + 0 (0.0473)
11:40:57: INFO [flashield.py:170 (root)]: 	w03.oracleGeneral.bin-0.001-FIFO-True n_req: 44000000, n_miss: 33145630, miss ratio: 0.7533, disk write 90720935424 + 0 (0.0473)
11:42:35: INFO [flashield.py:170 (root)]: 	w03.oracleGeneral.bin-0.001-FIFO-True n_req: 45000000, n_miss: 34067164, miss ratio: 0.7570, disk write 90720935424 + 0 (0.0473)
11:43:38: INFO [flashield.py:170 (root)]: 	w03.oracleGeneral.bin-0.001-FIFO-True n_req: 46000000, n_miss: 34655272, miss ratio: 0.7534, disk write 90720935424 + 0 (0.0473)
11:44:34: INFO [flashield.py:170 (root)]: 	w03.oracleGeneral.bin-0.001-FIFO-True n_req: 47000000, n_miss: 35168101, miss ratio: 0.7483, disk write 90720935424 + 0 (0.0473)
11:45:40: INFO [flashield.py:170 (root)]: 	w03.oracleGeneral.bin-0.001-FIFO-True n_req: 48000000, n_miss: 35775311, miss ratio: 0.7453, disk write 90720935424 + 0 (0.0473)
11:47:02: INFO [flashield.py:170 (root)]: 	w03.oracleGeneral.bin-0.001-FIFO-True n_req: 49000000, n_miss: 36537581, miss ratio: 0.7457, disk write 90720935424 + 0 (0.0473)
11:48:35: INFO [flashield.py:170 (root)]: 	w03.oracleGeneral.bin-0.001-FIFO-True n_req: 50000000, n_miss: 37405258, miss ratio: 0.7481, disk write 90720935424 + 0 (0.0473)
11:50:02: INFO [flashield.py:170 (root)]: 	w03.oracleGeneral.bin-0.001-FIFO-True n_req: 51000000, n_miss: 38207029, miss ratio: 0.7492, disk write 90720935424 + 0 (0.0473)
11:51:19: INFO [flashield.py:170 (root)]: 	w03.oracleGeneral.bin-0.001-FIFO-True n_req: 52000000, n_miss: 38930810, miss ratio: 0.7487, disk write 90720935424 + 0 (0.0473)
11:52:20: INFO [flashield.py:170 (root)]: 	w03.oracleGeneral.bin-0.001-FIFO-True n_req: 53000000, n_miss: 39491963, miss ratio: 0.7451, disk write 90720935424 + 0 (0.0473)
11:53:21: INFO [flashield.py:170 (root)]: 	w03.oracleGeneral.bin-0.001-FIFO-True n_req: 54000000, n_miss: 40055215, miss ratio: 0.7418, disk write 90720935424 + 0 (0.0473)
11:54:36: INFO [flashield.py:170 (root)]: 	w03.oracleGeneral.bin-0.001-FIFO-True n_req: 55000000, n_miss: 40742702, miss ratio: 0.7408, disk write 90720935424 + 0 (0.0473)
11:55:57: INFO [flashield.py:170 (root)]: 	w03.oracleGeneral.bin-0.001-FIFO-True n_req: 56000000, n_miss: 41486305, miss ratio: 0.7408, disk write 90720935424 + 0 (0.0473)
11:57:08: INFO [flashield.py:170 (root)]: 	w03.oracleGeneral.bin-0.001-FIFO-True n_req: 57000000, n_miss: 42143218, miss ratio: 0.7394, disk write 90720935424 + 0 (0.0473)
11:58:22: INFO [flashield.py:170 (root)]: 	w03.oracleGeneral.bin-0.001-FIFO-True n_req: 58000000, n_miss: 42810580, miss ratio: 0.7381, disk write 90720935424 + 0 (0.0473)
11:59:31: INFO [flashield.py:170 (root)]: 	w03.oracleGeneral.bin-0.001-FIFO-True n_req: 59000000, n_miss: 43447283, miss ratio: 0.7364, disk write 90720935424 + 0 (0.0473)
12:00:45: INFO [flashield.py:170 (root)]: 	w03.oracleGeneral.bin-0.001-FIFO-True n_req: 60000000, n_miss: 44113801, miss ratio: 0.7352, disk write 90720935424 + 0 (0.0473)
12:01:59: INFO [flashield.py:170 (root)]: 	w03.oracleGeneral.bin-0.001-FIFO-True n_req: 61000000, n_miss: 44795477, miss ratio: 0.7344, disk write 90720935424 + 0 (0.0473)
12:03:13: INFO [flashield.py:170 (root)]: 	w03.oracleGeneral.bin-0.001-FIFO-True n_req: 62000000, n_miss: 45470359, miss ratio: 0.7334, disk write 90720935424 + 0 (0.0473)
12:04:23: INFO [flashield.py:170 (root)]: 	w03.oracleGeneral.bin-0.001-FIFO-True n_req: 63000000, n_miss: 46104148, miss ratio: 0.7318, disk write 90720935424 + 0 (0.0473)
12:05:31: INFO [flashield.py:170 (root)]: 	w03.oracleGeneral.bin-0.001-FIFO-True n_req: 64000000, n_miss: 46731812, miss ratio: 0.7302, disk write 90720935424 + 0 (0.0473)
12:06:41: INFO [flashield.py:170 (root)]: 	w03.oracleGeneral.bin-0.001-FIFO-True n_req: 65000000, n_miss: 47381694, miss ratio: 0.7289, disk write 90720935424 + 0 (0.0473)
12:07:56: INFO [flashield.py:170 (root)]: 	w03.oracleGeneral.bin-0.001-FIFO-True n_req: 66000000, n_miss: 48068995, miss ratio: 0.7283, disk write 90720935424 + 0 (0.0473)
12:08:53: INFO [flashield.py:170 (root)]: 	w03.oracleGeneral.bin-0.001-FIFO-True n_req: 67000000, n_miss: 48597717, miss ratio: 0.7253, disk write 90720935424 + 0 (0.0473)
12:09:51: INFO [flashield.py:170 (root)]: 	w03.oracleGeneral.bin-0.001-FIFO-True n_req: 68000000, n_miss: 49136014, miss ratio: 0.7226, disk write 90720935424 + 0 (0.0473)
12:10:55: INFO [flashield.py:170 (root)]: 	w03.oracleGeneral.bin-0.001-FIFO-True n_req: 69000000, n_miss: 49726609, miss ratio: 0.7207, disk write 90720935424 + 0 (0.0473)
12:11:56: INFO [flashield.py:170 (root)]: 	w03.oracleGeneral.bin-0.001-FIFO-True n_req: 70000000, n_miss: 50294945, miss ratio: 0.7185, disk write 90720935424 + 0 (0.0473)
12:12:57: INFO [flashield.py:170 (root)]: 	w03.oracleGeneral.bin-0.001-FIFO-True n_req: 71000000, n_miss: 50851890, miss ratio: 0.7162, disk write 90720935424 + 0 (0.0473)
12:14:02: INFO [flashield.py:170 (root)]: 	w03.oracleGeneral.bin-0.001-FIFO-True n_req: 72000000, n_miss: 51449562, miss ratio: 0.7146, disk write 90720935424 + 0 (0.0473)
12:15:10: INFO [flashield.py:170 (root)]: 	w03.oracleGeneral.bin-0.001-FIFO-True n_req: 73000000, n_miss: 52076934, miss ratio: 0.7134, disk write 90720935424 + 0 (0.0473)
12:16:19: INFO [flashield.py:170 (root)]: 	w03.oracleGeneral.bin-0.001-FIFO-True n_req: 74000000, n_miss: 52707176, miss ratio: 0.7123, disk write 90720935424 + 0 (0.0473)
12:17:29: INFO [flashield.py:170 (root)]: 	w03.oracleGeneral.bin-0.001-FIFO-True n_req: 75000000, n_miss: 53356193, miss ratio: 0.7114, disk write 90720935424 + 0 (0.0473)
12:18:40: INFO [flashield.py:170 (root)]: 	w03.oracleGeneral.bin-0.001-FIFO-True n_req: 76000000, n_miss: 54006817, miss ratio: 0.7106, disk write 90720935424 + 0 (0.0473)
12:20:05: INFO [flashield.py:170 (root)]: 	w03.oracleGeneral.bin-0.001-FIFO-True n_req: 77000000, n_miss: 54803171, miss ratio: 0.7117, disk write 90720935424 + 0 (0.0473)
12:21:29: INFO [flashield.py:170 (root)]: 	w03.oracleGeneral.bin-0.001-FIFO-True n_req: 78000000, n_miss: 55585216, miss ratio: 0.7126, disk write 90720935424 + 0 (0.0473)
12:22:46: INFO [flashield.py:170 (root)]: 	w03.oracleGeneral.bin-0.001-FIFO-True n_req: 79000000, n_miss: 56294279, miss ratio: 0.7126, disk write 90720935424 + 0 (0.0473)
12:23:59: INFO [flashield.py:170 (root)]: 	w03.oracleGeneral.bin-0.001-FIFO-True n_req: 80000000, n_miss: 56959548, miss ratio: 0.7120, disk write 90720935424 + 0 (0.0473)
12:25:07: INFO [flashield.py:170 (root)]: 	w03.oracleGeneral.bin-0.001-FIFO-True n_req: 81000000, n_miss: 57593520, miss ratio: 0.7110, disk write 90720935424 + 0 (0.0473)
12:26:12: INFO [flashield.py:170 (root)]: 	w03.oracleGeneral.bin-0.001-FIFO-True n_req: 82000000, n_miss: 58191218, miss ratio: 0.7096, disk write 90720935424 + 0 (0.0473)
12:27:12: INFO [flashield.py:170 (root)]: 	w03.oracleGeneral.bin-0.001-FIFO-True n_req: 83000000, n_miss: 58750492, miss ratio: 0.7078, disk write 90720935424 + 0 (0.0473)
12:28:13: INFO [flashield.py:170 (root)]: 	w03.oracleGeneral.bin-0.001-FIFO-True n_req: 84000000, n_miss: 59308231, miss ratio: 0.7061, disk write 90720935424 + 0 (0.0473)
12:28:56: INFO [flashield.py:182 (root)]: 	w03.oracleGeneral.bin-0.001-FIFO-True n_req: 84712978, n_miss: 59706078, miss ratio: 0.7048, disk write 90720935424 + 0 (0.0473)
