10:41:35: INFO [flashield.py:220 (root)]: 	calculating wss for w04.oracleGeneral.bin
10:42:35: INFO [flashield.py:228 (root)]: 	w04.oracleGeneral.bin wss_obj: 18753381, wss_byte: 1785141273088
10:42:35: INFO [cache.py:19 (cache)]: 	create Flashield cache with size 17851412730
10:42:35: INFO [cache.py:19 (cache)]: 	create LRU cache with size 17851412
10:42:35: INFO [cache.py:19 (cache)]: 	create FIFO cache with size 17833561318
10:42:37: INFO [flashield.py:170 (root)]: 	w04.oracleGeneral.bin-0.001-FIFO-True n_req: 1000000, n_miss: 460268, miss ratio: 0.4603, disk write 53638996480 + 0 (0.0300)
10:42:39: INFO [flashield.py:37 (root)]: 	w04.oracleGeneral.bin Training Flashield...
10:42:39: INFO [flashield.py:42 (root)]: 	w04.oracleGeneral.bin Training Flashield: 404874 features 404874 labels ...
10:42:39: INFO [flashield.py:55 (root)]: 	w04.oracleGeneral.bin finish training
10:42:50: INFO [flashield.py:170 (root)]: 	w04.oracleGeneral.bin-0.001-FIFO-True n_req: 2000000, n_miss: 934705, miss ratio: 0.4674, disk write 99328405504 + 0 (0.0556)
10:43:49: INFO [flashield.py:170 (root)]: 	w04.oracleGeneral.bin-0.001-FIFO-True n_req: 3000000, n_miss: 1490875, miss ratio: 0.4970, disk write 99328405504 + 0 (0.0556)
10:44:49: INFO [flashield.py:170 (root)]: 	w04.oracleGeneral.bin-0.001-FIFO-True n_req: 4000000, n_miss: 2055305, miss ratio: 0.5138, disk write 99328405504 + 0 (0.0556)
10:46:01: INFO [flashield.py:170 (root)]: 	w04.oracleGeneral.bin-0.001-FIFO-True n_req: 5000000, n_miss: 2720559, miss ratio: 0.5441, disk write 99328405504 + 0 (0.0556)
10:47:15: INFO [flashield.py:170 (root)]: 	w04.oracleGeneral.bin-0.001-FIFO-True n_req: 6000000, n_miss: 3417246, miss ratio: 0.5695, disk write 99328405504 + 0 (0.0556)
10:48:29: INFO [flashield.py:170 (root)]: 	w04.oracleGeneral.bin-0.001-FIFO-True n_req: 7000000, n_miss: 4118749, miss ratio: 0.5884, disk write 99328405504 + 0 (0.0556)
10:49:37: INFO [flashield.py:170 (root)]: 	w04.oracleGeneral.bin-0.001-FIFO-True n_req: 8000000, n_miss: 4753298, miss ratio: 0.5942, disk write 99328405504 + 0 (0.0556)
10:50:39: INFO [flashield.py:170 (root)]: 	w04.oracleGeneral.bin-0.001-FIFO-True n_req: 9000000, n_miss: 5329123, miss ratio: 0.5921, disk write 99328405504 + 0 (0.0556)
10:51:37: INFO [flashield.py:170 (root)]: 	w04.oracleGeneral.bin-0.001-FIFO-True n_req: 10000000, n_miss: 5871698, miss ratio: 0.5872, disk write 99328405504 + 0 (0.0556)
10:52:36: INFO [flashield.py:170 (root)]: 	w04.oracleGeneral.bin-0.001-FIFO-True n_req: 11000000, n_miss: 6416440, miss ratio: 0.5833, disk write 99328405504 + 0 (0.0556)
10:53:33: INFO [flashield.py:170 (root)]: 	w04.oracleGeneral.bin-0.001-FIFO-True n_req: 12000000, n_miss: 6951266, miss ratio: 0.5793, disk write 99328405504 + 0 (0.0556)
10:54:30: INFO [flashield.py:170 (root)]: 	w04.oracleGeneral.bin-0.001-FIFO-True n_req: 13000000, n_miss: 7486847, miss ratio: 0.5759, disk write 99328405504 + 0 (0.0556)
10:55:27: INFO [flashield.py:170 (root)]: 	w04.oracleGeneral.bin-0.001-FIFO-True n_req: 14000000, n_miss: 8021513, miss ratio: 0.5730, disk write 99328405504 + 0 (0.0556)
10:56:25: INFO [flashield.py:170 (root)]: 	w04.oracleGeneral.bin-0.001-FIFO-True n_req: 15000000, n_miss: 8556605, miss ratio: 0.5704, disk write 99328405504 + 0 (0.0556)
10:57:28: INFO [flashield.py:170 (root)]: 	w04.oracleGeneral.bin-0.001-FIFO-True n_req: 16000000, n_miss: 9147876, miss ratio: 0.5717, disk write 99328405504 + 0 (0.0556)
10:58:39: INFO [flashield.py:170 (root)]: 	w04.oracleGeneral.bin-0.001-FIFO-True n_req: 17000000, n_miss: 9802038, miss ratio: 0.5766, disk write 99328405504 + 0 (0.0556)
10:59:53: INFO [flashield.py:170 (root)]: 	w04.oracleGeneral.bin-0.001-FIFO-True n_req: 18000000, n_miss: 10494884, miss ratio: 0.5830, disk write 99328405504 + 0 (0.0556)
11:01:07: INFO [flashield.py:170 (root)]: 	w04.oracleGeneral.bin-0.001-FIFO-True n_req: 19000000, n_miss: 11191882, miss ratio: 0.5890, disk write 99328405504 + 0 (0.0556)
11:02:14: INFO [flashield.py:170 (root)]: 	w04.oracleGeneral.bin-0.001-FIFO-True n_req: 20000000, n_miss: 11817261, miss ratio: 0.5909, disk write 99328405504 + 0 (0.0556)
11:03:12: INFO [flashield.py:170 (root)]: 	w04.oracleGeneral.bin-0.001-FIFO-True n_req: 21000000, n_miss: 12354529, miss ratio: 0.5883, disk write 99328405504 + 0 (0.0556)
11:04:16: INFO [flashield.py:170 (root)]: 	w04.oracleGeneral.bin-0.001-FIFO-True n_req: 22000000, n_miss: 12948314, miss ratio: 0.5886, disk write 99328405504 + 0 (0.0556)
11:05:21: INFO [flashield.py:170 (root)]: 	w04.oracleGeneral.bin-0.001-FIFO-True n_req: 23000000, n_miss: 13553529, miss ratio: 0.5893, disk write 99328405504 + 0 (0.0556)
11:06:30: INFO [flashield.py:170 (root)]: 	w04.oracleGeneral.bin-0.001-FIFO-True n_req: 24000000, n_miss: 14192697, miss ratio: 0.5914, disk write 99328405504 + 0 (0.0556)
11:07:42: INFO [flashield.py:170 (root)]: 	w04.oracleGeneral.bin-0.001-FIFO-True n_req: 25000000, n_miss: 14865220, miss ratio: 0.5946, disk write 99328405504 + 0 (0.0556)
11:08:52: INFO [flashield.py:170 (root)]: 	w04.oracleGeneral.bin-0.001-FIFO-True n_req: 26000000, n_miss: 15515479, miss ratio: 0.5967, disk write 99328405504 + 0 (0.0556)
11:10:02: INFO [flashield.py:170 (root)]: 	w04.oracleGeneral.bin-0.001-FIFO-True n_req: 27000000, n_miss: 16159860, miss ratio: 0.5985, disk write 99328405504 + 0 (0.0556)
11:11:12: INFO [flashield.py:170 (root)]: 	w04.oracleGeneral.bin-0.001-FIFO-True n_req: 28000000, n_miss: 16809577, miss ratio: 0.6003, disk write 99328405504 + 0 (0.0556)
11:12:23: INFO [flashield.py:170 (root)]: 	w04.oracleGeneral.bin-0.001-FIFO-True n_req: 29000000, n_miss: 17470405, miss ratio: 0.6024, disk write 99328405504 + 0 (0.0556)
11:13:40: INFO [flashield.py:170 (root)]: 	w04.oracleGeneral.bin-0.001-FIFO-True n_req: 30000000, n_miss: 18196957, miss ratio: 0.6066, disk write 99328405504 + 0 (0.0556)
11:14:47: INFO [flashield.py:170 (root)]: 	w04.oracleGeneral.bin-0.001-FIFO-True n_req: 31000000, n_miss: 18823656, miss ratio: 0.6072, disk write 99328405504 + 0 (0.0556)
11:15:44: INFO [flashield.py:170 (root)]: 	w04.oracleGeneral.bin-0.001-FIFO-True n_req: 32000000, n_miss: 19360445, miss ratio: 0.6050, disk write 99328405504 + 0 (0.0556)
11:17:02: INFO [flashield.py:170 (root)]: 	w04.oracleGeneral.bin-0.001-FIFO-True n_req: 33000000, n_miss: 20084136, miss ratio: 0.6086, disk write 99328405504 + 0 (0.0556)
11:18:23: INFO [flashield.py:170 (root)]: 	w04.oracleGeneral.bin-0.001-FIFO-True n_req: 34000000, n_miss: 20850745, miss ratio: 0.6133, disk write 99328405504 + 0 (0.0556)
11:19:48: INFO [flashield.py:170 (root)]: 	w04.oracleGeneral.bin-0.001-FIFO-True n_req: 35000000, n_miss: 21644201, miss ratio: 0.6184, disk write 99328405504 + 0 (0.0556)
11:21:16: INFO [flashield.py:170 (root)]: 	w04.oracleGeneral.bin-0.001-FIFO-True n_req: 36000000, n_miss: 22480976, miss ratio: 0.6245, disk write 99328405504 + 0 (0.0556)
11:22:41: INFO [flashield.py:170 (root)]: 	w04.oracleGeneral.bin-0.001-FIFO-True n_req: 37000000, n_miss: 23277470, miss ratio: 0.6291, disk write 99328405504 + 0 (0.0556)
11:24:06: INFO [flashield.py:170 (root)]: 	w04.oracleGeneral.bin-0.001-FIFO-True n_req: 38000000, n_miss: 24078779, miss ratio: 0.6337, disk write 99328405504 + 0 (0.0556)
11:25:30: INFO [flashield.py:170 (root)]: 	w04.oracleGeneral.bin-0.001-FIFO-True n_req: 39000000, n_miss: 24867841, miss ratio: 0.6376, disk write 99328405504 + 0 (0.0556)
11:26:55: INFO [flashield.py:170 (root)]: 	w04.oracleGeneral.bin-0.001-FIFO-True n_req: 40000000, n_miss: 25663414, miss ratio: 0.6416, disk write 99328405504 + 0 (0.0556)
11:28:18: INFO [flashield.py:170 (root)]: 	w04.oracleGeneral.bin-0.001-FIFO-True n_req: 41000000, n_miss: 26449137, miss ratio: 0.6451, disk write 99328405504 + 0 (0.0556)
11:29:30: INFO [flashield.py:170 (root)]: 	w04.oracleGeneral.bin-0.001-FIFO-True n_req: 42000000, n_miss: 27119377, miss ratio: 0.6457, disk write 99328405504 + 0 (0.0556)
11:30:28: INFO [flashield.py:170 (root)]: 	w04.oracleGeneral.bin-0.001-FIFO-True n_req: 43000000, n_miss: 27660850, miss ratio: 0.6433, disk write 99328405504 + 0 (0.0556)
11:31:26: INFO [flashield.py:170 (root)]: 	w04.oracleGeneral.bin-0.001-FIFO-True n_req: 44000000, n_miss: 28205080, miss ratio: 0.6410, disk write 99328405504 + 0 (0.0556)
11:32:24: INFO [flashield.py:170 (root)]: 	w04.oracleGeneral.bin-0.001-FIFO-True n_req: 45000000, n_miss: 28749711, miss ratio: 0.6389, disk write 99328405504 + 0 (0.0556)
11:33:25: INFO [flashield.py:170 (root)]: 	w04.oracleGeneral.bin-0.001-FIFO-True n_req: 46000000, n_miss: 29317636, miss ratio: 0.6373, disk write 99328405504 + 0 (0.0556)
11:34:26: INFO [flashield.py:170 (root)]: 	w04.oracleGeneral.bin-0.001-FIFO-True n_req: 47000000, n_miss: 29884902, miss ratio: 0.6358, disk write 99328405504 + 0 (0.0556)
11:35:28: INFO [flashield.py:170 (root)]: 	w04.oracleGeneral.bin-0.001-FIFO-True n_req: 48000000, n_miss: 30460873, miss ratio: 0.6346, disk write 99328405504 + 0 (0.0556)
11:36:28: INFO [flashield.py:170 (root)]: 	w04.oracleGeneral.bin-0.001-FIFO-True n_req: 49000000, n_miss: 31024610, miss ratio: 0.6332, disk write 99328405504 + 0 (0.0556)
11:37:28: INFO [flashield.py:170 (root)]: 	w04.oracleGeneral.bin-0.001-FIFO-True n_req: 50000000, n_miss: 31580440, miss ratio: 0.6316, disk write 99328405504 + 0 (0.0556)
11:38:27: INFO [flashield.py:170 (root)]: 	w04.oracleGeneral.bin-0.001-FIFO-True n_req: 51000000, n_miss: 32134776, miss ratio: 0.6301, disk write 99328405504 + 0 (0.0556)
11:39:27: INFO [flashield.py:170 (root)]: 	w04.oracleGeneral.bin-0.001-FIFO-True n_req: 52000000, n_miss: 32687115, miss ratio: 0.6286, disk write 99328405504 + 0 (0.0556)
11:40:31: INFO [flashield.py:170 (root)]: 	w04.oracleGeneral.bin-0.001-FIFO-True n_req: 53000000, n_miss: 33289281, miss ratio: 0.6281, disk write 99328405504 + 0 (0.0556)
11:41:50: INFO [flashield.py:170 (root)]: 	w04.oracleGeneral.bin-0.001-FIFO-True n_req: 54000000, n_miss: 34026760, miss ratio: 0.6301, disk write 99328405504 + 0 (0.0556)
11:43:12: INFO [flashield.py:170 (root)]: 	w04.oracleGeneral.bin-0.001-FIFO-True n_req: 55000000, n_miss: 34800980, miss ratio: 0.6327, disk write 99328405504 + 0 (0.0556)
11:44:36: INFO [flashield.py:170 (root)]: 	w04.oracleGeneral.bin-0.001-FIFO-True n_req: 56000000, n_miss: 35595960, miss ratio: 0.6356, disk write 99328405504 + 0 (0.0556)
11:46:01: INFO [flashield.py:170 (root)]: 	w04.oracleGeneral.bin-0.001-FIFO-True n_req: 57000000, n_miss: 36393701, miss ratio: 0.6385, disk write 99328405504 + 0 (0.0556)
11:47:17: INFO [flashield.py:170 (root)]: 	w04.oracleGeneral.bin-0.001-FIFO-True n_req: 58000000, n_miss: 37099802, miss ratio: 0.6397, disk write 99328405504 + 0 (0.0556)
11:48:19: INFO [flashield.py:170 (root)]: 	w04.oracleGeneral.bin-0.001-FIFO-True n_req: 59000000, n_miss: 37680431, miss ratio: 0.6387, disk write 99328405504 + 0 (0.0556)
11:49:20: INFO [flashield.py:170 (root)]: 	w04.oracleGeneral.bin-0.001-FIFO-True n_req: 60000000, n_miss: 38249412, miss ratio: 0.6375, disk write 99328405504 + 0 (0.0556)
11:50:22: INFO [flashield.py:170 (root)]: 	w04.oracleGeneral.bin-0.001-FIFO-True n_req: 61000000, n_miss: 38826632, miss ratio: 0.6365, disk write 99328405504 + 0 (0.0556)
11:51:22: INFO [flashield.py:170 (root)]: 	w04.oracleGeneral.bin-0.001-FIFO-True n_req: 62000000, n_miss: 39382169, miss ratio: 0.6352, disk write 99328405504 + 0 (0.0556)
11:52:20: INFO [flashield.py:170 (root)]: 	w04.oracleGeneral.bin-0.001-FIFO-True n_req: 63000000, n_miss: 39924241, miss ratio: 0.6337, disk write 99328405504 + 0 (0.0556)
11:53:20: INFO [flashield.py:170 (root)]: 	w04.oracleGeneral.bin-0.001-FIFO-True n_req: 64000000, n_miss: 40477820, miss ratio: 0.6325, disk write 99328405504 + 0 (0.0556)
11:54:19: INFO [flashield.py:170 (root)]: 	w04.oracleGeneral.bin-0.001-FIFO-True n_req: 65000000, n_miss: 41031296, miss ratio: 0.6313, disk write 99328405504 + 0 (0.0556)
11:55:17: INFO [flashield.py:170 (root)]: 	w04.oracleGeneral.bin-0.001-FIFO-True n_req: 66000000, n_miss: 41574781, miss ratio: 0.6299, disk write 99328405504 + 0 (0.0556)
11:56:13: INFO [flashield.py:170 (root)]: 	w04.oracleGeneral.bin-0.001-FIFO-True n_req: 67000000, n_miss: 42089033, miss ratio: 0.6282, disk write 99328405504 + 0 (0.0556)
11:57:07: INFO [flashield.py:170 (root)]: 	w04.oracleGeneral.bin-0.001-FIFO-True n_req: 68000000, n_miss: 42599322, miss ratio: 0.6265, disk write 99328405504 + 0 (0.0556)
11:58:02: INFO [flashield.py:170 (root)]: 	w04.oracleGeneral.bin-0.001-FIFO-True n_req: 69000000, n_miss: 43108856, miss ratio: 0.6248, disk write 99328405504 + 0 (0.0556)
11:59:12: INFO [flashield.py:170 (root)]: 	w04.oracleGeneral.bin-0.001-FIFO-True n_req: 70000000, n_miss: 43767899, miss ratio: 0.6253, disk write 99328405504 + 0 (0.0556)
12:00:22: INFO [flashield.py:170 (root)]: 	w04.oracleGeneral.bin-0.001-FIFO-True n_req: 71000000, n_miss: 44421819, miss ratio: 0.6257, disk write 99328405504 + 0 (0.0556)
12:01:33: INFO [flashield.py:170 (root)]: 	w04.oracleGeneral.bin-0.001-FIFO-True n_req: 72000000, n_miss: 45078368, miss ratio: 0.6261, disk write 99328405504 + 0 (0.0556)
12:02:44: INFO [flashield.py:170 (root)]: 	w04.oracleGeneral.bin-0.001-FIFO-True n_req: 73000000, n_miss: 45735037, miss ratio: 0.6265, disk write 99328405504 + 0 (0.0556)
12:03:55: INFO [flashield.py:170 (root)]: 	w04.oracleGeneral.bin-0.001-FIFO-True n_req: 74000000, n_miss: 46387440, miss ratio: 0.6269, disk write 99328405504 + 0 (0.0556)
12:05:07: INFO [flashield.py:170 (root)]: 	w04.oracleGeneral.bin-0.001-FIFO-True n_req: 75000000, n_miss: 47055043, miss ratio: 0.6274, disk write 99328405504 + 0 (0.0556)
12:06:18: INFO [flashield.py:170 (root)]: 	w04.oracleGeneral.bin-0.001-FIFO-True n_req: 76000000, n_miss: 47717707, miss ratio: 0.6279, disk write 99328405504 + 0 (0.0556)
12:07:30: INFO [flashield.py:170 (root)]: 	w04.oracleGeneral.bin-0.001-FIFO-True n_req: 77000000, n_miss: 48379454, miss ratio: 0.6283, disk write 99328405504 + 0 (0.0556)
12:08:24: INFO [flashield.py:182 (root)]: 	w04.oracleGeneral.bin-0.001-FIFO-True n_req: 77764582, n_miss: 48878877, miss ratio: 0.6285, disk write 99328405504 + 0 (0.0556)
