10:41:35: INFO [flashield.py:220 (root)]: 	calculating wss for w05.oracleGeneral.bin
10:42:29: INFO [flashield.py:228 (root)]: 	w05.oracleGeneral.bin wss_obj: 41379800, wss_byte: 1542905902080
10:42:29: INFO [cache.py:19 (cache)]: 	create Flashield cache with size 15429059020
10:42:29: INFO [cache.py:19 (cache)]: 	create LRU cache with size 15429059
10:42:29: INFO [cache.py:19 (cache)]: 	create FIFO cache with size 15413629961
10:42:32: INFO [flashield.py:170 (root)]: 	w05.oracleGeneral.bin-0.001-FIFO-True n_req: 1000000, n_miss: 997325, miss ratio: 0.9973, disk write 1208979456 + 0 (0.0008)
10:42:35: INFO [flashield.py:170 (root)]: 	w05.oracleGeneral.bin-0.001-FIFO-True n_req: 2000000, n_miss: 1983057, miss ratio: 0.9915, disk write 12496839168 + 0 (0.0081)
10:42:39: INFO [flashield.py:170 (root)]: 	w05.oracleGeneral.bin-0.001-FIFO-True n_req: 3000000, n_miss: 2975063, miss ratio: 0.9917, disk write 86313228288 + 0 (0.0559)
10:42:41: INFO [flashield.py:170 (root)]: 	w05.oracleGeneral.bin-0.001-FIFO-True n_req: 4000000, n_miss: 3946141, miss ratio: 0.9865, disk write 100015692288 + 0 (0.0648)
10:42:44: INFO [flashield.py:170 (root)]: 	w05.oracleGeneral.bin-0.001-FIFO-True n_req: 5000000, n_miss: 4911353, miss ratio: 0.9823, disk write 139000474112 + 0 (0.0901)
10:42:46: INFO [flashield.py:37 (root)]: 	w05.oracleGeneral.bin Training Flashield...
10:42:48: INFO [flashield.py:42 (root)]: 	w05.oracleGeneral.bin Training Flashield: 2679655 features 2679655 labels ...
10:42:48: INFO [flashield.py:55 (root)]: 	w05.oracleGeneral.bin finish training
10:43:13: INFO [flashield.py:170 (root)]: 	w05.oracleGeneral.bin-0.001-FIFO-True n_req: 6000000, n_miss: 5906020, miss ratio: 0.9843, disk write 139554762752 + 0 (0.0904)
10:44:58: INFO [flashield.py:170 (root)]: 	w05.oracleGeneral.bin-0.001-FIFO-True n_req: 7000000, n_miss: 6904492, miss ratio: 0.9864, disk write 139554762752 + 0 (0.0904)
10:46:40: INFO [flashield.py:170 (root)]: 	w05.oracleGeneral.bin-0.001-FIFO-True n_req: 8000000, n_miss: 7901246, miss ratio: 0.9877, disk write 139554762752 + 0 (0.0904)
10:48:23: INFO [flashield.py:170 (root)]: 	w05.oracleGeneral.bin-0.001-FIFO-True n_req: 9000000, n_miss: 8897458, miss ratio: 0.9886, disk write 139554762752 + 0 (0.0904)
10:50:04: INFO [flashield.py:170 (root)]: 	w05.oracleGeneral.bin-0.001-FIFO-True n_req: 10000000, n_miss: 9894054, miss ratio: 0.9894, disk write 139554762752 + 0 (0.0904)
10:51:44: INFO [flashield.py:170 (root)]: 	w05.oracleGeneral.bin-0.001-FIFO-True n_req: 11000000, n_miss: 10890276, miss ratio: 0.9900, disk write 139554762752 + 0 (0.0904)
10:53:26: INFO [flashield.py:170 (root)]: 	w05.oracleGeneral.bin-0.001-FIFO-True n_req: 12000000, n_miss: 11884082, miss ratio: 0.9903, disk write 139554762752 + 0 (0.0904)
10:55:05: INFO [flashield.py:170 (root)]: 	w05.oracleGeneral.bin-0.001-FIFO-True n_req: 13000000, n_miss: 12833252, miss ratio: 0.9872, disk write 139554762752 + 0 (0.0904)
10:56:37: INFO [flashield.py:170 (root)]: 	w05.oracleGeneral.bin-0.001-FIFO-True n_req: 14000000, n_miss: 13738691, miss ratio: 0.9813, disk write 139554762752 + 0 (0.0904)
10:58:21: INFO [flashield.py:170 (root)]: 	w05.oracleGeneral.bin-0.001-FIFO-True n_req: 15000000, n_miss: 14737708, miss ratio: 0.9825, disk write 139554762752 + 0 (0.0904)
10:59:59: INFO [flashield.py:170 (root)]: 	w05.oracleGeneral.bin-0.001-FIFO-True n_req: 16000000, n_miss: 15682859, miss ratio: 0.9802, disk write 139554762752 + 0 (0.0904)
11:01:42: INFO [flashield.py:170 (root)]: 	w05.oracleGeneral.bin-0.001-FIFO-True n_req: 17000000, n_miss: 16669834, miss ratio: 0.9806, disk write 139554762752 + 0 (0.0904)
11:03:24: INFO [flashield.py:170 (root)]: 	w05.oracleGeneral.bin-0.001-FIFO-True n_req: 18000000, n_miss: 17656241, miss ratio: 0.9809, disk write 139554762752 + 0 (0.0904)
11:05:07: INFO [flashield.py:170 (root)]: 	w05.oracleGeneral.bin-0.001-FIFO-True n_req: 19000000, n_miss: 18638329, miss ratio: 0.9810, disk write 139554762752 + 0 (0.0904)
11:06:49: INFO [flashield.py:170 (root)]: 	w05.oracleGeneral.bin-0.001-FIFO-True n_req: 20000000, n_miss: 19597740, miss ratio: 0.9799, disk write 139554762752 + 0 (0.0904)
11:08:28: INFO [flashield.py:170 (root)]: 	w05.oracleGeneral.bin-0.001-FIFO-True n_req: 21000000, n_miss: 20541197, miss ratio: 0.9782, disk write 139554762752 + 0 (0.0904)
11:10:10: INFO [flashield.py:170 (root)]: 	w05.oracleGeneral.bin-0.001-FIFO-True n_req: 22000000, n_miss: 21516991, miss ratio: 0.9780, disk write 139554762752 + 0 (0.0904)
11:11:52: INFO [flashield.py:170 (root)]: 	w05.oracleGeneral.bin-0.001-FIFO-True n_req: 23000000, n_miss: 22505164, miss ratio: 0.9785, disk write 139554762752 + 0 (0.0904)
11:13:33: INFO [flashield.py:170 (root)]: 	w05.oracleGeneral.bin-0.001-FIFO-True n_req: 24000000, n_miss: 23479380, miss ratio: 0.9783, disk write 139554762752 + 0 (0.0904)
11:15:17: INFO [flashield.py:170 (root)]: 	w05.oracleGeneral.bin-0.001-FIFO-True n_req: 25000000, n_miss: 24477615, miss ratio: 0.9791, disk write 139554762752 + 0 (0.0904)
11:17:00: INFO [flashield.py:170 (root)]: 	w05.oracleGeneral.bin-0.001-FIFO-True n_req: 26000000, n_miss: 25475772, miss ratio: 0.9798, disk write 139554762752 + 0 (0.0904)
11:18:43: INFO [flashield.py:170 (root)]: 	w05.oracleGeneral.bin-0.001-FIFO-True n_req: 27000000, n_miss: 26472616, miss ratio: 0.9805, disk write 139554762752 + 0 (0.0904)
11:20:26: INFO [flashield.py:170 (root)]: 	w05.oracleGeneral.bin-0.001-FIFO-True n_req: 28000000, n_miss: 27470888, miss ratio: 0.9811, disk write 139554762752 + 0 (0.0904)
11:22:09: INFO [flashield.py:170 (root)]: 	w05.oracleGeneral.bin-0.001-FIFO-True n_req: 29000000, n_miss: 28461789, miss ratio: 0.9814, disk write 139554762752 + 0 (0.0904)
11:23:53: INFO [flashield.py:170 (root)]: 	w05.oracleGeneral.bin-0.001-FIFO-True n_req: 30000000, n_miss: 29458409, miss ratio: 0.9819, disk write 139554762752 + 0 (0.0904)
11:25:36: INFO [flashield.py:170 (root)]: 	w05.oracleGeneral.bin-0.001-FIFO-True n_req: 31000000, n_miss: 30453288, miss ratio: 0.9824, disk write 139554762752 + 0 (0.0904)
11:27:19: INFO [flashield.py:170 (root)]: 	w05.oracleGeneral.bin-0.001-FIFO-True n_req: 32000000, n_miss: 31445403, miss ratio: 0.9827, disk write 139554762752 + 0 (0.0904)
11:29:03: INFO [flashield.py:170 (root)]: 	w05.oracleGeneral.bin-0.001-FIFO-True n_req: 33000000, n_miss: 32441661, miss ratio: 0.9831, disk write 139554762752 + 0 (0.0904)
11:30:44: INFO [flashield.py:170 (root)]: 	w05.oracleGeneral.bin-0.001-FIFO-True n_req: 34000000, n_miss: 33420958, miss ratio: 0.9830, disk write 139554762752 + 0 (0.0904)
11:32:15: INFO [flashield.py:170 (root)]: 	w05.oracleGeneral.bin-0.001-FIFO-True n_req: 35000000, n_miss: 34294172, miss ratio: 0.9798, disk write 139554762752 + 0 (0.0904)
11:33:58: INFO [flashield.py:170 (root)]: 	w05.oracleGeneral.bin-0.001-FIFO-True n_req: 36000000, n_miss: 35288079, miss ratio: 0.9802, disk write 139554762752 + 0 (0.0904)
11:35:25: INFO [flashield.py:170 (root)]: 	w05.oracleGeneral.bin-0.001-FIFO-True n_req: 37000000, n_miss: 36127736, miss ratio: 0.9764, disk write 139554762752 + 0 (0.0904)
11:36:57: INFO [flashield.py:170 (root)]: 	w05.oracleGeneral.bin-0.001-FIFO-True n_req: 38000000, n_miss: 37012935, miss ratio: 0.9740, disk write 139554762752 + 0 (0.0904)
11:38:40: INFO [flashield.py:170 (root)]: 	w05.oracleGeneral.bin-0.001-FIFO-True n_req: 39000000, n_miss: 38008060, miss ratio: 0.9746, disk write 139554762752 + 0 (0.0904)
11:40:05: INFO [flashield.py:170 (root)]: 	w05.oracleGeneral.bin-0.001-FIFO-True n_req: 40000000, n_miss: 38822933, miss ratio: 0.9706, disk write 139554762752 + 0 (0.0904)
11:41:48: INFO [flashield.py:170 (root)]: 	w05.oracleGeneral.bin-0.001-FIFO-True n_req: 41000000, n_miss: 39815110, miss ratio: 0.9711, disk write 139554762752 + 0 (0.0904)
11:43:28: INFO [flashield.py:170 (root)]: 	w05.oracleGeneral.bin-0.001-FIFO-True n_req: 42000000, n_miss: 40768554, miss ratio: 0.9707, disk write 139554762752 + 0 (0.0904)
11:45:09: INFO [flashield.py:170 (root)]: 	w05.oracleGeneral.bin-0.001-FIFO-True n_req: 43000000, n_miss: 41726591, miss ratio: 0.9704, disk write 139554762752 + 0 (0.0904)
11:46:49: INFO [flashield.py:170 (root)]: 	w05.oracleGeneral.bin-0.001-FIFO-True n_req: 44000000, n_miss: 42680411, miss ratio: 0.9700, disk write 139554762752 + 0 (0.0904)
11:48:30: INFO [flashield.py:170 (root)]: 	w05.oracleGeneral.bin-0.001-FIFO-True n_req: 45000000, n_miss: 43642037, miss ratio: 0.9698, disk write 139554762752 + 0 (0.0904)
11:50:13: INFO [flashield.py:170 (root)]: 	w05.oracleGeneral.bin-0.001-FIFO-True n_req: 46000000, n_miss: 44622427, miss ratio: 0.9701, disk write 139554762752 + 0 (0.0904)
11:51:54: INFO [flashield.py:170 (root)]: 	w05.oracleGeneral.bin-0.001-FIFO-True n_req: 47000000, n_miss: 45577741, miss ratio: 0.9697, disk write 139554762752 + 0 (0.0904)
11:53:34: INFO [flashield.py:170 (root)]: 	w05.oracleGeneral.bin-0.001-FIFO-True n_req: 48000000, n_miss: 46527270, miss ratio: 0.9693, disk write 139554762752 + 0 (0.0904)
11:54:51: INFO [flashield.py:170 (root)]: 	w05.oracleGeneral.bin-0.001-FIFO-True n_req: 49000000, n_miss: 47259503, miss ratio: 0.9645, disk write 139554762752 + 0 (0.0904)
11:56:16: INFO [flashield.py:170 (root)]: 	w05.oracleGeneral.bin-0.001-FIFO-True n_req: 50000000, n_miss: 48060543, miss ratio: 0.9612, disk write 139554762752 + 0 (0.0904)
11:57:56: INFO [flashield.py:170 (root)]: 	w05.oracleGeneral.bin-0.001-FIFO-True n_req: 51000000, n_miss: 49010060, miss ratio: 0.9610, disk write 139554762752 + 0 (0.0904)
11:59:37: INFO [flashield.py:170 (root)]: 	w05.oracleGeneral.bin-0.001-FIFO-True n_req: 52000000, n_miss: 49971931, miss ratio: 0.9610, disk write 139554762752 + 0 (0.0904)
12:01:20: INFO [flashield.py:170 (root)]: 	w05.oracleGeneral.bin-0.001-FIFO-True n_req: 53000000, n_miss: 50949450, miss ratio: 0.9613, disk write 139554762752 + 0 (0.0904)
12:03:02: INFO [flashield.py:170 (root)]: 	w05.oracleGeneral.bin-0.001-FIFO-True n_req: 54000000, n_miss: 51921090, miss ratio: 0.9615, disk write 139554762752 + 0 (0.0904)
12:04:43: INFO [flashield.py:170 (root)]: 	w05.oracleGeneral.bin-0.001-FIFO-True n_req: 55000000, n_miss: 52883724, miss ratio: 0.9615, disk write 139554762752 + 0 (0.0904)
12:06:23: INFO [flashield.py:170 (root)]: 	w05.oracleGeneral.bin-0.001-FIFO-True n_req: 56000000, n_miss: 53827952, miss ratio: 0.9612, disk write 139554762752 + 0 (0.0904)
12:08:05: INFO [flashield.py:170 (root)]: 	w05.oracleGeneral.bin-0.001-FIFO-True n_req: 57000000, n_miss: 54787483, miss ratio: 0.9612, disk write 139554762752 + 0 (0.0904)
12:09:50: INFO [flashield.py:170 (root)]: 	w05.oracleGeneral.bin-0.001-FIFO-True n_req: 58000000, n_miss: 55782684, miss ratio: 0.9618, disk write 139554762752 + 0 (0.0904)
12:11:35: INFO [flashield.py:170 (root)]: 	w05.oracleGeneral.bin-0.001-FIFO-True n_req: 59000000, n_miss: 56778482, miss ratio: 0.9623, disk write 139554762752 + 0 (0.0904)
12:13:11: INFO [flashield.py:170 (root)]: 	w05.oracleGeneral.bin-0.001-FIFO-True n_req: 60000000, n_miss: 57687438, miss ratio: 0.9615, disk write 139554762752 + 0 (0.0904)
12:14:57: INFO [flashield.py:170 (root)]: 	w05.oracleGeneral.bin-0.001-FIFO-True n_req: 61000000, n_miss: 58684835, miss ratio: 0.9620, disk write 139554762752 + 0 (0.0904)
12:16:26: INFO [flashield.py:170 (root)]: 	w05.oracleGeneral.bin-0.001-FIFO-True n_req: 62000000, n_miss: 59526118, miss ratio: 0.9601, disk write 139554762752 + 0 (0.0904)
12:18:08: INFO [flashield.py:170 (root)]: 	w05.oracleGeneral.bin-0.001-FIFO-True n_req: 63000000, n_miss: 60497557, miss ratio: 0.9603, disk write 139554762752 + 0 (0.0904)
12:19:51: INFO [flashield.py:170 (root)]: 	w05.oracleGeneral.bin-0.001-FIFO-True n_req: 64000000, n_miss: 61476752, miss ratio: 0.9606, disk write 139554762752 + 0 (0.0904)
12:21:21: INFO [flashield.py:170 (root)]: 	w05.oracleGeneral.bin-0.001-FIFO-True n_req: 65000000, n_miss: 62323219, miss ratio: 0.9588, disk write 139554762752 + 0 (0.0904)
12:23:02: INFO [flashield.py:170 (root)]: 	w05.oracleGeneral.bin-0.001-FIFO-True n_req: 66000000, n_miss: 63284676, miss ratio: 0.9589, disk write 139554762752 + 0 (0.0904)
12:24:45: INFO [flashield.py:170 (root)]: 	w05.oracleGeneral.bin-0.001-FIFO-True n_req: 67000000, n_miss: 64259976, miss ratio: 0.9591, disk write 139554762752 + 0 (0.0904)
12:26:28: INFO [flashield.py:170 (root)]: 	w05.oracleGeneral.bin-0.001-FIFO-True n_req: 68000000, n_miss: 65237582, miss ratio: 0.9594, disk write 139554762752 + 0 (0.0904)
12:28:11: INFO [flashield.py:170 (root)]: 	w05.oracleGeneral.bin-0.001-FIFO-True n_req: 69000000, n_miss: 66225559, miss ratio: 0.9598, disk write 139554762752 + 0 (0.0904)
12:29:53: INFO [flashield.py:170 (root)]: 	w05.oracleGeneral.bin-0.001-FIFO-True n_req: 70000000, n_miss: 67188704, miss ratio: 0.9598, disk write 139554762752 + 0 (0.0904)
12:31:36: INFO [flashield.py:170 (root)]: 	w05.oracleGeneral.bin-0.001-FIFO-True n_req: 71000000, n_miss: 68163182, miss ratio: 0.9600, disk write 139554762752 + 0 (0.0904)
12:33:19: INFO [flashield.py:170 (root)]: 	w05.oracleGeneral.bin-0.001-FIFO-True n_req: 72000000, n_miss: 69144886, miss ratio: 0.9603, disk write 139554762752 + 0 (0.0904)
12:35:02: INFO [flashield.py:170 (root)]: 	w05.oracleGeneral.bin-0.001-FIFO-True n_req: 73000000, n_miss: 70123842, miss ratio: 0.9606, disk write 139554762752 + 0 (0.0904)
12:35:05: INFO [flashield.py:182 (root)]: 	w05.oracleGeneral.bin-0.001-FIFO-True n_req: 73034546, n_miss: 70158072, miss ratio: 0.9606, disk write 139554762752 + 0 (0.0904)
