10:41:35: INFO [flashield.py:220 (root)]: 	calculating wss for w06.oracleGeneral.bin
10:42:12: INFO [flashield.py:228 (root)]: 	w06.oracleGeneral.bin wss_obj: 1699448, wss_byte: 23468258304
10:42:12: INFO [cache.py:19 (cache)]: 	create Flashield cache with size 234682583
10:42:12: INFO [cache.py:19 (cache)]: 	create LRU cache with size 234682
10:42:12: INFO [cache.py:19 (cache)]: 	create FIFO cache with size 234447901
10:42:12: INFO [flashield.py:37 (root)]: 	w06.oracleGeneral.bin Training Flashield...
10:42:12: INFO [flashield.py:42 (root)]: 	w06.oracleGeneral.bin Training Flashield: 42741 features 42741 labels ...
10:42:12: INFO [flashield.py:55 (root)]: 	w06.oracleGeneral.bin finish training
10:42:46: INFO [flashield.py:170 (root)]: 	w06.oracleGeneral.bin-0.001-FIFO-True n_req: 1000000, n_miss: 395378, miss ratio: 0.3954, disk write 389585920 + 0 (0.0166)
10:44:16: INFO [flashield.py:170 (root)]: 	w06.oracleGeneral.bin-0.001-FIFO-True n_req: 2000000, n_miss: 1262275, miss ratio: 0.6311, disk write 389585920 + 0 (0.0166)
10:45:21: INFO [flashield.py:170 (root)]: 	w06.oracleGeneral.bin-0.001-FIFO-True n_req: 3000000, n_miss: 1872835, miss ratio: 0.6243, disk write 389585920 + 0 (0.0166)
10:46:01: INFO [flashield.py:170 (root)]: 	w06.oracleGeneral.bin-0.001-FIFO-True n_req: 4000000, n_miss: 2259425, miss ratio: 0.5649, disk write 389585920 + 0 (0.0166)
10:46:43: INFO [flashield.py:170 (root)]: 	w06.oracleGeneral.bin-0.001-FIFO-True n_req: 5000000, n_miss: 2657052, miss ratio: 0.5314, disk write 389585920 + 0 (0.0166)
10:47:25: INFO [flashield.py:170 (root)]: 	w06.oracleGeneral.bin-0.001-FIFO-True n_req: 6000000, n_miss: 3055070, miss ratio: 0.5092, disk write 389585920 + 0 (0.0166)
10:48:07: INFO [flashield.py:170 (root)]: 	w06.oracleGeneral.bin-0.001-FIFO-True n_req: 7000000, n_miss: 3448429, miss ratio: 0.4926, disk write 389585920 + 0 (0.0166)
10:48:56: INFO [flashield.py:170 (root)]: 	w06.oracleGeneral.bin-0.001-FIFO-True n_req: 8000000, n_miss: 3914799, miss ratio: 0.4893, disk write 389585920 + 0 (0.0166)
10:49:41: INFO [flashield.py:170 (root)]: 	w06.oracleGeneral.bin-0.001-FIFO-True n_req: 9000000, n_miss: 4344873, miss ratio: 0.4828, disk write 389585920 + 0 (0.0166)
10:50:26: INFO [flashield.py:170 (root)]: 	w06.oracleGeneral.bin-0.001-FIFO-True n_req: 10000000, n_miss: 4774633, miss ratio: 0.4775, disk write 389585920 + 0 (0.0166)
10:51:12: INFO [flashield.py:170 (root)]: 	w06.oracleGeneral.bin-0.001-FIFO-True n_req: 11000000, n_miss: 5214583, miss ratio: 0.4741, disk write 389585920 + 0 (0.0166)
10:51:57: INFO [flashield.py:170 (root)]: 	w06.oracleGeneral.bin-0.001-FIFO-True n_req: 12000000, n_miss: 5646416, miss ratio: 0.4705, disk write 389585920 + 0 (0.0166)
10:52:41: INFO [flashield.py:170 (root)]: 	w06.oracleGeneral.bin-0.001-FIFO-True n_req: 13000000, n_miss: 6061700, miss ratio: 0.4663, disk write 389585920 + 0 (0.0166)
10:53:27: INFO [flashield.py:170 (root)]: 	w06.oracleGeneral.bin-0.001-FIFO-True n_req: 14000000, n_miss: 6504056, miss ratio: 0.4646, disk write 389585920 + 0 (0.0166)
10:54:12: INFO [flashield.py:170 (root)]: 	w06.oracleGeneral.bin-0.001-FIFO-True n_req: 15000000, n_miss: 6931118, miss ratio: 0.4621, disk write 389585920 + 0 (0.0166)
10:54:56: INFO [flashield.py:170 (root)]: 	w06.oracleGeneral.bin-0.001-FIFO-True n_req: 16000000, n_miss: 7348857, miss ratio: 0.4593, disk write 389585920 + 0 (0.0166)
10:55:43: INFO [flashield.py:170 (root)]: 	w06.oracleGeneral.bin-0.001-FIFO-True n_req: 17000000, n_miss: 7791628, miss ratio: 0.4583, disk write 389585920 + 0 (0.0166)
10:56:29: INFO [flashield.py:170 (root)]: 	w06.oracleGeneral.bin-0.001-FIFO-True n_req: 18000000, n_miss: 8230858, miss ratio: 0.4573, disk write 389585920 + 0 (0.0166)
10:57:13: INFO [flashield.py:170 (root)]: 	w06.oracleGeneral.bin-0.001-FIFO-True n_req: 19000000, n_miss: 8645184, miss ratio: 0.4550, disk write 389585920 + 0 (0.0166)
10:57:58: INFO [flashield.py:170 (root)]: 	w06.oracleGeneral.bin-0.001-FIFO-True n_req: 20000000, n_miss: 9077362, miss ratio: 0.4539, disk write 389585920 + 0 (0.0166)
10:58:42: INFO [flashield.py:170 (root)]: 	w06.oracleGeneral.bin-0.001-FIFO-True n_req: 21000000, n_miss: 9494736, miss ratio: 0.4521, disk write 389585920 + 0 (0.0166)
10:59:27: INFO [flashield.py:170 (root)]: 	w06.oracleGeneral.bin-0.001-FIFO-True n_req: 22000000, n_miss: 9926838, miss ratio: 0.4512, disk write 389585920 + 0 (0.0166)
11:00:13: INFO [flashield.py:170 (root)]: 	w06.oracleGeneral.bin-0.001-FIFO-True n_req: 23000000, n_miss: 10361472, miss ratio: 0.4505, disk write 389585920 + 0 (0.0166)
11:00:56: INFO [flashield.py:170 (root)]: 	w06.oracleGeneral.bin-0.001-FIFO-True n_req: 24000000, n_miss: 10767511, miss ratio: 0.4486, disk write 389585920 + 0 (0.0166)
11:01:32: INFO [flashield.py:170 (root)]: 	w06.oracleGeneral.bin-0.001-FIFO-True n_req: 25000000, n_miss: 11115085, miss ratio: 0.4446, disk write 389585920 + 0 (0.0166)
11:02:19: INFO [flashield.py:170 (root)]: 	w06.oracleGeneral.bin-0.001-FIFO-True n_req: 26000000, n_miss: 11561841, miss ratio: 0.4447, disk write 389585920 + 0 (0.0166)
11:03:02: INFO [flashield.py:170 (root)]: 	w06.oracleGeneral.bin-0.001-FIFO-True n_req: 27000000, n_miss: 11961674, miss ratio: 0.4430, disk write 389585920 + 0 (0.0166)
11:03:50: INFO [flashield.py:170 (root)]: 	w06.oracleGeneral.bin-0.001-FIFO-True n_req: 28000000, n_miss: 12415109, miss ratio: 0.4434, disk write 389585920 + 0 (0.0166)
11:04:33: INFO [flashield.py:170 (root)]: 	w06.oracleGeneral.bin-0.001-FIFO-True n_req: 29000000, n_miss: 12824878, miss ratio: 0.4422, disk write 389585920 + 0 (0.0166)
11:05:19: INFO [flashield.py:170 (root)]: 	w06.oracleGeneral.bin-0.001-FIFO-True n_req: 30000000, n_miss: 13268225, miss ratio: 0.4423, disk write 389585920 + 0 (0.0166)
11:06:02: INFO [flashield.py:170 (root)]: 	w06.oracleGeneral.bin-0.001-FIFO-True n_req: 31000000, n_miss: 13674074, miss ratio: 0.4411, disk write 389585920 + 0 (0.0166)
11:06:44: INFO [flashield.py:170 (root)]: 	w06.oracleGeneral.bin-0.001-FIFO-True n_req: 32000000, n_miss: 14066858, miss ratio: 0.4396, disk write 389585920 + 0 (0.0166)
11:07:27: INFO [flashield.py:170 (root)]: 	w06.oracleGeneral.bin-0.001-FIFO-True n_req: 33000000, n_miss: 14475016, miss ratio: 0.4386, disk write 389585920 + 0 (0.0166)
11:08:05: INFO [flashield.py:170 (root)]: 	w06.oracleGeneral.bin-0.001-FIFO-True n_req: 34000000, n_miss: 14838150, miss ratio: 0.4364, disk write 389585920 + 0 (0.0166)
11:08:50: INFO [flashield.py:170 (root)]: 	w06.oracleGeneral.bin-0.001-FIFO-True n_req: 35000000, n_miss: 15268751, miss ratio: 0.4363, disk write 389585920 + 0 (0.0166)
11:09:28: INFO [flashield.py:170 (root)]: 	w06.oracleGeneral.bin-0.001-FIFO-True n_req: 36000000, n_miss: 15618999, miss ratio: 0.4339, disk write 389585920 + 0 (0.0166)
11:10:05: INFO [flashield.py:170 (root)]: 	w06.oracleGeneral.bin-0.001-FIFO-True n_req: 37000000, n_miss: 15969890, miss ratio: 0.4316, disk write 389585920 + 0 (0.0166)
11:10:51: INFO [flashield.py:170 (root)]: 	w06.oracleGeneral.bin-0.001-FIFO-True n_req: 38000000, n_miss: 16411217, miss ratio: 0.4319, disk write 389585920 + 0 (0.0166)
11:11:37: INFO [flashield.py:170 (root)]: 	w06.oracleGeneral.bin-0.001-FIFO-True n_req: 39000000, n_miss: 16843235, miss ratio: 0.4319, disk write 389585920 + 0 (0.0166)
11:12:23: INFO [flashield.py:170 (root)]: 	w06.oracleGeneral.bin-0.001-FIFO-True n_req: 40000000, n_miss: 17277503, miss ratio: 0.4319, disk write 389585920 + 0 (0.0166)
11:13:10: INFO [flashield.py:170 (root)]: 	w06.oracleGeneral.bin-0.001-FIFO-True n_req: 41000000, n_miss: 17724011, miss ratio: 0.4323, disk write 389585920 + 0 (0.0166)
11:13:56: INFO [flashield.py:170 (root)]: 	w06.oracleGeneral.bin-0.001-FIFO-True n_req: 42000000, n_miss: 18163516, miss ratio: 0.4325, disk write 389585920 + 0 (0.0166)
11:14:39: INFO [flashield.py:170 (root)]: 	w06.oracleGeneral.bin-0.001-FIFO-True n_req: 43000000, n_miss: 18567953, miss ratio: 0.4318, disk write 389585920 + 0 (0.0166)
11:15:25: INFO [flashield.py:170 (root)]: 	w06.oracleGeneral.bin-0.001-FIFO-True n_req: 44000000, n_miss: 19010896, miss ratio: 0.4321, disk write 389585920 + 0 (0.0166)
11:16:12: INFO [flashield.py:170 (root)]: 	w06.oracleGeneral.bin-0.001-FIFO-True n_req: 45000000, n_miss: 19454200, miss ratio: 0.4323, disk write 389585920 + 0 (0.0166)
11:16:59: INFO [flashield.py:170 (root)]: 	w06.oracleGeneral.bin-0.001-FIFO-True n_req: 46000000, n_miss: 19903040, miss ratio: 0.4327, disk write 389585920 + 0 (0.0166)
11:17:43: INFO [flashield.py:170 (root)]: 	w06.oracleGeneral.bin-0.001-FIFO-True n_req: 47000000, n_miss: 20316826, miss ratio: 0.4323, disk write 389585920 + 0 (0.0166)
11:18:29: INFO [flashield.py:170 (root)]: 	w06.oracleGeneral.bin-0.001-FIFO-True n_req: 48000000, n_miss: 20754980, miss ratio: 0.4324, disk write 389585920 + 0 (0.0166)
11:19:15: INFO [flashield.py:170 (root)]: 	w06.oracleGeneral.bin-0.001-FIFO-True n_req: 49000000, n_miss: 21189644, miss ratio: 0.4324, disk write 389585920 + 0 (0.0166)
11:20:01: INFO [flashield.py:170 (root)]: 	w06.oracleGeneral.bin-0.001-FIFO-True n_req: 50000000, n_miss: 21626271, miss ratio: 0.4325, disk write 389585920 + 0 (0.0166)
11:20:48: INFO [flashield.py:170 (root)]: 	w06.oracleGeneral.bin-0.001-FIFO-True n_req: 51000000, n_miss: 22078620, miss ratio: 0.4329, disk write 389585920 + 0 (0.0166)
11:21:34: INFO [flashield.py:170 (root)]: 	w06.oracleGeneral.bin-0.001-FIFO-True n_req: 52000000, n_miss: 22516001, miss ratio: 0.4330, disk write 389585920 + 0 (0.0166)
11:22:21: INFO [flashield.py:170 (root)]: 	w06.oracleGeneral.bin-0.001-FIFO-True n_req: 53000000, n_miss: 22965361, miss ratio: 0.4333, disk write 389585920 + 0 (0.0166)
11:23:09: INFO [flashield.py:170 (root)]: 	w06.oracleGeneral.bin-0.001-FIFO-True n_req: 54000000, n_miss: 23417867, miss ratio: 0.4337, disk write 389585920 + 0 (0.0166)
11:23:57: INFO [flashield.py:170 (root)]: 	w06.oracleGeneral.bin-0.001-FIFO-True n_req: 55000000, n_miss: 23870084, miss ratio: 0.4340, disk write 389585920 + 0 (0.0166)
11:24:42: INFO [flashield.py:170 (root)]: 	w06.oracleGeneral.bin-0.001-FIFO-True n_req: 56000000, n_miss: 24300182, miss ratio: 0.4339, disk write 389585920 + 0 (0.0166)
11:25:29: INFO [flashield.py:170 (root)]: 	w06.oracleGeneral.bin-0.001-FIFO-True n_req: 57000000, n_miss: 24749699, miss ratio: 0.4342, disk write 389585920 + 0 (0.0166)
11:26:17: INFO [flashield.py:170 (root)]: 	w06.oracleGeneral.bin-0.001-FIFO-True n_req: 58000000, n_miss: 25198879, miss ratio: 0.4345, disk write 389585920 + 0 (0.0166)
11:27:04: INFO [flashield.py:170 (root)]: 	w06.oracleGeneral.bin-0.001-FIFO-True n_req: 59000000, n_miss: 25649124, miss ratio: 0.4347, disk write 389585920 + 0 (0.0166)
11:27:52: INFO [flashield.py:170 (root)]: 	w06.oracleGeneral.bin-0.001-FIFO-True n_req: 60000000, n_miss: 26099621, miss ratio: 0.4350, disk write 389585920 + 0 (0.0166)
11:28:40: INFO [flashield.py:170 (root)]: 	w06.oracleGeneral.bin-0.001-FIFO-True n_req: 61000000, n_miss: 26557784, miss ratio: 0.4354, disk write 389585920 + 0 (0.0166)
11:29:28: INFO [flashield.py:170 (root)]: 	w06.oracleGeneral.bin-0.001-FIFO-True n_req: 62000000, n_miss: 27014457, miss ratio: 0.4357, disk write 389585920 + 0 (0.0166)
11:30:13: INFO [flashield.py:170 (root)]: 	w06.oracleGeneral.bin-0.001-FIFO-True n_req: 63000000, n_miss: 27445789, miss ratio: 0.4356, disk write 389585920 + 0 (0.0166)
11:31:00: INFO [flashield.py:170 (root)]: 	w06.oracleGeneral.bin-0.001-FIFO-True n_req: 64000000, n_miss: 27893321, miss ratio: 0.4358, disk write 389585920 + 0 (0.0166)
11:31:47: INFO [flashield.py:170 (root)]: 	w06.oracleGeneral.bin-0.001-FIFO-True n_req: 65000000, n_miss: 28339602, miss ratio: 0.4360, disk write 389585920 + 0 (0.0166)
11:32:35: INFO [flashield.py:170 (root)]: 	w06.oracleGeneral.bin-0.001-FIFO-True n_req: 66000000, n_miss: 28792602, miss ratio: 0.4363, disk write 389585920 + 0 (0.0166)
11:33:23: INFO [flashield.py:170 (root)]: 	w06.oracleGeneral.bin-0.001-FIFO-True n_req: 67000000, n_miss: 29253425, miss ratio: 0.4366, disk write 389585920 + 0 (0.0166)
11:34:10: INFO [flashield.py:170 (root)]: 	w06.oracleGeneral.bin-0.001-FIFO-True n_req: 68000000, n_miss: 29695471, miss ratio: 0.4367, disk write 389585920 + 0 (0.0166)
11:34:56: INFO [flashield.py:170 (root)]: 	w06.oracleGeneral.bin-0.001-FIFO-True n_req: 69000000, n_miss: 30132089, miss ratio: 0.4367, disk write 389585920 + 0 (0.0166)
11:35:15: INFO [flashield.py:182 (root)]: 	w06.oracleGeneral.bin-0.001-FIFO-True n_req: 69392150, n_miss: 30313276, miss ratio: 0.4368, disk write 389585920 + 0 (0.0166)
