10:41:35: INFO [flashield.py:220 (root)]: 	calculating wss for w07.oracleGeneral.bin
10:42:26: INFO [flashield.py:228 (root)]: 	w07.oracleGeneral.bin wss_obj: 9502621, wss_byte: 146730342912
10:42:26: INFO [cache.py:19 (cache)]: 	create Flashield cache with size 1467303429
10:42:26: INFO [cache.py:19 (cache)]: 	create LRU cache with size 1467303
10:42:26: INFO [cache.py:19 (cache)]: 	create FIFO cache with size 1465836126
10:42:27: INFO [flashield.py:37 (root)]: 	w07.oracleGeneral.bin Training Flashield...
10:42:27: INFO [flashield.py:42 (root)]: 	w07.oracleGeneral.bin Training Flashield: 127846 features 127846 labels ...
10:42:27: INFO [flashield.py:55 (root)]: 	w07.oracleGeneral.bin finish training
10:43:28: INFO [flashield.py:170 (root)]: 	w07.oracleGeneral.bin-0.001-FIFO-True n_req: 1000000, n_miss: 767288, miss ratio: 0.7673, disk write 2124987392 + 0 (0.0145)
10:45:04: INFO [flashield.py:170 (root)]: 	w07.oracleGeneral.bin-0.001-FIFO-True n_req: 2000000, n_miss: 1676643, miss ratio: 0.8383, disk write 2124987392 + 0 (0.0145)
10:46:38: INFO [flashield.py:170 (root)]: 	w07.oracleGeneral.bin-0.001-FIFO-True n_req: 3000000, n_miss: 2562937, miss ratio: 0.8543, disk write 2124987392 + 0 (0.0145)
10:48:12: INFO [flashield.py:170 (root)]: 	w07.oracleGeneral.bin-0.001-FIFO-True n_req: 4000000, n_miss: 3448664, miss ratio: 0.8622, disk write 2124987392 + 0 (0.0145)
10:49:44: INFO [flashield.py:170 (root)]: 	w07.oracleGeneral.bin-0.001-FIFO-True n_req: 5000000, n_miss: 4314483, miss ratio: 0.8629, disk write 2124987392 + 0 (0.0145)
10:51:10: INFO [flashield.py:170 (root)]: 	w07.oracleGeneral.bin-0.001-FIFO-True n_req: 6000000, n_miss: 5122835, miss ratio: 0.8538, disk write 2124987392 + 0 (0.0145)
10:52:30: INFO [flashield.py:170 (root)]: 	w07.oracleGeneral.bin-0.001-FIFO-True n_req: 7000000, n_miss: 5879615, miss ratio: 0.8399, disk write 2124987392 + 0 (0.0145)
10:53:52: INFO [flashield.py:170 (root)]: 	w07.oracleGeneral.bin-0.001-FIFO-True n_req: 8000000, n_miss: 6643734, miss ratio: 0.8305, disk write 2124987392 + 0 (0.0145)
10:55:10: INFO [flashield.py:170 (root)]: 	w07.oracleGeneral.bin-0.001-FIFO-True n_req: 9000000, n_miss: 7380301, miss ratio: 0.8200, disk write 2124987392 + 0 (0.0145)
10:56:44: INFO [flashield.py:170 (root)]: 	w07.oracleGeneral.bin-0.001-FIFO-True n_req: 10000000, n_miss: 8267537, miss ratio: 0.8268, disk write 2124987392 + 0 (0.0145)
10:58:17: INFO [flashield.py:170 (root)]: 	w07.oracleGeneral.bin-0.001-FIFO-True n_req: 11000000, n_miss: 9148829, miss ratio: 0.8317, disk write 2124987392 + 0 (0.0145)
10:59:53: INFO [flashield.py:170 (root)]: 	w07.oracleGeneral.bin-0.001-FIFO-True n_req: 12000000, n_miss: 10053068, miss ratio: 0.8378, disk write 2124987392 + 0 (0.0145)
11:01:29: INFO [flashield.py:170 (root)]: 	w07.oracleGeneral.bin-0.001-FIFO-True n_req: 13000000, n_miss: 10957555, miss ratio: 0.8429, disk write 2124987392 + 0 (0.0145)
11:02:53: INFO [flashield.py:170 (root)]: 	w07.oracleGeneral.bin-0.001-FIFO-True n_req: 14000000, n_miss: 11756508, miss ratio: 0.8398, disk write 2124987392 + 0 (0.0145)
11:04:17: INFO [flashield.py:170 (root)]: 	w07.oracleGeneral.bin-0.001-FIFO-True n_req: 15000000, n_miss: 12547082, miss ratio: 0.8365, disk write 2124987392 + 0 (0.0145)
11:05:37: INFO [flashield.py:170 (root)]: 	w07.oracleGeneral.bin-0.001-FIFO-True n_req: 16000000, n_miss: 13292636, miss ratio: 0.8308, disk write 2124987392 + 0 (0.0145)
11:06:58: INFO [flashield.py:170 (root)]: 	w07.oracleGeneral.bin-0.001-FIFO-True n_req: 17000000, n_miss: 14052994, miss ratio: 0.8266, disk write 2124987392 + 0 (0.0145)
11:08:32: INFO [flashield.py:170 (root)]: 	w07.oracleGeneral.bin-0.001-FIFO-True n_req: 18000000, n_miss: 14947354, miss ratio: 0.8304, disk write 2124987392 + 0 (0.0145)
11:10:08: INFO [flashield.py:170 (root)]: 	w07.oracleGeneral.bin-0.001-FIFO-True n_req: 19000000, n_miss: 15852336, miss ratio: 0.8343, disk write 2124987392 + 0 (0.0145)
11:11:45: INFO [flashield.py:170 (root)]: 	w07.oracleGeneral.bin-0.001-FIFO-True n_req: 20000000, n_miss: 16772748, miss ratio: 0.8386, disk write 2124987392 + 0 (0.0145)
11:13:22: INFO [flashield.py:170 (root)]: 	w07.oracleGeneral.bin-0.001-FIFO-True n_req: 21000000, n_miss: 17683889, miss ratio: 0.8421, disk write 2124987392 + 0 (0.0145)
11:14:46: INFO [flashield.py:170 (root)]: 	w07.oracleGeneral.bin-0.001-FIFO-True n_req: 22000000, n_miss: 18471983, miss ratio: 0.8396, disk write 2124987392 + 0 (0.0145)
11:16:08: INFO [flashield.py:170 (root)]: 	w07.oracleGeneral.bin-0.001-FIFO-True n_req: 23000000, n_miss: 19243539, miss ratio: 0.8367, disk write 2124987392 + 0 (0.0145)
11:17:27: INFO [flashield.py:170 (root)]: 	w07.oracleGeneral.bin-0.001-FIFO-True n_req: 24000000, n_miss: 19983033, miss ratio: 0.8326, disk write 2124987392 + 0 (0.0145)
11:19:05: INFO [flashield.py:170 (root)]: 	w07.oracleGeneral.bin-0.001-FIFO-True n_req: 25000000, n_miss: 20903832, miss ratio: 0.8362, disk write 2124987392 + 0 (0.0145)
11:20:41: INFO [flashield.py:170 (root)]: 	w07.oracleGeneral.bin-0.001-FIFO-True n_req: 26000000, n_miss: 21808532, miss ratio: 0.8388, disk write 2124987392 + 0 (0.0145)
11:22:20: INFO [flashield.py:170 (root)]: 	w07.oracleGeneral.bin-0.001-FIFO-True n_req: 27000000, n_miss: 22743249, miss ratio: 0.8423, disk write 2124987392 + 0 (0.0145)
11:23:54: INFO [flashield.py:170 (root)]: 	w07.oracleGeneral.bin-0.001-FIFO-True n_req: 28000000, n_miss: 23628666, miss ratio: 0.8439, disk write 2124987392 + 0 (0.0145)
11:25:17: INFO [flashield.py:170 (root)]: 	w07.oracleGeneral.bin-0.001-FIFO-True n_req: 29000000, n_miss: 24414257, miss ratio: 0.8419, disk write 2124987392 + 0 (0.0145)
11:26:40: INFO [flashield.py:170 (root)]: 	w07.oracleGeneral.bin-0.001-FIFO-True n_req: 30000000, n_miss: 25186234, miss ratio: 0.8395, disk write 2124987392 + 0 (0.0145)
11:27:58: INFO [flashield.py:170 (root)]: 	w07.oracleGeneral.bin-0.001-FIFO-True n_req: 31000000, n_miss: 25916433, miss ratio: 0.8360, disk write 2124987392 + 0 (0.0145)
11:29:33: INFO [flashield.py:170 (root)]: 	w07.oracleGeneral.bin-0.001-FIFO-True n_req: 32000000, n_miss: 26817521, miss ratio: 0.8380, disk write 2124987392 + 0 (0.0145)
11:31:09: INFO [flashield.py:170 (root)]: 	w07.oracleGeneral.bin-0.001-FIFO-True n_req: 33000000, n_miss: 27720586, miss ratio: 0.8400, disk write 2124987392 + 0 (0.0145)
11:32:44: INFO [flashield.py:170 (root)]: 	w07.oracleGeneral.bin-0.001-FIFO-True n_req: 34000000, n_miss: 28620704, miss ratio: 0.8418, disk write 2124987392 + 0 (0.0145)
11:34:17: INFO [flashield.py:170 (root)]: 	w07.oracleGeneral.bin-0.001-FIFO-True n_req: 35000000, n_miss: 29493948, miss ratio: 0.8427, disk write 2124987392 + 0 (0.0145)
11:35:43: INFO [flashield.py:170 (root)]: 	w07.oracleGeneral.bin-0.001-FIFO-True n_req: 36000000, n_miss: 30306472, miss ratio: 0.8418, disk write 2124987392 + 0 (0.0145)
11:37:06: INFO [flashield.py:170 (root)]: 	w07.oracleGeneral.bin-0.001-FIFO-True n_req: 37000000, n_miss: 31091548, miss ratio: 0.8403, disk write 2124987392 + 0 (0.0145)
11:38:29: INFO [flashield.py:170 (root)]: 	w07.oracleGeneral.bin-0.001-FIFO-True n_req: 38000000, n_miss: 31874150, miss ratio: 0.8388, disk write 2124987392 + 0 (0.0145)
11:40:04: INFO [flashield.py:170 (root)]: 	w07.oracleGeneral.bin-0.001-FIFO-True n_req: 39000000, n_miss: 32764459, miss ratio: 0.8401, disk write 2124987392 + 0 (0.0145)
11:41:41: INFO [flashield.py:170 (root)]: 	w07.oracleGeneral.bin-0.001-FIFO-True n_req: 40000000, n_miss: 33677751, miss ratio: 0.8419, disk write 2124987392 + 0 (0.0145)
11:43:20: INFO [flashield.py:170 (root)]: 	w07.oracleGeneral.bin-0.001-FIFO-True n_req: 41000000, n_miss: 34624335, miss ratio: 0.8445, disk write 2124987392 + 0 (0.0145)
11:45:01: INFO [flashield.py:170 (root)]: 	w07.oracleGeneral.bin-0.001-FIFO-True n_req: 42000000, n_miss: 35572281, miss ratio: 0.8470, disk write 2124987392 + 0 (0.0145)
11:46:37: INFO [flashield.py:170 (root)]: 	w07.oracleGeneral.bin-0.001-FIFO-True n_req: 43000000, n_miss: 36486747, miss ratio: 0.8485, disk write 2124987392 + 0 (0.0145)
11:48:12: INFO [flashield.py:170 (root)]: 	w07.oracleGeneral.bin-0.001-FIFO-True n_req: 44000000, n_miss: 37377076, miss ratio: 0.8495, disk write 2124987392 + 0 (0.0145)
11:49:47: INFO [flashield.py:170 (root)]: 	w07.oracleGeneral.bin-0.001-FIFO-True n_req: 45000000, n_miss: 38276645, miss ratio: 0.8506, disk write 2124987392 + 0 (0.0145)
11:51:25: INFO [flashield.py:170 (root)]: 	w07.oracleGeneral.bin-0.001-FIFO-True n_req: 46000000, n_miss: 39194026, miss ratio: 0.8520, disk write 2124987392 + 0 (0.0145)
11:53:01: INFO [flashield.py:170 (root)]: 	w07.oracleGeneral.bin-0.001-FIFO-True n_req: 47000000, n_miss: 40098913, miss ratio: 0.8532, disk write 2124987392 + 0 (0.0145)
11:54:36: INFO [flashield.py:170 (root)]: 	w07.oracleGeneral.bin-0.001-FIFO-True n_req: 48000000, n_miss: 40992936, miss ratio: 0.8540, disk write 2124987392 + 0 (0.0145)
11:56:13: INFO [flashield.py:170 (root)]: 	w07.oracleGeneral.bin-0.001-FIFO-True n_req: 49000000, n_miss: 41904469, miss ratio: 0.8552, disk write 2124987392 + 0 (0.0145)
11:57:50: INFO [flashield.py:170 (root)]: 	w07.oracleGeneral.bin-0.001-FIFO-True n_req: 50000000, n_miss: 42825052, miss ratio: 0.8565, disk write 2124987392 + 0 (0.0145)
11:59:29: INFO [flashield.py:170 (root)]: 	w07.oracleGeneral.bin-0.001-FIFO-True n_req: 51000000, n_miss: 43756518, miss ratio: 0.8580, disk write 2124987392 + 0 (0.0145)
12:01:09: INFO [flashield.py:170 (root)]: 	w07.oracleGeneral.bin-0.001-FIFO-True n_req: 52000000, n_miss: 44699566, miss ratio: 0.8596, disk write 2124987392 + 0 (0.0145)
12:02:49: INFO [flashield.py:170 (root)]: 	w07.oracleGeneral.bin-0.001-FIFO-True n_req: 53000000, n_miss: 45645762, miss ratio: 0.8612, disk write 2124987392 + 0 (0.0145)
12:04:29: INFO [flashield.py:170 (root)]: 	w07.oracleGeneral.bin-0.001-FIFO-True n_req: 54000000, n_miss: 46592524, miss ratio: 0.8628, disk write 2124987392 + 0 (0.0145)
12:06:08: INFO [flashield.py:170 (root)]: 	w07.oracleGeneral.bin-0.001-FIFO-True n_req: 55000000, n_miss: 47521721, miss ratio: 0.8640, disk write 2124987392 + 0 (0.0145)
12:07:46: INFO [flashield.py:170 (root)]: 	w07.oracleGeneral.bin-0.001-FIFO-True n_req: 56000000, n_miss: 48449666, miss ratio: 0.8652, disk write 2124987392 + 0 (0.0145)
12:09:26: INFO [flashield.py:170 (root)]: 	w07.oracleGeneral.bin-0.001-FIFO-True n_req: 57000000, n_miss: 49384416, miss ratio: 0.8664, disk write 2124987392 + 0 (0.0145)
12:11:04: INFO [flashield.py:170 (root)]: 	w07.oracleGeneral.bin-0.001-FIFO-True n_req: 58000000, n_miss: 50313860, miss ratio: 0.8675, disk write 2124987392 + 0 (0.0145)
12:12:43: INFO [flashield.py:170 (root)]: 	w07.oracleGeneral.bin-0.001-FIFO-True n_req: 59000000, n_miss: 51246906, miss ratio: 0.8686, disk write 2124987392 + 0 (0.0145)
12:14:22: INFO [flashield.py:170 (root)]: 	w07.oracleGeneral.bin-0.001-FIFO-True n_req: 60000000, n_miss: 52175958, miss ratio: 0.8696, disk write 2124987392 + 0 (0.0145)
12:15:52: INFO [flashield.py:170 (root)]: 	w07.oracleGeneral.bin-0.001-FIFO-True n_req: 61000000, n_miss: 53035598, miss ratio: 0.8694, disk write 2124987392 + 0 (0.0145)
12:17:15: INFO [flashield.py:170 (root)]: 	w07.oracleGeneral.bin-0.001-FIFO-True n_req: 62000000, n_miss: 53814481, miss ratio: 0.8680, disk write 2124987392 + 0 (0.0145)
12:18:41: INFO [flashield.py:170 (root)]: 	w07.oracleGeneral.bin-0.001-FIFO-True n_req: 63000000, n_miss: 54628585, miss ratio: 0.8671, disk write 2124987392 + 0 (0.0145)
12:20:16: INFO [flashield.py:170 (root)]: 	w07.oracleGeneral.bin-0.001-FIFO-True n_req: 64000000, n_miss: 55530041, miss ratio: 0.8677, disk write 2124987392 + 0 (0.0145)
12:21:51: INFO [flashield.py:170 (root)]: 	w07.oracleGeneral.bin-0.001-FIFO-True n_req: 65000000, n_miss: 56432848, miss ratio: 0.8682, disk write 2124987392 + 0 (0.0145)
12:23:13: INFO [flashield.py:170 (root)]: 	w07.oracleGeneral.bin-0.001-FIFO-True n_req: 66000000, n_miss: 57204660, miss ratio: 0.8667, disk write 2124987392 + 0 (0.0145)
12:24:30: INFO [flashield.py:170 (root)]: 	w07.oracleGeneral.bin-0.001-FIFO-True n_req: 67000000, n_miss: 57930219, miss ratio: 0.8646, disk write 2124987392 + 0 (0.0145)
12:25:03: INFO [flashield.py:182 (root)]: 	w07.oracleGeneral.bin-0.001-FIFO-True n_req: 67427405, n_miss: 58237283, miss ratio: 0.8637, disk write 2124987392 + 0 (0.0145)
