10:41:35: INFO [flashield.py:220 (root)]: 	calculating wss for w08.oracleGeneral.bin
10:42:09: INFO [flashield.py:228 (root)]: 	w08.oracleGeneral.bin wss_obj: 9040043, wss_byte: 1088232028864
10:42:09: INFO [cache.py:19 (cache)]: 	create Flashield cache with size 10882320288
10:42:09: INFO [cache.py:19 (cache)]: 	create LRU cache with size 10882320
10:42:09: INFO [cache.py:19 (cache)]: 	create FIFO cache with size 10871437968
10:42:09: INFO [flashield.py:37 (root)]: 	w08.oracleGeneral.bin Training Flashield...
10:42:09: INFO [flashield.py:42 (root)]: 	w08.oracleGeneral.bin Training Flashield: 153205 features 153205 labels ...
10:42:09: INFO [flashield.py:55 (root)]: 	w08.oracleGeneral.bin finish training
10:43:35: INFO [flashield.py:170 (root)]: 	w08.oracleGeneral.bin-0.001-FIFO-True n_req: 1000000, n_miss: 976204, miss ratio: 0.9762, disk write 70988134272 + 0 (0.0652)
10:45:18: INFO [flashield.py:170 (root)]: 	w08.oracleGeneral.bin-0.001-FIFO-True n_req: 2000000, n_miss: 1972069, miss ratio: 0.9860, disk write 70988134272 + 0 (0.0652)
10:47:00: INFO [flashield.py:170 (root)]: 	w08.oracleGeneral.bin-0.001-FIFO-True n_req: 3000000, n_miss: 2965293, miss ratio: 0.9884, disk write 70988134272 + 0 (0.0652)
10:48:44: INFO [flashield.py:170 (root)]: 	w08.oracleGeneral.bin-0.001-FIFO-True n_req: 4000000, n_miss: 3962836, miss ratio: 0.9907, disk write 70988134272 + 0 (0.0652)
10:50:26: INFO [flashield.py:170 (root)]: 	w08.oracleGeneral.bin-0.001-FIFO-True n_req: 5000000, n_miss: 4945704, miss ratio: 0.9891, disk write 70988134272 + 0 (0.0652)
10:52:07: INFO [flashield.py:170 (root)]: 	w08.oracleGeneral.bin-0.001-FIFO-True n_req: 6000000, n_miss: 5912629, miss ratio: 0.9854, disk write 70988134272 + 0 (0.0652)
10:53:50: INFO [flashield.py:170 (root)]: 	w08.oracleGeneral.bin-0.001-FIFO-True n_req: 7000000, n_miss: 6908622, miss ratio: 0.9869, disk write 70988134272 + 0 (0.0652)
10:55:33: INFO [flashield.py:170 (root)]: 	w08.oracleGeneral.bin-0.001-FIFO-True n_req: 8000000, n_miss: 7904468, miss ratio: 0.9881, disk write 70988134272 + 0 (0.0652)
10:57:16: INFO [flashield.py:170 (root)]: 	w08.oracleGeneral.bin-0.001-FIFO-True n_req: 9000000, n_miss: 8901461, miss ratio: 0.9891, disk write 70988134272 + 0 (0.0652)
10:58:57: INFO [flashield.py:170 (root)]: 	w08.oracleGeneral.bin-0.001-FIFO-True n_req: 10000000, n_miss: 9864722, miss ratio: 0.9865, disk write 70988134272 + 0 (0.0652)
11:00:39: INFO [flashield.py:170 (root)]: 	w08.oracleGeneral.bin-0.001-FIFO-True n_req: 11000000, n_miss: 10835775, miss ratio: 0.9851, disk write 70988134272 + 0 (0.0652)
11:02:22: INFO [flashield.py:170 (root)]: 	w08.oracleGeneral.bin-0.001-FIFO-True n_req: 12000000, n_miss: 11831090, miss ratio: 0.9859, disk write 70988134272 + 0 (0.0652)
11:04:04: INFO [flashield.py:170 (root)]: 	w08.oracleGeneral.bin-0.001-FIFO-True n_req: 13000000, n_miss: 12825150, miss ratio: 0.9866, disk write 70988134272 + 0 (0.0652)
11:05:47: INFO [flashield.py:170 (root)]: 	w08.oracleGeneral.bin-0.001-FIFO-True n_req: 14000000, n_miss: 13822733, miss ratio: 0.9873, disk write 70988134272 + 0 (0.0652)
11:07:31: INFO [flashield.py:170 (root)]: 	w08.oracleGeneral.bin-0.001-FIFO-True n_req: 15000000, n_miss: 14814260, miss ratio: 0.9876, disk write 70988134272 + 0 (0.0652)
11:09:14: INFO [flashield.py:170 (root)]: 	w08.oracleGeneral.bin-0.001-FIFO-True n_req: 16000000, n_miss: 15802533, miss ratio: 0.9877, disk write 70988134272 + 0 (0.0652)
11:10:59: INFO [flashield.py:170 (root)]: 	w08.oracleGeneral.bin-0.001-FIFO-True n_req: 17000000, n_miss: 16799906, miss ratio: 0.9882, disk write 70988134272 + 0 (0.0652)
11:12:42: INFO [flashield.py:170 (root)]: 	w08.oracleGeneral.bin-0.001-FIFO-True n_req: 18000000, n_miss: 17781252, miss ratio: 0.9878, disk write 70988134272 + 0 (0.0652)
11:14:26: INFO [flashield.py:170 (root)]: 	w08.oracleGeneral.bin-0.001-FIFO-True n_req: 19000000, n_miss: 18774387, miss ratio: 0.9881, disk write 70988134272 + 0 (0.0652)
11:16:11: INFO [flashield.py:170 (root)]: 	w08.oracleGeneral.bin-0.001-FIFO-True n_req: 20000000, n_miss: 19772367, miss ratio: 0.9886, disk write 70988134272 + 0 (0.0652)
11:17:54: INFO [flashield.py:170 (root)]: 	w08.oracleGeneral.bin-0.001-FIFO-True n_req: 21000000, n_miss: 20753869, miss ratio: 0.9883, disk write 70988134272 + 0 (0.0652)
11:19:37: INFO [flashield.py:170 (root)]: 	w08.oracleGeneral.bin-0.001-FIFO-True n_req: 22000000, n_miss: 21750428, miss ratio: 0.9887, disk write 70988134272 + 0 (0.0652)
11:21:20: INFO [flashield.py:170 (root)]: 	w08.oracleGeneral.bin-0.001-FIFO-True n_req: 23000000, n_miss: 22745435, miss ratio: 0.9889, disk write 70988134272 + 0 (0.0652)
11:23:03: INFO [flashield.py:170 (root)]: 	w08.oracleGeneral.bin-0.001-FIFO-True n_req: 24000000, n_miss: 23742722, miss ratio: 0.9893, disk write 70988134272 + 0 (0.0652)
11:24:46: INFO [flashield.py:170 (root)]: 	w08.oracleGeneral.bin-0.001-FIFO-True n_req: 25000000, n_miss: 24732081, miss ratio: 0.9893, disk write 70988134272 + 0 (0.0652)
11:26:28: INFO [flashield.py:170 (root)]: 	w08.oracleGeneral.bin-0.001-FIFO-True n_req: 26000000, n_miss: 25700532, miss ratio: 0.9885, disk write 70988134272 + 0 (0.0652)
11:28:11: INFO [flashield.py:170 (root)]: 	w08.oracleGeneral.bin-0.001-FIFO-True n_req: 27000000, n_miss: 26696816, miss ratio: 0.9888, disk write 70988134272 + 0 (0.0652)
11:29:54: INFO [flashield.py:170 (root)]: 	w08.oracleGeneral.bin-0.001-FIFO-True n_req: 28000000, n_miss: 27692828, miss ratio: 0.9890, disk write 70988134272 + 0 (0.0652)
11:31:37: INFO [flashield.py:170 (root)]: 	w08.oracleGeneral.bin-0.001-FIFO-True n_req: 29000000, n_miss: 28689533, miss ratio: 0.9893, disk write 70988134272 + 0 (0.0652)
11:33:20: INFO [flashield.py:170 (root)]: 	w08.oracleGeneral.bin-0.001-FIFO-True n_req: 30000000, n_miss: 29677197, miss ratio: 0.9892, disk write 70988134272 + 0 (0.0652)
11:35:02: INFO [flashield.py:170 (root)]: 	w08.oracleGeneral.bin-0.001-FIFO-True n_req: 31000000, n_miss: 30651551, miss ratio: 0.9888, disk write 70988134272 + 0 (0.0652)
11:36:43: INFO [flashield.py:170 (root)]: 	w08.oracleGeneral.bin-0.001-FIFO-True n_req: 32000000, n_miss: 31613297, miss ratio: 0.9879, disk write 70988134272 + 0 (0.0652)
11:38:25: INFO [flashield.py:170 (root)]: 	w08.oracleGeneral.bin-0.001-FIFO-True n_req: 33000000, n_miss: 32587761, miss ratio: 0.9875, disk write 70988134272 + 0 (0.0652)
11:40:07: INFO [flashield.py:170 (root)]: 	w08.oracleGeneral.bin-0.001-FIFO-True n_req: 34000000, n_miss: 33570293, miss ratio: 0.9874, disk write 70988134272 + 0 (0.0652)
11:41:50: INFO [flashield.py:170 (root)]: 	w08.oracleGeneral.bin-0.001-FIFO-True n_req: 35000000, n_miss: 34553240, miss ratio: 0.9872, disk write 70988134272 + 0 (0.0652)
11:43:32: INFO [flashield.py:170 (root)]: 	w08.oracleGeneral.bin-0.001-FIFO-True n_req: 36000000, n_miss: 35534774, miss ratio: 0.9871, disk write 70988134272 + 0 (0.0652)
11:45:15: INFO [flashield.py:170 (root)]: 	w08.oracleGeneral.bin-0.001-FIFO-True n_req: 37000000, n_miss: 36531899, miss ratio: 0.9873, disk write 70988134272 + 0 (0.0652)
11:46:58: INFO [flashield.py:170 (root)]: 	w08.oracleGeneral.bin-0.001-FIFO-True n_req: 38000000, n_miss: 37522490, miss ratio: 0.9874, disk write 70988134272 + 0 (0.0652)
11:48:40: INFO [flashield.py:170 (root)]: 	w08.oracleGeneral.bin-0.001-FIFO-True n_req: 39000000, n_miss: 38490689, miss ratio: 0.9869, disk write 70988134272 + 0 (0.0652)
11:50:23: INFO [flashield.py:170 (root)]: 	w08.oracleGeneral.bin-0.001-FIFO-True n_req: 40000000, n_miss: 39487810, miss ratio: 0.9872, disk write 70988134272 + 0 (0.0652)
11:52:05: INFO [flashield.py:170 (root)]: 	w08.oracleGeneral.bin-0.001-FIFO-True n_req: 41000000, n_miss: 40481446, miss ratio: 0.9874, disk write 70988134272 + 0 (0.0652)
11:53:48: INFO [flashield.py:170 (root)]: 	w08.oracleGeneral.bin-0.001-FIFO-True n_req: 42000000, n_miss: 41475478, miss ratio: 0.9875, disk write 70988134272 + 0 (0.0652)
11:55:30: INFO [flashield.py:170 (root)]: 	w08.oracleGeneral.bin-0.001-FIFO-True n_req: 43000000, n_miss: 42455256, miss ratio: 0.9873, disk write 70988134272 + 0 (0.0652)
11:57:13: INFO [flashield.py:170 (root)]: 	w08.oracleGeneral.bin-0.001-FIFO-True n_req: 44000000, n_miss: 43431005, miss ratio: 0.9871, disk write 70988134272 + 0 (0.0652)
11:57:59: INFO [flashield.py:182 (root)]: 	w08.oracleGeneral.bin-0.001-FIFO-True n_req: 44464937, n_miss: 43875498, miss ratio: 0.9867, disk write 70988134272 + 0 (0.0652)
