10:41:35: INFO [flashield.py:220 (root)]: 	calculating wss for w09.oracleGeneral.bin
10:42:10: INFO [flashield.py:228 (root)]: 	w09.oracleGeneral.bin wss_obj: 14867471, wss_byte: 1133869971456
10:42:10: INFO [cache.py:19 (cache)]: 	create Flashield cache with size 11338699714
10:42:10: INFO [cache.py:19 (cache)]: 	create LRU cache with size 11338699
10:42:10: INFO [cache.py:19 (cache)]: 	create FIFO cache with size 11327361015
10:42:11: INFO [flashield.py:37 (root)]: 	w09.oracleGeneral.bin Training Flashield...
10:42:11: INFO [flashield.py:42 (root)]: 	w09.oracleGeneral.bin Training Flashield: 145285 features 145285 labels ...
10:42:11: INFO [flashield.py:55 (root)]: 	w09.oracleGeneral.bin finish training
10:42:21: INFO [flashield.py:170 (root)]: 	w09.oracleGeneral.bin-0.001-FIFO-True n_req: 1000000, n_miss: 358141, miss ratio: 0.3581, disk write 18483887104 + 0 (0.0163)
10:43:06: INFO [flashield.py:170 (root)]: 	w09.oracleGeneral.bin-0.001-FIFO-True n_req: 2000000, n_miss: 772043, miss ratio: 0.3860, disk write 18483887104 + 0 (0.0163)
10:44:14: INFO [flashield.py:170 (root)]: 	w09.oracleGeneral.bin-0.001-FIFO-True n_req: 3000000, n_miss: 1404346, miss ratio: 0.4681, disk write 18483887104 + 0 (0.0163)
10:45:08: INFO [flashield.py:170 (root)]: 	w09.oracleGeneral.bin-0.001-FIFO-True n_req: 4000000, n_miss: 1904111, miss ratio: 0.4760, disk write 18483887104 + 0 (0.0163)
10:46:09: INFO [flashield.py:170 (root)]: 	w09.oracleGeneral.bin-0.001-FIFO-True n_req: 5000000, n_miss: 2468097, miss ratio: 0.4936, disk write 18483887104 + 0 (0.0163)
10:47:12: INFO [flashield.py:170 (root)]: 	w09.oracleGeneral.bin-0.001-FIFO-True n_req: 6000000, n_miss: 3045760, miss ratio: 0.5076, disk write 18483887104 + 0 (0.0163)
10:48:16: INFO [flashield.py:170 (root)]: 	w09.oracleGeneral.bin-0.001-FIFO-True n_req: 7000000, n_miss: 3634793, miss ratio: 0.5193, disk write 18483887104 + 0 (0.0163)
10:49:19: INFO [flashield.py:170 (root)]: 	w09.oracleGeneral.bin-0.001-FIFO-True n_req: 8000000, n_miss: 4220993, miss ratio: 0.5276, disk write 18483887104 + 0 (0.0163)
10:50:27: INFO [flashield.py:170 (root)]: 	w09.oracleGeneral.bin-0.001-FIFO-True n_req: 9000000, n_miss: 4842283, miss ratio: 0.5380, disk write 18483887104 + 0 (0.0163)
10:51:15: INFO [flashield.py:170 (root)]: 	w09.oracleGeneral.bin-0.001-FIFO-True n_req: 10000000, n_miss: 5286957, miss ratio: 0.5287, disk write 18483887104 + 0 (0.0163)
10:52:23: INFO [flashield.py:170 (root)]: 	w09.oracleGeneral.bin-0.001-FIFO-True n_req: 11000000, n_miss: 5921137, miss ratio: 0.5383, disk write 18483887104 + 0 (0.0163)
10:53:14: INFO [flashield.py:170 (root)]: 	w09.oracleGeneral.bin-0.001-FIFO-True n_req: 12000000, n_miss: 6391675, miss ratio: 0.5326, disk write 18483887104 + 0 (0.0163)
10:54:05: INFO [flashield.py:170 (root)]: 	w09.oracleGeneral.bin-0.001-FIFO-True n_req: 13000000, n_miss: 6860831, miss ratio: 0.5278, disk write 18483887104 + 0 (0.0163)
10:54:55: INFO [flashield.py:170 (root)]: 	w09.oracleGeneral.bin-0.001-FIFO-True n_req: 14000000, n_miss: 7327447, miss ratio: 0.5234, disk write 18483887104 + 0 (0.0163)
10:55:50: INFO [flashield.py:170 (root)]: 	w09.oracleGeneral.bin-0.001-FIFO-True n_req: 15000000, n_miss: 7832246, miss ratio: 0.5221, disk write 18483887104 + 0 (0.0163)
10:57:10: INFO [flashield.py:170 (root)]: 	w09.oracleGeneral.bin-0.001-FIFO-True n_req: 16000000, n_miss: 8573472, miss ratio: 0.5358, disk write 18483887104 + 0 (0.0163)
10:58:34: INFO [flashield.py:170 (root)]: 	w09.oracleGeneral.bin-0.001-FIFO-True n_req: 17000000, n_miss: 9357297, miss ratio: 0.5504, disk write 18483887104 + 0 (0.0163)
10:59:48: INFO [flashield.py:170 (root)]: 	w09.oracleGeneral.bin-0.001-FIFO-True n_req: 18000000, n_miss: 10036231, miss ratio: 0.5576, disk write 18483887104 + 0 (0.0163)
11:01:04: INFO [flashield.py:170 (root)]: 	w09.oracleGeneral.bin-0.001-FIFO-True n_req: 19000000, n_miss: 10744997, miss ratio: 0.5655, disk write 18483887104 + 0 (0.0163)
11:02:46: INFO [flashield.py:170 (root)]: 	w09.oracleGeneral.bin-0.001-FIFO-True n_req: 20000000, n_miss: 11692323, miss ratio: 0.5846, disk write 18483887104 + 0 (0.0163)
11:04:27: INFO [flashield.py:170 (root)]: 	w09.oracleGeneral.bin-0.001-FIFO-True n_req: 21000000, n_miss: 12636314, miss ratio: 0.6017, disk write 18483887104 + 0 (0.0163)
11:06:09: INFO [flashield.py:170 (root)]: 	w09.oracleGeneral.bin-0.001-FIFO-True n_req: 22000000, n_miss: 13593260, miss ratio: 0.6179, disk write 18483887104 + 0 (0.0163)
11:07:51: INFO [flashield.py:170 (root)]: 	w09.oracleGeneral.bin-0.001-FIFO-True n_req: 23000000, n_miss: 14545370, miss ratio: 0.6324, disk write 18483887104 + 0 (0.0163)
11:09:34: INFO [flashield.py:170 (root)]: 	w09.oracleGeneral.bin-0.001-FIFO-True n_req: 24000000, n_miss: 15502031, miss ratio: 0.6459, disk write 18483887104 + 0 (0.0163)
11:11:13: INFO [flashield.py:170 (root)]: 	w09.oracleGeneral.bin-0.001-FIFO-True n_req: 25000000, n_miss: 16443012, miss ratio: 0.6577, disk write 18483887104 + 0 (0.0163)
11:12:55: INFO [flashield.py:170 (root)]: 	w09.oracleGeneral.bin-0.001-FIFO-True n_req: 26000000, n_miss: 17394152, miss ratio: 0.6690, disk write 18483887104 + 0 (0.0163)
11:14:37: INFO [flashield.py:170 (root)]: 	w09.oracleGeneral.bin-0.001-FIFO-True n_req: 27000000, n_miss: 18350854, miss ratio: 0.6797, disk write 18483887104 + 0 (0.0163)
11:15:51: INFO [flashield.py:170 (root)]: 	w09.oracleGeneral.bin-0.001-FIFO-True n_req: 28000000, n_miss: 19032863, miss ratio: 0.6797, disk write 18483887104 + 0 (0.0163)
11:17:17: INFO [flashield.py:170 (root)]: 	w09.oracleGeneral.bin-0.001-FIFO-True n_req: 29000000, n_miss: 19838676, miss ratio: 0.6841, disk write 18483887104 + 0 (0.0163)
11:18:43: INFO [flashield.py:170 (root)]: 	w09.oracleGeneral.bin-0.001-FIFO-True n_req: 30000000, n_miss: 20637818, miss ratio: 0.6879, disk write 18483887104 + 0 (0.0163)
11:19:48: INFO [flashield.py:170 (root)]: 	w09.oracleGeneral.bin-0.001-FIFO-True n_req: 31000000, n_miss: 21239761, miss ratio: 0.6852, disk write 18483887104 + 0 (0.0163)
11:20:37: INFO [flashield.py:170 (root)]: 	w09.oracleGeneral.bin-0.001-FIFO-True n_req: 32000000, n_miss: 21695556, miss ratio: 0.6780, disk write 18483887104 + 0 (0.0163)
11:21:29: INFO [flashield.py:170 (root)]: 	w09.oracleGeneral.bin-0.001-FIFO-True n_req: 33000000, n_miss: 22175497, miss ratio: 0.6720, disk write 18483887104 + 0 (0.0163)
11:22:21: INFO [flashield.py:170 (root)]: 	w09.oracleGeneral.bin-0.001-FIFO-True n_req: 34000000, n_miss: 22657180, miss ratio: 0.6664, disk write 18483887104 + 0 (0.0163)
11:23:25: INFO [flashield.py:170 (root)]: 	w09.oracleGeneral.bin-0.001-FIFO-True n_req: 35000000, n_miss: 23241435, miss ratio: 0.6640, disk write 18483887104 + 0 (0.0163)
11:24:23: INFO [flashield.py:170 (root)]: 	w09.oracleGeneral.bin-0.001-FIFO-True n_req: 36000000, n_miss: 23783238, miss ratio: 0.6606, disk write 18483887104 + 0 (0.0163)
11:25:32: INFO [flashield.py:170 (root)]: 	w09.oracleGeneral.bin-0.001-FIFO-True n_req: 37000000, n_miss: 24415250, miss ratio: 0.6599, disk write 18483887104 + 0 (0.0163)
11:26:50: INFO [flashield.py:170 (root)]: 	w09.oracleGeneral.bin-0.001-FIFO-True n_req: 38000000, n_miss: 25138340, miss ratio: 0.6615, disk write 18483887104 + 0 (0.0163)
11:28:05: INFO [flashield.py:170 (root)]: 	w09.oracleGeneral.bin-0.001-FIFO-True n_req: 39000000, n_miss: 25840849, miss ratio: 0.6626, disk write 18483887104 + 0 (0.0163)
11:28:57: INFO [flashield.py:170 (root)]: 	w09.oracleGeneral.bin-0.001-FIFO-True n_req: 40000000, n_miss: 26324923, miss ratio: 0.6581, disk write 18483887104 + 0 (0.0163)
11:29:49: INFO [flashield.py:170 (root)]: 	w09.oracleGeneral.bin-0.001-FIFO-True n_req: 41000000, n_miss: 26811564, miss ratio: 0.6539, disk write 18483887104 + 0 (0.0163)
11:30:40: INFO [flashield.py:170 (root)]: 	w09.oracleGeneral.bin-0.001-FIFO-True n_req: 42000000, n_miss: 27285917, miss ratio: 0.6497, disk write 18483887104 + 0 (0.0163)
11:31:42: INFO [flashield.py:170 (root)]: 	w09.oracleGeneral.bin-0.001-FIFO-True n_req: 43000000, n_miss: 27860279, miss ratio: 0.6479, disk write 18483887104 + 0 (0.0163)
11:32:41: INFO [flashield.py:170 (root)]: 	w09.oracleGeneral.bin-0.001-FIFO-True n_req: 44000000, n_miss: 28401784, miss ratio: 0.6455, disk write 18483887104 + 0 (0.0163)
11:33:37: INFO [flashield.py:170 (root)]: 	w09.oracleGeneral.bin-0.001-FIFO-True n_req: 45000000, n_miss: 28923784, miss ratio: 0.6428, disk write 18483887104 + 0 (0.0163)
11:34:46: INFO [flashield.py:170 (root)]: 	w09.oracleGeneral.bin-0.001-FIFO-True n_req: 46000000, n_miss: 29574953, miss ratio: 0.6429, disk write 18483887104 + 0 (0.0163)
11:35:51: INFO [flashield.py:170 (root)]: 	w09.oracleGeneral.bin-0.001-FIFO-True n_req: 47000000, n_miss: 30171275, miss ratio: 0.6419, disk write 18483887104 + 0 (0.0163)
11:36:56: INFO [flashield.py:170 (root)]: 	w09.oracleGeneral.bin-0.001-FIFO-True n_req: 48000000, n_miss: 30779370, miss ratio: 0.6412, disk write 18483887104 + 0 (0.0163)
11:38:03: INFO [flashield.py:170 (root)]: 	w09.oracleGeneral.bin-0.001-FIFO-True n_req: 49000000, n_miss: 31395819, miss ratio: 0.6407, disk write 18483887104 + 0 (0.0163)
11:38:44: INFO [flashield.py:182 (root)]: 	w09.oracleGeneral.bin-0.001-FIFO-True n_req: 49622929, n_miss: 31772340, miss ratio: 0.6403, disk write 18483887104 + 0 (0.0163)
