10:41:35: INFO [flashield.py:220 (root)]: 	calculating wss for w10.oracleGeneral.bin
10:42:14: INFO [flashield.py:228 (root)]: 	w10.oracleGeneral.bin wss_obj: 12529804, wss_byte: 1567400145920
10:42:14: INFO [cache.py:19 (cache)]: 	create Flashield cache with size 15674001459
10:42:14: INFO [cache.py:19 (cache)]: 	create LRU cache with size 15674001
10:42:14: INFO [cache.py:19 (cache)]: 	create FIFO cache with size 15658327458
10:42:17: INFO [flashield.py:170 (root)]: 	w10.oracleGeneral.bin-0.001-FIFO-True n_req: 1000000, n_miss: 895451, miss ratio: 0.8955, disk write 44376162304 + 0 (0.0283)
10:42:20: INFO [flashield.py:170 (root)]: 	w10.oracleGeneral.bin-0.001-FIFO-True n_req: 2000000, n_miss: 1855547, miss ratio: 0.9278, disk write 102847245824 + 0 (0.0656)
10:42:21: INFO [flashield.py:37 (root)]: 	w10.oracleGeneral.bin Training Flashield...
10:42:21: INFO [flashield.py:42 (root)]: 	w10.oracleGeneral.bin Training Flashield: 662910 features 662910 labels ...
10:42:21: INFO [flashield.py:55 (root)]: 	w10.oracleGeneral.bin finish training
10:43:39: INFO [flashield.py:170 (root)]: 	w10.oracleGeneral.bin-0.001-FIFO-True n_req: 3000000, n_miss: 2784752, miss ratio: 0.9283, disk write 112905307648 + 0 (0.0720)
10:45:06: INFO [flashield.py:170 (root)]: 	w10.oracleGeneral.bin-0.001-FIFO-True n_req: 4000000, n_miss: 3610989, miss ratio: 0.9027, disk write 112905307648 + 0 (0.0720)
10:46:43: INFO [flashield.py:170 (root)]: 	w10.oracleGeneral.bin-0.001-FIFO-True n_req: 5000000, n_miss: 4516449, miss ratio: 0.9033, disk write 112905307648 + 0 (0.0720)
10:48:22: INFO [flashield.py:170 (root)]: 	w10.oracleGeneral.bin-0.001-FIFO-True n_req: 6000000, n_miss: 5467176, miss ratio: 0.9112, disk write 112905307648 + 0 (0.0720)
10:50:02: INFO [flashield.py:170 (root)]: 	w10.oracleGeneral.bin-0.001-FIFO-True n_req: 7000000, n_miss: 6414881, miss ratio: 0.9164, disk write 112905307648 + 0 (0.0720)
10:51:44: INFO [flashield.py:170 (root)]: 	w10.oracleGeneral.bin-0.001-FIFO-True n_req: 8000000, n_miss: 7378895, miss ratio: 0.9224, disk write 112905307648 + 0 (0.0720)
10:53:20: INFO [flashield.py:170 (root)]: 	w10.oracleGeneral.bin-0.001-FIFO-True n_req: 9000000, n_miss: 8288572, miss ratio: 0.9210, disk write 112905307648 + 0 (0.0720)
10:55:00: INFO [flashield.py:170 (root)]: 	w10.oracleGeneral.bin-0.001-FIFO-True n_req: 10000000, n_miss: 9226895, miss ratio: 0.9227, disk write 112905307648 + 0 (0.0720)
10:56:27: INFO [flashield.py:170 (root)]: 	w10.oracleGeneral.bin-0.001-FIFO-True n_req: 11000000, n_miss: 10043389, miss ratio: 0.9130, disk write 112905307648 + 0 (0.0720)
10:57:46: INFO [flashield.py:170 (root)]: 	w10.oracleGeneral.bin-0.001-FIFO-True n_req: 12000000, n_miss: 10790434, miss ratio: 0.8992, disk write 112905307648 + 0 (0.0720)
10:59:26: INFO [flashield.py:170 (root)]: 	w10.oracleGeneral.bin-0.001-FIFO-True n_req: 13000000, n_miss: 11733276, miss ratio: 0.9026, disk write 112905307648 + 0 (0.0720)
11:01:07: INFO [flashield.py:170 (root)]: 	w10.oracleGeneral.bin-0.001-FIFO-True n_req: 14000000, n_miss: 12682805, miss ratio: 0.9059, disk write 112905307648 + 0 (0.0720)
11:02:49: INFO [flashield.py:170 (root)]: 	w10.oracleGeneral.bin-0.001-FIFO-True n_req: 15000000, n_miss: 13640166, miss ratio: 0.9093, disk write 112905307648 + 0 (0.0720)
11:04:29: INFO [flashield.py:170 (root)]: 	w10.oracleGeneral.bin-0.001-FIFO-True n_req: 16000000, n_miss: 14584186, miss ratio: 0.9115, disk write 112905307648 + 0 (0.0720)
11:06:13: INFO [flashield.py:170 (root)]: 	w10.oracleGeneral.bin-0.001-FIFO-True n_req: 17000000, n_miss: 15558556, miss ratio: 0.9152, disk write 112905307648 + 0 (0.0720)
11:07:54: INFO [flashield.py:170 (root)]: 	w10.oracleGeneral.bin-0.001-FIFO-True n_req: 18000000, n_miss: 16500172, miss ratio: 0.9167, disk write 112905307648 + 0 (0.0720)
11:09:31: INFO [flashield.py:170 (root)]: 	w10.oracleGeneral.bin-0.001-FIFO-True n_req: 19000000, n_miss: 17418189, miss ratio: 0.9167, disk write 112905307648 + 0 (0.0720)
11:11:02: INFO [flashield.py:170 (root)]: 	w10.oracleGeneral.bin-0.001-FIFO-True n_req: 20000000, n_miss: 18265869, miss ratio: 0.9133, disk write 112905307648 + 0 (0.0720)
11:12:20: INFO [flashield.py:170 (root)]: 	w10.oracleGeneral.bin-0.001-FIFO-True n_req: 21000000, n_miss: 18992409, miss ratio: 0.9044, disk write 112905307648 + 0 (0.0720)
11:13:45: INFO [flashield.py:170 (root)]: 	w10.oracleGeneral.bin-0.001-FIFO-True n_req: 22000000, n_miss: 19789733, miss ratio: 0.8995, disk write 112905307648 + 0 (0.0720)
11:15:26: INFO [flashield.py:170 (root)]: 	w10.oracleGeneral.bin-0.001-FIFO-True n_req: 23000000, n_miss: 20733732, miss ratio: 0.9015, disk write 112905307648 + 0 (0.0720)
11:17:09: INFO [flashield.py:170 (root)]: 	w10.oracleGeneral.bin-0.001-FIFO-True n_req: 24000000, n_miss: 21697951, miss ratio: 0.9041, disk write 112905307648 + 0 (0.0720)
11:18:42: INFO [flashield.py:170 (root)]: 	w10.oracleGeneral.bin-0.001-FIFO-True n_req: 25000000, n_miss: 22567403, miss ratio: 0.9027, disk write 112905307648 + 0 (0.0720)
11:20:24: INFO [flashield.py:170 (root)]: 	w10.oracleGeneral.bin-0.001-FIFO-True n_req: 26000000, n_miss: 23525519, miss ratio: 0.9048, disk write 112905307648 + 0 (0.0720)
11:22:06: INFO [flashield.py:170 (root)]: 	w10.oracleGeneral.bin-0.001-FIFO-True n_req: 27000000, n_miss: 24485296, miss ratio: 0.9069, disk write 112905307648 + 0 (0.0720)
11:23:47: INFO [flashield.py:170 (root)]: 	w10.oracleGeneral.bin-0.001-FIFO-True n_req: 28000000, n_miss: 25434424, miss ratio: 0.9084, disk write 112905307648 + 0 (0.0720)
11:25:28: INFO [flashield.py:170 (root)]: 	w10.oracleGeneral.bin-0.001-FIFO-True n_req: 29000000, n_miss: 26380032, miss ratio: 0.9097, disk write 112905307648 + 0 (0.0720)
11:27:09: INFO [flashield.py:170 (root)]: 	w10.oracleGeneral.bin-0.001-FIFO-True n_req: 30000000, n_miss: 27327436, miss ratio: 0.9109, disk write 112905307648 + 0 (0.0720)
11:28:54: INFO [flashield.py:170 (root)]: 	w10.oracleGeneral.bin-0.001-FIFO-True n_req: 31000000, n_miss: 28322003, miss ratio: 0.9136, disk write 112905307648 + 0 (0.0720)
11:30:41: INFO [flashield.py:170 (root)]: 	w10.oracleGeneral.bin-0.001-FIFO-True n_req: 32000000, n_miss: 29317870, miss ratio: 0.9162, disk write 112905307648 + 0 (0.0720)
11:32:19: INFO [flashield.py:170 (root)]: 	w10.oracleGeneral.bin-0.001-FIFO-True n_req: 33000000, n_miss: 30244164, miss ratio: 0.9165, disk write 112905307648 + 0 (0.0720)
11:34:03: INFO [flashield.py:170 (root)]: 	w10.oracleGeneral.bin-0.001-FIFO-True n_req: 34000000, n_miss: 31218754, miss ratio: 0.9182, disk write 112905307648 + 0 (0.0720)
11:35:31: INFO [flashield.py:170 (root)]: 	w10.oracleGeneral.bin-0.001-FIFO-True n_req: 35000000, n_miss: 32045073, miss ratio: 0.9156, disk write 112905307648 + 0 (0.0720)
11:37:11: INFO [flashield.py:170 (root)]: 	w10.oracleGeneral.bin-0.001-FIFO-True n_req: 36000000, n_miss: 32991977, miss ratio: 0.9164, disk write 112905307648 + 0 (0.0720)
11:38:52: INFO [flashield.py:170 (root)]: 	w10.oracleGeneral.bin-0.001-FIFO-True n_req: 37000000, n_miss: 33945729, miss ratio: 0.9175, disk write 112905307648 + 0 (0.0720)
11:40:29: INFO [flashield.py:170 (root)]: 	w10.oracleGeneral.bin-0.001-FIFO-True n_req: 38000000, n_miss: 34867282, miss ratio: 0.9176, disk write 112905307648 + 0 (0.0720)
11:41:54: INFO [flashield.py:170 (root)]: 	w10.oracleGeneral.bin-0.001-FIFO-True n_req: 39000000, n_miss: 35670975, miss ratio: 0.9146, disk write 112905307648 + 0 (0.0720)
11:43:34: INFO [flashield.py:170 (root)]: 	w10.oracleGeneral.bin-0.001-FIFO-True n_req: 40000000, n_miss: 36612527, miss ratio: 0.9153, disk write 112905307648 + 0 (0.0720)
11:45:15: INFO [flashield.py:170 (root)]: 	w10.oracleGeneral.bin-0.001-FIFO-True n_req: 41000000, n_miss: 37568381, miss ratio: 0.9163, disk write 112905307648 + 0 (0.0720)
11:46:56: INFO [flashield.py:170 (root)]: 	w10.oracleGeneral.bin-0.001-FIFO-True n_req: 42000000, n_miss: 38530754, miss ratio: 0.9174, disk write 112905307648 + 0 (0.0720)
11:48:32: INFO [flashield.py:170 (root)]: 	w10.oracleGeneral.bin-0.001-FIFO-True n_req: 43000000, n_miss: 39437984, miss ratio: 0.9172, disk write 112905307648 + 0 (0.0720)
11:50:12: INFO [flashield.py:170 (root)]: 	w10.oracleGeneral.bin-0.001-FIFO-True n_req: 44000000, n_miss: 40383537, miss ratio: 0.9178, disk write 112905307648 + 0 (0.0720)
11:51:53: INFO [flashield.py:170 (root)]: 	w10.oracleGeneral.bin-0.001-FIFO-True n_req: 45000000, n_miss: 41335402, miss ratio: 0.9186, disk write 112905307648 + 0 (0.0720)
11:53:34: INFO [flashield.py:170 (root)]: 	w10.oracleGeneral.bin-0.001-FIFO-True n_req: 46000000, n_miss: 42294148, miss ratio: 0.9194, disk write 112905307648 + 0 (0.0720)
11:55:16: INFO [flashield.py:170 (root)]: 	w10.oracleGeneral.bin-0.001-FIFO-True n_req: 47000000, n_miss: 43261247, miss ratio: 0.9205, disk write 112905307648 + 0 (0.0720)
11:56:57: INFO [flashield.py:170 (root)]: 	w10.oracleGeneral.bin-0.001-FIFO-True n_req: 48000000, n_miss: 44213310, miss ratio: 0.9211, disk write 112905307648 + 0 (0.0720)
11:57:29: INFO [flashield.py:182 (root)]: 	w10.oracleGeneral.bin-0.001-FIFO-True n_req: 48342350, n_miss: 44514955, miss ratio: 0.9208, disk write 112905307648 + 0 (0.0720)
