10:41:35: INFO [flashield.py:220 (root)]: 	calculating wss for w11.oracleGeneral.bin
10:42:16: INFO [flashield.py:228 (root)]: 	w11.oracleGeneral.bin wss_obj: 2644480, wss_byte: 81287552000
10:42:16: INFO [cache.py:19 (cache)]: 	create Flashield cache with size 812875520
10:42:16: INFO [cache.py:19 (cache)]: 	create LRU cache with size 812875
10:42:16: INFO [cache.py:19 (cache)]: 	create FIFO cache with size 812062645
10:42:17: INFO [flashield.py:37 (root)]: 	w11.oracleGeneral.bin Training Flashield...
10:42:17: INFO [flashield.py:42 (root)]: 	w11.oracleGeneral.bin Training Flashield: 2219 features 2219 labels ...
10:42:17: INFO [flashield.py:55 (root)]: 	w11.oracleGeneral.bin finish training
10:43:48: INFO [flashield.py:170 (root)]: 	w11.oracleGeneral.bin-0.001-FIFO-True n_req: 1000000, n_miss: 966912, miss ratio: 0.9669, disk write 4544700416 + 0 (0.0559)
10:45:31: INFO [flashield.py:170 (root)]: 	w11.oracleGeneral.bin-0.001-FIFO-True n_req: 2000000, n_miss: 1957623, miss ratio: 0.9788, disk write 4544700416 + 0 (0.0559)
10:47:12: INFO [flashield.py:170 (root)]: 	w11.oracleGeneral.bin-0.001-FIFO-True n_req: 3000000, n_miss: 2939735, miss ratio: 0.9799, disk write 4544700416 + 0 (0.0559)
10:48:54: INFO [flashield.py:170 (root)]: 	w11.oracleGeneral.bin-0.001-FIFO-True n_req: 4000000, n_miss: 3925522, miss ratio: 0.9814, disk write 4544700416 + 0 (0.0559)
10:50:36: INFO [flashield.py:170 (root)]: 	w11.oracleGeneral.bin-0.001-FIFO-True n_req: 5000000, n_miss: 4913444, miss ratio: 0.9827, disk write 4544700416 + 0 (0.0559)
10:52:17: INFO [flashield.py:170 (root)]: 	w11.oracleGeneral.bin-0.001-FIFO-True n_req: 6000000, n_miss: 5895479, miss ratio: 0.9826, disk write 4544700416 + 0 (0.0559)
10:54:00: INFO [flashield.py:170 (root)]: 	w11.oracleGeneral.bin-0.001-FIFO-True n_req: 7000000, n_miss: 6885148, miss ratio: 0.9836, disk write 4544700416 + 0 (0.0559)
10:55:41: INFO [flashield.py:170 (root)]: 	w11.oracleGeneral.bin-0.001-FIFO-True n_req: 8000000, n_miss: 7866993, miss ratio: 0.9834, disk write 4544700416 + 0 (0.0559)
10:57:23: INFO [flashield.py:170 (root)]: 	w11.oracleGeneral.bin-0.001-FIFO-True n_req: 9000000, n_miss: 8854628, miss ratio: 0.9838, disk write 4544700416 + 0 (0.0559)
10:59:06: INFO [flashield.py:170 (root)]: 	w11.oracleGeneral.bin-0.001-FIFO-True n_req: 10000000, n_miss: 9843986, miss ratio: 0.9844, disk write 4544700416 + 0 (0.0559)
11:00:48: INFO [flashield.py:170 (root)]: 	w11.oracleGeneral.bin-0.001-FIFO-True n_req: 11000000, n_miss: 10833042, miss ratio: 0.9848, disk write 4544700416 + 0 (0.0559)
11:02:30: INFO [flashield.py:170 (root)]: 	w11.oracleGeneral.bin-0.001-FIFO-True n_req: 12000000, n_miss: 11818373, miss ratio: 0.9849, disk write 4544700416 + 0 (0.0559)
11:04:12: INFO [flashield.py:170 (root)]: 	w11.oracleGeneral.bin-0.001-FIFO-True n_req: 13000000, n_miss: 12808355, miss ratio: 0.9853, disk write 4544700416 + 0 (0.0559)
11:05:55: INFO [flashield.py:170 (root)]: 	w11.oracleGeneral.bin-0.001-FIFO-True n_req: 14000000, n_miss: 13798910, miss ratio: 0.9856, disk write 4544700416 + 0 (0.0559)
11:07:37: INFO [flashield.py:170 (root)]: 	w11.oracleGeneral.bin-0.001-FIFO-True n_req: 15000000, n_miss: 14788739, miss ratio: 0.9859, disk write 4544700416 + 0 (0.0559)
11:09:19: INFO [flashield.py:170 (root)]: 	w11.oracleGeneral.bin-0.001-FIFO-True n_req: 16000000, n_miss: 15772636, miss ratio: 0.9858, disk write 4544700416 + 0 (0.0559)
11:11:02: INFO [flashield.py:170 (root)]: 	w11.oracleGeneral.bin-0.001-FIFO-True n_req: 17000000, n_miss: 16764577, miss ratio: 0.9862, disk write 4544700416 + 0 (0.0559)
11:12:45: INFO [flashield.py:170 (root)]: 	w11.oracleGeneral.bin-0.001-FIFO-True n_req: 18000000, n_miss: 17756245, miss ratio: 0.9865, disk write 4544700416 + 0 (0.0559)
11:14:27: INFO [flashield.py:170 (root)]: 	w11.oracleGeneral.bin-0.001-FIFO-True n_req: 19000000, n_miss: 18745137, miss ratio: 0.9866, disk write 4544700416 + 0 (0.0559)
11:16:10: INFO [flashield.py:170 (root)]: 	w11.oracleGeneral.bin-0.001-FIFO-True n_req: 20000000, n_miss: 19738020, miss ratio: 0.9869, disk write 4544700416 + 0 (0.0559)
11:17:53: INFO [flashield.py:170 (root)]: 	w11.oracleGeneral.bin-0.001-FIFO-True n_req: 21000000, n_miss: 20733473, miss ratio: 0.9873, disk write 4544700416 + 0 (0.0559)
11:19:37: INFO [flashield.py:170 (root)]: 	w11.oracleGeneral.bin-0.001-FIFO-True n_req: 22000000, n_miss: 21728616, miss ratio: 0.9877, disk write 4544700416 + 0 (0.0559)
11:21:20: INFO [flashield.py:170 (root)]: 	w11.oracleGeneral.bin-0.001-FIFO-True n_req: 23000000, n_miss: 22722980, miss ratio: 0.9880, disk write 4544700416 + 0 (0.0559)
11:23:02: INFO [flashield.py:170 (root)]: 	w11.oracleGeneral.bin-0.001-FIFO-True n_req: 24000000, n_miss: 23717424, miss ratio: 0.9882, disk write 4544700416 + 0 (0.0559)
11:24:45: INFO [flashield.py:170 (root)]: 	w11.oracleGeneral.bin-0.001-FIFO-True n_req: 25000000, n_miss: 24709925, miss ratio: 0.9884, disk write 4544700416 + 0 (0.0559)
11:26:28: INFO [flashield.py:170 (root)]: 	w11.oracleGeneral.bin-0.001-FIFO-True n_req: 26000000, n_miss: 25705010, miss ratio: 0.9887, disk write 4544700416 + 0 (0.0559)
11:28:11: INFO [flashield.py:170 (root)]: 	w11.oracleGeneral.bin-0.001-FIFO-True n_req: 27000000, n_miss: 26699431, miss ratio: 0.9889, disk write 4544700416 + 0 (0.0559)
11:29:54: INFO [flashield.py:170 (root)]: 	w11.oracleGeneral.bin-0.001-FIFO-True n_req: 28000000, n_miss: 27691219, miss ratio: 0.9890, disk write 4544700416 + 0 (0.0559)
11:31:37: INFO [flashield.py:170 (root)]: 	w11.oracleGeneral.bin-0.001-FIFO-True n_req: 29000000, n_miss: 28685646, miss ratio: 0.9892, disk write 4544700416 + 0 (0.0559)
11:33:20: INFO [flashield.py:170 (root)]: 	w11.oracleGeneral.bin-0.001-FIFO-True n_req: 30000000, n_miss: 29680037, miss ratio: 0.9893, disk write 4544700416 + 0 (0.0559)
11:35:03: INFO [flashield.py:170 (root)]: 	w11.oracleGeneral.bin-0.001-FIFO-True n_req: 31000000, n_miss: 30672142, miss ratio: 0.9894, disk write 4544700416 + 0 (0.0559)
11:36:46: INFO [flashield.py:170 (root)]: 	w11.oracleGeneral.bin-0.001-FIFO-True n_req: 32000000, n_miss: 31666188, miss ratio: 0.9896, disk write 4544700416 + 0 (0.0559)
11:38:29: INFO [flashield.py:170 (root)]: 	w11.oracleGeneral.bin-0.001-FIFO-True n_req: 33000000, n_miss: 32657943, miss ratio: 0.9896, disk write 4544700416 + 0 (0.0559)
11:40:12: INFO [flashield.py:170 (root)]: 	w11.oracleGeneral.bin-0.001-FIFO-True n_req: 34000000, n_miss: 33651678, miss ratio: 0.9898, disk write 4544700416 + 0 (0.0559)
11:41:55: INFO [flashield.py:170 (root)]: 	w11.oracleGeneral.bin-0.001-FIFO-True n_req: 35000000, n_miss: 34646501, miss ratio: 0.9899, disk write 4544700416 + 0 (0.0559)
11:43:38: INFO [flashield.py:170 (root)]: 	w11.oracleGeneral.bin-0.001-FIFO-True n_req: 36000000, n_miss: 35640890, miss ratio: 0.9900, disk write 4544700416 + 0 (0.0559)
11:45:21: INFO [flashield.py:170 (root)]: 	w11.oracleGeneral.bin-0.001-FIFO-True n_req: 37000000, n_miss: 36634760, miss ratio: 0.9901, disk write 4544700416 + 0 (0.0559)
11:47:04: INFO [flashield.py:170 (root)]: 	w11.oracleGeneral.bin-0.001-FIFO-True n_req: 38000000, n_miss: 37625991, miss ratio: 0.9902, disk write 4544700416 + 0 (0.0559)
11:48:47: INFO [flashield.py:170 (root)]: 	w11.oracleGeneral.bin-0.001-FIFO-True n_req: 39000000, n_miss: 38620942, miss ratio: 0.9903, disk write 4544700416 + 0 (0.0559)
11:50:30: INFO [flashield.py:170 (root)]: 	w11.oracleGeneral.bin-0.001-FIFO-True n_req: 40000000, n_miss: 39615543, miss ratio: 0.9904, disk write 4544700416 + 0 (0.0559)
11:52:13: INFO [flashield.py:170 (root)]: 	w11.oracleGeneral.bin-0.001-FIFO-True n_req: 41000000, n_miss: 40607954, miss ratio: 0.9904, disk write 4544700416 + 0 (0.0559)
11:53:55: INFO [flashield.py:170 (root)]: 	w11.oracleGeneral.bin-0.001-FIFO-True n_req: 42000000, n_miss: 41602894, miss ratio: 0.9905, disk write 4544700416 + 0 (0.0559)
11:55:38: INFO [flashield.py:170 (root)]: 	w11.oracleGeneral.bin-0.001-FIFO-True n_req: 43000000, n_miss: 42597603, miss ratio: 0.9906, disk write 4544700416 + 0 (0.0559)
11:57:21: INFO [flashield.py:170 (root)]: 	w11.oracleGeneral.bin-0.001-FIFO-True n_req: 44000000, n_miss: 43589261, miss ratio: 0.9907, disk write 4544700416 + 0 (0.0559)
11:59:03: INFO [flashield.py:170 (root)]: 	w11.oracleGeneral.bin-0.001-FIFO-True n_req: 45000000, n_miss: 44583702, miss ratio: 0.9907, disk write 4544700416 + 0 (0.0559)
12:00:47: INFO [flashield.py:170 (root)]: 	w11.oracleGeneral.bin-0.001-FIFO-True n_req: 46000000, n_miss: 45578603, miss ratio: 0.9908, disk write 4544700416 + 0 (0.0559)
12:01:05: INFO [flashield.py:182 (root)]: 	w11.oracleGeneral.bin-0.001-FIFO-True n_req: 46173369, n_miss: 45751040, miss ratio: 0.9909, disk write 4544700416 + 0 (0.0559)
