10:41:35: INFO [flashield.py:220 (root)]: 	calculating wss for w12.oracleGeneral.bin
10:41:57: INFO [flashield.py:228 (root)]: 	w12.oracleGeneral.bin wss_obj: 417995, wss_byte: 8178838016
10:41:57: INFO [cache.py:19 (cache)]: 	create Flashield cache with size 81788380
10:41:57: INFO [cache.py:19 (cache)]: 	create LRU cache with size 81788
10:41:57: INFO [cache.py:19 (cache)]: 	create FIFO cache with size 81706592
10:41:57: INFO [flashield.py:37 (root)]: 	w12.oracleGeneral.bin Training Flashield...
10:41:57: INFO [flashield.py:42 (root)]: 	w12.oracleGeneral.bin Training Flashield: 14022 features 14022 labels ...
10:41:57: INFO [flashield.py:55 (root)]: 	w12.oracleGeneral.bin finish training
10:42:06: INFO [flashield.py:170 (root)]: 	w12.oracleGeneral.bin-0.001-FIFO-True n_req: 1000000, n_miss: 108633, miss ratio: 0.1086, disk write 227734528 + 0 (0.0278)
10:42:21: INFO [flashield.py:170 (root)]: 	w12.oracleGeneral.bin-0.001-FIFO-True n_req: 2000000, n_miss: 245489, miss ratio: 0.1227, disk write 227734528 + 0 (0.0278)
10:42:36: INFO [flashield.py:170 (root)]: 	w12.oracleGeneral.bin-0.001-FIFO-True n_req: 3000000, n_miss: 380023, miss ratio: 0.1267, disk write 227734528 + 0 (0.0278)
10:42:52: INFO [flashield.py:170 (root)]: 	w12.oracleGeneral.bin-0.001-FIFO-True n_req: 4000000, n_miss: 528996, miss ratio: 0.1322, disk write 227734528 + 0 (0.0278)
10:43:13: INFO [flashield.py:170 (root)]: 	w12.oracleGeneral.bin-0.001-FIFO-True n_req: 5000000, n_miss: 719976, miss ratio: 0.1440, disk write 227734528 + 0 (0.0278)
10:43:29: INFO [flashield.py:170 (root)]: 	w12.oracleGeneral.bin-0.001-FIFO-True n_req: 6000000, n_miss: 863797, miss ratio: 0.1440, disk write 227734528 + 0 (0.0278)
10:43:44: INFO [flashield.py:170 (root)]: 	w12.oracleGeneral.bin-0.001-FIFO-True n_req: 7000000, n_miss: 997965, miss ratio: 0.1426, disk write 227734528 + 0 (0.0278)
10:44:08: INFO [flashield.py:170 (root)]: 	w12.oracleGeneral.bin-0.001-FIFO-True n_req: 8000000, n_miss: 1216295, miss ratio: 0.1520, disk write 227734528 + 0 (0.0278)
10:44:23: INFO [flashield.py:170 (root)]: 	w12.oracleGeneral.bin-0.001-FIFO-True n_req: 9000000, n_miss: 1356848, miss ratio: 0.1508, disk write 227734528 + 0 (0.0278)
10:44:42: INFO [flashield.py:170 (root)]: 	w12.oracleGeneral.bin-0.001-FIFO-True n_req: 10000000, n_miss: 1529312, miss ratio: 0.1529, disk write 227734528 + 0 (0.0278)
10:44:57: INFO [flashield.py:170 (root)]: 	w12.oracleGeneral.bin-0.001-FIFO-True n_req: 11000000, n_miss: 1658941, miss ratio: 0.1508, disk write 227734528 + 0 (0.0278)
10:45:22: INFO [flashield.py:170 (root)]: 	w12.oracleGeneral.bin-0.001-FIFO-True n_req: 12000000, n_miss: 1895122, miss ratio: 0.1579, disk write 227734528 + 0 (0.0278)
10:45:39: INFO [flashield.py:170 (root)]: 	w12.oracleGeneral.bin-0.001-FIFO-True n_req: 13000000, n_miss: 2042581, miss ratio: 0.1571, disk write 227734528 + 0 (0.0278)
10:45:57: INFO [flashield.py:170 (root)]: 	w12.oracleGeneral.bin-0.001-FIFO-True n_req: 14000000, n_miss: 2212680, miss ratio: 0.1580, disk write 227734528 + 0 (0.0278)
10:46:16: INFO [flashield.py:170 (root)]: 	w12.oracleGeneral.bin-0.001-FIFO-True n_req: 15000000, n_miss: 2380277, miss ratio: 0.1587, disk write 227734528 + 0 (0.0278)
10:46:37: INFO [flashield.py:170 (root)]: 	w12.oracleGeneral.bin-0.001-FIFO-True n_req: 16000000, n_miss: 2572583, miss ratio: 0.1608, disk write 227734528 + 0 (0.0278)
10:46:52: INFO [flashield.py:170 (root)]: 	w12.oracleGeneral.bin-0.001-FIFO-True n_req: 17000000, n_miss: 2706012, miss ratio: 0.1592, disk write 227734528 + 0 (0.0278)
10:47:05: INFO [flashield.py:170 (root)]: 	w12.oracleGeneral.bin-0.001-FIFO-True n_req: 18000000, n_miss: 2825674, miss ratio: 0.1570, disk write 227734528 + 0 (0.0278)
10:47:26: INFO [flashield.py:170 (root)]: 	w12.oracleGeneral.bin-0.001-FIFO-True n_req: 19000000, n_miss: 3020502, miss ratio: 0.1590, disk write 227734528 + 0 (0.0278)
10:47:39: INFO [flashield.py:170 (root)]: 	w12.oracleGeneral.bin-0.001-FIFO-True n_req: 20000000, n_miss: 3128656, miss ratio: 0.1564, disk write 227734528 + 0 (0.0278)
10:47:55: INFO [flashield.py:170 (root)]: 	w12.oracleGeneral.bin-0.001-FIFO-True n_req: 21000000, n_miss: 3277935, miss ratio: 0.1561, disk write 227734528 + 0 (0.0278)
10:48:15: INFO [flashield.py:170 (root)]: 	w12.oracleGeneral.bin-0.001-FIFO-True n_req: 22000000, n_miss: 3459336, miss ratio: 0.1572, disk write 227734528 + 0 (0.0278)
10:48:30: INFO [flashield.py:170 (root)]: 	w12.oracleGeneral.bin-0.001-FIFO-True n_req: 23000000, n_miss: 3587003, miss ratio: 0.1560, disk write 227734528 + 0 (0.0278)
10:48:49: INFO [flashield.py:170 (root)]: 	w12.oracleGeneral.bin-0.001-FIFO-True n_req: 24000000, n_miss: 3766677, miss ratio: 0.1569, disk write 227734528 + 0 (0.0278)
10:49:04: INFO [flashield.py:170 (root)]: 	w12.oracleGeneral.bin-0.001-FIFO-True n_req: 25000000, n_miss: 3902250, miss ratio: 0.1561, disk write 227734528 + 0 (0.0278)
10:49:23: INFO [flashield.py:170 (root)]: 	w12.oracleGeneral.bin-0.001-FIFO-True n_req: 26000000, n_miss: 4068628, miss ratio: 0.1565, disk write 227734528 + 0 (0.0278)
10:49:35: INFO [flashield.py:170 (root)]: 	w12.oracleGeneral.bin-0.001-FIFO-True n_req: 27000000, n_miss: 4178675, miss ratio: 0.1548, disk write 227734528 + 0 (0.0278)
10:49:58: INFO [flashield.py:170 (root)]: 	w12.oracleGeneral.bin-0.001-FIFO-True n_req: 28000000, n_miss: 4386643, miss ratio: 0.1567, disk write 227734528 + 0 (0.0278)
10:50:16: INFO [flashield.py:170 (root)]: 	w12.oracleGeneral.bin-0.001-FIFO-True n_req: 29000000, n_miss: 4548148, miss ratio: 0.1568, disk write 227734528 + 0 (0.0278)
10:50:40: INFO [flashield.py:170 (root)]: 	w12.oracleGeneral.bin-0.001-FIFO-True n_req: 30000000, n_miss: 4769905, miss ratio: 0.1590, disk write 227734528 + 0 (0.0278)
10:50:54: INFO [flashield.py:170 (root)]: 	w12.oracleGeneral.bin-0.001-FIFO-True n_req: 31000000, n_miss: 4897556, miss ratio: 0.1580, disk write 227734528 + 0 (0.0278)
10:51:08: INFO [flashield.py:170 (root)]: 	w12.oracleGeneral.bin-0.001-FIFO-True n_req: 32000000, n_miss: 5020451, miss ratio: 0.1569, disk write 227734528 + 0 (0.0278)
10:51:30: INFO [flashield.py:170 (root)]: 	w12.oracleGeneral.bin-0.001-FIFO-True n_req: 33000000, n_miss: 5224784, miss ratio: 0.1583, disk write 227734528 + 0 (0.0278)
10:51:54: INFO [flashield.py:170 (root)]: 	w12.oracleGeneral.bin-0.001-FIFO-True n_req: 34000000, n_miss: 5439292, miss ratio: 0.1600, disk write 227734528 + 0 (0.0278)
10:52:13: INFO [flashield.py:170 (root)]: 	w12.oracleGeneral.bin-0.001-FIFO-True n_req: 35000000, n_miss: 5618840, miss ratio: 0.1605, disk write 227734528 + 0 (0.0278)
10:52:37: INFO [flashield.py:170 (root)]: 	w12.oracleGeneral.bin-0.001-FIFO-True n_req: 36000000, n_miss: 5834245, miss ratio: 0.1621, disk write 227734528 + 0 (0.0278)
10:52:55: INFO [flashield.py:170 (root)]: 	w12.oracleGeneral.bin-0.001-FIFO-True n_req: 37000000, n_miss: 6000143, miss ratio: 0.1622, disk write 227734528 + 0 (0.0278)
10:53:13: INFO [flashield.py:170 (root)]: 	w12.oracleGeneral.bin-0.001-FIFO-True n_req: 38000000, n_miss: 6157434, miss ratio: 0.1620, disk write 227734528 + 0 (0.0278)
10:53:35: INFO [flashield.py:170 (root)]: 	w12.oracleGeneral.bin-0.001-FIFO-True n_req: 39000000, n_miss: 6357610, miss ratio: 0.1630, disk write 227734528 + 0 (0.0278)
10:53:55: INFO [flashield.py:170 (root)]: 	w12.oracleGeneral.bin-0.001-FIFO-True n_req: 40000000, n_miss: 6546411, miss ratio: 0.1637, disk write 227734528 + 0 (0.0278)
10:54:23: INFO [flashield.py:170 (root)]: 	w12.oracleGeneral.bin-0.001-FIFO-True n_req: 41000000, n_miss: 6800677, miss ratio: 0.1659, disk write 227734528 + 0 (0.0278)
10:54:48: INFO [flashield.py:170 (root)]: 	w12.oracleGeneral.bin-0.001-FIFO-True n_req: 42000000, n_miss: 7036292, miss ratio: 0.1675, disk write 227734528 + 0 (0.0278)
10:55:13: INFO [flashield.py:170 (root)]: 	w12.oracleGeneral.bin-0.001-FIFO-True n_req: 43000000, n_miss: 7262536, miss ratio: 0.1689, disk write 227734528 + 0 (0.0278)
10:55:28: INFO [flashield.py:170 (root)]: 	w12.oracleGeneral.bin-0.001-FIFO-True n_req: 44000000, n_miss: 7396944, miss ratio: 0.1681, disk write 227734528 + 0 (0.0278)
10:55:51: INFO [flashield.py:170 (root)]: 	w12.oracleGeneral.bin-0.001-FIFO-True n_req: 45000000, n_miss: 7608777, miss ratio: 0.1691, disk write 227734528 + 0 (0.0278)
10:55:58: INFO [flashield.py:182 (root)]: 	w12.oracleGeneral.bin-0.001-FIFO-True n_req: 45355529, n_miss: 7667608, miss ratio: 0.1691, disk write 227734528 + 0 (0.0278)
