10:41:35: INFO [flashield.py:220 (root)]: 	calculating wss for w20.oracleGeneral.bin
10:41:56: INFO [flashield.py:228 (root)]: 	w20.oracleGeneral.bin wss_obj: 10999689, wss_byte: 1147122990592
10:41:56: INFO [cache.py:19 (cache)]: 	create Flashield cache with size 11471229905
10:41:56: INFO [cache.py:19 (cache)]: 	create LRU cache with size 11471229
10:41:56: INFO [cache.py:19 (cache)]: 	create FIFO cache with size 11459758676
10:41:57: INFO [flashield.py:37 (root)]: 	w20.oracleGeneral.bin Training Flashield...
10:41:57: INFO [flashield.py:42 (root)]: 	w20.oracleGeneral.bin Training Flashield: 187082 features 187082 labels ...
10:41:57: INFO [flashield.py:55 (root)]: 	w20.oracleGeneral.bin finish training
10:42:35: INFO [flashield.py:170 (root)]: 	w20.oracleGeneral.bin-0.001-FIFO-True n_req: 1000000, n_miss: 733278, miss ratio: 0.7333, disk write 61633175552 + 0 (0.0537)
10:43:41: INFO [flashield.py:170 (root)]: 	w20.oracleGeneral.bin-0.001-FIFO-True n_req: 2000000, n_miss: 1353873, miss ratio: 0.6769, disk write 61633175552 + 0 (0.0537)
10:44:32: INFO [flashield.py:170 (root)]: 	w20.oracleGeneral.bin-0.001-FIFO-True n_req: 3000000, n_miss: 1845901, miss ratio: 0.6153, disk write 61633175552 + 0 (0.0537)
10:45:37: INFO [flashield.py:170 (root)]: 	w20.oracleGeneral.bin-0.001-FIFO-True n_req: 4000000, n_miss: 2454678, miss ratio: 0.6137, disk write 61633175552 + 0 (0.0537)
10:47:05: INFO [flashield.py:170 (root)]: 	w20.oracleGeneral.bin-0.001-FIFO-True n_req: 5000000, n_miss: 3296700, miss ratio: 0.6593, disk write 61633175552 + 0 (0.0537)
10:48:20: INFO [flashield.py:170 (root)]: 	w20.oracleGeneral.bin-0.001-FIFO-True n_req: 6000000, n_miss: 4002520, miss ratio: 0.6671, disk write 61633175552 + 0 (0.0537)
10:49:37: INFO [flashield.py:170 (root)]: 	w20.oracleGeneral.bin-0.001-FIFO-True n_req: 7000000, n_miss: 4723812, miss ratio: 0.6748, disk write 61633175552 + 0 (0.0537)
10:50:37: INFO [flashield.py:170 (root)]: 	w20.oracleGeneral.bin-0.001-FIFO-True n_req: 8000000, n_miss: 5289302, miss ratio: 0.6612, disk write 61633175552 + 0 (0.0537)
10:51:43: INFO [flashield.py:170 (root)]: 	w20.oracleGeneral.bin-0.001-FIFO-True n_req: 9000000, n_miss: 5919650, miss ratio: 0.6577, disk write 61633175552 + 0 (0.0537)
10:53:20: INFO [flashield.py:170 (root)]: 	w20.oracleGeneral.bin-0.001-FIFO-True n_req: 10000000, n_miss: 6836473, miss ratio: 0.6836, disk write 61633175552 + 0 (0.0537)
10:55:04: INFO [flashield.py:170 (root)]: 	w20.oracleGeneral.bin-0.001-FIFO-True n_req: 11000000, n_miss: 7823170, miss ratio: 0.7112, disk write 61633175552 + 0 (0.0537)
10:56:48: INFO [flashield.py:170 (root)]: 	w20.oracleGeneral.bin-0.001-FIFO-True n_req: 12000000, n_miss: 8809162, miss ratio: 0.7341, disk write 61633175552 + 0 (0.0537)
10:58:32: INFO [flashield.py:170 (root)]: 	w20.oracleGeneral.bin-0.001-FIFO-True n_req: 13000000, n_miss: 9797980, miss ratio: 0.7537, disk write 61633175552 + 0 (0.0537)
11:00:17: INFO [flashield.py:170 (root)]: 	w20.oracleGeneral.bin-0.001-FIFO-True n_req: 14000000, n_miss: 10784768, miss ratio: 0.7703, disk write 61633175552 + 0 (0.0537)
11:01:56: INFO [flashield.py:170 (root)]: 	w20.oracleGeneral.bin-0.001-FIFO-True n_req: 15000000, n_miss: 11729872, miss ratio: 0.7820, disk write 61633175552 + 0 (0.0537)
11:03:35: INFO [flashield.py:170 (root)]: 	w20.oracleGeneral.bin-0.001-FIFO-True n_req: 16000000, n_miss: 12673468, miss ratio: 0.7921, disk write 61633175552 + 0 (0.0537)
11:05:19: INFO [flashield.py:170 (root)]: 	w20.oracleGeneral.bin-0.001-FIFO-True n_req: 17000000, n_miss: 13659117, miss ratio: 0.8035, disk write 61633175552 + 0 (0.0537)
11:07:03: INFO [flashield.py:170 (root)]: 	w20.oracleGeneral.bin-0.001-FIFO-True n_req: 18000000, n_miss: 14642112, miss ratio: 0.8135, disk write 61633175552 + 0 (0.0537)
11:08:46: INFO [flashield.py:170 (root)]: 	w20.oracleGeneral.bin-0.001-FIFO-True n_req: 19000000, n_miss: 15615139, miss ratio: 0.8218, disk write 61633175552 + 0 (0.0537)
11:10:00: INFO [flashield.py:170 (root)]: 	w20.oracleGeneral.bin-0.001-FIFO-True n_req: 20000000, n_miss: 16316123, miss ratio: 0.8158, disk write 61633175552 + 0 (0.0537)
11:10:55: INFO [flashield.py:170 (root)]: 	w20.oracleGeneral.bin-0.001-FIFO-True n_req: 21000000, n_miss: 16826444, miss ratio: 0.8013, disk write 61633175552 + 0 (0.0537)
11:12:13: INFO [flashield.py:170 (root)]: 	w20.oracleGeneral.bin-0.001-FIFO-True n_req: 22000000, n_miss: 17558416, miss ratio: 0.7981, disk write 61633175552 + 0 (0.0537)
11:13:32: INFO [flashield.py:170 (root)]: 	w20.oracleGeneral.bin-0.001-FIFO-True n_req: 23000000, n_miss: 18306395, miss ratio: 0.7959, disk write 61633175552 + 0 (0.0537)
11:14:56: INFO [flashield.py:170 (root)]: 	w20.oracleGeneral.bin-0.001-FIFO-True n_req: 24000000, n_miss: 19105545, miss ratio: 0.7961, disk write 61633175552 + 0 (0.0537)
11:16:09: INFO [flashield.py:170 (root)]: 	w20.oracleGeneral.bin-0.001-FIFO-True n_req: 25000000, n_miss: 19793834, miss ratio: 0.7918, disk write 61633175552 + 0 (0.0537)
11:17:04: INFO [flashield.py:170 (root)]: 	w20.oracleGeneral.bin-0.001-FIFO-True n_req: 26000000, n_miss: 20308697, miss ratio: 0.7811, disk write 61633175552 + 0 (0.0537)
11:18:00: INFO [flashield.py:170 (root)]: 	w20.oracleGeneral.bin-0.001-FIFO-True n_req: 27000000, n_miss: 20841611, miss ratio: 0.7719, disk write 61633175552 + 0 (0.0537)
11:19:23: INFO [flashield.py:170 (root)]: 	w20.oracleGeneral.bin-0.001-FIFO-True n_req: 28000000, n_miss: 21624459, miss ratio: 0.7723, disk write 61633175552 + 0 (0.0537)
11:20:39: INFO [flashield.py:170 (root)]: 	w20.oracleGeneral.bin-0.001-FIFO-True n_req: 29000000, n_miss: 22340331, miss ratio: 0.7704, disk write 61633175552 + 0 (0.0537)
11:21:42: INFO [flashield.py:182 (root)]: 	w20.oracleGeneral.bin-0.001-FIFO-True n_req: 29842317, n_miss: 22926106, miss ratio: 0.7682, disk write 61633175552 + 0 (0.0537)
