10:41:35: INFO [flashield.py:220 (root)]: 	calculating wss for w21.oracleGeneral.bin
10:41:54: INFO [flashield.py:228 (root)]: 	w21.oracleGeneral.bin wss_obj: 4507350, wss_byte: 400996534272
10:41:54: INFO [cache.py:19 (cache)]: 	create Flashield cache with size 4009965342
10:41:54: INFO [cache.py:19 (cache)]: 	create LRU cache with size 4009965
10:41:54: INFO [cache.py:19 (cache)]: 	create FIFO cache with size 4005955377
10:41:57: INFO [flashield.py:170 (root)]: 	w21.oracleGeneral.bin-0.001-FIFO-True n_req: 1000000, n_miss: 998557, miss ratio: 0.9986, disk write 66245577728 + 0 (0.1652)
10:41:59: INFO [flashield.py:37 (root)]: 	w21.oracleGeneral.bin Training Flashield...
10:42:00: INFO [flashield.py:42 (root)]: 	w21.oracleGeneral.bin Training Flashield: 1366902 features 1366902 labels ...
10:42:00: INFO [flashield.py:55 (root)]: 	w21.oracleGeneral.bin finish training
10:42:51: INFO [flashield.py:170 (root)]: 	w21.oracleGeneral.bin-0.001-FIFO-True n_req: 2000000, n_miss: 1908546, miss ratio: 0.9543, disk write 112139711488 + 0 (0.2797)
10:44:27: INFO [flashield.py:170 (root)]: 	w21.oracleGeneral.bin-0.001-FIFO-True n_req: 3000000, n_miss: 2827606, miss ratio: 0.9425, disk write 112139711488 + 0 (0.2797)
10:46:00: INFO [flashield.py:170 (root)]: 	w21.oracleGeneral.bin-0.001-FIFO-True n_req: 4000000, n_miss: 3724309, miss ratio: 0.9311, disk write 112139711488 + 0 (0.2797)
10:47:21: INFO [flashield.py:170 (root)]: 	w21.oracleGeneral.bin-0.001-FIFO-True n_req: 5000000, n_miss: 4496316, miss ratio: 0.8993, disk write 112139711488 + 0 (0.2797)
10:49:05: INFO [flashield.py:170 (root)]: 	w21.oracleGeneral.bin-0.001-FIFO-True n_req: 6000000, n_miss: 5493960, miss ratio: 0.9157, disk write 112139711488 + 0 (0.2797)
10:50:48: INFO [flashield.py:170 (root)]: 	w21.oracleGeneral.bin-0.001-FIFO-True n_req: 7000000, n_miss: 6477376, miss ratio: 0.9253, disk write 112139711488 + 0 (0.2797)
10:52:32: INFO [flashield.py:170 (root)]: 	w21.oracleGeneral.bin-0.001-FIFO-True n_req: 8000000, n_miss: 7474766, miss ratio: 0.9343, disk write 112139711488 + 0 (0.2797)
10:54:08: INFO [flashield.py:170 (root)]: 	w21.oracleGeneral.bin-0.001-FIFO-True n_req: 9000000, n_miss: 8403065, miss ratio: 0.9337, disk write 112139711488 + 0 (0.2797)
10:55:19: INFO [flashield.py:170 (root)]: 	w21.oracleGeneral.bin-0.001-FIFO-True n_req: 10000000, n_miss: 9082087, miss ratio: 0.9082, disk write 112139711488 + 0 (0.2797)
10:57:02: INFO [flashield.py:170 (root)]: 	w21.oracleGeneral.bin-0.001-FIFO-True n_req: 11000000, n_miss: 10078904, miss ratio: 0.9163, disk write 112139711488 + 0 (0.2797)
10:58:44: INFO [flashield.py:170 (root)]: 	w21.oracleGeneral.bin-0.001-FIFO-True n_req: 12000000, n_miss: 11060898, miss ratio: 0.9217, disk write 112139711488 + 0 (0.2797)
11:00:27: INFO [flashield.py:170 (root)]: 	w21.oracleGeneral.bin-0.001-FIFO-True n_req: 13000000, n_miss: 12059239, miss ratio: 0.9276, disk write 112139711488 + 0 (0.2797)
11:02:05: INFO [flashield.py:170 (root)]: 	w21.oracleGeneral.bin-0.001-FIFO-True n_req: 14000000, n_miss: 13007218, miss ratio: 0.9291, disk write 112139711488 + 0 (0.2797)
11:03:29: INFO [flashield.py:170 (root)]: 	w21.oracleGeneral.bin-0.001-FIFO-True n_req: 15000000, n_miss: 13811687, miss ratio: 0.9208, disk write 112139711488 + 0 (0.2797)
11:05:01: INFO [flashield.py:170 (root)]: 	w21.oracleGeneral.bin-0.001-FIFO-True n_req: 16000000, n_miss: 14682786, miss ratio: 0.9177, disk write 112139711488 + 0 (0.2797)
11:06:44: INFO [flashield.py:170 (root)]: 	w21.oracleGeneral.bin-0.001-FIFO-True n_req: 17000000, n_miss: 15666029, miss ratio: 0.9215, disk write 112139711488 + 0 (0.2797)
11:08:28: INFO [flashield.py:170 (root)]: 	w21.oracleGeneral.bin-0.001-FIFO-True n_req: 18000000, n_miss: 16664892, miss ratio: 0.9258, disk write 112139711488 + 0 (0.2797)
11:10:12: INFO [flashield.py:170 (root)]: 	w21.oracleGeneral.bin-0.001-FIFO-True n_req: 19000000, n_miss: 17663075, miss ratio: 0.9296, disk write 112139711488 + 0 (0.2797)
11:11:45: INFO [flashield.py:170 (root)]: 	w21.oracleGeneral.bin-0.001-FIFO-True n_req: 20000000, n_miss: 18556008, miss ratio: 0.9278, disk write 112139711488 + 0 (0.2797)
11:13:09: INFO [flashield.py:170 (root)]: 	w21.oracleGeneral.bin-0.001-FIFO-True n_req: 21000000, n_miss: 19358782, miss ratio: 0.9218, disk write 112139711488 + 0 (0.2797)
11:14:51: INFO [flashield.py:170 (root)]: 	w21.oracleGeneral.bin-0.001-FIFO-True n_req: 22000000, n_miss: 20341432, miss ratio: 0.9246, disk write 112139711488 + 0 (0.2797)
11:16:34: INFO [flashield.py:170 (root)]: 	w21.oracleGeneral.bin-0.001-FIFO-True n_req: 23000000, n_miss: 21340329, miss ratio: 0.9278, disk write 112139711488 + 0 (0.2797)
11:18:17: INFO [flashield.py:170 (root)]: 	w21.oracleGeneral.bin-0.001-FIFO-True n_req: 24000000, n_miss: 22339019, miss ratio: 0.9308, disk write 112139711488 + 0 (0.2797)
11:19:48: INFO [flashield.py:170 (root)]: 	w21.oracleGeneral.bin-0.001-FIFO-True n_req: 25000000, n_miss: 23223723, miss ratio: 0.9289, disk write 112139711488 + 0 (0.2797)
11:21:12: INFO [flashield.py:170 (root)]: 	w21.oracleGeneral.bin-0.001-FIFO-True n_req: 26000000, n_miss: 24024676, miss ratio: 0.9240, disk write 112139711488 + 0 (0.2797)
11:22:56: INFO [flashield.py:170 (root)]: 	w21.oracleGeneral.bin-0.001-FIFO-True n_req: 27000000, n_miss: 25023690, miss ratio: 0.9268, disk write 112139711488 + 0 (0.2797)
11:24:38: INFO [flashield.py:170 (root)]: 	w21.oracleGeneral.bin-0.001-FIFO-True n_req: 28000000, n_miss: 26007176, miss ratio: 0.9288, disk write 112139711488 + 0 (0.2797)
11:26:21: INFO [flashield.py:170 (root)]: 	w21.oracleGeneral.bin-0.001-FIFO-True n_req: 29000000, n_miss: 27005024, miss ratio: 0.9312, disk write 112139711488 + 0 (0.2797)
11:27:04: INFO [flashield.py:182 (root)]: 	w21.oracleGeneral.bin-0.001-FIFO-True n_req: 29416348, n_miss: 27419841, miss ratio: 0.9321, disk write 112139711488 + 0 (0.2797)
