10:41:35: INFO [flashield.py:220 (root)]: 	calculating wss for w25.oracleGeneral.bin
10:41:52: INFO [flashield.py:228 (root)]: 	w25.oracleGeneral.bin wss_obj: 3673364, wss_byte: 161147826688
10:41:52: INFO [cache.py:19 (cache)]: 	create Flashield cache with size 1611478266
10:41:52: INFO [cache.py:19 (cache)]: 	create LRU cache with size 1611478
10:41:52: INFO [cache.py:19 (cache)]: 	create FIFO cache with size 1609866788
10:41:53: INFO [flashield.py:37 (root)]: 	w25.oracleGeneral.bin Training Flashield...
10:41:54: INFO [flashield.py:42 (root)]: 	w25.oracleGeneral.bin Training Flashield: 286367 features 286367 labels ...
10:41:54: INFO [flashield.py:55 (root)]: 	w25.oracleGeneral.bin finish training
10:42:46: INFO [flashield.py:170 (root)]: 	w25.oracleGeneral.bin-0.001-FIFO-True n_req: 1000000, n_miss: 886013, miss ratio: 0.8860, disk write 19588385280 + 0 (0.1216)
10:44:22: INFO [flashield.py:170 (root)]: 	w25.oracleGeneral.bin-0.001-FIFO-True n_req: 2000000, n_miss: 1803663, miss ratio: 0.9018, disk write 19588385280 + 0 (0.1216)
10:45:59: INFO [flashield.py:170 (root)]: 	w25.oracleGeneral.bin-0.001-FIFO-True n_req: 3000000, n_miss: 2727864, miss ratio: 0.9093, disk write 19588385280 + 0 (0.1216)
10:47:26: INFO [flashield.py:170 (root)]: 	w25.oracleGeneral.bin-0.001-FIFO-True n_req: 4000000, n_miss: 3554680, miss ratio: 0.8887, disk write 19588385280 + 0 (0.1216)
10:48:46: INFO [flashield.py:170 (root)]: 	w25.oracleGeneral.bin-0.001-FIFO-True n_req: 5000000, n_miss: 4317369, miss ratio: 0.8635, disk write 19588385280 + 0 (0.1216)
10:50:19: INFO [flashield.py:170 (root)]: 	w25.oracleGeneral.bin-0.001-FIFO-True n_req: 6000000, n_miss: 5198124, miss ratio: 0.8664, disk write 19588385280 + 0 (0.1216)
10:51:58: INFO [flashield.py:170 (root)]: 	w25.oracleGeneral.bin-0.001-FIFO-True n_req: 7000000, n_miss: 6140051, miss ratio: 0.8772, disk write 19588385280 + 0 (0.1216)
10:53:32: INFO [flashield.py:170 (root)]: 	w25.oracleGeneral.bin-0.001-FIFO-True n_req: 8000000, n_miss: 7035430, miss ratio: 0.8794, disk write 19588385280 + 0 (0.1216)
10:54:54: INFO [flashield.py:170 (root)]: 	w25.oracleGeneral.bin-0.001-FIFO-True n_req: 9000000, n_miss: 7818991, miss ratio: 0.8688, disk write 19588385280 + 0 (0.1216)
10:56:18: INFO [flashield.py:170 (root)]: 	w25.oracleGeneral.bin-0.001-FIFO-True n_req: 10000000, n_miss: 8613812, miss ratio: 0.8614, disk write 19588385280 + 0 (0.1216)
10:57:52: INFO [flashield.py:170 (root)]: 	w25.oracleGeneral.bin-0.001-FIFO-True n_req: 11000000, n_miss: 9503716, miss ratio: 0.8640, disk write 19588385280 + 0 (0.1216)
10:59:32: INFO [flashield.py:170 (root)]: 	w25.oracleGeneral.bin-0.001-FIFO-True n_req: 12000000, n_miss: 10458134, miss ratio: 0.8715, disk write 19588385280 + 0 (0.1216)
11:00:59: INFO [flashield.py:170 (root)]: 	w25.oracleGeneral.bin-0.001-FIFO-True n_req: 13000000, n_miss: 11289333, miss ratio: 0.8684, disk write 19588385280 + 0 (0.1216)
11:02:30: INFO [flashield.py:170 (root)]: 	w25.oracleGeneral.bin-0.001-FIFO-True n_req: 14000000, n_miss: 12157173, miss ratio: 0.8684, disk write 19588385280 + 0 (0.1216)
11:04:09: INFO [flashield.py:170 (root)]: 	w25.oracleGeneral.bin-0.001-FIFO-True n_req: 15000000, n_miss: 13093469, miss ratio: 0.8729, disk write 19588385280 + 0 (0.1216)
11:05:45: INFO [flashield.py:170 (root)]: 	w25.oracleGeneral.bin-0.001-FIFO-True n_req: 16000000, n_miss: 13996625, miss ratio: 0.8748, disk write 19588385280 + 0 (0.1216)
11:07:20: INFO [flashield.py:170 (root)]: 	w25.oracleGeneral.bin-0.001-FIFO-True n_req: 17000000, n_miss: 14895864, miss ratio: 0.8762, disk write 19588385280 + 0 (0.1216)
11:08:57: INFO [flashield.py:170 (root)]: 	w25.oracleGeneral.bin-0.001-FIFO-True n_req: 18000000, n_miss: 15819982, miss ratio: 0.8789, disk write 19588385280 + 0 (0.1216)
11:10:38: INFO [flashield.py:170 (root)]: 	w25.oracleGeneral.bin-0.001-FIFO-True n_req: 19000000, n_miss: 16776843, miss ratio: 0.8830, disk write 19588385280 + 0 (0.1216)
11:12:16: INFO [flashield.py:170 (root)]: 	w25.oracleGeneral.bin-0.001-FIFO-True n_req: 20000000, n_miss: 17704886, miss ratio: 0.8852, disk write 19588385280 + 0 (0.1216)
11:13:51: INFO [flashield.py:170 (root)]: 	w25.oracleGeneral.bin-0.001-FIFO-True n_req: 21000000, n_miss: 18606115, miss ratio: 0.8860, disk write 19588385280 + 0 (0.1216)
11:15:27: INFO [flashield.py:170 (root)]: 	w25.oracleGeneral.bin-0.001-FIFO-True n_req: 22000000, n_miss: 19509827, miss ratio: 0.8868, disk write 19588385280 + 0 (0.1216)
11:17:04: INFO [flashield.py:170 (root)]: 	w25.oracleGeneral.bin-0.001-FIFO-True n_req: 23000000, n_miss: 20432275, miss ratio: 0.8884, disk write 19588385280 + 0 (0.1216)
11:18:45: INFO [flashield.py:170 (root)]: 	w25.oracleGeneral.bin-0.001-FIFO-True n_req: 24000000, n_miss: 21390252, miss ratio: 0.8913, disk write 19588385280 + 0 (0.1216)
11:20:22: INFO [flashield.py:170 (root)]: 	w25.oracleGeneral.bin-0.001-FIFO-True n_req: 25000000, n_miss: 22300086, miss ratio: 0.8920, disk write 19588385280 + 0 (0.1216)
11:21:57: INFO [flashield.py:170 (root)]: 	w25.oracleGeneral.bin-0.001-FIFO-True n_req: 26000000, n_miss: 23200096, miss ratio: 0.8923, disk write 19588385280 + 0 (0.1216)
11:22:52: INFO [flashield.py:182 (root)]: 	w25.oracleGeneral.bin-0.001-FIFO-True n_req: 26569398, n_miss: 23718212, miss ratio: 0.8927, disk write 19588385280 + 0 (0.1216)
