10:41:35: INFO [flashield.py:220 (root)]: 	calculating wss for w33.oracleGeneral.bin
10:41:47: INFO [flashield.py:228 (root)]: 	w33.oracleGeneral.bin wss_obj: 1446572, wss_byte: 9092542464
10:41:47: INFO [cache.py:19 (cache)]: 	create Flashield cache with size 90925424
10:41:47: INFO [cache.py:19 (cache)]: 	create LRU cache with size 90925
10:41:47: INFO [cache.py:19 (cache)]: 	create FIFO cache with size 90834499
10:41:47: INFO [flashield.py:37 (root)]: 	w33.oracleGeneral.bin Training Flashield...
10:41:47: INFO [flashield.py:42 (root)]: 	w33.oracleGeneral.bin Training Flashield: 22485 features 22485 labels ...
10:41:47: INFO [flashield.py:55 (root)]: 	w33.oracleGeneral.bin finish training
10:42:31: INFO [flashield.py:170 (root)]: 	w33.oracleGeneral.bin-0.001-FIFO-True n_req: 1000000, n_miss: 469286, miss ratio: 0.4693, disk write 671469568 + 0 (0.0738)
10:43:30: INFO [flashield.py:170 (root)]: 	w33.oracleGeneral.bin-0.001-FIFO-True n_req: 2000000, n_miss: 1038787, miss ratio: 0.5194, disk write 671469568 + 0 (0.0738)
10:44:30: INFO [flashield.py:170 (root)]: 	w33.oracleGeneral.bin-0.001-FIFO-True n_req: 3000000, n_miss: 1614907, miss ratio: 0.5383, disk write 671469568 + 0 (0.0738)
10:45:29: INFO [flashield.py:170 (root)]: 	w33.oracleGeneral.bin-0.001-FIFO-True n_req: 4000000, n_miss: 2185929, miss ratio: 0.5465, disk write 671469568 + 0 (0.0738)
10:46:28: INFO [flashield.py:170 (root)]: 	w33.oracleGeneral.bin-0.001-FIFO-True n_req: 5000000, n_miss: 2751737, miss ratio: 0.5503, disk write 671469568 + 0 (0.0738)
10:47:27: INFO [flashield.py:170 (root)]: 	w33.oracleGeneral.bin-0.001-FIFO-True n_req: 6000000, n_miss: 3322326, miss ratio: 0.5537, disk write 671469568 + 0 (0.0738)
10:48:28: INFO [flashield.py:170 (root)]: 	w33.oracleGeneral.bin-0.001-FIFO-True n_req: 7000000, n_miss: 3903237, miss ratio: 0.5576, disk write 671469568 + 0 (0.0738)
10:49:27: INFO [flashield.py:170 (root)]: 	w33.oracleGeneral.bin-0.001-FIFO-True n_req: 8000000, n_miss: 4475198, miss ratio: 0.5594, disk write 671469568 + 0 (0.0738)
10:50:27: INFO [flashield.py:170 (root)]: 	w33.oracleGeneral.bin-0.001-FIFO-True n_req: 9000000, n_miss: 5050958, miss ratio: 0.5612, disk write 671469568 + 0 (0.0738)
10:51:27: INFO [flashield.py:170 (root)]: 	w33.oracleGeneral.bin-0.001-FIFO-True n_req: 10000000, n_miss: 5630618, miss ratio: 0.5631, disk write 671469568 + 0 (0.0738)
10:52:28: INFO [flashield.py:170 (root)]: 	w33.oracleGeneral.bin-0.001-FIFO-True n_req: 11000000, n_miss: 6214227, miss ratio: 0.5649, disk write 671469568 + 0 (0.0738)
10:53:27: INFO [flashield.py:170 (root)]: 	w33.oracleGeneral.bin-0.001-FIFO-True n_req: 12000000, n_miss: 6779676, miss ratio: 0.5650, disk write 671469568 + 0 (0.0738)
10:54:26: INFO [flashield.py:170 (root)]: 	w33.oracleGeneral.bin-0.001-FIFO-True n_req: 13000000, n_miss: 7345780, miss ratio: 0.5651, disk write 671469568 + 0 (0.0738)
10:55:25: INFO [flashield.py:170 (root)]: 	w33.oracleGeneral.bin-0.001-FIFO-True n_req: 14000000, n_miss: 7915150, miss ratio: 0.5654, disk write 671469568 + 0 (0.0738)
10:56:25: INFO [flashield.py:170 (root)]: 	w33.oracleGeneral.bin-0.001-FIFO-True n_req: 15000000, n_miss: 8485947, miss ratio: 0.5657, disk write 671469568 + 0 (0.0738)
10:57:25: INFO [flashield.py:170 (root)]: 	w33.oracleGeneral.bin-0.001-FIFO-True n_req: 16000000, n_miss: 9062882, miss ratio: 0.5664, disk write 671469568 + 0 (0.0738)
10:58:25: INFO [flashield.py:170 (root)]: 	w33.oracleGeneral.bin-0.001-FIFO-True n_req: 17000000, n_miss: 9642555, miss ratio: 0.5672, disk write 671469568 + 0 (0.0738)
10:59:25: INFO [flashield.py:170 (root)]: 	w33.oracleGeneral.bin-0.001-FIFO-True n_req: 18000000, n_miss: 10220023, miss ratio: 0.5678, disk write 671469568 + 0 (0.0738)
11:00:24: INFO [flashield.py:170 (root)]: 	w33.oracleGeneral.bin-0.001-FIFO-True n_req: 19000000, n_miss: 10793355, miss ratio: 0.5681, disk write 671469568 + 0 (0.0738)
11:01:16: INFO [flashield.py:182 (root)]: 	w33.oracleGeneral.bin-0.001-FIFO-True n_req: 19868346, n_miss: 11290638, miss ratio: 0.5683, disk write 671469568 + 0 (0.0738)
