10:41:35: INFO [flashield.py:220 (root)]: 	calculating wss for w36.oracleGeneral.bin
10:41:46: INFO [flashield.py:228 (root)]: 	w36.oracleGeneral.bin wss_obj: 1248956, wss_byte: 8338862080
10:41:46: INFO [cache.py:19 (cache)]: 	create Flashield cache with size 83388620
10:41:46: INFO [cache.py:19 (cache)]: 	create LRU cache with size 83388
10:41:46: INFO [cache.py:19 (cache)]: 	create FIFO cache with size 83305232
10:41:46: INFO [flashield.py:37 (root)]: 	w36.oracleGeneral.bin Training Flashield...
10:41:46: INFO [flashield.py:42 (root)]: 	w36.oracleGeneral.bin Training Flashield: 20373 features 20373 labels ...
10:41:46: INFO [flashield.py:55 (root)]: 	w36.oracleGeneral.bin finish training
10:42:25: INFO [flashield.py:170 (root)]: 	w36.oracleGeneral.bin-0.001-FIFO-True n_req: 1000000, n_miss: 416847, miss ratio: 0.4168, disk write 640667648 + 0 (0.0768)
10:43:19: INFO [flashield.py:170 (root)]: 	w36.oracleGeneral.bin-0.001-FIFO-True n_req: 2000000, n_miss: 922627, miss ratio: 0.4613, disk write 640667648 + 0 (0.0768)
10:44:13: INFO [flashield.py:170 (root)]: 	w36.oracleGeneral.bin-0.001-FIFO-True n_req: 3000000, n_miss: 1444535, miss ratio: 0.4815, disk write 640667648 + 0 (0.0768)
10:45:10: INFO [flashield.py:170 (root)]: 	w36.oracleGeneral.bin-0.001-FIFO-True n_req: 4000000, n_miss: 1978548, miss ratio: 0.4946, disk write 640667648 + 0 (0.0768)
10:46:06: INFO [flashield.py:170 (root)]: 	w36.oracleGeneral.bin-0.001-FIFO-True n_req: 5000000, n_miss: 2511647, miss ratio: 0.5023, disk write 640667648 + 0 (0.0768)
10:47:02: INFO [flashield.py:170 (root)]: 	w36.oracleGeneral.bin-0.001-FIFO-True n_req: 6000000, n_miss: 3048312, miss ratio: 0.5081, disk write 640667648 + 0 (0.0768)
10:47:59: INFO [flashield.py:170 (root)]: 	w36.oracleGeneral.bin-0.001-FIFO-True n_req: 7000000, n_miss: 3587590, miss ratio: 0.5125, disk write 640667648 + 0 (0.0768)
10:48:54: INFO [flashield.py:170 (root)]: 	w36.oracleGeneral.bin-0.001-FIFO-True n_req: 8000000, n_miss: 4106572, miss ratio: 0.5133, disk write 640667648 + 0 (0.0768)
10:49:49: INFO [flashield.py:170 (root)]: 	w36.oracleGeneral.bin-0.001-FIFO-True n_req: 9000000, n_miss: 4630741, miss ratio: 0.5145, disk write 640667648 + 0 (0.0768)
10:50:44: INFO [flashield.py:170 (root)]: 	w36.oracleGeneral.bin-0.001-FIFO-True n_req: 10000000, n_miss: 5155171, miss ratio: 0.5155, disk write 640667648 + 0 (0.0768)
10:51:39: INFO [flashield.py:170 (root)]: 	w36.oracleGeneral.bin-0.001-FIFO-True n_req: 11000000, n_miss: 5675064, miss ratio: 0.5159, disk write 640667648 + 0 (0.0768)
10:52:31: INFO [flashield.py:170 (root)]: 	w36.oracleGeneral.bin-0.001-FIFO-True n_req: 12000000, n_miss: 6176740, miss ratio: 0.5147, disk write 640667648 + 0 (0.0768)
10:53:22: INFO [flashield.py:170 (root)]: 	w36.oracleGeneral.bin-0.001-FIFO-True n_req: 13000000, n_miss: 6660891, miss ratio: 0.5124, disk write 640667648 + 0 (0.0768)
10:54:16: INFO [flashield.py:170 (root)]: 	w36.oracleGeneral.bin-0.001-FIFO-True n_req: 14000000, n_miss: 7171614, miss ratio: 0.5123, disk write 640667648 + 0 (0.0768)
10:55:11: INFO [flashield.py:170 (root)]: 	w36.oracleGeneral.bin-0.001-FIFO-True n_req: 15000000, n_miss: 7695982, miss ratio: 0.5131, disk write 640667648 + 0 (0.0768)
10:56:06: INFO [flashield.py:170 (root)]: 	w36.oracleGeneral.bin-0.001-FIFO-True n_req: 16000000, n_miss: 8224999, miss ratio: 0.5141, disk write 640667648 + 0 (0.0768)
10:57:02: INFO [flashield.py:170 (root)]: 	w36.oracleGeneral.bin-0.001-FIFO-True n_req: 17000000, n_miss: 8755624, miss ratio: 0.5150, disk write 640667648 + 0 (0.0768)
10:57:58: INFO [flashield.py:170 (root)]: 	w36.oracleGeneral.bin-0.001-FIFO-True n_req: 18000000, n_miss: 9291589, miss ratio: 0.5162, disk write 640667648 + 0 (0.0768)
10:58:50: INFO [flashield.py:182 (root)]: 	w36.oracleGeneral.bin-0.001-FIFO-True n_req: 18915625, n_miss: 9778650, miss ratio: 0.5170, disk write 640667648 + 0 (0.0768)
