10:41:35: INFO [flashield.py:220 (root)]: 	calculating wss for w37.oracleGeneral.bin
10:41:49: INFO [flashield.py:228 (root)]: 	w37.oracleGeneral.bin wss_obj: 5087576, wss_byte: 49989267456
10:41:49: INFO [cache.py:19 (cache)]: 	create Flashield cache with size 499892674
10:41:49: INFO [cache.py:19 (cache)]: 	create LRU cache with size 499892
10:41:49: INFO [cache.py:19 (cache)]: 	create FIFO cache with size 499392782
10:41:49: INFO [flashield.py:37 (root)]: 	w37.oracleGeneral.bin Training Flashield...
10:41:49: INFO [flashield.py:42 (root)]: 	w37.oracleGeneral.bin Training Flashield: 38786 features 38786 labels ...
10:41:49: INFO [flashield.py:55 (root)]: 	w37.oracleGeneral.bin finish training
10:42:55: INFO [flashield.py:170 (root)]: 	w37.oracleGeneral.bin-0.001-FIFO-True n_req: 1000000, n_miss: 795923, miss ratio: 0.7959, disk write 858163712 + 0 (0.0172)
10:44:29: INFO [flashield.py:170 (root)]: 	w37.oracleGeneral.bin-0.001-FIFO-True n_req: 2000000, n_miss: 1700239, miss ratio: 0.8501, disk write 858163712 + 0 (0.0172)
10:45:50: INFO [flashield.py:170 (root)]: 	w37.oracleGeneral.bin-0.001-FIFO-True n_req: 3000000, n_miss: 2472414, miss ratio: 0.8241, disk write 858163712 + 0 (0.0172)
10:47:22: INFO [flashield.py:170 (root)]: 	w37.oracleGeneral.bin-0.001-FIFO-True n_req: 4000000, n_miss: 3355510, miss ratio: 0.8389, disk write 858163712 + 0 (0.0172)
10:48:47: INFO [flashield.py:170 (root)]: 	w37.oracleGeneral.bin-0.001-FIFO-True n_req: 5000000, n_miss: 4160697, miss ratio: 0.8321, disk write 858163712 + 0 (0.0172)
10:50:18: INFO [flashield.py:170 (root)]: 	w37.oracleGeneral.bin-0.001-FIFO-True n_req: 6000000, n_miss: 5041039, miss ratio: 0.8402, disk write 858163712 + 0 (0.0172)
10:51:39: INFO [flashield.py:170 (root)]: 	w37.oracleGeneral.bin-0.001-FIFO-True n_req: 7000000, n_miss: 5810427, miss ratio: 0.8301, disk write 858163712 + 0 (0.0172)
10:53:02: INFO [flashield.py:170 (root)]: 	w37.oracleGeneral.bin-0.001-FIFO-True n_req: 8000000, n_miss: 6605787, miss ratio: 0.8257, disk write 858163712 + 0 (0.0172)
10:54:33: INFO [flashield.py:170 (root)]: 	w37.oracleGeneral.bin-0.001-FIFO-True n_req: 9000000, n_miss: 7476298, miss ratio: 0.8307, disk write 858163712 + 0 (0.0172)
10:56:06: INFO [flashield.py:170 (root)]: 	w37.oracleGeneral.bin-0.001-FIFO-True n_req: 10000000, n_miss: 8371087, miss ratio: 0.8371, disk write 858163712 + 0 (0.0172)
10:57:39: INFO [flashield.py:170 (root)]: 	w37.oracleGeneral.bin-0.001-FIFO-True n_req: 11000000, n_miss: 9257419, miss ratio: 0.8416, disk write 858163712 + 0 (0.0172)
10:59:08: INFO [flashield.py:170 (root)]: 	w37.oracleGeneral.bin-0.001-FIFO-True n_req: 12000000, n_miss: 10104493, miss ratio: 0.8420, disk write 858163712 + 0 (0.0172)
11:00:41: INFO [flashield.py:170 (root)]: 	w37.oracleGeneral.bin-0.001-FIFO-True n_req: 13000000, n_miss: 10992354, miss ratio: 0.8456, disk write 858163712 + 0 (0.0172)
11:02:22: INFO [flashield.py:170 (root)]: 	w37.oracleGeneral.bin-0.001-FIFO-True n_req: 14000000, n_miss: 11960398, miss ratio: 0.8543, disk write 858163712 + 0 (0.0172)
11:03:59: INFO [flashield.py:170 (root)]: 	w37.oracleGeneral.bin-0.001-FIFO-True n_req: 15000000, n_miss: 12896872, miss ratio: 0.8598, disk write 858163712 + 0 (0.0172)
11:05:41: INFO [flashield.py:170 (root)]: 	w37.oracleGeneral.bin-0.001-FIFO-True n_req: 16000000, n_miss: 13871398, miss ratio: 0.8670, disk write 858163712 + 0 (0.0172)
11:07:22: INFO [flashield.py:170 (root)]: 	w37.oracleGeneral.bin-0.001-FIFO-True n_req: 17000000, n_miss: 14829182, miss ratio: 0.8723, disk write 858163712 + 0 (0.0172)
11:08:49: INFO [flashield.py:170 (root)]: 	w37.oracleGeneral.bin-0.001-FIFO-True n_req: 18000000, n_miss: 15656218, miss ratio: 0.8698, disk write 858163712 + 0 (0.0172)
11:10:00: INFO [flashield.py:182 (root)]: 	w37.oracleGeneral.bin-0.001-FIFO-True n_req: 18840688, n_miss: 16331454, miss ratio: 0.8668, disk write 858163712 + 0 (0.0172)
