10:41:35: INFO [flashield.py:220 (root)]: 	calculating wss for w45.oracleGeneral.bin
10:41:42: INFO [flashield.py:228 (root)]: 	w45.oracleGeneral.bin wss_obj: 326828, wss_byte: 2898513920
10:41:42: INFO [cache.py:19 (cache)]: 	create Flashield cache with size 28985139
10:41:42: INFO [cache.py:19 (cache)]: 	create LRU cache with size 28985
10:41:42: INFO [cache.py:19 (cache)]: 	create FIFO cache with size 28956154
10:41:43: INFO [flashield.py:37 (root)]: 	w45.oracleGeneral.bin Training Flashield...
10:41:43: INFO [flashield.py:42 (root)]: 	w45.oracleGeneral.bin Training Flashield: 14906 features 14906 labels ...
10:41:43: INFO [flashield.py:55 (root)]: 	w45.oracleGeneral.bin finish training
10:42:07: INFO [flashield.py:170 (root)]: 	w45.oracleGeneral.bin-0.001-FIFO-True n_req: 1000000, n_miss: 260974, miss ratio: 0.2610, disk write 486420480 + 0 (0.1678)
10:42:37: INFO [flashield.py:170 (root)]: 	w45.oracleGeneral.bin-0.001-FIFO-True n_req: 2000000, n_miss: 544071, miss ratio: 0.2720, disk write 486420480 + 0 (0.1678)
10:43:08: INFO [flashield.py:170 (root)]: 	w45.oracleGeneral.bin-0.001-FIFO-True n_req: 3000000, n_miss: 838581, miss ratio: 0.2795, disk write 486420480 + 0 (0.1678)
10:43:40: INFO [flashield.py:170 (root)]: 	w45.oracleGeneral.bin-0.001-FIFO-True n_req: 4000000, n_miss: 1132548, miss ratio: 0.2831, disk write 486420480 + 0 (0.1678)
10:44:11: INFO [flashield.py:170 (root)]: 	w45.oracleGeneral.bin-0.001-FIFO-True n_req: 5000000, n_miss: 1429473, miss ratio: 0.2859, disk write 486420480 + 0 (0.1678)
10:44:42: INFO [flashield.py:170 (root)]: 	w45.oracleGeneral.bin-0.001-FIFO-True n_req: 6000000, n_miss: 1722309, miss ratio: 0.2871, disk write 486420480 + 0 (0.1678)
10:45:15: INFO [flashield.py:170 (root)]: 	w45.oracleGeneral.bin-0.001-FIFO-True n_req: 7000000, n_miss: 2024368, miss ratio: 0.2892, disk write 486420480 + 0 (0.1678)
10:45:46: INFO [flashield.py:170 (root)]: 	w45.oracleGeneral.bin-0.001-FIFO-True n_req: 8000000, n_miss: 2319997, miss ratio: 0.2900, disk write 486420480 + 0 (0.1678)
10:46:18: INFO [flashield.py:170 (root)]: 	w45.oracleGeneral.bin-0.001-FIFO-True n_req: 9000000, n_miss: 2617130, miss ratio: 0.2908, disk write 486420480 + 0 (0.1678)
10:46:49: INFO [flashield.py:170 (root)]: 	w45.oracleGeneral.bin-0.001-FIFO-True n_req: 10000000, n_miss: 2911416, miss ratio: 0.2911, disk write 486420480 + 0 (0.1678)
10:47:20: INFO [flashield.py:170 (root)]: 	w45.oracleGeneral.bin-0.001-FIFO-True n_req: 11000000, n_miss: 3202067, miss ratio: 0.2911, disk write 486420480 + 0 (0.1678)
10:47:52: INFO [flashield.py:170 (root)]: 	w45.oracleGeneral.bin-0.001-FIFO-True n_req: 12000000, n_miss: 3502945, miss ratio: 0.2919, disk write 486420480 + 0 (0.1678)
10:48:24: INFO [flashield.py:170 (root)]: 	w45.oracleGeneral.bin-0.001-FIFO-True n_req: 13000000, n_miss: 3808511, miss ratio: 0.2930, disk write 486420480 + 0 (0.1678)
10:48:56: INFO [flashield.py:170 (root)]: 	w45.oracleGeneral.bin-0.001-FIFO-True n_req: 14000000, n_miss: 4104639, miss ratio: 0.2932, disk write 486420480 + 0 (0.1678)
10:49:28: INFO [flashield.py:170 (root)]: 	w45.oracleGeneral.bin-0.001-FIFO-True n_req: 15000000, n_miss: 4403716, miss ratio: 0.2936, disk write 486420480 + 0 (0.1678)
10:49:30: INFO [flashield.py:182 (root)]: 	w45.oracleGeneral.bin-0.001-FIFO-True n_req: 15064629, n_miss: 4422736, miss ratio: 0.2936, disk write 486420480 + 0 (0.1678)
