10:41:35: INFO [flashield.py:220 (root)]: 	calculating wss for w47.oracleGeneral.bin
10:41:42: INFO [flashield.py:228 (root)]: 	w47.oracleGeneral.bin wss_obj: 298214, wss_byte: 3151134720
10:41:42: INFO [cache.py:19 (cache)]: 	create Flashield cache with size 31511347
10:41:42: INFO [cache.py:19 (cache)]: 	create LRU cache with size 31511
10:41:42: INFO [cache.py:19 (cache)]: 	create FIFO cache with size 31479836
10:41:43: INFO [flashield.py:37 (root)]: 	w47.oracleGeneral.bin Training Flashield...
10:41:43: INFO [flashield.py:42 (root)]: 	w47.oracleGeneral.bin Training Flashield: 12590 features 12590 labels ...
10:41:43: INFO [flashield.py:55 (root)]: 	w47.oracleGeneral.bin finish training
10:42:07: INFO [flashield.py:170 (root)]: 	w47.oracleGeneral.bin-0.001-FIFO-True n_req: 1000000, n_miss: 259746, miss ratio: 0.2597, disk write 528375808 + 0 (0.1677)
10:42:39: INFO [flashield.py:170 (root)]: 	w47.oracleGeneral.bin-0.001-FIFO-True n_req: 2000000, n_miss: 561665, miss ratio: 0.2808, disk write 528375808 + 0 (0.1677)
10:43:11: INFO [flashield.py:170 (root)]: 	w47.oracleGeneral.bin-0.001-FIFO-True n_req: 3000000, n_miss: 860706, miss ratio: 0.2869, disk write 528375808 + 0 (0.1677)
10:43:42: INFO [flashield.py:170 (root)]: 	w47.oracleGeneral.bin-0.001-FIFO-True n_req: 4000000, n_miss: 1147355, miss ratio: 0.2868, disk write 528375808 + 0 (0.1677)
10:44:13: INFO [flashield.py:170 (root)]: 	w47.oracleGeneral.bin-0.001-FIFO-True n_req: 5000000, n_miss: 1439206, miss ratio: 0.2878, disk write 528375808 + 0 (0.1677)
10:44:45: INFO [flashield.py:170 (root)]: 	w47.oracleGeneral.bin-0.001-FIFO-True n_req: 6000000, n_miss: 1745105, miss ratio: 0.2909, disk write 528375808 + 0 (0.1677)
10:45:17: INFO [flashield.py:170 (root)]: 	w47.oracleGeneral.bin-0.001-FIFO-True n_req: 7000000, n_miss: 2047335, miss ratio: 0.2925, disk write 528375808 + 0 (0.1677)
10:45:50: INFO [flashield.py:170 (root)]: 	w47.oracleGeneral.bin-0.001-FIFO-True n_req: 8000000, n_miss: 2351952, miss ratio: 0.2940, disk write 528375808 + 0 (0.1677)
10:46:22: INFO [flashield.py:170 (root)]: 	w47.oracleGeneral.bin-0.001-FIFO-True n_req: 9000000, n_miss: 2654902, miss ratio: 0.2950, disk write 528375808 + 0 (0.1677)
10:46:54: INFO [flashield.py:170 (root)]: 	w47.oracleGeneral.bin-0.001-FIFO-True n_req: 10000000, n_miss: 2953513, miss ratio: 0.2954, disk write 528375808 + 0 (0.1677)
10:47:26: INFO [flashield.py:170 (root)]: 	w47.oracleGeneral.bin-0.001-FIFO-True n_req: 11000000, n_miss: 3253059, miss ratio: 0.2957, disk write 528375808 + 0 (0.1677)
10:47:58: INFO [flashield.py:170 (root)]: 	w47.oracleGeneral.bin-0.001-FIFO-True n_req: 12000000, n_miss: 3558201, miss ratio: 0.2965, disk write 528375808 + 0 (0.1677)
10:48:31: INFO [flashield.py:170 (root)]: 	w47.oracleGeneral.bin-0.001-FIFO-True n_req: 13000000, n_miss: 3863898, miss ratio: 0.2972, disk write 528375808 + 0 (0.1677)
10:49:02: INFO [flashield.py:170 (root)]: 	w47.oracleGeneral.bin-0.001-FIFO-True n_req: 14000000, n_miss: 4157316, miss ratio: 0.2970, disk write 528375808 + 0 (0.1677)
10:49:12: INFO [flashield.py:182 (root)]: 	w47.oracleGeneral.bin-0.001-FIFO-True n_req: 14314717, n_miss: 4250569, miss ratio: 0.2969, disk write 528375808 + 0 (0.1677)
