10:41:35: INFO [flashield.py:220 (root)]: 	calculating wss for w48.oracleGeneral.bin
10:41:44: INFO [flashield.py:228 (root)]: 	w48.oracleGeneral.bin wss_obj: 3600621, wss_byte: 220604668416
10:41:44: INFO [cache.py:19 (cache)]: 	create Flashield cache with size 2206046684
10:41:44: INFO [cache.py:19 (cache)]: 	create LRU cache with size 2206046
10:41:44: INFO [cache.py:19 (cache)]: 	create FIFO cache with size 2203840638
10:41:44: INFO [flashield.py:37 (root)]: 	w48.oracleGeneral.bin Training Flashield...
10:41:44: INFO [flashield.py:42 (root)]: 	w48.oracleGeneral.bin Training Flashield: 10724 features 10724 labels ...
10:41:44: INFO [flashield.py:55 (root)]: 	w48.oracleGeneral.bin finish training
10:43:20: INFO [flashield.py:170 (root)]: 	w48.oracleGeneral.bin-0.001-FIFO-True n_req: 1000000, n_miss: 946776, miss ratio: 0.9468, disk write 1335113216 + 0 (0.0061)
10:45:00: INFO [flashield.py:170 (root)]: 	w48.oracleGeneral.bin-0.001-FIFO-True n_req: 2000000, n_miss: 1911248, miss ratio: 0.9556, disk write 1335113216 + 0 (0.0061)
10:46:37: INFO [flashield.py:170 (root)]: 	w48.oracleGeneral.bin-0.001-FIFO-True n_req: 3000000, n_miss: 2837798, miss ratio: 0.9459, disk write 1335113216 + 0 (0.0061)
10:48:20: INFO [flashield.py:170 (root)]: 	w48.oracleGeneral.bin-0.001-FIFO-True n_req: 4000000, n_miss: 3833580, miss ratio: 0.9584, disk write 1335113216 + 0 (0.0061)
10:49:53: INFO [flashield.py:170 (root)]: 	w48.oracleGeneral.bin-0.001-FIFO-True n_req: 5000000, n_miss: 4727738, miss ratio: 0.9455, disk write 1335113216 + 0 (0.0061)
10:51:36: INFO [flashield.py:170 (root)]: 	w48.oracleGeneral.bin-0.001-FIFO-True n_req: 6000000, n_miss: 5722502, miss ratio: 0.9538, disk write 1335113216 + 0 (0.0061)
10:53:09: INFO [flashield.py:170 (root)]: 	w48.oracleGeneral.bin-0.001-FIFO-True n_req: 7000000, n_miss: 6626570, miss ratio: 0.9467, disk write 1335113216 + 0 (0.0061)
10:54:51: INFO [flashield.py:170 (root)]: 	w48.oracleGeneral.bin-0.001-FIFO-True n_req: 8000000, n_miss: 7619428, miss ratio: 0.9524, disk write 1335113216 + 0 (0.0061)
10:56:26: INFO [flashield.py:170 (root)]: 	w48.oracleGeneral.bin-0.001-FIFO-True n_req: 9000000, n_miss: 8535823, miss ratio: 0.9484, disk write 1335113216 + 0 (0.0061)
10:58:06: INFO [flashield.py:170 (root)]: 	w48.oracleGeneral.bin-0.001-FIFO-True n_req: 10000000, n_miss: 9497242, miss ratio: 0.9497, disk write 1335113216 + 0 (0.0061)
10:59:46: INFO [flashield.py:170 (root)]: 	w48.oracleGeneral.bin-0.001-FIFO-True n_req: 11000000, n_miss: 10451528, miss ratio: 0.9501, disk write 1335113216 + 0 (0.0061)
11:01:29: INFO [flashield.py:170 (root)]: 	w48.oracleGeneral.bin-0.001-FIFO-True n_req: 12000000, n_miss: 11445868, miss ratio: 0.9538, disk write 1335113216 + 0 (0.0061)
11:03:04: INFO [flashield.py:170 (root)]: 	w48.oracleGeneral.bin-0.001-FIFO-True n_req: 13000000, n_miss: 12372031, miss ratio: 0.9517, disk write 1335113216 + 0 (0.0061)
11:04:45: INFO [flashield.py:170 (root)]: 	w48.oracleGeneral.bin-0.001-FIFO-True n_req: 14000000, n_miss: 13341528, miss ratio: 0.9530, disk write 1335113216 + 0 (0.0061)
11:04:52: INFO [flashield.py:182 (root)]: 	w48.oracleGeneral.bin-0.001-FIFO-True n_req: 14097008, n_miss: 13415122, miss ratio: 0.9516, disk write 1335113216 + 0 (0.0061)
