10:41:35: INFO [flashield.py:220 (root)]: 	calculating wss for w49.oracleGeneral.bin
10:41:42: INFO [flashield.py:228 (root)]: 	w49.oracleGeneral.bin wss_obj: 1594732, wss_byte: 80910297280
10:41:42: INFO [cache.py:19 (cache)]: 	create Flashield cache with size 809102972
10:41:42: INFO [cache.py:19 (cache)]: 	create LRU cache with size 809102
10:41:42: INFO [cache.py:19 (cache)]: 	create FIFO cache with size 808293870
10:41:42: INFO [flashield.py:37 (root)]: 	w49.oracleGeneral.bin Training Flashield...
10:41:42: INFO [flashield.py:42 (root)]: 	w49.oracleGeneral.bin Training Flashield: 43459 features 43459 labels ...
10:41:42: INFO [flashield.py:55 (root)]: 	w49.oracleGeneral.bin finish training
10:43:02: INFO [flashield.py:170 (root)]: 	w49.oracleGeneral.bin-0.001-FIFO-True n_req: 1000000, n_miss: 802520, miss ratio: 0.8025, disk write 1901709824 + 0 (0.0235)
10:44:15: INFO [flashield.py:170 (root)]: 	w49.oracleGeneral.bin-0.001-FIFO-True n_req: 2000000, n_miss: 1487637, miss ratio: 0.7438, disk write 1901709824 + 0 (0.0235)
10:45:29: INFO [flashield.py:170 (root)]: 	w49.oracleGeneral.bin-0.001-FIFO-True n_req: 3000000, n_miss: 2177968, miss ratio: 0.7260, disk write 1901709824 + 0 (0.0235)
10:46:53: INFO [flashield.py:170 (root)]: 	w49.oracleGeneral.bin-0.001-FIFO-True n_req: 4000000, n_miss: 2973396, miss ratio: 0.7433, disk write 1901709824 + 0 (0.0235)
10:48:21: INFO [flashield.py:170 (root)]: 	w49.oracleGeneral.bin-0.001-FIFO-True n_req: 5000000, n_miss: 3799097, miss ratio: 0.7598, disk write 1901709824 + 0 (0.0235)
10:49:36: INFO [flashield.py:170 (root)]: 	w49.oracleGeneral.bin-0.001-FIFO-True n_req: 6000000, n_miss: 4499540, miss ratio: 0.7499, disk write 1901709824 + 0 (0.0235)
10:50:45: INFO [flashield.py:170 (root)]: 	w49.oracleGeneral.bin-0.001-FIFO-True n_req: 7000000, n_miss: 5147162, miss ratio: 0.7353, disk write 1901709824 + 0 (0.0235)
10:52:06: INFO [flashield.py:170 (root)]: 	w49.oracleGeneral.bin-0.001-FIFO-True n_req: 8000000, n_miss: 5906349, miss ratio: 0.7383, disk write 1901709824 + 0 (0.0235)
10:53:26: INFO [flashield.py:170 (root)]: 	w49.oracleGeneral.bin-0.001-FIFO-True n_req: 9000000, n_miss: 6655218, miss ratio: 0.7395, disk write 1901709824 + 0 (0.0235)
10:54:36: INFO [flashield.py:170 (root)]: 	w49.oracleGeneral.bin-0.001-FIFO-True n_req: 10000000, n_miss: 7316072, miss ratio: 0.7316, disk write 1901709824 + 0 (0.0235)
10:55:59: INFO [flashield.py:170 (root)]: 	w49.oracleGeneral.bin-0.001-FIFO-True n_req: 11000000, n_miss: 8095767, miss ratio: 0.7360, disk write 1901709824 + 0 (0.0235)
10:56:07: INFO [flashield.py:182 (root)]: 	w49.oracleGeneral.bin-0.001-FIFO-True n_req: 11151558, n_miss: 8171298, miss ratio: 0.7327, disk write 1901709824 + 0 (0.0235)
