10:41:35: INFO [flashield.py:220 (root)]: 	calculating wss for w52.oracleGeneral.bin
10:41:41: INFO [flashield.py:228 (root)]: 	w52.oracleGeneral.bin wss_obj: 694839, wss_byte: 7844737024
10:41:41: INFO [cache.py:19 (cache)]: 	create Flashield cache with size 78447370
10:41:41: INFO [cache.py:19 (cache)]: 	create LRU cache with size 78447
10:41:41: INFO [cache.py:19 (cache)]: 	create FIFO cache with size 78368923
10:41:41: INFO [flashield.py:37 (root)]: 	w52.oracleGeneral.bin Training Flashield...
10:41:41: INFO [flashield.py:42 (root)]: 	w52.oracleGeneral.bin Training Flashield: 33287 features 33287 labels ...
10:41:41: INFO [flashield.py:55 (root)]: 	w52.oracleGeneral.bin finish training
10:42:33: INFO [flashield.py:170 (root)]: 	w52.oracleGeneral.bin-0.001-FIFO-True n_req: 1000000, n_miss: 536933, miss ratio: 0.5369, disk write 266456064 + 0 (0.0340)
10:43:31: INFO [flashield.py:170 (root)]: 	w52.oracleGeneral.bin-0.001-FIFO-True n_req: 2000000, n_miss: 1095517, miss ratio: 0.5478, disk write 266456064 + 0 (0.0340)
10:44:24: INFO [flashield.py:170 (root)]: 	w52.oracleGeneral.bin-0.001-FIFO-True n_req: 3000000, n_miss: 1596728, miss ratio: 0.5322, disk write 266456064 + 0 (0.0340)
10:45:16: INFO [flashield.py:170 (root)]: 	w52.oracleGeneral.bin-0.001-FIFO-True n_req: 4000000, n_miss: 2095898, miss ratio: 0.5240, disk write 266456064 + 0 (0.0340)
10:46:08: INFO [flashield.py:170 (root)]: 	w52.oracleGeneral.bin-0.001-FIFO-True n_req: 5000000, n_miss: 2597641, miss ratio: 0.5195, disk write 266456064 + 0 (0.0340)
10:46:51: INFO [flashield.py:170 (root)]: 	w52.oracleGeneral.bin-0.001-FIFO-True n_req: 6000000, n_miss: 3004213, miss ratio: 0.5007, disk write 266456064 + 0 (0.0340)
10:47:49: INFO [flashield.py:170 (root)]: 	w52.oracleGeneral.bin-0.001-FIFO-True n_req: 7000000, n_miss: 3560531, miss ratio: 0.5086, disk write 266456064 + 0 (0.0340)
10:48:54: INFO [flashield.py:170 (root)]: 	w52.oracleGeneral.bin-0.001-FIFO-True n_req: 8000000, n_miss: 4176523, miss ratio: 0.5221, disk write 266456064 + 0 (0.0340)
10:50:21: INFO [flashield.py:170 (root)]: 	w52.oracleGeneral.bin-0.001-FIFO-True n_req: 9000000, n_miss: 5019161, miss ratio: 0.5577, disk write 266456064 + 0 (0.0340)
10:51:27: INFO [flashield.py:170 (root)]: 	w52.oracleGeneral.bin-0.001-FIFO-True n_req: 10000000, n_miss: 5652680, miss ratio: 0.5653, disk write 266456064 + 0 (0.0340)
10:52:26: INFO [flashield.py:170 (root)]: 	w52.oracleGeneral.bin-0.001-FIFO-True n_req: 11000000, n_miss: 6220784, miss ratio: 0.5655, disk write 266456064 + 0 (0.0340)
10:52:53: INFO [flashield.py:182 (root)]: 	w52.oracleGeneral.bin-0.001-FIFO-True n_req: 11451546, n_miss: 6484189, miss ratio: 0.5662, disk write 266456064 + 0 (0.0340)
