18:26:23: INFO [flashield.py:220 (root)]: 	calculating wss for w01.oracleGeneral.bin
18:28:56: INFO [flashield.py:228 (root)]: 	w01.oracleGeneral.bin wss_obj: 122804013, wss_byte: 685952515584
18:28:56: INFO [cache.py:19 (cache)]: 	create Flashield cache with size 68595251558
18:28:56: INFO [cache.py:19 (cache)]: 	create LRU cache with size 685952515
18:28:56: INFO [cache.py:19 (cache)]: 	create FIFO cache with size 67909299043
18:28:56: INFO [flashield.py:37 (root)]: 	w01.oracleGeneral.bin Training Flashield...
18:28:56: INFO [flashield.py:42 (root)]: 	w01.oracleGeneral.bin Training Flashield: 35303 features 35303 labels ...
18:28:56: INFO [flashield.py:55 (root)]: 	w01.oracleGeneral.bin finish training
18:30:10: INFO [flashield.py:170 (root)]: 	w01.oracleGeneral.bin-0.01-FIFO-True n_req: 1000000, n_miss: 752725, miss ratio: 0.7527, disk write 0 + 0 (0.0000)
18:31:18: INFO [flashield.py:170 (root)]: 	w01.oracleGeneral.bin-0.01-FIFO-True n_req: 2000000, n_miss: 1517797, miss ratio: 0.7589, disk write 0 + 0 (0.0000)
18:32:44: INFO [flashield.py:170 (root)]: 	w01.oracleGeneral.bin-0.01-FIFO-True n_req: 3000000, n_miss: 2316567, miss ratio: 0.7722, disk write 0 + 0 (0.0000)
18:34:04: INFO [flashield.py:170 (root)]: 	w01.oracleGeneral.bin-0.01-FIFO-True n_req: 4000000, n_miss: 3114884, miss ratio: 0.7787, disk write 0 + 0 (0.0000)
18:35:25: INFO [flashield.py:170 (root)]: 	w01.oracleGeneral.bin-0.01-FIFO-True n_req: 5000000, n_miss: 3903164, miss ratio: 0.7806, disk write 0 + 0 (0.0000)
18:36:47: INFO [flashield.py:170 (root)]: 	w01.oracleGeneral.bin-0.01-FIFO-True n_req: 6000000, n_miss: 4697656, miss ratio: 0.7829, disk write 0 + 0 (0.0000)
18:38:22: INFO [flashield.py:170 (root)]: 	w01.oracleGeneral.bin-0.01-FIFO-True n_req: 7000000, n_miss: 5495659, miss ratio: 0.7851, disk write 0 + 0 (0.0000)
18:39:38: INFO [flashield.py:170 (root)]: 	w01.oracleGeneral.bin-0.01-FIFO-True n_req: 8000000, n_miss: 6299040, miss ratio: 0.7874, disk write 0 + 0 (0.0000)
18:40:59: INFO [flashield.py:170 (root)]: 	w01.oracleGeneral.bin-0.01-FIFO-True n_req: 9000000, n_miss: 7088499, miss ratio: 0.7876, disk write 0 + 0 (0.0000)
18:42:25: INFO [flashield.py:170 (root)]: 	w01.oracleGeneral.bin-0.01-FIFO-True n_req: 10000000, n_miss: 7892285, miss ratio: 0.7892, disk write 0 + 0 (0.0000)
18:43:56: INFO [flashield.py:170 (root)]: 	w01.oracleGeneral.bin-0.01-FIFO-True n_req: 11000000, n_miss: 8691606, miss ratio: 0.7901, disk write 0 + 0 (0.0000)
18:45:03: INFO [flashield.py:170 (root)]: 	w01.oracleGeneral.bin-0.01-FIFO-True n_req: 12000000, n_miss: 9453847, miss ratio: 0.7878, disk write 0 + 0 (0.0000)
18:46:27: INFO [flashield.py:170 (root)]: 	w01.oracleGeneral.bin-0.01-FIFO-True n_req: 13000000, n_miss: 10267276, miss ratio: 0.7898, disk write 0 + 0 (0.0000)
18:47:54: INFO [flashield.py:170 (root)]: 	w01.oracleGeneral.bin-0.01-FIFO-True n_req: 14000000, n_miss: 11077013, miss ratio: 0.7912, disk write 0 + 0 (0.0000)
18:49:18: INFO [flashield.py:170 (root)]: 	w01.oracleGeneral.bin-0.01-FIFO-True n_req: 15000000, n_miss: 11874610, miss ratio: 0.7916, disk write 0 + 0 (0.0000)
18:50:42: INFO [flashield.py:170 (root)]: 	w01.oracleGeneral.bin-0.01-FIFO-True n_req: 16000000, n_miss: 12683251, miss ratio: 0.7927, disk write 0 + 0 (0.0000)
18:52:07: INFO [flashield.py:170 (root)]: 	w01.oracleGeneral.bin-0.01-FIFO-True n_req: 17000000, n_miss: 13498373, miss ratio: 0.7940, disk write 0 + 0 (0.0000)
18:53:34: INFO [flashield.py:170 (root)]: 	w01.oracleGeneral.bin-0.01-FIFO-True n_req: 18000000, n_miss: 14305061, miss ratio: 0.7947, disk write 0 + 0 (0.0000)
18:55:01: INFO [flashield.py:170 (root)]: 	w01.oracleGeneral.bin-0.01-FIFO-True n_req: 19000000, n_miss: 15106618, miss ratio: 0.7951, disk write 0 + 0 (0.0000)
18:56:25: INFO [flashield.py:170 (root)]: 	w01.oracleGeneral.bin-0.01-FIFO-True n_req: 20000000, n_miss: 15898816, miss ratio: 0.7949, disk write 0 + 0 (0.0000)
18:57:49: INFO [flashield.py:170 (root)]: 	w01.oracleGeneral.bin-0.01-FIFO-True n_req: 21000000, n_miss: 16700630, miss ratio: 0.7953, disk write 0 + 0 (0.0000)
18:59:12: INFO [flashield.py:170 (root)]: 	w01.oracleGeneral.bin-0.01-FIFO-True n_req: 22000000, n_miss: 17496759, miss ratio: 0.7953, disk write 0 + 0 (0.0000)
19:00:46: INFO [flashield.py:170 (root)]: 	w01.oracleGeneral.bin-0.01-FIFO-True n_req: 23000000, n_miss: 18295964, miss ratio: 0.7955, disk write 0 + 0 (0.0000)
19:02:12: INFO [flashield.py:170 (root)]: 	w01.oracleGeneral.bin-0.01-FIFO-True n_req: 24000000, n_miss: 19105674, miss ratio: 0.7961, disk write 0 + 0 (0.0000)
19:03:30: INFO [flashield.py:170 (root)]: 	w01.oracleGeneral.bin-0.01-FIFO-True n_req: 25000000, n_miss: 19907773, miss ratio: 0.7963, disk write 0 + 0 (0.0000)
19:04:58: INFO [flashield.py:170 (root)]: 	w01.oracleGeneral.bin-0.01-FIFO-True n_req: 26000000, n_miss: 20709677, miss ratio: 0.7965, disk write 0 + 0 (0.0000)
19:06:25: INFO [flashield.py:170 (root)]: 	w01.oracleGeneral.bin-0.01-FIFO-True n_req: 27000000, n_miss: 21514643, miss ratio: 0.7968, disk write 0 + 0 (0.0000)
19:07:48: INFO [flashield.py:170 (root)]: 	w01.oracleGeneral.bin-0.01-FIFO-True n_req: 28000000, n_miss: 22313226, miss ratio: 0.7969, disk write 0 + 0 (0.0000)
19:09:14: INFO [flashield.py:170 (root)]: 	w01.oracleGeneral.bin-0.01-FIFO-True n_req: 29000000, n_miss: 23120229, miss ratio: 0.7972, disk write 0 + 0 (0.0000)
19:10:41: INFO [flashield.py:170 (root)]: 	w01.oracleGeneral.bin-0.01-FIFO-True n_req: 30000000, n_miss: 23924195, miss ratio: 0.7975, disk write 0 + 0 (0.0000)
19:12:04: INFO [flashield.py:170 (root)]: 	w01.oracleGeneral.bin-0.01-FIFO-True n_req: 31000000, n_miss: 24728934, miss ratio: 0.7977, disk write 0 + 0 (0.0000)
19:13:26: INFO [flashield.py:170 (root)]: 	w01.oracleGeneral.bin-0.01-FIFO-True n_req: 32000000, n_miss: 25506116, miss ratio: 0.7971, disk write 0 + 0 (0.0000)
19:14:44: INFO [flashield.py:170 (root)]: 	w01.oracleGeneral.bin-0.01-FIFO-True n_req: 33000000, n_miss: 26245329, miss ratio: 0.7953, disk write 0 + 0 (0.0000)
19:16:10: INFO [flashield.py:170 (root)]: 	w01.oracleGeneral.bin-0.01-FIFO-True n_req: 34000000, n_miss: 27030570, miss ratio: 0.7950, disk write 0 + 0 (0.0000)
19:17:37: INFO [flashield.py:170 (root)]: 	w01.oracleGeneral.bin-0.01-FIFO-True n_req: 35000000, n_miss: 27863376, miss ratio: 0.7961, disk write 0 + 0 (0.0000)
19:19:05: INFO [flashield.py:170 (root)]: 	w01.oracleGeneral.bin-0.01-FIFO-True n_req: 36000000, n_miss: 28728710, miss ratio: 0.7980, disk write 0 + 0 (0.0000)
19:20:45: INFO [flashield.py:170 (root)]: 	w01.oracleGeneral.bin-0.01-FIFO-True n_req: 37000000, n_miss: 29691635, miss ratio: 0.8025, disk write 0 + 0 (0.0000)
19:22:06: INFO [flashield.py:170 (root)]: 	w01.oracleGeneral.bin-0.01-FIFO-True n_req: 38000000, n_miss: 30492169, miss ratio: 0.8024, disk write 0 + 0 (0.0000)
19:23:26: INFO [flashield.py:170 (root)]: 	w01.oracleGeneral.bin-0.01-FIFO-True n_req: 39000000, n_miss: 31261303, miss ratio: 0.8016, disk write 0 + 0 (0.0000)
19:24:50: INFO [flashield.py:170 (root)]: 	w01.oracleGeneral.bin-0.01-FIFO-True n_req: 40000000, n_miss: 32000737, miss ratio: 0.8000, disk write 0 + 0 (0.0000)
19:26:36: INFO [flashield.py:170 (root)]: 	w01.oracleGeneral.bin-0.01-FIFO-True n_req: 41000000, n_miss: 32970629, miss ratio: 0.8042, disk write 0 + 0 (0.0000)
19:28:15: INFO [flashield.py:170 (root)]: 	w01.oracleGeneral.bin-0.01-FIFO-True n_req: 42000000, n_miss: 33957124, miss ratio: 0.8085, disk write 0 + 0 (0.0000)
19:30:07: INFO [flashield.py:170 (root)]: 	w01.oracleGeneral.bin-0.01-FIFO-True n_req: 43000000, n_miss: 34907291, miss ratio: 0.8118, disk write 0 + 0 (0.0000)
19:31:37: INFO [flashield.py:170 (root)]: 	w01.oracleGeneral.bin-0.01-FIFO-True n_req: 44000000, n_miss: 35863981, miss ratio: 0.8151, disk write 0 + 0 (0.0000)
19:33:17: INFO [flashield.py:170 (root)]: 	w01.oracleGeneral.bin-0.01-FIFO-True n_req: 45000000, n_miss: 36836563, miss ratio: 0.8186, disk write 0 + 0 (0.0000)
19:34:58: INFO [flashield.py:170 (root)]: 	w01.oracleGeneral.bin-0.01-FIFO-True n_req: 46000000, n_miss: 37817028, miss ratio: 0.8221, disk write 0 + 0 (0.0000)
19:36:36: INFO [flashield.py:170 (root)]: 	w01.oracleGeneral.bin-0.01-FIFO-True n_req: 47000000, n_miss: 38791065, miss ratio: 0.8253, disk write 0 + 0 (0.0000)
19:38:25: INFO [flashield.py:170 (root)]: 	w01.oracleGeneral.bin-0.01-FIFO-True n_req: 48000000, n_miss: 39765833, miss ratio: 0.8285, disk write 0 + 0 (0.0000)
19:40:02: INFO [flashield.py:170 (root)]: 	w01.oracleGeneral.bin-0.01-FIFO-True n_req: 49000000, n_miss: 40746301, miss ratio: 0.8316, disk write 0 + 0 (0.0000)
19:41:48: INFO [flashield.py:170 (root)]: 	w01.oracleGeneral.bin-0.01-FIFO-True n_req: 50000000, n_miss: 41727592, miss ratio: 0.8346, disk write 0 + 0 (0.0000)
19:43:30: INFO [flashield.py:170 (root)]: 	w01.oracleGeneral.bin-0.01-FIFO-True n_req: 51000000, n_miss: 42708190, miss ratio: 0.8374, disk write 0 + 0 (0.0000)
19:45:19: INFO [flashield.py:170 (root)]: 	w01.oracleGeneral.bin-0.01-FIFO-True n_req: 52000000, n_miss: 43692709, miss ratio: 0.8402, disk write 0 + 0 (0.0000)
19:47:00: INFO [flashield.py:170 (root)]: 	w01.oracleGeneral.bin-0.01-FIFO-True n_req: 53000000, n_miss: 44647463, miss ratio: 0.8424, disk write 0 + 0 (0.0000)
19:48:25: INFO [flashield.py:170 (root)]: 	w01.oracleGeneral.bin-0.01-FIFO-True n_req: 54000000, n_miss: 45507412, miss ratio: 0.8427, disk write 0 + 0 (0.0000)
19:49:56: INFO [flashield.py:170 (root)]: 	w01.oracleGeneral.bin-0.01-FIFO-True n_req: 55000000, n_miss: 46375911, miss ratio: 0.8432, disk write 0 + 0 (0.0000)
19:51:28: INFO [flashield.py:170 (root)]: 	w01.oracleGeneral.bin-0.01-FIFO-True n_req: 56000000, n_miss: 47287890, miss ratio: 0.8444, disk write 0 + 0 (0.0000)
19:53:02: INFO [flashield.py:170 (root)]: 	w01.oracleGeneral.bin-0.01-FIFO-True n_req: 57000000, n_miss: 48196801, miss ratio: 0.8456, disk write 0 + 0 (0.0000)
19:54:42: INFO [flashield.py:170 (root)]: 	w01.oracleGeneral.bin-0.01-FIFO-True n_req: 58000000, n_miss: 49104709, miss ratio: 0.8466, disk write 0 + 0 (0.0000)
19:56:17: INFO [flashield.py:170 (root)]: 	w01.oracleGeneral.bin-0.01-FIFO-True n_req: 59000000, n_miss: 50014389, miss ratio: 0.8477, disk write 0 + 0 (0.0000)
19:57:48: INFO [flashield.py:170 (root)]: 	w01.oracleGeneral.bin-0.01-FIFO-True n_req: 60000000, n_miss: 50832822, miss ratio: 0.8472, disk write 0 + 0 (0.0000)
19:59:28: INFO [flashield.py:170 (root)]: 	w01.oracleGeneral.bin-0.01-FIFO-True n_req: 61000000, n_miss: 51639864, miss ratio: 0.8466, disk write 0 + 0 (0.0000)
20:00:53: INFO [flashield.py:170 (root)]: 	w01.oracleGeneral.bin-0.01-FIFO-True n_req: 62000000, n_miss: 52532633, miss ratio: 0.8473, disk write 0 + 0 (0.0000)
20:02:26: INFO [flashield.py:170 (root)]: 	w01.oracleGeneral.bin-0.01-FIFO-True n_req: 63000000, n_miss: 53399591, miss ratio: 0.8476, disk write 0 + 0 (0.0000)
20:03:47: INFO [flashield.py:170 (root)]: 	w01.oracleGeneral.bin-0.01-FIFO-True n_req: 64000000, n_miss: 54177894, miss ratio: 0.8465, disk write 0 + 0 (0.0000)
20:05:14: INFO [flashield.py:170 (root)]: 	w01.oracleGeneral.bin-0.01-FIFO-True n_req: 65000000, n_miss: 55026425, miss ratio: 0.8466, disk write 0 + 0 (0.0000)
20:06:47: INFO [flashield.py:170 (root)]: 	w01.oracleGeneral.bin-0.01-FIFO-True n_req: 66000000, n_miss: 55898203, miss ratio: 0.8469, disk write 0 + 0 (0.0000)
20:08:22: INFO [flashield.py:170 (root)]: 	w01.oracleGeneral.bin-0.01-FIFO-True n_req: 67000000, n_miss: 56812675, miss ratio: 0.8480, disk write 0 + 0 (0.0000)
20:09:52: INFO [flashield.py:170 (root)]: 	w01.oracleGeneral.bin-0.01-FIFO-True n_req: 68000000, n_miss: 57688217, miss ratio: 0.8484, disk write 0 + 0 (0.0000)
20:11:16: INFO [flashield.py:170 (root)]: 	w01.oracleGeneral.bin-0.01-FIFO-True n_req: 69000000, n_miss: 58550651, miss ratio: 0.8486, disk write 0 + 0 (0.0000)
20:12:56: INFO [flashield.py:170 (root)]: 	w01.oracleGeneral.bin-0.01-FIFO-True n_req: 70000000, n_miss: 59459657, miss ratio: 0.8494, disk write 0 + 0 (0.0000)
20:14:32: INFO [flashield.py:170 (root)]: 	w01.oracleGeneral.bin-0.01-FIFO-True n_req: 71000000, n_miss: 60352682, miss ratio: 0.8500, disk write 0 + 0 (0.0000)
20:16:07: INFO [flashield.py:170 (root)]: 	w01.oracleGeneral.bin-0.01-FIFO-True n_req: 72000000, n_miss: 61240952, miss ratio: 0.8506, disk write 0 + 0 (0.0000)
20:17:43: INFO [flashield.py:170 (root)]: 	w01.oracleGeneral.bin-0.01-FIFO-True n_req: 73000000, n_miss: 62167657, miss ratio: 0.8516, disk write 0 + 0 (0.0000)
20:19:06: INFO [flashield.py:170 (root)]: 	w01.oracleGeneral.bin-0.01-FIFO-True n_req: 74000000, n_miss: 62994893, miss ratio: 0.8513, disk write 0 + 0 (0.0000)
20:20:30: INFO [flashield.py:170 (root)]: 	w01.oracleGeneral.bin-0.01-FIFO-True n_req: 75000000, n_miss: 63798448, miss ratio: 0.8506, disk write 0 + 0 (0.0000)
20:21:47: INFO [flashield.py:170 (root)]: 	w01.oracleGeneral.bin-0.01-FIFO-True n_req: 76000000, n_miss: 64544975, miss ratio: 0.8493, disk write 0 + 0 (0.0000)
20:23:20: INFO [flashield.py:170 (root)]: 	w01.oracleGeneral.bin-0.01-FIFO-True n_req: 77000000, n_miss: 65357619, miss ratio: 0.8488, disk write 0 + 0 (0.0000)
20:24:56: INFO [flashield.py:170 (root)]: 	w01.oracleGeneral.bin-0.01-FIFO-True n_req: 78000000, n_miss: 66237521, miss ratio: 0.8492, disk write 0 + 0 (0.0000)
20:26:33: INFO [flashield.py:170 (root)]: 	w01.oracleGeneral.bin-0.01-FIFO-True n_req: 79000000, n_miss: 67164014, miss ratio: 0.8502, disk write 0 + 0 (0.0000)
20:28:07: INFO [flashield.py:170 (root)]: 	w01.oracleGeneral.bin-0.01-FIFO-True n_req: 80000000, n_miss: 68077624, miss ratio: 0.8510, disk write 0 + 0 (0.0000)
20:29:43: INFO [flashield.py:170 (root)]: 	w01.oracleGeneral.bin-0.01-FIFO-True n_req: 81000000, n_miss: 68987086, miss ratio: 0.8517, disk write 0 + 0 (0.0000)
20:31:12: INFO [flashield.py:170 (root)]: 	w01.oracleGeneral.bin-0.01-FIFO-True n_req: 82000000, n_miss: 69843667, miss ratio: 0.8518, disk write 0 + 0 (0.0000)
20:32:41: INFO [flashield.py:170 (root)]: 	w01.oracleGeneral.bin-0.01-FIFO-True n_req: 83000000, n_miss: 70713422, miss ratio: 0.8520, disk write 0 + 0 (0.0000)
20:34:14: INFO [flashield.py:170 (root)]: 	w01.oracleGeneral.bin-0.01-FIFO-True n_req: 84000000, n_miss: 71595765, miss ratio: 0.8523, disk write 0 + 0 (0.0000)
20:35:36: INFO [flashield.py:170 (root)]: 	w01.oracleGeneral.bin-0.01-FIFO-True n_req: 85000000, n_miss: 72395964, miss ratio: 0.8517, disk write 0 + 0 (0.0000)
20:36:44: INFO [flashield.py:170 (root)]: 	w01.oracleGeneral.bin-0.01-FIFO-True n_req: 86000000, n_miss: 73069640, miss ratio: 0.8496, disk write 0 + 0 (0.0000)
20:38:00: INFO [flashield.py:170 (root)]: 	w01.oracleGeneral.bin-0.01-FIFO-True n_req: 87000000, n_miss: 73729731, miss ratio: 0.8475, disk write 0 + 0 (0.0000)
20:39:09: INFO [flashield.py:170 (root)]: 	w01.oracleGeneral.bin-0.01-FIFO-True n_req: 88000000, n_miss: 74359676, miss ratio: 0.8450, disk write 0 + 0 (0.0000)
20:40:40: INFO [flashield.py:170 (root)]: 	w01.oracleGeneral.bin-0.01-FIFO-True n_req: 89000000, n_miss: 75166965, miss ratio: 0.8446, disk write 0 + 0 (0.0000)
20:41:38: INFO [flashield.py:170 (root)]: 	w01.oracleGeneral.bin-0.01-FIFO-True n_req: 90000000, n_miss: 75806982, miss ratio: 0.8423, disk write 0 + 0 (0.0000)
20:43:02: INFO [flashield.py:170 (root)]: 	w01.oracleGeneral.bin-0.01-FIFO-True n_req: 91000000, n_miss: 76581889, miss ratio: 0.8416, disk write 0 + 0 (0.0000)
20:44:29: INFO [flashield.py:170 (root)]: 	w01.oracleGeneral.bin-0.01-FIFO-True n_req: 92000000, n_miss: 77361148, miss ratio: 0.8409, disk write 0 + 0 (0.0000)
20:45:43: INFO [flashield.py:170 (root)]: 	w01.oracleGeneral.bin-0.01-FIFO-True n_req: 93000000, n_miss: 78061511, miss ratio: 0.8394, disk write 0 + 0 (0.0000)
20:47:17: INFO [flashield.py:170 (root)]: 	w01.oracleGeneral.bin-0.01-FIFO-True n_req: 94000000, n_miss: 78911992, miss ratio: 0.8395, disk write 0 + 0 (0.0000)
20:48:45: INFO [flashield.py:170 (root)]: 	w01.oracleGeneral.bin-0.01-FIFO-True n_req: 95000000, n_miss: 79770897, miss ratio: 0.8397, disk write 0 + 0 (0.0000)
20:50:01: INFO [flashield.py:170 (root)]: 	w01.oracleGeneral.bin-0.01-FIFO-True n_req: 96000000, n_miss: 80524198, miss ratio: 0.8388, disk write 0 + 0 (0.0000)
20:51:31: INFO [flashield.py:170 (root)]: 	w01.oracleGeneral.bin-0.01-FIFO-True n_req: 97000000, n_miss: 81392088, miss ratio: 0.8391, disk write 0 + 0 (0.0000)
20:53:07: INFO [flashield.py:170 (root)]: 	w01.oracleGeneral.bin-0.01-FIFO-True n_req: 98000000, n_miss: 82274755, miss ratio: 0.8395, disk write 0 + 0 (0.0000)
20:54:30: INFO [flashield.py:170 (root)]: 	w01.oracleGeneral.bin-0.01-FIFO-True n_req: 99000000, n_miss: 83107807, miss ratio: 0.8395, disk write 0 + 0 (0.0000)
20:56:12: INFO [flashield.py:170 (root)]: 	w01.oracleGeneral.bin-0.01-FIFO-True n_req: 100000000, n_miss: 83998488, miss ratio: 0.8400, disk write 0 + 0 (0.0000)
20:57:48: INFO [flashield.py:170 (root)]: 	w01.oracleGeneral.bin-0.01-FIFO-True n_req: 101000000, n_miss: 84964142, miss ratio: 0.8412, disk write 0 + 0 (0.0000)
20:59:27: INFO [flashield.py:170 (root)]: 	w01.oracleGeneral.bin-0.01-FIFO-True n_req: 102000000, n_miss: 85946775, miss ratio: 0.8426, disk write 0 + 0 (0.0000)
21:01:13: INFO [flashield.py:170 (root)]: 	w01.oracleGeneral.bin-0.01-FIFO-True n_req: 103000000, n_miss: 86927824, miss ratio: 0.8440, disk write 0 + 0 (0.0000)
21:02:54: INFO [flashield.py:170 (root)]: 	w01.oracleGeneral.bin-0.01-FIFO-True n_req: 104000000, n_miss: 87897988, miss ratio: 0.8452, disk write 0 + 0 (0.0000)
21:04:37: INFO [flashield.py:170 (root)]: 	w01.oracleGeneral.bin-0.01-FIFO-True n_req: 105000000, n_miss: 88858423, miss ratio: 0.8463, disk write 0 + 0 (0.0000)
21:06:11: INFO [flashield.py:170 (root)]: 	w01.oracleGeneral.bin-0.01-FIFO-True n_req: 106000000, n_miss: 89779513, miss ratio: 0.8470, disk write 0 + 0 (0.0000)
21:07:50: INFO [flashield.py:170 (root)]: 	w01.oracleGeneral.bin-0.01-FIFO-True n_req: 107000000, n_miss: 90706140, miss ratio: 0.8477, disk write 0 + 0 (0.0000)
21:09:30: INFO [flashield.py:170 (root)]: 	w01.oracleGeneral.bin-0.01-FIFO-True n_req: 108000000, n_miss: 91663482, miss ratio: 0.8487, disk write 0 + 0 (0.0000)
21:11:01: INFO [flashield.py:170 (root)]: 	w01.oracleGeneral.bin-0.01-FIFO-True n_req: 109000000, n_miss: 92545669, miss ratio: 0.8490, disk write 0 + 0 (0.0000)
21:12:33: INFO [flashield.py:170 (root)]: 	w01.oracleGeneral.bin-0.01-FIFO-True n_req: 110000000, n_miss: 93389486, miss ratio: 0.8490, disk write 0 + 0 (0.0000)
21:13:49: INFO [flashield.py:170 (root)]: 	w01.oracleGeneral.bin-0.01-FIFO-True n_req: 111000000, n_miss: 94108709, miss ratio: 0.8478, disk write 0 + 0 (0.0000)
21:15:11: INFO [flashield.py:170 (root)]: 	w01.oracleGeneral.bin-0.01-FIFO-True n_req: 112000000, n_miss: 94888277, miss ratio: 0.8472, disk write 0 + 0 (0.0000)
21:16:51: INFO [flashield.py:170 (root)]: 	w01.oracleGeneral.bin-0.01-FIFO-True n_req: 113000000, n_miss: 95813718, miss ratio: 0.8479, disk write 0 + 0 (0.0000)
21:18:31: INFO [flashield.py:170 (root)]: 	w01.oracleGeneral.bin-0.01-FIFO-True n_req: 114000000, n_miss: 96805351, miss ratio: 0.8492, disk write 0 + 0 (0.0000)
21:20:10: INFO [flashield.py:170 (root)]: 	w01.oracleGeneral.bin-0.01-FIFO-True n_req: 115000000, n_miss: 97718204, miss ratio: 0.8497, disk write 0 + 0 (0.0000)
21:21:35: INFO [flashield.py:170 (root)]: 	w01.oracleGeneral.bin-0.01-FIFO-True n_req: 116000000, n_miss: 98489555, miss ratio: 0.8490, disk write 0 + 0 (0.0000)
21:22:56: INFO [flashield.py:170 (root)]: 	w01.oracleGeneral.bin-0.01-FIFO-True n_req: 117000000, n_miss: 99294956, miss ratio: 0.8487, disk write 0 + 0 (0.0000)
21:24:19: INFO [flashield.py:170 (root)]: 	w01.oracleGeneral.bin-0.01-FIFO-True n_req: 118000000, n_miss: 100065726, miss ratio: 0.8480, disk write 0 + 0 (0.0000)
21:25:56: INFO [flashield.py:170 (root)]: 	w01.oracleGeneral.bin-0.01-FIFO-True n_req: 119000000, n_miss: 100983128, miss ratio: 0.8486, disk write 0 + 0 (0.0000)
21:27:30: INFO [flashield.py:170 (root)]: 	w01.oracleGeneral.bin-0.01-FIFO-True n_req: 120000000, n_miss: 101884814, miss ratio: 0.8490, disk write 0 + 0 (0.0000)
21:29:04: INFO [flashield.py:170 (root)]: 	w01.oracleGeneral.bin-0.01-FIFO-True n_req: 121000000, n_miss: 102786634, miss ratio: 0.8495, disk write 0 + 0 (0.0000)
21:30:40: INFO [flashield.py:170 (root)]: 	w01.oracleGeneral.bin-0.01-FIFO-True n_req: 122000000, n_miss: 103667091, miss ratio: 0.8497, disk write 0 + 0 (0.0000)
21:32:09: INFO [flashield.py:170 (root)]: 	w01.oracleGeneral.bin-0.01-FIFO-True n_req: 123000000, n_miss: 104543872, miss ratio: 0.8500, disk write 0 + 0 (0.0000)
21:33:41: INFO [flashield.py:170 (root)]: 	w01.oracleGeneral.bin-0.01-FIFO-True n_req: 124000000, n_miss: 105416548, miss ratio: 0.8501, disk write 0 + 0 (0.0000)
21:35:20: INFO [flashield.py:170 (root)]: 	w01.oracleGeneral.bin-0.01-FIFO-True n_req: 125000000, n_miss: 106324252, miss ratio: 0.8506, disk write 0 + 0 (0.0000)
21:36:54: INFO [flashield.py:170 (root)]: 	w01.oracleGeneral.bin-0.01-FIFO-True n_req: 126000000, n_miss: 107196111, miss ratio: 0.8508, disk write 0 + 0 (0.0000)
21:38:25: INFO [flashield.py:170 (root)]: 	w01.oracleGeneral.bin-0.01-FIFO-True n_req: 127000000, n_miss: 108108581, miss ratio: 0.8512, disk write 0 + 0 (0.0000)
21:40:05: INFO [flashield.py:170 (root)]: 	w01.oracleGeneral.bin-0.01-FIFO-True n_req: 128000000, n_miss: 109049217, miss ratio: 0.8519, disk write 0 + 0 (0.0000)
21:41:49: INFO [flashield.py:170 (root)]: 	w01.oracleGeneral.bin-0.01-FIFO-True n_req: 129000000, n_miss: 110033887, miss ratio: 0.8530, disk write 0 + 0 (0.0000)
21:43:34: INFO [flashield.py:170 (root)]: 	w01.oracleGeneral.bin-0.01-FIFO-True n_req: 130000000, n_miss: 111008307, miss ratio: 0.8539, disk write 0 + 0 (0.0000)
21:45:13: INFO [flashield.py:170 (root)]: 	w01.oracleGeneral.bin-0.01-FIFO-True n_req: 131000000, n_miss: 111967012, miss ratio: 0.8547, disk write 0 + 0 (0.0000)
21:46:54: INFO [flashield.py:170 (root)]: 	w01.oracleGeneral.bin-0.01-FIFO-True n_req: 132000000, n_miss: 112939326, miss ratio: 0.8556, disk write 0 + 0 (0.0000)
21:48:36: INFO [flashield.py:170 (root)]: 	w01.oracleGeneral.bin-0.01-FIFO-True n_req: 133000000, n_miss: 113897640, miss ratio: 0.8564, disk write 0 + 0 (0.0000)
21:50:13: INFO [flashield.py:170 (root)]: 	w01.oracleGeneral.bin-0.01-FIFO-True n_req: 134000000, n_miss: 114835608, miss ratio: 0.8570, disk write 0 + 0 (0.0000)
21:51:54: INFO [flashield.py:170 (root)]: 	w01.oracleGeneral.bin-0.01-FIFO-True n_req: 135000000, n_miss: 115763249, miss ratio: 0.8575, disk write 0 + 0 (0.0000)
21:53:24: INFO [flashield.py:170 (root)]: 	w01.oracleGeneral.bin-0.01-FIFO-True n_req: 136000000, n_miss: 116665715, miss ratio: 0.8578, disk write 0 + 0 (0.0000)
21:55:06: INFO [flashield.py:170 (root)]: 	w01.oracleGeneral.bin-0.01-FIFO-True n_req: 137000000, n_miss: 117587115, miss ratio: 0.8583, disk write 0 + 0 (0.0000)
21:56:36: INFO [flashield.py:170 (root)]: 	w01.oracleGeneral.bin-0.01-FIFO-True n_req: 138000000, n_miss: 118483664, miss ratio: 0.8586, disk write 0 + 0 (0.0000)
21:58:16: INFO [flashield.py:170 (root)]: 	w01.oracleGeneral.bin-0.01-FIFO-True n_req: 139000000, n_miss: 119412276, miss ratio: 0.8591, disk write 0 + 0 (0.0000)
21:59:43: INFO [flashield.py:170 (root)]: 	w01.oracleGeneral.bin-0.01-FIFO-True n_req: 140000000, n_miss: 120264845, miss ratio: 0.8590, disk write 0 + 0 (0.0000)
22:01:19: INFO [flashield.py:170 (root)]: 	w01.oracleGeneral.bin-0.01-FIFO-True n_req: 141000000, n_miss: 121125286, miss ratio: 0.8590, disk write 0 + 0 (0.0000)
22:02:49: INFO [flashield.py:170 (root)]: 	w01.oracleGeneral.bin-0.01-FIFO-True n_req: 142000000, n_miss: 121969340, miss ratio: 0.8589, disk write 0 + 0 (0.0000)
22:04:22: INFO [flashield.py:170 (root)]: 	w01.oracleGeneral.bin-0.01-FIFO-True n_req: 143000000, n_miss: 122846838, miss ratio: 0.8591, disk write 0 + 0 (0.0000)
22:05:52: INFO [flashield.py:170 (root)]: 	w01.oracleGeneral.bin-0.01-FIFO-True n_req: 144000000, n_miss: 123701444, miss ratio: 0.8590, disk write 0 + 0 (0.0000)
22:07:27: INFO [flashield.py:170 (root)]: 	w01.oracleGeneral.bin-0.01-FIFO-True n_req: 145000000, n_miss: 124575936, miss ratio: 0.8591, disk write 0 + 0 (0.0000)
22:09:02: INFO [flashield.py:170 (root)]: 	w01.oracleGeneral.bin-0.01-FIFO-True n_req: 146000000, n_miss: 125455342, miss ratio: 0.8593, disk write 0 + 0 (0.0000)
22:10:31: INFO [flashield.py:170 (root)]: 	w01.oracleGeneral.bin-0.01-FIFO-True n_req: 147000000, n_miss: 126316120, miss ratio: 0.8593, disk write 0 + 0 (0.0000)
22:12:02: INFO [flashield.py:170 (root)]: 	w01.oracleGeneral.bin-0.01-FIFO-True n_req: 148000000, n_miss: 127194095, miss ratio: 0.8594, disk write 0 + 0 (0.0000)
22:13:34: INFO [flashield.py:170 (root)]: 	w01.oracleGeneral.bin-0.01-FIFO-True n_req: 149000000, n_miss: 128065583, miss ratio: 0.8595, disk write 0 + 0 (0.0000)
22:15:07: INFO [flashield.py:170 (root)]: 	w01.oracleGeneral.bin-0.01-FIFO-True n_req: 150000000, n_miss: 128942479, miss ratio: 0.8596, disk write 0 + 0 (0.0000)
22:16:38: INFO [flashield.py:170 (root)]: 	w01.oracleGeneral.bin-0.01-FIFO-True n_req: 151000000, n_miss: 129798022, miss ratio: 0.8596, disk write 0 + 0 (0.0000)
22:18:09: INFO [flashield.py:170 (root)]: 	w01.oracleGeneral.bin-0.01-FIFO-True n_req: 152000000, n_miss: 130651573, miss ratio: 0.8595, disk write 0 + 0 (0.0000)
22:19:42: INFO [flashield.py:170 (root)]: 	w01.oracleGeneral.bin-0.01-FIFO-True n_req: 153000000, n_miss: 131517872, miss ratio: 0.8596, disk write 0 + 0 (0.0000)
22:21:07: INFO [flashield.py:170 (root)]: 	w01.oracleGeneral.bin-0.01-FIFO-True n_req: 154000000, n_miss: 132339535, miss ratio: 0.8593, disk write 0 + 0 (0.0000)
22:22:37: INFO [flashield.py:170 (root)]: 	w01.oracleGeneral.bin-0.01-FIFO-True n_req: 155000000, n_miss: 133185298, miss ratio: 0.8593, disk write 0 + 0 (0.0000)
22:24:08: INFO [flashield.py:170 (root)]: 	w01.oracleGeneral.bin-0.01-FIFO-True n_req: 156000000, n_miss: 134027389, miss ratio: 0.8591, disk write 0 + 0 (0.0000)
22:25:38: INFO [flashield.py:170 (root)]: 	w01.oracleGeneral.bin-0.01-FIFO-True n_req: 157000000, n_miss: 134880409, miss ratio: 0.8591, disk write 0 + 0 (0.0000)
22:27:16: INFO [flashield.py:170 (root)]: 	w01.oracleGeneral.bin-0.01-FIFO-True n_req: 158000000, n_miss: 135768922, miss ratio: 0.8593, disk write 0 + 0 (0.0000)
22:28:53: INFO [flashield.py:170 (root)]: 	w01.oracleGeneral.bin-0.01-FIFO-True n_req: 159000000, n_miss: 136694546, miss ratio: 0.8597, disk write 0 + 0 (0.0000)
22:30:36: INFO [flashield.py:170 (root)]: 	w01.oracleGeneral.bin-0.01-FIFO-True n_req: 160000000, n_miss: 137645738, miss ratio: 0.8603, disk write 0 + 0 (0.0000)
22:32:10: INFO [flashield.py:170 (root)]: 	w01.oracleGeneral.bin-0.01-FIFO-True n_req: 161000000, n_miss: 138562770, miss ratio: 0.8606, disk write 0 + 0 (0.0000)
22:33:51: INFO [flashield.py:170 (root)]: 	w01.oracleGeneral.bin-0.01-FIFO-True n_req: 162000000, n_miss: 139526614, miss ratio: 0.8613, disk write 0 + 0 (0.0000)
22:35:27: INFO [flashield.py:170 (root)]: 	w01.oracleGeneral.bin-0.01-FIFO-True n_req: 163000000, n_miss: 140436340, miss ratio: 0.8616, disk write 0 + 0 (0.0000)
22:37:01: INFO [flashield.py:170 (root)]: 	w01.oracleGeneral.bin-0.01-FIFO-True n_req: 164000000, n_miss: 141335545, miss ratio: 0.8618, disk write 0 + 0 (0.0000)
22:38:42: INFO [flashield.py:170 (root)]: 	w01.oracleGeneral.bin-0.01-FIFO-True n_req: 165000000, n_miss: 142244458, miss ratio: 0.8621, disk write 0 + 0 (0.0000)
22:40:20: INFO [flashield.py:170 (root)]: 	w01.oracleGeneral.bin-0.01-FIFO-True n_req: 166000000, n_miss: 143149422, miss ratio: 0.8623, disk write 0 + 0 (0.0000)
22:41:57: INFO [flashield.py:170 (root)]: 	w01.oracleGeneral.bin-0.01-FIFO-True n_req: 167000000, n_miss: 144109870, miss ratio: 0.8629, disk write 0 + 0 (0.0000)
22:43:35: INFO [flashield.py:170 (root)]: 	w01.oracleGeneral.bin-0.01-FIFO-True n_req: 168000000, n_miss: 145059783, miss ratio: 0.8635, disk write 0 + 0 (0.0000)
22:45:15: INFO [flashield.py:170 (root)]: 	w01.oracleGeneral.bin-0.01-FIFO-True n_req: 169000000, n_miss: 146002081, miss ratio: 0.8639, disk write 0 + 0 (0.0000)
22:47:02: INFO [flashield.py:170 (root)]: 	w01.oracleGeneral.bin-0.01-FIFO-True n_req: 170000000, n_miss: 146948964, miss ratio: 0.8644, disk write 0 + 0 (0.0000)
22:48:45: INFO [flashield.py:170 (root)]: 	w01.oracleGeneral.bin-0.01-FIFO-True n_req: 171000000, n_miss: 147902447, miss ratio: 0.8649, disk write 0 + 0 (0.0000)
22:50:28: INFO [flashield.py:170 (root)]: 	w01.oracleGeneral.bin-0.01-FIFO-True n_req: 172000000, n_miss: 148842229, miss ratio: 0.8654, disk write 0 + 0 (0.0000)
22:51:41: INFO [flashield.py:170 (root)]: 	w01.oracleGeneral.bin-0.01-FIFO-True n_req: 173000000, n_miss: 149620255, miss ratio: 0.8649, disk write 0 + 0 (0.0000)
22:53:15: INFO [flashield.py:170 (root)]: 	w01.oracleGeneral.bin-0.01-FIFO-True n_req: 174000000, n_miss: 150482804, miss ratio: 0.8648, disk write 0 + 0 (0.0000)
22:54:42: INFO [flashield.py:170 (root)]: 	w01.oracleGeneral.bin-0.01-FIFO-True n_req: 175000000, n_miss: 151225237, miss ratio: 0.8641, disk write 0 + 0 (0.0000)
22:56:04: INFO [flashield.py:170 (root)]: 	w01.oracleGeneral.bin-0.01-FIFO-True n_req: 176000000, n_miss: 152034199, miss ratio: 0.8638, disk write 0 + 0 (0.0000)
22:57:19: INFO [flashield.py:170 (root)]: 	w01.oracleGeneral.bin-0.01-FIFO-True n_req: 177000000, n_miss: 152768117, miss ratio: 0.8631, disk write 0 + 0 (0.0000)
22:58:44: INFO [flashield.py:170 (root)]: 	w01.oracleGeneral.bin-0.01-FIFO-True n_req: 178000000, n_miss: 153519726, miss ratio: 0.8625, disk write 0 + 0 (0.0000)
22:59:40: INFO [flashield.py:170 (root)]: 	w01.oracleGeneral.bin-0.01-FIFO-True n_req: 179000000, n_miss: 154128995, miss ratio: 0.8611, disk write 0 + 0 (0.0000)
23:00:56: INFO [flashield.py:170 (root)]: 	w01.oracleGeneral.bin-0.01-FIFO-True n_req: 180000000, n_miss: 154806980, miss ratio: 0.8600, disk write 0 + 0 (0.0000)
23:02:18: INFO [flashield.py:170 (root)]: 	w01.oracleGeneral.bin-0.01-FIFO-True n_req: 181000000, n_miss: 155537428, miss ratio: 0.8593, disk write 0 + 0 (0.0000)
23:03:30: INFO [flashield.py:170 (root)]: 	w01.oracleGeneral.bin-0.01-FIFO-True n_req: 182000000, n_miss: 156233506, miss ratio: 0.8584, disk write 0 + 0 (0.0000)
23:04:49: INFO [flashield.py:170 (root)]: 	w01.oracleGeneral.bin-0.01-FIFO-True n_req: 183000000, n_miss: 156981319, miss ratio: 0.8578, disk write 0 + 0 (0.0000)
23:06:14: INFO [flashield.py:170 (root)]: 	w01.oracleGeneral.bin-0.01-FIFO-True n_req: 184000000, n_miss: 157732163, miss ratio: 0.8572, disk write 0 + 0 (0.0000)
23:07:20: INFO [flashield.py:170 (root)]: 	w01.oracleGeneral.bin-0.01-FIFO-True n_req: 185000000, n_miss: 158291107, miss ratio: 0.8556, disk write 0 + 0 (0.0000)
23:08:19: INFO [flashield.py:170 (root)]: 	w01.oracleGeneral.bin-0.01-FIFO-True n_req: 186000000, n_miss: 158973684, miss ratio: 0.8547, disk write 0 + 0 (0.0000)
23:09:40: INFO [flashield.py:170 (root)]: 	w01.oracleGeneral.bin-0.01-FIFO-True n_req: 187000000, n_miss: 159679865, miss ratio: 0.8539, disk write 0 + 0 (0.0000)
23:11:00: INFO [flashield.py:170 (root)]: 	w01.oracleGeneral.bin-0.01-FIFO-True n_req: 188000000, n_miss: 160386381, miss ratio: 0.8531, disk write 0 + 0 (0.0000)
23:12:23: INFO [flashield.py:170 (root)]: 	w01.oracleGeneral.bin-0.01-FIFO-True n_req: 189000000, n_miss: 161090466, miss ratio: 0.8523, disk write 0 + 0 (0.0000)
23:13:19: INFO [flashield.py:170 (root)]: 	w01.oracleGeneral.bin-0.01-FIFO-True n_req: 190000000, n_miss: 161678391, miss ratio: 0.8509, disk write 0 + 0 (0.0000)
23:14:33: INFO [flashield.py:170 (root)]: 	w01.oracleGeneral.bin-0.01-FIFO-True n_req: 191000000, n_miss: 162404036, miss ratio: 0.8503, disk write 0 + 0 (0.0000)
23:16:00: INFO [flashield.py:170 (root)]: 	w01.oracleGeneral.bin-0.01-FIFO-True n_req: 192000000, n_miss: 163123193, miss ratio: 0.8496, disk write 0 + 0 (0.0000)
23:17:23: INFO [flashield.py:170 (root)]: 	w01.oracleGeneral.bin-0.01-FIFO-True n_req: 193000000, n_miss: 163922011, miss ratio: 0.8493, disk write 0 + 0 (0.0000)
23:18:34: INFO [flashield.py:170 (root)]: 	w01.oracleGeneral.bin-0.01-FIFO-True n_req: 194000000, n_miss: 164644834, miss ratio: 0.8487, disk write 0 + 0 (0.0000)
23:19:58: INFO [flashield.py:170 (root)]: 	w01.oracleGeneral.bin-0.01-FIFO-True n_req: 195000000, n_miss: 165408108, miss ratio: 0.8482, disk write 0 + 0 (0.0000)
23:21:11: INFO [flashield.py:170 (root)]: 	w01.oracleGeneral.bin-0.01-FIFO-True n_req: 196000000, n_miss: 166113726, miss ratio: 0.8475, disk write 0 + 0 (0.0000)
23:22:33: INFO [flashield.py:170 (root)]: 	w01.oracleGeneral.bin-0.01-FIFO-True n_req: 197000000, n_miss: 166893426, miss ratio: 0.8472, disk write 0 + 0 (0.0000)
23:23:59: INFO [flashield.py:170 (root)]: 	w01.oracleGeneral.bin-0.01-FIFO-True n_req: 198000000, n_miss: 167629976, miss ratio: 0.8466, disk write 0 + 0 (0.0000)
23:25:29: INFO [flashield.py:170 (root)]: 	w01.oracleGeneral.bin-0.01-FIFO-True n_req: 199000000, n_miss: 168426996, miss ratio: 0.8464, disk write 0 + 0 (0.0000)
23:27:01: INFO [flashield.py:170 (root)]: 	w01.oracleGeneral.bin-0.01-FIFO-True n_req: 200000000, n_miss: 169329314, miss ratio: 0.8466, disk write 0 + 0 (0.0000)
23:28:26: INFO [flashield.py:170 (root)]: 	w01.oracleGeneral.bin-0.01-FIFO-True n_req: 201000000, n_miss: 170199437, miss ratio: 0.8468, disk write 0 + 0 (0.0000)
23:30:00: INFO [flashield.py:170 (root)]: 	w01.oracleGeneral.bin-0.01-FIFO-True n_req: 202000000, n_miss: 171066096, miss ratio: 0.8469, disk write 0 + 0 (0.0000)
23:31:34: INFO [flashield.py:170 (root)]: 	w01.oracleGeneral.bin-0.01-FIFO-True n_req: 203000000, n_miss: 171940230, miss ratio: 0.8470, disk write 0 + 0 (0.0000)
23:33:12: INFO [flashield.py:170 (root)]: 	w01.oracleGeneral.bin-0.01-FIFO-True n_req: 204000000, n_miss: 172841634, miss ratio: 0.8473, disk write 0 + 0 (0.0000)
23:35:03: INFO [flashield.py:170 (root)]: 	w01.oracleGeneral.bin-0.01-FIFO-True n_req: 205000000, n_miss: 173767619, miss ratio: 0.8476, disk write 0 + 0 (0.0000)
23:36:20: INFO [flashield.py:170 (root)]: 	w01.oracleGeneral.bin-0.01-FIFO-True n_req: 206000000, n_miss: 174507335, miss ratio: 0.8471, disk write 0 + 0 (0.0000)
23:37:58: INFO [flashield.py:170 (root)]: 	w01.oracleGeneral.bin-0.01-FIFO-True n_req: 207000000, n_miss: 175418451, miss ratio: 0.8474, disk write 0 + 0 (0.0000)
23:39:36: INFO [flashield.py:170 (root)]: 	w01.oracleGeneral.bin-0.01-FIFO-True n_req: 208000000, n_miss: 176335563, miss ratio: 0.8478, disk write 0 + 0 (0.0000)
23:40:50: INFO [flashield.py:170 (root)]: 	w01.oracleGeneral.bin-0.01-FIFO-True n_req: 209000000, n_miss: 177070888, miss ratio: 0.8472, disk write 0 + 0 (0.0000)
23:42:10: INFO [flashield.py:170 (root)]: 	w01.oracleGeneral.bin-0.01-FIFO-True n_req: 210000000, n_miss: 177788995, miss ratio: 0.8466, disk write 0 + 0 (0.0000)
23:43:43: INFO [flashield.py:170 (root)]: 	w01.oracleGeneral.bin-0.01-FIFO-True n_req: 211000000, n_miss: 178591124, miss ratio: 0.8464, disk write 0 + 0 (0.0000)
23:45:19: INFO [flashield.py:170 (root)]: 	w01.oracleGeneral.bin-0.01-FIFO-True n_req: 212000000, n_miss: 179524633, miss ratio: 0.8468, disk write 0 + 0 (0.0000)
23:46:54: INFO [flashield.py:170 (root)]: 	w01.oracleGeneral.bin-0.01-FIFO-True n_req: 213000000, n_miss: 180473141, miss ratio: 0.8473, disk write 0 + 0 (0.0000)
23:48:37: INFO [flashield.py:170 (root)]: 	w01.oracleGeneral.bin-0.01-FIFO-True n_req: 214000000, n_miss: 181378581, miss ratio: 0.8476, disk write 0 + 0 (0.0000)
23:50:18: INFO [flashield.py:170 (root)]: 	w01.oracleGeneral.bin-0.01-FIFO-True n_req: 215000000, n_miss: 182296563, miss ratio: 0.8479, disk write 0 + 0 (0.0000)
23:51:37: INFO [flashield.py:182 (root)]: 	w01.oracleGeneral.bin-0.01-FIFO-True n_req: 215796257, n_miss: 183046152, miss ratio: 0.8482, disk write 0 + 0 (0.0000)
