18:26:23: INFO [flashield.py:220 (root)]: 	calculating wss for w02.oracleGeneral.bin
18:27:22: INFO [flashield.py:228 (root)]: 	w02.oracleGeneral.bin wss_obj: 495582, wss_byte: 20984298496
18:27:22: INFO [cache.py:19 (cache)]: 	create Flashield cache with size 2098429849
18:27:22: INFO [cache.py:19 (cache)]: 	create LRU cache with size 20984298
18:27:22: INFO [cache.py:19 (cache)]: 	create FIFO cache with size 2077445551
18:27:25: INFO [flashield.py:170 (root)]: 	w02.oracleGeneral.bin-0.01-FIFO-True n_req: 1000000, n_miss: 992150, miss ratio: 0.9921, disk write 50759344128 + 0 (2.4189)
18:27:26: INFO [flashield.py:37 (root)]: 	w02.oracleGeneral.bin Training Flashield...
18:27:26: INFO [flashield.py:42 (root)]: 	w02.oracleGeneral.bin Training Flashield: 84167 features 84167 labels ...
18:27:26: INFO [flashield.py:55 (root)]: 	w02.oracleGeneral.bin finish training
18:27:58: INFO [flashield.py:170 (root)]: 	w02.oracleGeneral.bin-0.01-FIFO-True n_req: 2000000, n_miss: 1715138, miss ratio: 0.8576, disk write 71806287872 + 0 (3.4219)
18:28:51: INFO [flashield.py:170 (root)]: 	w02.oracleGeneral.bin-0.01-FIFO-True n_req: 3000000, n_miss: 2217664, miss ratio: 0.7392, disk write 71806287872 + 0 (3.4219)
18:29:42: INFO [flashield.py:170 (root)]: 	w02.oracleGeneral.bin-0.01-FIFO-True n_req: 4000000, n_miss: 2697560, miss ratio: 0.6744, disk write 71806287872 + 0 (3.4219)
18:30:36: INFO [flashield.py:170 (root)]: 	w02.oracleGeneral.bin-0.01-FIFO-True n_req: 5000000, n_miss: 3203459, miss ratio: 0.6407, disk write 71806287872 + 0 (3.4219)
18:31:27: INFO [flashield.py:170 (root)]: 	w02.oracleGeneral.bin-0.01-FIFO-True n_req: 6000000, n_miss: 3681682, miss ratio: 0.6136, disk write 71806287872 + 0 (3.4219)
18:32:19: INFO [flashield.py:170 (root)]: 	w02.oracleGeneral.bin-0.01-FIFO-True n_req: 7000000, n_miss: 4179340, miss ratio: 0.5970, disk write 71806287872 + 0 (3.4219)
18:33:15: INFO [flashield.py:170 (root)]: 	w02.oracleGeneral.bin-0.01-FIFO-True n_req: 8000000, n_miss: 4704219, miss ratio: 0.5880, disk write 71806287872 + 0 (3.4219)
18:34:05: INFO [flashield.py:170 (root)]: 	w02.oracleGeneral.bin-0.01-FIFO-True n_req: 9000000, n_miss: 5185658, miss ratio: 0.5762, disk write 71806287872 + 0 (3.4219)
18:34:56: INFO [flashield.py:170 (root)]: 	w02.oracleGeneral.bin-0.01-FIFO-True n_req: 10000000, n_miss: 5667234, miss ratio: 0.5667, disk write 71806287872 + 0 (3.4219)
18:35:52: INFO [flashield.py:170 (root)]: 	w02.oracleGeneral.bin-0.01-FIFO-True n_req: 11000000, n_miss: 6199092, miss ratio: 0.5636, disk write 71806287872 + 0 (3.4219)
18:36:42: INFO [flashield.py:170 (root)]: 	w02.oracleGeneral.bin-0.01-FIFO-True n_req: 12000000, n_miss: 6677443, miss ratio: 0.5565, disk write 71806287872 + 0 (3.4219)
18:37:34: INFO [flashield.py:170 (root)]: 	w02.oracleGeneral.bin-0.01-FIFO-True n_req: 13000000, n_miss: 7165975, miss ratio: 0.5512, disk write 71806287872 + 0 (3.4219)
18:38:24: INFO [flashield.py:170 (root)]: 	w02.oracleGeneral.bin-0.01-FIFO-True n_req: 14000000, n_miss: 7643879, miss ratio: 0.5460, disk write 71806287872 + 0 (3.4219)
18:39:13: INFO [flashield.py:170 (root)]: 	w02.oracleGeneral.bin-0.01-FIFO-True n_req: 15000000, n_miss: 8104798, miss ratio: 0.5403, disk write 71806287872 + 0 (3.4219)
18:40:04: INFO [flashield.py:170 (root)]: 	w02.oracleGeneral.bin-0.01-FIFO-True n_req: 16000000, n_miss: 8585768, miss ratio: 0.5366, disk write 71806287872 + 0 (3.4219)
18:41:00: INFO [flashield.py:170 (root)]: 	w02.oracleGeneral.bin-0.01-FIFO-True n_req: 17000000, n_miss: 9113108, miss ratio: 0.5361, disk write 71806287872 + 0 (3.4219)
18:41:57: INFO [flashield.py:170 (root)]: 	w02.oracleGeneral.bin-0.01-FIFO-True n_req: 18000000, n_miss: 9655213, miss ratio: 0.5364, disk write 71806287872 + 0 (3.4219)
18:42:50: INFO [flashield.py:170 (root)]: 	w02.oracleGeneral.bin-0.01-FIFO-True n_req: 19000000, n_miss: 10152333, miss ratio: 0.5343, disk write 71806287872 + 0 (3.4219)
18:43:40: INFO [flashield.py:170 (root)]: 	w02.oracleGeneral.bin-0.01-FIFO-True n_req: 20000000, n_miss: 10624473, miss ratio: 0.5312, disk write 71806287872 + 0 (3.4219)
18:44:32: INFO [flashield.py:170 (root)]: 	w02.oracleGeneral.bin-0.01-FIFO-True n_req: 21000000, n_miss: 11117018, miss ratio: 0.5294, disk write 71806287872 + 0 (3.4219)
18:45:23: INFO [flashield.py:170 (root)]: 	w02.oracleGeneral.bin-0.01-FIFO-True n_req: 22000000, n_miss: 11602979, miss ratio: 0.5274, disk write 71806287872 + 0 (3.4219)
18:46:16: INFO [flashield.py:170 (root)]: 	w02.oracleGeneral.bin-0.01-FIFO-True n_req: 23000000, n_miss: 12101210, miss ratio: 0.5261, disk write 71806287872 + 0 (3.4219)
18:47:09: INFO [flashield.py:170 (root)]: 	w02.oracleGeneral.bin-0.01-FIFO-True n_req: 24000000, n_miss: 12605886, miss ratio: 0.5252, disk write 71806287872 + 0 (3.4219)
18:47:59: INFO [flashield.py:170 (root)]: 	w02.oracleGeneral.bin-0.01-FIFO-True n_req: 25000000, n_miss: 13083545, miss ratio: 0.5233, disk write 71806287872 + 0 (3.4219)
18:48:51: INFO [flashield.py:170 (root)]: 	w02.oracleGeneral.bin-0.01-FIFO-True n_req: 26000000, n_miss: 13569866, miss ratio: 0.5219, disk write 71806287872 + 0 (3.4219)
18:49:45: INFO [flashield.py:170 (root)]: 	w02.oracleGeneral.bin-0.01-FIFO-True n_req: 27000000, n_miss: 14081618, miss ratio: 0.5215, disk write 71806287872 + 0 (3.4219)
18:50:37: INFO [flashield.py:170 (root)]: 	w02.oracleGeneral.bin-0.01-FIFO-True n_req: 28000000, n_miss: 14577849, miss ratio: 0.5206, disk write 71806287872 + 0 (3.4219)
18:51:31: INFO [flashield.py:170 (root)]: 	w02.oracleGeneral.bin-0.01-FIFO-True n_req: 29000000, n_miss: 15082335, miss ratio: 0.5201, disk write 71806287872 + 0 (3.4219)
18:52:22: INFO [flashield.py:170 (root)]: 	w02.oracleGeneral.bin-0.01-FIFO-True n_req: 30000000, n_miss: 15562404, miss ratio: 0.5187, disk write 71806287872 + 0 (3.4219)
18:53:15: INFO [flashield.py:170 (root)]: 	w02.oracleGeneral.bin-0.01-FIFO-True n_req: 31000000, n_miss: 16066223, miss ratio: 0.5183, disk write 71806287872 + 0 (3.4219)
18:54:06: INFO [flashield.py:170 (root)]: 	w02.oracleGeneral.bin-0.01-FIFO-True n_req: 32000000, n_miss: 16547613, miss ratio: 0.5171, disk write 71806287872 + 0 (3.4219)
18:54:56: INFO [flashield.py:170 (root)]: 	w02.oracleGeneral.bin-0.01-FIFO-True n_req: 33000000, n_miss: 17021498, miss ratio: 0.5158, disk write 71806287872 + 0 (3.4219)
18:55:46: INFO [flashield.py:170 (root)]: 	w02.oracleGeneral.bin-0.01-FIFO-True n_req: 34000000, n_miss: 17495888, miss ratio: 0.5146, disk write 71806287872 + 0 (3.4219)
18:56:43: INFO [flashield.py:170 (root)]: 	w02.oracleGeneral.bin-0.01-FIFO-True n_req: 35000000, n_miss: 18038574, miss ratio: 0.5154, disk write 71806287872 + 0 (3.4219)
18:57:35: INFO [flashield.py:170 (root)]: 	w02.oracleGeneral.bin-0.01-FIFO-True n_req: 36000000, n_miss: 18535825, miss ratio: 0.5149, disk write 71806287872 + 0 (3.4219)
18:58:29: INFO [flashield.py:170 (root)]: 	w02.oracleGeneral.bin-0.01-FIFO-True n_req: 37000000, n_miss: 19047511, miss ratio: 0.5148, disk write 71806287872 + 0 (3.4219)
18:59:20: INFO [flashield.py:170 (root)]: 	w02.oracleGeneral.bin-0.01-FIFO-True n_req: 38000000, n_miss: 19529384, miss ratio: 0.5139, disk write 71806287872 + 0 (3.4219)
19:00:12: INFO [flashield.py:170 (root)]: 	w02.oracleGeneral.bin-0.01-FIFO-True n_req: 39000000, n_miss: 20017821, miss ratio: 0.5133, disk write 71806287872 + 0 (3.4219)
19:01:04: INFO [flashield.py:170 (root)]: 	w02.oracleGeneral.bin-0.01-FIFO-True n_req: 40000000, n_miss: 20515476, miss ratio: 0.5129, disk write 71806287872 + 0 (3.4219)
19:01:57: INFO [flashield.py:170 (root)]: 	w02.oracleGeneral.bin-0.01-FIFO-True n_req: 41000000, n_miss: 21019773, miss ratio: 0.5127, disk write 71806287872 + 0 (3.4219)
19:02:50: INFO [flashield.py:170 (root)]: 	w02.oracleGeneral.bin-0.01-FIFO-True n_req: 42000000, n_miss: 21522102, miss ratio: 0.5124, disk write 71806287872 + 0 (3.4219)
19:03:43: INFO [flashield.py:170 (root)]: 	w02.oracleGeneral.bin-0.01-FIFO-True n_req: 43000000, n_miss: 22023270, miss ratio: 0.5122, disk write 71806287872 + 0 (3.4219)
19:04:35: INFO [flashield.py:170 (root)]: 	w02.oracleGeneral.bin-0.01-FIFO-True n_req: 44000000, n_miss: 22519256, miss ratio: 0.5118, disk write 71806287872 + 0 (3.4219)
19:05:26: INFO [flashield.py:170 (root)]: 	w02.oracleGeneral.bin-0.01-FIFO-True n_req: 45000000, n_miss: 23005707, miss ratio: 0.5112, disk write 71806287872 + 0 (3.4219)
19:06:19: INFO [flashield.py:170 (root)]: 	w02.oracleGeneral.bin-0.01-FIFO-True n_req: 46000000, n_miss: 23505410, miss ratio: 0.5110, disk write 71806287872 + 0 (3.4219)
19:07:11: INFO [flashield.py:170 (root)]: 	w02.oracleGeneral.bin-0.01-FIFO-True n_req: 47000000, n_miss: 24001784, miss ratio: 0.5107, disk write 71806287872 + 0 (3.4219)
19:08:05: INFO [flashield.py:170 (root)]: 	w02.oracleGeneral.bin-0.01-FIFO-True n_req: 48000000, n_miss: 24504509, miss ratio: 0.5105, disk write 71806287872 + 0 (3.4219)
19:08:57: INFO [flashield.py:170 (root)]: 	w02.oracleGeneral.bin-0.01-FIFO-True n_req: 49000000, n_miss: 25001917, miss ratio: 0.5102, disk write 71806287872 + 0 (3.4219)
19:09:46: INFO [flashield.py:170 (root)]: 	w02.oracleGeneral.bin-0.01-FIFO-True n_req: 50000000, n_miss: 25459847, miss ratio: 0.5092, disk write 71806287872 + 0 (3.4219)
19:10:39: INFO [flashield.py:170 (root)]: 	w02.oracleGeneral.bin-0.01-FIFO-True n_req: 51000000, n_miss: 25965147, miss ratio: 0.5091, disk write 71806287872 + 0 (3.4219)
19:11:35: INFO [flashield.py:170 (root)]: 	w02.oracleGeneral.bin-0.01-FIFO-True n_req: 52000000, n_miss: 26495112, miss ratio: 0.5095, disk write 71806287872 + 0 (3.4219)
19:12:26: INFO [flashield.py:170 (root)]: 	w02.oracleGeneral.bin-0.01-FIFO-True n_req: 53000000, n_miss: 26985478, miss ratio: 0.5092, disk write 71806287872 + 0 (3.4219)
19:13:16: INFO [flashield.py:170 (root)]: 	w02.oracleGeneral.bin-0.01-FIFO-True n_req: 54000000, n_miss: 27455352, miss ratio: 0.5084, disk write 71806287872 + 0 (3.4219)
19:14:04: INFO [flashield.py:170 (root)]: 	w02.oracleGeneral.bin-0.01-FIFO-True n_req: 55000000, n_miss: 27913592, miss ratio: 0.5075, disk write 71806287872 + 0 (3.4219)
19:14:59: INFO [flashield.py:170 (root)]: 	w02.oracleGeneral.bin-0.01-FIFO-True n_req: 56000000, n_miss: 28427694, miss ratio: 0.5076, disk write 71806287872 + 0 (3.4219)
19:15:49: INFO [flashield.py:170 (root)]: 	w02.oracleGeneral.bin-0.01-FIFO-True n_req: 57000000, n_miss: 28902042, miss ratio: 0.5071, disk write 71806287872 + 0 (3.4219)
19:16:41: INFO [flashield.py:170 (root)]: 	w02.oracleGeneral.bin-0.01-FIFO-True n_req: 58000000, n_miss: 29392497, miss ratio: 0.5068, disk write 71806287872 + 0 (3.4219)
19:17:33: INFO [flashield.py:170 (root)]: 	w02.oracleGeneral.bin-0.01-FIFO-True n_req: 59000000, n_miss: 29880360, miss ratio: 0.5064, disk write 71806287872 + 0 (3.4219)
19:18:27: INFO [flashield.py:170 (root)]: 	w02.oracleGeneral.bin-0.01-FIFO-True n_req: 60000000, n_miss: 30390274, miss ratio: 0.5065, disk write 71806287872 + 0 (3.4219)
19:19:20: INFO [flashield.py:170 (root)]: 	w02.oracleGeneral.bin-0.01-FIFO-True n_req: 61000000, n_miss: 30894636, miss ratio: 0.5065, disk write 71806287872 + 0 (3.4219)
19:20:11: INFO [flashield.py:170 (root)]: 	w02.oracleGeneral.bin-0.01-FIFO-True n_req: 62000000, n_miss: 31379082, miss ratio: 0.5061, disk write 71806287872 + 0 (3.4219)
19:21:04: INFO [flashield.py:170 (root)]: 	w02.oracleGeneral.bin-0.01-FIFO-True n_req: 63000000, n_miss: 31886244, miss ratio: 0.5061, disk write 71806287872 + 0 (3.4219)
19:21:57: INFO [flashield.py:170 (root)]: 	w02.oracleGeneral.bin-0.01-FIFO-True n_req: 64000000, n_miss: 32383066, miss ratio: 0.5060, disk write 71806287872 + 0 (3.4219)
19:22:49: INFO [flashield.py:170 (root)]: 	w02.oracleGeneral.bin-0.01-FIFO-True n_req: 65000000, n_miss: 32881897, miss ratio: 0.5059, disk write 71806287872 + 0 (3.4219)
19:23:44: INFO [flashield.py:170 (root)]: 	w02.oracleGeneral.bin-0.01-FIFO-True n_req: 66000000, n_miss: 33400923, miss ratio: 0.5061, disk write 71806287872 + 0 (3.4219)
19:24:34: INFO [flashield.py:170 (root)]: 	w02.oracleGeneral.bin-0.01-FIFO-True n_req: 67000000, n_miss: 33881075, miss ratio: 0.5057, disk write 71806287872 + 0 (3.4219)
19:25:28: INFO [flashield.py:170 (root)]: 	w02.oracleGeneral.bin-0.01-FIFO-True n_req: 68000000, n_miss: 34385756, miss ratio: 0.5057, disk write 71806287872 + 0 (3.4219)
19:26:18: INFO [flashield.py:170 (root)]: 	w02.oracleGeneral.bin-0.01-FIFO-True n_req: 69000000, n_miss: 34865262, miss ratio: 0.5053, disk write 71806287872 + 0 (3.4219)
19:27:14: INFO [flashield.py:170 (root)]: 	w02.oracleGeneral.bin-0.01-FIFO-True n_req: 70000000, n_miss: 35401547, miss ratio: 0.5057, disk write 71806287872 + 0 (3.4219)
19:28:06: INFO [flashield.py:170 (root)]: 	w02.oracleGeneral.bin-0.01-FIFO-True n_req: 71000000, n_miss: 35894661, miss ratio: 0.5056, disk write 71806287872 + 0 (3.4219)
19:28:58: INFO [flashield.py:170 (root)]: 	w02.oracleGeneral.bin-0.01-FIFO-True n_req: 72000000, n_miss: 36385830, miss ratio: 0.5054, disk write 71806287872 + 0 (3.4219)
19:29:48: INFO [flashield.py:170 (root)]: 	w02.oracleGeneral.bin-0.01-FIFO-True n_req: 73000000, n_miss: 36852975, miss ratio: 0.5048, disk write 71806287872 + 0 (3.4219)
19:30:38: INFO [flashield.py:170 (root)]: 	w02.oracleGeneral.bin-0.01-FIFO-True n_req: 74000000, n_miss: 37327859, miss ratio: 0.5044, disk write 71806287872 + 0 (3.4219)
19:31:30: INFO [flashield.py:170 (root)]: 	w02.oracleGeneral.bin-0.01-FIFO-True n_req: 75000000, n_miss: 37826356, miss ratio: 0.5044, disk write 71806287872 + 0 (3.4219)
19:32:25: INFO [flashield.py:170 (root)]: 	w02.oracleGeneral.bin-0.01-FIFO-True n_req: 76000000, n_miss: 38336738, miss ratio: 0.5044, disk write 71806287872 + 0 (3.4219)
19:33:15: INFO [flashield.py:170 (root)]: 	w02.oracleGeneral.bin-0.01-FIFO-True n_req: 77000000, n_miss: 38817446, miss ratio: 0.5041, disk write 71806287872 + 0 (3.4219)
19:34:07: INFO [flashield.py:170 (root)]: 	w02.oracleGeneral.bin-0.01-FIFO-True n_req: 78000000, n_miss: 39307213, miss ratio: 0.5039, disk write 71806287872 + 0 (3.4219)
19:34:57: INFO [flashield.py:170 (root)]: 	w02.oracleGeneral.bin-0.01-FIFO-True n_req: 79000000, n_miss: 39777939, miss ratio: 0.5035, disk write 71806287872 + 0 (3.4219)
19:35:52: INFO [flashield.py:170 (root)]: 	w02.oracleGeneral.bin-0.01-FIFO-True n_req: 80000000, n_miss: 40297412, miss ratio: 0.5037, disk write 71806287872 + 0 (3.4219)
19:36:45: INFO [flashield.py:170 (root)]: 	w02.oracleGeneral.bin-0.01-FIFO-True n_req: 81000000, n_miss: 40791211, miss ratio: 0.5036, disk write 71806287872 + 0 (3.4219)
19:37:36: INFO [flashield.py:170 (root)]: 	w02.oracleGeneral.bin-0.01-FIFO-True n_req: 82000000, n_miss: 41274895, miss ratio: 0.5034, disk write 71806287872 + 0 (3.4219)
19:38:27: INFO [flashield.py:170 (root)]: 	w02.oracleGeneral.bin-0.01-FIFO-True n_req: 83000000, n_miss: 41761335, miss ratio: 0.5031, disk write 71806287872 + 0 (3.4219)
19:39:20: INFO [flashield.py:170 (root)]: 	w02.oracleGeneral.bin-0.01-FIFO-True n_req: 84000000, n_miss: 42258276, miss ratio: 0.5031, disk write 71806287872 + 0 (3.4219)
19:40:13: INFO [flashield.py:170 (root)]: 	w02.oracleGeneral.bin-0.01-FIFO-True n_req: 85000000, n_miss: 42760711, miss ratio: 0.5031, disk write 71806287872 + 0 (3.4219)
19:41:03: INFO [flashield.py:170 (root)]: 	w02.oracleGeneral.bin-0.01-FIFO-True n_req: 86000000, n_miss: 43229315, miss ratio: 0.5027, disk write 71806287872 + 0 (3.4219)
19:41:59: INFO [flashield.py:170 (root)]: 	w02.oracleGeneral.bin-0.01-FIFO-True n_req: 87000000, n_miss: 43763258, miss ratio: 0.5030, disk write 71806287872 + 0 (3.4219)
19:42:55: INFO [flashield.py:170 (root)]: 	w02.oracleGeneral.bin-0.01-FIFO-True n_req: 88000000, n_miss: 44300163, miss ratio: 0.5034, disk write 71806287872 + 0 (3.4219)
19:43:45: INFO [flashield.py:170 (root)]: 	w02.oracleGeneral.bin-0.01-FIFO-True n_req: 89000000, n_miss: 44772878, miss ratio: 0.5031, disk write 71806287872 + 0 (3.4219)
19:44:38: INFO [flashield.py:170 (root)]: 	w02.oracleGeneral.bin-0.01-FIFO-True n_req: 90000000, n_miss: 45276299, miss ratio: 0.5031, disk write 71806287872 + 0 (3.4219)
19:45:29: INFO [flashield.py:170 (root)]: 	w02.oracleGeneral.bin-0.01-FIFO-True n_req: 91000000, n_miss: 45759472, miss ratio: 0.5029, disk write 71806287872 + 0 (3.4219)
19:46:24: INFO [flashield.py:170 (root)]: 	w02.oracleGeneral.bin-0.01-FIFO-True n_req: 92000000, n_miss: 46284361, miss ratio: 0.5031, disk write 71806287872 + 0 (3.4219)
19:47:15: INFO [flashield.py:170 (root)]: 	w02.oracleGeneral.bin-0.01-FIFO-True n_req: 93000000, n_miss: 46774659, miss ratio: 0.5030, disk write 71806287872 + 0 (3.4219)
19:48:09: INFO [flashield.py:170 (root)]: 	w02.oracleGeneral.bin-0.01-FIFO-True n_req: 94000000, n_miss: 47281221, miss ratio: 0.5030, disk write 71806287872 + 0 (3.4219)
19:49:02: INFO [flashield.py:170 (root)]: 	w02.oracleGeneral.bin-0.01-FIFO-True n_req: 95000000, n_miss: 47784745, miss ratio: 0.5030, disk write 71806287872 + 0 (3.4219)
19:49:51: INFO [flashield.py:170 (root)]: 	w02.oracleGeneral.bin-0.01-FIFO-True n_req: 96000000, n_miss: 48246982, miss ratio: 0.5026, disk write 71806287872 + 0 (3.4219)
19:50:41: INFO [flashield.py:170 (root)]: 	w02.oracleGeneral.bin-0.01-FIFO-True n_req: 97000000, n_miss: 48720576, miss ratio: 0.5023, disk write 71806287872 + 0 (3.4219)
19:51:31: INFO [flashield.py:170 (root)]: 	w02.oracleGeneral.bin-0.01-FIFO-True n_req: 98000000, n_miss: 49195227, miss ratio: 0.5020, disk write 71806287872 + 0 (3.4219)
19:52:24: INFO [flashield.py:170 (root)]: 	w02.oracleGeneral.bin-0.01-FIFO-True n_req: 99000000, n_miss: 49698140, miss ratio: 0.5020, disk write 71806287872 + 0 (3.4219)
19:53:17: INFO [flashield.py:170 (root)]: 	w02.oracleGeneral.bin-0.01-FIFO-True n_req: 100000000, n_miss: 50209887, miss ratio: 0.5021, disk write 71806287872 + 0 (3.4219)
19:54:08: INFO [flashield.py:170 (root)]: 	w02.oracleGeneral.bin-0.01-FIFO-True n_req: 101000000, n_miss: 50689077, miss ratio: 0.5019, disk write 71806287872 + 0 (3.4219)
19:55:02: INFO [flashield.py:170 (root)]: 	w02.oracleGeneral.bin-0.01-FIFO-True n_req: 102000000, n_miss: 51201546, miss ratio: 0.5020, disk write 71806287872 + 0 (3.4219)
19:55:55: INFO [flashield.py:170 (root)]: 	w02.oracleGeneral.bin-0.01-FIFO-True n_req: 103000000, n_miss: 51705969, miss ratio: 0.5020, disk write 71806287872 + 0 (3.4219)
19:56:49: INFO [flashield.py:170 (root)]: 	w02.oracleGeneral.bin-0.01-FIFO-True n_req: 104000000, n_miss: 52225316, miss ratio: 0.5022, disk write 71806287872 + 0 (3.4219)
19:57:39: INFO [flashield.py:170 (root)]: 	w02.oracleGeneral.bin-0.01-FIFO-True n_req: 105000000, n_miss: 52701645, miss ratio: 0.5019, disk write 71806287872 + 0 (3.4219)
19:58:32: INFO [flashield.py:170 (root)]: 	w02.oracleGeneral.bin-0.01-FIFO-True n_req: 106000000, n_miss: 53202830, miss ratio: 0.5019, disk write 71806287872 + 0 (3.4219)
19:59:27: INFO [flashield.py:170 (root)]: 	w02.oracleGeneral.bin-0.01-FIFO-True n_req: 107000000, n_miss: 53723671, miss ratio: 0.5021, disk write 71806287872 + 0 (3.4219)
20:00:16: INFO [flashield.py:170 (root)]: 	w02.oracleGeneral.bin-0.01-FIFO-True n_req: 108000000, n_miss: 54190871, miss ratio: 0.5018, disk write 71806287872 + 0 (3.4219)
20:01:07: INFO [flashield.py:170 (root)]: 	w02.oracleGeneral.bin-0.01-FIFO-True n_req: 109000000, n_miss: 54682967, miss ratio: 0.5017, disk write 71806287872 + 0 (3.4219)
20:02:00: INFO [flashield.py:170 (root)]: 	w02.oracleGeneral.bin-0.01-FIFO-True n_req: 110000000, n_miss: 55183550, miss ratio: 0.5017, disk write 71806287872 + 0 (3.4219)
20:02:49: INFO [flashield.py:170 (root)]: 	w02.oracleGeneral.bin-0.01-FIFO-True n_req: 111000000, n_miss: 55649816, miss ratio: 0.5013, disk write 71806287872 + 0 (3.4219)
20:03:40: INFO [flashield.py:170 (root)]: 	w02.oracleGeneral.bin-0.01-FIFO-True n_req: 112000000, n_miss: 56137122, miss ratio: 0.5012, disk write 71806287872 + 0 (3.4219)
20:04:30: INFO [flashield.py:170 (root)]: 	w02.oracleGeneral.bin-0.01-FIFO-True n_req: 113000000, n_miss: 56617626, miss ratio: 0.5010, disk write 71806287872 + 0 (3.4219)
20:05:24: INFO [flashield.py:170 (root)]: 	w02.oracleGeneral.bin-0.01-FIFO-True n_req: 114000000, n_miss: 57128990, miss ratio: 0.5011, disk write 71806287872 + 0 (3.4219)
20:06:18: INFO [flashield.py:170 (root)]: 	w02.oracleGeneral.bin-0.01-FIFO-True n_req: 115000000, n_miss: 57637973, miss ratio: 0.5012, disk write 71806287872 + 0 (3.4219)
20:07:09: INFO [flashield.py:170 (root)]: 	w02.oracleGeneral.bin-0.01-FIFO-True n_req: 116000000, n_miss: 58129734, miss ratio: 0.5011, disk write 71806287872 + 0 (3.4219)
20:07:59: INFO [flashield.py:170 (root)]: 	w02.oracleGeneral.bin-0.01-FIFO-True n_req: 117000000, n_miss: 58609201, miss ratio: 0.5009, disk write 71806287872 + 0 (3.4219)
20:08:53: INFO [flashield.py:170 (root)]: 	w02.oracleGeneral.bin-0.01-FIFO-True n_req: 118000000, n_miss: 59120270, miss ratio: 0.5010, disk write 71806287872 + 0 (3.4219)
20:09:44: INFO [flashield.py:170 (root)]: 	w02.oracleGeneral.bin-0.01-FIFO-True n_req: 119000000, n_miss: 59612564, miss ratio: 0.5009, disk write 71806287872 + 0 (3.4219)
20:10:36: INFO [flashield.py:170 (root)]: 	w02.oracleGeneral.bin-0.01-FIFO-True n_req: 120000000, n_miss: 60110717, miss ratio: 0.5009, disk write 71806287872 + 0 (3.4219)
20:11:30: INFO [flashield.py:170 (root)]: 	w02.oracleGeneral.bin-0.01-FIFO-True n_req: 121000000, n_miss: 60624786, miss ratio: 0.5010, disk write 71806287872 + 0 (3.4219)
20:12:25: INFO [flashield.py:170 (root)]: 	w02.oracleGeneral.bin-0.01-FIFO-True n_req: 122000000, n_miss: 61150398, miss ratio: 0.5012, disk write 71806287872 + 0 (3.4219)
20:12:34: INFO [flashield.py:182 (root)]: 	w02.oracleGeneral.bin-0.01-FIFO-True n_req: 122181000, n_miss: 61240275, miss ratio: 0.5012, disk write 71806287872 + 0 (3.4219)
