18:26:23: INFO [flashield.py:220 (root)]: 	calculating wss for w03.oracleGeneral.bin
18:27:26: INFO [flashield.py:228 (root)]: 	w03.oracleGeneral.bin wss_obj: 27852385, wss_byte: 1919037793280
18:27:26: INFO [cache.py:19 (cache)]: 	create Flashield cache with size 191903779328
18:27:26: INFO [cache.py:19 (cache)]: 	create LRU cache with size 1919037793
18:27:26: INFO [cache.py:19 (cache)]: 	create FIFO cache with size 189984741535
18:27:29: INFO [flashield.py:170 (root)]: 	w03.oracleGeneral.bin-0.01-FIFO-True n_req: 1000000, n_miss: 535987, miss ratio: 0.5360, disk write 55993323008 + 0 (0.0292)
18:27:30: INFO [flashield.py:37 (root)]: 	w03.oracleGeneral.bin Training Flashield...
18:27:30: INFO [flashield.py:42 (root)]: 	w03.oracleGeneral.bin Training Flashield: 424437 features 424437 labels ...
18:27:30: INFO [flashield.py:55 (root)]: 	w03.oracleGeneral.bin finish training
18:27:57: INFO [flashield.py:170 (root)]: 	w03.oracleGeneral.bin-0.01-FIFO-True n_req: 2000000, n_miss: 1036717, miss ratio: 0.5184, disk write 85893064704 + 0 (0.0448)
18:29:00: INFO [flashield.py:170 (root)]: 	w03.oracleGeneral.bin-0.01-FIFO-True n_req: 3000000, n_miss: 1600544, miss ratio: 0.5335, disk write 85893064704 + 0 (0.0448)
18:30:08: INFO [flashield.py:170 (root)]: 	w03.oracleGeneral.bin-0.01-FIFO-True n_req: 4000000, n_miss: 2225097, miss ratio: 0.5563, disk write 85893064704 + 0 (0.0448)
18:31:18: INFO [flashield.py:170 (root)]: 	w03.oracleGeneral.bin-0.01-FIFO-True n_req: 5000000, n_miss: 2864783, miss ratio: 0.5730, disk write 85893064704 + 0 (0.0448)
18:32:33: INFO [flashield.py:170 (root)]: 	w03.oracleGeneral.bin-0.01-FIFO-True n_req: 6000000, n_miss: 3554086, miss ratio: 0.5923, disk write 85893064704 + 0 (0.0448)
18:33:43: INFO [flashield.py:170 (root)]: 	w03.oracleGeneral.bin-0.01-FIFO-True n_req: 7000000, n_miss: 4188682, miss ratio: 0.5984, disk write 85893064704 + 0 (0.0448)
18:34:44: INFO [flashield.py:170 (root)]: 	w03.oracleGeneral.bin-0.01-FIFO-True n_req: 8000000, n_miss: 4745566, miss ratio: 0.5932, disk write 85893064704 + 0 (0.0448)
18:35:42: INFO [flashield.py:170 (root)]: 	w03.oracleGeneral.bin-0.01-FIFO-True n_req: 9000000, n_miss: 5271571, miss ratio: 0.5857, disk write 85893064704 + 0 (0.0448)
18:36:32: INFO [flashield.py:170 (root)]: 	w03.oracleGeneral.bin-0.01-FIFO-True n_req: 10000000, n_miss: 5728667, miss ratio: 0.5729, disk write 85893064704 + 0 (0.0448)
18:37:16: INFO [flashield.py:170 (root)]: 	w03.oracleGeneral.bin-0.01-FIFO-True n_req: 11000000, n_miss: 6132997, miss ratio: 0.5575, disk write 85893064704 + 0 (0.0448)
18:38:00: INFO [flashield.py:170 (root)]: 	w03.oracleGeneral.bin-0.01-FIFO-True n_req: 12000000, n_miss: 6530912, miss ratio: 0.5442, disk write 85893064704 + 0 (0.0448)
18:38:44: INFO [flashield.py:170 (root)]: 	w03.oracleGeneral.bin-0.01-FIFO-True n_req: 13000000, n_miss: 6925556, miss ratio: 0.5327, disk write 85893064704 + 0 (0.0448)
18:39:28: INFO [flashield.py:170 (root)]: 	w03.oracleGeneral.bin-0.01-FIFO-True n_req: 14000000, n_miss: 7326413, miss ratio: 0.5233, disk write 85893064704 + 0 (0.0448)
18:40:21: INFO [flashield.py:170 (root)]: 	w03.oracleGeneral.bin-0.01-FIFO-True n_req: 15000000, n_miss: 7789242, miss ratio: 0.5193, disk write 85893064704 + 0 (0.0448)
18:41:33: INFO [flashield.py:170 (root)]: 	w03.oracleGeneral.bin-0.01-FIFO-True n_req: 16000000, n_miss: 8449781, miss ratio: 0.5281, disk write 85893064704 + 0 (0.0448)
18:42:22: INFO [flashield.py:170 (root)]: 	w03.oracleGeneral.bin-0.01-FIFO-True n_req: 17000000, n_miss: 8885050, miss ratio: 0.5226, disk write 85893064704 + 0 (0.0448)
18:43:30: INFO [flashield.py:170 (root)]: 	w03.oracleGeneral.bin-0.01-FIFO-True n_req: 18000000, n_miss: 9504794, miss ratio: 0.5280, disk write 85893064704 + 0 (0.0448)
18:44:30: INFO [flashield.py:170 (root)]: 	w03.oracleGeneral.bin-0.01-FIFO-True n_req: 19000000, n_miss: 10052010, miss ratio: 0.5291, disk write 85893064704 + 0 (0.0448)
18:45:30: INFO [flashield.py:170 (root)]: 	w03.oracleGeneral.bin-0.01-FIFO-True n_req: 20000000, n_miss: 10589140, miss ratio: 0.5295, disk write 85893064704 + 0 (0.0448)
18:46:33: INFO [flashield.py:170 (root)]: 	w03.oracleGeneral.bin-0.01-FIFO-True n_req: 21000000, n_miss: 11151095, miss ratio: 0.5310, disk write 85893064704 + 0 (0.0448)
18:47:30: INFO [flashield.py:170 (root)]: 	w03.oracleGeneral.bin-0.01-FIFO-True n_req: 22000000, n_miss: 11660842, miss ratio: 0.5300, disk write 85893064704 + 0 (0.0448)
18:48:28: INFO [flashield.py:170 (root)]: 	w03.oracleGeneral.bin-0.01-FIFO-True n_req: 23000000, n_miss: 12182273, miss ratio: 0.5297, disk write 85893064704 + 0 (0.0448)
18:49:25: INFO [flashield.py:170 (root)]: 	w03.oracleGeneral.bin-0.01-FIFO-True n_req: 24000000, n_miss: 12690010, miss ratio: 0.5288, disk write 85893064704 + 0 (0.0448)
18:50:23: INFO [flashield.py:170 (root)]: 	w03.oracleGeneral.bin-0.01-FIFO-True n_req: 25000000, n_miss: 13211502, miss ratio: 0.5285, disk write 85893064704 + 0 (0.0448)
18:51:25: INFO [flashield.py:170 (root)]: 	w03.oracleGeneral.bin-0.01-FIFO-True n_req: 26000000, n_miss: 13767621, miss ratio: 0.5295, disk write 85893064704 + 0 (0.0448)
18:52:46: INFO [flashield.py:170 (root)]: 	w03.oracleGeneral.bin-0.01-FIFO-True n_req: 27000000, n_miss: 14495651, miss ratio: 0.5369, disk write 85893064704 + 0 (0.0448)
18:54:07: INFO [flashield.py:170 (root)]: 	w03.oracleGeneral.bin-0.01-FIFO-True n_req: 28000000, n_miss: 15228134, miss ratio: 0.5439, disk write 85893064704 + 0 (0.0448)
18:55:35: INFO [flashield.py:170 (root)]: 	w03.oracleGeneral.bin-0.01-FIFO-True n_req: 29000000, n_miss: 16029617, miss ratio: 0.5527, disk write 85893064704 + 0 (0.0448)
18:57:02: INFO [flashield.py:170 (root)]: 	w03.oracleGeneral.bin-0.01-FIFO-True n_req: 30000000, n_miss: 16822361, miss ratio: 0.5607, disk write 85893064704 + 0 (0.0448)
18:58:25: INFO [flashield.py:170 (root)]: 	w03.oracleGeneral.bin-0.01-FIFO-True n_req: 31000000, n_miss: 17566886, miss ratio: 0.5667, disk write 85893064704 + 0 (0.0448)
19:00:04: INFO [flashield.py:170 (root)]: 	w03.oracleGeneral.bin-0.01-FIFO-True n_req: 32000000, n_miss: 18479465, miss ratio: 0.5775, disk write 85893064704 + 0 (0.0448)
19:01:43: INFO [flashield.py:170 (root)]: 	w03.oracleGeneral.bin-0.01-FIFO-True n_req: 33000000, n_miss: 19381948, miss ratio: 0.5873, disk write 85893064704 + 0 (0.0448)
19:03:22: INFO [flashield.py:170 (root)]: 	w03.oracleGeneral.bin-0.01-FIFO-True n_req: 34000000, n_miss: 20287324, miss ratio: 0.5967, disk write 85893064704 + 0 (0.0448)
19:05:01: INFO [flashield.py:170 (root)]: 	w03.oracleGeneral.bin-0.01-FIFO-True n_req: 35000000, n_miss: 21192551, miss ratio: 0.6055, disk write 85893064704 + 0 (0.0448)
19:06:37: INFO [flashield.py:170 (root)]: 	w03.oracleGeneral.bin-0.01-FIFO-True n_req: 36000000, n_miss: 22086966, miss ratio: 0.6135, disk write 85893064704 + 0 (0.0448)
19:08:15: INFO [flashield.py:170 (root)]: 	w03.oracleGeneral.bin-0.01-FIFO-True n_req: 37000000, n_miss: 22995346, miss ratio: 0.6215, disk write 85893064704 + 0 (0.0448)
19:09:56: INFO [flashield.py:170 (root)]: 	w03.oracleGeneral.bin-0.01-FIFO-True n_req: 38000000, n_miss: 23905266, miss ratio: 0.6291, disk write 85893064704 + 0 (0.0448)
19:11:36: INFO [flashield.py:170 (root)]: 	w03.oracleGeneral.bin-0.01-FIFO-True n_req: 39000000, n_miss: 24818751, miss ratio: 0.6364, disk write 85893064704 + 0 (0.0448)
19:13:17: INFO [flashield.py:170 (root)]: 	w03.oracleGeneral.bin-0.01-FIFO-True n_req: 40000000, n_miss: 25739353, miss ratio: 0.6435, disk write 85893064704 + 0 (0.0448)
19:14:56: INFO [flashield.py:170 (root)]: 	w03.oracleGeneral.bin-0.01-FIFO-True n_req: 41000000, n_miss: 26646362, miss ratio: 0.6499, disk write 85893064704 + 0 (0.0448)
19:16:39: INFO [flashield.py:170 (root)]: 	w03.oracleGeneral.bin-0.01-FIFO-True n_req: 42000000, n_miss: 27586005, miss ratio: 0.6568, disk write 85893064704 + 0 (0.0448)
19:18:21: INFO [flashield.py:170 (root)]: 	w03.oracleGeneral.bin-0.01-FIFO-True n_req: 43000000, n_miss: 28511342, miss ratio: 0.6631, disk write 85893064704 + 0 (0.0448)
19:19:54: INFO [flashield.py:170 (root)]: 	w03.oracleGeneral.bin-0.01-FIFO-True n_req: 44000000, n_miss: 29422226, miss ratio: 0.6687, disk write 85893064704 + 0 (0.0448)
19:21:21: INFO [flashield.py:170 (root)]: 	w03.oracleGeneral.bin-0.01-FIFO-True n_req: 45000000, n_miss: 30314178, miss ratio: 0.6736, disk write 85893064704 + 0 (0.0448)
19:22:22: INFO [flashield.py:170 (root)]: 	w03.oracleGeneral.bin-0.01-FIFO-True n_req: 46000000, n_miss: 30753898, miss ratio: 0.6686, disk write 85893064704 + 0 (0.0448)
19:22:58: INFO [flashield.py:170 (root)]: 	w03.oracleGeneral.bin-0.01-FIFO-True n_req: 47000000, n_miss: 31087388, miss ratio: 0.6614, disk write 85893064704 + 0 (0.0448)
19:23:47: INFO [flashield.py:170 (root)]: 	w03.oracleGeneral.bin-0.01-FIFO-True n_req: 48000000, n_miss: 31535412, miss ratio: 0.6570, disk write 85893064704 + 0 (0.0448)
19:25:03: INFO [flashield.py:170 (root)]: 	w03.oracleGeneral.bin-0.01-FIFO-True n_req: 49000000, n_miss: 32203802, miss ratio: 0.6572, disk write 85893064704 + 0 (0.0448)
19:26:32: INFO [flashield.py:170 (root)]: 	w03.oracleGeneral.bin-0.01-FIFO-True n_req: 50000000, n_miss: 33022164, miss ratio: 0.6604, disk write 85893064704 + 0 (0.0448)
19:27:36: INFO [flashield.py:170 (root)]: 	w03.oracleGeneral.bin-0.01-FIFO-True n_req: 51000000, n_miss: 33593117, miss ratio: 0.6587, disk write 85893064704 + 0 (0.0448)
19:28:45: INFO [flashield.py:170 (root)]: 	w03.oracleGeneral.bin-0.01-FIFO-True n_req: 52000000, n_miss: 34240022, miss ratio: 0.6585, disk write 85893064704 + 0 (0.0448)
19:29:32: INFO [flashield.py:170 (root)]: 	w03.oracleGeneral.bin-0.01-FIFO-True n_req: 53000000, n_miss: 34663006, miss ratio: 0.6540, disk write 85893064704 + 0 (0.0448)
19:30:20: INFO [flashield.py:170 (root)]: 	w03.oracleGeneral.bin-0.01-FIFO-True n_req: 54000000, n_miss: 35101954, miss ratio: 0.6500, disk write 85893064704 + 0 (0.0448)
19:31:26: INFO [flashield.py:170 (root)]: 	w03.oracleGeneral.bin-0.01-FIFO-True n_req: 55000000, n_miss: 35690639, miss ratio: 0.6489, disk write 85893064704 + 0 (0.0448)
19:32:42: INFO [flashield.py:170 (root)]: 	w03.oracleGeneral.bin-0.01-FIFO-True n_req: 56000000, n_miss: 36375990, miss ratio: 0.6496, disk write 85893064704 + 0 (0.0448)
19:33:24: INFO [flashield.py:170 (root)]: 	w03.oracleGeneral.bin-0.01-FIFO-True n_req: 57000000, n_miss: 36762872, miss ratio: 0.6450, disk write 85893064704 + 0 (0.0448)
19:34:28: INFO [flashield.py:170 (root)]: 	w03.oracleGeneral.bin-0.01-FIFO-True n_req: 58000000, n_miss: 37343745, miss ratio: 0.6439, disk write 85893064704 + 0 (0.0448)
19:35:29: INFO [flashield.py:170 (root)]: 	w03.oracleGeneral.bin-0.01-FIFO-True n_req: 59000000, n_miss: 37892043, miss ratio: 0.6422, disk write 85893064704 + 0 (0.0448)
19:36:35: INFO [flashield.py:170 (root)]: 	w03.oracleGeneral.bin-0.01-FIFO-True n_req: 60000000, n_miss: 38474110, miss ratio: 0.6412, disk write 85893064704 + 0 (0.0448)
19:37:42: INFO [flashield.py:170 (root)]: 	w03.oracleGeneral.bin-0.01-FIFO-True n_req: 61000000, n_miss: 39083477, miss ratio: 0.6407, disk write 85893064704 + 0 (0.0448)
19:38:49: INFO [flashield.py:170 (root)]: 	w03.oracleGeneral.bin-0.01-FIFO-True n_req: 62000000, n_miss: 39686541, miss ratio: 0.6401, disk write 85893064704 + 0 (0.0448)
19:39:49: INFO [flashield.py:170 (root)]: 	w03.oracleGeneral.bin-0.01-FIFO-True n_req: 63000000, n_miss: 40231722, miss ratio: 0.6386, disk write 85893064704 + 0 (0.0448)
19:40:50: INFO [flashield.py:170 (root)]: 	w03.oracleGeneral.bin-0.01-FIFO-True n_req: 64000000, n_miss: 40776558, miss ratio: 0.6371, disk write 85893064704 + 0 (0.0448)
19:41:55: INFO [flashield.py:170 (root)]: 	w03.oracleGeneral.bin-0.01-FIFO-True n_req: 65000000, n_miss: 41359980, miss ratio: 0.6363, disk write 85893064704 + 0 (0.0448)
19:43:05: INFO [flashield.py:170 (root)]: 	w03.oracleGeneral.bin-0.01-FIFO-True n_req: 66000000, n_miss: 41991559, miss ratio: 0.6362, disk write 85893064704 + 0 (0.0448)
19:43:48: INFO [flashield.py:170 (root)]: 	w03.oracleGeneral.bin-0.01-FIFO-True n_req: 67000000, n_miss: 42417887, miss ratio: 0.6331, disk write 85893064704 + 0 (0.0448)
19:44:35: INFO [flashield.py:170 (root)]: 	w03.oracleGeneral.bin-0.01-FIFO-True n_req: 68000000, n_miss: 42825315, miss ratio: 0.6298, disk write 85893064704 + 0 (0.0448)
19:45:25: INFO [flashield.py:170 (root)]: 	w03.oracleGeneral.bin-0.01-FIFO-True n_req: 69000000, n_miss: 43278383, miss ratio: 0.6272, disk write 85893064704 + 0 (0.0448)
19:46:13: INFO [flashield.py:170 (root)]: 	w03.oracleGeneral.bin-0.01-FIFO-True n_req: 70000000, n_miss: 43706851, miss ratio: 0.6244, disk write 85893064704 + 0 (0.0448)
19:47:01: INFO [flashield.py:170 (root)]: 	w03.oracleGeneral.bin-0.01-FIFO-True n_req: 71000000, n_miss: 44128801, miss ratio: 0.6215, disk write 85893064704 + 0 (0.0448)
19:47:55: INFO [flashield.py:170 (root)]: 	w03.oracleGeneral.bin-0.01-FIFO-True n_req: 72000000, n_miss: 44617560, miss ratio: 0.6197, disk write 85893064704 + 0 (0.0448)
19:48:57: INFO [flashield.py:170 (root)]: 	w03.oracleGeneral.bin-0.01-FIFO-True n_req: 73000000, n_miss: 45160173, miss ratio: 0.6186, disk write 85893064704 + 0 (0.0448)
19:50:01: INFO [flashield.py:170 (root)]: 	w03.oracleGeneral.bin-0.01-FIFO-True n_req: 74000000, n_miss: 45704641, miss ratio: 0.6176, disk write 85893064704 + 0 (0.0448)
19:50:56: INFO [flashield.py:170 (root)]: 	w03.oracleGeneral.bin-0.01-FIFO-True n_req: 75000000, n_miss: 46212758, miss ratio: 0.6162, disk write 85893064704 + 0 (0.0448)
19:51:51: INFO [flashield.py:170 (root)]: 	w03.oracleGeneral.bin-0.01-FIFO-True n_req: 76000000, n_miss: 46688508, miss ratio: 0.6143, disk write 85893064704 + 0 (0.0448)
19:53:13: INFO [flashield.py:170 (root)]: 	w03.oracleGeneral.bin-0.01-FIFO-True n_req: 77000000, n_miss: 47431497, miss ratio: 0.6160, disk write 85893064704 + 0 (0.0448)
19:54:33: INFO [flashield.py:170 (root)]: 	w03.oracleGeneral.bin-0.01-FIFO-True n_req: 78000000, n_miss: 48161826, miss ratio: 0.6175, disk write 85893064704 + 0 (0.0448)
19:55:44: INFO [flashield.py:170 (root)]: 	w03.oracleGeneral.bin-0.01-FIFO-True n_req: 79000000, n_miss: 48809069, miss ratio: 0.6178, disk write 85893064704 + 0 (0.0448)
19:56:49: INFO [flashield.py:170 (root)]: 	w03.oracleGeneral.bin-0.01-FIFO-True n_req: 80000000, n_miss: 49391094, miss ratio: 0.6174, disk write 85893064704 + 0 (0.0448)
19:57:50: INFO [flashield.py:170 (root)]: 	w03.oracleGeneral.bin-0.01-FIFO-True n_req: 81000000, n_miss: 49938623, miss ratio: 0.6165, disk write 85893064704 + 0 (0.0448)
19:58:45: INFO [flashield.py:170 (root)]: 	w03.oracleGeneral.bin-0.01-FIFO-True n_req: 82000000, n_miss: 50437383, miss ratio: 0.6151, disk write 85893064704 + 0 (0.0448)
19:59:32: INFO [flashield.py:170 (root)]: 	w03.oracleGeneral.bin-0.01-FIFO-True n_req: 83000000, n_miss: 50857812, miss ratio: 0.6127, disk write 85893064704 + 0 (0.0448)
20:00:20: INFO [flashield.py:170 (root)]: 	w03.oracleGeneral.bin-0.01-FIFO-True n_req: 84000000, n_miss: 51284719, miss ratio: 0.6105, disk write 85893064704 + 0 (0.0448)
20:00:53: INFO [flashield.py:182 (root)]: 	w03.oracleGeneral.bin-0.01-FIFO-True n_req: 84712978, n_miss: 51577194, miss ratio: 0.6088, disk write 85893064704 + 0 (0.0448)
