18:26:23: INFO [flashield.py:220 (root)]: 	calculating wss for w04.oracleGeneral.bin
18:27:22: INFO [flashield.py:228 (root)]: 	w04.oracleGeneral.bin wss_obj: 18753381, wss_byte: 1785141273088
18:27:22: INFO [cache.py:19 (cache)]: 	create Flashield cache with size 178514127308
18:27:22: INFO [cache.py:19 (cache)]: 	create LRU cache with size 1785141273
18:27:22: INFO [cache.py:19 (cache)]: 	create FIFO cache with size 176728986035
18:27:24: INFO [flashield.py:170 (root)]: 	w04.oracleGeneral.bin-0.01-FIFO-True n_req: 1000000, n_miss: 430445, miss ratio: 0.4304, disk write 50599693824 + 0 (0.0283)
18:27:25: INFO [flashield.py:37 (root)]: 	w04.oracleGeneral.bin Training Flashield...
18:27:26: INFO [flashield.py:42 (root)]: 	w04.oracleGeneral.bin Training Flashield: 404874 features 404874 labels ...
18:27:26: INFO [flashield.py:55 (root)]: 	w04.oracleGeneral.bin finish training
18:27:33: INFO [flashield.py:170 (root)]: 	w04.oracleGeneral.bin-0.01-FIFO-True n_req: 2000000, n_miss: 817693, miss ratio: 0.4088, disk write 93913280000 + 0 (0.0526)
18:28:14: INFO [flashield.py:170 (root)]: 	w04.oracleGeneral.bin-0.01-FIFO-True n_req: 3000000, n_miss: 1197716, miss ratio: 0.3992, disk write 93913280000 + 0 (0.0526)
18:28:59: INFO [flashield.py:170 (root)]: 	w04.oracleGeneral.bin-0.01-FIFO-True n_req: 4000000, n_miss: 1603659, miss ratio: 0.4009, disk write 93913280000 + 0 (0.0526)
18:29:58: INFO [flashield.py:170 (root)]: 	w04.oracleGeneral.bin-0.01-FIFO-True n_req: 5000000, n_miss: 2141593, miss ratio: 0.4283, disk write 93913280000 + 0 (0.0526)
18:31:01: INFO [flashield.py:170 (root)]: 	w04.oracleGeneral.bin-0.01-FIFO-True n_req: 6000000, n_miss: 2716331, miss ratio: 0.4527, disk write 93913280000 + 0 (0.0526)
18:32:04: INFO [flashield.py:170 (root)]: 	w04.oracleGeneral.bin-0.01-FIFO-True n_req: 7000000, n_miss: 3293443, miss ratio: 0.4705, disk write 93913280000 + 0 (0.0526)
18:32:57: INFO [flashield.py:170 (root)]: 	w04.oracleGeneral.bin-0.01-FIFO-True n_req: 8000000, n_miss: 3778635, miss ratio: 0.4723, disk write 93913280000 + 0 (0.0526)
18:33:37: INFO [flashield.py:170 (root)]: 	w04.oracleGeneral.bin-0.01-FIFO-True n_req: 9000000, n_miss: 4158123, miss ratio: 0.4620, disk write 93913280000 + 0 (0.0526)
18:34:12: INFO [flashield.py:170 (root)]: 	w04.oracleGeneral.bin-0.01-FIFO-True n_req: 10000000, n_miss: 4468493, miss ratio: 0.4468, disk write 93913280000 + 0 (0.0526)
18:34:46: INFO [flashield.py:170 (root)]: 	w04.oracleGeneral.bin-0.01-FIFO-True n_req: 11000000, n_miss: 4776516, miss ratio: 0.4342, disk write 93913280000 + 0 (0.0526)
18:35:21: INFO [flashield.py:170 (root)]: 	w04.oracleGeneral.bin-0.01-FIFO-True n_req: 12000000, n_miss: 5091422, miss ratio: 0.4243, disk write 93913280000 + 0 (0.0526)
18:35:55: INFO [flashield.py:170 (root)]: 	w04.oracleGeneral.bin-0.01-FIFO-True n_req: 13000000, n_miss: 5402075, miss ratio: 0.4155, disk write 93913280000 + 0 (0.0526)
18:36:29: INFO [flashield.py:170 (root)]: 	w04.oracleGeneral.bin-0.01-FIFO-True n_req: 14000000, n_miss: 5709215, miss ratio: 0.4078, disk write 93913280000 + 0 (0.0526)
18:37:03: INFO [flashield.py:170 (root)]: 	w04.oracleGeneral.bin-0.01-FIFO-True n_req: 15000000, n_miss: 6014249, miss ratio: 0.4009, disk write 93913280000 + 0 (0.0526)
18:37:50: INFO [flashield.py:170 (root)]: 	w04.oracleGeneral.bin-0.01-FIFO-True n_req: 16000000, n_miss: 6425502, miss ratio: 0.4016, disk write 93913280000 + 0 (0.0526)
18:38:48: INFO [flashield.py:170 (root)]: 	w04.oracleGeneral.bin-0.01-FIFO-True n_req: 17000000, n_miss: 6957369, miss ratio: 0.4093, disk write 93913280000 + 0 (0.0526)
18:39:51: INFO [flashield.py:170 (root)]: 	w04.oracleGeneral.bin-0.01-FIFO-True n_req: 18000000, n_miss: 7520974, miss ratio: 0.4178, disk write 93913280000 + 0 (0.0526)
18:40:43: INFO [flashield.py:170 (root)]: 	w04.oracleGeneral.bin-0.01-FIFO-True n_req: 19000000, n_miss: 8016697, miss ratio: 0.4219, disk write 93913280000 + 0 (0.0526)
18:41:24: INFO [flashield.py:170 (root)]: 	w04.oracleGeneral.bin-0.01-FIFO-True n_req: 20000000, n_miss: 8381938, miss ratio: 0.4191, disk write 93913280000 + 0 (0.0526)
18:41:59: INFO [flashield.py:170 (root)]: 	w04.oracleGeneral.bin-0.01-FIFO-True n_req: 21000000, n_miss: 8708392, miss ratio: 0.4147, disk write 93913280000 + 0 (0.0526)
18:42:45: INFO [flashield.py:170 (root)]: 	w04.oracleGeneral.bin-0.01-FIFO-True n_req: 22000000, n_miss: 9104008, miss ratio: 0.4138, disk write 93913280000 + 0 (0.0526)
18:43:31: INFO [flashield.py:170 (root)]: 	w04.oracleGeneral.bin-0.01-FIFO-True n_req: 23000000, n_miss: 9518690, miss ratio: 0.4139, disk write 93913280000 + 0 (0.0526)
18:44:21: INFO [flashield.py:170 (root)]: 	w04.oracleGeneral.bin-0.01-FIFO-True n_req: 24000000, n_miss: 9980071, miss ratio: 0.4158, disk write 93913280000 + 0 (0.0526)
18:45:26: INFO [flashield.py:170 (root)]: 	w04.oracleGeneral.bin-0.01-FIFO-True n_req: 25000000, n_miss: 10569500, miss ratio: 0.4228, disk write 93913280000 + 0 (0.0526)
18:46:28: INFO [flashield.py:170 (root)]: 	w04.oracleGeneral.bin-0.01-FIFO-True n_req: 26000000, n_miss: 11136032, miss ratio: 0.4283, disk write 93913280000 + 0 (0.0526)
18:47:29: INFO [flashield.py:170 (root)]: 	w04.oracleGeneral.bin-0.01-FIFO-True n_req: 27000000, n_miss: 11689429, miss ratio: 0.4329, disk write 93913280000 + 0 (0.0526)
18:48:31: INFO [flashield.py:170 (root)]: 	w04.oracleGeneral.bin-0.01-FIFO-True n_req: 28000000, n_miss: 12253752, miss ratio: 0.4376, disk write 93913280000 + 0 (0.0526)
18:49:36: INFO [flashield.py:170 (root)]: 	w04.oracleGeneral.bin-0.01-FIFO-True n_req: 29000000, n_miss: 12846651, miss ratio: 0.4430, disk write 93913280000 + 0 (0.0526)
18:50:49: INFO [flashield.py:170 (root)]: 	w04.oracleGeneral.bin-0.01-FIFO-True n_req: 30000000, n_miss: 13516175, miss ratio: 0.4505, disk write 93913280000 + 0 (0.0526)
18:51:45: INFO [flashield.py:170 (root)]: 	w04.oracleGeneral.bin-0.01-FIFO-True n_req: 31000000, n_miss: 14029072, miss ratio: 0.4526, disk write 93913280000 + 0 (0.0526)
18:52:29: INFO [flashield.py:170 (root)]: 	w04.oracleGeneral.bin-0.01-FIFO-True n_req: 32000000, n_miss: 14450148, miss ratio: 0.4516, disk write 93913280000 + 0 (0.0526)
18:53:43: INFO [flashield.py:170 (root)]: 	w04.oracleGeneral.bin-0.01-FIFO-True n_req: 33000000, n_miss: 15113368, miss ratio: 0.4580, disk write 93913280000 + 0 (0.0526)
18:55:00: INFO [flashield.py:170 (root)]: 	w04.oracleGeneral.bin-0.01-FIFO-True n_req: 34000000, n_miss: 15823989, miss ratio: 0.4654, disk write 93913280000 + 0 (0.0526)
18:56:21: INFO [flashield.py:170 (root)]: 	w04.oracleGeneral.bin-0.01-FIFO-True n_req: 35000000, n_miss: 16571602, miss ratio: 0.4735, disk write 93913280000 + 0 (0.0526)
18:57:47: INFO [flashield.py:170 (root)]: 	w04.oracleGeneral.bin-0.01-FIFO-True n_req: 36000000, n_miss: 17367460, miss ratio: 0.4824, disk write 93913280000 + 0 (0.0526)
18:59:03: INFO [flashield.py:170 (root)]: 	w04.oracleGeneral.bin-0.01-FIFO-True n_req: 37000000, n_miss: 18081120, miss ratio: 0.4887, disk write 93913280000 + 0 (0.0526)
19:00:20: INFO [flashield.py:170 (root)]: 	w04.oracleGeneral.bin-0.01-FIFO-True n_req: 38000000, n_miss: 18774895, miss ratio: 0.4941, disk write 93913280000 + 0 (0.0526)
19:01:37: INFO [flashield.py:170 (root)]: 	w04.oracleGeneral.bin-0.01-FIFO-True n_req: 39000000, n_miss: 19486573, miss ratio: 0.4997, disk write 93913280000 + 0 (0.0526)
19:02:55: INFO [flashield.py:170 (root)]: 	w04.oracleGeneral.bin-0.01-FIFO-True n_req: 40000000, n_miss: 20205451, miss ratio: 0.5051, disk write 93913280000 + 0 (0.0526)
19:04:05: INFO [flashield.py:170 (root)]: 	w04.oracleGeneral.bin-0.01-FIFO-True n_req: 41000000, n_miss: 20846024, miss ratio: 0.5084, disk write 93913280000 + 0 (0.0526)
19:04:50: INFO [flashield.py:170 (root)]: 	w04.oracleGeneral.bin-0.01-FIFO-True n_req: 42000000, n_miss: 21291218, miss ratio: 0.5069, disk write 93913280000 + 0 (0.0526)
19:05:30: INFO [flashield.py:170 (root)]: 	w04.oracleGeneral.bin-0.01-FIFO-True n_req: 43000000, n_miss: 21636715, miss ratio: 0.5032, disk write 93913280000 + 0 (0.0526)
19:06:06: INFO [flashield.py:170 (root)]: 	w04.oracleGeneral.bin-0.01-FIFO-True n_req: 44000000, n_miss: 21975177, miss ratio: 0.4994, disk write 93913280000 + 0 (0.0526)
19:06:43: INFO [flashield.py:170 (root)]: 	w04.oracleGeneral.bin-0.01-FIFO-True n_req: 45000000, n_miss: 22311004, miss ratio: 0.4958, disk write 93913280000 + 0 (0.0526)
19:07:20: INFO [flashield.py:170 (root)]: 	w04.oracleGeneral.bin-0.01-FIFO-True n_req: 46000000, n_miss: 22653739, miss ratio: 0.4925, disk write 93913280000 + 0 (0.0526)
19:07:57: INFO [flashield.py:170 (root)]: 	w04.oracleGeneral.bin-0.01-FIFO-True n_req: 47000000, n_miss: 22988608, miss ratio: 0.4891, disk write 93913280000 + 0 (0.0526)
19:08:34: INFO [flashield.py:170 (root)]: 	w04.oracleGeneral.bin-0.01-FIFO-True n_req: 48000000, n_miss: 23321651, miss ratio: 0.4859, disk write 93913280000 + 0 (0.0526)
19:09:11: INFO [flashield.py:170 (root)]: 	w04.oracleGeneral.bin-0.01-FIFO-True n_req: 49000000, n_miss: 23661037, miss ratio: 0.4829, disk write 93913280000 + 0 (0.0526)
19:09:48: INFO [flashield.py:170 (root)]: 	w04.oracleGeneral.bin-0.01-FIFO-True n_req: 50000000, n_miss: 23995442, miss ratio: 0.4799, disk write 93913280000 + 0 (0.0526)
19:10:25: INFO [flashield.py:170 (root)]: 	w04.oracleGeneral.bin-0.01-FIFO-True n_req: 51000000, n_miss: 24334201, miss ratio: 0.4771, disk write 93913280000 + 0 (0.0526)
19:11:02: INFO [flashield.py:170 (root)]: 	w04.oracleGeneral.bin-0.01-FIFO-True n_req: 52000000, n_miss: 24670165, miss ratio: 0.4744, disk write 93913280000 + 0 (0.0526)
19:11:53: INFO [flashield.py:170 (root)]: 	w04.oracleGeneral.bin-0.01-FIFO-True n_req: 53000000, n_miss: 25121901, miss ratio: 0.4740, disk write 93913280000 + 0 (0.0526)
19:13:04: INFO [flashield.py:170 (root)]: 	w04.oracleGeneral.bin-0.01-FIFO-True n_req: 54000000, n_miss: 25775838, miss ratio: 0.4773, disk write 93913280000 + 0 (0.0526)
19:14:20: INFO [flashield.py:170 (root)]: 	w04.oracleGeneral.bin-0.01-FIFO-True n_req: 55000000, n_miss: 26478190, miss ratio: 0.4814, disk write 93913280000 + 0 (0.0526)
19:15:39: INFO [flashield.py:170 (root)]: 	w04.oracleGeneral.bin-0.01-FIFO-True n_req: 56000000, n_miss: 27206762, miss ratio: 0.4858, disk write 93913280000 + 0 (0.0526)
19:16:54: INFO [flashield.py:170 (root)]: 	w04.oracleGeneral.bin-0.01-FIFO-True n_req: 57000000, n_miss: 27897855, miss ratio: 0.4894, disk write 93913280000 + 0 (0.0526)
19:17:46: INFO [flashield.py:170 (root)]: 	w04.oracleGeneral.bin-0.01-FIFO-True n_req: 58000000, n_miss: 28371301, miss ratio: 0.4892, disk write 93913280000 + 0 (0.0526)
19:18:26: INFO [flashield.py:170 (root)]: 	w04.oracleGeneral.bin-0.01-FIFO-True n_req: 59000000, n_miss: 28744144, miss ratio: 0.4872, disk write 93913280000 + 0 (0.0526)
19:19:03: INFO [flashield.py:170 (root)]: 	w04.oracleGeneral.bin-0.01-FIFO-True n_req: 60000000, n_miss: 29079304, miss ratio: 0.4847, disk write 93913280000 + 0 (0.0526)
19:19:39: INFO [flashield.py:170 (root)]: 	w04.oracleGeneral.bin-0.01-FIFO-True n_req: 61000000, n_miss: 29410064, miss ratio: 0.4821, disk write 93913280000 + 0 (0.0526)
19:20:15: INFO [flashield.py:170 (root)]: 	w04.oracleGeneral.bin-0.01-FIFO-True n_req: 62000000, n_miss: 29742987, miss ratio: 0.4797, disk write 93913280000 + 0 (0.0526)
19:20:52: INFO [flashield.py:170 (root)]: 	w04.oracleGeneral.bin-0.01-FIFO-True n_req: 63000000, n_miss: 30070240, miss ratio: 0.4773, disk write 93913280000 + 0 (0.0526)
19:21:28: INFO [flashield.py:170 (root)]: 	w04.oracleGeneral.bin-0.01-FIFO-True n_req: 64000000, n_miss: 30402877, miss ratio: 0.4750, disk write 93913280000 + 0 (0.0526)
19:22:05: INFO [flashield.py:170 (root)]: 	w04.oracleGeneral.bin-0.01-FIFO-True n_req: 65000000, n_miss: 30733472, miss ratio: 0.4728, disk write 93913280000 + 0 (0.0526)
19:22:41: INFO [flashield.py:170 (root)]: 	w04.oracleGeneral.bin-0.01-FIFO-True n_req: 66000000, n_miss: 31060614, miss ratio: 0.4706, disk write 93913280000 + 0 (0.0526)
19:23:16: INFO [flashield.py:170 (root)]: 	w04.oracleGeneral.bin-0.01-FIFO-True n_req: 67000000, n_miss: 31377714, miss ratio: 0.4683, disk write 93913280000 + 0 (0.0526)
19:23:49: INFO [flashield.py:170 (root)]: 	w04.oracleGeneral.bin-0.01-FIFO-True n_req: 68000000, n_miss: 31693877, miss ratio: 0.4661, disk write 93913280000 + 0 (0.0526)
19:24:24: INFO [flashield.py:170 (root)]: 	w04.oracleGeneral.bin-0.01-FIFO-True n_req: 69000000, n_miss: 32002190, miss ratio: 0.4638, disk write 93913280000 + 0 (0.0526)
19:25:21: INFO [flashield.py:170 (root)]: 	w04.oracleGeneral.bin-0.01-FIFO-True n_req: 70000000, n_miss: 32509251, miss ratio: 0.4644, disk write 93913280000 + 0 (0.0526)
19:26:14: INFO [flashield.py:170 (root)]: 	w04.oracleGeneral.bin-0.01-FIFO-True n_req: 71000000, n_miss: 32992337, miss ratio: 0.4647, disk write 93913280000 + 0 (0.0526)
19:27:09: INFO [flashield.py:170 (root)]: 	w04.oracleGeneral.bin-0.01-FIFO-True n_req: 72000000, n_miss: 33495301, miss ratio: 0.4652, disk write 93913280000 + 0 (0.0526)
19:28:03: INFO [flashield.py:170 (root)]: 	w04.oracleGeneral.bin-0.01-FIFO-True n_req: 73000000, n_miss: 33989808, miss ratio: 0.4656, disk write 93913280000 + 0 (0.0526)
19:28:57: INFO [flashield.py:170 (root)]: 	w04.oracleGeneral.bin-0.01-FIFO-True n_req: 74000000, n_miss: 34482207, miss ratio: 0.4660, disk write 93913280000 + 0 (0.0526)
19:29:54: INFO [flashield.py:170 (root)]: 	w04.oracleGeneral.bin-0.01-FIFO-True n_req: 75000000, n_miss: 35003391, miss ratio: 0.4667, disk write 93913280000 + 0 (0.0526)
19:30:50: INFO [flashield.py:170 (root)]: 	w04.oracleGeneral.bin-0.01-FIFO-True n_req: 76000000, n_miss: 35518401, miss ratio: 0.4673, disk write 93913280000 + 0 (0.0526)
19:31:45: INFO [flashield.py:170 (root)]: 	w04.oracleGeneral.bin-0.01-FIFO-True n_req: 77000000, n_miss: 36028578, miss ratio: 0.4679, disk write 93913280000 + 0 (0.0526)
19:32:27: INFO [flashield.py:182 (root)]: 	w04.oracleGeneral.bin-0.01-FIFO-True n_req: 77764582, n_miss: 36408094, miss ratio: 0.4682, disk write 93913280000 + 0 (0.0526)
