18:26:23: INFO [flashield.py:220 (root)]: 	calculating wss for w05.oracleGeneral.bin
18:27:16: INFO [flashield.py:228 (root)]: 	w05.oracleGeneral.bin wss_obj: 41379800, wss_byte: 1542905902080
18:27:16: INFO [cache.py:19 (cache)]: 	create Flashield cache with size 154290590208
18:27:16: INFO [cache.py:19 (cache)]: 	create LRU cache with size 1542905902
18:27:16: INFO [cache.py:19 (cache)]: 	create FIFO cache with size 152747684306
18:27:18: INFO [flashield.py:170 (root)]: 	w05.oracleGeneral.bin-0.01-FIFO-True n_req: 1000000, n_miss: 997325, miss ratio: 0.9973, disk write 0 + 0 (0.0000)
18:27:22: INFO [flashield.py:170 (root)]: 	w05.oracleGeneral.bin-0.01-FIFO-True n_req: 2000000, n_miss: 1983057, miss ratio: 0.9915, disk write 10969428992 + 0 (0.0071)
18:27:25: INFO [flashield.py:170 (root)]: 	w05.oracleGeneral.bin-0.01-FIFO-True n_req: 3000000, n_miss: 2695849, miss ratio: 0.8986, disk write 60370544640 + 0 (0.0391)
18:27:27: INFO [flashield.py:170 (root)]: 	w05.oracleGeneral.bin-0.01-FIFO-True n_req: 4000000, n_miss: 3494993, miss ratio: 0.8737, disk write 66116687872 + 0 (0.0429)
18:27:30: INFO [flashield.py:170 (root)]: 	w05.oracleGeneral.bin-0.01-FIFO-True n_req: 5000000, n_miss: 4248185, miss ratio: 0.8496, disk write 86722952704 + 0 (0.0562)
18:27:31: INFO [flashield.py:37 (root)]: 	w05.oracleGeneral.bin Training Flashield...
18:27:33: INFO [flashield.py:42 (root)]: 	w05.oracleGeneral.bin Training Flashield: 2679655 features 2679655 labels ...
18:27:33: INFO [flashield.py:55 (root)]: 	w05.oracleGeneral.bin finish training
18:27:34: INFO [flashield.py:170 (root)]: 	w05.oracleGeneral.bin-0.01-FIFO-True n_req: 6000000, n_miss: 5241688, miss ratio: 0.8736, disk write 87273610240 + 0 (0.0566)
18:28:36: INFO [flashield.py:170 (root)]: 	w05.oracleGeneral.bin-0.01-FIFO-True n_req: 7000000, n_miss: 6233052, miss ratio: 0.8904, disk write 87273610240 + 0 (0.0566)
18:30:58: INFO [flashield.py:170 (root)]: 	w05.oracleGeneral.bin-0.01-FIFO-True n_req: 8000000, n_miss: 7175750, miss ratio: 0.8970, disk write 87273610240 + 0 (0.0566)
18:32:28: INFO [flashield.py:170 (root)]: 	w05.oracleGeneral.bin-0.01-FIFO-True n_req: 9000000, n_miss: 8110070, miss ratio: 0.9011, disk write 87273610240 + 0 (0.0566)
18:34:04: INFO [flashield.py:170 (root)]: 	w05.oracleGeneral.bin-0.01-FIFO-True n_req: 10000000, n_miss: 9047898, miss ratio: 0.9048, disk write 87273610240 + 0 (0.0566)
18:35:46: INFO [flashield.py:170 (root)]: 	w05.oracleGeneral.bin-0.01-FIFO-True n_req: 11000000, n_miss: 9986421, miss ratio: 0.9079, disk write 87273610240 + 0 (0.0566)
18:38:29: INFO [flashield.py:170 (root)]: 	w05.oracleGeneral.bin-0.01-FIFO-True n_req: 12000000, n_miss: 10893052, miss ratio: 0.9078, disk write 87273610240 + 0 (0.0566)
18:39:04: INFO [flashield.py:170 (root)]: 	w05.oracleGeneral.bin-0.01-FIFO-True n_req: 13000000, n_miss: 11799575, miss ratio: 0.9077, disk write 87273610240 + 0 (0.0566)
18:41:12: INFO [flashield.py:170 (root)]: 	w05.oracleGeneral.bin-0.01-FIFO-True n_req: 14000000, n_miss: 12661354, miss ratio: 0.9044, disk write 87273610240 + 0 (0.0566)
18:43:38: INFO [flashield.py:170 (root)]: 	w05.oracleGeneral.bin-0.01-FIFO-True n_req: 15000000, n_miss: 13657727, miss ratio: 0.9105, disk write 87273610240 + 0 (0.0566)
18:44:53: INFO [flashield.py:170 (root)]: 	w05.oracleGeneral.bin-0.01-FIFO-True n_req: 16000000, n_miss: 14552278, miss ratio: 0.9095, disk write 87273610240 + 0 (0.0566)
18:45:54: INFO [flashield.py:170 (root)]: 	w05.oracleGeneral.bin-0.01-FIFO-True n_req: 17000000, n_miss: 15485540, miss ratio: 0.9109, disk write 87273610240 + 0 (0.0566)
18:47:22: INFO [flashield.py:170 (root)]: 	w05.oracleGeneral.bin-0.01-FIFO-True n_req: 18000000, n_miss: 16419067, miss ratio: 0.9122, disk write 87273610240 + 0 (0.0566)
18:49:22: INFO [flashield.py:170 (root)]: 	w05.oracleGeneral.bin-0.01-FIFO-True n_req: 19000000, n_miss: 17324780, miss ratio: 0.9118, disk write 87273610240 + 0 (0.0566)
18:51:52: INFO [flashield.py:170 (root)]: 	w05.oracleGeneral.bin-0.01-FIFO-True n_req: 20000000, n_miss: 18136603, miss ratio: 0.9068, disk write 87273610240 + 0 (0.0566)
18:53:01: INFO [flashield.py:170 (root)]: 	w05.oracleGeneral.bin-0.01-FIFO-True n_req: 21000000, n_miss: 18840670, miss ratio: 0.8972, disk write 87273610240 + 0 (0.0566)
18:53:58: INFO [flashield.py:170 (root)]: 	w05.oracleGeneral.bin-0.01-FIFO-True n_req: 22000000, n_miss: 19375514, miss ratio: 0.8807, disk write 87273610240 + 0 (0.0566)
18:54:56: INFO [flashield.py:170 (root)]: 	w05.oracleGeneral.bin-0.01-FIFO-True n_req: 23000000, n_miss: 20229617, miss ratio: 0.8795, disk write 87273610240 + 0 (0.0566)
18:56:05: INFO [flashield.py:170 (root)]: 	w05.oracleGeneral.bin-0.01-FIFO-True n_req: 24000000, n_miss: 20940273, miss ratio: 0.8725, disk write 87273610240 + 0 (0.0566)
18:57:55: INFO [flashield.py:170 (root)]: 	w05.oracleGeneral.bin-0.01-FIFO-True n_req: 25000000, n_miss: 21923559, miss ratio: 0.8769, disk write 87273610240 + 0 (0.0566)
18:59:49: INFO [flashield.py:170 (root)]: 	w05.oracleGeneral.bin-0.01-FIFO-True n_req: 26000000, n_miss: 22903411, miss ratio: 0.8809, disk write 87273610240 + 0 (0.0566)
19:00:33: INFO [flashield.py:170 (root)]: 	w05.oracleGeneral.bin-0.01-FIFO-True n_req: 27000000, n_miss: 23863418, miss ratio: 0.8838, disk write 87273610240 + 0 (0.0566)
19:02:24: INFO [flashield.py:170 (root)]: 	w05.oracleGeneral.bin-0.01-FIFO-True n_req: 28000000, n_miss: 24843163, miss ratio: 0.8873, disk write 87273610240 + 0 (0.0566)
19:04:22: INFO [flashield.py:170 (root)]: 	w05.oracleGeneral.bin-0.01-FIFO-True n_req: 29000000, n_miss: 25764978, miss ratio: 0.8884, disk write 87273610240 + 0 (0.0566)
19:06:01: INFO [flashield.py:170 (root)]: 	w05.oracleGeneral.bin-0.01-FIFO-True n_req: 30000000, n_miss: 26711093, miss ratio: 0.8904, disk write 87273610240 + 0 (0.0566)
19:07:35: INFO [flashield.py:170 (root)]: 	w05.oracleGeneral.bin-0.01-FIFO-True n_req: 31000000, n_miss: 27627544, miss ratio: 0.8912, disk write 87273610240 + 0 (0.0566)
19:08:29: INFO [flashield.py:170 (root)]: 	w05.oracleGeneral.bin-0.01-FIFO-True n_req: 32000000, n_miss: 28382094, miss ratio: 0.8869, disk write 87273610240 + 0 (0.0566)
19:10:10: INFO [flashield.py:170 (root)]: 	w05.oracleGeneral.bin-0.01-FIFO-True n_req: 33000000, n_miss: 29353566, miss ratio: 0.8895, disk write 87273610240 + 0 (0.0566)
19:12:09: INFO [flashield.py:170 (root)]: 	w05.oracleGeneral.bin-0.01-FIFO-True n_req: 34000000, n_miss: 30170662, miss ratio: 0.8874, disk write 87273610240 + 0 (0.0566)
19:13:20: INFO [flashield.py:170 (root)]: 	w05.oracleGeneral.bin-0.01-FIFO-True n_req: 35000000, n_miss: 30692596, miss ratio: 0.8769, disk write 87273610240 + 0 (0.0566)
19:14:37: INFO [flashield.py:170 (root)]: 	w05.oracleGeneral.bin-0.01-FIFO-True n_req: 36000000, n_miss: 31627745, miss ratio: 0.8785, disk write 87273610240 + 0 (0.0566)
19:16:15: INFO [flashield.py:170 (root)]: 	w05.oracleGeneral.bin-0.01-FIFO-True n_req: 37000000, n_miss: 32369186, miss ratio: 0.8748, disk write 87273610240 + 0 (0.0566)
19:17:05: INFO [flashield.py:170 (root)]: 	w05.oracleGeneral.bin-0.01-FIFO-True n_req: 38000000, n_miss: 33217172, miss ratio: 0.8741, disk write 87273610240 + 0 (0.0566)
19:18:57: INFO [flashield.py:170 (root)]: 	w05.oracleGeneral.bin-0.01-FIFO-True n_req: 39000000, n_miss: 34179229, miss ratio: 0.8764, disk write 87273610240 + 0 (0.0566)
19:20:57: INFO [flashield.py:170 (root)]: 	w05.oracleGeneral.bin-0.01-FIFO-True n_req: 40000000, n_miss: 34895131, miss ratio: 0.8724, disk write 87273610240 + 0 (0.0566)
19:22:26: INFO [flashield.py:170 (root)]: 	w05.oracleGeneral.bin-0.01-FIFO-True n_req: 41000000, n_miss: 35753718, miss ratio: 0.8720, disk write 87273610240 + 0 (0.0566)
19:23:58: INFO [flashield.py:170 (root)]: 	w05.oracleGeneral.bin-0.01-FIFO-True n_req: 42000000, n_miss: 36634696, miss ratio: 0.8723, disk write 87273610240 + 0 (0.0566)
19:25:13: INFO [flashield.py:170 (root)]: 	w05.oracleGeneral.bin-0.01-FIFO-True n_req: 43000000, n_miss: 37266634, miss ratio: 0.8667, disk write 87273610240 + 0 (0.0566)
19:26:47: INFO [flashield.py:170 (root)]: 	w05.oracleGeneral.bin-0.01-FIFO-True n_req: 44000000, n_miss: 38062062, miss ratio: 0.8650, disk write 87273610240 + 0 (0.0566)
19:27:40: INFO [flashield.py:170 (root)]: 	w05.oracleGeneral.bin-0.01-FIFO-True n_req: 45000000, n_miss: 38594537, miss ratio: 0.8577, disk write 87273610240 + 0 (0.0566)
19:28:43: INFO [flashield.py:170 (root)]: 	w05.oracleGeneral.bin-0.01-FIFO-True n_req: 46000000, n_miss: 39188564, miss ratio: 0.8519, disk write 87273610240 + 0 (0.0566)
19:29:56: INFO [flashield.py:170 (root)]: 	w05.oracleGeneral.bin-0.01-FIFO-True n_req: 47000000, n_miss: 39843117, miss ratio: 0.8477, disk write 87273610240 + 0 (0.0566)
19:31:01: INFO [flashield.py:170 (root)]: 	w05.oracleGeneral.bin-0.01-FIFO-True n_req: 48000000, n_miss: 40442579, miss ratio: 0.8426, disk write 87273610240 + 0 (0.0566)
19:31:33: INFO [flashield.py:170 (root)]: 	w05.oracleGeneral.bin-0.01-FIFO-True n_req: 49000000, n_miss: 40774418, miss ratio: 0.8321, disk write 87273610240 + 0 (0.0566)
19:32:36: INFO [flashield.py:170 (root)]: 	w05.oracleGeneral.bin-0.01-FIFO-True n_req: 50000000, n_miss: 41298981, miss ratio: 0.8260, disk write 87273610240 + 0 (0.0566)
19:33:47: INFO [flashield.py:170 (root)]: 	w05.oracleGeneral.bin-0.01-FIFO-True n_req: 51000000, n_miss: 41908425, miss ratio: 0.8217, disk write 87273610240 + 0 (0.0566)
19:35:04: INFO [flashield.py:170 (root)]: 	w05.oracleGeneral.bin-0.01-FIFO-True n_req: 52000000, n_miss: 42696085, miss ratio: 0.8211, disk write 87273610240 + 0 (0.0566)
19:36:33: INFO [flashield.py:170 (root)]: 	w05.oracleGeneral.bin-0.01-FIFO-True n_req: 53000000, n_miss: 43448942, miss ratio: 0.8198, disk write 87273610240 + 0 (0.0566)
19:37:57: INFO [flashield.py:170 (root)]: 	w05.oracleGeneral.bin-0.01-FIFO-True n_req: 54000000, n_miss: 44278870, miss ratio: 0.8200, disk write 87273610240 + 0 (0.0566)
19:38:49: INFO [flashield.py:170 (root)]: 	w05.oracleGeneral.bin-0.01-FIFO-True n_req: 55000000, n_miss: 44765925, miss ratio: 0.8139, disk write 87273610240 + 0 (0.0566)
19:39:49: INFO [flashield.py:170 (root)]: 	w05.oracleGeneral.bin-0.01-FIFO-True n_req: 56000000, n_miss: 45289520, miss ratio: 0.8087, disk write 87273610240 + 0 (0.0566)
19:41:12: INFO [flashield.py:170 (root)]: 	w05.oracleGeneral.bin-0.01-FIFO-True n_req: 57000000, n_miss: 45994994, miss ratio: 0.8069, disk write 87273610240 + 0 (0.0566)
19:42:59: INFO [flashield.py:170 (root)]: 	w05.oracleGeneral.bin-0.01-FIFO-True n_req: 58000000, n_miss: 46981621, miss ratio: 0.8100, disk write 87273610240 + 0 (0.0566)
19:44:47: INFO [flashield.py:170 (root)]: 	w05.oracleGeneral.bin-0.01-FIFO-True n_req: 59000000, n_miss: 47969087, miss ratio: 0.8130, disk write 87273610240 + 0 (0.0566)
19:46:23: INFO [flashield.py:170 (root)]: 	w05.oracleGeneral.bin-0.01-FIFO-True n_req: 60000000, n_miss: 48858473, miss ratio: 0.8143, disk write 87273610240 + 0 (0.0566)
19:47:39: INFO [flashield.py:170 (root)]: 	w05.oracleGeneral.bin-0.01-FIFO-True n_req: 61000000, n_miss: 49600812, miss ratio: 0.8131, disk write 87273610240 + 0 (0.0566)
19:48:40: INFO [flashield.py:170 (root)]: 	w05.oracleGeneral.bin-0.01-FIFO-True n_req: 62000000, n_miss: 50166577, miss ratio: 0.8091, disk write 87273610240 + 0 (0.0566)
19:50:09: INFO [flashield.py:170 (root)]: 	w05.oracleGeneral.bin-0.01-FIFO-True n_req: 63000000, n_miss: 50954836, miss ratio: 0.8088, disk write 87273610240 + 0 (0.0566)
19:51:13: INFO [flashield.py:170 (root)]: 	w05.oracleGeneral.bin-0.01-FIFO-True n_req: 64000000, n_miss: 51562651, miss ratio: 0.8057, disk write 87273610240 + 0 (0.0566)
19:52:02: INFO [flashield.py:170 (root)]: 	w05.oracleGeneral.bin-0.01-FIFO-True n_req: 65000000, n_miss: 52006954, miss ratio: 0.8001, disk write 87273610240 + 0 (0.0566)
19:53:12: INFO [flashield.py:170 (root)]: 	w05.oracleGeneral.bin-0.01-FIFO-True n_req: 66000000, n_miss: 52602968, miss ratio: 0.7970, disk write 87273610240 + 0 (0.0566)
19:54:27: INFO [flashield.py:170 (root)]: 	w05.oracleGeneral.bin-0.01-FIFO-True n_req: 67000000, n_miss: 53338482, miss ratio: 0.7961, disk write 87273610240 + 0 (0.0566)
19:55:50: INFO [flashield.py:170 (root)]: 	w05.oracleGeneral.bin-0.01-FIFO-True n_req: 68000000, n_miss: 54084284, miss ratio: 0.7954, disk write 87273610240 + 0 (0.0566)
19:56:56: INFO [flashield.py:170 (root)]: 	w05.oracleGeneral.bin-0.01-FIFO-True n_req: 69000000, n_miss: 54716007, miss ratio: 0.7930, disk write 87273610240 + 0 (0.0566)
19:58:09: INFO [flashield.py:170 (root)]: 	w05.oracleGeneral.bin-0.01-FIFO-True n_req: 70000000, n_miss: 55347957, miss ratio: 0.7907, disk write 87273610240 + 0 (0.0566)
19:59:24: INFO [flashield.py:170 (root)]: 	w05.oracleGeneral.bin-0.01-FIFO-True n_req: 71000000, n_miss: 56081649, miss ratio: 0.7899, disk write 87273610240 + 0 (0.0566)
20:00:37: INFO [flashield.py:170 (root)]: 	w05.oracleGeneral.bin-0.01-FIFO-True n_req: 72000000, n_miss: 56752484, miss ratio: 0.7882, disk write 87273610240 + 0 (0.0566)
20:01:53: INFO [flashield.py:170 (root)]: 	w05.oracleGeneral.bin-0.01-FIFO-True n_req: 73000000, n_miss: 57461855, miss ratio: 0.7871, disk write 87273610240 + 0 (0.0566)
20:01:56: INFO [flashield.py:182 (root)]: 	w05.oracleGeneral.bin-0.01-FIFO-True n_req: 73034546, n_miss: 57494860, miss ratio: 0.7872, disk write 87273610240 + 0 (0.0566)
