18:26:23: INFO [flashield.py:220 (root)]: 	calculating wss for w06.oracleGeneral.bin
18:27:01: INFO [flashield.py:228 (root)]: 	w06.oracleGeneral.bin wss_obj: 1699448, wss_byte: 23468258304
18:27:01: INFO [cache.py:19 (cache)]: 	create Flashield cache with size 2346825830
18:27:01: INFO [cache.py:19 (cache)]: 	create LRU cache with size 23468258
18:27:01: INFO [cache.py:19 (cache)]: 	create FIFO cache with size 2323357572
18:27:01: INFO [flashield.py:37 (root)]: 	w06.oracleGeneral.bin Training Flashield...
18:27:01: INFO [flashield.py:42 (root)]: 	w06.oracleGeneral.bin Training Flashield: 42741 features 42741 labels ...
18:27:01: INFO [flashield.py:55 (root)]: 	w06.oracleGeneral.bin finish training
18:27:24: INFO [flashield.py:170 (root)]: 	w06.oracleGeneral.bin-0.01-FIFO-True n_req: 1000000, n_miss: 280187, miss ratio: 0.2802, disk write 335330304 + 0 (0.0143)
18:28:50: INFO [flashield.py:170 (root)]: 	w06.oracleGeneral.bin-0.01-FIFO-True n_req: 2000000, n_miss: 1100778, miss ratio: 0.5504, disk write 335330304 + 0 (0.0143)
18:29:45: INFO [flashield.py:170 (root)]: 	w06.oracleGeneral.bin-0.01-FIFO-True n_req: 3000000, n_miss: 1622145, miss ratio: 0.5407, disk write 335330304 + 0 (0.0143)
18:30:07: INFO [flashield.py:170 (root)]: 	w06.oracleGeneral.bin-0.01-FIFO-True n_req: 4000000, n_miss: 1823911, miss ratio: 0.4560, disk write 335330304 + 0 (0.0143)
18:30:33: INFO [flashield.py:170 (root)]: 	w06.oracleGeneral.bin-0.01-FIFO-True n_req: 5000000, n_miss: 2066883, miss ratio: 0.4134, disk write 335330304 + 0 (0.0143)
18:30:54: INFO [flashield.py:170 (root)]: 	w06.oracleGeneral.bin-0.01-FIFO-True n_req: 6000000, n_miss: 2261474, miss ratio: 0.3769, disk write 335330304 + 0 (0.0143)
18:31:20: INFO [flashield.py:170 (root)]: 	w06.oracleGeneral.bin-0.01-FIFO-True n_req: 7000000, n_miss: 2506383, miss ratio: 0.3581, disk write 335330304 + 0 (0.0143)
18:31:53: INFO [flashield.py:170 (root)]: 	w06.oracleGeneral.bin-0.01-FIFO-True n_req: 8000000, n_miss: 2826088, miss ratio: 0.3533, disk write 335330304 + 0 (0.0143)
18:32:24: INFO [flashield.py:170 (root)]: 	w06.oracleGeneral.bin-0.01-FIFO-True n_req: 9000000, n_miss: 3114220, miss ratio: 0.3460, disk write 335330304 + 0 (0.0143)
18:32:55: INFO [flashield.py:170 (root)]: 	w06.oracleGeneral.bin-0.01-FIFO-True n_req: 10000000, n_miss: 3403737, miss ratio: 0.3404, disk write 335330304 + 0 (0.0143)
18:33:25: INFO [flashield.py:170 (root)]: 	w06.oracleGeneral.bin-0.01-FIFO-True n_req: 11000000, n_miss: 3690958, miss ratio: 0.3355, disk write 335330304 + 0 (0.0143)
18:33:57: INFO [flashield.py:170 (root)]: 	w06.oracleGeneral.bin-0.01-FIFO-True n_req: 12000000, n_miss: 3990162, miss ratio: 0.3325, disk write 335330304 + 0 (0.0143)
18:34:24: INFO [flashield.py:170 (root)]: 	w06.oracleGeneral.bin-0.01-FIFO-True n_req: 13000000, n_miss: 4248539, miss ratio: 0.3268, disk write 335330304 + 0 (0.0143)
18:34:58: INFO [flashield.py:170 (root)]: 	w06.oracleGeneral.bin-0.01-FIFO-True n_req: 14000000, n_miss: 4567016, miss ratio: 0.3262, disk write 335330304 + 0 (0.0143)
18:35:23: INFO [flashield.py:170 (root)]: 	w06.oracleGeneral.bin-0.01-FIFO-True n_req: 15000000, n_miss: 4806936, miss ratio: 0.3205, disk write 335330304 + 0 (0.0143)
18:35:52: INFO [flashield.py:170 (root)]: 	w06.oracleGeneral.bin-0.01-FIFO-True n_req: 16000000, n_miss: 5080424, miss ratio: 0.3175, disk write 335330304 + 0 (0.0143)
18:36:21: INFO [flashield.py:170 (root)]: 	w06.oracleGeneral.bin-0.01-FIFO-True n_req: 17000000, n_miss: 5354539, miss ratio: 0.3150, disk write 335330304 + 0 (0.0143)
18:36:51: INFO [flashield.py:170 (root)]: 	w06.oracleGeneral.bin-0.01-FIFO-True n_req: 18000000, n_miss: 5635340, miss ratio: 0.3131, disk write 335330304 + 0 (0.0143)
18:37:19: INFO [flashield.py:170 (root)]: 	w06.oracleGeneral.bin-0.01-FIFO-True n_req: 19000000, n_miss: 5890750, miss ratio: 0.3100, disk write 335330304 + 0 (0.0143)
18:37:46: INFO [flashield.py:170 (root)]: 	w06.oracleGeneral.bin-0.01-FIFO-True n_req: 20000000, n_miss: 6144827, miss ratio: 0.3072, disk write 335330304 + 0 (0.0143)
18:38:10: INFO [flashield.py:170 (root)]: 	w06.oracleGeneral.bin-0.01-FIFO-True n_req: 21000000, n_miss: 6372083, miss ratio: 0.3034, disk write 335330304 + 0 (0.0143)
18:38:40: INFO [flashield.py:170 (root)]: 	w06.oracleGeneral.bin-0.01-FIFO-True n_req: 22000000, n_miss: 6656853, miss ratio: 0.3026, disk write 335330304 + 0 (0.0143)
18:39:09: INFO [flashield.py:170 (root)]: 	w06.oracleGeneral.bin-0.01-FIFO-True n_req: 23000000, n_miss: 6931205, miss ratio: 0.3014, disk write 335330304 + 0 (0.0143)
18:39:32: INFO [flashield.py:170 (root)]: 	w06.oracleGeneral.bin-0.01-FIFO-True n_req: 24000000, n_miss: 7142410, miss ratio: 0.2976, disk write 335330304 + 0 (0.0143)
18:39:51: INFO [flashield.py:170 (root)]: 	w06.oracleGeneral.bin-0.01-FIFO-True n_req: 25000000, n_miss: 7316517, miss ratio: 0.2927, disk write 335330304 + 0 (0.0143)
18:40:22: INFO [flashield.py:170 (root)]: 	w06.oracleGeneral.bin-0.01-FIFO-True n_req: 26000000, n_miss: 7612305, miss ratio: 0.2928, disk write 335330304 + 0 (0.0143)
18:40:46: INFO [flashield.py:170 (root)]: 	w06.oracleGeneral.bin-0.01-FIFO-True n_req: 27000000, n_miss: 7840904, miss ratio: 0.2904, disk write 335330304 + 0 (0.0143)
18:41:18: INFO [flashield.py:170 (root)]: 	w06.oracleGeneral.bin-0.01-FIFO-True n_req: 28000000, n_miss: 8137490, miss ratio: 0.2906, disk write 335330304 + 0 (0.0143)
18:41:48: INFO [flashield.py:170 (root)]: 	w06.oracleGeneral.bin-0.01-FIFO-True n_req: 29000000, n_miss: 8423831, miss ratio: 0.2905, disk write 335330304 + 0 (0.0143)
18:42:19: INFO [flashield.py:170 (root)]: 	w06.oracleGeneral.bin-0.01-FIFO-True n_req: 30000000, n_miss: 8712202, miss ratio: 0.2904, disk write 335330304 + 0 (0.0143)
18:42:47: INFO [flashield.py:170 (root)]: 	w06.oracleGeneral.bin-0.01-FIFO-True n_req: 31000000, n_miss: 8967276, miss ratio: 0.2893, disk write 335330304 + 0 (0.0143)
18:43:11: INFO [flashield.py:170 (root)]: 	w06.oracleGeneral.bin-0.01-FIFO-True n_req: 32000000, n_miss: 9200439, miss ratio: 0.2875, disk write 335330304 + 0 (0.0143)
18:43:38: INFO [flashield.py:170 (root)]: 	w06.oracleGeneral.bin-0.01-FIFO-True n_req: 33000000, n_miss: 9444063, miss ratio: 0.2862, disk write 335330304 + 0 (0.0143)
18:43:59: INFO [flashield.py:170 (root)]: 	w06.oracleGeneral.bin-0.01-FIFO-True n_req: 34000000, n_miss: 9647037, miss ratio: 0.2837, disk write 335330304 + 0 (0.0143)
18:44:31: INFO [flashield.py:170 (root)]: 	w06.oracleGeneral.bin-0.01-FIFO-True n_req: 35000000, n_miss: 9942882, miss ratio: 0.2841, disk write 335330304 + 0 (0.0143)
18:44:54: INFO [flashield.py:170 (root)]: 	w06.oracleGeneral.bin-0.01-FIFO-True n_req: 36000000, n_miss: 10157879, miss ratio: 0.2822, disk write 335330304 + 0 (0.0143)
18:45:15: INFO [flashield.py:170 (root)]: 	w06.oracleGeneral.bin-0.01-FIFO-True n_req: 37000000, n_miss: 10353664, miss ratio: 0.2798, disk write 335330304 + 0 (0.0143)
18:45:45: INFO [flashield.py:170 (root)]: 	w06.oracleGeneral.bin-0.01-FIFO-True n_req: 38000000, n_miss: 10634851, miss ratio: 0.2799, disk write 335330304 + 0 (0.0143)
18:46:12: INFO [flashield.py:170 (root)]: 	w06.oracleGeneral.bin-0.01-FIFO-True n_req: 39000000, n_miss: 10890019, miss ratio: 0.2792, disk write 335330304 + 0 (0.0143)
18:46:39: INFO [flashield.py:170 (root)]: 	w06.oracleGeneral.bin-0.01-FIFO-True n_req: 40000000, n_miss: 11142372, miss ratio: 0.2786, disk write 335330304 + 0 (0.0143)
18:47:09: INFO [flashield.py:170 (root)]: 	w06.oracleGeneral.bin-0.01-FIFO-True n_req: 41000000, n_miss: 11431328, miss ratio: 0.2788, disk write 335330304 + 0 (0.0143)
18:47:39: INFO [flashield.py:170 (root)]: 	w06.oracleGeneral.bin-0.01-FIFO-True n_req: 42000000, n_miss: 11710236, miss ratio: 0.2788, disk write 335330304 + 0 (0.0143)
18:48:05: INFO [flashield.py:170 (root)]: 	w06.oracleGeneral.bin-0.01-FIFO-True n_req: 43000000, n_miss: 11958142, miss ratio: 0.2781, disk write 335330304 + 0 (0.0143)
18:48:35: INFO [flashield.py:170 (root)]: 	w06.oracleGeneral.bin-0.01-FIFO-True n_req: 44000000, n_miss: 12248787, miss ratio: 0.2784, disk write 335330304 + 0 (0.0143)
18:49:03: INFO [flashield.py:170 (root)]: 	w06.oracleGeneral.bin-0.01-FIFO-True n_req: 45000000, n_miss: 12506688, miss ratio: 0.2779, disk write 335330304 + 0 (0.0143)
18:49:31: INFO [flashield.py:170 (root)]: 	w06.oracleGeneral.bin-0.01-FIFO-True n_req: 46000000, n_miss: 12772558, miss ratio: 0.2777, disk write 335330304 + 0 (0.0143)
18:49:59: INFO [flashield.py:170 (root)]: 	w06.oracleGeneral.bin-0.01-FIFO-True n_req: 47000000, n_miss: 13040445, miss ratio: 0.2775, disk write 335330304 + 0 (0.0143)
18:50:27: INFO [flashield.py:170 (root)]: 	w06.oracleGeneral.bin-0.01-FIFO-True n_req: 48000000, n_miss: 13299065, miss ratio: 0.2771, disk write 335330304 + 0 (0.0143)
18:50:53: INFO [flashield.py:170 (root)]: 	w06.oracleGeneral.bin-0.01-FIFO-True n_req: 49000000, n_miss: 13548234, miss ratio: 0.2765, disk write 335330304 + 0 (0.0143)
18:51:22: INFO [flashield.py:170 (root)]: 	w06.oracleGeneral.bin-0.01-FIFO-True n_req: 50000000, n_miss: 13820083, miss ratio: 0.2764, disk write 335330304 + 0 (0.0143)
18:51:54: INFO [flashield.py:170 (root)]: 	w06.oracleGeneral.bin-0.01-FIFO-True n_req: 51000000, n_miss: 14121671, miss ratio: 0.2769, disk write 335330304 + 0 (0.0143)
18:52:21: INFO [flashield.py:170 (root)]: 	w06.oracleGeneral.bin-0.01-FIFO-True n_req: 52000000, n_miss: 14377763, miss ratio: 0.2765, disk write 335330304 + 0 (0.0143)
18:52:50: INFO [flashield.py:170 (root)]: 	w06.oracleGeneral.bin-0.01-FIFO-True n_req: 53000000, n_miss: 14653102, miss ratio: 0.2765, disk write 335330304 + 0 (0.0143)
18:53:19: INFO [flashield.py:170 (root)]: 	w06.oracleGeneral.bin-0.01-FIFO-True n_req: 54000000, n_miss: 14927229, miss ratio: 0.2764, disk write 335330304 + 0 (0.0143)
18:53:48: INFO [flashield.py:170 (root)]: 	w06.oracleGeneral.bin-0.01-FIFO-True n_req: 55000000, n_miss: 15197553, miss ratio: 0.2763, disk write 335330304 + 0 (0.0143)
18:54:17: INFO [flashield.py:170 (root)]: 	w06.oracleGeneral.bin-0.01-FIFO-True n_req: 56000000, n_miss: 15474657, miss ratio: 0.2763, disk write 335330304 + 0 (0.0143)
18:54:47: INFO [flashield.py:170 (root)]: 	w06.oracleGeneral.bin-0.01-FIFO-True n_req: 57000000, n_miss: 15758956, miss ratio: 0.2765, disk write 335330304 + 0 (0.0143)
18:55:17: INFO [flashield.py:170 (root)]: 	w06.oracleGeneral.bin-0.01-FIFO-True n_req: 58000000, n_miss: 16036567, miss ratio: 0.2765, disk write 335330304 + 0 (0.0143)
18:55:48: INFO [flashield.py:170 (root)]: 	w06.oracleGeneral.bin-0.01-FIFO-True n_req: 59000000, n_miss: 16335993, miss ratio: 0.2769, disk write 335330304 + 0 (0.0143)
18:56:21: INFO [flashield.py:170 (root)]: 	w06.oracleGeneral.bin-0.01-FIFO-True n_req: 60000000, n_miss: 16647002, miss ratio: 0.2775, disk write 335330304 + 0 (0.0143)
18:56:51: INFO [flashield.py:170 (root)]: 	w06.oracleGeneral.bin-0.01-FIFO-True n_req: 61000000, n_miss: 16934270, miss ratio: 0.2776, disk write 335330304 + 0 (0.0143)
18:57:22: INFO [flashield.py:170 (root)]: 	w06.oracleGeneral.bin-0.01-FIFO-True n_req: 62000000, n_miss: 17221983, miss ratio: 0.2778, disk write 335330304 + 0 (0.0143)
18:57:53: INFO [flashield.py:170 (root)]: 	w06.oracleGeneral.bin-0.01-FIFO-True n_req: 63000000, n_miss: 17521815, miss ratio: 0.2781, disk write 335330304 + 0 (0.0143)
18:58:22: INFO [flashield.py:170 (root)]: 	w06.oracleGeneral.bin-0.01-FIFO-True n_req: 64000000, n_miss: 17790323, miss ratio: 0.2780, disk write 335330304 + 0 (0.0143)
18:58:49: INFO [flashield.py:170 (root)]: 	w06.oracleGeneral.bin-0.01-FIFO-True n_req: 65000000, n_miss: 18048358, miss ratio: 0.2777, disk write 335330304 + 0 (0.0143)
18:59:19: INFO [flashield.py:170 (root)]: 	w06.oracleGeneral.bin-0.01-FIFO-True n_req: 66000000, n_miss: 18325330, miss ratio: 0.2777, disk write 335330304 + 0 (0.0143)
18:59:48: INFO [flashield.py:170 (root)]: 	w06.oracleGeneral.bin-0.01-FIFO-True n_req: 67000000, n_miss: 18598604, miss ratio: 0.2776, disk write 335330304 + 0 (0.0143)
19:00:15: INFO [flashield.py:170 (root)]: 	w06.oracleGeneral.bin-0.01-FIFO-True n_req: 68000000, n_miss: 18856669, miss ratio: 0.2773, disk write 335330304 + 0 (0.0143)
19:00:44: INFO [flashield.py:170 (root)]: 	w06.oracleGeneral.bin-0.01-FIFO-True n_req: 69000000, n_miss: 19125629, miss ratio: 0.2772, disk write 335330304 + 0 (0.0143)
19:00:56: INFO [flashield.py:182 (root)]: 	w06.oracleGeneral.bin-0.01-FIFO-True n_req: 69392150, n_miss: 19239945, miss ratio: 0.2773, disk write 335330304 + 0 (0.0143)
