18:26:23: INFO [flashield.py:220 (root)]: 	calculating wss for w07.oracleGeneral.bin
18:27:14: INFO [flashield.py:228 (root)]: 	w07.oracleGeneral.bin wss_obj: 9502621, wss_byte: 146730342912
18:27:14: INFO [cache.py:19 (cache)]: 	create Flashield cache with size 14673034291
18:27:14: INFO [cache.py:19 (cache)]: 	create LRU cache with size 146730342
18:27:14: INFO [cache.py:19 (cache)]: 	create FIFO cache with size 14526303949
18:27:15: INFO [flashield.py:37 (root)]: 	w07.oracleGeneral.bin Training Flashield...
18:27:15: INFO [flashield.py:42 (root)]: 	w07.oracleGeneral.bin Training Flashield: 127846 features 127846 labels ...
18:27:15: INFO [flashield.py:55 (root)]: 	w07.oracleGeneral.bin finish training
18:28:03: INFO [flashield.py:170 (root)]: 	w07.oracleGeneral.bin-0.01-FIFO-True n_req: 1000000, n_miss: 658299, miss ratio: 0.6583, disk write 1942974976 + 0 (0.0132)
18:29:27: INFO [flashield.py:170 (root)]: 	w07.oracleGeneral.bin-0.01-FIFO-True n_req: 2000000, n_miss: 1427834, miss ratio: 0.7139, disk write 1942974976 + 0 (0.0132)
18:30:42: INFO [flashield.py:170 (root)]: 	w07.oracleGeneral.bin-0.01-FIFO-True n_req: 3000000, n_miss: 2122925, miss ratio: 0.7076, disk write 1942974976 + 0 (0.0132)
18:32:01: INFO [flashield.py:170 (root)]: 	w07.oracleGeneral.bin-0.01-FIFO-True n_req: 4000000, n_miss: 2861220, miss ratio: 0.7153, disk write 1942974976 + 0 (0.0132)
18:33:15: INFO [flashield.py:170 (root)]: 	w07.oracleGeneral.bin-0.01-FIFO-True n_req: 5000000, n_miss: 3544650, miss ratio: 0.7089, disk write 1942974976 + 0 (0.0132)
18:34:18: INFO [flashield.py:170 (root)]: 	w07.oracleGeneral.bin-0.01-FIFO-True n_req: 6000000, n_miss: 4121545, miss ratio: 0.6869, disk write 1942974976 + 0 (0.0132)
18:35:15: INFO [flashield.py:170 (root)]: 	w07.oracleGeneral.bin-0.01-FIFO-True n_req: 7000000, n_miss: 4650981, miss ratio: 0.6644, disk write 1942974976 + 0 (0.0132)
18:36:12: INFO [flashield.py:170 (root)]: 	w07.oracleGeneral.bin-0.01-FIFO-True n_req: 8000000, n_miss: 5173524, miss ratio: 0.6467, disk write 1942974976 + 0 (0.0132)
18:37:02: INFO [flashield.py:170 (root)]: 	w07.oracleGeneral.bin-0.01-FIFO-True n_req: 9000000, n_miss: 5638869, miss ratio: 0.6265, disk write 1942974976 + 0 (0.0132)
18:38:23: INFO [flashield.py:170 (root)]: 	w07.oracleGeneral.bin-0.01-FIFO-True n_req: 10000000, n_miss: 6409996, miss ratio: 0.6410, disk write 1942974976 + 0 (0.0132)
18:39:41: INFO [flashield.py:170 (root)]: 	w07.oracleGeneral.bin-0.01-FIFO-True n_req: 11000000, n_miss: 7133887, miss ratio: 0.6485, disk write 1942974976 + 0 (0.0132)
18:41:04: INFO [flashield.py:170 (root)]: 	w07.oracleGeneral.bin-0.01-FIFO-True n_req: 12000000, n_miss: 7893238, miss ratio: 0.6578, disk write 1942974976 + 0 (0.0132)
18:42:19: INFO [flashield.py:170 (root)]: 	w07.oracleGeneral.bin-0.01-FIFO-True n_req: 13000000, n_miss: 8590845, miss ratio: 0.6608, disk write 1942974976 + 0 (0.0132)
18:43:22: INFO [flashield.py:170 (root)]: 	w07.oracleGeneral.bin-0.01-FIFO-True n_req: 14000000, n_miss: 9164583, miss ratio: 0.6546, disk write 1942974976 + 0 (0.0132)
18:44:22: INFO [flashield.py:170 (root)]: 	w07.oracleGeneral.bin-0.01-FIFO-True n_req: 15000000, n_miss: 9717984, miss ratio: 0.6479, disk write 1942974976 + 0 (0.0132)
18:45:17: INFO [flashield.py:170 (root)]: 	w07.oracleGeneral.bin-0.01-FIFO-True n_req: 16000000, n_miss: 10227263, miss ratio: 0.6392, disk write 1942974976 + 0 (0.0132)
18:46:10: INFO [flashield.py:170 (root)]: 	w07.oracleGeneral.bin-0.01-FIFO-True n_req: 17000000, n_miss: 10715551, miss ratio: 0.6303, disk write 1942974976 + 0 (0.0132)
18:47:30: INFO [flashield.py:170 (root)]: 	w07.oracleGeneral.bin-0.01-FIFO-True n_req: 18000000, n_miss: 11480286, miss ratio: 0.6378, disk write 1942974976 + 0 (0.0132)
18:48:52: INFO [flashield.py:170 (root)]: 	w07.oracleGeneral.bin-0.01-FIFO-True n_req: 19000000, n_miss: 12237944, miss ratio: 0.6441, disk write 1942974976 + 0 (0.0132)
18:50:17: INFO [flashield.py:170 (root)]: 	w07.oracleGeneral.bin-0.01-FIFO-True n_req: 20000000, n_miss: 13024281, miss ratio: 0.6512, disk write 1942974976 + 0 (0.0132)
18:51:33: INFO [flashield.py:170 (root)]: 	w07.oracleGeneral.bin-0.01-FIFO-True n_req: 21000000, n_miss: 13727618, miss ratio: 0.6537, disk write 1942974976 + 0 (0.0132)
18:52:33: INFO [flashield.py:170 (root)]: 	w07.oracleGeneral.bin-0.01-FIFO-True n_req: 22000000, n_miss: 14278423, miss ratio: 0.6490, disk write 1942974976 + 0 (0.0132)
18:53:30: INFO [flashield.py:170 (root)]: 	w07.oracleGeneral.bin-0.01-FIFO-True n_req: 23000000, n_miss: 14808898, miss ratio: 0.6439, disk write 1942974976 + 0 (0.0132)
18:54:21: INFO [flashield.py:170 (root)]: 	w07.oracleGeneral.bin-0.01-FIFO-True n_req: 24000000, n_miss: 15285232, miss ratio: 0.6369, disk write 1942974976 + 0 (0.0132)
18:55:49: INFO [flashield.py:170 (root)]: 	w07.oracleGeneral.bin-0.01-FIFO-True n_req: 25000000, n_miss: 16105820, miss ratio: 0.6442, disk write 1942974976 + 0 (0.0132)
18:57:10: INFO [flashield.py:170 (root)]: 	w07.oracleGeneral.bin-0.01-FIFO-True n_req: 26000000, n_miss: 16858940, miss ratio: 0.6484, disk write 1942974976 + 0 (0.0132)
18:58:36: INFO [flashield.py:170 (root)]: 	w07.oracleGeneral.bin-0.01-FIFO-True n_req: 27000000, n_miss: 17656527, miss ratio: 0.6539, disk write 1942974976 + 0 (0.0132)
18:59:50: INFO [flashield.py:170 (root)]: 	w07.oracleGeneral.bin-0.01-FIFO-True n_req: 28000000, n_miss: 18319452, miss ratio: 0.6543, disk write 1942974976 + 0 (0.0132)
19:00:49: INFO [flashield.py:170 (root)]: 	w07.oracleGeneral.bin-0.01-FIFO-True n_req: 29000000, n_miss: 18870487, miss ratio: 0.6507, disk write 1942974976 + 0 (0.0132)
19:01:46: INFO [flashield.py:170 (root)]: 	w07.oracleGeneral.bin-0.01-FIFO-True n_req: 30000000, n_miss: 19391566, miss ratio: 0.6464, disk write 1942974976 + 0 (0.0132)
19:02:38: INFO [flashield.py:170 (root)]: 	w07.oracleGeneral.bin-0.01-FIFO-True n_req: 31000000, n_miss: 19863031, miss ratio: 0.6407, disk write 1942974976 + 0 (0.0132)
19:03:59: INFO [flashield.py:170 (root)]: 	w07.oracleGeneral.bin-0.01-FIFO-True n_req: 32000000, n_miss: 20644925, miss ratio: 0.6452, disk write 1942974976 + 0 (0.0132)
19:05:22: INFO [flashield.py:170 (root)]: 	w07.oracleGeneral.bin-0.01-FIFO-True n_req: 33000000, n_miss: 21417169, miss ratio: 0.6490, disk write 1942974976 + 0 (0.0132)
19:06:42: INFO [flashield.py:170 (root)]: 	w07.oracleGeneral.bin-0.01-FIFO-True n_req: 34000000, n_miss: 22165600, miss ratio: 0.6519, disk write 1942974976 + 0 (0.0132)
19:07:53: INFO [flashield.py:170 (root)]: 	w07.oracleGeneral.bin-0.01-FIFO-True n_req: 35000000, n_miss: 22828238, miss ratio: 0.6522, disk write 1942974976 + 0 (0.0132)
19:08:56: INFO [flashield.py:170 (root)]: 	w07.oracleGeneral.bin-0.01-FIFO-True n_req: 36000000, n_miss: 23404917, miss ratio: 0.6501, disk write 1942974976 + 0 (0.0132)
19:09:57: INFO [flashield.py:170 (root)]: 	w07.oracleGeneral.bin-0.01-FIFO-True n_req: 37000000, n_miss: 23960127, miss ratio: 0.6476, disk write 1942974976 + 0 (0.0132)
19:10:55: INFO [flashield.py:170 (root)]: 	w07.oracleGeneral.bin-0.01-FIFO-True n_req: 38000000, n_miss: 24504905, miss ratio: 0.6449, disk write 1942974976 + 0 (0.0132)
19:12:17: INFO [flashield.py:170 (root)]: 	w07.oracleGeneral.bin-0.01-FIFO-True n_req: 39000000, n_miss: 25268618, miss ratio: 0.6479, disk write 1942974976 + 0 (0.0132)
19:13:46: INFO [flashield.py:170 (root)]: 	w07.oracleGeneral.bin-0.01-FIFO-True n_req: 40000000, n_miss: 26097530, miss ratio: 0.6524, disk write 1942974976 + 0 (0.0132)
19:15:19: INFO [flashield.py:170 (root)]: 	w07.oracleGeneral.bin-0.01-FIFO-True n_req: 41000000, n_miss: 26959810, miss ratio: 0.6576, disk write 1942974976 + 0 (0.0132)
19:16:53: INFO [flashield.py:170 (root)]: 	w07.oracleGeneral.bin-0.01-FIFO-True n_req: 42000000, n_miss: 27841638, miss ratio: 0.6629, disk write 1942974976 + 0 (0.0132)
19:18:16: INFO [flashield.py:170 (root)]: 	w07.oracleGeneral.bin-0.01-FIFO-True n_req: 43000000, n_miss: 28623104, miss ratio: 0.6657, disk write 1942974976 + 0 (0.0132)
19:19:32: INFO [flashield.py:170 (root)]: 	w07.oracleGeneral.bin-0.01-FIFO-True n_req: 44000000, n_miss: 29366147, miss ratio: 0.6674, disk write 1942974976 + 0 (0.0132)
19:20:56: INFO [flashield.py:170 (root)]: 	w07.oracleGeneral.bin-0.01-FIFO-True n_req: 45000000, n_miss: 30139013, miss ratio: 0.6698, disk write 1942974976 + 0 (0.0132)
19:22:22: INFO [flashield.py:170 (root)]: 	w07.oracleGeneral.bin-0.01-FIFO-True n_req: 46000000, n_miss: 30940766, miss ratio: 0.6726, disk write 1942974976 + 0 (0.0132)
19:23:43: INFO [flashield.py:170 (root)]: 	w07.oracleGeneral.bin-0.01-FIFO-True n_req: 47000000, n_miss: 31702104, miss ratio: 0.6745, disk write 1942974976 + 0 (0.0132)
19:25:03: INFO [flashield.py:170 (root)]: 	w07.oracleGeneral.bin-0.01-FIFO-True n_req: 48000000, n_miss: 32459500, miss ratio: 0.6762, disk write 1942974976 + 0 (0.0132)
19:26:30: INFO [flashield.py:170 (root)]: 	w07.oracleGeneral.bin-0.01-FIFO-True n_req: 49000000, n_miss: 33272212, miss ratio: 0.6790, disk write 1942974976 + 0 (0.0132)
19:27:59: INFO [flashield.py:170 (root)]: 	w07.oracleGeneral.bin-0.01-FIFO-True n_req: 50000000, n_miss: 34098759, miss ratio: 0.6820, disk write 1942974976 + 0 (0.0132)
19:29:28: INFO [flashield.py:170 (root)]: 	w07.oracleGeneral.bin-0.01-FIFO-True n_req: 51000000, n_miss: 34923791, miss ratio: 0.6848, disk write 1942974976 + 0 (0.0132)
19:30:59: INFO [flashield.py:170 (root)]: 	w07.oracleGeneral.bin-0.01-FIFO-True n_req: 52000000, n_miss: 35790652, miss ratio: 0.6883, disk write 1942974976 + 0 (0.0132)
19:32:30: INFO [flashield.py:170 (root)]: 	w07.oracleGeneral.bin-0.01-FIFO-True n_req: 53000000, n_miss: 36631519, miss ratio: 0.6912, disk write 1942974976 + 0 (0.0132)
19:34:00: INFO [flashield.py:170 (root)]: 	w07.oracleGeneral.bin-0.01-FIFO-True n_req: 54000000, n_miss: 37478627, miss ratio: 0.6940, disk write 1942974976 + 0 (0.0132)
19:35:28: INFO [flashield.py:170 (root)]: 	w07.oracleGeneral.bin-0.01-FIFO-True n_req: 55000000, n_miss: 38302429, miss ratio: 0.6964, disk write 1942974976 + 0 (0.0132)
19:36:55: INFO [flashield.py:170 (root)]: 	w07.oracleGeneral.bin-0.01-FIFO-True n_req: 56000000, n_miss: 39120311, miss ratio: 0.6986, disk write 1942974976 + 0 (0.0132)
19:38:26: INFO [flashield.py:170 (root)]: 	w07.oracleGeneral.bin-0.01-FIFO-True n_req: 57000000, n_miss: 39961473, miss ratio: 0.7011, disk write 1942974976 + 0 (0.0132)
19:39:56: INFO [flashield.py:170 (root)]: 	w07.oracleGeneral.bin-0.01-FIFO-True n_req: 58000000, n_miss: 40803192, miss ratio: 0.7035, disk write 1942974976 + 0 (0.0132)
19:41:28: INFO [flashield.py:170 (root)]: 	w07.oracleGeneral.bin-0.01-FIFO-True n_req: 59000000, n_miss: 41660241, miss ratio: 0.7061, disk write 1942974976 + 0 (0.0132)
19:42:59: INFO [flashield.py:170 (root)]: 	w07.oracleGeneral.bin-0.01-FIFO-True n_req: 60000000, n_miss: 42510642, miss ratio: 0.7085, disk write 1942974976 + 0 (0.0132)
19:44:16: INFO [flashield.py:170 (root)]: 	w07.oracleGeneral.bin-0.01-FIFO-True n_req: 61000000, n_miss: 43216730, miss ratio: 0.7085, disk write 1942974976 + 0 (0.0132)
19:45:13: INFO [flashield.py:170 (root)]: 	w07.oracleGeneral.bin-0.01-FIFO-True n_req: 62000000, n_miss: 43762905, miss ratio: 0.7059, disk write 1942974976 + 0 (0.0132)
19:46:18: INFO [flashield.py:170 (root)]: 	w07.oracleGeneral.bin-0.01-FIFO-True n_req: 63000000, n_miss: 44361580, miss ratio: 0.7042, disk write 1942974976 + 0 (0.0132)
19:47:41: INFO [flashield.py:170 (root)]: 	w07.oracleGeneral.bin-0.01-FIFO-True n_req: 64000000, n_miss: 45138007, miss ratio: 0.7053, disk write 1942974976 + 0 (0.0132)
19:49:08: INFO [flashield.py:170 (root)]: 	w07.oracleGeneral.bin-0.01-FIFO-True n_req: 65000000, n_miss: 45940279, miss ratio: 0.7068, disk write 1942974976 + 0 (0.0132)
19:50:10: INFO [flashield.py:170 (root)]: 	w07.oracleGeneral.bin-0.01-FIFO-True n_req: 66000000, n_miss: 46500541, miss ratio: 0.7046, disk write 1942974976 + 0 (0.0132)
19:51:06: INFO [flashield.py:170 (root)]: 	w07.oracleGeneral.bin-0.01-FIFO-True n_req: 67000000, n_miss: 47023160, miss ratio: 0.7018, disk write 1942974976 + 0 (0.0132)
19:51:31: INFO [flashield.py:182 (root)]: 	w07.oracleGeneral.bin-0.01-FIFO-True n_req: 67427405, n_miss: 47248762, miss ratio: 0.7007, disk write 1942974976 + 0 (0.0132)
