18:26:23: INFO [flashield.py:220 (root)]: 	calculating wss for w08.oracleGeneral.bin
18:26:57: INFO [flashield.py:228 (root)]: 	w08.oracleGeneral.bin wss_obj: 9040043, wss_byte: 1088232028864
18:26:57: INFO [cache.py:19 (cache)]: 	create Flashield cache with size 108823202886
18:26:57: INFO [cache.py:19 (cache)]: 	create LRU cache with size 1088232028
18:26:57: INFO [cache.py:19 (cache)]: 	create FIFO cache with size 107734970858
18:26:58: INFO [flashield.py:37 (root)]: 	w08.oracleGeneral.bin Training Flashield...
18:26:58: INFO [flashield.py:42 (root)]: 	w08.oracleGeneral.bin Training Flashield: 153205 features 153205 labels ...
18:26:58: INFO [flashield.py:55 (root)]: 	w08.oracleGeneral.bin finish training
18:28:11: INFO [flashield.py:170 (root)]: 	w08.oracleGeneral.bin-0.01-FIFO-True n_req: 1000000, n_miss: 884744, miss ratio: 0.8847, disk write 69887651008 + 0 (0.0642)
18:29:55: INFO [flashield.py:170 (root)]: 	w08.oracleGeneral.bin-0.01-FIFO-True n_req: 2000000, n_miss: 1861049, miss ratio: 0.9305, disk write 69887651008 + 0 (0.0642)
18:31:34: INFO [flashield.py:170 (root)]: 	w08.oracleGeneral.bin-0.01-FIFO-True n_req: 3000000, n_miss: 2821371, miss ratio: 0.9405, disk write 69887651008 + 0 (0.0642)
18:33:19: INFO [flashield.py:170 (root)]: 	w08.oracleGeneral.bin-0.01-FIFO-True n_req: 4000000, n_miss: 3775077, miss ratio: 0.9438, disk write 69887651008 + 0 (0.0642)
18:35:02: INFO [flashield.py:170 (root)]: 	w08.oracleGeneral.bin-0.01-FIFO-True n_req: 5000000, n_miss: 4706819, miss ratio: 0.9414, disk write 69887651008 + 0 (0.0642)
18:36:32: INFO [flashield.py:170 (root)]: 	w08.oracleGeneral.bin-0.01-FIFO-True n_req: 6000000, n_miss: 5585570, miss ratio: 0.9309, disk write 69887651008 + 0 (0.0642)
18:38:11: INFO [flashield.py:170 (root)]: 	w08.oracleGeneral.bin-0.01-FIFO-True n_req: 7000000, n_miss: 6535169, miss ratio: 0.9336, disk write 69887651008 + 0 (0.0642)
18:39:54: INFO [flashield.py:170 (root)]: 	w08.oracleGeneral.bin-0.01-FIFO-True n_req: 8000000, n_miss: 7497939, miss ratio: 0.9372, disk write 69887651008 + 0 (0.0642)
18:41:37: INFO [flashield.py:170 (root)]: 	w08.oracleGeneral.bin-0.01-FIFO-True n_req: 9000000, n_miss: 8458240, miss ratio: 0.9398, disk write 69887651008 + 0 (0.0642)
18:43:11: INFO [flashield.py:170 (root)]: 	w08.oracleGeneral.bin-0.01-FIFO-True n_req: 10000000, n_miss: 9305821, miss ratio: 0.9306, disk write 69887651008 + 0 (0.0642)
18:44:51: INFO [flashield.py:170 (root)]: 	w08.oracleGeneral.bin-0.01-FIFO-True n_req: 11000000, n_miss: 10270872, miss ratio: 0.9337, disk write 69887651008 + 0 (0.0642)
18:46:27: INFO [flashield.py:170 (root)]: 	w08.oracleGeneral.bin-0.01-FIFO-True n_req: 12000000, n_miss: 11174227, miss ratio: 0.9312, disk write 69887651008 + 0 (0.0642)
18:48:11: INFO [flashield.py:170 (root)]: 	w08.oracleGeneral.bin-0.01-FIFO-True n_req: 13000000, n_miss: 12148812, miss ratio: 0.9345, disk write 69887651008 + 0 (0.0642)
18:49:50: INFO [flashield.py:170 (root)]: 	w08.oracleGeneral.bin-0.01-FIFO-True n_req: 14000000, n_miss: 13094885, miss ratio: 0.9353, disk write 69887651008 + 0 (0.0642)
18:51:37: INFO [flashield.py:170 (root)]: 	w08.oracleGeneral.bin-0.01-FIFO-True n_req: 15000000, n_miss: 14056956, miss ratio: 0.9371, disk write 69887651008 + 0 (0.0642)
18:53:24: INFO [flashield.py:170 (root)]: 	w08.oracleGeneral.bin-0.01-FIFO-True n_req: 16000000, n_miss: 15043490, miss ratio: 0.9402, disk write 69887651008 + 0 (0.0642)
18:55:12: INFO [flashield.py:170 (root)]: 	w08.oracleGeneral.bin-0.01-FIFO-True n_req: 17000000, n_miss: 16034061, miss ratio: 0.9432, disk write 69887651008 + 0 (0.0642)
18:56:52: INFO [flashield.py:170 (root)]: 	w08.oracleGeneral.bin-0.01-FIFO-True n_req: 18000000, n_miss: 16953663, miss ratio: 0.9419, disk write 69887651008 + 0 (0.0642)
18:58:40: INFO [flashield.py:170 (root)]: 	w08.oracleGeneral.bin-0.01-FIFO-True n_req: 19000000, n_miss: 17945966, miss ratio: 0.9445, disk write 69887651008 + 0 (0.0642)
19:00:26: INFO [flashield.py:170 (root)]: 	w08.oracleGeneral.bin-0.01-FIFO-True n_req: 20000000, n_miss: 18922025, miss ratio: 0.9461, disk write 69887651008 + 0 (0.0642)
19:01:54: INFO [flashield.py:170 (root)]: 	w08.oracleGeneral.bin-0.01-FIFO-True n_req: 21000000, n_miss: 19786267, miss ratio: 0.9422, disk write 69887651008 + 0 (0.0642)
19:03:35: INFO [flashield.py:170 (root)]: 	w08.oracleGeneral.bin-0.01-FIFO-True n_req: 22000000, n_miss: 20737192, miss ratio: 0.9426, disk write 69887651008 + 0 (0.0642)
19:05:19: INFO [flashield.py:170 (root)]: 	w08.oracleGeneral.bin-0.01-FIFO-True n_req: 23000000, n_miss: 21709733, miss ratio: 0.9439, disk write 69887651008 + 0 (0.0642)
19:06:59: INFO [flashield.py:170 (root)]: 	w08.oracleGeneral.bin-0.01-FIFO-True n_req: 24000000, n_miss: 22663699, miss ratio: 0.9443, disk write 69887651008 + 0 (0.0642)
19:08:43: INFO [flashield.py:170 (root)]: 	w08.oracleGeneral.bin-0.01-FIFO-True n_req: 25000000, n_miss: 23600655, miss ratio: 0.9440, disk write 69887651008 + 0 (0.0642)
19:10:13: INFO [flashield.py:170 (root)]: 	w08.oracleGeneral.bin-0.01-FIFO-True n_req: 26000000, n_miss: 24485039, miss ratio: 0.9417, disk write 69887651008 + 0 (0.0642)
19:11:52: INFO [flashield.py:170 (root)]: 	w08.oracleGeneral.bin-0.01-FIFO-True n_req: 27000000, n_miss: 25421762, miss ratio: 0.9415, disk write 69887651008 + 0 (0.0642)
19:13:34: INFO [flashield.py:170 (root)]: 	w08.oracleGeneral.bin-0.01-FIFO-True n_req: 28000000, n_miss: 26386665, miss ratio: 0.9424, disk write 69887651008 + 0 (0.0642)
19:15:15: INFO [flashield.py:170 (root)]: 	w08.oracleGeneral.bin-0.01-FIFO-True n_req: 29000000, n_miss: 27351096, miss ratio: 0.9431, disk write 69887651008 + 0 (0.0642)
19:16:59: INFO [flashield.py:170 (root)]: 	w08.oracleGeneral.bin-0.01-FIFO-True n_req: 30000000, n_miss: 28282541, miss ratio: 0.9428, disk write 69887651008 + 0 (0.0642)
19:18:36: INFO [flashield.py:170 (root)]: 	w08.oracleGeneral.bin-0.01-FIFO-True n_req: 31000000, n_miss: 29185731, miss ratio: 0.9415, disk write 69887651008 + 0 (0.0642)
19:20:17: INFO [flashield.py:170 (root)]: 	w08.oracleGeneral.bin-0.01-FIFO-True n_req: 32000000, n_miss: 30125908, miss ratio: 0.9414, disk write 69887651008 + 0 (0.0642)
19:21:59: INFO [flashield.py:170 (root)]: 	w08.oracleGeneral.bin-0.01-FIFO-True n_req: 33000000, n_miss: 31081367, miss ratio: 0.9419, disk write 69887651008 + 0 (0.0642)
19:23:43: INFO [flashield.py:170 (root)]: 	w08.oracleGeneral.bin-0.01-FIFO-True n_req: 34000000, n_miss: 32058910, miss ratio: 0.9429, disk write 69887651008 + 0 (0.0642)
19:25:23: INFO [flashield.py:170 (root)]: 	w08.oracleGeneral.bin-0.01-FIFO-True n_req: 35000000, n_miss: 32999518, miss ratio: 0.9428, disk write 69887651008 + 0 (0.0642)
19:26:58: INFO [flashield.py:170 (root)]: 	w08.oracleGeneral.bin-0.01-FIFO-True n_req: 36000000, n_miss: 33932018, miss ratio: 0.9426, disk write 69887651008 + 0 (0.0642)
19:28:41: INFO [flashield.py:170 (root)]: 	w08.oracleGeneral.bin-0.01-FIFO-True n_req: 37000000, n_miss: 34898058, miss ratio: 0.9432, disk write 69887651008 + 0 (0.0642)
19:30:20: INFO [flashield.py:170 (root)]: 	w08.oracleGeneral.bin-0.01-FIFO-True n_req: 38000000, n_miss: 35822699, miss ratio: 0.9427, disk write 69887651008 + 0 (0.0642)
19:31:59: INFO [flashield.py:170 (root)]: 	w08.oracleGeneral.bin-0.01-FIFO-True n_req: 39000000, n_miss: 36766067, miss ratio: 0.9427, disk write 69887651008 + 0 (0.0642)
19:33:36: INFO [flashield.py:170 (root)]: 	w08.oracleGeneral.bin-0.01-FIFO-True n_req: 40000000, n_miss: 37690189, miss ratio: 0.9423, disk write 69887651008 + 0 (0.0642)
19:35:16: INFO [flashield.py:170 (root)]: 	w08.oracleGeneral.bin-0.01-FIFO-True n_req: 41000000, n_miss: 38626986, miss ratio: 0.9421, disk write 69887651008 + 0 (0.0642)
19:37:00: INFO [flashield.py:170 (root)]: 	w08.oracleGeneral.bin-0.01-FIFO-True n_req: 42000000, n_miss: 39582212, miss ratio: 0.9424, disk write 69887651008 + 0 (0.0642)
19:38:35: INFO [flashield.py:170 (root)]: 	w08.oracleGeneral.bin-0.01-FIFO-True n_req: 43000000, n_miss: 40519431, miss ratio: 0.9423, disk write 69887651008 + 0 (0.0642)
19:40:22: INFO [flashield.py:170 (root)]: 	w08.oracleGeneral.bin-0.01-FIFO-True n_req: 44000000, n_miss: 41459857, miss ratio: 0.9423, disk write 69887651008 + 0 (0.0642)
19:41:01: INFO [flashield.py:182 (root)]: 	w08.oracleGeneral.bin-0.01-FIFO-True n_req: 44464937, n_miss: 41832733, miss ratio: 0.9408, disk write 69887651008 + 0 (0.0642)
