18:26:23: INFO [flashield.py:220 (root)]: 	calculating wss for w09.oracleGeneral.bin
18:26:59: INFO [flashield.py:228 (root)]: 	w09.oracleGeneral.bin wss_obj: 14867471, wss_byte: 1133869971456
18:26:59: INFO [cache.py:19 (cache)]: 	create Flashield cache with size 113386997145
18:26:59: INFO [cache.py:19 (cache)]: 	create LRU cache with size 1133869971
18:26:59: INFO [cache.py:19 (cache)]: 	create FIFO cache with size 112253127174
18:27:00: INFO [flashield.py:37 (root)]: 	w09.oracleGeneral.bin Training Flashield...
18:27:01: INFO [flashield.py:42 (root)]: 	w09.oracleGeneral.bin Training Flashield: 145285 features 145285 labels ...
18:27:01: INFO [flashield.py:55 (root)]: 	w09.oracleGeneral.bin finish training
18:27:09: INFO [flashield.py:170 (root)]: 	w09.oracleGeneral.bin-0.01-FIFO-True n_req: 1000000, n_miss: 327105, miss ratio: 0.3271, disk write 16914207232 + 0 (0.0149)
18:27:41: INFO [flashield.py:170 (root)]: 	w09.oracleGeneral.bin-0.01-FIFO-True n_req: 2000000, n_miss: 623757, miss ratio: 0.3119, disk write 16914207232 + 0 (0.0149)
18:28:42: INFO [flashield.py:170 (root)]: 	w09.oracleGeneral.bin-0.01-FIFO-True n_req: 3000000, n_miss: 1170477, miss ratio: 0.3902, disk write 16914207232 + 0 (0.0149)
18:29:24: INFO [flashield.py:170 (root)]: 	w09.oracleGeneral.bin-0.01-FIFO-True n_req: 4000000, n_miss: 1546252, miss ratio: 0.3866, disk write 16914207232 + 0 (0.0149)
18:30:15: INFO [flashield.py:170 (root)]: 	w09.oracleGeneral.bin-0.01-FIFO-True n_req: 5000000, n_miss: 2002167, miss ratio: 0.4004, disk write 16914207232 + 0 (0.0149)
18:31:08: INFO [flashield.py:170 (root)]: 	w09.oracleGeneral.bin-0.01-FIFO-True n_req: 6000000, n_miss: 2479917, miss ratio: 0.4133, disk write 16914207232 + 0 (0.0149)
18:32:04: INFO [flashield.py:170 (root)]: 	w09.oracleGeneral.bin-0.01-FIFO-True n_req: 7000000, n_miss: 2974919, miss ratio: 0.4250, disk write 16914207232 + 0 (0.0149)
18:32:58: INFO [flashield.py:170 (root)]: 	w09.oracleGeneral.bin-0.01-FIFO-True n_req: 8000000, n_miss: 3461308, miss ratio: 0.4327, disk write 16914207232 + 0 (0.0149)
18:33:57: INFO [flashield.py:170 (root)]: 	w09.oracleGeneral.bin-0.01-FIFO-True n_req: 9000000, n_miss: 3995892, miss ratio: 0.4440, disk write 16914207232 + 0 (0.0149)
18:34:29: INFO [flashield.py:170 (root)]: 	w09.oracleGeneral.bin-0.01-FIFO-True n_req: 10000000, n_miss: 4292839, miss ratio: 0.4293, disk write 16914207232 + 0 (0.0149)
18:35:29: INFO [flashield.py:170 (root)]: 	w09.oracleGeneral.bin-0.01-FIFO-True n_req: 11000000, n_miss: 4838144, miss ratio: 0.4398, disk write 16914207232 + 0 (0.0149)
18:36:04: INFO [flashield.py:170 (root)]: 	w09.oracleGeneral.bin-0.01-FIFO-True n_req: 12000000, n_miss: 5153821, miss ratio: 0.4295, disk write 16914207232 + 0 (0.0149)
18:36:40: INFO [flashield.py:170 (root)]: 	w09.oracleGeneral.bin-0.01-FIFO-True n_req: 13000000, n_miss: 5468519, miss ratio: 0.4207, disk write 16914207232 + 0 (0.0149)
18:37:16: INFO [flashield.py:170 (root)]: 	w09.oracleGeneral.bin-0.01-FIFO-True n_req: 14000000, n_miss: 5798098, miss ratio: 0.4141, disk write 16914207232 + 0 (0.0149)
18:38:00: INFO [flashield.py:170 (root)]: 	w09.oracleGeneral.bin-0.01-FIFO-True n_req: 15000000, n_miss: 6188196, miss ratio: 0.4125, disk write 16914207232 + 0 (0.0149)
18:39:16: INFO [flashield.py:170 (root)]: 	w09.oracleGeneral.bin-0.01-FIFO-True n_req: 16000000, n_miss: 6877751, miss ratio: 0.4299, disk write 16914207232 + 0 (0.0149)
18:40:36: INFO [flashield.py:170 (root)]: 	w09.oracleGeneral.bin-0.01-FIFO-True n_req: 17000000, n_miss: 7607677, miss ratio: 0.4475, disk write 16914207232 + 0 (0.0149)
18:41:42: INFO [flashield.py:170 (root)]: 	w09.oracleGeneral.bin-0.01-FIFO-True n_req: 18000000, n_miss: 8218798, miss ratio: 0.4566, disk write 16914207232 + 0 (0.0149)
18:42:53: INFO [flashield.py:170 (root)]: 	w09.oracleGeneral.bin-0.01-FIFO-True n_req: 19000000, n_miss: 8859322, miss ratio: 0.4663, disk write 16914207232 + 0 (0.0149)
18:44:35: INFO [flashield.py:170 (root)]: 	w09.oracleGeneral.bin-0.01-FIFO-True n_req: 20000000, n_miss: 9797889, miss ratio: 0.4899, disk write 16914207232 + 0 (0.0149)
18:46:17: INFO [flashield.py:170 (root)]: 	w09.oracleGeneral.bin-0.01-FIFO-True n_req: 21000000, n_miss: 10730480, miss ratio: 0.5110, disk write 16914207232 + 0 (0.0149)
18:48:01: INFO [flashield.py:170 (root)]: 	w09.oracleGeneral.bin-0.01-FIFO-True n_req: 22000000, n_miss: 11681001, miss ratio: 0.5310, disk write 16914207232 + 0 (0.0149)
18:49:44: INFO [flashield.py:170 (root)]: 	w09.oracleGeneral.bin-0.01-FIFO-True n_req: 23000000, n_miss: 12624452, miss ratio: 0.5489, disk write 16914207232 + 0 (0.0149)
18:51:28: INFO [flashield.py:170 (root)]: 	w09.oracleGeneral.bin-0.01-FIFO-True n_req: 24000000, n_miss: 13571694, miss ratio: 0.5655, disk write 16914207232 + 0 (0.0149)
18:52:59: INFO [flashield.py:170 (root)]: 	w09.oracleGeneral.bin-0.01-FIFO-True n_req: 25000000, n_miss: 14498527, miss ratio: 0.5799, disk write 16914207232 + 0 (0.0149)
18:54:49: INFO [flashield.py:170 (root)]: 	w09.oracleGeneral.bin-0.01-FIFO-True n_req: 26000000, n_miss: 15440004, miss ratio: 0.5938, disk write 16914207232 + 0 (0.0149)
18:56:23: INFO [flashield.py:170 (root)]: 	w09.oracleGeneral.bin-0.01-FIFO-True n_req: 27000000, n_miss: 16389255, miss ratio: 0.6070, disk write 16914207232 + 0 (0.0149)
18:57:37: INFO [flashield.py:170 (root)]: 	w09.oracleGeneral.bin-0.01-FIFO-True n_req: 28000000, n_miss: 16997121, miss ratio: 0.6070, disk write 16914207232 + 0 (0.0149)
18:59:01: INFO [flashield.py:170 (root)]: 	w09.oracleGeneral.bin-0.01-FIFO-True n_req: 29000000, n_miss: 17768584, miss ratio: 0.6127, disk write 16914207232 + 0 (0.0149)
19:00:24: INFO [flashield.py:170 (root)]: 	w09.oracleGeneral.bin-0.01-FIFO-True n_req: 30000000, n_miss: 18524462, miss ratio: 0.6175, disk write 16914207232 + 0 (0.0149)
19:01:16: INFO [flashield.py:170 (root)]: 	w09.oracleGeneral.bin-0.01-FIFO-True n_req: 31000000, n_miss: 19012322, miss ratio: 0.6133, disk write 16914207232 + 0 (0.0149)
19:01:48: INFO [flashield.py:170 (root)]: 	w09.oracleGeneral.bin-0.01-FIFO-True n_req: 32000000, n_miss: 19307896, miss ratio: 0.6034, disk write 16914207232 + 0 (0.0149)
19:02:25: INFO [flashield.py:170 (root)]: 	w09.oracleGeneral.bin-0.01-FIFO-True n_req: 33000000, n_miss: 19629379, miss ratio: 0.5948, disk write 16914207232 + 0 (0.0149)
19:03:01: INFO [flashield.py:170 (root)]: 	w09.oracleGeneral.bin-0.01-FIFO-True n_req: 34000000, n_miss: 19948385, miss ratio: 0.5867, disk write 16914207232 + 0 (0.0149)
19:03:55: INFO [flashield.py:170 (root)]: 	w09.oracleGeneral.bin-0.01-FIFO-True n_req: 35000000, n_miss: 20427199, miss ratio: 0.5836, disk write 16914207232 + 0 (0.0149)
19:04:42: INFO [flashield.py:170 (root)]: 	w09.oracleGeneral.bin-0.01-FIFO-True n_req: 36000000, n_miss: 20847470, miss ratio: 0.5791, disk write 16914207232 + 0 (0.0149)
19:05:44: INFO [flashield.py:170 (root)]: 	w09.oracleGeneral.bin-0.01-FIFO-True n_req: 37000000, n_miss: 21400651, miss ratio: 0.5784, disk write 16914207232 + 0 (0.0149)
19:06:58: INFO [flashield.py:170 (root)]: 	w09.oracleGeneral.bin-0.01-FIFO-True n_req: 38000000, n_miss: 22071325, miss ratio: 0.5808, disk write 16914207232 + 0 (0.0149)
19:08:06: INFO [flashield.py:170 (root)]: 	w09.oracleGeneral.bin-0.01-FIFO-True n_req: 39000000, n_miss: 22707906, miss ratio: 0.5823, disk write 16914207232 + 0 (0.0149)
19:08:41: INFO [flashield.py:170 (root)]: 	w09.oracleGeneral.bin-0.01-FIFO-True n_req: 40000000, n_miss: 23026612, miss ratio: 0.5757, disk write 16914207232 + 0 (0.0149)
19:09:17: INFO [flashield.py:170 (root)]: 	w09.oracleGeneral.bin-0.01-FIFO-True n_req: 41000000, n_miss: 23352417, miss ratio: 0.5696, disk write 16914207232 + 0 (0.0149)
19:09:53: INFO [flashield.py:170 (root)]: 	w09.oracleGeneral.bin-0.01-FIFO-True n_req: 42000000, n_miss: 23674672, miss ratio: 0.5637, disk write 16914207232 + 0 (0.0149)
19:10:46: INFO [flashield.py:170 (root)]: 	w09.oracleGeneral.bin-0.01-FIFO-True n_req: 43000000, n_miss: 24138555, miss ratio: 0.5614, disk write 16914207232 + 0 (0.0149)
19:11:33: INFO [flashield.py:170 (root)]: 	w09.oracleGeneral.bin-0.01-FIFO-True n_req: 44000000, n_miss: 24573671, miss ratio: 0.5585, disk write 16914207232 + 0 (0.0149)
19:12:19: INFO [flashield.py:170 (root)]: 	w09.oracleGeneral.bin-0.01-FIFO-True n_req: 45000000, n_miss: 24977423, miss ratio: 0.5551, disk write 16914207232 + 0 (0.0149)
19:13:20: INFO [flashield.py:170 (root)]: 	w09.oracleGeneral.bin-0.01-FIFO-True n_req: 46000000, n_miss: 25537053, miss ratio: 0.5552, disk write 16914207232 + 0 (0.0149)
19:14:15: INFO [flashield.py:170 (root)]: 	w09.oracleGeneral.bin-0.01-FIFO-True n_req: 47000000, n_miss: 26021289, miss ratio: 0.5536, disk write 16914207232 + 0 (0.0149)
19:15:11: INFO [flashield.py:170 (root)]: 	w09.oracleGeneral.bin-0.01-FIFO-True n_req: 48000000, n_miss: 26523925, miss ratio: 0.5526, disk write 16914207232 + 0 (0.0149)
19:16:08: INFO [flashield.py:170 (root)]: 	w09.oracleGeneral.bin-0.01-FIFO-True n_req: 49000000, n_miss: 27040362, miss ratio: 0.5518, disk write 16914207232 + 0 (0.0149)
19:16:43: INFO [flashield.py:182 (root)]: 	w09.oracleGeneral.bin-0.01-FIFO-True n_req: 49622929, n_miss: 27351771, miss ratio: 0.5512, disk write 16914207232 + 0 (0.0149)
