18:26:23: INFO [flashield.py:220 (root)]: 	calculating wss for w10.oracleGeneral.bin
18:27:02: INFO [flashield.py:228 (root)]: 	w10.oracleGeneral.bin wss_obj: 12529804, wss_byte: 1567400145920
18:27:02: INFO [cache.py:19 (cache)]: 	create Flashield cache with size 156740014592
18:27:02: INFO [cache.py:19 (cache)]: 	create LRU cache with size 1567400145
18:27:02: INFO [cache.py:19 (cache)]: 	create FIFO cache with size 155172614447
18:27:05: INFO [flashield.py:170 (root)]: 	w10.oracleGeneral.bin-0.01-FIFO-True n_req: 1000000, n_miss: 892696, miss ratio: 0.8927, disk write 42769117184 + 0 (0.0273)
18:27:06: INFO [flashield.py:170 (root)]: 	w10.oracleGeneral.bin-0.01-FIFO-True n_req: 2000000, n_miss: 1338401, miss ratio: 0.6692, disk write 67282343936 + 0 (0.0429)
18:27:07: INFO [flashield.py:37 (root)]: 	w10.oracleGeneral.bin Training Flashield...
18:27:07: INFO [flashield.py:42 (root)]: 	w10.oracleGeneral.bin Training Flashield: 662910 features 662910 labels ...
18:27:07: INFO [flashield.py:55 (root)]: 	w10.oracleGeneral.bin finish training
18:27:43: INFO [flashield.py:170 (root)]: 	w10.oracleGeneral.bin-0.01-FIFO-True n_req: 3000000, n_miss: 1791200, miss ratio: 0.5971, disk write 73697369600 + 0 (0.0470)
18:28:48: INFO [flashield.py:170 (root)]: 	w10.oracleGeneral.bin-0.01-FIFO-True n_req: 4000000, n_miss: 2391316, miss ratio: 0.5978, disk write 73697369600 + 0 (0.0470)
18:29:47: INFO [flashield.py:170 (root)]: 	w10.oracleGeneral.bin-0.01-FIFO-True n_req: 5000000, n_miss: 2878035, miss ratio: 0.5756, disk write 73697369600 + 0 (0.0470)
18:31:03: INFO [flashield.py:170 (root)]: 	w10.oracleGeneral.bin-0.01-FIFO-True n_req: 6000000, n_miss: 3651516, miss ratio: 0.6086, disk write 73697369600 + 0 (0.0470)
18:31:48: INFO [flashield.py:170 (root)]: 	w10.oracleGeneral.bin-0.01-FIFO-True n_req: 7000000, n_miss: 4056674, miss ratio: 0.5795, disk write 73697369600 + 0 (0.0470)
18:32:58: INFO [flashield.py:170 (root)]: 	w10.oracleGeneral.bin-0.01-FIFO-True n_req: 8000000, n_miss: 4670630, miss ratio: 0.5838, disk write 73697369600 + 0 (0.0470)
18:33:56: INFO [flashield.py:170 (root)]: 	w10.oracleGeneral.bin-0.01-FIFO-True n_req: 9000000, n_miss: 5225876, miss ratio: 0.5807, disk write 73697369600 + 0 (0.0470)
18:34:51: INFO [flashield.py:170 (root)]: 	w10.oracleGeneral.bin-0.01-FIFO-True n_req: 10000000, n_miss: 5758655, miss ratio: 0.5759, disk write 73697369600 + 0 (0.0470)
18:35:31: INFO [flashield.py:170 (root)]: 	w10.oracleGeneral.bin-0.01-FIFO-True n_req: 11000000, n_miss: 6118122, miss ratio: 0.5562, disk write 73697369600 + 0 (0.0470)
18:36:24: INFO [flashield.py:170 (root)]: 	w10.oracleGeneral.bin-0.01-FIFO-True n_req: 12000000, n_miss: 6590298, miss ratio: 0.5492, disk write 73697369600 + 0 (0.0470)
18:37:34: INFO [flashield.py:170 (root)]: 	w10.oracleGeneral.bin-0.01-FIFO-True n_req: 13000000, n_miss: 7245848, miss ratio: 0.5574, disk write 73697369600 + 0 (0.0470)
18:38:30: INFO [flashield.py:170 (root)]: 	w10.oracleGeneral.bin-0.01-FIFO-True n_req: 14000000, n_miss: 7775388, miss ratio: 0.5554, disk write 73697369600 + 0 (0.0470)
18:40:01: INFO [flashield.py:170 (root)]: 	w10.oracleGeneral.bin-0.01-FIFO-True n_req: 15000000, n_miss: 8540270, miss ratio: 0.5694, disk write 73697369600 + 0 (0.0470)
18:40:48: INFO [flashield.py:170 (root)]: 	w10.oracleGeneral.bin-0.01-FIFO-True n_req: 16000000, n_miss: 9042038, miss ratio: 0.5651, disk write 73697369600 + 0 (0.0470)
18:41:49: INFO [flashield.py:170 (root)]: 	w10.oracleGeneral.bin-0.01-FIFO-True n_req: 17000000, n_miss: 9601582, miss ratio: 0.5648, disk write 73697369600 + 0 (0.0470)
18:42:50: INFO [flashield.py:170 (root)]: 	w10.oracleGeneral.bin-0.01-FIFO-True n_req: 18000000, n_miss: 10165148, miss ratio: 0.5647, disk write 73697369600 + 0 (0.0470)
18:43:38: INFO [flashield.py:170 (root)]: 	w10.oracleGeneral.bin-0.01-FIFO-True n_req: 19000000, n_miss: 10630227, miss ratio: 0.5595, disk write 73697369600 + 0 (0.0470)
18:44:32: INFO [flashield.py:170 (root)]: 	w10.oracleGeneral.bin-0.01-FIFO-True n_req: 20000000, n_miss: 11097511, miss ratio: 0.5549, disk write 73697369600 + 0 (0.0470)
18:45:26: INFO [flashield.py:170 (root)]: 	w10.oracleGeneral.bin-0.01-FIFO-True n_req: 21000000, n_miss: 11607837, miss ratio: 0.5528, disk write 73697369600 + 0 (0.0470)
18:46:04: INFO [flashield.py:170 (root)]: 	w10.oracleGeneral.bin-0.01-FIFO-True n_req: 22000000, n_miss: 11964001, miss ratio: 0.5438, disk write 73697369600 + 0 (0.0470)
18:47:07: INFO [flashield.py:170 (root)]: 	w10.oracleGeneral.bin-0.01-FIFO-True n_req: 23000000, n_miss: 12477155, miss ratio: 0.5425, disk write 73697369600 + 0 (0.0470)
18:48:21: INFO [flashield.py:170 (root)]: 	w10.oracleGeneral.bin-0.01-FIFO-True n_req: 24000000, n_miss: 13233060, miss ratio: 0.5514, disk write 73697369600 + 0 (0.0470)
18:49:05: INFO [flashield.py:170 (root)]: 	w10.oracleGeneral.bin-0.01-FIFO-True n_req: 25000000, n_miss: 13596064, miss ratio: 0.5438, disk write 73697369600 + 0 (0.0470)
18:50:37: INFO [flashield.py:170 (root)]: 	w10.oracleGeneral.bin-0.01-FIFO-True n_req: 26000000, n_miss: 14428547, miss ratio: 0.5549, disk write 73697369600 + 0 (0.0470)
18:51:36: INFO [flashield.py:170 (root)]: 	w10.oracleGeneral.bin-0.01-FIFO-True n_req: 27000000, n_miss: 15034521, miss ratio: 0.5568, disk write 73697369600 + 0 (0.0470)
18:52:23: INFO [flashield.py:170 (root)]: 	w10.oracleGeneral.bin-0.01-FIFO-True n_req: 28000000, n_miss: 15476778, miss ratio: 0.5527, disk write 73697369600 + 0 (0.0470)
18:53:18: INFO [flashield.py:170 (root)]: 	w10.oracleGeneral.bin-0.01-FIFO-True n_req: 29000000, n_miss: 15946680, miss ratio: 0.5499, disk write 73697369600 + 0 (0.0470)
18:54:25: INFO [flashield.py:170 (root)]: 	w10.oracleGeneral.bin-0.01-FIFO-True n_req: 30000000, n_miss: 16520699, miss ratio: 0.5507, disk write 73697369600 + 0 (0.0470)
18:56:09: INFO [flashield.py:170 (root)]: 	w10.oracleGeneral.bin-0.01-FIFO-True n_req: 31000000, n_miss: 17489574, miss ratio: 0.5642, disk write 73697369600 + 0 (0.0470)
18:57:56: INFO [flashield.py:170 (root)]: 	w10.oracleGeneral.bin-0.01-FIFO-True n_req: 32000000, n_miss: 18465841, miss ratio: 0.5771, disk write 73697369600 + 0 (0.0470)
18:59:30: INFO [flashield.py:170 (root)]: 	w10.oracleGeneral.bin-0.01-FIFO-True n_req: 33000000, n_miss: 19337175, miss ratio: 0.5860, disk write 73697369600 + 0 (0.0470)
19:00:53: INFO [flashield.py:170 (root)]: 	w10.oracleGeneral.bin-0.01-FIFO-True n_req: 34000000, n_miss: 20131874, miss ratio: 0.5921, disk write 73697369600 + 0 (0.0470)
19:01:47: INFO [flashield.py:170 (root)]: 	w10.oracleGeneral.bin-0.01-FIFO-True n_req: 35000000, n_miss: 20627471, miss ratio: 0.5894, disk write 73697369600 + 0 (0.0470)
19:02:58: INFO [flashield.py:170 (root)]: 	w10.oracleGeneral.bin-0.01-FIFO-True n_req: 36000000, n_miss: 21239018, miss ratio: 0.5900, disk write 73697369600 + 0 (0.0470)
19:03:59: INFO [flashield.py:170 (root)]: 	w10.oracleGeneral.bin-0.01-FIFO-True n_req: 37000000, n_miss: 21836827, miss ratio: 0.5902, disk write 73697369600 + 0 (0.0470)
19:05:01: INFO [flashield.py:170 (root)]: 	w10.oracleGeneral.bin-0.01-FIFO-True n_req: 38000000, n_miss: 22382406, miss ratio: 0.5890, disk write 73697369600 + 0 (0.0470)
19:05:38: INFO [flashield.py:170 (root)]: 	w10.oracleGeneral.bin-0.01-FIFO-True n_req: 39000000, n_miss: 22741021, miss ratio: 0.5831, disk write 73697369600 + 0 (0.0470)
19:06:36: INFO [flashield.py:170 (root)]: 	w10.oracleGeneral.bin-0.01-FIFO-True n_req: 40000000, n_miss: 23271726, miss ratio: 0.5818, disk write 73697369600 + 0 (0.0470)
19:07:53: INFO [flashield.py:170 (root)]: 	w10.oracleGeneral.bin-0.01-FIFO-True n_req: 41000000, n_miss: 23969366, miss ratio: 0.5846, disk write 73697369600 + 0 (0.0470)
19:08:56: INFO [flashield.py:170 (root)]: 	w10.oracleGeneral.bin-0.01-FIFO-True n_req: 42000000, n_miss: 24549500, miss ratio: 0.5845, disk write 73697369600 + 0 (0.0470)
19:09:59: INFO [flashield.py:170 (root)]: 	w10.oracleGeneral.bin-0.01-FIFO-True n_req: 43000000, n_miss: 25130674, miss ratio: 0.5844, disk write 73697369600 + 0 (0.0470)
19:10:58: INFO [flashield.py:170 (root)]: 	w10.oracleGeneral.bin-0.01-FIFO-True n_req: 44000000, n_miss: 25681296, miss ratio: 0.5837, disk write 73697369600 + 0 (0.0470)
19:11:59: INFO [flashield.py:170 (root)]: 	w10.oracleGeneral.bin-0.01-FIFO-True n_req: 45000000, n_miss: 26231877, miss ratio: 0.5829, disk write 73697369600 + 0 (0.0470)
19:13:05: INFO [flashield.py:170 (root)]: 	w10.oracleGeneral.bin-0.01-FIFO-True n_req: 46000000, n_miss: 26874051, miss ratio: 0.5842, disk write 73697369600 + 0 (0.0470)
19:14:03: INFO [flashield.py:170 (root)]: 	w10.oracleGeneral.bin-0.01-FIFO-True n_req: 47000000, n_miss: 27412204, miss ratio: 0.5832, disk write 73697369600 + 0 (0.0470)
19:15:13: INFO [flashield.py:170 (root)]: 	w10.oracleGeneral.bin-0.01-FIFO-True n_req: 48000000, n_miss: 28059566, miss ratio: 0.5846, disk write 73697369600 + 0 (0.0470)
19:15:28: INFO [flashield.py:182 (root)]: 	w10.oracleGeneral.bin-0.01-FIFO-True n_req: 48342350, n_miss: 28209385, miss ratio: 0.5835, disk write 73697369600 + 0 (0.0470)
