18:26:23: INFO [flashield.py:220 (root)]: 	calculating wss for w11.oracleGeneral.bin
18:27:01: INFO [flashield.py:228 (root)]: 	w11.oracleGeneral.bin wss_obj: 2644480, wss_byte: 81287552000
18:27:01: INFO [cache.py:19 (cache)]: 	create Flashield cache with size 8128755200
18:27:01: INFO [cache.py:19 (cache)]: 	create LRU cache with size 81287552
18:27:01: INFO [cache.py:19 (cache)]: 	create FIFO cache with size 8047467648
18:27:01: INFO [flashield.py:37 (root)]: 	w11.oracleGeneral.bin Training Flashield...
18:27:01: INFO [flashield.py:42 (root)]: 	w11.oracleGeneral.bin Training Flashield: 2219 features 2219 labels ...
18:27:01: INFO [flashield.py:55 (root)]: 	w11.oracleGeneral.bin finish training
18:28:39: INFO [flashield.py:170 (root)]: 	w11.oracleGeneral.bin-0.01-FIFO-True n_req: 1000000, n_miss: 966331, miss ratio: 0.9663, disk write 828616704 + 0 (0.0102)
18:30:21: INFO [flashield.py:170 (root)]: 	w11.oracleGeneral.bin-0.01-FIFO-True n_req: 2000000, n_miss: 1945323, miss ratio: 0.9727, disk write 828616704 + 0 (0.0102)
18:31:58: INFO [flashield.py:170 (root)]: 	w11.oracleGeneral.bin-0.01-FIFO-True n_req: 3000000, n_miss: 2893564, miss ratio: 0.9645, disk write 828616704 + 0 (0.0102)
18:33:39: INFO [flashield.py:170 (root)]: 	w11.oracleGeneral.bin-0.01-FIFO-True n_req: 4000000, n_miss: 3864062, miss ratio: 0.9660, disk write 828616704 + 0 (0.0102)
18:35:19: INFO [flashield.py:170 (root)]: 	w11.oracleGeneral.bin-0.01-FIFO-True n_req: 5000000, n_miss: 4837558, miss ratio: 0.9675, disk write 828616704 + 0 (0.0102)
18:36:59: INFO [flashield.py:170 (root)]: 	w11.oracleGeneral.bin-0.01-FIFO-True n_req: 6000000, n_miss: 5807176, miss ratio: 0.9679, disk write 828616704 + 0 (0.0102)
18:38:41: INFO [flashield.py:170 (root)]: 	w11.oracleGeneral.bin-0.01-FIFO-True n_req: 7000000, n_miss: 6783936, miss ratio: 0.9691, disk write 828616704 + 0 (0.0102)
18:40:21: INFO [flashield.py:170 (root)]: 	w11.oracleGeneral.bin-0.01-FIFO-True n_req: 8000000, n_miss: 7749080, miss ratio: 0.9686, disk write 828616704 + 0 (0.0102)
18:42:01: INFO [flashield.py:170 (root)]: 	w11.oracleGeneral.bin-0.01-FIFO-True n_req: 9000000, n_miss: 8710192, miss ratio: 0.9678, disk write 828616704 + 0 (0.0102)
18:43:41: INFO [flashield.py:170 (root)]: 	w11.oracleGeneral.bin-0.01-FIFO-True n_req: 10000000, n_miss: 9676154, miss ratio: 0.9676, disk write 828616704 + 0 (0.0102)
18:45:23: INFO [flashield.py:170 (root)]: 	w11.oracleGeneral.bin-0.01-FIFO-True n_req: 11000000, n_miss: 10652382, miss ratio: 0.9684, disk write 828616704 + 0 (0.0102)
18:47:03: INFO [flashield.py:170 (root)]: 	w11.oracleGeneral.bin-0.01-FIFO-True n_req: 12000000, n_miss: 11621791, miss ratio: 0.9685, disk write 828616704 + 0 (0.0102)
18:48:46: INFO [flashield.py:170 (root)]: 	w11.oracleGeneral.bin-0.01-FIFO-True n_req: 13000000, n_miss: 12609338, miss ratio: 0.9699, disk write 828616704 + 0 (0.0102)
18:50:28: INFO [flashield.py:170 (root)]: 	w11.oracleGeneral.bin-0.01-FIFO-True n_req: 14000000, n_miss: 13582105, miss ratio: 0.9702, disk write 828616704 + 0 (0.0102)
18:52:10: INFO [flashield.py:170 (root)]: 	w11.oracleGeneral.bin-0.01-FIFO-True n_req: 15000000, n_miss: 14568692, miss ratio: 0.9712, disk write 828616704 + 0 (0.0102)
18:53:48: INFO [flashield.py:170 (root)]: 	w11.oracleGeneral.bin-0.01-FIFO-True n_req: 16000000, n_miss: 15509274, miss ratio: 0.9693, disk write 828616704 + 0 (0.0102)
18:55:31: INFO [flashield.py:170 (root)]: 	w11.oracleGeneral.bin-0.01-FIFO-True n_req: 17000000, n_miss: 16500800, miss ratio: 0.9706, disk write 828616704 + 0 (0.0102)
18:57:13: INFO [flashield.py:170 (root)]: 	w11.oracleGeneral.bin-0.01-FIFO-True n_req: 18000000, n_miss: 17476355, miss ratio: 0.9709, disk write 828616704 + 0 (0.0102)
18:58:54: INFO [flashield.py:170 (root)]: 	w11.oracleGeneral.bin-0.01-FIFO-True n_req: 19000000, n_miss: 18452299, miss ratio: 0.9712, disk write 828616704 + 0 (0.0102)
19:00:37: INFO [flashield.py:170 (root)]: 	w11.oracleGeneral.bin-0.01-FIFO-True n_req: 20000000, n_miss: 19446130, miss ratio: 0.9723, disk write 828616704 + 0 (0.0102)
19:02:21: INFO [flashield.py:170 (root)]: 	w11.oracleGeneral.bin-0.01-FIFO-True n_req: 21000000, n_miss: 20439512, miss ratio: 0.9733, disk write 828616704 + 0 (0.0102)
19:04:04: INFO [flashield.py:170 (root)]: 	w11.oracleGeneral.bin-0.01-FIFO-True n_req: 22000000, n_miss: 21433397, miss ratio: 0.9742, disk write 828616704 + 0 (0.0102)
19:05:47: INFO [flashield.py:170 (root)]: 	w11.oracleGeneral.bin-0.01-FIFO-True n_req: 23000000, n_miss: 22423222, miss ratio: 0.9749, disk write 828616704 + 0 (0.0102)
19:07:30: INFO [flashield.py:170 (root)]: 	w11.oracleGeneral.bin-0.01-FIFO-True n_req: 24000000, n_miss: 23413632, miss ratio: 0.9756, disk write 828616704 + 0 (0.0102)
19:09:14: INFO [flashield.py:170 (root)]: 	w11.oracleGeneral.bin-0.01-FIFO-True n_req: 25000000, n_miss: 24407066, miss ratio: 0.9763, disk write 828616704 + 0 (0.0102)
19:10:57: INFO [flashield.py:170 (root)]: 	w11.oracleGeneral.bin-0.01-FIFO-True n_req: 26000000, n_miss: 25400042, miss ratio: 0.9769, disk write 828616704 + 0 (0.0102)
19:12:40: INFO [flashield.py:170 (root)]: 	w11.oracleGeneral.bin-0.01-FIFO-True n_req: 27000000, n_miss: 26391491, miss ratio: 0.9775, disk write 828616704 + 0 (0.0102)
19:14:23: INFO [flashield.py:170 (root)]: 	w11.oracleGeneral.bin-0.01-FIFO-True n_req: 28000000, n_miss: 27381466, miss ratio: 0.9779, disk write 828616704 + 0 (0.0102)
19:16:06: INFO [flashield.py:170 (root)]: 	w11.oracleGeneral.bin-0.01-FIFO-True n_req: 29000000, n_miss: 28372361, miss ratio: 0.9784, disk write 828616704 + 0 (0.0102)
19:17:49: INFO [flashield.py:170 (root)]: 	w11.oracleGeneral.bin-0.01-FIFO-True n_req: 30000000, n_miss: 29363476, miss ratio: 0.9788, disk write 828616704 + 0 (0.0102)
19:19:32: INFO [flashield.py:170 (root)]: 	w11.oracleGeneral.bin-0.01-FIFO-True n_req: 31000000, n_miss: 30354909, miss ratio: 0.9792, disk write 828616704 + 0 (0.0102)
19:21:15: INFO [flashield.py:170 (root)]: 	w11.oracleGeneral.bin-0.01-FIFO-True n_req: 32000000, n_miss: 31344740, miss ratio: 0.9795, disk write 828616704 + 0 (0.0102)
19:22:57: INFO [flashield.py:170 (root)]: 	w11.oracleGeneral.bin-0.01-FIFO-True n_req: 33000000, n_miss: 32333284, miss ratio: 0.9798, disk write 828616704 + 0 (0.0102)
19:24:40: INFO [flashield.py:170 (root)]: 	w11.oracleGeneral.bin-0.01-FIFO-True n_req: 34000000, n_miss: 33323241, miss ratio: 0.9801, disk write 828616704 + 0 (0.0102)
19:26:23: INFO [flashield.py:170 (root)]: 	w11.oracleGeneral.bin-0.01-FIFO-True n_req: 35000000, n_miss: 34315261, miss ratio: 0.9804, disk write 828616704 + 0 (0.0102)
19:28:06: INFO [flashield.py:170 (root)]: 	w11.oracleGeneral.bin-0.01-FIFO-True n_req: 36000000, n_miss: 35306735, miss ratio: 0.9807, disk write 828616704 + 0 (0.0102)
19:29:49: INFO [flashield.py:170 (root)]: 	w11.oracleGeneral.bin-0.01-FIFO-True n_req: 37000000, n_miss: 36296511, miss ratio: 0.9810, disk write 828616704 + 0 (0.0102)
19:31:32: INFO [flashield.py:170 (root)]: 	w11.oracleGeneral.bin-0.01-FIFO-True n_req: 38000000, n_miss: 37285194, miss ratio: 0.9812, disk write 828616704 + 0 (0.0102)
19:33:15: INFO [flashield.py:170 (root)]: 	w11.oracleGeneral.bin-0.01-FIFO-True n_req: 39000000, n_miss: 38275876, miss ratio: 0.9814, disk write 828616704 + 0 (0.0102)
19:34:58: INFO [flashield.py:170 (root)]: 	w11.oracleGeneral.bin-0.01-FIFO-True n_req: 40000000, n_miss: 39267913, miss ratio: 0.9817, disk write 828616704 + 0 (0.0102)
19:36:41: INFO [flashield.py:170 (root)]: 	w11.oracleGeneral.bin-0.01-FIFO-True n_req: 41000000, n_miss: 40260705, miss ratio: 0.9820, disk write 828616704 + 0 (0.0102)
19:38:25: INFO [flashield.py:170 (root)]: 	w11.oracleGeneral.bin-0.01-FIFO-True n_req: 42000000, n_miss: 41253272, miss ratio: 0.9822, disk write 828616704 + 0 (0.0102)
19:40:08: INFO [flashield.py:170 (root)]: 	w11.oracleGeneral.bin-0.01-FIFO-True n_req: 43000000, n_miss: 42243572, miss ratio: 0.9824, disk write 828616704 + 0 (0.0102)
19:41:50: INFO [flashield.py:170 (root)]: 	w11.oracleGeneral.bin-0.01-FIFO-True n_req: 44000000, n_miss: 43232714, miss ratio: 0.9826, disk write 828616704 + 0 (0.0102)
19:43:34: INFO [flashield.py:170 (root)]: 	w11.oracleGeneral.bin-0.01-FIFO-True n_req: 45000000, n_miss: 44222580, miss ratio: 0.9827, disk write 828616704 + 0 (0.0102)
19:45:17: INFO [flashield.py:170 (root)]: 	w11.oracleGeneral.bin-0.01-FIFO-True n_req: 46000000, n_miss: 45214853, miss ratio: 0.9829, disk write 828616704 + 0 (0.0102)
19:45:35: INFO [flashield.py:182 (root)]: 	w11.oracleGeneral.bin-0.01-FIFO-True n_req: 46173369, n_miss: 45386579, miss ratio: 0.9830, disk write 828616704 + 0 (0.0102)
