18:26:24: INFO [flashield.py:220 (root)]: 	calculating wss for w12.oracleGeneral.bin
18:26:44: INFO [flashield.py:228 (root)]: 	w12.oracleGeneral.bin wss_obj: 417995, wss_byte: 8178838016
18:26:44: INFO [cache.py:19 (cache)]: 	create Flashield cache with size 817883801
18:26:44: INFO [cache.py:19 (cache)]: 	create LRU cache with size 8178838
18:26:44: INFO [cache.py:19 (cache)]: 	create FIFO cache with size 809704963
18:26:45: INFO [flashield.py:37 (root)]: 	w12.oracleGeneral.bin Training Flashield...
18:26:45: INFO [flashield.py:42 (root)]: 	w12.oracleGeneral.bin Training Flashield: 14022 features 14022 labels ...
18:26:45: INFO [flashield.py:55 (root)]: 	w12.oracleGeneral.bin finish training
18:26:50: INFO [flashield.py:170 (root)]: 	w12.oracleGeneral.bin-0.01-FIFO-True n_req: 1000000, n_miss: 60464, miss ratio: 0.0605, disk write 147389440 + 0 (0.0180)
18:26:56: INFO [flashield.py:170 (root)]: 	w12.oracleGeneral.bin-0.01-FIFO-True n_req: 2000000, n_miss: 112698, miss ratio: 0.0563, disk write 147389440 + 0 (0.0180)
18:27:00: INFO [flashield.py:170 (root)]: 	w12.oracleGeneral.bin-0.01-FIFO-True n_req: 3000000, n_miss: 147521, miss ratio: 0.0492, disk write 147389440 + 0 (0.0180)
18:27:06: INFO [flashield.py:170 (root)]: 	w12.oracleGeneral.bin-0.01-FIFO-True n_req: 4000000, n_miss: 194349, miss ratio: 0.0486, disk write 147389440 + 0 (0.0180)
18:27:12: INFO [flashield.py:170 (root)]: 	w12.oracleGeneral.bin-0.01-FIFO-True n_req: 5000000, n_miss: 237519, miss ratio: 0.0475, disk write 147389440 + 0 (0.0180)
18:27:18: INFO [flashield.py:170 (root)]: 	w12.oracleGeneral.bin-0.01-FIFO-True n_req: 6000000, n_miss: 289761, miss ratio: 0.0483, disk write 147389440 + 0 (0.0180)
18:27:25: INFO [flashield.py:170 (root)]: 	w12.oracleGeneral.bin-0.01-FIFO-True n_req: 7000000, n_miss: 343247, miss ratio: 0.0490, disk write 147389440 + 0 (0.0180)
18:27:32: INFO [flashield.py:170 (root)]: 	w12.oracleGeneral.bin-0.01-FIFO-True n_req: 8000000, n_miss: 407417, miss ratio: 0.0509, disk write 147389440 + 0 (0.0180)
18:27:38: INFO [flashield.py:170 (root)]: 	w12.oracleGeneral.bin-0.01-FIFO-True n_req: 9000000, n_miss: 449678, miss ratio: 0.0500, disk write 147389440 + 0 (0.0180)
18:27:43: INFO [flashield.py:170 (root)]: 	w12.oracleGeneral.bin-0.01-FIFO-True n_req: 10000000, n_miss: 489230, miss ratio: 0.0489, disk write 147389440 + 0 (0.0180)
18:27:49: INFO [flashield.py:170 (root)]: 	w12.oracleGeneral.bin-0.01-FIFO-True n_req: 11000000, n_miss: 541959, miss ratio: 0.0493, disk write 147389440 + 0 (0.0180)
18:27:56: INFO [flashield.py:170 (root)]: 	w12.oracleGeneral.bin-0.01-FIFO-True n_req: 12000000, n_miss: 594225, miss ratio: 0.0495, disk write 147389440 + 0 (0.0180)
18:28:01: INFO [flashield.py:170 (root)]: 	w12.oracleGeneral.bin-0.01-FIFO-True n_req: 13000000, n_miss: 633480, miss ratio: 0.0487, disk write 147389440 + 0 (0.0180)
18:28:08: INFO [flashield.py:170 (root)]: 	w12.oracleGeneral.bin-0.01-FIFO-True n_req: 14000000, n_miss: 692929, miss ratio: 0.0495, disk write 147389440 + 0 (0.0180)
18:28:15: INFO [flashield.py:170 (root)]: 	w12.oracleGeneral.bin-0.01-FIFO-True n_req: 15000000, n_miss: 747847, miss ratio: 0.0499, disk write 147389440 + 0 (0.0180)
18:28:22: INFO [flashield.py:170 (root)]: 	w12.oracleGeneral.bin-0.01-FIFO-True n_req: 16000000, n_miss: 811105, miss ratio: 0.0507, disk write 147389440 + 0 (0.0180)
18:28:27: INFO [flashield.py:170 (root)]: 	w12.oracleGeneral.bin-0.01-FIFO-True n_req: 17000000, n_miss: 846989, miss ratio: 0.0498, disk write 147389440 + 0 (0.0180)
18:28:32: INFO [flashield.py:170 (root)]: 	w12.oracleGeneral.bin-0.01-FIFO-True n_req: 18000000, n_miss: 888678, miss ratio: 0.0494, disk write 147389440 + 0 (0.0180)
18:28:39: INFO [flashield.py:170 (root)]: 	w12.oracleGeneral.bin-0.01-FIFO-True n_req: 19000000, n_miss: 940488, miss ratio: 0.0495, disk write 147389440 + 0 (0.0180)
18:28:44: INFO [flashield.py:170 (root)]: 	w12.oracleGeneral.bin-0.01-FIFO-True n_req: 20000000, n_miss: 978035, miss ratio: 0.0489, disk write 147389440 + 0 (0.0180)
18:28:50: INFO [flashield.py:170 (root)]: 	w12.oracleGeneral.bin-0.01-FIFO-True n_req: 21000000, n_miss: 1032383, miss ratio: 0.0492, disk write 147389440 + 0 (0.0180)
18:28:56: INFO [flashield.py:170 (root)]: 	w12.oracleGeneral.bin-0.01-FIFO-True n_req: 22000000, n_miss: 1079026, miss ratio: 0.0490, disk write 147389440 + 0 (0.0180)
18:29:01: INFO [flashield.py:170 (root)]: 	w12.oracleGeneral.bin-0.01-FIFO-True n_req: 23000000, n_miss: 1113896, miss ratio: 0.0484, disk write 147389440 + 0 (0.0180)
18:29:07: INFO [flashield.py:170 (root)]: 	w12.oracleGeneral.bin-0.01-FIFO-True n_req: 24000000, n_miss: 1161589, miss ratio: 0.0484, disk write 147389440 + 0 (0.0180)
18:29:12: INFO [flashield.py:170 (root)]: 	w12.oracleGeneral.bin-0.01-FIFO-True n_req: 25000000, n_miss: 1200046, miss ratio: 0.0480, disk write 147389440 + 0 (0.0180)
18:29:18: INFO [flashield.py:170 (root)]: 	w12.oracleGeneral.bin-0.01-FIFO-True n_req: 26000000, n_miss: 1248740, miss ratio: 0.0480, disk write 147389440 + 0 (0.0180)
18:29:23: INFO [flashield.py:170 (root)]: 	w12.oracleGeneral.bin-0.01-FIFO-True n_req: 27000000, n_miss: 1289853, miss ratio: 0.0478, disk write 147389440 + 0 (0.0180)
18:29:29: INFO [flashield.py:170 (root)]: 	w12.oracleGeneral.bin-0.01-FIFO-True n_req: 28000000, n_miss: 1337348, miss ratio: 0.0478, disk write 147389440 + 0 (0.0180)
18:29:36: INFO [flashield.py:170 (root)]: 	w12.oracleGeneral.bin-0.01-FIFO-True n_req: 29000000, n_miss: 1397962, miss ratio: 0.0482, disk write 147389440 + 0 (0.0180)
18:29:43: INFO [flashield.py:170 (root)]: 	w12.oracleGeneral.bin-0.01-FIFO-True n_req: 30000000, n_miss: 1456736, miss ratio: 0.0486, disk write 147389440 + 0 (0.0180)
18:29:48: INFO [flashield.py:170 (root)]: 	w12.oracleGeneral.bin-0.01-FIFO-True n_req: 31000000, n_miss: 1496550, miss ratio: 0.0483, disk write 147389440 + 0 (0.0180)
18:29:54: INFO [flashield.py:170 (root)]: 	w12.oracleGeneral.bin-0.01-FIFO-True n_req: 32000000, n_miss: 1539147, miss ratio: 0.0481, disk write 147389440 + 0 (0.0180)
18:30:03: INFO [flashield.py:170 (root)]: 	w12.oracleGeneral.bin-0.01-FIFO-True n_req: 33000000, n_miss: 1614760, miss ratio: 0.0489, disk write 147389440 + 0 (0.0180)
18:30:11: INFO [flashield.py:170 (root)]: 	w12.oracleGeneral.bin-0.01-FIFO-True n_req: 34000000, n_miss: 1681827, miss ratio: 0.0495, disk write 147389440 + 0 (0.0180)
18:30:18: INFO [flashield.py:170 (root)]: 	w12.oracleGeneral.bin-0.01-FIFO-True n_req: 35000000, n_miss: 1739051, miss ratio: 0.0497, disk write 147389440 + 0 (0.0180)
18:30:26: INFO [flashield.py:170 (root)]: 	w12.oracleGeneral.bin-0.01-FIFO-True n_req: 36000000, n_miss: 1804865, miss ratio: 0.0501, disk write 147389440 + 0 (0.0180)
18:30:33: INFO [flashield.py:170 (root)]: 	w12.oracleGeneral.bin-0.01-FIFO-True n_req: 37000000, n_miss: 1862037, miss ratio: 0.0503, disk write 147389440 + 0 (0.0180)
18:30:40: INFO [flashield.py:170 (root)]: 	w12.oracleGeneral.bin-0.01-FIFO-True n_req: 38000000, n_miss: 1919744, miss ratio: 0.0505, disk write 147389440 + 0 (0.0180)
18:30:46: INFO [flashield.py:170 (root)]: 	w12.oracleGeneral.bin-0.01-FIFO-True n_req: 39000000, n_miss: 1973527, miss ratio: 0.0506, disk write 147389440 + 0 (0.0180)
18:30:54: INFO [flashield.py:170 (root)]: 	w12.oracleGeneral.bin-0.01-FIFO-True n_req: 40000000, n_miss: 2039129, miss ratio: 0.0510, disk write 147389440 + 0 (0.0180)
18:31:01: INFO [flashield.py:170 (root)]: 	w12.oracleGeneral.bin-0.01-FIFO-True n_req: 41000000, n_miss: 2095448, miss ratio: 0.0511, disk write 147389440 + 0 (0.0180)
18:31:15: INFO [flashield.py:170 (root)]: 	w12.oracleGeneral.bin-0.01-FIFO-True n_req: 42000000, n_miss: 2220381, miss ratio: 0.0529, disk write 147389440 + 0 (0.0180)
18:31:25: INFO [flashield.py:170 (root)]: 	w12.oracleGeneral.bin-0.01-FIFO-True n_req: 43000000, n_miss: 2303357, miss ratio: 0.0536, disk write 147389440 + 0 (0.0180)
18:31:31: INFO [flashield.py:170 (root)]: 	w12.oracleGeneral.bin-0.01-FIFO-True n_req: 44000000, n_miss: 2355594, miss ratio: 0.0535, disk write 147389440 + 0 (0.0180)
18:31:38: INFO [flashield.py:170 (root)]: 	w12.oracleGeneral.bin-0.01-FIFO-True n_req: 45000000, n_miss: 2415271, miss ratio: 0.0537, disk write 147389440 + 0 (0.0180)
18:31:41: INFO [flashield.py:182 (root)]: 	w12.oracleGeneral.bin-0.01-FIFO-True n_req: 45355529, n_miss: 2434478, miss ratio: 0.0537, disk write 147389440 + 0 (0.0180)
