18:26:23: INFO [flashield.py:220 (root)]: 	calculating wss for w27.oracleGeneral.bin
18:26:37: INFO [flashield.py:228 (root)]: 	w27.oracleGeneral.bin wss_obj: 4330076, wss_byte: 48981732032
18:26:37: INFO [cache.py:19 (cache)]: 	create Flashield cache with size 4898173203
18:26:37: INFO [cache.py:19 (cache)]: 	create LRU cache with size 48981732
18:26:37: INFO [cache.py:19 (cache)]: 	create FIFO cache with size 4849191471
18:26:38: INFO [flashield.py:37 (root)]: 	w27.oracleGeneral.bin Training Flashield...
18:26:38: INFO [flashield.py:42 (root)]: 	w27.oracleGeneral.bin Training Flashield: 175926 features 175926 labels ...
18:26:38: INFO [flashield.py:55 (root)]: 	w27.oracleGeneral.bin finish training
18:27:41: INFO [flashield.py:170 (root)]: 	w27.oracleGeneral.bin-0.01-FIFO-True n_req: 1000000, n_miss: 788484, miss ratio: 0.7885, disk write 1355965952 + 0 (0.0277)
18:28:44: INFO [flashield.py:170 (root)]: 	w27.oracleGeneral.bin-0.01-FIFO-True n_req: 2000000, n_miss: 1376048, miss ratio: 0.6880, disk write 1355965952 + 0 (0.0277)
18:30:25: INFO [flashield.py:170 (root)]: 	w27.oracleGeneral.bin-0.01-FIFO-True n_req: 3000000, n_miss: 2328639, miss ratio: 0.7762, disk write 1355965952 + 0 (0.0277)
18:31:40: INFO [flashield.py:170 (root)]: 	w27.oracleGeneral.bin-0.01-FIFO-True n_req: 4000000, n_miss: 3025452, miss ratio: 0.7564, disk write 1355965952 + 0 (0.0277)
18:33:19: INFO [flashield.py:170 (root)]: 	w27.oracleGeneral.bin-0.01-FIFO-True n_req: 5000000, n_miss: 3953277, miss ratio: 0.7907, disk write 1355965952 + 0 (0.0277)
18:34:48: INFO [flashield.py:170 (root)]: 	w27.oracleGeneral.bin-0.01-FIFO-True n_req: 6000000, n_miss: 4782918, miss ratio: 0.7972, disk write 1355965952 + 0 (0.0277)
18:36:27: INFO [flashield.py:170 (root)]: 	w27.oracleGeneral.bin-0.01-FIFO-True n_req: 7000000, n_miss: 5690201, miss ratio: 0.8129, disk write 1355965952 + 0 (0.0277)
18:37:21: INFO [flashield.py:170 (root)]: 	w27.oracleGeneral.bin-0.01-FIFO-True n_req: 8000000, n_miss: 6198662, miss ratio: 0.7748, disk write 1355965952 + 0 (0.0277)
18:38:23: INFO [flashield.py:170 (root)]: 	w27.oracleGeneral.bin-0.01-FIFO-True n_req: 9000000, n_miss: 6784892, miss ratio: 0.7539, disk write 1355965952 + 0 (0.0277)
18:39:36: INFO [flashield.py:170 (root)]: 	w27.oracleGeneral.bin-0.01-FIFO-True n_req: 10000000, n_miss: 7469529, miss ratio: 0.7470, disk write 1355965952 + 0 (0.0277)
18:41:10: INFO [flashield.py:170 (root)]: 	w27.oracleGeneral.bin-0.01-FIFO-True n_req: 11000000, n_miss: 8338515, miss ratio: 0.7580, disk write 1355965952 + 0 (0.0277)
18:42:42: INFO [flashield.py:170 (root)]: 	w27.oracleGeneral.bin-0.01-FIFO-True n_req: 12000000, n_miss: 9193313, miss ratio: 0.7661, disk write 1355965952 + 0 (0.0277)
18:44:15: INFO [flashield.py:170 (root)]: 	w27.oracleGeneral.bin-0.01-FIFO-True n_req: 13000000, n_miss: 10051685, miss ratio: 0.7732, disk write 1355965952 + 0 (0.0277)
18:45:48: INFO [flashield.py:170 (root)]: 	w27.oracleGeneral.bin-0.01-FIFO-True n_req: 14000000, n_miss: 10917021, miss ratio: 0.7798, disk write 1355965952 + 0 (0.0277)
18:47:21: INFO [flashield.py:170 (root)]: 	w27.oracleGeneral.bin-0.01-FIFO-True n_req: 15000000, n_miss: 11783916, miss ratio: 0.7856, disk write 1355965952 + 0 (0.0277)
18:48:54: INFO [flashield.py:170 (root)]: 	w27.oracleGeneral.bin-0.01-FIFO-True n_req: 16000000, n_miss: 12648698, miss ratio: 0.7905, disk write 1355965952 + 0 (0.0277)
18:50:29: INFO [flashield.py:170 (root)]: 	w27.oracleGeneral.bin-0.01-FIFO-True n_req: 17000000, n_miss: 13530428, miss ratio: 0.7959, disk write 1355965952 + 0 (0.0277)
18:51:48: INFO [flashield.py:170 (root)]: 	w27.oracleGeneral.bin-0.01-FIFO-True n_req: 18000000, n_miss: 14275525, miss ratio: 0.7931, disk write 1355965952 + 0 (0.0277)
18:53:14: INFO [flashield.py:170 (root)]: 	w27.oracleGeneral.bin-0.01-FIFO-True n_req: 19000000, n_miss: 15085683, miss ratio: 0.7940, disk write 1355965952 + 0 (0.0277)
18:54:02: INFO [flashield.py:182 (root)]: 	w27.oracleGeneral.bin-0.01-FIFO-True n_req: 19501541, n_miss: 15531283, miss ratio: 0.7964, disk write 1355965952 + 0 (0.0277)
