18:26:23: INFO [flashield.py:220 (root)]: 	calculating wss for w47.oracleGeneral.bin
18:26:30: INFO [flashield.py:228 (root)]: 	w47.oracleGeneral.bin wss_obj: 298214, wss_byte: 3151134720
18:26:30: INFO [cache.py:19 (cache)]: 	create Flashield cache with size 315113472
18:26:30: INFO [cache.py:19 (cache)]: 	create LRU cache with size 3151134
18:26:30: INFO [cache.py:19 (cache)]: 	create FIFO cache with size 311962338
18:26:30: INFO [flashield.py:37 (root)]: 	w47.oracleGeneral.bin Training Flashield...
18:26:30: INFO [flashield.py:42 (root)]: 	w47.oracleGeneral.bin Training Flashield: 12590 features 12590 labels ...
18:26:30: INFO [flashield.py:55 (root)]: 	w47.oracleGeneral.bin finish training
18:26:41: INFO [flashield.py:170 (root)]: 	w47.oracleGeneral.bin-0.01-FIFO-True n_req: 1000000, n_miss: 118101, miss ratio: 0.1181, disk write 399757312 + 0 (0.1269)
18:26:53: INFO [flashield.py:170 (root)]: 	w47.oracleGeneral.bin-0.01-FIFO-True n_req: 2000000, n_miss: 230447, miss ratio: 0.1152, disk write 399757312 + 0 (0.1269)
18:27:06: INFO [flashield.py:170 (root)]: 	w47.oracleGeneral.bin-0.01-FIFO-True n_req: 3000000, n_miss: 341926, miss ratio: 0.1140, disk write 399757312 + 0 (0.1269)
18:27:19: INFO [flashield.py:170 (root)]: 	w47.oracleGeneral.bin-0.01-FIFO-True n_req: 4000000, n_miss: 453265, miss ratio: 0.1133, disk write 399757312 + 0 (0.1269)
18:27:31: INFO [flashield.py:170 (root)]: 	w47.oracleGeneral.bin-0.01-FIFO-True n_req: 5000000, n_miss: 566345, miss ratio: 0.1133, disk write 399757312 + 0 (0.1269)
18:27:44: INFO [flashield.py:170 (root)]: 	w47.oracleGeneral.bin-0.01-FIFO-True n_req: 6000000, n_miss: 680036, miss ratio: 0.1133, disk write 399757312 + 0 (0.1269)
18:27:57: INFO [flashield.py:170 (root)]: 	w47.oracleGeneral.bin-0.01-FIFO-True n_req: 7000000, n_miss: 793740, miss ratio: 0.1134, disk write 399757312 + 0 (0.1269)
18:28:10: INFO [flashield.py:170 (root)]: 	w47.oracleGeneral.bin-0.01-FIFO-True n_req: 8000000, n_miss: 906946, miss ratio: 0.1134, disk write 399757312 + 0 (0.1269)
18:28:23: INFO [flashield.py:170 (root)]: 	w47.oracleGeneral.bin-0.01-FIFO-True n_req: 9000000, n_miss: 1021088, miss ratio: 0.1135, disk write 399757312 + 0 (0.1269)
18:28:35: INFO [flashield.py:170 (root)]: 	w47.oracleGeneral.bin-0.01-FIFO-True n_req: 10000000, n_miss: 1134383, miss ratio: 0.1134, disk write 399757312 + 0 (0.1269)
18:28:48: INFO [flashield.py:170 (root)]: 	w47.oracleGeneral.bin-0.01-FIFO-True n_req: 11000000, n_miss: 1246569, miss ratio: 0.1133, disk write 399757312 + 0 (0.1269)
18:29:00: INFO [flashield.py:170 (root)]: 	w47.oracleGeneral.bin-0.01-FIFO-True n_req: 12000000, n_miss: 1357336, miss ratio: 0.1131, disk write 399757312 + 0 (0.1269)
18:29:13: INFO [flashield.py:170 (root)]: 	w47.oracleGeneral.bin-0.01-FIFO-True n_req: 13000000, n_miss: 1467729, miss ratio: 0.1129, disk write 399757312 + 0 (0.1269)
18:29:26: INFO [flashield.py:170 (root)]: 	w47.oracleGeneral.bin-0.01-FIFO-True n_req: 14000000, n_miss: 1579031, miss ratio: 0.1128, disk write 399757312 + 0 (0.1269)
18:29:29: INFO [flashield.py:182 (root)]: 	w47.oracleGeneral.bin-0.01-FIFO-True n_req: 14314717, n_miss: 1613662, miss ratio: 0.1127, disk write 399757312 + 0 (0.1269)
