18:26:23: INFO [flashield.py:220 (root)]: 	calculating wss for w50.oracleGeneral.bin
18:26:32: INFO [flashield.py:228 (root)]: 	w50.oracleGeneral.bin wss_obj: 1230381, wss_byte: 49697573888
18:26:32: INFO [cache.py:19 (cache)]: 	create Flashield cache with size 4969757388
18:26:32: INFO [cache.py:19 (cache)]: 	create LRU cache with size 49697573
18:26:32: INFO [cache.py:19 (cache)]: 	create FIFO cache with size 4920059815
18:26:32: INFO [flashield.py:37 (root)]: 	w50.oracleGeneral.bin Training Flashield...
18:26:32: INFO [flashield.py:42 (root)]: 	w50.oracleGeneral.bin Training Flashield: 10554 features 10554 labels ...
18:26:32: INFO [flashield.py:55 (root)]: 	w50.oracleGeneral.bin finish training
18:27:06: INFO [flashield.py:170 (root)]: 	w50.oracleGeneral.bin-0.01-FIFO-True n_req: 1000000, n_miss: 480745, miss ratio: 0.4807, disk write 2320352256 + 0 (0.0467)
18:27:43: INFO [flashield.py:170 (root)]: 	w50.oracleGeneral.bin-0.01-FIFO-True n_req: 2000000, n_miss: 822903, miss ratio: 0.4115, disk write 2320352256 + 0 (0.0467)
18:28:21: INFO [flashield.py:170 (root)]: 	w50.oracleGeneral.bin-0.01-FIFO-True n_req: 3000000, n_miss: 1176199, miss ratio: 0.3921, disk write 2320352256 + 0 (0.0467)
18:28:55: INFO [flashield.py:170 (root)]: 	w50.oracleGeneral.bin-0.01-FIFO-True n_req: 4000000, n_miss: 1485971, miss ratio: 0.3715, disk write 2320352256 + 0 (0.0467)
18:29:35: INFO [flashield.py:170 (root)]: 	w50.oracleGeneral.bin-0.01-FIFO-True n_req: 5000000, n_miss: 1864390, miss ratio: 0.3729, disk write 2320352256 + 0 (0.0467)
18:30:08: INFO [flashield.py:170 (root)]: 	w50.oracleGeneral.bin-0.01-FIFO-True n_req: 6000000, n_miss: 2164856, miss ratio: 0.3608, disk write 2320352256 + 0 (0.0467)
18:30:50: INFO [flashield.py:170 (root)]: 	w50.oracleGeneral.bin-0.01-FIFO-True n_req: 7000000, n_miss: 2560499, miss ratio: 0.3658, disk write 2320352256 + 0 (0.0467)
18:31:15: INFO [flashield.py:170 (root)]: 	w50.oracleGeneral.bin-0.01-FIFO-True n_req: 8000000, n_miss: 2781041, miss ratio: 0.3476, disk write 2320352256 + 0 (0.0467)
18:31:56: INFO [flashield.py:170 (root)]: 	w50.oracleGeneral.bin-0.01-FIFO-True n_req: 9000000, n_miss: 3163435, miss ratio: 0.3515, disk write 2320352256 + 0 (0.0467)
18:32:20: INFO [flashield.py:170 (root)]: 	w50.oracleGeneral.bin-0.01-FIFO-True n_req: 10000000, n_miss: 3383982, miss ratio: 0.3384, disk write 2320352256 + 0 (0.0467)
18:33:01: INFO [flashield.py:170 (root)]: 	w50.oracleGeneral.bin-0.01-FIFO-True n_req: 11000000, n_miss: 3768582, miss ratio: 0.3426, disk write 2320352256 + 0 (0.0467)
18:33:26: INFO [flashield.py:170 (root)]: 	w50.oracleGeneral.bin-0.01-FIFO-True n_req: 12000000, n_miss: 3992988, miss ratio: 0.3327, disk write 2320352256 + 0 (0.0467)
18:34:08: INFO [flashield.py:170 (root)]: 	w50.oracleGeneral.bin-0.01-FIFO-True n_req: 13000000, n_miss: 4389509, miss ratio: 0.3377, disk write 2320352256 + 0 (0.0467)
18:34:19: INFO [flashield.py:182 (root)]: 	w50.oracleGeneral.bin-0.01-FIFO-True n_req: 13448032, n_miss: 4488668, miss ratio: 0.3338, disk write 2320352256 + 0 (0.0467)
