22:46:38: INFO [flashield.py:220 (root)]: 	calculating wss for w02.oracleGeneral.bin
22:47:41: INFO [flashield.py:228 (root)]: 	w02.oracleGeneral.bin wss_obj: 495582, wss_byte: 20984298496
22:47:41: INFO [cache.py:19 (cache)]: 	create Flashield cache with size 209842984
22:47:41: INFO [cache.py:19 (cache)]: 	create LRU cache with size 20984298
22:47:41: INFO [cache.py:19 (cache)]: 	create FIFO cache with size 188858686
22:47:44: INFO [flashield.py:170 (root)]: 	w02.oracleGeneral.bin-0.1-FIFO-True n_req: 1000000, n_miss: 994982, miss ratio: 0.9950, disk write 50786697216 + 0 (2.4202)
22:47:45: INFO [flashield.py:37 (root)]: 	w02.oracleGeneral.bin Training Flashield...
22:47:45: INFO [flashield.py:42 (root)]: 	w02.oracleGeneral.bin Training Flashield: 84167 features 84167 labels ...
22:47:45: INFO [flashield.py:55 (root)]: 	w02.oracleGeneral.bin finish training
22:48:42: INFO [flashield.py:170 (root)]: 	w02.oracleGeneral.bin-0.1-FIFO-True n_req: 2000000, n_miss: 1967736, miss ratio: 0.9839, disk write 71847284736 + 0 (3.4239)
22:50:21: INFO [flashield.py:170 (root)]: 	w02.oracleGeneral.bin-0.1-FIFO-True n_req: 3000000, n_miss: 2913856, miss ratio: 0.9713, disk write 71847284736 + 0 (3.4239)
22:52:00: INFO [flashield.py:170 (root)]: 	w02.oracleGeneral.bin-0.1-FIFO-True n_req: 4000000, n_miss: 3863652, miss ratio: 0.9659, disk write 71847284736 + 0 (3.4239)
22:53:39: INFO [flashield.py:170 (root)]: 	w02.oracleGeneral.bin-0.1-FIFO-True n_req: 5000000, n_miss: 4816538, miss ratio: 0.9633, disk write 71847284736 + 0 (3.4239)
22:55:18: INFO [flashield.py:170 (root)]: 	w02.oracleGeneral.bin-0.1-FIFO-True n_req: 6000000, n_miss: 5770790, miss ratio: 0.9618, disk write 71847284736 + 0 (3.4239)
22:56:57: INFO [flashield.py:170 (root)]: 	w02.oracleGeneral.bin-0.1-FIFO-True n_req: 7000000, n_miss: 6726210, miss ratio: 0.9609, disk write 71847284736 + 0 (3.4239)
22:58:34: INFO [flashield.py:170 (root)]: 	w02.oracleGeneral.bin-0.1-FIFO-True n_req: 8000000, n_miss: 7662766, miss ratio: 0.9578, disk write 71847284736 + 0 (3.4239)
23:00:13: INFO [flashield.py:170 (root)]: 	w02.oracleGeneral.bin-0.1-FIFO-True n_req: 9000000, n_miss: 8612120, miss ratio: 0.9569, disk write 71847284736 + 0 (3.4239)
23:01:52: INFO [flashield.py:170 (root)]: 	w02.oracleGeneral.bin-0.1-FIFO-True n_req: 10000000, n_miss: 9567599, miss ratio: 0.9568, disk write 71847284736 + 0 (3.4239)
23:03:31: INFO [flashield.py:170 (root)]: 	w02.oracleGeneral.bin-0.1-FIFO-True n_req: 11000000, n_miss: 10523546, miss ratio: 0.9567, disk write 71847284736 + 0 (3.4239)
23:05:10: INFO [flashield.py:170 (root)]: 	w02.oracleGeneral.bin-0.1-FIFO-True n_req: 12000000, n_miss: 11477050, miss ratio: 0.9564, disk write 71847284736 + 0 (3.4239)
23:06:49: INFO [flashield.py:170 (root)]: 	w02.oracleGeneral.bin-0.1-FIFO-True n_req: 13000000, n_miss: 12430548, miss ratio: 0.9562, disk write 71847284736 + 0 (3.4239)
23:08:28: INFO [flashield.py:170 (root)]: 	w02.oracleGeneral.bin-0.1-FIFO-True n_req: 14000000, n_miss: 13383550, miss ratio: 0.9560, disk write 71847284736 + 0 (3.4239)
23:10:08: INFO [flashield.py:170 (root)]: 	w02.oracleGeneral.bin-0.1-FIFO-True n_req: 15000000, n_miss: 14343049, miss ratio: 0.9562, disk write 71847284736 + 0 (3.4239)
23:11:47: INFO [flashield.py:170 (root)]: 	w02.oracleGeneral.bin-0.1-FIFO-True n_req: 16000000, n_miss: 15294806, miss ratio: 0.9559, disk write 71847284736 + 0 (3.4239)
23:13:22: INFO [flashield.py:170 (root)]: 	w02.oracleGeneral.bin-0.1-FIFO-True n_req: 17000000, n_miss: 16213297, miss ratio: 0.9537, disk write 71847284736 + 0 (3.4239)
23:15:01: INFO [flashield.py:170 (root)]: 	w02.oracleGeneral.bin-0.1-FIFO-True n_req: 18000000, n_miss: 17161982, miss ratio: 0.9534, disk write 71847284736 + 0 (3.4239)
23:16:40: INFO [flashield.py:170 (root)]: 	w02.oracleGeneral.bin-0.1-FIFO-True n_req: 19000000, n_miss: 18114796, miss ratio: 0.9534, disk write 71847284736 + 0 (3.4239)
23:18:19: INFO [flashield.py:170 (root)]: 	w02.oracleGeneral.bin-0.1-FIFO-True n_req: 20000000, n_miss: 19068880, miss ratio: 0.9534, disk write 71847284736 + 0 (3.4239)
23:19:58: INFO [flashield.py:170 (root)]: 	w02.oracleGeneral.bin-0.1-FIFO-True n_req: 21000000, n_miss: 20024216, miss ratio: 0.9535, disk write 71847284736 + 0 (3.4239)
23:21:36: INFO [flashield.py:170 (root)]: 	w02.oracleGeneral.bin-0.1-FIFO-True n_req: 22000000, n_miss: 20968362, miss ratio: 0.9531, disk write 71847284736 + 0 (3.4239)
23:23:15: INFO [flashield.py:170 (root)]: 	w02.oracleGeneral.bin-0.1-FIFO-True n_req: 23000000, n_miss: 21917836, miss ratio: 0.9529, disk write 71847284736 + 0 (3.4239)
23:24:54: INFO [flashield.py:170 (root)]: 	w02.oracleGeneral.bin-0.1-FIFO-True n_req: 24000000, n_miss: 22872016, miss ratio: 0.9530, disk write 71847284736 + 0 (3.4239)
23:26:33: INFO [flashield.py:170 (root)]: 	w02.oracleGeneral.bin-0.1-FIFO-True n_req: 25000000, n_miss: 23825808, miss ratio: 0.9530, disk write 71847284736 + 0 (3.4239)
23:28:13: INFO [flashield.py:170 (root)]: 	w02.oracleGeneral.bin-0.1-FIFO-True n_req: 26000000, n_miss: 24784206, miss ratio: 0.9532, disk write 71847284736 + 0 (3.4239)
23:29:51: INFO [flashield.py:170 (root)]: 	w02.oracleGeneral.bin-0.1-FIFO-True n_req: 27000000, n_miss: 25720475, miss ratio: 0.9526, disk write 71847284736 + 0 (3.4239)
23:31:29: INFO [flashield.py:170 (root)]: 	w02.oracleGeneral.bin-0.1-FIFO-True n_req: 28000000, n_miss: 26665112, miss ratio: 0.9523, disk write 71847284736 + 0 (3.4239)
23:33:09: INFO [flashield.py:170 (root)]: 	w02.oracleGeneral.bin-0.1-FIFO-True n_req: 29000000, n_miss: 27619395, miss ratio: 0.9524, disk write 71847284736 + 0 (3.4239)
23:34:49: INFO [flashield.py:170 (root)]: 	w02.oracleGeneral.bin-0.1-FIFO-True n_req: 30000000, n_miss: 28573147, miss ratio: 0.9524, disk write 71847284736 + 0 (3.4239)
23:36:28: INFO [flashield.py:170 (root)]: 	w02.oracleGeneral.bin-0.1-FIFO-True n_req: 31000000, n_miss: 29525788, miss ratio: 0.9524, disk write 71847284736 + 0 (3.4239)
23:38:08: INFO [flashield.py:170 (root)]: 	w02.oracleGeneral.bin-0.1-FIFO-True n_req: 32000000, n_miss: 30479294, miss ratio: 0.9525, disk write 71847284736 + 0 (3.4239)
23:39:48: INFO [flashield.py:170 (root)]: 	w02.oracleGeneral.bin-0.1-FIFO-True n_req: 33000000, n_miss: 31436055, miss ratio: 0.9526, disk write 71847284736 + 0 (3.4239)
23:41:28: INFO [flashield.py:170 (root)]: 	w02.oracleGeneral.bin-0.1-FIFO-True n_req: 34000000, n_miss: 32388916, miss ratio: 0.9526, disk write 71847284736 + 0 (3.4239)
23:43:08: INFO [flashield.py:170 (root)]: 	w02.oracleGeneral.bin-0.1-FIFO-True n_req: 35000000, n_miss: 33346027, miss ratio: 0.9527, disk write 71847284736 + 0 (3.4239)
23:44:48: INFO [flashield.py:170 (root)]: 	w02.oracleGeneral.bin-0.1-FIFO-True n_req: 36000000, n_miss: 34299927, miss ratio: 0.9528, disk write 71847284736 + 0 (3.4239)
23:46:24: INFO [flashield.py:170 (root)]: 	w02.oracleGeneral.bin-0.1-FIFO-True n_req: 37000000, n_miss: 35215013, miss ratio: 0.9518, disk write 71847284736 + 0 (3.4239)
23:48:04: INFO [flashield.py:170 (root)]: 	w02.oracleGeneral.bin-0.1-FIFO-True n_req: 38000000, n_miss: 36168136, miss ratio: 0.9518, disk write 71847284736 + 0 (3.4239)
23:49:44: INFO [flashield.py:170 (root)]: 	w02.oracleGeneral.bin-0.1-FIFO-True n_req: 39000000, n_miss: 37126332, miss ratio: 0.9520, disk write 71847284736 + 0 (3.4239)
23:51:24: INFO [flashield.py:170 (root)]: 	w02.oracleGeneral.bin-0.1-FIFO-True n_req: 40000000, n_miss: 38078950, miss ratio: 0.9520, disk write 71847284736 + 0 (3.4239)
23:53:03: INFO [flashield.py:170 (root)]: 	w02.oracleGeneral.bin-0.1-FIFO-True n_req: 41000000, n_miss: 39032858, miss ratio: 0.9520, disk write 71847284736 + 0 (3.4239)
23:54:42: INFO [flashield.py:170 (root)]: 	w02.oracleGeneral.bin-0.1-FIFO-True n_req: 42000000, n_miss: 39977202, miss ratio: 0.9518, disk write 71847284736 + 0 (3.4239)
23:56:21: INFO [flashield.py:170 (root)]: 	w02.oracleGeneral.bin-0.1-FIFO-True n_req: 43000000, n_miss: 40926670, miss ratio: 0.9518, disk write 71847284736 + 0 (3.4239)
23:58:01: INFO [flashield.py:170 (root)]: 	w02.oracleGeneral.bin-0.1-FIFO-True n_req: 44000000, n_miss: 41883587, miss ratio: 0.9519, disk write 71847284736 + 0 (3.4239)
23:59:40: INFO [flashield.py:170 (root)]: 	w02.oracleGeneral.bin-0.1-FIFO-True n_req: 45000000, n_miss: 42836810, miss ratio: 0.9519, disk write 71847284736 + 0 (3.4239)
00:01:18: INFO [flashield.py:170 (root)]: 	w02.oracleGeneral.bin-0.1-FIFO-True n_req: 46000000, n_miss: 43784017, miss ratio: 0.9518, disk write 71847284736 + 0 (3.4239)
00:02:57: INFO [flashield.py:170 (root)]: 	w02.oracleGeneral.bin-0.1-FIFO-True n_req: 47000000, n_miss: 44731982, miss ratio: 0.9517, disk write 71847284736 + 0 (3.4239)
00:04:36: INFO [flashield.py:170 (root)]: 	w02.oracleGeneral.bin-0.1-FIFO-True n_req: 48000000, n_miss: 45679494, miss ratio: 0.9517, disk write 71847284736 + 0 (3.4239)
00:06:16: INFO [flashield.py:170 (root)]: 	w02.oracleGeneral.bin-0.1-FIFO-True n_req: 49000000, n_miss: 46636525, miss ratio: 0.9518, disk write 71847284736 + 0 (3.4239)
00:07:55: INFO [flashield.py:170 (root)]: 	w02.oracleGeneral.bin-0.1-FIFO-True n_req: 50000000, n_miss: 47591667, miss ratio: 0.9518, disk write 71847284736 + 0 (3.4239)
00:09:34: INFO [flashield.py:170 (root)]: 	w02.oracleGeneral.bin-0.1-FIFO-True n_req: 51000000, n_miss: 48546311, miss ratio: 0.9519, disk write 71847284736 + 0 (3.4239)
00:11:13: INFO [flashield.py:170 (root)]: 	w02.oracleGeneral.bin-0.1-FIFO-True n_req: 52000000, n_miss: 49498781, miss ratio: 0.9519, disk write 71847284736 + 0 (3.4239)
00:12:52: INFO [flashield.py:170 (root)]: 	w02.oracleGeneral.bin-0.1-FIFO-True n_req: 53000000, n_miss: 50451562, miss ratio: 0.9519, disk write 71847284736 + 0 (3.4239)
00:14:31: INFO [flashield.py:170 (root)]: 	w02.oracleGeneral.bin-0.1-FIFO-True n_req: 54000000, n_miss: 51408716, miss ratio: 0.9520, disk write 71847284736 + 0 (3.4239)
00:16:11: INFO [flashield.py:170 (root)]: 	w02.oracleGeneral.bin-0.1-FIFO-True n_req: 55000000, n_miss: 52363224, miss ratio: 0.9521, disk write 71847284736 + 0 (3.4239)
00:17:47: INFO [flashield.py:170 (root)]: 	w02.oracleGeneral.bin-0.1-FIFO-True n_req: 56000000, n_miss: 53286025, miss ratio: 0.9515, disk write 71847284736 + 0 (3.4239)
00:19:26: INFO [flashield.py:170 (root)]: 	w02.oracleGeneral.bin-0.1-FIFO-True n_req: 57000000, n_miss: 54237894, miss ratio: 0.9515, disk write 71847284736 + 0 (3.4239)
00:21:05: INFO [flashield.py:170 (root)]: 	w02.oracleGeneral.bin-0.1-FIFO-True n_req: 58000000, n_miss: 55189825, miss ratio: 0.9515, disk write 71847284736 + 0 (3.4239)
00:22:45: INFO [flashield.py:170 (root)]: 	w02.oracleGeneral.bin-0.1-FIFO-True n_req: 59000000, n_miss: 56145592, miss ratio: 0.9516, disk write 71847284736 + 0 (3.4239)
00:24:24: INFO [flashield.py:170 (root)]: 	w02.oracleGeneral.bin-0.1-FIFO-True n_req: 60000000, n_miss: 57100791, miss ratio: 0.9517, disk write 71847284736 + 0 (3.4239)
00:26:02: INFO [flashield.py:170 (root)]: 	w02.oracleGeneral.bin-0.1-FIFO-True n_req: 61000000, n_miss: 58047864, miss ratio: 0.9516, disk write 71847284736 + 0 (3.4239)
00:27:41: INFO [flashield.py:170 (root)]: 	w02.oracleGeneral.bin-0.1-FIFO-True n_req: 62000000, n_miss: 58997580, miss ratio: 0.9516, disk write 71847284736 + 0 (3.4239)
00:29:21: INFO [flashield.py:170 (root)]: 	w02.oracleGeneral.bin-0.1-FIFO-True n_req: 63000000, n_miss: 59951476, miss ratio: 0.9516, disk write 71847284736 + 0 (3.4239)
00:31:00: INFO [flashield.py:170 (root)]: 	w02.oracleGeneral.bin-0.1-FIFO-True n_req: 64000000, n_miss: 60907879, miss ratio: 0.9517, disk write 71847284736 + 0 (3.4239)
00:32:39: INFO [flashield.py:170 (root)]: 	w02.oracleGeneral.bin-0.1-FIFO-True n_req: 65000000, n_miss: 61861451, miss ratio: 0.9517, disk write 71847284736 + 0 (3.4239)
00:34:17: INFO [flashield.py:170 (root)]: 	w02.oracleGeneral.bin-0.1-FIFO-True n_req: 66000000, n_miss: 62800410, miss ratio: 0.9515, disk write 71847284736 + 0 (3.4239)
00:35:56: INFO [flashield.py:170 (root)]: 	w02.oracleGeneral.bin-0.1-FIFO-True n_req: 67000000, n_miss: 63749024, miss ratio: 0.9515, disk write 71847284736 + 0 (3.4239)
00:37:35: INFO [flashield.py:170 (root)]: 	w02.oracleGeneral.bin-0.1-FIFO-True n_req: 68000000, n_miss: 64702867, miss ratio: 0.9515, disk write 71847284736 + 0 (3.4239)
00:39:15: INFO [flashield.py:170 (root)]: 	w02.oracleGeneral.bin-0.1-FIFO-True n_req: 69000000, n_miss: 65656256, miss ratio: 0.9515, disk write 71847284736 + 0 (3.4239)
00:40:55: INFO [flashield.py:170 (root)]: 	w02.oracleGeneral.bin-0.1-FIFO-True n_req: 70000000, n_miss: 66613075, miss ratio: 0.9516, disk write 71847284736 + 0 (3.4239)
00:42:34: INFO [flashield.py:170 (root)]: 	w02.oracleGeneral.bin-0.1-FIFO-True n_req: 71000000, n_miss: 67564621, miss ratio: 0.9516, disk write 71847284736 + 0 (3.4239)
00:44:13: INFO [flashield.py:170 (root)]: 	w02.oracleGeneral.bin-0.1-FIFO-True n_req: 72000000, n_miss: 68517039, miss ratio: 0.9516, disk write 71847284736 + 0 (3.4239)
00:45:53: INFO [flashield.py:170 (root)]: 	w02.oracleGeneral.bin-0.1-FIFO-True n_req: 73000000, n_miss: 69474192, miss ratio: 0.9517, disk write 71847284736 + 0 (3.4239)
00:47:32: INFO [flashield.py:170 (root)]: 	w02.oracleGeneral.bin-0.1-FIFO-True n_req: 74000000, n_miss: 70429922, miss ratio: 0.9518, disk write 71847284736 + 0 (3.4239)
00:49:10: INFO [flashield.py:170 (root)]: 	w02.oracleGeneral.bin-0.1-FIFO-True n_req: 75000000, n_miss: 71371811, miss ratio: 0.9516, disk write 71847284736 + 0 (3.4239)
00:50:47: INFO [flashield.py:170 (root)]: 	w02.oracleGeneral.bin-0.1-FIFO-True n_req: 76000000, n_miss: 72299382, miss ratio: 0.9513, disk write 71847284736 + 0 (3.4239)
00:52:27: INFO [flashield.py:170 (root)]: 	w02.oracleGeneral.bin-0.1-FIFO-True n_req: 77000000, n_miss: 73250865, miss ratio: 0.9513, disk write 71847284736 + 0 (3.4239)
00:54:07: INFO [flashield.py:170 (root)]: 	w02.oracleGeneral.bin-0.1-FIFO-True n_req: 78000000, n_miss: 74209402, miss ratio: 0.9514, disk write 71847284736 + 0 (3.4239)
00:55:46: INFO [flashield.py:170 (root)]: 	w02.oracleGeneral.bin-0.1-FIFO-True n_req: 79000000, n_miss: 75161003, miss ratio: 0.9514, disk write 71847284736 + 0 (3.4239)
00:57:25: INFO [flashield.py:170 (root)]: 	w02.oracleGeneral.bin-0.1-FIFO-True n_req: 80000000, n_miss: 76116545, miss ratio: 0.9515, disk write 71847284736 + 0 (3.4239)
00:59:04: INFO [flashield.py:170 (root)]: 	w02.oracleGeneral.bin-0.1-FIFO-True n_req: 81000000, n_miss: 77064545, miss ratio: 0.9514, disk write 71847284736 + 0 (3.4239)
01:00:43: INFO [flashield.py:170 (root)]: 	w02.oracleGeneral.bin-0.1-FIFO-True n_req: 82000000, n_miss: 78011808, miss ratio: 0.9514, disk write 71847284736 + 0 (3.4239)
01:02:22: INFO [flashield.py:170 (root)]: 	w02.oracleGeneral.bin-0.1-FIFO-True n_req: 83000000, n_miss: 78965344, miss ratio: 0.9514, disk write 71847284736 + 0 (3.4239)
01:04:01: INFO [flashield.py:170 (root)]: 	w02.oracleGeneral.bin-0.1-FIFO-True n_req: 84000000, n_miss: 79908944, miss ratio: 0.9513, disk write 71847284736 + 0 (3.4239)
01:05:40: INFO [flashield.py:170 (root)]: 	w02.oracleGeneral.bin-0.1-FIFO-True n_req: 85000000, n_miss: 80859263, miss ratio: 0.9513, disk write 71847284736 + 0 (3.4239)
01:07:19: INFO [flashield.py:170 (root)]: 	w02.oracleGeneral.bin-0.1-FIFO-True n_req: 86000000, n_miss: 81814902, miss ratio: 0.9513, disk write 71847284736 + 0 (3.4239)
01:08:58: INFO [flashield.py:170 (root)]: 	w02.oracleGeneral.bin-0.1-FIFO-True n_req: 87000000, n_miss: 82766367, miss ratio: 0.9513, disk write 71847284736 + 0 (3.4239)
01:10:38: INFO [flashield.py:170 (root)]: 	w02.oracleGeneral.bin-0.1-FIFO-True n_req: 88000000, n_miss: 83722185, miss ratio: 0.9514, disk write 71847284736 + 0 (3.4239)
01:12:17: INFO [flashield.py:170 (root)]: 	w02.oracleGeneral.bin-0.1-FIFO-True n_req: 89000000, n_miss: 84677227, miss ratio: 0.9514, disk write 71847284736 + 0 (3.4239)
01:13:57: INFO [flashield.py:170 (root)]: 	w02.oracleGeneral.bin-0.1-FIFO-True n_req: 90000000, n_miss: 85633692, miss ratio: 0.9515, disk write 71847284736 + 0 (3.4239)
01:15:36: INFO [flashield.py:170 (root)]: 	w02.oracleGeneral.bin-0.1-FIFO-True n_req: 91000000, n_miss: 86584621, miss ratio: 0.9515, disk write 71847284736 + 0 (3.4239)
01:17:16: INFO [flashield.py:170 (root)]: 	w02.oracleGeneral.bin-0.1-FIFO-True n_req: 92000000, n_miss: 87542748, miss ratio: 0.9516, disk write 71847284736 + 0 (3.4239)
01:18:55: INFO [flashield.py:170 (root)]: 	w02.oracleGeneral.bin-0.1-FIFO-True n_req: 93000000, n_miss: 88500756, miss ratio: 0.9516, disk write 71847284736 + 0 (3.4239)
01:20:34: INFO [flashield.py:170 (root)]: 	w02.oracleGeneral.bin-0.1-FIFO-True n_req: 94000000, n_miss: 89454113, miss ratio: 0.9516, disk write 71847284736 + 0 (3.4239)
01:22:10: INFO [flashield.py:170 (root)]: 	w02.oracleGeneral.bin-0.1-FIFO-True n_req: 95000000, n_miss: 90376281, miss ratio: 0.9513, disk write 71847284736 + 0 (3.4239)
01:23:49: INFO [flashield.py:170 (root)]: 	w02.oracleGeneral.bin-0.1-FIFO-True n_req: 96000000, n_miss: 91325249, miss ratio: 0.9513, disk write 71847284736 + 0 (3.4239)
01:25:29: INFO [flashield.py:170 (root)]: 	w02.oracleGeneral.bin-0.1-FIFO-True n_req: 97000000, n_miss: 92280033, miss ratio: 0.9513, disk write 71847284736 + 0 (3.4239)
01:27:07: INFO [flashield.py:170 (root)]: 	w02.oracleGeneral.bin-0.1-FIFO-True n_req: 98000000, n_miss: 93230930, miss ratio: 0.9513, disk write 71847284736 + 0 (3.4239)
01:28:46: INFO [flashield.py:170 (root)]: 	w02.oracleGeneral.bin-0.1-FIFO-True n_req: 99000000, n_miss: 94176535, miss ratio: 0.9513, disk write 71847284736 + 0 (3.4239)
01:30:25: INFO [flashield.py:170 (root)]: 	w02.oracleGeneral.bin-0.1-FIFO-True n_req: 100000000, n_miss: 95124517, miss ratio: 0.9512, disk write 71847284736 + 0 (3.4239)
01:32:04: INFO [flashield.py:170 (root)]: 	w02.oracleGeneral.bin-0.1-FIFO-True n_req: 101000000, n_miss: 96079457, miss ratio: 0.9513, disk write 71847284736 + 0 (3.4239)
01:33:44: INFO [flashield.py:170 (root)]: 	w02.oracleGeneral.bin-0.1-FIFO-True n_req: 102000000, n_miss: 97036471, miss ratio: 0.9513, disk write 71847284736 + 0 (3.4239)
01:35:21: INFO [flashield.py:170 (root)]: 	w02.oracleGeneral.bin-0.1-FIFO-True n_req: 103000000, n_miss: 97973062, miss ratio: 0.9512, disk write 71847284736 + 0 (3.4239)
01:37:01: INFO [flashield.py:170 (root)]: 	w02.oracleGeneral.bin-0.1-FIFO-True n_req: 104000000, n_miss: 98927382, miss ratio: 0.9512, disk write 71847284736 + 0 (3.4239)
01:38:40: INFO [flashield.py:170 (root)]: 	w02.oracleGeneral.bin-0.1-FIFO-True n_req: 105000000, n_miss: 99882548, miss ratio: 0.9513, disk write 71847284736 + 0 (3.4239)
01:40:19: INFO [flashield.py:170 (root)]: 	w02.oracleGeneral.bin-0.1-FIFO-True n_req: 106000000, n_miss: 100830655, miss ratio: 0.9512, disk write 71847284736 + 0 (3.4239)
01:41:58: INFO [flashield.py:170 (root)]: 	w02.oracleGeneral.bin-0.1-FIFO-True n_req: 107000000, n_miss: 101786789, miss ratio: 0.9513, disk write 71847284736 + 0 (3.4239)
01:43:38: INFO [flashield.py:170 (root)]: 	w02.oracleGeneral.bin-0.1-FIFO-True n_req: 108000000, n_miss: 102745256, miss ratio: 0.9513, disk write 71847284736 + 0 (3.4239)
01:45:18: INFO [flashield.py:170 (root)]: 	w02.oracleGeneral.bin-0.1-FIFO-True n_req: 109000000, n_miss: 103699604, miss ratio: 0.9514, disk write 71847284736 + 0 (3.4239)
01:46:57: INFO [flashield.py:170 (root)]: 	w02.oracleGeneral.bin-0.1-FIFO-True n_req: 110000000, n_miss: 104653183, miss ratio: 0.9514, disk write 71847284736 + 0 (3.4239)
01:48:37: INFO [flashield.py:170 (root)]: 	w02.oracleGeneral.bin-0.1-FIFO-True n_req: 111000000, n_miss: 105607160, miss ratio: 0.9514, disk write 71847284736 + 0 (3.4239)
01:50:16: INFO [flashield.py:170 (root)]: 	w02.oracleGeneral.bin-0.1-FIFO-True n_req: 112000000, n_miss: 106564316, miss ratio: 0.9515, disk write 71847284736 + 0 (3.4239)
01:51:55: INFO [flashield.py:170 (root)]: 	w02.oracleGeneral.bin-0.1-FIFO-True n_req: 113000000, n_miss: 107516068, miss ratio: 0.9515, disk write 71847284736 + 0 (3.4239)
01:53:31: INFO [flashield.py:170 (root)]: 	w02.oracleGeneral.bin-0.1-FIFO-True n_req: 114000000, n_miss: 108435370, miss ratio: 0.9512, disk write 71847284736 + 0 (3.4239)
01:55:10: INFO [flashield.py:170 (root)]: 	w02.oracleGeneral.bin-0.1-FIFO-True n_req: 115000000, n_miss: 109390560, miss ratio: 0.9512, disk write 71847284736 + 0 (3.4239)
01:56:50: INFO [flashield.py:170 (root)]: 	w02.oracleGeneral.bin-0.1-FIFO-True n_req: 116000000, n_miss: 110348551, miss ratio: 0.9513, disk write 71847284736 + 0 (3.4239)
01:58:29: INFO [flashield.py:170 (root)]: 	w02.oracleGeneral.bin-0.1-FIFO-True n_req: 117000000, n_miss: 111302929, miss ratio: 0.9513, disk write 71847284736 + 0 (3.4239)
02:00:09: INFO [flashield.py:170 (root)]: 	w02.oracleGeneral.bin-0.1-FIFO-True n_req: 118000000, n_miss: 112259699, miss ratio: 0.9514, disk write 71847284736 + 0 (3.4239)
02:01:47: INFO [flashield.py:170 (root)]: 	w02.oracleGeneral.bin-0.1-FIFO-True n_req: 119000000, n_miss: 113203631, miss ratio: 0.9513, disk write 71847284736 + 0 (3.4239)
02:03:25: INFO [flashield.py:170 (root)]: 	w02.oracleGeneral.bin-0.1-FIFO-True n_req: 120000000, n_miss: 114152098, miss ratio: 0.9513, disk write 71847284736 + 0 (3.4239)
02:05:04: INFO [flashield.py:170 (root)]: 	w02.oracleGeneral.bin-0.1-FIFO-True n_req: 121000000, n_miss: 115092791, miss ratio: 0.9512, disk write 71847284736 + 0 (3.4239)
02:06:43: INFO [flashield.py:170 (root)]: 	w02.oracleGeneral.bin-0.1-FIFO-True n_req: 122000000, n_miss: 116044137, miss ratio: 0.9512, disk write 71847284736 + 0 (3.4239)
02:07:00: INFO [flashield.py:182 (root)]: 	w02.oracleGeneral.bin-0.1-FIFO-True n_req: 122181000, n_miss: 116216943, miss ratio: 0.9512, disk write 71847284736 + 0 (3.4239)
