22:46:38: INFO [flashield.py:220 (root)]: 	calculating wss for w03.oracleGeneral.bin
22:47:42: INFO [flashield.py:228 (root)]: 	w03.oracleGeneral.bin wss_obj: 27852385, wss_byte: 1919037793280
22:47:42: INFO [cache.py:19 (cache)]: 	create Flashield cache with size 19190377932
22:47:42: INFO [cache.py:19 (cache)]: 	create LRU cache with size 1919037793
22:47:42: INFO [cache.py:19 (cache)]: 	create FIFO cache with size 17271340139
22:47:45: INFO [flashield.py:170 (root)]: 	w03.oracleGeneral.bin-0.1-FIFO-True n_req: 1000000, n_miss: 567869, miss ratio: 0.5679, disk write 57351776768 + 0 (0.0299)
22:47:46: INFO [flashield.py:37 (root)]: 	w03.oracleGeneral.bin Training Flashield...
22:47:46: INFO [flashield.py:42 (root)]: 	w03.oracleGeneral.bin Training Flashield: 424437 features 424437 labels ...
22:47:46: INFO [flashield.py:55 (root)]: 	w03.oracleGeneral.bin finish training
22:48:19: INFO [flashield.py:170 (root)]: 	w03.oracleGeneral.bin-0.1-FIFO-True n_req: 2000000, n_miss: 1154339, miss ratio: 0.5772, disk write 88809605632 + 0 (0.0463)
22:49:28: INFO [flashield.py:170 (root)]: 	w03.oracleGeneral.bin-0.1-FIFO-True n_req: 3000000, n_miss: 1786358, miss ratio: 0.5955, disk write 88809605632 + 0 (0.0463)
22:50:42: INFO [flashield.py:170 (root)]: 	w03.oracleGeneral.bin-0.1-FIFO-True n_req: 4000000, n_miss: 2467157, miss ratio: 0.6168, disk write 88809605632 + 0 (0.0463)
22:51:58: INFO [flashield.py:170 (root)]: 	w03.oracleGeneral.bin-0.1-FIFO-True n_req: 5000000, n_miss: 3163453, miss ratio: 0.6327, disk write 88809605632 + 0 (0.0463)
22:53:18: INFO [flashield.py:170 (root)]: 	w03.oracleGeneral.bin-0.1-FIFO-True n_req: 6000000, n_miss: 3903860, miss ratio: 0.6506, disk write 88809605632 + 0 (0.0463)
22:54:33: INFO [flashield.py:170 (root)]: 	w03.oracleGeneral.bin-0.1-FIFO-True n_req: 7000000, n_miss: 4595678, miss ratio: 0.6565, disk write 88809605632 + 0 (0.0463)
22:55:42: INFO [flashield.py:170 (root)]: 	w03.oracleGeneral.bin-0.1-FIFO-True n_req: 8000000, n_miss: 5235827, miss ratio: 0.6545, disk write 88809605632 + 0 (0.0463)
22:56:50: INFO [flashield.py:170 (root)]: 	w03.oracleGeneral.bin-0.1-FIFO-True n_req: 9000000, n_miss: 5853907, miss ratio: 0.6504, disk write 88809605632 + 0 (0.0463)
22:57:48: INFO [flashield.py:170 (root)]: 	w03.oracleGeneral.bin-0.1-FIFO-True n_req: 10000000, n_miss: 6400683, miss ratio: 0.6401, disk write 88809605632 + 0 (0.0463)
22:58:41: INFO [flashield.py:170 (root)]: 	w03.oracleGeneral.bin-0.1-FIFO-True n_req: 11000000, n_miss: 6882066, miss ratio: 0.6256, disk write 88809605632 + 0 (0.0463)
22:59:34: INFO [flashield.py:170 (root)]: 	w03.oracleGeneral.bin-0.1-FIFO-True n_req: 12000000, n_miss: 7366022, miss ratio: 0.6138, disk write 88809605632 + 0 (0.0463)
23:00:27: INFO [flashield.py:170 (root)]: 	w03.oracleGeneral.bin-0.1-FIFO-True n_req: 13000000, n_miss: 7844408, miss ratio: 0.6034, disk write 88809605632 + 0 (0.0463)
23:01:18: INFO [flashield.py:170 (root)]: 	w03.oracleGeneral.bin-0.1-FIFO-True n_req: 14000000, n_miss: 8320572, miss ratio: 0.5943, disk write 88809605632 + 0 (0.0463)
23:02:17: INFO [flashield.py:170 (root)]: 	w03.oracleGeneral.bin-0.1-FIFO-True n_req: 15000000, n_miss: 8841145, miss ratio: 0.5894, disk write 88809605632 + 0 (0.0463)
23:03:33: INFO [flashield.py:170 (root)]: 	w03.oracleGeneral.bin-0.1-FIFO-True n_req: 16000000, n_miss: 9548789, miss ratio: 0.5968, disk write 88809605632 + 0 (0.0463)
23:04:47: INFO [flashield.py:170 (root)]: 	w03.oracleGeneral.bin-0.1-FIFO-True n_req: 17000000, n_miss: 10218396, miss ratio: 0.6011, disk write 88809605632 + 0 (0.0463)
23:06:00: INFO [flashield.py:170 (root)]: 	w03.oracleGeneral.bin-0.1-FIFO-True n_req: 18000000, n_miss: 10898821, miss ratio: 0.6055, disk write 88809605632 + 0 (0.0463)
23:07:09: INFO [flashield.py:170 (root)]: 	w03.oracleGeneral.bin-0.1-FIFO-True n_req: 19000000, n_miss: 11528978, miss ratio: 0.6068, disk write 88809605632 + 0 (0.0463)
23:08:17: INFO [flashield.py:170 (root)]: 	w03.oracleGeneral.bin-0.1-FIFO-True n_req: 20000000, n_miss: 12152840, miss ratio: 0.6076, disk write 88809605632 + 0 (0.0463)
23:09:27: INFO [flashield.py:170 (root)]: 	w03.oracleGeneral.bin-0.1-FIFO-True n_req: 21000000, n_miss: 12787401, miss ratio: 0.6089, disk write 88809605632 + 0 (0.0463)
23:10:30: INFO [flashield.py:170 (root)]: 	w03.oracleGeneral.bin-0.1-FIFO-True n_req: 22000000, n_miss: 13353229, miss ratio: 0.6070, disk write 88809605632 + 0 (0.0463)
23:11:33: INFO [flashield.py:170 (root)]: 	w03.oracleGeneral.bin-0.1-FIFO-True n_req: 23000000, n_miss: 13930464, miss ratio: 0.6057, disk write 88809605632 + 0 (0.0463)
23:12:36: INFO [flashield.py:170 (root)]: 	w03.oracleGeneral.bin-0.1-FIFO-True n_req: 24000000, n_miss: 14493965, miss ratio: 0.6039, disk write 88809605632 + 0 (0.0463)
23:13:40: INFO [flashield.py:170 (root)]: 	w03.oracleGeneral.bin-0.1-FIFO-True n_req: 25000000, n_miss: 15073095, miss ratio: 0.6029, disk write 88809605632 + 0 (0.0463)
23:14:49: INFO [flashield.py:170 (root)]: 	w03.oracleGeneral.bin-0.1-FIFO-True n_req: 26000000, n_miss: 15698644, miss ratio: 0.6038, disk write 88809605632 + 0 (0.0463)
23:16:18: INFO [flashield.py:170 (root)]: 	w03.oracleGeneral.bin-0.1-FIFO-True n_req: 27000000, n_miss: 16510291, miss ratio: 0.6115, disk write 88809605632 + 0 (0.0463)
23:17:47: INFO [flashield.py:170 (root)]: 	w03.oracleGeneral.bin-0.1-FIFO-True n_req: 28000000, n_miss: 17325558, miss ratio: 0.6188, disk write 88809605632 + 0 (0.0463)
23:19:22: INFO [flashield.py:170 (root)]: 	w03.oracleGeneral.bin-0.1-FIFO-True n_req: 29000000, n_miss: 18190402, miss ratio: 0.6273, disk write 88809605632 + 0 (0.0463)
23:20:58: INFO [flashield.py:170 (root)]: 	w03.oracleGeneral.bin-0.1-FIFO-True n_req: 30000000, n_miss: 19066444, miss ratio: 0.6355, disk write 88809605632 + 0 (0.0463)
23:22:32: INFO [flashield.py:170 (root)]: 	w03.oracleGeneral.bin-0.1-FIFO-True n_req: 31000000, n_miss: 19929495, miss ratio: 0.6429, disk write 88809605632 + 0 (0.0463)
23:24:13: INFO [flashield.py:170 (root)]: 	w03.oracleGeneral.bin-0.1-FIFO-True n_req: 32000000, n_miss: 20857423, miss ratio: 0.6518, disk write 88809605632 + 0 (0.0463)
23:25:54: INFO [flashield.py:170 (root)]: 	w03.oracleGeneral.bin-0.1-FIFO-True n_req: 33000000, n_miss: 21776246, miss ratio: 0.6599, disk write 88809605632 + 0 (0.0463)
23:27:34: INFO [flashield.py:170 (root)]: 	w03.oracleGeneral.bin-0.1-FIFO-True n_req: 34000000, n_miss: 22694592, miss ratio: 0.6675, disk write 88809605632 + 0 (0.0463)
23:29:15: INFO [flashield.py:170 (root)]: 	w03.oracleGeneral.bin-0.1-FIFO-True n_req: 35000000, n_miss: 23611494, miss ratio: 0.6746, disk write 88809605632 + 0 (0.0463)
23:30:52: INFO [flashield.py:170 (root)]: 	w03.oracleGeneral.bin-0.1-FIFO-True n_req: 36000000, n_miss: 24523282, miss ratio: 0.6812, disk write 88809605632 + 0 (0.0463)
23:32:32: INFO [flashield.py:170 (root)]: 	w03.oracleGeneral.bin-0.1-FIFO-True n_req: 37000000, n_miss: 25444381, miss ratio: 0.6877, disk write 88809605632 + 0 (0.0463)
23:34:14: INFO [flashield.py:170 (root)]: 	w03.oracleGeneral.bin-0.1-FIFO-True n_req: 38000000, n_miss: 26372516, miss ratio: 0.6940, disk write 88809605632 + 0 (0.0463)
23:35:56: INFO [flashield.py:170 (root)]: 	w03.oracleGeneral.bin-0.1-FIFO-True n_req: 39000000, n_miss: 27302285, miss ratio: 0.7001, disk write 88809605632 + 0 (0.0463)
23:37:39: INFO [flashield.py:170 (root)]: 	w03.oracleGeneral.bin-0.1-FIFO-True n_req: 40000000, n_miss: 28238215, miss ratio: 0.7060, disk write 88809605632 + 0 (0.0463)
23:39:19: INFO [flashield.py:170 (root)]: 	w03.oracleGeneral.bin-0.1-FIFO-True n_req: 41000000, n_miss: 29157951, miss ratio: 0.7112, disk write 88809605632 + 0 (0.0463)
23:41:03: INFO [flashield.py:170 (root)]: 	w03.oracleGeneral.bin-0.1-FIFO-True n_req: 42000000, n_miss: 30108410, miss ratio: 0.7169, disk write 88809605632 + 0 (0.0463)
23:42:46: INFO [flashield.py:170 (root)]: 	w03.oracleGeneral.bin-0.1-FIFO-True n_req: 43000000, n_miss: 31045986, miss ratio: 0.7220, disk write 88809605632 + 0 (0.0463)
23:44:20: INFO [flashield.py:170 (root)]: 	w03.oracleGeneral.bin-0.1-FIFO-True n_req: 44000000, n_miss: 31971822, miss ratio: 0.7266, disk write 88809605632 + 0 (0.0463)
23:45:49: INFO [flashield.py:170 (root)]: 	w03.oracleGeneral.bin-0.1-FIFO-True n_req: 45000000, n_miss: 32874081, miss ratio: 0.7305, disk write 88809605632 + 0 (0.0463)
23:46:53: INFO [flashield.py:170 (root)]: 	w03.oracleGeneral.bin-0.1-FIFO-True n_req: 46000000, n_miss: 33346785, miss ratio: 0.7249, disk write 88809605632 + 0 (0.0463)
23:47:33: INFO [flashield.py:170 (root)]: 	w03.oracleGeneral.bin-0.1-FIFO-True n_req: 47000000, n_miss: 33715917, miss ratio: 0.7174, disk write 88809605632 + 0 (0.0463)
23:48:26: INFO [flashield.py:170 (root)]: 	w03.oracleGeneral.bin-0.1-FIFO-True n_req: 48000000, n_miss: 34196013, miss ratio: 0.7124, disk write 88809605632 + 0 (0.0463)
23:49:45: INFO [flashield.py:170 (root)]: 	w03.oracleGeneral.bin-0.1-FIFO-True n_req: 49000000, n_miss: 34891688, miss ratio: 0.7121, disk write 88809605632 + 0 (0.0463)
23:51:17: INFO [flashield.py:170 (root)]: 	w03.oracleGeneral.bin-0.1-FIFO-True n_req: 50000000, n_miss: 35731496, miss ratio: 0.7146, disk write 88809605632 + 0 (0.0463)
23:52:42: INFO [flashield.py:170 (root)]: 	w03.oracleGeneral.bin-0.1-FIFO-True n_req: 51000000, n_miss: 36505229, miss ratio: 0.7158, disk write 88809605632 + 0 (0.0463)
23:53:55: INFO [flashield.py:170 (root)]: 	w03.oracleGeneral.bin-0.1-FIFO-True n_req: 52000000, n_miss: 37195080, miss ratio: 0.7153, disk write 88809605632 + 0 (0.0463)
23:54:48: INFO [flashield.py:170 (root)]: 	w03.oracleGeneral.bin-0.1-FIFO-True n_req: 53000000, n_miss: 37672341, miss ratio: 0.7108, disk write 88809605632 + 0 (0.0463)
23:55:41: INFO [flashield.py:170 (root)]: 	w03.oracleGeneral.bin-0.1-FIFO-True n_req: 54000000, n_miss: 38157071, miss ratio: 0.7066, disk write 88809605632 + 0 (0.0463)
23:56:52: INFO [flashield.py:170 (root)]: 	w03.oracleGeneral.bin-0.1-FIFO-True n_req: 55000000, n_miss: 38794964, miss ratio: 0.7054, disk write 88809605632 + 0 (0.0463)
23:58:12: INFO [flashield.py:170 (root)]: 	w03.oracleGeneral.bin-0.1-FIFO-True n_req: 56000000, n_miss: 39519742, miss ratio: 0.7057, disk write 88809605632 + 0 (0.0463)
23:59:22: INFO [flashield.py:170 (root)]: 	w03.oracleGeneral.bin-0.1-FIFO-True n_req: 57000000, n_miss: 40159848, miss ratio: 0.7046, disk write 88809605632 + 0 (0.0463)
00:00:35: INFO [flashield.py:170 (root)]: 	w03.oracleGeneral.bin-0.1-FIFO-True n_req: 58000000, n_miss: 40814644, miss ratio: 0.7037, disk write 88809605632 + 0 (0.0463)
00:01:44: INFO [flashield.py:170 (root)]: 	w03.oracleGeneral.bin-0.1-FIFO-True n_req: 59000000, n_miss: 41439965, miss ratio: 0.7024, disk write 88809605632 + 0 (0.0463)
00:02:57: INFO [flashield.py:170 (root)]: 	w03.oracleGeneral.bin-0.1-FIFO-True n_req: 60000000, n_miss: 42099223, miss ratio: 0.7017, disk write 88809605632 + 0 (0.0463)
00:04:12: INFO [flashield.py:170 (root)]: 	w03.oracleGeneral.bin-0.1-FIFO-True n_req: 61000000, n_miss: 42773280, miss ratio: 0.7012, disk write 88809605632 + 0 (0.0463)
00:05:26: INFO [flashield.py:170 (root)]: 	w03.oracleGeneral.bin-0.1-FIFO-True n_req: 62000000, n_miss: 43440917, miss ratio: 0.7007, disk write 88809605632 + 0 (0.0463)
00:06:35: INFO [flashield.py:170 (root)]: 	w03.oracleGeneral.bin-0.1-FIFO-True n_req: 63000000, n_miss: 44065022, miss ratio: 0.6994, disk write 88809605632 + 0 (0.0463)
00:07:44: INFO [flashield.py:170 (root)]: 	w03.oracleGeneral.bin-0.1-FIFO-True n_req: 64000000, n_miss: 44684168, miss ratio: 0.6982, disk write 88809605632 + 0 (0.0463)
00:08:55: INFO [flashield.py:170 (root)]: 	w03.oracleGeneral.bin-0.1-FIFO-True n_req: 65000000, n_miss: 45323318, miss ratio: 0.6973, disk write 88809605632 + 0 (0.0463)
00:10:10: INFO [flashield.py:170 (root)]: 	w03.oracleGeneral.bin-0.1-FIFO-True n_req: 66000000, n_miss: 45997386, miss ratio: 0.6969, disk write 88809605632 + 0 (0.0463)
00:10:58: INFO [flashield.py:170 (root)]: 	w03.oracleGeneral.bin-0.1-FIFO-True n_req: 67000000, n_miss: 46467262, miss ratio: 0.6935, disk write 88809605632 + 0 (0.0463)
00:11:51: INFO [flashield.py:170 (root)]: 	w03.oracleGeneral.bin-0.1-FIFO-True n_req: 68000000, n_miss: 46934148, miss ratio: 0.6902, disk write 88809605632 + 0 (0.0463)
00:12:49: INFO [flashield.py:170 (root)]: 	w03.oracleGeneral.bin-0.1-FIFO-True n_req: 69000000, n_miss: 47464024, miss ratio: 0.6879, disk write 88809605632 + 0 (0.0463)
00:13:45: INFO [flashield.py:170 (root)]: 	w03.oracleGeneral.bin-0.1-FIFO-True n_req: 70000000, n_miss: 47967674, miss ratio: 0.6853, disk write 88809605632 + 0 (0.0463)
00:14:41: INFO [flashield.py:170 (root)]: 	w03.oracleGeneral.bin-0.1-FIFO-True n_req: 71000000, n_miss: 48460111, miss ratio: 0.6825, disk write 88809605632 + 0 (0.0463)
00:15:44: INFO [flashield.py:170 (root)]: 	w03.oracleGeneral.bin-0.1-FIFO-True n_req: 72000000, n_miss: 49021468, miss ratio: 0.6809, disk write 88809605632 + 0 (0.0463)
00:16:53: INFO [flashield.py:170 (root)]: 	w03.oracleGeneral.bin-0.1-FIFO-True n_req: 73000000, n_miss: 49642544, miss ratio: 0.6800, disk write 88809605632 + 0 (0.0463)
00:18:02: INFO [flashield.py:170 (root)]: 	w03.oracleGeneral.bin-0.1-FIFO-True n_req: 74000000, n_miss: 50264976, miss ratio: 0.6793, disk write 88809605632 + 0 (0.0463)
00:19:13: INFO [flashield.py:170 (root)]: 	w03.oracleGeneral.bin-0.1-FIFO-True n_req: 75000000, n_miss: 50902316, miss ratio: 0.6787, disk write 88809605632 + 0 (0.0463)
00:20:24: INFO [flashield.py:170 (root)]: 	w03.oracleGeneral.bin-0.1-FIFO-True n_req: 76000000, n_miss: 51542088, miss ratio: 0.6782, disk write 88809605632 + 0 (0.0463)
00:21:49: INFO [flashield.py:170 (root)]: 	w03.oracleGeneral.bin-0.1-FIFO-True n_req: 77000000, n_miss: 52320807, miss ratio: 0.6795, disk write 88809605632 + 0 (0.0463)
00:23:13: INFO [flashield.py:170 (root)]: 	w03.oracleGeneral.bin-0.1-FIFO-True n_req: 78000000, n_miss: 53082124, miss ratio: 0.6805, disk write 88809605632 + 0 (0.0463)
00:24:28: INFO [flashield.py:170 (root)]: 	w03.oracleGeneral.bin-0.1-FIFO-True n_req: 79000000, n_miss: 53770794, miss ratio: 0.6806, disk write 88809605632 + 0 (0.0463)
00:25:40: INFO [flashield.py:170 (root)]: 	w03.oracleGeneral.bin-0.1-FIFO-True n_req: 80000000, n_miss: 54424261, miss ratio: 0.6803, disk write 88809605632 + 0 (0.0463)
00:26:50: INFO [flashield.py:170 (root)]: 	w03.oracleGeneral.bin-0.1-FIFO-True n_req: 81000000, n_miss: 55046163, miss ratio: 0.6796, disk write 88809605632 + 0 (0.0463)
00:27:51: INFO [flashield.py:170 (root)]: 	w03.oracleGeneral.bin-0.1-FIFO-True n_req: 82000000, n_miss: 55612892, miss ratio: 0.6782, disk write 88809605632 + 0 (0.0463)
00:28:46: INFO [flashield.py:170 (root)]: 	w03.oracleGeneral.bin-0.1-FIFO-True n_req: 83000000, n_miss: 56105021, miss ratio: 0.6760, disk write 88809605632 + 0 (0.0463)
00:29:41: INFO [flashield.py:170 (root)]: 	w03.oracleGeneral.bin-0.1-FIFO-True n_req: 84000000, n_miss: 56596751, miss ratio: 0.6738, disk write 88809605632 + 0 (0.0463)
00:30:20: INFO [flashield.py:182 (root)]: 	w03.oracleGeneral.bin-0.1-FIFO-True n_req: 84712978, n_miss: 56944003, miss ratio: 0.6722, disk write 88809605632 + 0 (0.0463)
