22:46:38: INFO [flashield.py:220 (root)]: 	calculating wss for w04.oracleGeneral.bin
22:47:36: INFO [flashield.py:228 (root)]: 	w04.oracleGeneral.bin wss_obj: 18753381, wss_byte: 1785141273088
22:47:36: INFO [cache.py:19 (cache)]: 	create Flashield cache with size 17851412730
22:47:36: INFO [cache.py:19 (cache)]: 	create LRU cache with size 1785141273
22:47:36: INFO [cache.py:19 (cache)]: 	create FIFO cache with size 16066271457
22:47:38: INFO [flashield.py:170 (root)]: 	w04.oracleGeneral.bin-0.1-FIFO-True n_req: 1000000, n_miss: 459447, miss ratio: 0.4594, disk write 51833256960 + 0 (0.0290)
22:47:40: INFO [flashield.py:37 (root)]: 	w04.oracleGeneral.bin Training Flashield...
22:47:41: INFO [flashield.py:42 (root)]: 	w04.oracleGeneral.bin Training Flashield: 404874 features 404874 labels ...
22:47:41: INFO [flashield.py:55 (root)]: 	w04.oracleGeneral.bin finish training
22:47:49: INFO [flashield.py:170 (root)]: 	w04.oracleGeneral.bin-0.1-FIFO-True n_req: 2000000, n_miss: 916412, miss ratio: 0.4582, disk write 97465750528 + 0 (0.0546)
22:48:37: INFO [flashield.py:170 (root)]: 	w04.oracleGeneral.bin-0.1-FIFO-True n_req: 3000000, n_miss: 1364851, miss ratio: 0.4550, disk write 97465750528 + 0 (0.0546)
22:49:27: INFO [flashield.py:170 (root)]: 	w04.oracleGeneral.bin-0.1-FIFO-True n_req: 4000000, n_miss: 1818827, miss ratio: 0.4547, disk write 97465750528 + 0 (0.0546)
22:50:31: INFO [flashield.py:170 (root)]: 	w04.oracleGeneral.bin-0.1-FIFO-True n_req: 5000000, n_miss: 2404739, miss ratio: 0.4809, disk write 97465750528 + 0 (0.0546)
22:51:37: INFO [flashield.py:170 (root)]: 	w04.oracleGeneral.bin-0.1-FIFO-True n_req: 6000000, n_miss: 3023690, miss ratio: 0.5039, disk write 97465750528 + 0 (0.0546)
22:52:44: INFO [flashield.py:170 (root)]: 	w04.oracleGeneral.bin-0.1-FIFO-True n_req: 7000000, n_miss: 3645533, miss ratio: 0.5208, disk write 97465750528 + 0 (0.0546)
22:53:43: INFO [flashield.py:170 (root)]: 	w04.oracleGeneral.bin-0.1-FIFO-True n_req: 8000000, n_miss: 4185089, miss ratio: 0.5231, disk write 97465750528 + 0 (0.0546)
22:54:30: INFO [flashield.py:170 (root)]: 	w04.oracleGeneral.bin-0.1-FIFO-True n_req: 9000000, n_miss: 4631279, miss ratio: 0.5146, disk write 97465750528 + 0 (0.0546)
22:55:12: INFO [flashield.py:170 (root)]: 	w04.oracleGeneral.bin-0.1-FIFO-True n_req: 10000000, n_miss: 5009466, miss ratio: 0.5009, disk write 97465750528 + 0 (0.0546)
22:55:53: INFO [flashield.py:170 (root)]: 	w04.oracleGeneral.bin-0.1-FIFO-True n_req: 11000000, n_miss: 5383418, miss ratio: 0.4894, disk write 97465750528 + 0 (0.0546)
22:56:34: INFO [flashield.py:170 (root)]: 	w04.oracleGeneral.bin-0.1-FIFO-True n_req: 12000000, n_miss: 5758908, miss ratio: 0.4799, disk write 97465750528 + 0 (0.0546)
22:57:15: INFO [flashield.py:170 (root)]: 	w04.oracleGeneral.bin-0.1-FIFO-True n_req: 13000000, n_miss: 6139926, miss ratio: 0.4723, disk write 97465750528 + 0 (0.0546)
22:57:57: INFO [flashield.py:170 (root)]: 	w04.oracleGeneral.bin-0.1-FIFO-True n_req: 14000000, n_miss: 6520722, miss ratio: 0.4658, disk write 97465750528 + 0 (0.0546)
22:58:37: INFO [flashield.py:170 (root)]: 	w04.oracleGeneral.bin-0.1-FIFO-True n_req: 15000000, n_miss: 6891922, miss ratio: 0.4595, disk write 97465750528 + 0 (0.0546)
22:59:30: INFO [flashield.py:170 (root)]: 	w04.oracleGeneral.bin-0.1-FIFO-True n_req: 16000000, n_miss: 7363034, miss ratio: 0.4602, disk write 97465750528 + 0 (0.0546)
23:00:33: INFO [flashield.py:170 (root)]: 	w04.oracleGeneral.bin-0.1-FIFO-True n_req: 17000000, n_miss: 7939732, miss ratio: 0.4670, disk write 97465750528 + 0 (0.0546)
23:01:40: INFO [flashield.py:170 (root)]: 	w04.oracleGeneral.bin-0.1-FIFO-True n_req: 18000000, n_miss: 8552255, miss ratio: 0.4751, disk write 97465750528 + 0 (0.0546)
23:02:47: INFO [flashield.py:170 (root)]: 	w04.oracleGeneral.bin-0.1-FIFO-True n_req: 19000000, n_miss: 9170081, miss ratio: 0.4826, disk write 97465750528 + 0 (0.0546)
23:03:42: INFO [flashield.py:170 (root)]: 	w04.oracleGeneral.bin-0.1-FIFO-True n_req: 20000000, n_miss: 9697795, miss ratio: 0.4849, disk write 97465750528 + 0 (0.0546)
23:04:23: INFO [flashield.py:170 (root)]: 	w04.oracleGeneral.bin-0.1-FIFO-True n_req: 21000000, n_miss: 10075303, miss ratio: 0.4798, disk write 97465750528 + 0 (0.0546)
23:05:15: INFO [flashield.py:170 (root)]: 	w04.oracleGeneral.bin-0.1-FIFO-True n_req: 22000000, n_miss: 10534534, miss ratio: 0.4788, disk write 97465750528 + 0 (0.0546)
23:06:07: INFO [flashield.py:170 (root)]: 	w04.oracleGeneral.bin-0.1-FIFO-True n_req: 23000000, n_miss: 11013108, miss ratio: 0.4788, disk write 97465750528 + 0 (0.0546)
23:07:05: INFO [flashield.py:170 (root)]: 	w04.oracleGeneral.bin-0.1-FIFO-True n_req: 24000000, n_miss: 11538768, miss ratio: 0.4808, disk write 97465750528 + 0 (0.0546)
23:08:17: INFO [flashield.py:170 (root)]: 	w04.oracleGeneral.bin-0.1-FIFO-True n_req: 25000000, n_miss: 12204116, miss ratio: 0.4882, disk write 97465750528 + 0 (0.0546)
23:09:27: INFO [flashield.py:170 (root)]: 	w04.oracleGeneral.bin-0.1-FIFO-True n_req: 26000000, n_miss: 12845786, miss ratio: 0.4941, disk write 97465750528 + 0 (0.0546)
23:10:36: INFO [flashield.py:170 (root)]: 	w04.oracleGeneral.bin-0.1-FIFO-True n_req: 27000000, n_miss: 13480531, miss ratio: 0.4993, disk write 97465750528 + 0 (0.0546)
23:11:47: INFO [flashield.py:170 (root)]: 	w04.oracleGeneral.bin-0.1-FIFO-True n_req: 28000000, n_miss: 14122381, miss ratio: 0.5044, disk write 97465750528 + 0 (0.0546)
23:12:58: INFO [flashield.py:170 (root)]: 	w04.oracleGeneral.bin-0.1-FIFO-True n_req: 29000000, n_miss: 14772259, miss ratio: 0.5094, disk write 97465750528 + 0 (0.0546)
23:14:15: INFO [flashield.py:170 (root)]: 	w04.oracleGeneral.bin-0.1-FIFO-True n_req: 30000000, n_miss: 15482414, miss ratio: 0.5161, disk write 97465750528 + 0 (0.0546)
23:15:15: INFO [flashield.py:170 (root)]: 	w04.oracleGeneral.bin-0.1-FIFO-True n_req: 31000000, n_miss: 16048114, miss ratio: 0.5177, disk write 97465750528 + 0 (0.0546)
23:16:05: INFO [flashield.py:170 (root)]: 	w04.oracleGeneral.bin-0.1-FIFO-True n_req: 32000000, n_miss: 16516103, miss ratio: 0.5161, disk write 97465750528 + 0 (0.0546)
23:17:23: INFO [flashield.py:170 (root)]: 	w04.oracleGeneral.bin-0.1-FIFO-True n_req: 33000000, n_miss: 17215944, miss ratio: 0.5217, disk write 97465750528 + 0 (0.0546)
23:18:44: INFO [flashield.py:170 (root)]: 	w04.oracleGeneral.bin-0.1-FIFO-True n_req: 34000000, n_miss: 17964009, miss ratio: 0.5284, disk write 97465750528 + 0 (0.0546)
23:20:08: INFO [flashield.py:170 (root)]: 	w04.oracleGeneral.bin-0.1-FIFO-True n_req: 35000000, n_miss: 18739063, miss ratio: 0.5354, disk write 97465750528 + 0 (0.0546)
23:21:36: INFO [flashield.py:170 (root)]: 	w04.oracleGeneral.bin-0.1-FIFO-True n_req: 36000000, n_miss: 19558976, miss ratio: 0.5433, disk write 97465750528 + 0 (0.0546)
23:23:00: INFO [flashield.py:170 (root)]: 	w04.oracleGeneral.bin-0.1-FIFO-True n_req: 37000000, n_miss: 20335658, miss ratio: 0.5496, disk write 97465750528 + 0 (0.0546)
23:24:22: INFO [flashield.py:170 (root)]: 	w04.oracleGeneral.bin-0.1-FIFO-True n_req: 38000000, n_miss: 21093291, miss ratio: 0.5551, disk write 97465750528 + 0 (0.0546)
23:25:42: INFO [flashield.py:170 (root)]: 	w04.oracleGeneral.bin-0.1-FIFO-True n_req: 39000000, n_miss: 21835659, miss ratio: 0.5599, disk write 97465750528 + 0 (0.0546)
23:27:03: INFO [flashield.py:170 (root)]: 	w04.oracleGeneral.bin-0.1-FIFO-True n_req: 40000000, n_miss: 22585270, miss ratio: 0.5646, disk write 97465750528 + 0 (0.0546)
23:28:23: INFO [flashield.py:170 (root)]: 	w04.oracleGeneral.bin-0.1-FIFO-True n_req: 41000000, n_miss: 23319209, miss ratio: 0.5688, disk write 97465750528 + 0 (0.0546)
23:29:24: INFO [flashield.py:170 (root)]: 	w04.oracleGeneral.bin-0.1-FIFO-True n_req: 42000000, n_miss: 23919629, miss ratio: 0.5695, disk write 97465750528 + 0 (0.0546)
23:30:08: INFO [flashield.py:170 (root)]: 	w04.oracleGeneral.bin-0.1-FIFO-True n_req: 43000000, n_miss: 24306345, miss ratio: 0.5653, disk write 97465750528 + 0 (0.0546)
23:30:50: INFO [flashield.py:170 (root)]: 	w04.oracleGeneral.bin-0.1-FIFO-True n_req: 44000000, n_miss: 24687095, miss ratio: 0.5611, disk write 97465750528 + 0 (0.0546)
23:31:32: INFO [flashield.py:170 (root)]: 	w04.oracleGeneral.bin-0.1-FIFO-True n_req: 45000000, n_miss: 25072035, miss ratio: 0.5572, disk write 97465750528 + 0 (0.0546)
23:32:16: INFO [flashield.py:170 (root)]: 	w04.oracleGeneral.bin-0.1-FIFO-True n_req: 46000000, n_miss: 25473387, miss ratio: 0.5538, disk write 97465750528 + 0 (0.0546)
23:33:00: INFO [flashield.py:170 (root)]: 	w04.oracleGeneral.bin-0.1-FIFO-True n_req: 47000000, n_miss: 25865647, miss ratio: 0.5503, disk write 97465750528 + 0 (0.0546)
23:33:43: INFO [flashield.py:170 (root)]: 	w04.oracleGeneral.bin-0.1-FIFO-True n_req: 48000000, n_miss: 26254723, miss ratio: 0.5470, disk write 97465750528 + 0 (0.0546)
23:34:26: INFO [flashield.py:170 (root)]: 	w04.oracleGeneral.bin-0.1-FIFO-True n_req: 49000000, n_miss: 26649225, miss ratio: 0.5439, disk write 97465750528 + 0 (0.0546)
23:35:10: INFO [flashield.py:170 (root)]: 	w04.oracleGeneral.bin-0.1-FIFO-True n_req: 50000000, n_miss: 27039470, miss ratio: 0.5408, disk write 97465750528 + 0 (0.0546)
23:35:53: INFO [flashield.py:170 (root)]: 	w04.oracleGeneral.bin-0.1-FIFO-True n_req: 51000000, n_miss: 27430497, miss ratio: 0.5379, disk write 97465750528 + 0 (0.0546)
23:36:36: INFO [flashield.py:170 (root)]: 	w04.oracleGeneral.bin-0.1-FIFO-True n_req: 52000000, n_miss: 27821103, miss ratio: 0.5350, disk write 97465750528 + 0 (0.0546)
23:37:32: INFO [flashield.py:170 (root)]: 	w04.oracleGeneral.bin-0.1-FIFO-True n_req: 53000000, n_miss: 28316935, miss ratio: 0.5343, disk write 97465750528 + 0 (0.0546)
23:38:47: INFO [flashield.py:170 (root)]: 	w04.oracleGeneral.bin-0.1-FIFO-True n_req: 54000000, n_miss: 29005521, miss ratio: 0.5371, disk write 97465750528 + 0 (0.0546)
23:40:07: INFO [flashield.py:170 (root)]: 	w04.oracleGeneral.bin-0.1-FIFO-True n_req: 55000000, n_miss: 29740533, miss ratio: 0.5407, disk write 97465750528 + 0 (0.0546)
23:41:29: INFO [flashield.py:170 (root)]: 	w04.oracleGeneral.bin-0.1-FIFO-True n_req: 56000000, n_miss: 30497805, miss ratio: 0.5446, disk write 97465750528 + 0 (0.0546)
23:42:52: INFO [flashield.py:170 (root)]: 	w04.oracleGeneral.bin-0.1-FIFO-True n_req: 57000000, n_miss: 31260956, miss ratio: 0.5484, disk write 97465750528 + 0 (0.0546)
23:44:04: INFO [flashield.py:170 (root)]: 	w04.oracleGeneral.bin-0.1-FIFO-True n_req: 58000000, n_miss: 31917622, miss ratio: 0.5503, disk write 97465750528 + 0 (0.0546)
23:44:50: INFO [flashield.py:170 (root)]: 	w04.oracleGeneral.bin-0.1-FIFO-True n_req: 59000000, n_miss: 32342328, miss ratio: 0.5482, disk write 97465750528 + 0 (0.0546)
23:45:33: INFO [flashield.py:170 (root)]: 	w04.oracleGeneral.bin-0.1-FIFO-True n_req: 60000000, n_miss: 32730732, miss ratio: 0.5455, disk write 97465750528 + 0 (0.0546)
23:46:16: INFO [flashield.py:170 (root)]: 	w04.oracleGeneral.bin-0.1-FIFO-True n_req: 61000000, n_miss: 33121685, miss ratio: 0.5430, disk write 97465750528 + 0 (0.0546)
23:46:59: INFO [flashield.py:170 (root)]: 	w04.oracleGeneral.bin-0.1-FIFO-True n_req: 62000000, n_miss: 33514096, miss ratio: 0.5405, disk write 97465750528 + 0 (0.0546)
23:47:42: INFO [flashield.py:170 (root)]: 	w04.oracleGeneral.bin-0.1-FIFO-True n_req: 63000000, n_miss: 33896679, miss ratio: 0.5380, disk write 97465750528 + 0 (0.0546)
23:48:25: INFO [flashield.py:170 (root)]: 	w04.oracleGeneral.bin-0.1-FIFO-True n_req: 64000000, n_miss: 34289494, miss ratio: 0.5358, disk write 97465750528 + 0 (0.0546)
23:49:09: INFO [flashield.py:170 (root)]: 	w04.oracleGeneral.bin-0.1-FIFO-True n_req: 65000000, n_miss: 34683627, miss ratio: 0.5336, disk write 97465750528 + 0 (0.0546)
23:49:52: INFO [flashield.py:170 (root)]: 	w04.oracleGeneral.bin-0.1-FIFO-True n_req: 66000000, n_miss: 35070806, miss ratio: 0.5314, disk write 97465750528 + 0 (0.0546)
23:50:32: INFO [flashield.py:170 (root)]: 	w04.oracleGeneral.bin-0.1-FIFO-True n_req: 67000000, n_miss: 35438283, miss ratio: 0.5289, disk write 97465750528 + 0 (0.0546)
23:51:11: INFO [flashield.py:170 (root)]: 	w04.oracleGeneral.bin-0.1-FIFO-True n_req: 68000000, n_miss: 35798719, miss ratio: 0.5265, disk write 97465750528 + 0 (0.0546)
23:51:50: INFO [flashield.py:170 (root)]: 	w04.oracleGeneral.bin-0.1-FIFO-True n_req: 69000000, n_miss: 36146543, miss ratio: 0.5239, disk write 97465750528 + 0 (0.0546)
23:52:53: INFO [flashield.py:170 (root)]: 	w04.oracleGeneral.bin-0.1-FIFO-True n_req: 70000000, n_miss: 36704539, miss ratio: 0.5244, disk write 97465750528 + 0 (0.0546)
23:53:52: INFO [flashield.py:170 (root)]: 	w04.oracleGeneral.bin-0.1-FIFO-True n_req: 71000000, n_miss: 37240827, miss ratio: 0.5245, disk write 97465750528 + 0 (0.0546)
23:54:53: INFO [flashield.py:170 (root)]: 	w04.oracleGeneral.bin-0.1-FIFO-True n_req: 72000000, n_miss: 37798861, miss ratio: 0.5250, disk write 97465750528 + 0 (0.0546)
23:55:54: INFO [flashield.py:170 (root)]: 	w04.oracleGeneral.bin-0.1-FIFO-True n_req: 73000000, n_miss: 38349312, miss ratio: 0.5253, disk write 97465750528 + 0 (0.0546)
23:56:55: INFO [flashield.py:170 (root)]: 	w04.oracleGeneral.bin-0.1-FIFO-True n_req: 74000000, n_miss: 38895580, miss ratio: 0.5256, disk write 97465750528 + 0 (0.0546)
23:57:58: INFO [flashield.py:170 (root)]: 	w04.oracleGeneral.bin-0.1-FIFO-True n_req: 75000000, n_miss: 39469268, miss ratio: 0.5263, disk write 97465750528 + 0 (0.0546)
23:59:01: INFO [flashield.py:170 (root)]: 	w04.oracleGeneral.bin-0.1-FIFO-True n_req: 76000000, n_miss: 40040487, miss ratio: 0.5268, disk write 97465750528 + 0 (0.0546)
00:00:04: INFO [flashield.py:170 (root)]: 	w04.oracleGeneral.bin-0.1-FIFO-True n_req: 77000000, n_miss: 40608099, miss ratio: 0.5274, disk write 97465750528 + 0 (0.0546)
00:00:50: INFO [flashield.py:182 (root)]: 	w04.oracleGeneral.bin-0.1-FIFO-True n_req: 77764582, n_miss: 41031314, miss ratio: 0.5276, disk write 97465750528 + 0 (0.0546)
