22:46:38: INFO [flashield.py:220 (root)]: 	calculating wss for w05.oracleGeneral.bin
22:47:32: INFO [flashield.py:228 (root)]: 	w05.oracleGeneral.bin wss_obj: 41379800, wss_byte: 1542905902080
22:47:32: INFO [cache.py:19 (cache)]: 	create Flashield cache with size 15429059020
22:47:32: INFO [cache.py:19 (cache)]: 	create LRU cache with size 1542905902
22:47:32: INFO [cache.py:19 (cache)]: 	create FIFO cache with size 13886153118
22:47:34: INFO [flashield.py:170 (root)]: 	w05.oracleGeneral.bin-0.1-FIFO-True n_req: 1000000, n_miss: 997325, miss ratio: 0.9973, disk write 0 + 0 (0.0000)
22:47:38: INFO [flashield.py:170 (root)]: 	w05.oracleGeneral.bin-0.1-FIFO-True n_req: 2000000, n_miss: 1983057, miss ratio: 0.9915, disk write 10969428992 + 0 (0.0071)
22:47:43: INFO [flashield.py:170 (root)]: 	w05.oracleGeneral.bin-0.1-FIFO-True n_req: 3000000, n_miss: 2975063, miss ratio: 0.9917, disk write 84785816064 + 0 (0.0550)
22:47:46: INFO [flashield.py:170 (root)]: 	w05.oracleGeneral.bin-0.1-FIFO-True n_req: 4000000, n_miss: 3946141, miss ratio: 0.9865, disk write 98488178688 + 0 (0.0638)
22:47:49: INFO [flashield.py:170 (root)]: 	w05.oracleGeneral.bin-0.1-FIFO-True n_req: 5000000, n_miss: 4911353, miss ratio: 0.9823, disk write 137473035776 + 0 (0.0891)
22:47:50: INFO [flashield.py:37 (root)]: 	w05.oracleGeneral.bin Training Flashield...
22:47:52: INFO [flashield.py:42 (root)]: 	w05.oracleGeneral.bin Training Flashield: 2679655 features 2679655 labels ...
22:47:52: INFO [flashield.py:55 (root)]: 	w05.oracleGeneral.bin finish training
22:47:54: INFO [flashield.py:170 (root)]: 	w05.oracleGeneral.bin-0.1-FIFO-True n_req: 6000000, n_miss: 5905484, miss ratio: 0.9842, disk write 138027353088 + 0 (0.0895)
22:49:01: INFO [flashield.py:170 (root)]: 	w05.oracleGeneral.bin-0.1-FIFO-True n_req: 7000000, n_miss: 6898251, miss ratio: 0.9855, disk write 138027353088 + 0 (0.0895)
22:51:22: INFO [flashield.py:170 (root)]: 	w05.oracleGeneral.bin-0.1-FIFO-True n_req: 8000000, n_miss: 7843667, miss ratio: 0.9805, disk write 138027353088 + 0 (0.0895)
22:52:51: INFO [flashield.py:170 (root)]: 	w05.oracleGeneral.bin-0.1-FIFO-True n_req: 9000000, n_miss: 8779241, miss ratio: 0.9755, disk write 138027353088 + 0 (0.0895)
22:54:28: INFO [flashield.py:170 (root)]: 	w05.oracleGeneral.bin-0.1-FIFO-True n_req: 10000000, n_miss: 9718369, miss ratio: 0.9718, disk write 138027353088 + 0 (0.0895)
22:56:11: INFO [flashield.py:170 (root)]: 	w05.oracleGeneral.bin-0.1-FIFO-True n_req: 11000000, n_miss: 10658137, miss ratio: 0.9689, disk write 138027353088 + 0 (0.0895)
22:58:54: INFO [flashield.py:170 (root)]: 	w05.oracleGeneral.bin-0.1-FIFO-True n_req: 12000000, n_miss: 11576895, miss ratio: 0.9647, disk write 138027353088 + 0 (0.0895)
22:59:32: INFO [flashield.py:170 (root)]: 	w05.oracleGeneral.bin-0.1-FIFO-True n_req: 13000000, n_miss: 12487386, miss ratio: 0.9606, disk write 138027353088 + 0 (0.0895)
23:01:44: INFO [flashield.py:170 (root)]: 	w05.oracleGeneral.bin-0.1-FIFO-True n_req: 14000000, n_miss: 13353791, miss ratio: 0.9538, disk write 138027353088 + 0 (0.0895)
23:04:07: INFO [flashield.py:170 (root)]: 	w05.oracleGeneral.bin-0.1-FIFO-True n_req: 15000000, n_miss: 14352168, miss ratio: 0.9568, disk write 138027353088 + 0 (0.0895)
23:05:24: INFO [flashield.py:170 (root)]: 	w05.oracleGeneral.bin-0.1-FIFO-True n_req: 16000000, n_miss: 15263868, miss ratio: 0.9540, disk write 138027353088 + 0 (0.0895)
23:06:28: INFO [flashield.py:170 (root)]: 	w05.oracleGeneral.bin-0.1-FIFO-True n_req: 17000000, n_miss: 16199774, miss ratio: 0.9529, disk write 138027353088 + 0 (0.0895)
23:07:56: INFO [flashield.py:170 (root)]: 	w05.oracleGeneral.bin-0.1-FIFO-True n_req: 18000000, n_miss: 17135616, miss ratio: 0.9520, disk write 138027353088 + 0 (0.0895)
23:09:59: INFO [flashield.py:170 (root)]: 	w05.oracleGeneral.bin-0.1-FIFO-True n_req: 19000000, n_miss: 18045118, miss ratio: 0.9497, disk write 138027353088 + 0 (0.0895)
23:12:28: INFO [flashield.py:170 (root)]: 	w05.oracleGeneral.bin-0.1-FIFO-True n_req: 20000000, n_miss: 18877589, miss ratio: 0.9439, disk write 138027353088 + 0 (0.0895)
23:13:43: INFO [flashield.py:170 (root)]: 	w05.oracleGeneral.bin-0.1-FIFO-True n_req: 21000000, n_miss: 19647355, miss ratio: 0.9356, disk write 138027353088 + 0 (0.0895)
23:14:44: INFO [flashield.py:170 (root)]: 	w05.oracleGeneral.bin-0.1-FIFO-True n_req: 22000000, n_miss: 20207659, miss ratio: 0.9185, disk write 138027353088 + 0 (0.0895)
23:15:46: INFO [flashield.py:170 (root)]: 	w05.oracleGeneral.bin-0.1-FIFO-True n_req: 23000000, n_miss: 21100880, miss ratio: 0.9174, disk write 138027353088 + 0 (0.0895)
23:17:31: INFO [flashield.py:170 (root)]: 	w05.oracleGeneral.bin-0.1-FIFO-True n_req: 24000000, n_miss: 22071077, miss ratio: 0.9196, disk write 138027353088 + 0 (0.0895)
23:19:12: INFO [flashield.py:170 (root)]: 	w05.oracleGeneral.bin-0.1-FIFO-True n_req: 25000000, n_miss: 23057373, miss ratio: 0.9223, disk write 138027353088 + 0 (0.0895)
23:21:06: INFO [flashield.py:170 (root)]: 	w05.oracleGeneral.bin-0.1-FIFO-True n_req: 26000000, n_miss: 24039959, miss ratio: 0.9246, disk write 138027353088 + 0 (0.0895)
23:21:59: INFO [flashield.py:170 (root)]: 	w05.oracleGeneral.bin-0.1-FIFO-True n_req: 27000000, n_miss: 25023003, miss ratio: 0.9268, disk write 138027353088 + 0 (0.0895)
23:23:46: INFO [flashield.py:170 (root)]: 	w05.oracleGeneral.bin-0.1-FIFO-True n_req: 28000000, n_miss: 26006674, miss ratio: 0.9288, disk write 138027353088 + 0 (0.0895)
23:25:45: INFO [flashield.py:170 (root)]: 	w05.oracleGeneral.bin-0.1-FIFO-True n_req: 29000000, n_miss: 26977014, miss ratio: 0.9302, disk write 138027353088 + 0 (0.0895)
23:27:26: INFO [flashield.py:170 (root)]: 	w05.oracleGeneral.bin-0.1-FIFO-True n_req: 30000000, n_miss: 27954681, miss ratio: 0.9318, disk write 138027353088 + 0 (0.0895)
23:29:06: INFO [flashield.py:170 (root)]: 	w05.oracleGeneral.bin-0.1-FIFO-True n_req: 31000000, n_miss: 28904837, miss ratio: 0.9324, disk write 138027353088 + 0 (0.0895)
23:29:59: INFO [flashield.py:170 (root)]: 	w05.oracleGeneral.bin-0.1-FIFO-True n_req: 32000000, n_miss: 29679337, miss ratio: 0.9275, disk write 138027353088 + 0 (0.0895)
23:31:53: INFO [flashield.py:170 (root)]: 	w05.oracleGeneral.bin-0.1-FIFO-True n_req: 33000000, n_miss: 30672882, miss ratio: 0.9295, disk write 138027353088 + 0 (0.0895)
23:34:06: INFO [flashield.py:170 (root)]: 	w05.oracleGeneral.bin-0.1-FIFO-True n_req: 34000000, n_miss: 31591281, miss ratio: 0.9292, disk write 138027353088 + 0 (0.0895)
23:35:34: INFO [flashield.py:170 (root)]: 	w05.oracleGeneral.bin-0.1-FIFO-True n_req: 35000000, n_miss: 32437832, miss ratio: 0.9268, disk write 138027353088 + 0 (0.0895)
23:36:51: INFO [flashield.py:170 (root)]: 	w05.oracleGeneral.bin-0.1-FIFO-True n_req: 36000000, n_miss: 33376254, miss ratio: 0.9271, disk write 138027353088 + 0 (0.0895)
23:38:29: INFO [flashield.py:170 (root)]: 	w05.oracleGeneral.bin-0.1-FIFO-True n_req: 37000000, n_miss: 34123747, miss ratio: 0.9223, disk write 138027353088 + 0 (0.0895)
23:39:19: INFO [flashield.py:170 (root)]: 	w05.oracleGeneral.bin-0.1-FIFO-True n_req: 38000000, n_miss: 34974304, miss ratio: 0.9204, disk write 138027353088 + 0 (0.0895)
23:41:11: INFO [flashield.py:170 (root)]: 	w05.oracleGeneral.bin-0.1-FIFO-True n_req: 39000000, n_miss: 35945902, miss ratio: 0.9217, disk write 138027353088 + 0 (0.0895)
23:43:12: INFO [flashield.py:170 (root)]: 	w05.oracleGeneral.bin-0.1-FIFO-True n_req: 40000000, n_miss: 36676004, miss ratio: 0.9169, disk write 138027353088 + 0 (0.0895)
23:44:43: INFO [flashield.py:170 (root)]: 	w05.oracleGeneral.bin-0.1-FIFO-True n_req: 41000000, n_miss: 37552804, miss ratio: 0.9159, disk write 138027353088 + 0 (0.0895)
23:46:16: INFO [flashield.py:170 (root)]: 	w05.oracleGeneral.bin-0.1-FIFO-True n_req: 42000000, n_miss: 38441866, miss ratio: 0.9153, disk write 138027353088 + 0 (0.0895)
23:47:32: INFO [flashield.py:170 (root)]: 	w05.oracleGeneral.bin-0.1-FIFO-True n_req: 43000000, n_miss: 39091449, miss ratio: 0.9091, disk write 138027353088 + 0 (0.0895)
23:49:14: INFO [flashield.py:170 (root)]: 	w05.oracleGeneral.bin-0.1-FIFO-True n_req: 44000000, n_miss: 39960682, miss ratio: 0.9082, disk write 138027353088 + 0 (0.0895)
23:50:10: INFO [flashield.py:170 (root)]: 	w05.oracleGeneral.bin-0.1-FIFO-True n_req: 45000000, n_miss: 40534801, miss ratio: 0.9008, disk write 138027353088 + 0 (0.0895)
23:51:31: INFO [flashield.py:170 (root)]: 	w05.oracleGeneral.bin-0.1-FIFO-True n_req: 46000000, n_miss: 41289802, miss ratio: 0.8976, disk write 138027353088 + 0 (0.0895)
23:52:52: INFO [flashield.py:170 (root)]: 	w05.oracleGeneral.bin-0.1-FIFO-True n_req: 47000000, n_miss: 42023633, miss ratio: 0.8941, disk write 138027353088 + 0 (0.0895)
23:54:28: INFO [flashield.py:170 (root)]: 	w05.oracleGeneral.bin-0.1-FIFO-True n_req: 48000000, n_miss: 42923932, miss ratio: 0.8942, disk write 138027353088 + 0 (0.0895)
23:55:45: INFO [flashield.py:170 (root)]: 	w05.oracleGeneral.bin-0.1-FIFO-True n_req: 49000000, n_miss: 43659973, miss ratio: 0.8910, disk write 138027353088 + 0 (0.0895)
23:56:48: INFO [flashield.py:170 (root)]: 	w05.oracleGeneral.bin-0.1-FIFO-True n_req: 50000000, n_miss: 44215836, miss ratio: 0.8843, disk write 138027353088 + 0 (0.0895)
23:58:01: INFO [flashield.py:170 (root)]: 	w05.oracleGeneral.bin-0.1-FIFO-True n_req: 51000000, n_miss: 44842513, miss ratio: 0.8793, disk write 138027353088 + 0 (0.0895)
23:59:26: INFO [flashield.py:170 (root)]: 	w05.oracleGeneral.bin-0.1-FIFO-True n_req: 52000000, n_miss: 45702371, miss ratio: 0.8789, disk write 138027353088 + 0 (0.0895)
00:01:02: INFO [flashield.py:170 (root)]: 	w05.oracleGeneral.bin-0.1-FIFO-True n_req: 53000000, n_miss: 46528425, miss ratio: 0.8779, disk write 138027353088 + 0 (0.0895)
00:02:32: INFO [flashield.py:170 (root)]: 	w05.oracleGeneral.bin-0.1-FIFO-True n_req: 54000000, n_miss: 47427543, miss ratio: 0.8783, disk write 138027353088 + 0 (0.0895)
00:03:27: INFO [flashield.py:170 (root)]: 	w05.oracleGeneral.bin-0.1-FIFO-True n_req: 55000000, n_miss: 47934876, miss ratio: 0.8715, disk write 138027353088 + 0 (0.0895)
00:04:27: INFO [flashield.py:170 (root)]: 	w05.oracleGeneral.bin-0.1-FIFO-True n_req: 56000000, n_miss: 48472637, miss ratio: 0.8656, disk write 138027353088 + 0 (0.0895)
00:05:52: INFO [flashield.py:170 (root)]: 	w05.oracleGeneral.bin-0.1-FIFO-True n_req: 57000000, n_miss: 49198322, miss ratio: 0.8631, disk write 138027353088 + 0 (0.0895)
00:07:40: INFO [flashield.py:170 (root)]: 	w05.oracleGeneral.bin-0.1-FIFO-True n_req: 58000000, n_miss: 50197940, miss ratio: 0.8655, disk write 138027353088 + 0 (0.0895)
00:09:29: INFO [flashield.py:170 (root)]: 	w05.oracleGeneral.bin-0.1-FIFO-True n_req: 59000000, n_miss: 51197125, miss ratio: 0.8677, disk write 138027353088 + 0 (0.0895)
00:11:07: INFO [flashield.py:170 (root)]: 	w05.oracleGeneral.bin-0.1-FIFO-True n_req: 60000000, n_miss: 52108863, miss ratio: 0.8685, disk write 138027353088 + 0 (0.0895)
00:12:53: INFO [flashield.py:170 (root)]: 	w05.oracleGeneral.bin-0.1-FIFO-True n_req: 61000000, n_miss: 53107901, miss ratio: 0.8706, disk write 138027353088 + 0 (0.0895)
00:14:08: INFO [flashield.py:170 (root)]: 	w05.oracleGeneral.bin-0.1-FIFO-True n_req: 62000000, n_miss: 53847269, miss ratio: 0.8685, disk write 138027353088 + 0 (0.0895)
00:15:42: INFO [flashield.py:170 (root)]: 	w05.oracleGeneral.bin-0.1-FIFO-True n_req: 63000000, n_miss: 54694134, miss ratio: 0.8682, disk write 138027353088 + 0 (0.0895)
00:16:49: INFO [flashield.py:170 (root)]: 	w05.oracleGeneral.bin-0.1-FIFO-True n_req: 64000000, n_miss: 55334552, miss ratio: 0.8646, disk write 138027353088 + 0 (0.0895)
00:18:20: INFO [flashield.py:170 (root)]: 	w05.oracleGeneral.bin-0.1-FIFO-True n_req: 65000000, n_miss: 56160260, miss ratio: 0.8640, disk write 138027353088 + 0 (0.0895)
00:19:33: INFO [flashield.py:170 (root)]: 	w05.oracleGeneral.bin-0.1-FIFO-True n_req: 66000000, n_miss: 56790462, miss ratio: 0.8605, disk write 138027353088 + 0 (0.0895)
00:20:54: INFO [flashield.py:170 (root)]: 	w05.oracleGeneral.bin-0.1-FIFO-True n_req: 67000000, n_miss: 57586719, miss ratio: 0.8595, disk write 138027353088 + 0 (0.0895)
00:22:23: INFO [flashield.py:170 (root)]: 	w05.oracleGeneral.bin-0.1-FIFO-True n_req: 68000000, n_miss: 58393443, miss ratio: 0.8587, disk write 138027353088 + 0 (0.0895)
00:24:02: INFO [flashield.py:170 (root)]: 	w05.oracleGeneral.bin-0.1-FIFO-True n_req: 69000000, n_miss: 59336497, miss ratio: 0.8599, disk write 138027353088 + 0 (0.0895)
00:25:17: INFO [flashield.py:170 (root)]: 	w05.oracleGeneral.bin-0.1-FIFO-True n_req: 70000000, n_miss: 59990745, miss ratio: 0.8570, disk write 138027353088 + 0 (0.0895)
00:26:37: INFO [flashield.py:170 (root)]: 	w05.oracleGeneral.bin-0.1-FIFO-True n_req: 71000000, n_miss: 60778021, miss ratio: 0.8560, disk write 138027353088 + 0 (0.0895)
00:27:53: INFO [flashield.py:170 (root)]: 	w05.oracleGeneral.bin-0.1-FIFO-True n_req: 72000000, n_miss: 61477599, miss ratio: 0.8539, disk write 138027353088 + 0 (0.0895)
00:29:17: INFO [flashield.py:170 (root)]: 	w05.oracleGeneral.bin-0.1-FIFO-True n_req: 73000000, n_miss: 62244774, miss ratio: 0.8527, disk write 138027353088 + 0 (0.0895)
00:29:20: INFO [flashield.py:182 (root)]: 	w05.oracleGeneral.bin-0.1-FIFO-True n_req: 73034546, n_miss: 62278423, miss ratio: 0.8527, disk write 138027353088 + 0 (0.0895)
