22:46:38: INFO [flashield.py:220 (root)]: 	calculating wss for w06.oracleGeneral.bin
22:47:14: INFO [flashield.py:228 (root)]: 	w06.oracleGeneral.bin wss_obj: 1699448, wss_byte: 23468258304
22:47:14: INFO [cache.py:19 (cache)]: 	create Flashield cache with size 234682583
22:47:14: INFO [cache.py:19 (cache)]: 	create LRU cache with size 23468258
22:47:14: INFO [cache.py:19 (cache)]: 	create FIFO cache with size 211214325
22:47:15: INFO [flashield.py:37 (root)]: 	w06.oracleGeneral.bin Training Flashield...
22:47:15: INFO [flashield.py:42 (root)]: 	w06.oracleGeneral.bin Training Flashield: 42741 features 42741 labels ...
22:47:15: INFO [flashield.py:55 (root)]: 	w06.oracleGeneral.bin finish training
22:47:47: INFO [flashield.py:170 (root)]: 	w06.oracleGeneral.bin-0.1-FIFO-True n_req: 1000000, n_miss: 382098, miss ratio: 0.3821, disk write 359383040 + 0 (0.0153)
22:49:18: INFO [flashield.py:170 (root)]: 	w06.oracleGeneral.bin-0.1-FIFO-True n_req: 2000000, n_miss: 1233441, miss ratio: 0.6167, disk write 359383040 + 0 (0.0153)
22:50:20: INFO [flashield.py:170 (root)]: 	w06.oracleGeneral.bin-0.1-FIFO-True n_req: 3000000, n_miss: 1818857, miss ratio: 0.6063, disk write 359383040 + 0 (0.0153)
22:50:57: INFO [flashield.py:170 (root)]: 	w06.oracleGeneral.bin-0.1-FIFO-True n_req: 4000000, n_miss: 2168363, miss ratio: 0.5421, disk write 359383040 + 0 (0.0153)
22:51:36: INFO [flashield.py:170 (root)]: 	w06.oracleGeneral.bin-0.1-FIFO-True n_req: 5000000, n_miss: 2531038, miss ratio: 0.5062, disk write 359383040 + 0 (0.0153)
22:52:15: INFO [flashield.py:170 (root)]: 	w06.oracleGeneral.bin-0.1-FIFO-True n_req: 6000000, n_miss: 2896219, miss ratio: 0.4827, disk write 359383040 + 0 (0.0153)
22:52:53: INFO [flashield.py:170 (root)]: 	w06.oracleGeneral.bin-0.1-FIFO-True n_req: 7000000, n_miss: 3257386, miss ratio: 0.4653, disk write 359383040 + 0 (0.0153)
22:53:36: INFO [flashield.py:170 (root)]: 	w06.oracleGeneral.bin-0.1-FIFO-True n_req: 8000000, n_miss: 3664201, miss ratio: 0.4580, disk write 359383040 + 0 (0.0153)
22:54:16: INFO [flashield.py:170 (root)]: 	w06.oracleGeneral.bin-0.1-FIFO-True n_req: 9000000, n_miss: 4034112, miss ratio: 0.4482, disk write 359383040 + 0 (0.0153)
22:54:56: INFO [flashield.py:170 (root)]: 	w06.oracleGeneral.bin-0.1-FIFO-True n_req: 10000000, n_miss: 4407788, miss ratio: 0.4408, disk write 359383040 + 0 (0.0153)
22:55:35: INFO [flashield.py:170 (root)]: 	w06.oracleGeneral.bin-0.1-FIFO-True n_req: 11000000, n_miss: 4778364, miss ratio: 0.4344, disk write 359383040 + 0 (0.0153)
22:56:15: INFO [flashield.py:170 (root)]: 	w06.oracleGeneral.bin-0.1-FIFO-True n_req: 12000000, n_miss: 5147498, miss ratio: 0.4290, disk write 359383040 + 0 (0.0153)
22:56:52: INFO [flashield.py:170 (root)]: 	w06.oracleGeneral.bin-0.1-FIFO-True n_req: 13000000, n_miss: 5502944, miss ratio: 0.4233, disk write 359383040 + 0 (0.0153)
22:57:34: INFO [flashield.py:170 (root)]: 	w06.oracleGeneral.bin-0.1-FIFO-True n_req: 14000000, n_miss: 5885818, miss ratio: 0.4204, disk write 359383040 + 0 (0.0153)
22:58:10: INFO [flashield.py:170 (root)]: 	w06.oracleGeneral.bin-0.1-FIFO-True n_req: 15000000, n_miss: 6225570, miss ratio: 0.4150, disk write 359383040 + 0 (0.0153)
22:58:47: INFO [flashield.py:170 (root)]: 	w06.oracleGeneral.bin-0.1-FIFO-True n_req: 16000000, n_miss: 6574753, miss ratio: 0.4109, disk write 359383040 + 0 (0.0153)
22:59:24: INFO [flashield.py:170 (root)]: 	w06.oracleGeneral.bin-0.1-FIFO-True n_req: 17000000, n_miss: 6916620, miss ratio: 0.4069, disk write 359383040 + 0 (0.0153)
23:00:04: INFO [flashield.py:170 (root)]: 	w06.oracleGeneral.bin-0.1-FIFO-True n_req: 18000000, n_miss: 7287185, miss ratio: 0.4048, disk write 359383040 + 0 (0.0153)
23:00:39: INFO [flashield.py:170 (root)]: 	w06.oracleGeneral.bin-0.1-FIFO-True n_req: 19000000, n_miss: 7613883, miss ratio: 0.4007, disk write 359383040 + 0 (0.0153)
23:01:16: INFO [flashield.py:170 (root)]: 	w06.oracleGeneral.bin-0.1-FIFO-True n_req: 20000000, n_miss: 7958335, miss ratio: 0.3979, disk write 359383040 + 0 (0.0153)
23:01:49: INFO [flashield.py:170 (root)]: 	w06.oracleGeneral.bin-0.1-FIFO-True n_req: 21000000, n_miss: 8271499, miss ratio: 0.3939, disk write 359383040 + 0 (0.0153)
23:02:27: INFO [flashield.py:170 (root)]: 	w06.oracleGeneral.bin-0.1-FIFO-True n_req: 22000000, n_miss: 8622954, miss ratio: 0.3920, disk write 359383040 + 0 (0.0153)
23:03:05: INFO [flashield.py:170 (root)]: 	w06.oracleGeneral.bin-0.1-FIFO-True n_req: 23000000, n_miss: 8973553, miss ratio: 0.3902, disk write 359383040 + 0 (0.0153)
23:03:39: INFO [flashield.py:170 (root)]: 	w06.oracleGeneral.bin-0.1-FIFO-True n_req: 24000000, n_miss: 9294789, miss ratio: 0.3873, disk write 359383040 + 0 (0.0153)
23:04:08: INFO [flashield.py:170 (root)]: 	w06.oracleGeneral.bin-0.1-FIFO-True n_req: 25000000, n_miss: 9559497, miss ratio: 0.3824, disk write 359383040 + 0 (0.0153)
23:04:47: INFO [flashield.py:170 (root)]: 	w06.oracleGeneral.bin-0.1-FIFO-True n_req: 26000000, n_miss: 9922127, miss ratio: 0.3816, disk write 359383040 + 0 (0.0153)
23:05:16: INFO [flashield.py:170 (root)]: 	w06.oracleGeneral.bin-0.1-FIFO-True n_req: 27000000, n_miss: 10192069, miss ratio: 0.3775, disk write 359383040 + 0 (0.0153)
23:05:52: INFO [flashield.py:170 (root)]: 	w06.oracleGeneral.bin-0.1-FIFO-True n_req: 28000000, n_miss: 10534494, miss ratio: 0.3762, disk write 359383040 + 0 (0.0153)
23:06:28: INFO [flashield.py:170 (root)]: 	w06.oracleGeneral.bin-0.1-FIFO-True n_req: 29000000, n_miss: 10867404, miss ratio: 0.3747, disk write 359383040 + 0 (0.0153)
23:07:08: INFO [flashield.py:170 (root)]: 	w06.oracleGeneral.bin-0.1-FIFO-True n_req: 30000000, n_miss: 11238790, miss ratio: 0.3746, disk write 359383040 + 0 (0.0153)
23:07:40: INFO [flashield.py:170 (root)]: 	w06.oracleGeneral.bin-0.1-FIFO-True n_req: 31000000, n_miss: 11535339, miss ratio: 0.3721, disk write 359383040 + 0 (0.0153)
23:08:13: INFO [flashield.py:170 (root)]: 	w06.oracleGeneral.bin-0.1-FIFO-True n_req: 32000000, n_miss: 11833250, miss ratio: 0.3698, disk write 359383040 + 0 (0.0153)
23:08:47: INFO [flashield.py:170 (root)]: 	w06.oracleGeneral.bin-0.1-FIFO-True n_req: 33000000, n_miss: 12155397, miss ratio: 0.3683, disk write 359383040 + 0 (0.0153)
23:09:19: INFO [flashield.py:170 (root)]: 	w06.oracleGeneral.bin-0.1-FIFO-True n_req: 34000000, n_miss: 12446094, miss ratio: 0.3661, disk write 359383040 + 0 (0.0153)
23:09:57: INFO [flashield.py:170 (root)]: 	w06.oracleGeneral.bin-0.1-FIFO-True n_req: 35000000, n_miss: 12810538, miss ratio: 0.3660, disk write 359383040 + 0 (0.0153)
23:10:28: INFO [flashield.py:170 (root)]: 	w06.oracleGeneral.bin-0.1-FIFO-True n_req: 36000000, n_miss: 13098962, miss ratio: 0.3639, disk write 359383040 + 0 (0.0153)
23:10:56: INFO [flashield.py:170 (root)]: 	w06.oracleGeneral.bin-0.1-FIFO-True n_req: 37000000, n_miss: 13359275, miss ratio: 0.3611, disk write 359383040 + 0 (0.0153)
23:11:36: INFO [flashield.py:170 (root)]: 	w06.oracleGeneral.bin-0.1-FIFO-True n_req: 38000000, n_miss: 13733112, miss ratio: 0.3614, disk write 359383040 + 0 (0.0153)
23:12:11: INFO [flashield.py:170 (root)]: 	w06.oracleGeneral.bin-0.1-FIFO-True n_req: 39000000, n_miss: 14070255, miss ratio: 0.3608, disk write 359383040 + 0 (0.0153)
23:12:46: INFO [flashield.py:170 (root)]: 	w06.oracleGeneral.bin-0.1-FIFO-True n_req: 40000000, n_miss: 14401351, miss ratio: 0.3600, disk write 359383040 + 0 (0.0153)
23:13:26: INFO [flashield.py:170 (root)]: 	w06.oracleGeneral.bin-0.1-FIFO-True n_req: 41000000, n_miss: 14781336, miss ratio: 0.3605, disk write 359383040 + 0 (0.0153)
23:14:05: INFO [flashield.py:170 (root)]: 	w06.oracleGeneral.bin-0.1-FIFO-True n_req: 42000000, n_miss: 15152883, miss ratio: 0.3608, disk write 359383040 + 0 (0.0153)
23:14:40: INFO [flashield.py:170 (root)]: 	w06.oracleGeneral.bin-0.1-FIFO-True n_req: 43000000, n_miss: 15486105, miss ratio: 0.3601, disk write 359383040 + 0 (0.0153)
23:15:19: INFO [flashield.py:170 (root)]: 	w06.oracleGeneral.bin-0.1-FIFO-True n_req: 44000000, n_miss: 15855791, miss ratio: 0.3604, disk write 359383040 + 0 (0.0153)
23:15:57: INFO [flashield.py:170 (root)]: 	w06.oracleGeneral.bin-0.1-FIFO-True n_req: 45000000, n_miss: 16213760, miss ratio: 0.3603, disk write 359383040 + 0 (0.0153)
23:16:35: INFO [flashield.py:170 (root)]: 	w06.oracleGeneral.bin-0.1-FIFO-True n_req: 46000000, n_miss: 16572582, miss ratio: 0.3603, disk write 359383040 + 0 (0.0153)
23:17:15: INFO [flashield.py:170 (root)]: 	w06.oracleGeneral.bin-0.1-FIFO-True n_req: 47000000, n_miss: 16946467, miss ratio: 0.3606, disk write 359383040 + 0 (0.0153)
23:17:53: INFO [flashield.py:170 (root)]: 	w06.oracleGeneral.bin-0.1-FIFO-True n_req: 48000000, n_miss: 17309707, miss ratio: 0.3606, disk write 359383040 + 0 (0.0153)
23:18:31: INFO [flashield.py:170 (root)]: 	w06.oracleGeneral.bin-0.1-FIFO-True n_req: 49000000, n_miss: 17668246, miss ratio: 0.3606, disk write 359383040 + 0 (0.0153)
23:19:11: INFO [flashield.py:170 (root)]: 	w06.oracleGeneral.bin-0.1-FIFO-True n_req: 50000000, n_miss: 18043222, miss ratio: 0.3609, disk write 359383040 + 0 (0.0153)
23:19:52: INFO [flashield.py:170 (root)]: 	w06.oracleGeneral.bin-0.1-FIFO-True n_req: 51000000, n_miss: 18433881, miss ratio: 0.3614, disk write 359383040 + 0 (0.0153)
23:20:30: INFO [flashield.py:170 (root)]: 	w06.oracleGeneral.bin-0.1-FIFO-True n_req: 52000000, n_miss: 18789714, miss ratio: 0.3613, disk write 359383040 + 0 (0.0153)
23:21:11: INFO [flashield.py:170 (root)]: 	w06.oracleGeneral.bin-0.1-FIFO-True n_req: 53000000, n_miss: 19172673, miss ratio: 0.3617, disk write 359383040 + 0 (0.0153)
23:21:51: INFO [flashield.py:170 (root)]: 	w06.oracleGeneral.bin-0.1-FIFO-True n_req: 54000000, n_miss: 19556473, miss ratio: 0.3622, disk write 359383040 + 0 (0.0153)
23:22:30: INFO [flashield.py:170 (root)]: 	w06.oracleGeneral.bin-0.1-FIFO-True n_req: 55000000, n_miss: 19925791, miss ratio: 0.3623, disk write 359383040 + 0 (0.0153)
23:23:10: INFO [flashield.py:170 (root)]: 	w06.oracleGeneral.bin-0.1-FIFO-True n_req: 56000000, n_miss: 20300300, miss ratio: 0.3625, disk write 359383040 + 0 (0.0153)
23:23:50: INFO [flashield.py:170 (root)]: 	w06.oracleGeneral.bin-0.1-FIFO-True n_req: 57000000, n_miss: 20673549, miss ratio: 0.3627, disk write 359383040 + 0 (0.0153)
23:24:28: INFO [flashield.py:170 (root)]: 	w06.oracleGeneral.bin-0.1-FIFO-True n_req: 58000000, n_miss: 21034080, miss ratio: 0.3627, disk write 359383040 + 0 (0.0153)
23:25:09: INFO [flashield.py:170 (root)]: 	w06.oracleGeneral.bin-0.1-FIFO-True n_req: 59000000, n_miss: 21414852, miss ratio: 0.3630, disk write 359383040 + 0 (0.0153)
23:25:51: INFO [flashield.py:170 (root)]: 	w06.oracleGeneral.bin-0.1-FIFO-True n_req: 60000000, n_miss: 21816539, miss ratio: 0.3636, disk write 359383040 + 0 (0.0153)
23:26:32: INFO [flashield.py:170 (root)]: 	w06.oracleGeneral.bin-0.1-FIFO-True n_req: 61000000, n_miss: 22200074, miss ratio: 0.3639, disk write 359383040 + 0 (0.0153)
23:27:11: INFO [flashield.py:170 (root)]: 	w06.oracleGeneral.bin-0.1-FIFO-True n_req: 62000000, n_miss: 22568865, miss ratio: 0.3640, disk write 359383040 + 0 (0.0153)
23:27:51: INFO [flashield.py:170 (root)]: 	w06.oracleGeneral.bin-0.1-FIFO-True n_req: 63000000, n_miss: 22943844, miss ratio: 0.3642, disk write 359383040 + 0 (0.0153)
23:28:29: INFO [flashield.py:170 (root)]: 	w06.oracleGeneral.bin-0.1-FIFO-True n_req: 64000000, n_miss: 23305059, miss ratio: 0.3641, disk write 359383040 + 0 (0.0153)
23:29:05: INFO [flashield.py:170 (root)]: 	w06.oracleGeneral.bin-0.1-FIFO-True n_req: 65000000, n_miss: 23644833, miss ratio: 0.3638, disk write 359383040 + 0 (0.0153)
23:29:45: INFO [flashield.py:170 (root)]: 	w06.oracleGeneral.bin-0.1-FIFO-True n_req: 66000000, n_miss: 24017625, miss ratio: 0.3639, disk write 359383040 + 0 (0.0153)
23:30:26: INFO [flashield.py:170 (root)]: 	w06.oracleGeneral.bin-0.1-FIFO-True n_req: 67000000, n_miss: 24407199, miss ratio: 0.3643, disk write 359383040 + 0 (0.0153)
23:31:05: INFO [flashield.py:170 (root)]: 	w06.oracleGeneral.bin-0.1-FIFO-True n_req: 68000000, n_miss: 24775039, miss ratio: 0.3643, disk write 359383040 + 0 (0.0153)
23:31:46: INFO [flashield.py:170 (root)]: 	w06.oracleGeneral.bin-0.1-FIFO-True n_req: 69000000, n_miss: 25160585, miss ratio: 0.3646, disk write 359383040 + 0 (0.0153)
23:32:03: INFO [flashield.py:182 (root)]: 	w06.oracleGeneral.bin-0.1-FIFO-True n_req: 69392150, n_miss: 25319965, miss ratio: 0.3649, disk write 359383040 + 0 (0.0153)
