22:46:38: INFO [flashield.py:220 (root)]: 	calculating wss for w07.oracleGeneral.bin
22:47:32: INFO [flashield.py:228 (root)]: 	w07.oracleGeneral.bin wss_obj: 9502621, wss_byte: 146730342912
22:47:32: INFO [cache.py:19 (cache)]: 	create Flashield cache with size 1467303429
22:47:32: INFO [cache.py:19 (cache)]: 	create LRU cache with size 146730342
22:47:32: INFO [cache.py:19 (cache)]: 	create FIFO cache with size 1320573087
22:47:33: INFO [flashield.py:37 (root)]: 	w07.oracleGeneral.bin Training Flashield...
22:47:33: INFO [flashield.py:42 (root)]: 	w07.oracleGeneral.bin Training Flashield: 127846 features 127846 labels ...
22:47:33: INFO [flashield.py:55 (root)]: 	w07.oracleGeneral.bin finish training
22:48:26: INFO [flashield.py:170 (root)]: 	w07.oracleGeneral.bin-0.1-FIFO-True n_req: 1000000, n_miss: 715391, miss ratio: 0.7154, disk write 1978546176 + 0 (0.0135)
22:49:54: INFO [flashield.py:170 (root)]: 	w07.oracleGeneral.bin-0.1-FIFO-True n_req: 2000000, n_miss: 1524826, miss ratio: 0.7624, disk write 1978546176 + 0 (0.0135)
22:51:15: INFO [flashield.py:170 (root)]: 	w07.oracleGeneral.bin-0.1-FIFO-True n_req: 3000000, n_miss: 2282647, miss ratio: 0.7609, disk write 1978546176 + 0 (0.0135)
22:52:40: INFO [flashield.py:170 (root)]: 	w07.oracleGeneral.bin-0.1-FIFO-True n_req: 4000000, n_miss: 3072473, miss ratio: 0.7681, disk write 1978546176 + 0 (0.0135)
22:54:00: INFO [flashield.py:170 (root)]: 	w07.oracleGeneral.bin-0.1-FIFO-True n_req: 5000000, n_miss: 3815419, miss ratio: 0.7631, disk write 1978546176 + 0 (0.0135)
22:55:11: INFO [flashield.py:170 (root)]: 	w07.oracleGeneral.bin-0.1-FIFO-True n_req: 6000000, n_miss: 4471885, miss ratio: 0.7453, disk write 1978546176 + 0 (0.0135)
22:56:17: INFO [flashield.py:170 (root)]: 	w07.oracleGeneral.bin-0.1-FIFO-True n_req: 7000000, n_miss: 5090844, miss ratio: 0.7273, disk write 1978546176 + 0 (0.0135)
22:57:25: INFO [flashield.py:170 (root)]: 	w07.oracleGeneral.bin-0.1-FIFO-True n_req: 8000000, n_miss: 5709348, miss ratio: 0.7137, disk write 1978546176 + 0 (0.0135)
22:58:28: INFO [flashield.py:170 (root)]: 	w07.oracleGeneral.bin-0.1-FIFO-True n_req: 9000000, n_miss: 6295020, miss ratio: 0.6994, disk write 1978546176 + 0 (0.0135)
22:59:55: INFO [flashield.py:170 (root)]: 	w07.oracleGeneral.bin-0.1-FIFO-True n_req: 10000000, n_miss: 7126873, miss ratio: 0.7127, disk write 1978546176 + 0 (0.0135)
23:01:20: INFO [flashield.py:170 (root)]: 	w07.oracleGeneral.bin-0.1-FIFO-True n_req: 11000000, n_miss: 7917159, miss ratio: 0.7197, disk write 1978546176 + 0 (0.0135)
23:02:47: INFO [flashield.py:170 (root)]: 	w07.oracleGeneral.bin-0.1-FIFO-True n_req: 12000000, n_miss: 8720210, miss ratio: 0.7267, disk write 1978546176 + 0 (0.0135)
23:04:07: INFO [flashield.py:170 (root)]: 	w07.oracleGeneral.bin-0.1-FIFO-True n_req: 13000000, n_miss: 9456738, miss ratio: 0.7274, disk write 1978546176 + 0 (0.0135)
23:05:19: INFO [flashield.py:170 (root)]: 	w07.oracleGeneral.bin-0.1-FIFO-True n_req: 14000000, n_miss: 10113439, miss ratio: 0.7224, disk write 1978546176 + 0 (0.0135)
23:06:28: INFO [flashield.py:170 (root)]: 	w07.oracleGeneral.bin-0.1-FIFO-True n_req: 15000000, n_miss: 10748460, miss ratio: 0.7166, disk write 1978546176 + 0 (0.0135)
23:07:33: INFO [flashield.py:170 (root)]: 	w07.oracleGeneral.bin-0.1-FIFO-True n_req: 16000000, n_miss: 11353136, miss ratio: 0.7096, disk write 1978546176 + 0 (0.0135)
23:08:39: INFO [flashield.py:170 (root)]: 	w07.oracleGeneral.bin-0.1-FIFO-True n_req: 17000000, n_miss: 11959138, miss ratio: 0.7035, disk write 1978546176 + 0 (0.0135)
23:10:05: INFO [flashield.py:170 (root)]: 	w07.oracleGeneral.bin-0.1-FIFO-True n_req: 18000000, n_miss: 12784599, miss ratio: 0.7103, disk write 1978546176 + 0 (0.0135)
23:11:33: INFO [flashield.py:170 (root)]: 	w07.oracleGeneral.bin-0.1-FIFO-True n_req: 19000000, n_miss: 13596955, miss ratio: 0.7156, disk write 1978546176 + 0 (0.0135)
23:13:03: INFO [flashield.py:170 (root)]: 	w07.oracleGeneral.bin-0.1-FIFO-True n_req: 20000000, n_miss: 14418833, miss ratio: 0.7209, disk write 1978546176 + 0 (0.0135)
23:14:23: INFO [flashield.py:170 (root)]: 	w07.oracleGeneral.bin-0.1-FIFO-True n_req: 21000000, n_miss: 15161701, miss ratio: 0.7220, disk write 1978546176 + 0 (0.0135)
23:15:31: INFO [flashield.py:170 (root)]: 	w07.oracleGeneral.bin-0.1-FIFO-True n_req: 22000000, n_miss: 15788649, miss ratio: 0.7177, disk write 1978546176 + 0 (0.0135)
23:16:37: INFO [flashield.py:170 (root)]: 	w07.oracleGeneral.bin-0.1-FIFO-True n_req: 23000000, n_miss: 16397829, miss ratio: 0.7129, disk write 1978546176 + 0 (0.0135)
23:17:40: INFO [flashield.py:170 (root)]: 	w07.oracleGeneral.bin-0.1-FIFO-True n_req: 24000000, n_miss: 16990351, miss ratio: 0.7079, disk write 1978546176 + 0 (0.0135)
23:19:14: INFO [flashield.py:170 (root)]: 	w07.oracleGeneral.bin-0.1-FIFO-True n_req: 25000000, n_miss: 17863515, miss ratio: 0.7145, disk write 1978546176 + 0 (0.0135)
23:20:42: INFO [flashield.py:170 (root)]: 	w07.oracleGeneral.bin-0.1-FIFO-True n_req: 26000000, n_miss: 18669940, miss ratio: 0.7181, disk write 1978546176 + 0 (0.0135)
23:22:11: INFO [flashield.py:170 (root)]: 	w07.oracleGeneral.bin-0.1-FIFO-True n_req: 27000000, n_miss: 19496157, miss ratio: 0.7221, disk write 1978546176 + 0 (0.0135)
23:23:30: INFO [flashield.py:170 (root)]: 	w07.oracleGeneral.bin-0.1-FIFO-True n_req: 28000000, n_miss: 20207043, miss ratio: 0.7217, disk write 1978546176 + 0 (0.0135)
23:24:39: INFO [flashield.py:170 (root)]: 	w07.oracleGeneral.bin-0.1-FIFO-True n_req: 29000000, n_miss: 20837770, miss ratio: 0.7185, disk write 1978546176 + 0 (0.0135)
23:25:44: INFO [flashield.py:170 (root)]: 	w07.oracleGeneral.bin-0.1-FIFO-True n_req: 30000000, n_miss: 21438036, miss ratio: 0.7146, disk write 1978546176 + 0 (0.0135)
23:26:48: INFO [flashield.py:170 (root)]: 	w07.oracleGeneral.bin-0.1-FIFO-True n_req: 31000000, n_miss: 22027821, miss ratio: 0.7106, disk write 1978546176 + 0 (0.0135)
23:28:16: INFO [flashield.py:170 (root)]: 	w07.oracleGeneral.bin-0.1-FIFO-True n_req: 32000000, n_miss: 22876399, miss ratio: 0.7149, disk write 1978546176 + 0 (0.0135)
23:29:45: INFO [flashield.py:170 (root)]: 	w07.oracleGeneral.bin-0.1-FIFO-True n_req: 33000000, n_miss: 23695889, miss ratio: 0.7181, disk write 1978546176 + 0 (0.0135)
23:31:11: INFO [flashield.py:170 (root)]: 	w07.oracleGeneral.bin-0.1-FIFO-True n_req: 34000000, n_miss: 24485709, miss ratio: 0.7202, disk write 1978546176 + 0 (0.0135)
23:32:28: INFO [flashield.py:170 (root)]: 	w07.oracleGeneral.bin-0.1-FIFO-True n_req: 35000000, n_miss: 25202747, miss ratio: 0.7201, disk write 1978546176 + 0 (0.0135)
23:33:39: INFO [flashield.py:170 (root)]: 	w07.oracleGeneral.bin-0.1-FIFO-True n_req: 36000000, n_miss: 25857526, miss ratio: 0.7183, disk write 1978546176 + 0 (0.0135)
23:34:49: INFO [flashield.py:170 (root)]: 	w07.oracleGeneral.bin-0.1-FIFO-True n_req: 37000000, n_miss: 26494056, miss ratio: 0.7161, disk write 1978546176 + 0 (0.0135)
23:35:56: INFO [flashield.py:170 (root)]: 	w07.oracleGeneral.bin-0.1-FIFO-True n_req: 38000000, n_miss: 27124051, miss ratio: 0.7138, disk write 1978546176 + 0 (0.0135)
23:37:24: INFO [flashield.py:170 (root)]: 	w07.oracleGeneral.bin-0.1-FIFO-True n_req: 39000000, n_miss: 27933319, miss ratio: 0.7162, disk write 1978546176 + 0 (0.0135)
23:38:57: INFO [flashield.py:170 (root)]: 	w07.oracleGeneral.bin-0.1-FIFO-True n_req: 40000000, n_miss: 28804543, miss ratio: 0.7201, disk write 1978546176 + 0 (0.0135)
23:40:32: INFO [flashield.py:170 (root)]: 	w07.oracleGeneral.bin-0.1-FIFO-True n_req: 41000000, n_miss: 29695019, miss ratio: 0.7243, disk write 1978546176 + 0 (0.0135)
23:42:10: INFO [flashield.py:170 (root)]: 	w07.oracleGeneral.bin-0.1-FIFO-True n_req: 42000000, n_miss: 30605142, miss ratio: 0.7287, disk write 1978546176 + 0 (0.0135)
23:43:38: INFO [flashield.py:170 (root)]: 	w07.oracleGeneral.bin-0.1-FIFO-True n_req: 43000000, n_miss: 31436462, miss ratio: 0.7311, disk write 1978546176 + 0 (0.0135)
23:45:02: INFO [flashield.py:170 (root)]: 	w07.oracleGeneral.bin-0.1-FIFO-True n_req: 44000000, n_miss: 32242200, miss ratio: 0.7328, disk write 1978546176 + 0 (0.0135)
23:46:31: INFO [flashield.py:170 (root)]: 	w07.oracleGeneral.bin-0.1-FIFO-True n_req: 45000000, n_miss: 33060321, miss ratio: 0.7347, disk write 1978546176 + 0 (0.0135)
23:48:03: INFO [flashield.py:170 (root)]: 	w07.oracleGeneral.bin-0.1-FIFO-True n_req: 46000000, n_miss: 33919029, miss ratio: 0.7374, disk write 1978546176 + 0 (0.0135)
23:49:28: INFO [flashield.py:170 (root)]: 	w07.oracleGeneral.bin-0.1-FIFO-True n_req: 47000000, n_miss: 34720493, miss ratio: 0.7387, disk write 1978546176 + 0 (0.0135)
23:50:52: INFO [flashield.py:170 (root)]: 	w07.oracleGeneral.bin-0.1-FIFO-True n_req: 48000000, n_miss: 35514961, miss ratio: 0.7399, disk write 1978546176 + 0 (0.0135)
23:52:23: INFO [flashield.py:170 (root)]: 	w07.oracleGeneral.bin-0.1-FIFO-True n_req: 49000000, n_miss: 36361839, miss ratio: 0.7421, disk write 1978546176 + 0 (0.0135)
23:53:56: INFO [flashield.py:170 (root)]: 	w07.oracleGeneral.bin-0.1-FIFO-True n_req: 50000000, n_miss: 37218663, miss ratio: 0.7444, disk write 1978546176 + 0 (0.0135)
23:55:28: INFO [flashield.py:170 (root)]: 	w07.oracleGeneral.bin-0.1-FIFO-True n_req: 51000000, n_miss: 38074609, miss ratio: 0.7466, disk write 1978546176 + 0 (0.0135)
23:57:02: INFO [flashield.py:170 (root)]: 	w07.oracleGeneral.bin-0.1-FIFO-True n_req: 52000000, n_miss: 38965261, miss ratio: 0.7493, disk write 1978546176 + 0 (0.0135)
23:58:35: INFO [flashield.py:170 (root)]: 	w07.oracleGeneral.bin-0.1-FIFO-True n_req: 53000000, n_miss: 39830582, miss ratio: 0.7515, disk write 1978546176 + 0 (0.0135)
00:00:09: INFO [flashield.py:170 (root)]: 	w07.oracleGeneral.bin-0.1-FIFO-True n_req: 54000000, n_miss: 40706482, miss ratio: 0.7538, disk write 1978546176 + 0 (0.0135)
00:01:41: INFO [flashield.py:170 (root)]: 	w07.oracleGeneral.bin-0.1-FIFO-True n_req: 55000000, n_miss: 41568185, miss ratio: 0.7558, disk write 1978546176 + 0 (0.0135)
00:03:12: INFO [flashield.py:170 (root)]: 	w07.oracleGeneral.bin-0.1-FIFO-True n_req: 56000000, n_miss: 42430697, miss ratio: 0.7577, disk write 1978546176 + 0 (0.0135)
00:04:47: INFO [flashield.py:170 (root)]: 	w07.oracleGeneral.bin-0.1-FIFO-True n_req: 57000000, n_miss: 43303712, miss ratio: 0.7597, disk write 1978546176 + 0 (0.0135)
00:06:21: INFO [flashield.py:170 (root)]: 	w07.oracleGeneral.bin-0.1-FIFO-True n_req: 58000000, n_miss: 44180299, miss ratio: 0.7617, disk write 1978546176 + 0 (0.0135)
00:07:56: INFO [flashield.py:170 (root)]: 	w07.oracleGeneral.bin-0.1-FIFO-True n_req: 59000000, n_miss: 45069004, miss ratio: 0.7639, disk write 1978546176 + 0 (0.0135)
00:09:31: INFO [flashield.py:170 (root)]: 	w07.oracleGeneral.bin-0.1-FIFO-True n_req: 60000000, n_miss: 45955414, miss ratio: 0.7659, disk write 1978546176 + 0 (0.0135)
00:10:54: INFO [flashield.py:170 (root)]: 	w07.oracleGeneral.bin-0.1-FIFO-True n_req: 61000000, n_miss: 46719090, miss ratio: 0.7659, disk write 1978546176 + 0 (0.0135)
00:12:01: INFO [flashield.py:170 (root)]: 	w07.oracleGeneral.bin-0.1-FIFO-True n_req: 62000000, n_miss: 47351473, miss ratio: 0.7637, disk write 1978546176 + 0 (0.0135)
00:13:14: INFO [flashield.py:170 (root)]: 	w07.oracleGeneral.bin-0.1-FIFO-True n_req: 63000000, n_miss: 48030371, miss ratio: 0.7624, disk write 1978546176 + 0 (0.0135)
00:14:44: INFO [flashield.py:170 (root)]: 	w07.oracleGeneral.bin-0.1-FIFO-True n_req: 64000000, n_miss: 48876727, miss ratio: 0.7637, disk write 1978546176 + 0 (0.0135)
00:16:16: INFO [flashield.py:170 (root)]: 	w07.oracleGeneral.bin-0.1-FIFO-True n_req: 65000000, n_miss: 49730265, miss ratio: 0.7651, disk write 1978546176 + 0 (0.0135)
00:17:27: INFO [flashield.py:170 (root)]: 	w07.oracleGeneral.bin-0.1-FIFO-True n_req: 66000000, n_miss: 50382373, miss ratio: 0.7634, disk write 1978546176 + 0 (0.0135)
00:18:34: INFO [flashield.py:170 (root)]: 	w07.oracleGeneral.bin-0.1-FIFO-True n_req: 67000000, n_miss: 51007166, miss ratio: 0.7613, disk write 1978546176 + 0 (0.0135)
00:19:03: INFO [flashield.py:182 (root)]: 	w07.oracleGeneral.bin-0.1-FIFO-True n_req: 67427405, n_miss: 51275651, miss ratio: 0.7605, disk write 1978546176 + 0 (0.0135)
