22:46:38: INFO [flashield.py:220 (root)]: 	calculating wss for w08.oracleGeneral.bin
22:47:12: INFO [flashield.py:228 (root)]: 	w08.oracleGeneral.bin wss_obj: 9040043, wss_byte: 1088232028864
22:47:12: INFO [cache.py:19 (cache)]: 	create Flashield cache with size 10882320288
22:47:12: INFO [cache.py:19 (cache)]: 	create LRU cache with size 1088232028
22:47:12: INFO [cache.py:19 (cache)]: 	create FIFO cache with size 9794088260
22:47:13: INFO [flashield.py:37 (root)]: 	w08.oracleGeneral.bin Training Flashield...
22:47:13: INFO [flashield.py:42 (root)]: 	w08.oracleGeneral.bin Training Flashield: 153205 features 153205 labels ...
22:47:13: INFO [flashield.py:55 (root)]: 	w08.oracleGeneral.bin finish training
22:48:26: INFO [flashield.py:170 (root)]: 	w08.oracleGeneral.bin-0.1-FIFO-True n_req: 1000000, n_miss: 894901, miss ratio: 0.8949, disk write 69898091200 + 0 (0.0642)
22:50:09: INFO [flashield.py:170 (root)]: 	w08.oracleGeneral.bin-0.1-FIFO-True n_req: 2000000, n_miss: 1878210, miss ratio: 0.9391, disk write 69898091200 + 0 (0.0642)
22:51:49: INFO [flashield.py:170 (root)]: 	w08.oracleGeneral.bin-0.1-FIFO-True n_req: 3000000, n_miss: 2846047, miss ratio: 0.9487, disk write 69898091200 + 0 (0.0642)
22:53:32: INFO [flashield.py:170 (root)]: 	w08.oracleGeneral.bin-0.1-FIFO-True n_req: 4000000, n_miss: 3805669, miss ratio: 0.9514, disk write 69898091200 + 0 (0.0642)
22:55:14: INFO [flashield.py:170 (root)]: 	w08.oracleGeneral.bin-0.1-FIFO-True n_req: 5000000, n_miss: 4740031, miss ratio: 0.9480, disk write 69898091200 + 0 (0.0642)
22:56:45: INFO [flashield.py:170 (root)]: 	w08.oracleGeneral.bin-0.1-FIFO-True n_req: 6000000, n_miss: 5642362, miss ratio: 0.9404, disk write 69898091200 + 0 (0.0642)
22:58:24: INFO [flashield.py:170 (root)]: 	w08.oracleGeneral.bin-0.1-FIFO-True n_req: 7000000, n_miss: 6598540, miss ratio: 0.9426, disk write 69898091200 + 0 (0.0642)
23:00:06: INFO [flashield.py:170 (root)]: 	w08.oracleGeneral.bin-0.1-FIFO-True n_req: 8000000, n_miss: 7564637, miss ratio: 0.9456, disk write 69898091200 + 0 (0.0642)
23:01:48: INFO [flashield.py:170 (root)]: 	w08.oracleGeneral.bin-0.1-FIFO-True n_req: 9000000, n_miss: 8537032, miss ratio: 0.9486, disk write 69898091200 + 0 (0.0642)
23:03:30: INFO [flashield.py:170 (root)]: 	w08.oracleGeneral.bin-0.1-FIFO-True n_req: 10000000, n_miss: 9470147, miss ratio: 0.9470, disk write 69898091200 + 0 (0.0642)
23:05:10: INFO [flashield.py:170 (root)]: 	w08.oracleGeneral.bin-0.1-FIFO-True n_req: 11000000, n_miss: 10441006, miss ratio: 0.9492, disk write 69898091200 + 0 (0.0642)
23:06:46: INFO [flashield.py:170 (root)]: 	w08.oracleGeneral.bin-0.1-FIFO-True n_req: 12000000, n_miss: 11350692, miss ratio: 0.9459, disk write 69898091200 + 0 (0.0642)
23:08:28: INFO [flashield.py:170 (root)]: 	w08.oracleGeneral.bin-0.1-FIFO-True n_req: 13000000, n_miss: 12332111, miss ratio: 0.9486, disk write 69898091200 + 0 (0.0642)
23:10:07: INFO [flashield.py:170 (root)]: 	w08.oracleGeneral.bin-0.1-FIFO-True n_req: 14000000, n_miss: 13287473, miss ratio: 0.9491, disk write 69898091200 + 0 (0.0642)
23:11:52: INFO [flashield.py:170 (root)]: 	w08.oracleGeneral.bin-0.1-FIFO-True n_req: 15000000, n_miss: 14254555, miss ratio: 0.9503, disk write 69898091200 + 0 (0.0642)
23:13:38: INFO [flashield.py:170 (root)]: 	w08.oracleGeneral.bin-0.1-FIFO-True n_req: 16000000, n_miss: 15242063, miss ratio: 0.9526, disk write 69898091200 + 0 (0.0642)
23:15:25: INFO [flashield.py:170 (root)]: 	w08.oracleGeneral.bin-0.1-FIFO-True n_req: 17000000, n_miss: 16239944, miss ratio: 0.9553, disk write 69898091200 + 0 (0.0642)
23:17:10: INFO [flashield.py:170 (root)]: 	w08.oracleGeneral.bin-0.1-FIFO-True n_req: 18000000, n_miss: 17220284, miss ratio: 0.9567, disk write 69898091200 + 0 (0.0642)
23:18:57: INFO [flashield.py:170 (root)]: 	w08.oracleGeneral.bin-0.1-FIFO-True n_req: 19000000, n_miss: 18213470, miss ratio: 0.9586, disk write 69898091200 + 0 (0.0642)
23:20:44: INFO [flashield.py:170 (root)]: 	w08.oracleGeneral.bin-0.1-FIFO-True n_req: 20000000, n_miss: 19212265, miss ratio: 0.9606, disk write 69898091200 + 0 (0.0642)
23:22:18: INFO [flashield.py:170 (root)]: 	w08.oracleGeneral.bin-0.1-FIFO-True n_req: 21000000, n_miss: 20131804, miss ratio: 0.9587, disk write 69898091200 + 0 (0.0642)
23:23:58: INFO [flashield.py:170 (root)]: 	w08.oracleGeneral.bin-0.1-FIFO-True n_req: 22000000, n_miss: 21088632, miss ratio: 0.9586, disk write 69898091200 + 0 (0.0642)
23:25:41: INFO [flashield.py:170 (root)]: 	w08.oracleGeneral.bin-0.1-FIFO-True n_req: 23000000, n_miss: 22067035, miss ratio: 0.9594, disk write 69898091200 + 0 (0.0642)
23:27:20: INFO [flashield.py:170 (root)]: 	w08.oracleGeneral.bin-0.1-FIFO-True n_req: 24000000, n_miss: 23028229, miss ratio: 0.9595, disk write 69898091200 + 0 (0.0642)
23:29:02: INFO [flashield.py:170 (root)]: 	w08.oracleGeneral.bin-0.1-FIFO-True n_req: 25000000, n_miss: 23970043, miss ratio: 0.9588, disk write 69898091200 + 0 (0.0642)
23:30:35: INFO [flashield.py:170 (root)]: 	w08.oracleGeneral.bin-0.1-FIFO-True n_req: 26000000, n_miss: 24888131, miss ratio: 0.9572, disk write 69898091200 + 0 (0.0642)
23:32:15: INFO [flashield.py:170 (root)]: 	w08.oracleGeneral.bin-0.1-FIFO-True n_req: 27000000, n_miss: 25829812, miss ratio: 0.9567, disk write 69898091200 + 0 (0.0642)
23:33:55: INFO [flashield.py:170 (root)]: 	w08.oracleGeneral.bin-0.1-FIFO-True n_req: 28000000, n_miss: 26800548, miss ratio: 0.9572, disk write 69898091200 + 0 (0.0642)
23:35:37: INFO [flashield.py:170 (root)]: 	w08.oracleGeneral.bin-0.1-FIFO-True n_req: 29000000, n_miss: 27771264, miss ratio: 0.9576, disk write 69898091200 + 0 (0.0642)
23:37:19: INFO [flashield.py:170 (root)]: 	w08.oracleGeneral.bin-0.1-FIFO-True n_req: 30000000, n_miss: 28707248, miss ratio: 0.9569, disk write 69898091200 + 0 (0.0642)
23:39:04: INFO [flashield.py:170 (root)]: 	w08.oracleGeneral.bin-0.1-FIFO-True n_req: 31000000, n_miss: 29684709, miss ratio: 0.9576, disk write 69898091200 + 0 (0.0642)
23:40:45: INFO [flashield.py:170 (root)]: 	w08.oracleGeneral.bin-0.1-FIFO-True n_req: 32000000, n_miss: 30631772, miss ratio: 0.9572, disk write 69898091200 + 0 (0.0642)
23:42:26: INFO [flashield.py:170 (root)]: 	w08.oracleGeneral.bin-0.1-FIFO-True n_req: 33000000, n_miss: 31589826, miss ratio: 0.9573, disk write 69898091200 + 0 (0.0642)
23:44:09: INFO [flashield.py:170 (root)]: 	w08.oracleGeneral.bin-0.1-FIFO-True n_req: 34000000, n_miss: 32570762, miss ratio: 0.9580, disk write 69898091200 + 0 (0.0642)
23:45:53: INFO [flashield.py:170 (root)]: 	w08.oracleGeneral.bin-0.1-FIFO-True n_req: 35000000, n_miss: 33548624, miss ratio: 0.9585, disk write 69898091200 + 0 (0.0642)
23:47:32: INFO [flashield.py:170 (root)]: 	w08.oracleGeneral.bin-0.1-FIFO-True n_req: 36000000, n_miss: 34516531, miss ratio: 0.9588, disk write 69898091200 + 0 (0.0642)
23:49:14: INFO [flashield.py:170 (root)]: 	w08.oracleGeneral.bin-0.1-FIFO-True n_req: 37000000, n_miss: 35487991, miss ratio: 0.9591, disk write 69898091200 + 0 (0.0642)
23:50:53: INFO [flashield.py:170 (root)]: 	w08.oracleGeneral.bin-0.1-FIFO-True n_req: 38000000, n_miss: 36418215, miss ratio: 0.9584, disk write 69898091200 + 0 (0.0642)
23:52:34: INFO [flashield.py:170 (root)]: 	w08.oracleGeneral.bin-0.1-FIFO-True n_req: 39000000, n_miss: 37381107, miss ratio: 0.9585, disk write 69898091200 + 0 (0.0642)
23:54:10: INFO [flashield.py:170 (root)]: 	w08.oracleGeneral.bin-0.1-FIFO-True n_req: 40000000, n_miss: 38310570, miss ratio: 0.9578, disk write 69898091200 + 0 (0.0642)
23:55:50: INFO [flashield.py:170 (root)]: 	w08.oracleGeneral.bin-0.1-FIFO-True n_req: 41000000, n_miss: 39254420, miss ratio: 0.9574, disk write 69898091200 + 0 (0.0642)
23:57:34: INFO [flashield.py:170 (root)]: 	w08.oracleGeneral.bin-0.1-FIFO-True n_req: 42000000, n_miss: 40219223, miss ratio: 0.9576, disk write 69898091200 + 0 (0.0642)
23:59:08: INFO [flashield.py:170 (root)]: 	w08.oracleGeneral.bin-0.1-FIFO-True n_req: 43000000, n_miss: 41160938, miss ratio: 0.9572, disk write 69898091200 + 0 (0.0642)
00:00:54: INFO [flashield.py:170 (root)]: 	w08.oracleGeneral.bin-0.1-FIFO-True n_req: 44000000, n_miss: 42104426, miss ratio: 0.9569, disk write 69898091200 + 0 (0.0642)
00:01:41: INFO [flashield.py:182 (root)]: 	w08.oracleGeneral.bin-0.1-FIFO-True n_req: 44464937, n_miss: 42551424, miss ratio: 0.9570, disk write 69898091200 + 0 (0.0642)
