22:46:38: INFO [flashield.py:220 (root)]: 	calculating wss for w09.oracleGeneral.bin
22:47:12: INFO [flashield.py:228 (root)]: 	w09.oracleGeneral.bin wss_obj: 14867471, wss_byte: 1133869971456
22:47:12: INFO [cache.py:19 (cache)]: 	create Flashield cache with size 11338699714
22:47:12: INFO [cache.py:19 (cache)]: 	create LRU cache with size 1133869971
22:47:12: INFO [cache.py:19 (cache)]: 	create FIFO cache with size 10204829743
22:47:13: INFO [flashield.py:37 (root)]: 	w09.oracleGeneral.bin Training Flashield...
22:47:13: INFO [flashield.py:42 (root)]: 	w09.oracleGeneral.bin Training Flashield: 145285 features 145285 labels ...
22:47:13: INFO [flashield.py:55 (root)]: 	w09.oracleGeneral.bin finish training
22:47:22: INFO [flashield.py:170 (root)]: 	w09.oracleGeneral.bin-0.1-FIFO-True n_req: 1000000, n_miss: 343928, miss ratio: 0.3439, disk write 17352980480 + 0 (0.0153)
22:47:56: INFO [flashield.py:170 (root)]: 	w09.oracleGeneral.bin-0.1-FIFO-True n_req: 2000000, n_miss: 655535, miss ratio: 0.3278, disk write 17352980480 + 0 (0.0153)
22:48:58: INFO [flashield.py:170 (root)]: 	w09.oracleGeneral.bin-0.1-FIFO-True n_req: 3000000, n_miss: 1215946, miss ratio: 0.4053, disk write 17352980480 + 0 (0.0153)
22:49:41: INFO [flashield.py:170 (root)]: 	w09.oracleGeneral.bin-0.1-FIFO-True n_req: 4000000, n_miss: 1609537, miss ratio: 0.4024, disk write 17352980480 + 0 (0.0153)
22:50:34: INFO [flashield.py:170 (root)]: 	w09.oracleGeneral.bin-0.1-FIFO-True n_req: 5000000, n_miss: 2089107, miss ratio: 0.4178, disk write 17352980480 + 0 (0.0153)
22:51:30: INFO [flashield.py:170 (root)]: 	w09.oracleGeneral.bin-0.1-FIFO-True n_req: 6000000, n_miss: 2591889, miss ratio: 0.4320, disk write 17352980480 + 0 (0.0153)
22:52:28: INFO [flashield.py:170 (root)]: 	w09.oracleGeneral.bin-0.1-FIFO-True n_req: 7000000, n_miss: 3112685, miss ratio: 0.4447, disk write 17352980480 + 0 (0.0153)
22:53:24: INFO [flashield.py:170 (root)]: 	w09.oracleGeneral.bin-0.1-FIFO-True n_req: 8000000, n_miss: 3622479, miss ratio: 0.4528, disk write 17352980480 + 0 (0.0153)
22:54:25: INFO [flashield.py:170 (root)]: 	w09.oracleGeneral.bin-0.1-FIFO-True n_req: 9000000, n_miss: 4176921, miss ratio: 0.4641, disk write 17352980480 + 0 (0.0153)
22:54:58: INFO [flashield.py:170 (root)]: 	w09.oracleGeneral.bin-0.1-FIFO-True n_req: 10000000, n_miss: 4486605, miss ratio: 0.4487, disk write 17352980480 + 0 (0.0153)
22:55:59: INFO [flashield.py:170 (root)]: 	w09.oracleGeneral.bin-0.1-FIFO-True n_req: 11000000, n_miss: 5046680, miss ratio: 0.4588, disk write 17352980480 + 0 (0.0153)
22:56:35: INFO [flashield.py:170 (root)]: 	w09.oracleGeneral.bin-0.1-FIFO-True n_req: 12000000, n_miss: 5377945, miss ratio: 0.4482, disk write 17352980480 + 0 (0.0153)
22:57:13: INFO [flashield.py:170 (root)]: 	w09.oracleGeneral.bin-0.1-FIFO-True n_req: 13000000, n_miss: 5710518, miss ratio: 0.4393, disk write 17352980480 + 0 (0.0153)
22:57:50: INFO [flashield.py:170 (root)]: 	w09.oracleGeneral.bin-0.1-FIFO-True n_req: 14000000, n_miss: 6055769, miss ratio: 0.4326, disk write 17352980480 + 0 (0.0153)
22:58:36: INFO [flashield.py:170 (root)]: 	w09.oracleGeneral.bin-0.1-FIFO-True n_req: 15000000, n_miss: 6460962, miss ratio: 0.4307, disk write 17352980480 + 0 (0.0153)
22:59:52: INFO [flashield.py:170 (root)]: 	w09.oracleGeneral.bin-0.1-FIFO-True n_req: 16000000, n_miss: 7164826, miss ratio: 0.4478, disk write 17352980480 + 0 (0.0153)
23:01:12: INFO [flashield.py:170 (root)]: 	w09.oracleGeneral.bin-0.1-FIFO-True n_req: 17000000, n_miss: 7907245, miss ratio: 0.4651, disk write 17352980480 + 0 (0.0153)
23:02:19: INFO [flashield.py:170 (root)]: 	w09.oracleGeneral.bin-0.1-FIFO-True n_req: 18000000, n_miss: 8530815, miss ratio: 0.4739, disk write 17352980480 + 0 (0.0153)
23:03:30: INFO [flashield.py:170 (root)]: 	w09.oracleGeneral.bin-0.1-FIFO-True n_req: 19000000, n_miss: 9180972, miss ratio: 0.4832, disk write 17352980480 + 0 (0.0153)
23:05:12: INFO [flashield.py:170 (root)]: 	w09.oracleGeneral.bin-0.1-FIFO-True n_req: 20000000, n_miss: 10124689, miss ratio: 0.5062, disk write 17352980480 + 0 (0.0153)
23:06:53: INFO [flashield.py:170 (root)]: 	w09.oracleGeneral.bin-0.1-FIFO-True n_req: 21000000, n_miss: 11061378, miss ratio: 0.5267, disk write 17352980480 + 0 (0.0153)
23:08:35: INFO [flashield.py:170 (root)]: 	w09.oracleGeneral.bin-0.1-FIFO-True n_req: 22000000, n_miss: 12016277, miss ratio: 0.5462, disk write 17352980480 + 0 (0.0153)
23:10:18: INFO [flashield.py:170 (root)]: 	w09.oracleGeneral.bin-0.1-FIFO-True n_req: 23000000, n_miss: 12965387, miss ratio: 0.5637, disk write 17352980480 + 0 (0.0153)
23:12:00: INFO [flashield.py:170 (root)]: 	w09.oracleGeneral.bin-0.1-FIFO-True n_req: 24000000, n_miss: 13917443, miss ratio: 0.5799, disk write 17352980480 + 0 (0.0153)
23:13:31: INFO [flashield.py:170 (root)]: 	w09.oracleGeneral.bin-0.1-FIFO-True n_req: 25000000, n_miss: 14848127, miss ratio: 0.5939, disk write 17352980480 + 0 (0.0153)
23:15:19: INFO [flashield.py:170 (root)]: 	w09.oracleGeneral.bin-0.1-FIFO-True n_req: 26000000, n_miss: 15792680, miss ratio: 0.6074, disk write 17352980480 + 0 (0.0153)
23:16:52: INFO [flashield.py:170 (root)]: 	w09.oracleGeneral.bin-0.1-FIFO-True n_req: 27000000, n_miss: 16744881, miss ratio: 0.6202, disk write 17352980480 + 0 (0.0153)
23:18:07: INFO [flashield.py:170 (root)]: 	w09.oracleGeneral.bin-0.1-FIFO-True n_req: 28000000, n_miss: 17360590, miss ratio: 0.6200, disk write 17352980480 + 0 (0.0153)
23:19:31: INFO [flashield.py:170 (root)]: 	w09.oracleGeneral.bin-0.1-FIFO-True n_req: 29000000, n_miss: 18143564, miss ratio: 0.6256, disk write 17352980480 + 0 (0.0153)
23:20:54: INFO [flashield.py:170 (root)]: 	w09.oracleGeneral.bin-0.1-FIFO-True n_req: 30000000, n_miss: 18911949, miss ratio: 0.6304, disk write 17352980480 + 0 (0.0153)
23:21:48: INFO [flashield.py:170 (root)]: 	w09.oracleGeneral.bin-0.1-FIFO-True n_req: 31000000, n_miss: 19412085, miss ratio: 0.6262, disk write 17352980480 + 0 (0.0153)
23:22:20: INFO [flashield.py:170 (root)]: 	w09.oracleGeneral.bin-0.1-FIFO-True n_req: 32000000, n_miss: 19718347, miss ratio: 0.6162, disk write 17352980480 + 0 (0.0153)
23:22:58: INFO [flashield.py:170 (root)]: 	w09.oracleGeneral.bin-0.1-FIFO-True n_req: 33000000, n_miss: 20053823, miss ratio: 0.6077, disk write 17352980480 + 0 (0.0153)
23:23:35: INFO [flashield.py:170 (root)]: 	w09.oracleGeneral.bin-0.1-FIFO-True n_req: 34000000, n_miss: 20389038, miss ratio: 0.5997, disk write 17352980480 + 0 (0.0153)
23:24:31: INFO [flashield.py:170 (root)]: 	w09.oracleGeneral.bin-0.1-FIFO-True n_req: 35000000, n_miss: 20888674, miss ratio: 0.5968, disk write 17352980480 + 0 (0.0153)
23:25:18: INFO [flashield.py:170 (root)]: 	w09.oracleGeneral.bin-0.1-FIFO-True n_req: 36000000, n_miss: 21327009, miss ratio: 0.5924, disk write 17352980480 + 0 (0.0153)
23:26:21: INFO [flashield.py:170 (root)]: 	w09.oracleGeneral.bin-0.1-FIFO-True n_req: 37000000, n_miss: 21896838, miss ratio: 0.5918, disk write 17352980480 + 0 (0.0153)
23:27:35: INFO [flashield.py:170 (root)]: 	w09.oracleGeneral.bin-0.1-FIFO-True n_req: 38000000, n_miss: 22582056, miss ratio: 0.5943, disk write 17352980480 + 0 (0.0153)
23:28:44: INFO [flashield.py:170 (root)]: 	w09.oracleGeneral.bin-0.1-FIFO-True n_req: 39000000, n_miss: 23231486, miss ratio: 0.5957, disk write 17352980480 + 0 (0.0153)
23:29:20: INFO [flashield.py:170 (root)]: 	w09.oracleGeneral.bin-0.1-FIFO-True n_req: 40000000, n_miss: 23566211, miss ratio: 0.5892, disk write 17352980480 + 0 (0.0153)
23:29:57: INFO [flashield.py:170 (root)]: 	w09.oracleGeneral.bin-0.1-FIFO-True n_req: 41000000, n_miss: 23908926, miss ratio: 0.5831, disk write 17352980480 + 0 (0.0153)
23:30:34: INFO [flashield.py:170 (root)]: 	w09.oracleGeneral.bin-0.1-FIFO-True n_req: 42000000, n_miss: 24247243, miss ratio: 0.5773, disk write 17352980480 + 0 (0.0153)
23:31:28: INFO [flashield.py:170 (root)]: 	w09.oracleGeneral.bin-0.1-FIFO-True n_req: 43000000, n_miss: 24730023, miss ratio: 0.5751, disk write 17352980480 + 0 (0.0153)
23:32:16: INFO [flashield.py:170 (root)]: 	w09.oracleGeneral.bin-0.1-FIFO-True n_req: 44000000, n_miss: 25179916, miss ratio: 0.5723, disk write 17352980480 + 0 (0.0153)
23:33:02: INFO [flashield.py:170 (root)]: 	w09.oracleGeneral.bin-0.1-FIFO-True n_req: 45000000, n_miss: 25595975, miss ratio: 0.5688, disk write 17352980480 + 0 (0.0153)
23:34:05: INFO [flashield.py:170 (root)]: 	w09.oracleGeneral.bin-0.1-FIFO-True n_req: 46000000, n_miss: 26172907, miss ratio: 0.5690, disk write 17352980480 + 0 (0.0153)
23:35:00: INFO [flashield.py:170 (root)]: 	w09.oracleGeneral.bin-0.1-FIFO-True n_req: 47000000, n_miss: 26677088, miss ratio: 0.5676, disk write 17352980480 + 0 (0.0153)
23:35:57: INFO [flashield.py:170 (root)]: 	w09.oracleGeneral.bin-0.1-FIFO-True n_req: 48000000, n_miss: 27199124, miss ratio: 0.5666, disk write 17352980480 + 0 (0.0153)
23:36:56: INFO [flashield.py:170 (root)]: 	w09.oracleGeneral.bin-0.1-FIFO-True n_req: 49000000, n_miss: 27735912, miss ratio: 0.5660, disk write 17352980480 + 0 (0.0153)
23:37:31: INFO [flashield.py:182 (root)]: 	w09.oracleGeneral.bin-0.1-FIFO-True n_req: 49622929, n_miss: 28059759, miss ratio: 0.5655, disk write 17352980480 + 0 (0.0153)
