22:46:38: INFO [flashield.py:220 (root)]: 	calculating wss for w10.oracleGeneral.bin
22:47:17: INFO [flashield.py:228 (root)]: 	w10.oracleGeneral.bin wss_obj: 12529804, wss_byte: 1567400145920
22:47:17: INFO [cache.py:19 (cache)]: 	create Flashield cache with size 15674001459
22:47:17: INFO [cache.py:19 (cache)]: 	create LRU cache with size 1567400145
22:47:17: INFO [cache.py:19 (cache)]: 	create FIFO cache with size 14106601314
22:47:20: INFO [flashield.py:170 (root)]: 	w10.oracleGeneral.bin-0.1-FIFO-True n_req: 1000000, n_miss: 895419, miss ratio: 0.8954, disk write 42824163328 + 0 (0.0273)
22:47:23: INFO [flashield.py:170 (root)]: 	w10.oracleGeneral.bin-0.1-FIFO-True n_req: 2000000, n_miss: 1855515, miss ratio: 0.9278, disk write 101294853632 + 0 (0.0646)
22:47:24: INFO [flashield.py:37 (root)]: 	w10.oracleGeneral.bin Training Flashield...
22:47:24: INFO [flashield.py:42 (root)]: 	w10.oracleGeneral.bin Training Flashield: 662910 features 662910 labels ...
22:47:25: INFO [flashield.py:55 (root)]: 	w10.oracleGeneral.bin finish training
22:48:03: INFO [flashield.py:170 (root)]: 	w10.oracleGeneral.bin-0.1-FIFO-True n_req: 3000000, n_miss: 2430627, miss ratio: 0.8102, disk write 111353299968 + 0 (0.0710)
22:49:15: INFO [flashield.py:170 (root)]: 	w10.oracleGeneral.bin-0.1-FIFO-True n_req: 4000000, n_miss: 3106091, miss ratio: 0.7765, disk write 111353299968 + 0 (0.0710)
22:50:19: INFO [flashield.py:170 (root)]: 	w10.oracleGeneral.bin-0.1-FIFO-True n_req: 5000000, n_miss: 3648809, miss ratio: 0.7298, disk write 111353299968 + 0 (0.0710)
22:51:40: INFO [flashield.py:170 (root)]: 	w10.oracleGeneral.bin-0.1-FIFO-True n_req: 6000000, n_miss: 4492271, miss ratio: 0.7487, disk write 111353299968 + 0 (0.0710)
22:52:33: INFO [flashield.py:170 (root)]: 	w10.oracleGeneral.bin-0.1-FIFO-True n_req: 7000000, n_miss: 4973278, miss ratio: 0.7105, disk write 111353299968 + 0 (0.0710)
22:53:48: INFO [flashield.py:170 (root)]: 	w10.oracleGeneral.bin-0.1-FIFO-True n_req: 8000000, n_miss: 5661567, miss ratio: 0.7077, disk write 111353299968 + 0 (0.0710)
22:55:16: INFO [flashield.py:170 (root)]: 	w10.oracleGeneral.bin-0.1-FIFO-True n_req: 9000000, n_miss: 6504080, miss ratio: 0.7227, disk write 111353299968 + 0 (0.0710)
22:56:34: INFO [flashield.py:170 (root)]: 	w10.oracleGeneral.bin-0.1-FIFO-True n_req: 10000000, n_miss: 7290835, miss ratio: 0.7291, disk write 111353299968 + 0 (0.0710)
22:57:52: INFO [flashield.py:170 (root)]: 	w10.oracleGeneral.bin-0.1-FIFO-True n_req: 11000000, n_miss: 8012367, miss ratio: 0.7284, disk write 111353299968 + 0 (0.0710)
22:58:53: INFO [flashield.py:170 (root)]: 	w10.oracleGeneral.bin-0.1-FIFO-True n_req: 12000000, n_miss: 8571111, miss ratio: 0.7143, disk write 111353299968 + 0 (0.0710)
23:00:05: INFO [flashield.py:170 (root)]: 	w10.oracleGeneral.bin-0.1-FIFO-True n_req: 13000000, n_miss: 9284718, miss ratio: 0.7142, disk write 111353299968 + 0 (0.0710)
23:01:07: INFO [flashield.py:170 (root)]: 	w10.oracleGeneral.bin-0.1-FIFO-True n_req: 14000000, n_miss: 9861646, miss ratio: 0.7044, disk write 111353299968 + 0 (0.0710)
23:02:43: INFO [flashield.py:170 (root)]: 	w10.oracleGeneral.bin-0.1-FIFO-True n_req: 15000000, n_miss: 10697275, miss ratio: 0.7132, disk write 111353299968 + 0 (0.0710)
23:03:37: INFO [flashield.py:170 (root)]: 	w10.oracleGeneral.bin-0.1-FIFO-True n_req: 16000000, n_miss: 11264343, miss ratio: 0.7040, disk write 111353299968 + 0 (0.0710)
23:04:41: INFO [flashield.py:170 (root)]: 	w10.oracleGeneral.bin-0.1-FIFO-True n_req: 17000000, n_miss: 11880035, miss ratio: 0.6988, disk write 111353299968 + 0 (0.0710)
23:06:03: INFO [flashield.py:170 (root)]: 	w10.oracleGeneral.bin-0.1-FIFO-True n_req: 18000000, n_miss: 12656136, miss ratio: 0.7031, disk write 111353299968 + 0 (0.0710)
23:07:16: INFO [flashield.py:170 (root)]: 	w10.oracleGeneral.bin-0.1-FIFO-True n_req: 19000000, n_miss: 13366012, miss ratio: 0.7035, disk write 111353299968 + 0 (0.0710)
23:08:45: INFO [flashield.py:170 (root)]: 	w10.oracleGeneral.bin-0.1-FIFO-True n_req: 20000000, n_miss: 14176040, miss ratio: 0.7088, disk write 111353299968 + 0 (0.0710)
23:09:57: INFO [flashield.py:170 (root)]: 	w10.oracleGeneral.bin-0.1-FIFO-True n_req: 21000000, n_miss: 14870840, miss ratio: 0.7081, disk write 111353299968 + 0 (0.0710)
23:10:47: INFO [flashield.py:170 (root)]: 	w10.oracleGeneral.bin-0.1-FIFO-True n_req: 22000000, n_miss: 15327609, miss ratio: 0.6967, disk write 111353299968 + 0 (0.0710)
23:11:55: INFO [flashield.py:170 (root)]: 	w10.oracleGeneral.bin-0.1-FIFO-True n_req: 23000000, n_miss: 15898187, miss ratio: 0.6912, disk write 111353299968 + 0 (0.0710)
23:13:16: INFO [flashield.py:170 (root)]: 	w10.oracleGeneral.bin-0.1-FIFO-True n_req: 24000000, n_miss: 16724466, miss ratio: 0.6969, disk write 111353299968 + 0 (0.0710)
23:14:16: INFO [flashield.py:170 (root)]: 	w10.oracleGeneral.bin-0.1-FIFO-True n_req: 25000000, n_miss: 17241428, miss ratio: 0.6897, disk write 111353299968 + 0 (0.0710)
23:15:57: INFO [flashield.py:170 (root)]: 	w10.oracleGeneral.bin-0.1-FIFO-True n_req: 26000000, n_miss: 18169904, miss ratio: 0.6988, disk write 111353299968 + 0 (0.0710)
23:17:05: INFO [flashield.py:170 (root)]: 	w10.oracleGeneral.bin-0.1-FIFO-True n_req: 27000000, n_miss: 18865115, miss ratio: 0.6987, disk write 111353299968 + 0 (0.0710)
23:17:58: INFO [flashield.py:170 (root)]: 	w10.oracleGeneral.bin-0.1-FIFO-True n_req: 28000000, n_miss: 19365039, miss ratio: 0.6916, disk write 111353299968 + 0 (0.0710)
23:18:57: INFO [flashield.py:170 (root)]: 	w10.oracleGeneral.bin-0.1-FIFO-True n_req: 29000000, n_miss: 19891704, miss ratio: 0.6859, disk write 111353299968 + 0 (0.0710)
23:20:08: INFO [flashield.py:170 (root)]: 	w10.oracleGeneral.bin-0.1-FIFO-True n_req: 30000000, n_miss: 20523899, miss ratio: 0.6841, disk write 111353299968 + 0 (0.0710)
23:21:54: INFO [flashield.py:170 (root)]: 	w10.oracleGeneral.bin-0.1-FIFO-True n_req: 31000000, n_miss: 21517925, miss ratio: 0.6941, disk write 111353299968 + 0 (0.0710)
23:23:40: INFO [flashield.py:170 (root)]: 	w10.oracleGeneral.bin-0.1-FIFO-True n_req: 32000000, n_miss: 22511640, miss ratio: 0.7035, disk write 111353299968 + 0 (0.0710)
23:25:17: INFO [flashield.py:170 (root)]: 	w10.oracleGeneral.bin-0.1-FIFO-True n_req: 33000000, n_miss: 23429472, miss ratio: 0.7100, disk write 111353299968 + 0 (0.0710)
23:26:56: INFO [flashield.py:170 (root)]: 	w10.oracleGeneral.bin-0.1-FIFO-True n_req: 34000000, n_miss: 24390773, miss ratio: 0.7174, disk write 111353299968 + 0 (0.0710)
23:28:17: INFO [flashield.py:170 (root)]: 	w10.oracleGeneral.bin-0.1-FIFO-True n_req: 35000000, n_miss: 25152886, miss ratio: 0.7187, disk write 111353299968 + 0 (0.0710)
23:29:36: INFO [flashield.py:170 (root)]: 	w10.oracleGeneral.bin-0.1-FIFO-True n_req: 36000000, n_miss: 25854793, miss ratio: 0.7182, disk write 111353299968 + 0 (0.0710)
23:30:46: INFO [flashield.py:170 (root)]: 	w10.oracleGeneral.bin-0.1-FIFO-True n_req: 37000000, n_miss: 26545832, miss ratio: 0.7175, disk write 111353299968 + 0 (0.0710)
23:32:01: INFO [flashield.py:170 (root)]: 	w10.oracleGeneral.bin-0.1-FIFO-True n_req: 38000000, n_miss: 27238189, miss ratio: 0.7168, disk write 111353299968 + 0 (0.0710)
23:33:20: INFO [flashield.py:170 (root)]: 	w10.oracleGeneral.bin-0.1-FIFO-True n_req: 39000000, n_miss: 27989673, miss ratio: 0.7177, disk write 111353299968 + 0 (0.0710)
23:34:24: INFO [flashield.py:170 (root)]: 	w10.oracleGeneral.bin-0.1-FIFO-True n_req: 40000000, n_miss: 28618095, miss ratio: 0.7155, disk write 111353299968 + 0 (0.0710)
23:35:49: INFO [flashield.py:170 (root)]: 	w10.oracleGeneral.bin-0.1-FIFO-True n_req: 41000000, n_miss: 29407911, miss ratio: 0.7173, disk write 111353299968 + 0 (0.0710)
23:37:01: INFO [flashield.py:170 (root)]: 	w10.oracleGeneral.bin-0.1-FIFO-True n_req: 42000000, n_miss: 30069337, miss ratio: 0.7159, disk write 111353299968 + 0 (0.0710)
23:38:22: INFO [flashield.py:170 (root)]: 	w10.oracleGeneral.bin-0.1-FIFO-True n_req: 43000000, n_miss: 30825255, miss ratio: 0.7169, disk write 111353299968 + 0 (0.0710)
23:39:54: INFO [flashield.py:170 (root)]: 	w10.oracleGeneral.bin-0.1-FIFO-True n_req: 44000000, n_miss: 31691940, miss ratio: 0.7203, disk write 111353299968 + 0 (0.0710)
23:41:01: INFO [flashield.py:170 (root)]: 	w10.oracleGeneral.bin-0.1-FIFO-True n_req: 45000000, n_miss: 32301242, miss ratio: 0.7178, disk write 111353299968 + 0 (0.0710)
23:42:16: INFO [flashield.py:170 (root)]: 	w10.oracleGeneral.bin-0.1-FIFO-True n_req: 46000000, n_miss: 33040185, miss ratio: 0.7183, disk write 111353299968 + 0 (0.0710)
23:43:21: INFO [flashield.py:170 (root)]: 	w10.oracleGeneral.bin-0.1-FIFO-True n_req: 47000000, n_miss: 33648476, miss ratio: 0.7159, disk write 111353299968 + 0 (0.0710)
23:44:42: INFO [flashield.py:170 (root)]: 	w10.oracleGeneral.bin-0.1-FIFO-True n_req: 48000000, n_miss: 34396863, miss ratio: 0.7166, disk write 111353299968 + 0 (0.0710)
23:45:05: INFO [flashield.py:182 (root)]: 	w10.oracleGeneral.bin-0.1-FIFO-True n_req: 48342350, n_miss: 34619611, miss ratio: 0.7161, disk write 111353299968 + 0 (0.0710)
