22:46:38: INFO [flashield.py:220 (root)]: 	calculating wss for w11.oracleGeneral.bin
22:47:16: INFO [flashield.py:228 (root)]: 	w11.oracleGeneral.bin wss_obj: 2644480, wss_byte: 81287552000
22:47:16: INFO [cache.py:19 (cache)]: 	create Flashield cache with size 812875520
22:47:16: INFO [cache.py:19 (cache)]: 	create LRU cache with size 81287552
22:47:16: INFO [cache.py:19 (cache)]: 	create FIFO cache with size 731587968
22:47:16: INFO [flashield.py:37 (root)]: 	w11.oracleGeneral.bin Training Flashield...
22:47:16: INFO [flashield.py:42 (root)]: 	w11.oracleGeneral.bin Training Flashield: 2219 features 2219 labels ...
22:47:16: INFO [flashield.py:55 (root)]: 	w11.oracleGeneral.bin finish training
22:48:56: INFO [flashield.py:170 (root)]: 	w11.oracleGeneral.bin-0.1-FIFO-True n_req: 1000000, n_miss: 967129, miss ratio: 0.9671, disk write 832946176 + 0 (0.0102)
22:50:38: INFO [flashield.py:170 (root)]: 	w11.oracleGeneral.bin-0.1-FIFO-True n_req: 2000000, n_miss: 1946401, miss ratio: 0.9732, disk write 832946176 + 0 (0.0102)
22:52:17: INFO [flashield.py:170 (root)]: 	w11.oracleGeneral.bin-0.1-FIFO-True n_req: 3000000, n_miss: 2895442, miss ratio: 0.9651, disk write 832946176 + 0 (0.0102)
22:53:59: INFO [flashield.py:170 (root)]: 	w11.oracleGeneral.bin-0.1-FIFO-True n_req: 4000000, n_miss: 3866344, miss ratio: 0.9666, disk write 832946176 + 0 (0.0102)
22:55:41: INFO [flashield.py:170 (root)]: 	w11.oracleGeneral.bin-0.1-FIFO-True n_req: 5000000, n_miss: 4840313, miss ratio: 0.9681, disk write 832946176 + 0 (0.0102)
22:57:23: INFO [flashield.py:170 (root)]: 	w11.oracleGeneral.bin-0.1-FIFO-True n_req: 6000000, n_miss: 5810346, miss ratio: 0.9684, disk write 832946176 + 0 (0.0102)
22:59:06: INFO [flashield.py:170 (root)]: 	w11.oracleGeneral.bin-0.1-FIFO-True n_req: 7000000, n_miss: 6787512, miss ratio: 0.9696, disk write 832946176 + 0 (0.0102)
23:00:47: INFO [flashield.py:170 (root)]: 	w11.oracleGeneral.bin-0.1-FIFO-True n_req: 8000000, n_miss: 7753131, miss ratio: 0.9691, disk write 832946176 + 0 (0.0102)
23:02:28: INFO [flashield.py:170 (root)]: 	w11.oracleGeneral.bin-0.1-FIFO-True n_req: 9000000, n_miss: 8714697, miss ratio: 0.9683, disk write 832946176 + 0 (0.0102)
23:04:10: INFO [flashield.py:170 (root)]: 	w11.oracleGeneral.bin-0.1-FIFO-True n_req: 10000000, n_miss: 9681009, miss ratio: 0.9681, disk write 832946176 + 0 (0.0102)
23:05:53: INFO [flashield.py:170 (root)]: 	w11.oracleGeneral.bin-0.1-FIFO-True n_req: 11000000, n_miss: 10657653, miss ratio: 0.9689, disk write 832946176 + 0 (0.0102)
23:07:35: INFO [flashield.py:170 (root)]: 	w11.oracleGeneral.bin-0.1-FIFO-True n_req: 12000000, n_miss: 11627462, miss ratio: 0.9690, disk write 832946176 + 0 (0.0102)
23:09:20: INFO [flashield.py:170 (root)]: 	w11.oracleGeneral.bin-0.1-FIFO-True n_req: 13000000, n_miss: 12615295, miss ratio: 0.9704, disk write 832946176 + 0 (0.0102)
23:11:02: INFO [flashield.py:170 (root)]: 	w11.oracleGeneral.bin-0.1-FIFO-True n_req: 14000000, n_miss: 13588439, miss ratio: 0.9706, disk write 832946176 + 0 (0.0102)
23:12:46: INFO [flashield.py:170 (root)]: 	w11.oracleGeneral.bin-0.1-FIFO-True n_req: 15000000, n_miss: 14575379, miss ratio: 0.9717, disk write 832946176 + 0 (0.0102)
23:14:25: INFO [flashield.py:170 (root)]: 	w11.oracleGeneral.bin-0.1-FIFO-True n_req: 16000000, n_miss: 15516512, miss ratio: 0.9698, disk write 832946176 + 0 (0.0102)
23:16:09: INFO [flashield.py:170 (root)]: 	w11.oracleGeneral.bin-0.1-FIFO-True n_req: 17000000, n_miss: 16508320, miss ratio: 0.9711, disk write 832946176 + 0 (0.0102)
23:17:52: INFO [flashield.py:170 (root)]: 	w11.oracleGeneral.bin-0.1-FIFO-True n_req: 18000000, n_miss: 17484147, miss ratio: 0.9713, disk write 832946176 + 0 (0.0102)
23:19:34: INFO [flashield.py:170 (root)]: 	w11.oracleGeneral.bin-0.1-FIFO-True n_req: 19000000, n_miss: 18460558, miss ratio: 0.9716, disk write 832946176 + 0 (0.0102)
23:21:19: INFO [flashield.py:170 (root)]: 	w11.oracleGeneral.bin-0.1-FIFO-True n_req: 20000000, n_miss: 19454592, miss ratio: 0.9727, disk write 832946176 + 0 (0.0102)
23:23:03: INFO [flashield.py:170 (root)]: 	w11.oracleGeneral.bin-0.1-FIFO-True n_req: 21000000, n_miss: 20448139, miss ratio: 0.9737, disk write 832946176 + 0 (0.0102)
23:24:48: INFO [flashield.py:170 (root)]: 	w11.oracleGeneral.bin-0.1-FIFO-True n_req: 22000000, n_miss: 21442180, miss ratio: 0.9746, disk write 832946176 + 0 (0.0102)
23:26:32: INFO [flashield.py:170 (root)]: 	w11.oracleGeneral.bin-0.1-FIFO-True n_req: 23000000, n_miss: 22432288, miss ratio: 0.9753, disk write 832946176 + 0 (0.0102)
23:28:16: INFO [flashield.py:170 (root)]: 	w11.oracleGeneral.bin-0.1-FIFO-True n_req: 24000000, n_miss: 23422963, miss ratio: 0.9760, disk write 832946176 + 0 (0.0102)
23:30:01: INFO [flashield.py:170 (root)]: 	w11.oracleGeneral.bin-0.1-FIFO-True n_req: 25000000, n_miss: 24416606, miss ratio: 0.9767, disk write 832946176 + 0 (0.0102)
23:31:45: INFO [flashield.py:170 (root)]: 	w11.oracleGeneral.bin-0.1-FIFO-True n_req: 26000000, n_miss: 25409770, miss ratio: 0.9773, disk write 832946176 + 0 (0.0102)
23:33:30: INFO [flashield.py:170 (root)]: 	w11.oracleGeneral.bin-0.1-FIFO-True n_req: 27000000, n_miss: 26401434, miss ratio: 0.9778, disk write 832946176 + 0 (0.0102)
23:35:14: INFO [flashield.py:170 (root)]: 	w11.oracleGeneral.bin-0.1-FIFO-True n_req: 28000000, n_miss: 27391724, miss ratio: 0.9783, disk write 832946176 + 0 (0.0102)
23:36:58: INFO [flashield.py:170 (root)]: 	w11.oracleGeneral.bin-0.1-FIFO-True n_req: 29000000, n_miss: 28382902, miss ratio: 0.9787, disk write 832946176 + 0 (0.0102)
23:38:42: INFO [flashield.py:170 (root)]: 	w11.oracleGeneral.bin-0.1-FIFO-True n_req: 30000000, n_miss: 29374293, miss ratio: 0.9791, disk write 832946176 + 0 (0.0102)
23:40:26: INFO [flashield.py:170 (root)]: 	w11.oracleGeneral.bin-0.1-FIFO-True n_req: 31000000, n_miss: 30366041, miss ratio: 0.9795, disk write 832946176 + 0 (0.0102)
23:42:10: INFO [flashield.py:170 (root)]: 	w11.oracleGeneral.bin-0.1-FIFO-True n_req: 32000000, n_miss: 31356205, miss ratio: 0.9799, disk write 832946176 + 0 (0.0102)
23:43:54: INFO [flashield.py:170 (root)]: 	w11.oracleGeneral.bin-0.1-FIFO-True n_req: 33000000, n_miss: 32345051, miss ratio: 0.9802, disk write 832946176 + 0 (0.0102)
23:45:39: INFO [flashield.py:170 (root)]: 	w11.oracleGeneral.bin-0.1-FIFO-True n_req: 34000000, n_miss: 33335269, miss ratio: 0.9804, disk write 832946176 + 0 (0.0102)
23:47:23: INFO [flashield.py:170 (root)]: 	w11.oracleGeneral.bin-0.1-FIFO-True n_req: 35000000, n_miss: 34327626, miss ratio: 0.9808, disk write 832946176 + 0 (0.0102)
23:49:07: INFO [flashield.py:170 (root)]: 	w11.oracleGeneral.bin-0.1-FIFO-True n_req: 36000000, n_miss: 35319396, miss ratio: 0.9811, disk write 832946176 + 0 (0.0102)
23:50:52: INFO [flashield.py:170 (root)]: 	w11.oracleGeneral.bin-0.1-FIFO-True n_req: 37000000, n_miss: 36309360, miss ratio: 0.9813, disk write 832946176 + 0 (0.0102)
23:52:36: INFO [flashield.py:170 (root)]: 	w11.oracleGeneral.bin-0.1-FIFO-True n_req: 38000000, n_miss: 37298363, miss ratio: 0.9815, disk write 832946176 + 0 (0.0102)
23:54:21: INFO [flashield.py:170 (root)]: 	w11.oracleGeneral.bin-0.1-FIFO-True n_req: 39000000, n_miss: 38289306, miss ratio: 0.9818, disk write 832946176 + 0 (0.0102)
23:56:05: INFO [flashield.py:170 (root)]: 	w11.oracleGeneral.bin-0.1-FIFO-True n_req: 40000000, n_miss: 39281545, miss ratio: 0.9820, disk write 832946176 + 0 (0.0102)
23:57:50: INFO [flashield.py:170 (root)]: 	w11.oracleGeneral.bin-0.1-FIFO-True n_req: 41000000, n_miss: 40274626, miss ratio: 0.9823, disk write 832946176 + 0 (0.0102)
23:59:35: INFO [flashield.py:170 (root)]: 	w11.oracleGeneral.bin-0.1-FIFO-True n_req: 42000000, n_miss: 41267434, miss ratio: 0.9826, disk write 832946176 + 0 (0.0102)
00:01:19: INFO [flashield.py:170 (root)]: 	w11.oracleGeneral.bin-0.1-FIFO-True n_req: 43000000, n_miss: 42258029, miss ratio: 0.9827, disk write 832946176 + 0 (0.0102)
00:03:04: INFO [flashield.py:170 (root)]: 	w11.oracleGeneral.bin-0.1-FIFO-True n_req: 44000000, n_miss: 43247457, miss ratio: 0.9829, disk write 832946176 + 0 (0.0102)
00:04:48: INFO [flashield.py:170 (root)]: 	w11.oracleGeneral.bin-0.1-FIFO-True n_req: 45000000, n_miss: 44237694, miss ratio: 0.9831, disk write 832946176 + 0 (0.0102)
00:06:33: INFO [flashield.py:170 (root)]: 	w11.oracleGeneral.bin-0.1-FIFO-True n_req: 46000000, n_miss: 45230208, miss ratio: 0.9833, disk write 832946176 + 0 (0.0102)
00:06:51: INFO [flashield.py:182 (root)]: 	w11.oracleGeneral.bin-0.1-FIFO-True n_req: 46173369, n_miss: 45401971, miss ratio: 0.9833, disk write 832946176 + 0 (0.0102)
