22:46:38: INFO [flashield.py:220 (root)]: 	calculating wss for w12.oracleGeneral.bin
22:47:00: INFO [flashield.py:228 (root)]: 	w12.oracleGeneral.bin wss_obj: 417995, wss_byte: 8178838016
22:47:00: INFO [cache.py:19 (cache)]: 	create Flashield cache with size 81788380
22:47:00: INFO [cache.py:19 (cache)]: 	create LRU cache with size 8178838
22:47:00: INFO [cache.py:19 (cache)]: 	create FIFO cache with size 73609542
22:47:01: INFO [flashield.py:37 (root)]: 	w12.oracleGeneral.bin Training Flashield...
22:47:01: INFO [flashield.py:42 (root)]: 	w12.oracleGeneral.bin Training Flashield: 14022 features 14022 labels ...
22:47:01: INFO [flashield.py:55 (root)]: 	w12.oracleGeneral.bin finish training
22:47:07: INFO [flashield.py:170 (root)]: 	w12.oracleGeneral.bin-0.1-FIFO-True n_req: 1000000, n_miss: 84169, miss ratio: 0.0842, disk write 218942464 + 0 (0.0268)
22:47:15: INFO [flashield.py:170 (root)]: 	w12.oracleGeneral.bin-0.1-FIFO-True n_req: 2000000, n_miss: 156632, miss ratio: 0.0783, disk write 218942464 + 0 (0.0268)
22:47:21: INFO [flashield.py:170 (root)]: 	w12.oracleGeneral.bin-0.1-FIFO-True n_req: 3000000, n_miss: 206944, miss ratio: 0.0690, disk write 218942464 + 0 (0.0268)
22:47:29: INFO [flashield.py:170 (root)]: 	w12.oracleGeneral.bin-0.1-FIFO-True n_req: 4000000, n_miss: 273603, miss ratio: 0.0684, disk write 218942464 + 0 (0.0268)
22:47:36: INFO [flashield.py:170 (root)]: 	w12.oracleGeneral.bin-0.1-FIFO-True n_req: 5000000, n_miss: 334661, miss ratio: 0.0669, disk write 218942464 + 0 (0.0268)
22:47:45: INFO [flashield.py:170 (root)]: 	w12.oracleGeneral.bin-0.1-FIFO-True n_req: 6000000, n_miss: 404283, miss ratio: 0.0674, disk write 218942464 + 0 (0.0268)
22:47:53: INFO [flashield.py:170 (root)]: 	w12.oracleGeneral.bin-0.1-FIFO-True n_req: 7000000, n_miss: 479381, miss ratio: 0.0685, disk write 218942464 + 0 (0.0268)
22:48:03: INFO [flashield.py:170 (root)]: 	w12.oracleGeneral.bin-0.1-FIFO-True n_req: 8000000, n_miss: 563353, miss ratio: 0.0704, disk write 218942464 + 0 (0.0268)
22:48:10: INFO [flashield.py:170 (root)]: 	w12.oracleGeneral.bin-0.1-FIFO-True n_req: 9000000, n_miss: 621729, miss ratio: 0.0691, disk write 218942464 + 0 (0.0268)
22:48:16: INFO [flashield.py:170 (root)]: 	w12.oracleGeneral.bin-0.1-FIFO-True n_req: 10000000, n_miss: 673834, miss ratio: 0.0674, disk write 218942464 + 0 (0.0268)
22:48:25: INFO [flashield.py:170 (root)]: 	w12.oracleGeneral.bin-0.1-FIFO-True n_req: 11000000, n_miss: 746037, miss ratio: 0.0678, disk write 218942464 + 0 (0.0268)
22:48:33: INFO [flashield.py:170 (root)]: 	w12.oracleGeneral.bin-0.1-FIFO-True n_req: 12000000, n_miss: 814727, miss ratio: 0.0679, disk write 218942464 + 0 (0.0268)
22:48:39: INFO [flashield.py:170 (root)]: 	w12.oracleGeneral.bin-0.1-FIFO-True n_req: 13000000, n_miss: 869672, miss ratio: 0.0669, disk write 218942464 + 0 (0.0268)
22:48:49: INFO [flashield.py:170 (root)]: 	w12.oracleGeneral.bin-0.1-FIFO-True n_req: 14000000, n_miss: 951907, miss ratio: 0.0680, disk write 218942464 + 0 (0.0268)
22:48:57: INFO [flashield.py:170 (root)]: 	w12.oracleGeneral.bin-0.1-FIFO-True n_req: 15000000, n_miss: 1024543, miss ratio: 0.0683, disk write 218942464 + 0 (0.0268)
22:49:07: INFO [flashield.py:170 (root)]: 	w12.oracleGeneral.bin-0.1-FIFO-True n_req: 16000000, n_miss: 1107714, miss ratio: 0.0692, disk write 218942464 + 0 (0.0268)
22:49:13: INFO [flashield.py:170 (root)]: 	w12.oracleGeneral.bin-0.1-FIFO-True n_req: 17000000, n_miss: 1158842, miss ratio: 0.0682, disk write 218942464 + 0 (0.0268)
22:49:20: INFO [flashield.py:170 (root)]: 	w12.oracleGeneral.bin-0.1-FIFO-True n_req: 18000000, n_miss: 1218792, miss ratio: 0.0677, disk write 218942464 + 0 (0.0268)
22:49:28: INFO [flashield.py:170 (root)]: 	w12.oracleGeneral.bin-0.1-FIFO-True n_req: 19000000, n_miss: 1288030, miss ratio: 0.0678, disk write 218942464 + 0 (0.0268)
22:49:35: INFO [flashield.py:170 (root)]: 	w12.oracleGeneral.bin-0.1-FIFO-True n_req: 20000000, n_miss: 1342694, miss ratio: 0.0671, disk write 218942464 + 0 (0.0268)
22:49:44: INFO [flashield.py:170 (root)]: 	w12.oracleGeneral.bin-0.1-FIFO-True n_req: 21000000, n_miss: 1416304, miss ratio: 0.0674, disk write 218942464 + 0 (0.0268)
22:49:51: INFO [flashield.py:170 (root)]: 	w12.oracleGeneral.bin-0.1-FIFO-True n_req: 22000000, n_miss: 1477883, miss ratio: 0.0672, disk write 218942464 + 0 (0.0268)
22:49:57: INFO [flashield.py:170 (root)]: 	w12.oracleGeneral.bin-0.1-FIFO-True n_req: 23000000, n_miss: 1527762, miss ratio: 0.0664, disk write 218942464 + 0 (0.0268)
22:50:05: INFO [flashield.py:170 (root)]: 	w12.oracleGeneral.bin-0.1-FIFO-True n_req: 24000000, n_miss: 1592802, miss ratio: 0.0664, disk write 218942464 + 0 (0.0268)
22:50:12: INFO [flashield.py:170 (root)]: 	w12.oracleGeneral.bin-0.1-FIFO-True n_req: 25000000, n_miss: 1648953, miss ratio: 0.0660, disk write 218942464 + 0 (0.0268)
22:50:19: INFO [flashield.py:170 (root)]: 	w12.oracleGeneral.bin-0.1-FIFO-True n_req: 26000000, n_miss: 1713334, miss ratio: 0.0659, disk write 218942464 + 0 (0.0268)
22:50:26: INFO [flashield.py:170 (root)]: 	w12.oracleGeneral.bin-0.1-FIFO-True n_req: 27000000, n_miss: 1772251, miss ratio: 0.0656, disk write 218942464 + 0 (0.0268)
22:50:34: INFO [flashield.py:170 (root)]: 	w12.oracleGeneral.bin-0.1-FIFO-True n_req: 28000000, n_miss: 1836580, miss ratio: 0.0656, disk write 218942464 + 0 (0.0268)
22:50:43: INFO [flashield.py:170 (root)]: 	w12.oracleGeneral.bin-0.1-FIFO-True n_req: 29000000, n_miss: 1913342, miss ratio: 0.0660, disk write 218942464 + 0 (0.0268)
22:50:51: INFO [flashield.py:170 (root)]: 	w12.oracleGeneral.bin-0.1-FIFO-True n_req: 30000000, n_miss: 1989703, miss ratio: 0.0663, disk write 218942464 + 0 (0.0268)
22:50:58: INFO [flashield.py:170 (root)]: 	w12.oracleGeneral.bin-0.1-FIFO-True n_req: 31000000, n_miss: 2044394, miss ratio: 0.0659, disk write 218942464 + 0 (0.0268)
22:51:05: INFO [flashield.py:170 (root)]: 	w12.oracleGeneral.bin-0.1-FIFO-True n_req: 32000000, n_miss: 2102072, miss ratio: 0.0657, disk write 218942464 + 0 (0.0268)
22:51:16: INFO [flashield.py:170 (root)]: 	w12.oracleGeneral.bin-0.1-FIFO-True n_req: 33000000, n_miss: 2199102, miss ratio: 0.0666, disk write 218942464 + 0 (0.0268)
22:51:26: INFO [flashield.py:170 (root)]: 	w12.oracleGeneral.bin-0.1-FIFO-True n_req: 34000000, n_miss: 2287075, miss ratio: 0.0673, disk write 218942464 + 0 (0.0268)
22:51:35: INFO [flashield.py:170 (root)]: 	w12.oracleGeneral.bin-0.1-FIFO-True n_req: 35000000, n_miss: 2362445, miss ratio: 0.0675, disk write 218942464 + 0 (0.0268)
22:51:44: INFO [flashield.py:170 (root)]: 	w12.oracleGeneral.bin-0.1-FIFO-True n_req: 36000000, n_miss: 2446038, miss ratio: 0.0679, disk write 218942464 + 0 (0.0268)
22:51:53: INFO [flashield.py:170 (root)]: 	w12.oracleGeneral.bin-0.1-FIFO-True n_req: 37000000, n_miss: 2521428, miss ratio: 0.0681, disk write 218942464 + 0 (0.0268)
22:52:02: INFO [flashield.py:170 (root)]: 	w12.oracleGeneral.bin-0.1-FIFO-True n_req: 38000000, n_miss: 2599027, miss ratio: 0.0684, disk write 218942464 + 0 (0.0268)
22:52:10: INFO [flashield.py:170 (root)]: 	w12.oracleGeneral.bin-0.1-FIFO-True n_req: 39000000, n_miss: 2670107, miss ratio: 0.0685, disk write 218942464 + 0 (0.0268)
22:52:20: INFO [flashield.py:170 (root)]: 	w12.oracleGeneral.bin-0.1-FIFO-True n_req: 40000000, n_miss: 2758848, miss ratio: 0.0690, disk write 218942464 + 0 (0.0268)
22:52:29: INFO [flashield.py:170 (root)]: 	w12.oracleGeneral.bin-0.1-FIFO-True n_req: 41000000, n_miss: 2834583, miss ratio: 0.0691, disk write 218942464 + 0 (0.0268)
22:52:45: INFO [flashield.py:170 (root)]: 	w12.oracleGeneral.bin-0.1-FIFO-True n_req: 42000000, n_miss: 2977429, miss ratio: 0.0709, disk write 218942464 + 0 (0.0268)
22:52:56: INFO [flashield.py:170 (root)]: 	w12.oracleGeneral.bin-0.1-FIFO-True n_req: 43000000, n_miss: 3074988, miss ratio: 0.0715, disk write 218942464 + 0 (0.0268)
22:53:04: INFO [flashield.py:170 (root)]: 	w12.oracleGeneral.bin-0.1-FIFO-True n_req: 44000000, n_miss: 3145575, miss ratio: 0.0715, disk write 218942464 + 0 (0.0268)
22:53:13: INFO [flashield.py:170 (root)]: 	w12.oracleGeneral.bin-0.1-FIFO-True n_req: 45000000, n_miss: 3222292, miss ratio: 0.0716, disk write 218942464 + 0 (0.0268)
22:53:16: INFO [flashield.py:182 (root)]: 	w12.oracleGeneral.bin-0.1-FIFO-True n_req: 45355529, n_miss: 3248177, miss ratio: 0.0716, disk write 218942464 + 0 (0.0268)
