22:46:38: INFO [flashield.py:220 (root)]: 	calculating wss for w34.oracleGeneral.bin
22:46:53: INFO [flashield.py:228 (root)]: 	w34.oracleGeneral.bin wss_obj: 5140683, wss_byte: 220393296384
22:46:53: INFO [cache.py:19 (cache)]: 	create Flashield cache with size 2203932963
22:46:53: INFO [cache.py:19 (cache)]: 	create LRU cache with size 220393296
22:46:53: INFO [cache.py:19 (cache)]: 	create FIFO cache with size 1983539667
22:46:53: INFO [flashield.py:37 (root)]: 	w34.oracleGeneral.bin Training Flashield...
22:46:53: INFO [flashield.py:42 (root)]: 	w34.oracleGeneral.bin Training Flashield: 19405 features 19405 labels ...
22:46:53: INFO [flashield.py:55 (root)]: 	w34.oracleGeneral.bin finish training
22:48:05: INFO [flashield.py:170 (root)]: 	w34.oracleGeneral.bin-0.1-FIFO-True n_req: 1000000, n_miss: 767966, miss ratio: 0.7680, disk write 1014110720 + 0 (0.0046)
22:49:38: INFO [flashield.py:170 (root)]: 	w34.oracleGeneral.bin-0.1-FIFO-True n_req: 2000000, n_miss: 1643660, miss ratio: 0.8218, disk write 1014110720 + 0 (0.0046)
22:50:56: INFO [flashield.py:170 (root)]: 	w34.oracleGeneral.bin-0.1-FIFO-True n_req: 3000000, n_miss: 2374752, miss ratio: 0.7916, disk write 1014110720 + 0 (0.0046)
22:52:23: INFO [flashield.py:170 (root)]: 	w34.oracleGeneral.bin-0.1-FIFO-True n_req: 4000000, n_miss: 3203872, miss ratio: 0.8010, disk write 1014110720 + 0 (0.0046)
22:53:52: INFO [flashield.py:170 (root)]: 	w34.oracleGeneral.bin-0.1-FIFO-True n_req: 5000000, n_miss: 4032162, miss ratio: 0.8064, disk write 1014110720 + 0 (0.0046)
22:55:24: INFO [flashield.py:170 (root)]: 	w34.oracleGeneral.bin-0.1-FIFO-True n_req: 6000000, n_miss: 4903081, miss ratio: 0.8172, disk write 1014110720 + 0 (0.0046)
22:56:54: INFO [flashield.py:170 (root)]: 	w34.oracleGeneral.bin-0.1-FIFO-True n_req: 7000000, n_miss: 5753209, miss ratio: 0.8219, disk write 1014110720 + 0 (0.0046)
22:58:34: INFO [flashield.py:170 (root)]: 	w34.oracleGeneral.bin-0.1-FIFO-True n_req: 8000000, n_miss: 6712946, miss ratio: 0.8391, disk write 1014110720 + 0 (0.0046)
23:00:18: INFO [flashield.py:170 (root)]: 	w34.oracleGeneral.bin-0.1-FIFO-True n_req: 9000000, n_miss: 7691842, miss ratio: 0.8546, disk write 1014110720 + 0 (0.0046)
23:02:03: INFO [flashield.py:170 (root)]: 	w34.oracleGeneral.bin-0.1-FIFO-True n_req: 10000000, n_miss: 8668202, miss ratio: 0.8668, disk write 1014110720 + 0 (0.0046)
23:03:48: INFO [flashield.py:170 (root)]: 	w34.oracleGeneral.bin-0.1-FIFO-True n_req: 11000000, n_miss: 9654467, miss ratio: 0.8777, disk write 1014110720 + 0 (0.0046)
23:05:31: INFO [flashield.py:170 (root)]: 	w34.oracleGeneral.bin-0.1-FIFO-True n_req: 12000000, n_miss: 10642408, miss ratio: 0.8869, disk write 1014110720 + 0 (0.0046)
23:07:08: INFO [flashield.py:170 (root)]: 	w34.oracleGeneral.bin-0.1-FIFO-True n_req: 13000000, n_miss: 11556516, miss ratio: 0.8890, disk write 1014110720 + 0 (0.0046)
23:08:41: INFO [flashield.py:170 (root)]: 	w34.oracleGeneral.bin-0.1-FIFO-True n_req: 14000000, n_miss: 12428049, miss ratio: 0.8877, disk write 1014110720 + 0 (0.0046)
23:10:24: INFO [flashield.py:170 (root)]: 	w34.oracleGeneral.bin-0.1-FIFO-True n_req: 15000000, n_miss: 13411557, miss ratio: 0.8941, disk write 1014110720 + 0 (0.0046)
23:11:55: INFO [flashield.py:170 (root)]: 	w34.oracleGeneral.bin-0.1-FIFO-True n_req: 16000000, n_miss: 14264214, miss ratio: 0.8915, disk write 1014110720 + 0 (0.0046)
23:13:36: INFO [flashield.py:170 (root)]: 	w34.oracleGeneral.bin-0.1-FIFO-True n_req: 17000000, n_miss: 15211891, miss ratio: 0.8948, disk write 1014110720 + 0 (0.0046)
23:15:11: INFO [flashield.py:170 (root)]: 	w34.oracleGeneral.bin-0.1-FIFO-True n_req: 18000000, n_miss: 16113811, miss ratio: 0.8952, disk write 1014110720 + 0 (0.0046)
23:16:46: INFO [flashield.py:170 (root)]: 	w34.oracleGeneral.bin-0.1-FIFO-True n_req: 19000000, n_miss: 17005180, miss ratio: 0.8950, disk write 1014110720 + 0 (0.0046)
23:17:40: INFO [flashield.py:182 (root)]: 	w34.oracleGeneral.bin-0.1-FIFO-True n_req: 19553551, n_miss: 17515141, miss ratio: 0.8958, disk write 1014110720 + 0 (0.0046)
