22:46:38: INFO [flashield.py:220 (root)]: 	calculating wss for w35.oracleGeneral.bin
22:46:46: INFO [flashield.py:228 (root)]: 	w35.oracleGeneral.bin wss_obj: 606350, wss_byte: 55901653504
22:46:46: INFO [cache.py:19 (cache)]: 	create Flashield cache with size 559016535
22:46:46: INFO [cache.py:19 (cache)]: 	create LRU cache with size 55901653
22:46:46: INFO [cache.py:19 (cache)]: 	create FIFO cache with size 503114882
22:46:47: INFO [flashield.py:37 (root)]: 	w35.oracleGeneral.bin Training Flashield...
22:46:47: INFO [flashield.py:42 (root)]: 	w35.oracleGeneral.bin Training Flashield: 24305 features 24305 labels ...
22:46:47: INFO [flashield.py:55 (root)]: 	w35.oracleGeneral.bin finish training
22:47:04: INFO [flashield.py:170 (root)]: 	w35.oracleGeneral.bin-0.1-FIFO-True n_req: 1000000, n_miss: 209903, miss ratio: 0.2099, disk write 2795687936 + 0 (0.0500)
22:47:53: INFO [flashield.py:170 (root)]: 	w35.oracleGeneral.bin-0.1-FIFO-True n_req: 2000000, n_miss: 680058, miss ratio: 0.3400, disk write 2795687936 + 0 (0.0500)
22:48:48: INFO [flashield.py:170 (root)]: 	w35.oracleGeneral.bin-0.1-FIFO-True n_req: 3000000, n_miss: 1204855, miss ratio: 0.4016, disk write 2795687936 + 0 (0.0500)
22:49:45: INFO [flashield.py:170 (root)]: 	w35.oracleGeneral.bin-0.1-FIFO-True n_req: 4000000, n_miss: 1747909, miss ratio: 0.4370, disk write 2795687936 + 0 (0.0500)
22:50:37: INFO [flashield.py:170 (root)]: 	w35.oracleGeneral.bin-0.1-FIFO-True n_req: 5000000, n_miss: 2241399, miss ratio: 0.4483, disk write 2795687936 + 0 (0.0500)
22:51:17: INFO [flashield.py:170 (root)]: 	w35.oracleGeneral.bin-0.1-FIFO-True n_req: 6000000, n_miss: 2613406, miss ratio: 0.4356, disk write 2795687936 + 0 (0.0500)
22:51:55: INFO [flashield.py:170 (root)]: 	w35.oracleGeneral.bin-0.1-FIFO-True n_req: 7000000, n_miss: 2977061, miss ratio: 0.4253, disk write 2795687936 + 0 (0.0500)
22:52:36: INFO [flashield.py:170 (root)]: 	w35.oracleGeneral.bin-0.1-FIFO-True n_req: 8000000, n_miss: 3357798, miss ratio: 0.4197, disk write 2795687936 + 0 (0.0500)
22:53:15: INFO [flashield.py:170 (root)]: 	w35.oracleGeneral.bin-0.1-FIFO-True n_req: 9000000, n_miss: 3726366, miss ratio: 0.4140, disk write 2795687936 + 0 (0.0500)
22:53:54: INFO [flashield.py:170 (root)]: 	w35.oracleGeneral.bin-0.1-FIFO-True n_req: 10000000, n_miss: 4090788, miss ratio: 0.4091, disk write 2795687936 + 0 (0.0500)
22:54:34: INFO [flashield.py:170 (root)]: 	w35.oracleGeneral.bin-0.1-FIFO-True n_req: 11000000, n_miss: 4466950, miss ratio: 0.4061, disk write 2795687936 + 0 (0.0500)
22:55:09: INFO [flashield.py:170 (root)]: 	w35.oracleGeneral.bin-0.1-FIFO-True n_req: 12000000, n_miss: 4794830, miss ratio: 0.3996, disk write 2795687936 + 0 (0.0500)
22:55:43: INFO [flashield.py:170 (root)]: 	w35.oracleGeneral.bin-0.1-FIFO-True n_req: 13000000, n_miss: 5112963, miss ratio: 0.3933, disk write 2795687936 + 0 (0.0500)
22:56:16: INFO [flashield.py:170 (root)]: 	w35.oracleGeneral.bin-0.1-FIFO-True n_req: 14000000, n_miss: 5417213, miss ratio: 0.3869, disk write 2795687936 + 0 (0.0500)
22:56:49: INFO [flashield.py:170 (root)]: 	w35.oracleGeneral.bin-0.1-FIFO-True n_req: 15000000, n_miss: 5727700, miss ratio: 0.3818, disk write 2795687936 + 0 (0.0500)
22:57:05: INFO [flashield.py:182 (root)]: 	w35.oracleGeneral.bin-0.1-FIFO-True n_req: 15415663, n_miss: 5870802, miss ratio: 0.3808, disk write 2795687936 + 0 (0.0500)
