22:46:38: INFO [flashield.py:220 (root)]: 	calculating wss for w36.oracleGeneral.bin
22:46:49: INFO [flashield.py:228 (root)]: 	w36.oracleGeneral.bin wss_obj: 1248956, wss_byte: 8338862080
22:46:49: INFO [cache.py:19 (cache)]: 	create Flashield cache with size 83388620
22:46:49: INFO [cache.py:19 (cache)]: 	create LRU cache with size 8338862
22:46:49: INFO [cache.py:19 (cache)]: 	create FIFO cache with size 75049758
22:46:49: INFO [flashield.py:37 (root)]: 	w36.oracleGeneral.bin Training Flashield...
22:46:49: INFO [flashield.py:42 (root)]: 	w36.oracleGeneral.bin Training Flashield: 20373 features 20373 labels ...
22:46:49: INFO [flashield.py:55 (root)]: 	w36.oracleGeneral.bin finish training
22:47:06: INFO [flashield.py:170 (root)]: 	w36.oracleGeneral.bin-0.1-FIFO-True n_req: 1000000, n_miss: 193516, miss ratio: 0.1935, disk write 627945472 + 0 (0.0753)
22:47:28: INFO [flashield.py:170 (root)]: 	w36.oracleGeneral.bin-0.1-FIFO-True n_req: 2000000, n_miss: 383529, miss ratio: 0.1918, disk write 627945472 + 0 (0.0753)
22:47:49: INFO [flashield.py:170 (root)]: 	w36.oracleGeneral.bin-0.1-FIFO-True n_req: 3000000, n_miss: 573380, miss ratio: 0.1911, disk write 627945472 + 0 (0.0753)
22:48:11: INFO [flashield.py:170 (root)]: 	w36.oracleGeneral.bin-0.1-FIFO-True n_req: 4000000, n_miss: 769767, miss ratio: 0.1924, disk write 627945472 + 0 (0.0753)
22:48:33: INFO [flashield.py:170 (root)]: 	w36.oracleGeneral.bin-0.1-FIFO-True n_req: 5000000, n_miss: 958884, miss ratio: 0.1918, disk write 627945472 + 0 (0.0753)
22:48:55: INFO [flashield.py:170 (root)]: 	w36.oracleGeneral.bin-0.1-FIFO-True n_req: 6000000, n_miss: 1154027, miss ratio: 0.1923, disk write 627945472 + 0 (0.0753)
22:49:17: INFO [flashield.py:170 (root)]: 	w36.oracleGeneral.bin-0.1-FIFO-True n_req: 7000000, n_miss: 1348701, miss ratio: 0.1927, disk write 627945472 + 0 (0.0753)
22:49:38: INFO [flashield.py:170 (root)]: 	w36.oracleGeneral.bin-0.1-FIFO-True n_req: 8000000, n_miss: 1537527, miss ratio: 0.1922, disk write 627945472 + 0 (0.0753)
22:50:00: INFO [flashield.py:170 (root)]: 	w36.oracleGeneral.bin-0.1-FIFO-True n_req: 9000000, n_miss: 1732251, miss ratio: 0.1925, disk write 627945472 + 0 (0.0753)
22:50:22: INFO [flashield.py:170 (root)]: 	w36.oracleGeneral.bin-0.1-FIFO-True n_req: 10000000, n_miss: 1923242, miss ratio: 0.1923, disk write 627945472 + 0 (0.0753)
22:50:43: INFO [flashield.py:170 (root)]: 	w36.oracleGeneral.bin-0.1-FIFO-True n_req: 11000000, n_miss: 2115650, miss ratio: 0.1923, disk write 627945472 + 0 (0.0753)
22:51:06: INFO [flashield.py:170 (root)]: 	w36.oracleGeneral.bin-0.1-FIFO-True n_req: 12000000, n_miss: 2312457, miss ratio: 0.1927, disk write 627945472 + 0 (0.0753)
22:51:27: INFO [flashield.py:170 (root)]: 	w36.oracleGeneral.bin-0.1-FIFO-True n_req: 13000000, n_miss: 2502663, miss ratio: 0.1925, disk write 627945472 + 0 (0.0753)
22:51:49: INFO [flashield.py:170 (root)]: 	w36.oracleGeneral.bin-0.1-FIFO-True n_req: 14000000, n_miss: 2701072, miss ratio: 0.1929, disk write 627945472 + 0 (0.0753)
22:52:11: INFO [flashield.py:170 (root)]: 	w36.oracleGeneral.bin-0.1-FIFO-True n_req: 15000000, n_miss: 2895990, miss ratio: 0.1931, disk write 627945472 + 0 (0.0753)
22:52:32: INFO [flashield.py:170 (root)]: 	w36.oracleGeneral.bin-0.1-FIFO-True n_req: 16000000, n_miss: 3085958, miss ratio: 0.1929, disk write 627945472 + 0 (0.0753)
22:52:55: INFO [flashield.py:170 (root)]: 	w36.oracleGeneral.bin-0.1-FIFO-True n_req: 17000000, n_miss: 3286224, miss ratio: 0.1933, disk write 627945472 + 0 (0.0753)
22:53:16: INFO [flashield.py:170 (root)]: 	w36.oracleGeneral.bin-0.1-FIFO-True n_req: 18000000, n_miss: 3475334, miss ratio: 0.1931, disk write 627945472 + 0 (0.0753)
22:53:36: INFO [flashield.py:182 (root)]: 	w36.oracleGeneral.bin-0.1-FIFO-True n_req: 18915625, n_miss: 3648815, miss ratio: 0.1929, disk write 627945472 + 0 (0.0753)
