22:46:38: INFO [flashield.py:220 (root)]: 	calculating wss for w38.oracleGeneral.bin
22:46:50: INFO [flashield.py:228 (root)]: 	w38.oracleGeneral.bin wss_obj: 2013253, wss_byte: 29491339776
22:46:50: INFO [cache.py:19 (cache)]: 	create Flashield cache with size 294913397
22:46:50: INFO [cache.py:19 (cache)]: 	create LRU cache with size 29491339
22:46:50: INFO [cache.py:19 (cache)]: 	create FIFO cache with size 265422058
22:46:52: INFO [flashield.py:37 (root)]: 	w38.oracleGeneral.bin Training Flashield...
22:46:52: INFO [flashield.py:42 (root)]: 	w38.oracleGeneral.bin Training Flashield: 412601 features 412601 labels ...
22:46:52: INFO [flashield.py:55 (root)]: 	w38.oracleGeneral.bin finish training
22:47:13: INFO [flashield.py:170 (root)]: 	w38.oracleGeneral.bin-0.1-FIFO-True n_req: 1000000, n_miss: 626830, miss ratio: 0.6268, disk write 4040406528 + 0 (0.1370)
22:48:36: INFO [flashield.py:170 (root)]: 	w38.oracleGeneral.bin-0.1-FIFO-True n_req: 2000000, n_miss: 1410832, miss ratio: 0.7054, disk write 4040406528 + 0 (0.1370)
22:50:02: INFO [flashield.py:170 (root)]: 	w38.oracleGeneral.bin-0.1-FIFO-True n_req: 3000000, n_miss: 2212409, miss ratio: 0.7375, disk write 4040406528 + 0 (0.1370)
22:51:10: INFO [flashield.py:170 (root)]: 	w38.oracleGeneral.bin-0.1-FIFO-True n_req: 4000000, n_miss: 2851758, miss ratio: 0.7129, disk write 4040406528 + 0 (0.1370)
22:52:40: INFO [flashield.py:170 (root)]: 	w38.oracleGeneral.bin-0.1-FIFO-True n_req: 5000000, n_miss: 3692569, miss ratio: 0.7385, disk write 4040406528 + 0 (0.1370)
22:53:42: INFO [flashield.py:170 (root)]: 	w38.oracleGeneral.bin-0.1-FIFO-True n_req: 6000000, n_miss: 4279609, miss ratio: 0.7133, disk write 4040406528 + 0 (0.1370)
22:55:08: INFO [flashield.py:170 (root)]: 	w38.oracleGeneral.bin-0.1-FIFO-True n_req: 7000000, n_miss: 5096487, miss ratio: 0.7281, disk write 4040406528 + 0 (0.1370)
22:56:32: INFO [flashield.py:170 (root)]: 	w38.oracleGeneral.bin-0.1-FIFO-True n_req: 8000000, n_miss: 5879083, miss ratio: 0.7349, disk write 4040406528 + 0 (0.1370)
22:57:45: INFO [flashield.py:170 (root)]: 	w38.oracleGeneral.bin-0.1-FIFO-True n_req: 9000000, n_miss: 6568236, miss ratio: 0.7298, disk write 4040406528 + 0 (0.1370)
22:59:16: INFO [flashield.py:170 (root)]: 	w38.oracleGeneral.bin-0.1-FIFO-True n_req: 10000000, n_miss: 7422045, miss ratio: 0.7422, disk write 4040406528 + 0 (0.1370)
23:00:14: INFO [flashield.py:170 (root)]: 	w38.oracleGeneral.bin-0.1-FIFO-True n_req: 11000000, n_miss: 7963931, miss ratio: 0.7240, disk write 4040406528 + 0 (0.1370)
23:01:35: INFO [flashield.py:170 (root)]: 	w38.oracleGeneral.bin-0.1-FIFO-True n_req: 12000000, n_miss: 8724254, miss ratio: 0.7270, disk write 4040406528 + 0 (0.1370)
23:03:06: INFO [flashield.py:170 (root)]: 	w38.oracleGeneral.bin-0.1-FIFO-True n_req: 13000000, n_miss: 9591558, miss ratio: 0.7378, disk write 4040406528 + 0 (0.1370)
23:03:58: INFO [flashield.py:170 (root)]: 	w38.oracleGeneral.bin-0.1-FIFO-True n_req: 14000000, n_miss: 10076073, miss ratio: 0.7197, disk write 4040406528 + 0 (0.1370)
23:05:27: INFO [flashield.py:170 (root)]: 	w38.oracleGeneral.bin-0.1-FIFO-True n_req: 15000000, n_miss: 10916784, miss ratio: 0.7278, disk write 4040406528 + 0 (0.1370)
23:06:45: INFO [flashield.py:170 (root)]: 	w38.oracleGeneral.bin-0.1-FIFO-True n_req: 16000000, n_miss: 11648032, miss ratio: 0.7280, disk write 4040406528 + 0 (0.1370)
23:07:52: INFO [flashield.py:170 (root)]: 	w38.oracleGeneral.bin-0.1-FIFO-True n_req: 17000000, n_miss: 12277614, miss ratio: 0.7222, disk write 4040406528 + 0 (0.1370)
23:09:20: INFO [flashield.py:170 (root)]: 	w38.oracleGeneral.bin-0.1-FIFO-True n_req: 18000000, n_miss: 13112283, miss ratio: 0.7285, disk write 4040406528 + 0 (0.1370)
23:10:07: INFO [flashield.py:182 (root)]: 	w38.oracleGeneral.bin-0.1-FIFO-True n_req: 18535323, n_miss: 13551146, miss ratio: 0.7311, disk write 4040406528 + 0 (0.1370)
