22:46:38: INFO [flashield.py:220 (root)]: 	calculating wss for w39.oracleGeneral.bin
22:46:47: INFO [flashield.py:228 (root)]: 	w39.oracleGeneral.bin wss_obj: 608255, wss_byte: 6138722304
22:46:47: INFO [cache.py:19 (cache)]: 	create Flashield cache with size 61387223
22:46:47: INFO [cache.py:19 (cache)]: 	create LRU cache with size 6138722
22:46:47: INFO [cache.py:19 (cache)]: 	create FIFO cache with size 55248501
22:46:47: INFO [flashield.py:37 (root)]: 	w39.oracleGeneral.bin Training Flashield...
22:46:47: INFO [flashield.py:42 (root)]: 	w39.oracleGeneral.bin Training Flashield: 13538 features 13538 labels ...
22:46:47: INFO [flashield.py:55 (root)]: 	w39.oracleGeneral.bin finish training
22:46:59: INFO [flashield.py:170 (root)]: 	w39.oracleGeneral.bin-0.1-FIFO-True n_req: 1000000, n_miss: 133305, miss ratio: 0.1333, disk write 287969280 + 0 (0.0469)
22:47:14: INFO [flashield.py:170 (root)]: 	w39.oracleGeneral.bin-0.1-FIFO-True n_req: 2000000, n_miss: 257446, miss ratio: 0.1287, disk write 287969280 + 0 (0.0469)
22:47:28: INFO [flashield.py:170 (root)]: 	w39.oracleGeneral.bin-0.1-FIFO-True n_req: 3000000, n_miss: 382987, miss ratio: 0.1277, disk write 287969280 + 0 (0.0469)
22:47:43: INFO [flashield.py:170 (root)]: 	w39.oracleGeneral.bin-0.1-FIFO-True n_req: 4000000, n_miss: 510033, miss ratio: 0.1275, disk write 287969280 + 0 (0.0469)
22:47:59: INFO [flashield.py:170 (root)]: 	w39.oracleGeneral.bin-0.1-FIFO-True n_req: 5000000, n_miss: 652290, miss ratio: 0.1305, disk write 287969280 + 0 (0.0469)
22:48:14: INFO [flashield.py:170 (root)]: 	w39.oracleGeneral.bin-0.1-FIFO-True n_req: 6000000, n_miss: 783120, miss ratio: 0.1305, disk write 287969280 + 0 (0.0469)
22:48:28: INFO [flashield.py:170 (root)]: 	w39.oracleGeneral.bin-0.1-FIFO-True n_req: 7000000, n_miss: 907172, miss ratio: 0.1296, disk write 287969280 + 0 (0.0469)
22:48:42: INFO [flashield.py:170 (root)]: 	w39.oracleGeneral.bin-0.1-FIFO-True n_req: 8000000, n_miss: 1030236, miss ratio: 0.1288, disk write 287969280 + 0 (0.0469)
22:48:58: INFO [flashield.py:170 (root)]: 	w39.oracleGeneral.bin-0.1-FIFO-True n_req: 9000000, n_miss: 1167185, miss ratio: 0.1297, disk write 287969280 + 0 (0.0469)
22:49:13: INFO [flashield.py:170 (root)]: 	w39.oracleGeneral.bin-0.1-FIFO-True n_req: 10000000, n_miss: 1298506, miss ratio: 0.1299, disk write 287969280 + 0 (0.0469)
22:49:27: INFO [flashield.py:170 (root)]: 	w39.oracleGeneral.bin-0.1-FIFO-True n_req: 11000000, n_miss: 1424733, miss ratio: 0.1295, disk write 287969280 + 0 (0.0469)
22:49:43: INFO [flashield.py:170 (root)]: 	w39.oracleGeneral.bin-0.1-FIFO-True n_req: 12000000, n_miss: 1563034, miss ratio: 0.1303, disk write 287969280 + 0 (0.0469)
22:49:58: INFO [flashield.py:170 (root)]: 	w39.oracleGeneral.bin-0.1-FIFO-True n_req: 13000000, n_miss: 1689205, miss ratio: 0.1299, disk write 287969280 + 0 (0.0469)
22:50:12: INFO [flashield.py:170 (root)]: 	w39.oracleGeneral.bin-0.1-FIFO-True n_req: 14000000, n_miss: 1815449, miss ratio: 0.1297, disk write 287969280 + 0 (0.0469)
22:50:27: INFO [flashield.py:170 (root)]: 	w39.oracleGeneral.bin-0.1-FIFO-True n_req: 15000000, n_miss: 1941492, miss ratio: 0.1294, disk write 287969280 + 0 (0.0469)
22:50:41: INFO [flashield.py:170 (root)]: 	w39.oracleGeneral.bin-0.1-FIFO-True n_req: 16000000, n_miss: 2067781, miss ratio: 0.1292, disk write 287969280 + 0 (0.0469)
22:50:56: INFO [flashield.py:170 (root)]: 	w39.oracleGeneral.bin-0.1-FIFO-True n_req: 17000000, n_miss: 2194583, miss ratio: 0.1291, disk write 287969280 + 0 (0.0469)
22:51:16: INFO [flashield.py:182 (root)]: 	w39.oracleGeneral.bin-0.1-FIFO-True n_req: 17920022, n_miss: 2380982, miss ratio: 0.1329, disk write 287969280 + 0 (0.0469)
