22:46:38: INFO [flashield.py:220 (root)]: 	calculating wss for w43.oracleGeneral.bin
22:46:49: INFO [flashield.py:228 (root)]: 	w43.oracleGeneral.bin wss_obj: 3722583, wss_byte: 128844668928
22:46:49: INFO [cache.py:19 (cache)]: 	create Flashield cache with size 1288446689
22:46:49: INFO [cache.py:19 (cache)]: 	create LRU cache with size 128844668
22:46:49: INFO [cache.py:19 (cache)]: 	create FIFO cache with size 1159602021
22:46:50: INFO [flashield.py:37 (root)]: 	w43.oracleGeneral.bin Training Flashield...
22:46:50: INFO [flashield.py:42 (root)]: 	w43.oracleGeneral.bin Training Flashield: 36771 features 36771 labels ...
22:46:50: INFO [flashield.py:55 (root)]: 	w43.oracleGeneral.bin finish training
22:48:02: INFO [flashield.py:170 (root)]: 	w43.oracleGeneral.bin-0.1-FIFO-True n_req: 1000000, n_miss: 737265, miss ratio: 0.7373, disk write 2821115904 + 0 (0.0219)
22:49:17: INFO [flashield.py:170 (root)]: 	w43.oracleGeneral.bin-0.1-FIFO-True n_req: 2000000, n_miss: 1426496, miss ratio: 0.7132, disk write 2821115904 + 0 (0.0219)
22:50:41: INFO [flashield.py:170 (root)]: 	w43.oracleGeneral.bin-0.1-FIFO-True n_req: 3000000, n_miss: 2203161, miss ratio: 0.7344, disk write 2821115904 + 0 (0.0219)
22:51:51: INFO [flashield.py:170 (root)]: 	w43.oracleGeneral.bin-0.1-FIFO-True n_req: 4000000, n_miss: 2851427, miss ratio: 0.7129, disk write 2821115904 + 0 (0.0219)
22:53:10: INFO [flashield.py:170 (root)]: 	w43.oracleGeneral.bin-0.1-FIFO-True n_req: 5000000, n_miss: 3586298, miss ratio: 0.7173, disk write 2821115904 + 0 (0.0219)
22:54:50: INFO [flashield.py:170 (root)]: 	w43.oracleGeneral.bin-0.1-FIFO-True n_req: 6000000, n_miss: 4512965, miss ratio: 0.7522, disk write 2821115904 + 0 (0.0219)
22:56:16: INFO [flashield.py:170 (root)]: 	w43.oracleGeneral.bin-0.1-FIFO-True n_req: 7000000, n_miss: 5308092, miss ratio: 0.7583, disk write 2821115904 + 0 (0.0219)
22:57:44: INFO [flashield.py:170 (root)]: 	w43.oracleGeneral.bin-0.1-FIFO-True n_req: 8000000, n_miss: 6120776, miss ratio: 0.7651, disk write 2821115904 + 0 (0.0219)
22:59:29: INFO [flashield.py:170 (root)]: 	w43.oracleGeneral.bin-0.1-FIFO-True n_req: 9000000, n_miss: 7103399, miss ratio: 0.7893, disk write 2821115904 + 0 (0.0219)
23:00:57: INFO [flashield.py:170 (root)]: 	w43.oracleGeneral.bin-0.1-FIFO-True n_req: 10000000, n_miss: 7924052, miss ratio: 0.7924, disk write 2821115904 + 0 (0.0219)
23:02:21: INFO [flashield.py:170 (root)]: 	w43.oracleGeneral.bin-0.1-FIFO-True n_req: 11000000, n_miss: 8696165, miss ratio: 0.7906, disk write 2821115904 + 0 (0.0219)
23:03:39: INFO [flashield.py:170 (root)]: 	w43.oracleGeneral.bin-0.1-FIFO-True n_req: 12000000, n_miss: 9418123, miss ratio: 0.7848, disk write 2821115904 + 0 (0.0219)
23:04:57: INFO [flashield.py:170 (root)]: 	w43.oracleGeneral.bin-0.1-FIFO-True n_req: 13000000, n_miss: 10138134, miss ratio: 0.7799, disk write 2821115904 + 0 (0.0219)
23:06:31: INFO [flashield.py:170 (root)]: 	w43.oracleGeneral.bin-0.1-FIFO-True n_req: 14000000, n_miss: 11019321, miss ratio: 0.7871, disk write 2821115904 + 0 (0.0219)
23:08:12: INFO [flashield.py:170 (root)]: 	w43.oracleGeneral.bin-0.1-FIFO-True n_req: 15000000, n_miss: 11959767, miss ratio: 0.7973, disk write 2821115904 + 0 (0.0219)
23:09:05: INFO [flashield.py:182 (root)]: 	w43.oracleGeneral.bin-0.1-FIFO-True n_req: 15617420, n_miss: 12449601, miss ratio: 0.7972, disk write 2821115904 + 0 (0.0219)
