22:46:38: INFO [flashield.py:220 (root)]: 	calculating wss for w44.oracleGeneral.bin
22:46:46: INFO [flashield.py:228 (root)]: 	w44.oracleGeneral.bin wss_obj: 1825486, wss_byte: 19075001856
22:46:46: INFO [cache.py:19 (cache)]: 	create Flashield cache with size 190750018
22:46:46: INFO [cache.py:19 (cache)]: 	create LRU cache with size 19075001
22:46:46: INFO [cache.py:19 (cache)]: 	create FIFO cache with size 171675017
22:46:46: INFO [flashield.py:37 (root)]: 	w44.oracleGeneral.bin Training Flashield...
22:46:46: INFO [flashield.py:42 (root)]: 	w44.oracleGeneral.bin Training Flashield: 226344 features 226344 labels ...
22:46:47: INFO [flashield.py:55 (root)]: 	w44.oracleGeneral.bin finish training
22:47:56: INFO [flashield.py:170 (root)]: 	w44.oracleGeneral.bin-0.1-FIFO-True n_req: 1000000, n_miss: 907700, miss ratio: 0.9077, disk write 3402778112 + 0 (0.1784)
22:49:28: INFO [flashield.py:170 (root)]: 	w44.oracleGeneral.bin-0.1-FIFO-True n_req: 2000000, n_miss: 1791745, miss ratio: 0.8959, disk write 3402778112 + 0 (0.1784)
22:51:11: INFO [flashield.py:170 (root)]: 	w44.oracleGeneral.bin-0.1-FIFO-True n_req: 3000000, n_miss: 2777834, miss ratio: 0.9259, disk write 3402778112 + 0 (0.1784)
22:52:44: INFO [flashield.py:170 (root)]: 	w44.oracleGeneral.bin-0.1-FIFO-True n_req: 4000000, n_miss: 3675460, miss ratio: 0.9189, disk write 3402778112 + 0 (0.1784)
22:54:25: INFO [flashield.py:170 (root)]: 	w44.oracleGeneral.bin-0.1-FIFO-True n_req: 5000000, n_miss: 4642282, miss ratio: 0.9285, disk write 3402778112 + 0 (0.1784)
22:56:07: INFO [flashield.py:170 (root)]: 	w44.oracleGeneral.bin-0.1-FIFO-True n_req: 6000000, n_miss: 5626817, miss ratio: 0.9378, disk write 3402778112 + 0 (0.1784)
22:57:45: INFO [flashield.py:170 (root)]: 	w44.oracleGeneral.bin-0.1-FIFO-True n_req: 7000000, n_miss: 6569352, miss ratio: 0.9385, disk write 3402778112 + 0 (0.1784)
22:59:28: INFO [flashield.py:170 (root)]: 	w44.oracleGeneral.bin-0.1-FIFO-True n_req: 8000000, n_miss: 7554732, miss ratio: 0.9443, disk write 3402778112 + 0 (0.1784)
23:00:59: INFO [flashield.py:170 (root)]: 	w44.oracleGeneral.bin-0.1-FIFO-True n_req: 9000000, n_miss: 8436774, miss ratio: 0.9374, disk write 3402778112 + 0 (0.1784)
23:02:42: INFO [flashield.py:170 (root)]: 	w44.oracleGeneral.bin-0.1-FIFO-True n_req: 10000000, n_miss: 9422082, miss ratio: 0.9422, disk write 3402778112 + 0 (0.1784)
23:04:17: INFO [flashield.py:170 (root)]: 	w44.oracleGeneral.bin-0.1-FIFO-True n_req: 11000000, n_miss: 10330994, miss ratio: 0.9392, disk write 3402778112 + 0 (0.1784)
23:05:59: INFO [flashield.py:170 (root)]: 	w44.oracleGeneral.bin-0.1-FIFO-True n_req: 12000000, n_miss: 11311511, miss ratio: 0.9426, disk write 3402778112 + 0 (0.1784)
23:06:10: INFO [flashield.py:182 (root)]: 	w44.oracleGeneral.bin-0.1-FIFO-True n_req: 12116074, n_miss: 11417218, miss ratio: 0.9423, disk write 3402778112 + 0 (0.1784)
