22:46:38: INFO [flashield.py:220 (root)]: 	calculating wss for w52.oracleGeneral.bin
22:46:43: INFO [flashield.py:228 (root)]: 	w52.oracleGeneral.bin wss_obj: 694839, wss_byte: 7844737024
22:46:43: INFO [cache.py:19 (cache)]: 	create Flashield cache with size 78447370
22:46:43: INFO [cache.py:19 (cache)]: 	create LRU cache with size 7844737
22:46:43: INFO [cache.py:19 (cache)]: 	create FIFO cache with size 70602633
22:46:44: INFO [flashield.py:37 (root)]: 	w52.oracleGeneral.bin Training Flashield...
22:46:44: INFO [flashield.py:42 (root)]: 	w52.oracleGeneral.bin Training Flashield: 33287 features 33287 labels ...
22:46:44: INFO [flashield.py:55 (root)]: 	w52.oracleGeneral.bin finish training
22:47:31: INFO [flashield.py:170 (root)]: 	w52.oracleGeneral.bin-0.1-FIFO-True n_req: 1000000, n_miss: 488418, miss ratio: 0.4884, disk write 258575872 + 0 (0.0330)
22:48:25: INFO [flashield.py:170 (root)]: 	w52.oracleGeneral.bin-0.1-FIFO-True n_req: 2000000, n_miss: 1002247, miss ratio: 0.5011, disk write 258575872 + 0 (0.0330)
22:49:12: INFO [flashield.py:170 (root)]: 	w52.oracleGeneral.bin-0.1-FIFO-True n_req: 3000000, n_miss: 1442943, miss ratio: 0.4810, disk write 258575872 + 0 (0.0330)
22:49:58: INFO [flashield.py:170 (root)]: 	w52.oracleGeneral.bin-0.1-FIFO-True n_req: 4000000, n_miss: 1884473, miss ratio: 0.4711, disk write 258575872 + 0 (0.0330)
22:50:45: INFO [flashield.py:170 (root)]: 	w52.oracleGeneral.bin-0.1-FIFO-True n_req: 5000000, n_miss: 2327950, miss ratio: 0.4656, disk write 258575872 + 0 (0.0330)
22:51:23: INFO [flashield.py:170 (root)]: 	w52.oracleGeneral.bin-0.1-FIFO-True n_req: 6000000, n_miss: 2676888, miss ratio: 0.4461, disk write 258575872 + 0 (0.0330)
22:52:14: INFO [flashield.py:170 (root)]: 	w52.oracleGeneral.bin-0.1-FIFO-True n_req: 7000000, n_miss: 3168169, miss ratio: 0.4526, disk write 258575872 + 0 (0.0330)
22:53:14: INFO [flashield.py:170 (root)]: 	w52.oracleGeneral.bin-0.1-FIFO-True n_req: 8000000, n_miss: 3730617, miss ratio: 0.4663, disk write 258575872 + 0 (0.0330)
22:54:39: INFO [flashield.py:170 (root)]: 	w52.oracleGeneral.bin-0.1-FIFO-True n_req: 9000000, n_miss: 4544508, miss ratio: 0.5049, disk write 258575872 + 0 (0.0330)
22:55:42: INFO [flashield.py:170 (root)]: 	w52.oracleGeneral.bin-0.1-FIFO-True n_req: 10000000, n_miss: 5133940, miss ratio: 0.5134, disk write 258575872 + 0 (0.0330)
22:56:35: INFO [flashield.py:170 (root)]: 	w52.oracleGeneral.bin-0.1-FIFO-True n_req: 11000000, n_miss: 5640584, miss ratio: 0.5128, disk write 258575872 + 0 (0.0330)
22:57:01: INFO [flashield.py:182 (root)]: 	w52.oracleGeneral.bin-0.1-FIFO-True n_req: 11451546, n_miss: 5884710, miss ratio: 0.5139, disk write 258575872 + 0 (0.0330)
