16:59:45: INFO [flashield.py:220 (root)]: 	calculating wss for w01.oracleGeneral.bin
17:02:25: INFO [flashield.py:228 (root)]: 	w01.oracleGeneral.bin wss_obj: 122804013, wss_byte: 685952515584
17:02:25: INFO [cache.py:19 (cache)]: 	create Flashield cache with size 6859525155
17:02:25: INFO [cache.py:19 (cache)]: 	create LRU cache with size 68595251
17:02:25: INFO [cache.py:19 (cache)]: 	create FIFO cache with size 6790929904
17:02:25: INFO [flashield.py:37 (root)]: 	w01.oracleGeneral.bin Training Flashield...
17:02:25: INFO [flashield.py:42 (root)]: 	w01.oracleGeneral.bin Training Flashield: 35303 features 35303 labels ...
17:02:25: INFO [flashield.py:55 (root)]: 	w01.oracleGeneral.bin finish training
17:03:42: INFO [flashield.py:170 (root)]: 	w01.oracleGeneral.bin-0.01-FIFO-True n_req: 1000000, n_miss: 786988, miss ratio: 0.7870, disk write 276019200 + 0 (0.0004)
17:05:03: INFO [flashield.py:170 (root)]: 	w01.oracleGeneral.bin-0.01-FIFO-True n_req: 2000000, n_miss: 1570163, miss ratio: 0.7851, disk write 276019200 + 0 (0.0004)
17:06:29: INFO [flashield.py:170 (root)]: 	w01.oracleGeneral.bin-0.01-FIFO-True n_req: 3000000, n_miss: 2383431, miss ratio: 0.7945, disk write 276019200 + 0 (0.0004)
17:08:07: INFO [flashield.py:170 (root)]: 	w01.oracleGeneral.bin-0.01-FIFO-True n_req: 4000000, n_miss: 3340917, miss ratio: 0.8352, disk write 276019200 + 0 (0.0004)
17:09:45: INFO [flashield.py:170 (root)]: 	w01.oracleGeneral.bin-0.01-FIFO-True n_req: 5000000, n_miss: 4273116, miss ratio: 0.8546, disk write 276019200 + 0 (0.0004)
17:11:06: INFO [flashield.py:170 (root)]: 	w01.oracleGeneral.bin-0.01-FIFO-True n_req: 6000000, n_miss: 5054189, miss ratio: 0.8424, disk write 276019200 + 0 (0.0004)
17:12:31: INFO [flashield.py:170 (root)]: 	w01.oracleGeneral.bin-0.01-FIFO-True n_req: 7000000, n_miss: 5858416, miss ratio: 0.8369, disk write 276019200 + 0 (0.0004)
17:13:55: INFO [flashield.py:170 (root)]: 	w01.oracleGeneral.bin-0.01-FIFO-True n_req: 8000000, n_miss: 6663600, miss ratio: 0.8329, disk write 276019200 + 0 (0.0004)
17:15:22: INFO [flashield.py:170 (root)]: 	w01.oracleGeneral.bin-0.01-FIFO-True n_req: 9000000, n_miss: 7506972, miss ratio: 0.8341, disk write 276019200 + 0 (0.0004)
17:17:05: INFO [flashield.py:170 (root)]: 	w01.oracleGeneral.bin-0.01-FIFO-True n_req: 10000000, n_miss: 8487136, miss ratio: 0.8487, disk write 276019200 + 0 (0.0004)
17:18:45: INFO [flashield.py:170 (root)]: 	w01.oracleGeneral.bin-0.01-FIFO-True n_req: 11000000, n_miss: 9464754, miss ratio: 0.8604, disk write 276019200 + 0 (0.0004)
17:20:27: INFO [flashield.py:170 (root)]: 	w01.oracleGeneral.bin-0.01-FIFO-True n_req: 12000000, n_miss: 10456481, miss ratio: 0.8714, disk write 276019200 + 0 (0.0004)
17:22:09: INFO [flashield.py:170 (root)]: 	w01.oracleGeneral.bin-0.01-FIFO-True n_req: 13000000, n_miss: 11449158, miss ratio: 0.8807, disk write 276019200 + 0 (0.0004)
17:23:53: INFO [flashield.py:170 (root)]: 	w01.oracleGeneral.bin-0.01-FIFO-True n_req: 14000000, n_miss: 12438472, miss ratio: 0.8885, disk write 276019200 + 0 (0.0004)
17:25:35: INFO [flashield.py:170 (root)]: 	w01.oracleGeneral.bin-0.01-FIFO-True n_req: 15000000, n_miss: 13425717, miss ratio: 0.8950, disk write 276019200 + 0 (0.0004)
17:27:18: INFO [flashield.py:170 (root)]: 	w01.oracleGeneral.bin-0.01-FIFO-True n_req: 16000000, n_miss: 14418033, miss ratio: 0.9011, disk write 276019200 + 0 (0.0004)
17:29:04: INFO [flashield.py:170 (root)]: 	w01.oracleGeneral.bin-0.01-FIFO-True n_req: 17000000, n_miss: 15409686, miss ratio: 0.9065, disk write 276019200 + 0 (0.0004)
17:30:45: INFO [flashield.py:170 (root)]: 	w01.oracleGeneral.bin-0.01-FIFO-True n_req: 18000000, n_miss: 16398519, miss ratio: 0.9110, disk write 276019200 + 0 (0.0004)
17:32:22: INFO [flashield.py:170 (root)]: 	w01.oracleGeneral.bin-0.01-FIFO-True n_req: 19000000, n_miss: 17329957, miss ratio: 0.9121, disk write 276019200 + 0 (0.0004)
17:33:48: INFO [flashield.py:170 (root)]: 	w01.oracleGeneral.bin-0.01-FIFO-True n_req: 20000000, n_miss: 18135236, miss ratio: 0.9068, disk write 276019200 + 0 (0.0004)
17:35:11: INFO [flashield.py:170 (root)]: 	w01.oracleGeneral.bin-0.01-FIFO-True n_req: 21000000, n_miss: 18938551, miss ratio: 0.9018, disk write 276019200 + 0 (0.0004)
17:36:36: INFO [flashield.py:170 (root)]: 	w01.oracleGeneral.bin-0.01-FIFO-True n_req: 22000000, n_miss: 19736535, miss ratio: 0.8971, disk write 276019200 + 0 (0.0004)
17:38:01: INFO [flashield.py:170 (root)]: 	w01.oracleGeneral.bin-0.01-FIFO-True n_req: 23000000, n_miss: 20572977, miss ratio: 0.8945, disk write 276019200 + 0 (0.0004)
17:39:44: INFO [flashield.py:170 (root)]: 	w01.oracleGeneral.bin-0.01-FIFO-True n_req: 24000000, n_miss: 21572835, miss ratio: 0.8989, disk write 276019200 + 0 (0.0004)
17:41:23: INFO [flashield.py:170 (root)]: 	w01.oracleGeneral.bin-0.01-FIFO-True n_req: 25000000, n_miss: 22539022, miss ratio: 0.9016, disk write 276019200 + 0 (0.0004)
17:43:03: INFO [flashield.py:170 (root)]: 	w01.oracleGeneral.bin-0.01-FIFO-True n_req: 26000000, n_miss: 23510673, miss ratio: 0.9043, disk write 276019200 + 0 (0.0004)
17:44:44: INFO [flashield.py:170 (root)]: 	w01.oracleGeneral.bin-0.01-FIFO-True n_req: 27000000, n_miss: 24482981, miss ratio: 0.9068, disk write 276019200 + 0 (0.0004)
17:46:24: INFO [flashield.py:170 (root)]: 	w01.oracleGeneral.bin-0.01-FIFO-True n_req: 28000000, n_miss: 25459924, miss ratio: 0.9093, disk write 276019200 + 0 (0.0004)
17:48:06: INFO [flashield.py:170 (root)]: 	w01.oracleGeneral.bin-0.01-FIFO-True n_req: 29000000, n_miss: 26431623, miss ratio: 0.9114, disk write 276019200 + 0 (0.0004)
17:49:46: INFO [flashield.py:170 (root)]: 	w01.oracleGeneral.bin-0.01-FIFO-True n_req: 30000000, n_miss: 27412351, miss ratio: 0.9137, disk write 276019200 + 0 (0.0004)
17:51:26: INFO [flashield.py:170 (root)]: 	w01.oracleGeneral.bin-0.01-FIFO-True n_req: 31000000, n_miss: 28382785, miss ratio: 0.9156, disk write 276019200 + 0 (0.0004)
17:53:06: INFO [flashield.py:170 (root)]: 	w01.oracleGeneral.bin-0.01-FIFO-True n_req: 32000000, n_miss: 29326857, miss ratio: 0.9165, disk write 276019200 + 0 (0.0004)
17:54:41: INFO [flashield.py:170 (root)]: 	w01.oracleGeneral.bin-0.01-FIFO-True n_req: 33000000, n_miss: 30247646, miss ratio: 0.9166, disk write 276019200 + 0 (0.0004)
17:56:18: INFO [flashield.py:170 (root)]: 	w01.oracleGeneral.bin-0.01-FIFO-True n_req: 34000000, n_miss: 31175443, miss ratio: 0.9169, disk write 276019200 + 0 (0.0004)
17:57:51: INFO [flashield.py:170 (root)]: 	w01.oracleGeneral.bin-0.01-FIFO-True n_req: 35000000, n_miss: 32067099, miss ratio: 0.9162, disk write 276019200 + 0 (0.0004)
17:59:24: INFO [flashield.py:170 (root)]: 	w01.oracleGeneral.bin-0.01-FIFO-True n_req: 36000000, n_miss: 32964759, miss ratio: 0.9157, disk write 276019200 + 0 (0.0004)
18:01:05: INFO [flashield.py:170 (root)]: 	w01.oracleGeneral.bin-0.01-FIFO-True n_req: 37000000, n_miss: 33935694, miss ratio: 0.9172, disk write 276019200 + 0 (0.0004)
18:02:35: INFO [flashield.py:170 (root)]: 	w01.oracleGeneral.bin-0.01-FIFO-True n_req: 38000000, n_miss: 34797625, miss ratio: 0.9157, disk write 276019200 + 0 (0.0004)
18:04:00: INFO [flashield.py:170 (root)]: 	w01.oracleGeneral.bin-0.01-FIFO-True n_req: 39000000, n_miss: 35624846, miss ratio: 0.9135, disk write 276019200 + 0 (0.0004)
18:05:27: INFO [flashield.py:170 (root)]: 	w01.oracleGeneral.bin-0.01-FIFO-True n_req: 40000000, n_miss: 36454538, miss ratio: 0.9114, disk write 276019200 + 0 (0.0004)
18:07:09: INFO [flashield.py:170 (root)]: 	w01.oracleGeneral.bin-0.01-FIFO-True n_req: 41000000, n_miss: 37440452, miss ratio: 0.9132, disk write 276019200 + 0 (0.0004)
18:08:51: INFO [flashield.py:170 (root)]: 	w01.oracleGeneral.bin-0.01-FIFO-True n_req: 42000000, n_miss: 38434073, miss ratio: 0.9151, disk write 276019200 + 0 (0.0004)
18:10:31: INFO [flashield.py:170 (root)]: 	w01.oracleGeneral.bin-0.01-FIFO-True n_req: 43000000, n_miss: 39392762, miss ratio: 0.9161, disk write 276019200 + 0 (0.0004)
18:12:11: INFO [flashield.py:170 (root)]: 	w01.oracleGeneral.bin-0.01-FIFO-True n_req: 44000000, n_miss: 40358728, miss ratio: 0.9172, disk write 276019200 + 0 (0.0004)
18:13:53: INFO [flashield.py:170 (root)]: 	w01.oracleGeneral.bin-0.01-FIFO-True n_req: 45000000, n_miss: 41338957, miss ratio: 0.9186, disk write 276019200 + 0 (0.0004)
18:15:35: INFO [flashield.py:170 (root)]: 	w01.oracleGeneral.bin-0.01-FIFO-True n_req: 46000000, n_miss: 42326866, miss ratio: 0.9201, disk write 276019200 + 0 (0.0004)
18:17:19: INFO [flashield.py:170 (root)]: 	w01.oracleGeneral.bin-0.01-FIFO-True n_req: 47000000, n_miss: 43314153, miss ratio: 0.9216, disk write 276019200 + 0 (0.0004)
18:19:03: INFO [flashield.py:170 (root)]: 	w01.oracleGeneral.bin-0.01-FIFO-True n_req: 48000000, n_miss: 44297234, miss ratio: 0.9229, disk write 276019200 + 0 (0.0004)
18:20:44: INFO [flashield.py:170 (root)]: 	w01.oracleGeneral.bin-0.01-FIFO-True n_req: 49000000, n_miss: 45284489, miss ratio: 0.9242, disk write 276019200 + 0 (0.0004)
18:22:29: INFO [flashield.py:170 (root)]: 	w01.oracleGeneral.bin-0.01-FIFO-True n_req: 50000000, n_miss: 46274681, miss ratio: 0.9255, disk write 276019200 + 0 (0.0004)
18:24:11: INFO [flashield.py:170 (root)]: 	w01.oracleGeneral.bin-0.01-FIFO-True n_req: 51000000, n_miss: 47261091, miss ratio: 0.9267, disk write 276019200 + 0 (0.0004)
18:25:57: INFO [flashield.py:170 (root)]: 	w01.oracleGeneral.bin-0.01-FIFO-True n_req: 52000000, n_miss: 48250165, miss ratio: 0.9279, disk write 276019200 + 0 (0.0004)
18:27:38: INFO [flashield.py:170 (root)]: 	w01.oracleGeneral.bin-0.01-FIFO-True n_req: 53000000, n_miss: 49231164, miss ratio: 0.9289, disk write 276019200 + 0 (0.0004)
18:29:14: INFO [flashield.py:170 (root)]: 	w01.oracleGeneral.bin-0.01-FIFO-True n_req: 54000000, n_miss: 50174907, miss ratio: 0.9292, disk write 276019200 + 0 (0.0004)
18:30:53: INFO [flashield.py:170 (root)]: 	w01.oracleGeneral.bin-0.01-FIFO-True n_req: 55000000, n_miss: 51116135, miss ratio: 0.9294, disk write 276019200 + 0 (0.0004)
18:32:35: INFO [flashield.py:170 (root)]: 	w01.oracleGeneral.bin-0.01-FIFO-True n_req: 56000000, n_miss: 52091078, miss ratio: 0.9302, disk write 276019200 + 0 (0.0004)
18:34:18: INFO [flashield.py:170 (root)]: 	w01.oracleGeneral.bin-0.01-FIFO-True n_req: 57000000, n_miss: 53060478, miss ratio: 0.9309, disk write 276019200 + 0 (0.0004)
18:35:56: INFO [flashield.py:170 (root)]: 	w01.oracleGeneral.bin-0.01-FIFO-True n_req: 58000000, n_miss: 54026756, miss ratio: 0.9315, disk write 276019200 + 0 (0.0004)
18:37:38: INFO [flashield.py:170 (root)]: 	w01.oracleGeneral.bin-0.01-FIFO-True n_req: 59000000, n_miss: 54989823, miss ratio: 0.9320, disk write 276019200 + 0 (0.0004)
18:39:16: INFO [flashield.py:170 (root)]: 	w01.oracleGeneral.bin-0.01-FIFO-True n_req: 60000000, n_miss: 55912956, miss ratio: 0.9319, disk write 276019200 + 0 (0.0004)
18:40:52: INFO [flashield.py:170 (root)]: 	w01.oracleGeneral.bin-0.01-FIFO-True n_req: 61000000, n_miss: 56822497, miss ratio: 0.9315, disk write 276019200 + 0 (0.0004)
18:42:27: INFO [flashield.py:170 (root)]: 	w01.oracleGeneral.bin-0.01-FIFO-True n_req: 62000000, n_miss: 57783832, miss ratio: 0.9320, disk write 276019200 + 0 (0.0004)
18:44:06: INFO [flashield.py:170 (root)]: 	w01.oracleGeneral.bin-0.01-FIFO-True n_req: 63000000, n_miss: 58723760, miss ratio: 0.9321, disk write 276019200 + 0 (0.0004)
18:45:39: INFO [flashield.py:170 (root)]: 	w01.oracleGeneral.bin-0.01-FIFO-True n_req: 64000000, n_miss: 59648534, miss ratio: 0.9320, disk write 276019200 + 0 (0.0004)
18:47:12: INFO [flashield.py:170 (root)]: 	w01.oracleGeneral.bin-0.01-FIFO-True n_req: 65000000, n_miss: 60588422, miss ratio: 0.9321, disk write 276019200 + 0 (0.0004)
18:48:52: INFO [flashield.py:170 (root)]: 	w01.oracleGeneral.bin-0.01-FIFO-True n_req: 66000000, n_miss: 61542767, miss ratio: 0.9325, disk write 276019200 + 0 (0.0004)
18:50:29: INFO [flashield.py:170 (root)]: 	w01.oracleGeneral.bin-0.01-FIFO-True n_req: 67000000, n_miss: 62515541, miss ratio: 0.9331, disk write 276019200 + 0 (0.0004)
18:52:04: INFO [flashield.py:170 (root)]: 	w01.oracleGeneral.bin-0.01-FIFO-True n_req: 68000000, n_miss: 63465507, miss ratio: 0.9333, disk write 276019200 + 0 (0.0004)
18:53:44: INFO [flashield.py:170 (root)]: 	w01.oracleGeneral.bin-0.01-FIFO-True n_req: 69000000, n_miss: 64418159, miss ratio: 0.9336, disk write 276019200 + 0 (0.0004)
18:55:25: INFO [flashield.py:170 (root)]: 	w01.oracleGeneral.bin-0.01-FIFO-True n_req: 70000000, n_miss: 65395780, miss ratio: 0.9342, disk write 276019200 + 0 (0.0004)
18:57:05: INFO [flashield.py:170 (root)]: 	w01.oracleGeneral.bin-0.01-FIFO-True n_req: 71000000, n_miss: 66359513, miss ratio: 0.9346, disk write 276019200 + 0 (0.0004)
18:58:45: INFO [flashield.py:170 (root)]: 	w01.oracleGeneral.bin-0.01-FIFO-True n_req: 72000000, n_miss: 67320224, miss ratio: 0.9350, disk write 276019200 + 0 (0.0004)
19:00:24: INFO [flashield.py:170 (root)]: 	w01.oracleGeneral.bin-0.01-FIFO-True n_req: 73000000, n_miss: 68299513, miss ratio: 0.9356, disk write 276019200 + 0 (0.0004)
19:02:01: INFO [flashield.py:170 (root)]: 	w01.oracleGeneral.bin-0.01-FIFO-True n_req: 74000000, n_miss: 69230538, miss ratio: 0.9355, disk write 276019200 + 0 (0.0004)
19:03:35: INFO [flashield.py:170 (root)]: 	w01.oracleGeneral.bin-0.01-FIFO-True n_req: 75000000, n_miss: 70145086, miss ratio: 0.9353, disk write 276019200 + 0 (0.0004)
19:05:07: INFO [flashield.py:170 (root)]: 	w01.oracleGeneral.bin-0.01-FIFO-True n_req: 76000000, n_miss: 71024388, miss ratio: 0.9345, disk write 276019200 + 0 (0.0004)
19:06:43: INFO [flashield.py:170 (root)]: 	w01.oracleGeneral.bin-0.01-FIFO-True n_req: 77000000, n_miss: 71937965, miss ratio: 0.9343, disk write 276019200 + 0 (0.0004)
19:08:22: INFO [flashield.py:170 (root)]: 	w01.oracleGeneral.bin-0.01-FIFO-True n_req: 78000000, n_miss: 72905149, miss ratio: 0.9347, disk write 276019200 + 0 (0.0004)
19:10:03: INFO [flashield.py:170 (root)]: 	w01.oracleGeneral.bin-0.01-FIFO-True n_req: 79000000, n_miss: 73889775, miss ratio: 0.9353, disk write 276019200 + 0 (0.0004)
19:11:44: INFO [flashield.py:170 (root)]: 	w01.oracleGeneral.bin-0.01-FIFO-True n_req: 80000000, n_miss: 74870182, miss ratio: 0.9359, disk write 276019200 + 0 (0.0004)
19:13:25: INFO [flashield.py:170 (root)]: 	w01.oracleGeneral.bin-0.01-FIFO-True n_req: 81000000, n_miss: 75849360, miss ratio: 0.9364, disk write 276019200 + 0 (0.0004)
19:15:05: INFO [flashield.py:170 (root)]: 	w01.oracleGeneral.bin-0.01-FIFO-True n_req: 82000000, n_miss: 76806113, miss ratio: 0.9367, disk write 276019200 + 0 (0.0004)
19:16:44: INFO [flashield.py:170 (root)]: 	w01.oracleGeneral.bin-0.01-FIFO-True n_req: 83000000, n_miss: 77764088, miss ratio: 0.9369, disk write 276019200 + 0 (0.0004)
19:18:24: INFO [flashield.py:170 (root)]: 	w01.oracleGeneral.bin-0.01-FIFO-True n_req: 84000000, n_miss: 78728333, miss ratio: 0.9372, disk write 276019200 + 0 (0.0004)
19:19:59: INFO [flashield.py:170 (root)]: 	w01.oracleGeneral.bin-0.01-FIFO-True n_req: 85000000, n_miss: 79626378, miss ratio: 0.9368, disk write 276019200 + 0 (0.0004)
19:21:22: INFO [flashield.py:170 (root)]: 	w01.oracleGeneral.bin-0.01-FIFO-True n_req: 86000000, n_miss: 80436705, miss ratio: 0.9353, disk write 276019200 + 0 (0.0004)
19:22:50: INFO [flashield.py:170 (root)]: 	w01.oracleGeneral.bin-0.01-FIFO-True n_req: 87000000, n_miss: 81268902, miss ratio: 0.9341, disk write 276019200 + 0 (0.0004)
19:24:14: INFO [flashield.py:170 (root)]: 	w01.oracleGeneral.bin-0.01-FIFO-True n_req: 88000000, n_miss: 82077579, miss ratio: 0.9327, disk write 276019200 + 0 (0.0004)
19:25:50: INFO [flashield.py:170 (root)]: 	w01.oracleGeneral.bin-0.01-FIFO-True n_req: 89000000, n_miss: 82989295, miss ratio: 0.9325, disk write 276019200 + 0 (0.0004)
19:27:12: INFO [flashield.py:170 (root)]: 	w01.oracleGeneral.bin-0.01-FIFO-True n_req: 90000000, n_miss: 83769655, miss ratio: 0.9308, disk write 276019200 + 0 (0.0004)
19:28:45: INFO [flashield.py:170 (root)]: 	w01.oracleGeneral.bin-0.01-FIFO-True n_req: 91000000, n_miss: 84665416, miss ratio: 0.9304, disk write 276019200 + 0 (0.0004)
19:30:20: INFO [flashield.py:170 (root)]: 	w01.oracleGeneral.bin-0.01-FIFO-True n_req: 92000000, n_miss: 85565011, miss ratio: 0.9301, disk write 276019200 + 0 (0.0004)
19:31:48: INFO [flashield.py:170 (root)]: 	w01.oracleGeneral.bin-0.01-FIFO-True n_req: 93000000, n_miss: 86401160, miss ratio: 0.9290, disk write 276019200 + 0 (0.0004)
19:33:27: INFO [flashield.py:170 (root)]: 	w01.oracleGeneral.bin-0.01-FIFO-True n_req: 94000000, n_miss: 87346577, miss ratio: 0.9292, disk write 276019200 + 0 (0.0004)
19:35:05: INFO [flashield.py:170 (root)]: 	w01.oracleGeneral.bin-0.01-FIFO-True n_req: 95000000, n_miss: 88297333, miss ratio: 0.9294, disk write 276019200 + 0 (0.0004)
19:36:39: INFO [flashield.py:170 (root)]: 	w01.oracleGeneral.bin-0.01-FIFO-True n_req: 96000000, n_miss: 89185434, miss ratio: 0.9290, disk write 276019200 + 0 (0.0004)
19:38:15: INFO [flashield.py:170 (root)]: 	w01.oracleGeneral.bin-0.01-FIFO-True n_req: 97000000, n_miss: 90127320, miss ratio: 0.9291, disk write 276019200 + 0 (0.0004)
19:39:54: INFO [flashield.py:170 (root)]: 	w01.oracleGeneral.bin-0.01-FIFO-True n_req: 98000000, n_miss: 91084396, miss ratio: 0.9294, disk write 276019200 + 0 (0.0004)
19:41:31: INFO [flashield.py:170 (root)]: 	w01.oracleGeneral.bin-0.01-FIFO-True n_req: 99000000, n_miss: 92025927, miss ratio: 0.9296, disk write 276019200 + 0 (0.0004)
19:43:12: INFO [flashield.py:170 (root)]: 	w01.oracleGeneral.bin-0.01-FIFO-True n_req: 100000000, n_miss: 92985635, miss ratio: 0.9299, disk write 276019200 + 0 (0.0004)
19:44:52: INFO [flashield.py:170 (root)]: 	w01.oracleGeneral.bin-0.01-FIFO-True n_req: 101000000, n_miss: 93970669, miss ratio: 0.9304, disk write 276019200 + 0 (0.0004)
19:46:34: INFO [flashield.py:170 (root)]: 	w01.oracleGeneral.bin-0.01-FIFO-True n_req: 102000000, n_miss: 94959096, miss ratio: 0.9310, disk write 276019200 + 0 (0.0004)
19:48:17: INFO [flashield.py:170 (root)]: 	w01.oracleGeneral.bin-0.01-FIFO-True n_req: 103000000, n_miss: 95945034, miss ratio: 0.9315, disk write 276019200 + 0 (0.0004)
19:49:58: INFO [flashield.py:170 (root)]: 	w01.oracleGeneral.bin-0.01-FIFO-True n_req: 104000000, n_miss: 96929089, miss ratio: 0.9320, disk write 276019200 + 0 (0.0004)
19:51:38: INFO [flashield.py:170 (root)]: 	w01.oracleGeneral.bin-0.01-FIFO-True n_req: 105000000, n_miss: 97895830, miss ratio: 0.9323, disk write 276019200 + 0 (0.0004)
19:53:13: INFO [flashield.py:170 (root)]: 	w01.oracleGeneral.bin-0.01-FIFO-True n_req: 106000000, n_miss: 98827547, miss ratio: 0.9323, disk write 276019200 + 0 (0.0004)
19:54:51: INFO [flashield.py:170 (root)]: 	w01.oracleGeneral.bin-0.01-FIFO-True n_req: 107000000, n_miss: 99761104, miss ratio: 0.9323, disk write 276019200 + 0 (0.0004)
19:56:32: INFO [flashield.py:170 (root)]: 	w01.oracleGeneral.bin-0.01-FIFO-True n_req: 108000000, n_miss: 100724478, miss ratio: 0.9326, disk write 276019200 + 0 (0.0004)
19:58:04: INFO [flashield.py:170 (root)]: 	w01.oracleGeneral.bin-0.01-FIFO-True n_req: 109000000, n_miss: 101623065, miss ratio: 0.9323, disk write 276019200 + 0 (0.0004)
19:59:36: INFO [flashield.py:170 (root)]: 	w01.oracleGeneral.bin-0.01-FIFO-True n_req: 110000000, n_miss: 102489084, miss ratio: 0.9317, disk write 276019200 + 0 (0.0004)
20:01:04: INFO [flashield.py:170 (root)]: 	w01.oracleGeneral.bin-0.01-FIFO-True n_req: 111000000, n_miss: 103329046, miss ratio: 0.9309, disk write 276019200 + 0 (0.0004)
20:02:35: INFO [flashield.py:170 (root)]: 	w01.oracleGeneral.bin-0.01-FIFO-True n_req: 112000000, n_miss: 104210864, miss ratio: 0.9305, disk write 276019200 + 0 (0.0004)
20:04:15: INFO [flashield.py:170 (root)]: 	w01.oracleGeneral.bin-0.01-FIFO-True n_req: 113000000, n_miss: 105166353, miss ratio: 0.9307, disk write 276019200 + 0 (0.0004)
20:06:00: INFO [flashield.py:170 (root)]: 	w01.oracleGeneral.bin-0.01-FIFO-True n_req: 114000000, n_miss: 106159407, miss ratio: 0.9312, disk write 276019200 + 0 (0.0004)
20:07:39: INFO [flashield.py:170 (root)]: 	w01.oracleGeneral.bin-0.01-FIFO-True n_req: 115000000, n_miss: 107090778, miss ratio: 0.9312, disk write 276019200 + 0 (0.0004)
20:09:12: INFO [flashield.py:170 (root)]: 	w01.oracleGeneral.bin-0.01-FIFO-True n_req: 116000000, n_miss: 107958412, miss ratio: 0.9307, disk write 276019200 + 0 (0.0004)
20:10:47: INFO [flashield.py:170 (root)]: 	w01.oracleGeneral.bin-0.01-FIFO-True n_req: 117000000, n_miss: 108862909, miss ratio: 0.9305, disk write 276019200 + 0 (0.0004)
20:12:19: INFO [flashield.py:170 (root)]: 	w01.oracleGeneral.bin-0.01-FIFO-True n_req: 118000000, n_miss: 109737823, miss ratio: 0.9300, disk write 276019200 + 0 (0.0004)
20:13:59: INFO [flashield.py:170 (root)]: 	w01.oracleGeneral.bin-0.01-FIFO-True n_req: 119000000, n_miss: 110689971, miss ratio: 0.9302, disk write 276019200 + 0 (0.0004)
20:15:38: INFO [flashield.py:170 (root)]: 	w01.oracleGeneral.bin-0.01-FIFO-True n_req: 120000000, n_miss: 111631264, miss ratio: 0.9303, disk write 276019200 + 0 (0.0004)
20:17:18: INFO [flashield.py:170 (root)]: 	w01.oracleGeneral.bin-0.01-FIFO-True n_req: 121000000, n_miss: 112600713, miss ratio: 0.9306, disk write 276019200 + 0 (0.0004)
20:18:58: INFO [flashield.py:170 (root)]: 	w01.oracleGeneral.bin-0.01-FIFO-True n_req: 122000000, n_miss: 113548638, miss ratio: 0.9307, disk write 276019200 + 0 (0.0004)
20:20:40: INFO [flashield.py:170 (root)]: 	w01.oracleGeneral.bin-0.01-FIFO-True n_req: 123000000, n_miss: 114495781, miss ratio: 0.9309, disk write 276019200 + 0 (0.0004)
20:22:22: INFO [flashield.py:170 (root)]: 	w01.oracleGeneral.bin-0.01-FIFO-True n_req: 124000000, n_miss: 115458484, miss ratio: 0.9311, disk write 276019200 + 0 (0.0004)
20:24:04: INFO [flashield.py:170 (root)]: 	w01.oracleGeneral.bin-0.01-FIFO-True n_req: 125000000, n_miss: 116438003, miss ratio: 0.9315, disk write 276019200 + 0 (0.0004)
20:25:45: INFO [flashield.py:170 (root)]: 	w01.oracleGeneral.bin-0.01-FIFO-True n_req: 126000000, n_miss: 117400614, miss ratio: 0.9318, disk write 276019200 + 0 (0.0004)
20:27:28: INFO [flashield.py:170 (root)]: 	w01.oracleGeneral.bin-0.01-FIFO-True n_req: 127000000, n_miss: 118377873, miss ratio: 0.9321, disk write 276019200 + 0 (0.0004)
20:29:12: INFO [flashield.py:170 (root)]: 	w01.oracleGeneral.bin-0.01-FIFO-True n_req: 128000000, n_miss: 119354081, miss ratio: 0.9325, disk write 276019200 + 0 (0.0004)
20:30:56: INFO [flashield.py:170 (root)]: 	w01.oracleGeneral.bin-0.01-FIFO-True n_req: 129000000, n_miss: 120346229, miss ratio: 0.9329, disk write 276019200 + 0 (0.0004)
20:32:42: INFO [flashield.py:170 (root)]: 	w01.oracleGeneral.bin-0.01-FIFO-True n_req: 130000000, n_miss: 121333239, miss ratio: 0.9333, disk write 276019200 + 0 (0.0004)
20:34:23: INFO [flashield.py:170 (root)]: 	w01.oracleGeneral.bin-0.01-FIFO-True n_req: 131000000, n_miss: 122300902, miss ratio: 0.9336, disk write 276019200 + 0 (0.0004)
20:36:05: INFO [flashield.py:170 (root)]: 	w01.oracleGeneral.bin-0.01-FIFO-True n_req: 132000000, n_miss: 123284871, miss ratio: 0.9340, disk write 276019200 + 0 (0.0004)
20:37:44: INFO [flashield.py:170 (root)]: 	w01.oracleGeneral.bin-0.01-FIFO-True n_req: 133000000, n_miss: 124254883, miss ratio: 0.9342, disk write 276019200 + 0 (0.0004)
20:39:24: INFO [flashield.py:170 (root)]: 	w01.oracleGeneral.bin-0.01-FIFO-True n_req: 134000000, n_miss: 125218228, miss ratio: 0.9345, disk write 276019200 + 0 (0.0004)
20:41:06: INFO [flashield.py:170 (root)]: 	w01.oracleGeneral.bin-0.01-FIFO-True n_req: 135000000, n_miss: 126196785, miss ratio: 0.9348, disk write 276019200 + 0 (0.0004)
20:42:45: INFO [flashield.py:170 (root)]: 	w01.oracleGeneral.bin-0.01-FIFO-True n_req: 136000000, n_miss: 127147912, miss ratio: 0.9349, disk write 276019200 + 0 (0.0004)
20:44:24: INFO [flashield.py:170 (root)]: 	w01.oracleGeneral.bin-0.01-FIFO-True n_req: 137000000, n_miss: 128096439, miss ratio: 0.9350, disk write 276019200 + 0 (0.0004)
20:46:03: INFO [flashield.py:170 (root)]: 	w01.oracleGeneral.bin-0.01-FIFO-True n_req: 138000000, n_miss: 129037392, miss ratio: 0.9351, disk write 276019200 + 0 (0.0004)
20:47:43: INFO [flashield.py:170 (root)]: 	w01.oracleGeneral.bin-0.01-FIFO-True n_req: 139000000, n_miss: 129991602, miss ratio: 0.9352, disk write 276019200 + 0 (0.0004)
20:49:15: INFO [flashield.py:170 (root)]: 	w01.oracleGeneral.bin-0.01-FIFO-True n_req: 140000000, n_miss: 130868020, miss ratio: 0.9348, disk write 276019200 + 0 (0.0004)
20:50:50: INFO [flashield.py:170 (root)]: 	w01.oracleGeneral.bin-0.01-FIFO-True n_req: 141000000, n_miss: 131770531, miss ratio: 0.9345, disk write 276019200 + 0 (0.0004)
20:52:24: INFO [flashield.py:170 (root)]: 	w01.oracleGeneral.bin-0.01-FIFO-True n_req: 142000000, n_miss: 132658591, miss ratio: 0.9342, disk write 276019200 + 0 (0.0004)
20:54:01: INFO [flashield.py:170 (root)]: 	w01.oracleGeneral.bin-0.01-FIFO-True n_req: 143000000, n_miss: 133578809, miss ratio: 0.9341, disk write 276019200 + 0 (0.0004)
20:55:35: INFO [flashield.py:170 (root)]: 	w01.oracleGeneral.bin-0.01-FIFO-True n_req: 144000000, n_miss: 134472874, miss ratio: 0.9338, disk write 276019200 + 0 (0.0004)
20:57:10: INFO [flashield.py:170 (root)]: 	w01.oracleGeneral.bin-0.01-FIFO-True n_req: 145000000, n_miss: 135380376, miss ratio: 0.9337, disk write 276019200 + 0 (0.0004)
20:58:46: INFO [flashield.py:170 (root)]: 	w01.oracleGeneral.bin-0.01-FIFO-True n_req: 146000000, n_miss: 136291584, miss ratio: 0.9335, disk write 276019200 + 0 (0.0004)
21:00:24: INFO [flashield.py:170 (root)]: 	w01.oracleGeneral.bin-0.01-FIFO-True n_req: 147000000, n_miss: 137189069, miss ratio: 0.9333, disk write 276019200 + 0 (0.0004)
21:02:01: INFO [flashield.py:170 (root)]: 	w01.oracleGeneral.bin-0.01-FIFO-True n_req: 148000000, n_miss: 138112772, miss ratio: 0.9332, disk write 276019200 + 0 (0.0004)
21:03:36: INFO [flashield.py:170 (root)]: 	w01.oracleGeneral.bin-0.01-FIFO-True n_req: 149000000, n_miss: 139015391, miss ratio: 0.9330, disk write 276019200 + 0 (0.0004)
21:05:11: INFO [flashield.py:170 (root)]: 	w01.oracleGeneral.bin-0.01-FIFO-True n_req: 150000000, n_miss: 139928441, miss ratio: 0.9329, disk write 276019200 + 0 (0.0004)
21:06:44: INFO [flashield.py:170 (root)]: 	w01.oracleGeneral.bin-0.01-FIFO-True n_req: 151000000, n_miss: 140822256, miss ratio: 0.9326, disk write 276019200 + 0 (0.0004)
21:08:17: INFO [flashield.py:170 (root)]: 	w01.oracleGeneral.bin-0.01-FIFO-True n_req: 152000000, n_miss: 141711996, miss ratio: 0.9323, disk write 276019200 + 0 (0.0004)
21:09:52: INFO [flashield.py:170 (root)]: 	w01.oracleGeneral.bin-0.01-FIFO-True n_req: 153000000, n_miss: 142613421, miss ratio: 0.9321, disk write 276019200 + 0 (0.0004)
21:11:23: INFO [flashield.py:170 (root)]: 	w01.oracleGeneral.bin-0.01-FIFO-True n_req: 154000000, n_miss: 143483442, miss ratio: 0.9317, disk write 276019200 + 0 (0.0004)
21:12:55: INFO [flashield.py:170 (root)]: 	w01.oracleGeneral.bin-0.01-FIFO-True n_req: 155000000, n_miss: 144361515, miss ratio: 0.9314, disk write 276019200 + 0 (0.0004)
21:14:27: INFO [flashield.py:170 (root)]: 	w01.oracleGeneral.bin-0.01-FIFO-True n_req: 156000000, n_miss: 145242837, miss ratio: 0.9310, disk write 276019200 + 0 (0.0004)
21:16:01: INFO [flashield.py:170 (root)]: 	w01.oracleGeneral.bin-0.01-FIFO-True n_req: 157000000, n_miss: 146133005, miss ratio: 0.9308, disk write 276019200 + 0 (0.0004)
21:17:36: INFO [flashield.py:170 (root)]: 	w01.oracleGeneral.bin-0.01-FIFO-True n_req: 158000000, n_miss: 147033863, miss ratio: 0.9306, disk write 276019200 + 0 (0.0004)
21:19:14: INFO [flashield.py:170 (root)]: 	w01.oracleGeneral.bin-0.01-FIFO-True n_req: 159000000, n_miss: 147972075, miss ratio: 0.9306, disk write 276019200 + 0 (0.0004)
21:20:52: INFO [flashield.py:170 (root)]: 	w01.oracleGeneral.bin-0.01-FIFO-True n_req: 160000000, n_miss: 148925489, miss ratio: 0.9308, disk write 276019200 + 0 (0.0004)
21:22:28: INFO [flashield.py:170 (root)]: 	w01.oracleGeneral.bin-0.01-FIFO-True n_req: 161000000, n_miss: 149844296, miss ratio: 0.9307, disk write 276019200 + 0 (0.0004)
21:24:09: INFO [flashield.py:170 (root)]: 	w01.oracleGeneral.bin-0.01-FIFO-True n_req: 162000000, n_miss: 150816483, miss ratio: 0.9310, disk write 276019200 + 0 (0.0004)
21:25:44: INFO [flashield.py:170 (root)]: 	w01.oracleGeneral.bin-0.01-FIFO-True n_req: 163000000, n_miss: 151746080, miss ratio: 0.9310, disk write 276019200 + 0 (0.0004)
21:27:21: INFO [flashield.py:170 (root)]: 	w01.oracleGeneral.bin-0.01-FIFO-True n_req: 164000000, n_miss: 152677399, miss ratio: 0.9310, disk write 276019200 + 0 (0.0004)
21:28:58: INFO [flashield.py:170 (root)]: 	w01.oracleGeneral.bin-0.01-FIFO-True n_req: 165000000, n_miss: 153606943, miss ratio: 0.9310, disk write 276019200 + 0 (0.0004)
21:30:33: INFO [flashield.py:170 (root)]: 	w01.oracleGeneral.bin-0.01-FIFO-True n_req: 166000000, n_miss: 154522333, miss ratio: 0.9309, disk write 276019200 + 0 (0.0004)
21:32:13: INFO [flashield.py:170 (root)]: 	w01.oracleGeneral.bin-0.01-FIFO-True n_req: 167000000, n_miss: 155489153, miss ratio: 0.9311, disk write 276019200 + 0 (0.0004)
21:33:53: INFO [flashield.py:170 (root)]: 	w01.oracleGeneral.bin-0.01-FIFO-True n_req: 168000000, n_miss: 156449901, miss ratio: 0.9312, disk write 276019200 + 0 (0.0004)
21:35:32: INFO [flashield.py:170 (root)]: 	w01.oracleGeneral.bin-0.01-FIFO-True n_req: 169000000, n_miss: 157400958, miss ratio: 0.9314, disk write 276019200 + 0 (0.0004)
21:37:14: INFO [flashield.py:170 (root)]: 	w01.oracleGeneral.bin-0.01-FIFO-True n_req: 170000000, n_miss: 158358224, miss ratio: 0.9315, disk write 276019200 + 0 (0.0004)
21:38:55: INFO [flashield.py:170 (root)]: 	w01.oracleGeneral.bin-0.01-FIFO-True n_req: 171000000, n_miss: 159321640, miss ratio: 0.9317, disk write 276019200 + 0 (0.0004)
21:40:35: INFO [flashield.py:170 (root)]: 	w01.oracleGeneral.bin-0.01-FIFO-True n_req: 172000000, n_miss: 160274901, miss ratio: 0.9318, disk write 276019200 + 0 (0.0004)
21:42:09: INFO [flashield.py:170 (root)]: 	w01.oracleGeneral.bin-0.01-FIFO-True n_req: 173000000, n_miss: 161180559, miss ratio: 0.9317, disk write 276019200 + 0 (0.0004)
21:43:47: INFO [flashield.py:170 (root)]: 	w01.oracleGeneral.bin-0.01-FIFO-True n_req: 174000000, n_miss: 162106607, miss ratio: 0.9316, disk write 276019200 + 0 (0.0004)
21:45:23: INFO [flashield.py:170 (root)]: 	w01.oracleGeneral.bin-0.01-FIFO-True n_req: 175000000, n_miss: 163009971, miss ratio: 0.9315, disk write 276019200 + 0 (0.0004)
21:46:58: INFO [flashield.py:170 (root)]: 	w01.oracleGeneral.bin-0.01-FIFO-True n_req: 176000000, n_miss: 163928137, miss ratio: 0.9314, disk write 276019200 + 0 (0.0004)
21:48:26: INFO [flashield.py:170 (root)]: 	w01.oracleGeneral.bin-0.01-FIFO-True n_req: 177000000, n_miss: 164749798, miss ratio: 0.9308, disk write 276019200 + 0 (0.0004)
21:49:53: INFO [flashield.py:170 (root)]: 	w01.oracleGeneral.bin-0.01-FIFO-True n_req: 178000000, n_miss: 165562180, miss ratio: 0.9301, disk write 276019200 + 0 (0.0004)
21:51:21: INFO [flashield.py:170 (root)]: 	w01.oracleGeneral.bin-0.01-FIFO-True n_req: 179000000, n_miss: 166393433, miss ratio: 0.9296, disk write 276019200 + 0 (0.0004)
21:52:46: INFO [flashield.py:170 (root)]: 	w01.oracleGeneral.bin-0.01-FIFO-True n_req: 180000000, n_miss: 167180724, miss ratio: 0.9288, disk write 276019200 + 0 (0.0004)
21:54:13: INFO [flashield.py:170 (root)]: 	w01.oracleGeneral.bin-0.01-FIFO-True n_req: 181000000, n_miss: 168006128, miss ratio: 0.9282, disk write 276019200 + 0 (0.0004)
21:55:41: INFO [flashield.py:170 (root)]: 	w01.oracleGeneral.bin-0.01-FIFO-True n_req: 182000000, n_miss: 168805903, miss ratio: 0.9275, disk write 276019200 + 0 (0.0004)
21:57:10: INFO [flashield.py:170 (root)]: 	w01.oracleGeneral.bin-0.01-FIFO-True n_req: 183000000, n_miss: 169626234, miss ratio: 0.9269, disk write 276019200 + 0 (0.0004)
21:58:41: INFO [flashield.py:170 (root)]: 	w01.oracleGeneral.bin-0.01-FIFO-True n_req: 184000000, n_miss: 170490683, miss ratio: 0.9266, disk write 276019200 + 0 (0.0004)
22:00:08: INFO [flashield.py:170 (root)]: 	w01.oracleGeneral.bin-0.01-FIFO-True n_req: 185000000, n_miss: 171333722, miss ratio: 0.9261, disk write 276019200 + 0 (0.0004)
22:01:33: INFO [flashield.py:170 (root)]: 	w01.oracleGeneral.bin-0.01-FIFO-True n_req: 186000000, n_miss: 172119826, miss ratio: 0.9254, disk write 276019200 + 0 (0.0004)
22:02:58: INFO [flashield.py:170 (root)]: 	w01.oracleGeneral.bin-0.01-FIFO-True n_req: 187000000, n_miss: 172925760, miss ratio: 0.9247, disk write 276019200 + 0 (0.0004)
22:04:25: INFO [flashield.py:170 (root)]: 	w01.oracleGeneral.bin-0.01-FIFO-True n_req: 188000000, n_miss: 173725058, miss ratio: 0.9241, disk write 276019200 + 0 (0.0004)
22:05:51: INFO [flashield.py:170 (root)]: 	w01.oracleGeneral.bin-0.01-FIFO-True n_req: 189000000, n_miss: 174534290, miss ratio: 0.9235, disk write 276019200 + 0 (0.0004)
22:07:19: INFO [flashield.py:170 (root)]: 	w01.oracleGeneral.bin-0.01-FIFO-True n_req: 190000000, n_miss: 175390023, miss ratio: 0.9231, disk write 276019200 + 0 (0.0004)
22:08:48: INFO [flashield.py:170 (root)]: 	w01.oracleGeneral.bin-0.01-FIFO-True n_req: 191000000, n_miss: 176213180, miss ratio: 0.9226, disk write 276019200 + 0 (0.0004)
22:10:15: INFO [flashield.py:170 (root)]: 	w01.oracleGeneral.bin-0.01-FIFO-True n_req: 192000000, n_miss: 177040186, miss ratio: 0.9221, disk write 276019200 + 0 (0.0004)
22:11:48: INFO [flashield.py:170 (root)]: 	w01.oracleGeneral.bin-0.01-FIFO-True n_req: 193000000, n_miss: 177932353, miss ratio: 0.9219, disk write 276019200 + 0 (0.0004)
22:13:16: INFO [flashield.py:170 (root)]: 	w01.oracleGeneral.bin-0.01-FIFO-True n_req: 194000000, n_miss: 178772684, miss ratio: 0.9215, disk write 276019200 + 0 (0.0004)
22:14:42: INFO [flashield.py:170 (root)]: 	w01.oracleGeneral.bin-0.01-FIFO-True n_req: 195000000, n_miss: 179594952, miss ratio: 0.9210, disk write 276019200 + 0 (0.0004)
22:16:07: INFO [flashield.py:170 (root)]: 	w01.oracleGeneral.bin-0.01-FIFO-True n_req: 196000000, n_miss: 180387617, miss ratio: 0.9203, disk write 276019200 + 0 (0.0004)
22:17:36: INFO [flashield.py:170 (root)]: 	w01.oracleGeneral.bin-0.01-FIFO-True n_req: 197000000, n_miss: 181222226, miss ratio: 0.9199, disk write 276019200 + 0 (0.0004)
22:19:01: INFO [flashield.py:170 (root)]: 	w01.oracleGeneral.bin-0.01-FIFO-True n_req: 198000000, n_miss: 182032664, miss ratio: 0.9194, disk write 276019200 + 0 (0.0004)
22:20:32: INFO [flashield.py:170 (root)]: 	w01.oracleGeneral.bin-0.01-FIFO-True n_req: 199000000, n_miss: 182889937, miss ratio: 0.9190, disk write 276019200 + 0 (0.0004)
22:22:07: INFO [flashield.py:170 (root)]: 	w01.oracleGeneral.bin-0.01-FIFO-True n_req: 200000000, n_miss: 183804786, miss ratio: 0.9190, disk write 276019200 + 0 (0.0004)
22:23:38: INFO [flashield.py:170 (root)]: 	w01.oracleGeneral.bin-0.01-FIFO-True n_req: 201000000, n_miss: 184681070, miss ratio: 0.9188, disk write 276019200 + 0 (0.0004)
22:25:09: INFO [flashield.py:170 (root)]: 	w01.oracleGeneral.bin-0.01-FIFO-True n_req: 202000000, n_miss: 185549958, miss ratio: 0.9186, disk write 276019200 + 0 (0.0004)
22:26:42: INFO [flashield.py:170 (root)]: 	w01.oracleGeneral.bin-0.01-FIFO-True n_req: 203000000, n_miss: 186427263, miss ratio: 0.9184, disk write 276019200 + 0 (0.0004)
22:28:18: INFO [flashield.py:170 (root)]: 	w01.oracleGeneral.bin-0.01-FIFO-True n_req: 204000000, n_miss: 187331856, miss ratio: 0.9183, disk write 276019200 + 0 (0.0004)
22:29:56: INFO [flashield.py:170 (root)]: 	w01.oracleGeneral.bin-0.01-FIFO-True n_req: 205000000, n_miss: 188261521, miss ratio: 0.9183, disk write 276019200 + 0 (0.0004)
22:31:16: INFO [flashield.py:170 (root)]: 	w01.oracleGeneral.bin-0.01-FIFO-True n_req: 206000000, n_miss: 189023612, miss ratio: 0.9176, disk write 276019200 + 0 (0.0004)
22:32:53: INFO [flashield.py:170 (root)]: 	w01.oracleGeneral.bin-0.01-FIFO-True n_req: 207000000, n_miss: 189943066, miss ratio: 0.9176, disk write 276019200 + 0 (0.0004)
22:34:31: INFO [flashield.py:170 (root)]: 	w01.oracleGeneral.bin-0.01-FIFO-True n_req: 208000000, n_miss: 190869040, miss ratio: 0.9176, disk write 276019200 + 0 (0.0004)
22:35:49: INFO [flashield.py:170 (root)]: 	w01.oracleGeneral.bin-0.01-FIFO-True n_req: 209000000, n_miss: 191612250, miss ratio: 0.9168, disk write 276019200 + 0 (0.0004)
22:37:07: INFO [flashield.py:170 (root)]: 	w01.oracleGeneral.bin-0.01-FIFO-True n_req: 210000000, n_miss: 192350235, miss ratio: 0.9160, disk write 276019200 + 0 (0.0004)
22:38:35: INFO [flashield.py:170 (root)]: 	w01.oracleGeneral.bin-0.01-FIFO-True n_req: 211000000, n_miss: 193167513, miss ratio: 0.9155, disk write 276019200 + 0 (0.0004)
22:40:14: INFO [flashield.py:170 (root)]: 	w01.oracleGeneral.bin-0.01-FIFO-True n_req: 212000000, n_miss: 194108443, miss ratio: 0.9156, disk write 276019200 + 0 (0.0004)
22:41:53: INFO [flashield.py:170 (root)]: 	w01.oracleGeneral.bin-0.01-FIFO-True n_req: 213000000, n_miss: 195061159, miss ratio: 0.9158, disk write 276019200 + 0 (0.0004)
22:43:30: INFO [flashield.py:170 (root)]: 	w01.oracleGeneral.bin-0.01-FIFO-True n_req: 214000000, n_miss: 195971520, miss ratio: 0.9158, disk write 276019200 + 0 (0.0004)
22:45:07: INFO [flashield.py:170 (root)]: 	w01.oracleGeneral.bin-0.01-FIFO-True n_req: 215000000, n_miss: 196893586, miss ratio: 0.9158, disk write 276019200 + 0 (0.0004)
22:46:27: INFO [flashield.py:182 (root)]: 	w01.oracleGeneral.bin-0.01-FIFO-True n_req: 215796257, n_miss: 197648499, miss ratio: 0.9159, disk write 276019200 + 0 (0.0004)
