16:59:45: INFO [flashield.py:220 (root)]: 	calculating wss for w02.oracleGeneral.bin
17:00:44: INFO [flashield.py:228 (root)]: 	w02.oracleGeneral.bin wss_obj: 495582, wss_byte: 20984298496
17:00:44: INFO [cache.py:19 (cache)]: 	create Flashield cache with size 209842984
17:00:44: INFO [cache.py:19 (cache)]: 	create LRU cache with size 2098429
17:00:44: INFO [cache.py:19 (cache)]: 	create FIFO cache with size 207744555
17:00:47: INFO [flashield.py:170 (root)]: 	w02.oracleGeneral.bin-0.01-FIFO-True n_req: 1000000, n_miss: 994983, miss ratio: 0.9950, disk write 50805624832 + 0 (2.4211)
17:00:48: INFO [flashield.py:37 (root)]: 	w02.oracleGeneral.bin Training Flashield...
17:00:48: INFO [flashield.py:42 (root)]: 	w02.oracleGeneral.bin Training Flashield: 84167 features 84167 labels ...
17:00:48: INFO [flashield.py:55 (root)]: 	w02.oracleGeneral.bin finish training
17:01:46: INFO [flashield.py:170 (root)]: 	w02.oracleGeneral.bin-0.01-FIFO-True n_req: 2000000, n_miss: 1962792, miss ratio: 0.9814, disk write 71869370368 + 0 (3.4249)
17:03:25: INFO [flashield.py:170 (root)]: 	w02.oracleGeneral.bin-0.01-FIFO-True n_req: 3000000, n_miss: 2903207, miss ratio: 0.9677, disk write 71869370368 + 0 (3.4249)
17:05:05: INFO [flashield.py:170 (root)]: 	w02.oracleGeneral.bin-0.01-FIFO-True n_req: 4000000, n_miss: 3846785, miss ratio: 0.9617, disk write 71869370368 + 0 (3.4249)
17:06:44: INFO [flashield.py:170 (root)]: 	w02.oracleGeneral.bin-0.01-FIFO-True n_req: 5000000, n_miss: 4792692, miss ratio: 0.9585, disk write 71869370368 + 0 (3.4249)
17:08:23: INFO [flashield.py:170 (root)]: 	w02.oracleGeneral.bin-0.01-FIFO-True n_req: 6000000, n_miss: 5739464, miss ratio: 0.9566, disk write 71869370368 + 0 (3.4249)
17:10:03: INFO [flashield.py:170 (root)]: 	w02.oracleGeneral.bin-0.01-FIFO-True n_req: 7000000, n_miss: 6687111, miss ratio: 0.9553, disk write 71869370368 + 0 (3.4249)
17:11:40: INFO [flashield.py:170 (root)]: 	w02.oracleGeneral.bin-0.01-FIFO-True n_req: 8000000, n_miss: 7619908, miss ratio: 0.9525, disk write 71869370368 + 0 (3.4249)
17:13:19: INFO [flashield.py:170 (root)]: 	w02.oracleGeneral.bin-0.01-FIFO-True n_req: 9000000, n_miss: 8562715, miss ratio: 0.9514, disk write 71869370368 + 0 (3.4249)
17:14:59: INFO [flashield.py:170 (root)]: 	w02.oracleGeneral.bin-0.01-FIFO-True n_req: 10000000, n_miss: 9509927, miss ratio: 0.9510, disk write 71869370368 + 0 (3.4249)
17:16:38: INFO [flashield.py:170 (root)]: 	w02.oracleGeneral.bin-0.01-FIFO-True n_req: 11000000, n_miss: 10458134, miss ratio: 0.9507, disk write 71869370368 + 0 (3.4249)
17:18:18: INFO [flashield.py:170 (root)]: 	w02.oracleGeneral.bin-0.01-FIFO-True n_req: 12000000, n_miss: 11403119, miss ratio: 0.9503, disk write 71869370368 + 0 (3.4249)
17:19:58: INFO [flashield.py:170 (root)]: 	w02.oracleGeneral.bin-0.01-FIFO-True n_req: 13000000, n_miss: 12349628, miss ratio: 0.9500, disk write 71869370368 + 0 (3.4249)
17:21:39: INFO [flashield.py:170 (root)]: 	w02.oracleGeneral.bin-0.01-FIFO-True n_req: 14000000, n_miss: 13296054, miss ratio: 0.9497, disk write 71869370368 + 0 (3.4249)
17:23:20: INFO [flashield.py:170 (root)]: 	w02.oracleGeneral.bin-0.01-FIFO-True n_req: 15000000, n_miss: 14248714, miss ratio: 0.9499, disk write 71869370368 + 0 (3.4249)
17:25:00: INFO [flashield.py:170 (root)]: 	w02.oracleGeneral.bin-0.01-FIFO-True n_req: 16000000, n_miss: 15194106, miss ratio: 0.9496, disk write 71869370368 + 0 (3.4249)
17:26:38: INFO [flashield.py:170 (root)]: 	w02.oracleGeneral.bin-0.01-FIFO-True n_req: 17000000, n_miss: 16114692, miss ratio: 0.9479, disk write 71869370368 + 0 (3.4249)
17:28:18: INFO [flashield.py:170 (root)]: 	w02.oracleGeneral.bin-0.01-FIFO-True n_req: 18000000, n_miss: 17058326, miss ratio: 0.9477, disk write 71869370368 + 0 (3.4249)
17:29:57: INFO [flashield.py:170 (root)]: 	w02.oracleGeneral.bin-0.01-FIFO-True n_req: 19000000, n_miss: 18004206, miss ratio: 0.9476, disk write 71869370368 + 0 (3.4249)
17:31:38: INFO [flashield.py:170 (root)]: 	w02.oracleGeneral.bin-0.01-FIFO-True n_req: 20000000, n_miss: 18950930, miss ratio: 0.9475, disk write 71869370368 + 0 (3.4249)
17:33:18: INFO [flashield.py:170 (root)]: 	w02.oracleGeneral.bin-0.01-FIFO-True n_req: 21000000, n_miss: 19898198, miss ratio: 0.9475, disk write 71869370368 + 0 (3.4249)
17:34:57: INFO [flashield.py:170 (root)]: 	w02.oracleGeneral.bin-0.01-FIFO-True n_req: 22000000, n_miss: 20836940, miss ratio: 0.9471, disk write 71869370368 + 0 (3.4249)
17:36:37: INFO [flashield.py:170 (root)]: 	w02.oracleGeneral.bin-0.01-FIFO-True n_req: 23000000, n_miss: 21780851, miss ratio: 0.9470, disk write 71869370368 + 0 (3.4249)
17:38:17: INFO [flashield.py:170 (root)]: 	w02.oracleGeneral.bin-0.01-FIFO-True n_req: 24000000, n_miss: 22728695, miss ratio: 0.9470, disk write 71869370368 + 0 (3.4249)
17:39:57: INFO [flashield.py:170 (root)]: 	w02.oracleGeneral.bin-0.01-FIFO-True n_req: 25000000, n_miss: 23674451, miss ratio: 0.9470, disk write 71869370368 + 0 (3.4249)
17:41:38: INFO [flashield.py:170 (root)]: 	w02.oracleGeneral.bin-0.01-FIFO-True n_req: 26000000, n_miss: 24625487, miss ratio: 0.9471, disk write 71869370368 + 0 (3.4249)
17:43:16: INFO [flashield.py:170 (root)]: 	w02.oracleGeneral.bin-0.01-FIFO-True n_req: 27000000, n_miss: 25557182, miss ratio: 0.9466, disk write 71869370368 + 0 (3.4249)
17:44:55: INFO [flashield.py:170 (root)]: 	w02.oracleGeneral.bin-0.01-FIFO-True n_req: 28000000, n_miss: 26495964, miss ratio: 0.9463, disk write 71869370368 + 0 (3.4249)
17:46:36: INFO [flashield.py:170 (root)]: 	w02.oracleGeneral.bin-0.01-FIFO-True n_req: 29000000, n_miss: 27442808, miss ratio: 0.9463, disk write 71869370368 + 0 (3.4249)
17:48:16: INFO [flashield.py:170 (root)]: 	w02.oracleGeneral.bin-0.01-FIFO-True n_req: 30000000, n_miss: 28390194, miss ratio: 0.9463, disk write 71869370368 + 0 (3.4249)
17:49:57: INFO [flashield.py:170 (root)]: 	w02.oracleGeneral.bin-0.01-FIFO-True n_req: 31000000, n_miss: 29334909, miss ratio: 0.9463, disk write 71869370368 + 0 (3.4249)
17:51:37: INFO [flashield.py:170 (root)]: 	w02.oracleGeneral.bin-0.01-FIFO-True n_req: 32000000, n_miss: 30281801, miss ratio: 0.9463, disk write 71869370368 + 0 (3.4249)
17:53:18: INFO [flashield.py:170 (root)]: 	w02.oracleGeneral.bin-0.01-FIFO-True n_req: 33000000, n_miss: 31231523, miss ratio: 0.9464, disk write 71869370368 + 0 (3.4249)
17:54:58: INFO [flashield.py:170 (root)]: 	w02.oracleGeneral.bin-0.01-FIFO-True n_req: 34000000, n_miss: 32177424, miss ratio: 0.9464, disk write 71869370368 + 0 (3.4249)
17:56:39: INFO [flashield.py:170 (root)]: 	w02.oracleGeneral.bin-0.01-FIFO-True n_req: 35000000, n_miss: 33131235, miss ratio: 0.9466, disk write 71869370368 + 0 (3.4249)
17:58:20: INFO [flashield.py:170 (root)]: 	w02.oracleGeneral.bin-0.01-FIFO-True n_req: 36000000, n_miss: 34078409, miss ratio: 0.9466, disk write 71869370368 + 0 (3.4249)
17:59:57: INFO [flashield.py:170 (root)]: 	w02.oracleGeneral.bin-0.01-FIFO-True n_req: 37000000, n_miss: 34994016, miss ratio: 0.9458, disk write 71869370368 + 0 (3.4249)
18:01:37: INFO [flashield.py:170 (root)]: 	w02.oracleGeneral.bin-0.01-FIFO-True n_req: 38000000, n_miss: 35940048, miss ratio: 0.9458, disk write 71869370368 + 0 (3.4249)
18:03:18: INFO [flashield.py:170 (root)]: 	w02.oracleGeneral.bin-0.01-FIFO-True n_req: 39000000, n_miss: 36891257, miss ratio: 0.9459, disk write 71869370368 + 0 (3.4249)
18:04:58: INFO [flashield.py:170 (root)]: 	w02.oracleGeneral.bin-0.01-FIFO-True n_req: 40000000, n_miss: 37835961, miss ratio: 0.9459, disk write 71869370368 + 0 (3.4249)
18:06:38: INFO [flashield.py:170 (root)]: 	w02.oracleGeneral.bin-0.01-FIFO-True n_req: 41000000, n_miss: 38782314, miss ratio: 0.9459, disk write 71869370368 + 0 (3.4249)
18:08:18: INFO [flashield.py:170 (root)]: 	w02.oracleGeneral.bin-0.01-FIFO-True n_req: 42000000, n_miss: 39721652, miss ratio: 0.9458, disk write 71869370368 + 0 (3.4249)
18:09:58: INFO [flashield.py:170 (root)]: 	w02.oracleGeneral.bin-0.01-FIFO-True n_req: 43000000, n_miss: 40665089, miss ratio: 0.9457, disk write 71869370368 + 0 (3.4249)
18:11:39: INFO [flashield.py:170 (root)]: 	w02.oracleGeneral.bin-0.01-FIFO-True n_req: 44000000, n_miss: 41614508, miss ratio: 0.9458, disk write 71869370368 + 0 (3.4249)
18:13:19: INFO [flashield.py:170 (root)]: 	w02.oracleGeneral.bin-0.01-FIFO-True n_req: 45000000, n_miss: 42560646, miss ratio: 0.9458, disk write 71869370368 + 0 (3.4249)
18:14:59: INFO [flashield.py:170 (root)]: 	w02.oracleGeneral.bin-0.01-FIFO-True n_req: 46000000, n_miss: 43502123, miss ratio: 0.9457, disk write 71869370368 + 0 (3.4249)
18:16:39: INFO [flashield.py:170 (root)]: 	w02.oracleGeneral.bin-0.01-FIFO-True n_req: 47000000, n_miss: 44444344, miss ratio: 0.9456, disk write 71869370368 + 0 (3.4249)
18:18:19: INFO [flashield.py:170 (root)]: 	w02.oracleGeneral.bin-0.01-FIFO-True n_req: 48000000, n_miss: 45386119, miss ratio: 0.9455, disk write 71869370368 + 0 (3.4249)
18:20:00: INFO [flashield.py:170 (root)]: 	w02.oracleGeneral.bin-0.01-FIFO-True n_req: 49000000, n_miss: 46336159, miss ratio: 0.9456, disk write 71869370368 + 0 (3.4249)
18:21:40: INFO [flashield.py:170 (root)]: 	w02.oracleGeneral.bin-0.01-FIFO-True n_req: 50000000, n_miss: 47283388, miss ratio: 0.9457, disk write 71869370368 + 0 (3.4249)
18:23:21: INFO [flashield.py:170 (root)]: 	w02.oracleGeneral.bin-0.01-FIFO-True n_req: 51000000, n_miss: 48230742, miss ratio: 0.9457, disk write 71869370368 + 0 (3.4249)
18:25:00: INFO [flashield.py:170 (root)]: 	w02.oracleGeneral.bin-0.01-FIFO-True n_req: 52000000, n_miss: 49177056, miss ratio: 0.9457, disk write 71869370368 + 0 (3.4249)
18:26:40: INFO [flashield.py:170 (root)]: 	w02.oracleGeneral.bin-0.01-FIFO-True n_req: 53000000, n_miss: 50123276, miss ratio: 0.9457, disk write 71869370368 + 0 (3.4249)
18:28:20: INFO [flashield.py:170 (root)]: 	w02.oracleGeneral.bin-0.01-FIFO-True n_req: 54000000, n_miss: 51073321, miss ratio: 0.9458, disk write 71869370368 + 0 (3.4249)
18:30:01: INFO [flashield.py:170 (root)]: 	w02.oracleGeneral.bin-0.01-FIFO-True n_req: 55000000, n_miss: 52020571, miss ratio: 0.9458, disk write 71869370368 + 0 (3.4249)
18:31:38: INFO [flashield.py:170 (root)]: 	w02.oracleGeneral.bin-0.01-FIFO-True n_req: 56000000, n_miss: 52942306, miss ratio: 0.9454, disk write 71869370368 + 0 (3.4249)
18:33:18: INFO [flashield.py:170 (root)]: 	w02.oracleGeneral.bin-0.01-FIFO-True n_req: 57000000, n_miss: 53887561, miss ratio: 0.9454, disk write 71869370368 + 0 (3.4249)
18:34:58: INFO [flashield.py:170 (root)]: 	w02.oracleGeneral.bin-0.01-FIFO-True n_req: 58000000, n_miss: 54832821, miss ratio: 0.9454, disk write 71869370368 + 0 (3.4249)
18:36:39: INFO [flashield.py:170 (root)]: 	w02.oracleGeneral.bin-0.01-FIFO-True n_req: 59000000, n_miss: 55783642, miss ratio: 0.9455, disk write 71869370368 + 0 (3.4249)
18:38:19: INFO [flashield.py:170 (root)]: 	w02.oracleGeneral.bin-0.01-FIFO-True n_req: 60000000, n_miss: 56730482, miss ratio: 0.9455, disk write 71869370368 + 0 (3.4249)
18:39:58: INFO [flashield.py:170 (root)]: 	w02.oracleGeneral.bin-0.01-FIFO-True n_req: 61000000, n_miss: 57672127, miss ratio: 0.9454, disk write 71869370368 + 0 (3.4249)
18:41:38: INFO [flashield.py:170 (root)]: 	w02.oracleGeneral.bin-0.01-FIFO-True n_req: 62000000, n_miss: 58616125, miss ratio: 0.9454, disk write 71869370368 + 0 (3.4249)
18:43:18: INFO [flashield.py:170 (root)]: 	w02.oracleGeneral.bin-0.01-FIFO-True n_req: 63000000, n_miss: 59562728, miss ratio: 0.9454, disk write 71869370368 + 0 (3.4249)
18:44:58: INFO [flashield.py:170 (root)]: 	w02.oracleGeneral.bin-0.01-FIFO-True n_req: 64000000, n_miss: 60511249, miss ratio: 0.9455, disk write 71869370368 + 0 (3.4249)
18:46:38: INFO [flashield.py:170 (root)]: 	w02.oracleGeneral.bin-0.01-FIFO-True n_req: 65000000, n_miss: 61457408, miss ratio: 0.9455, disk write 71869370368 + 0 (3.4249)
18:48:17: INFO [flashield.py:170 (root)]: 	w02.oracleGeneral.bin-0.01-FIFO-True n_req: 66000000, n_miss: 62391887, miss ratio: 0.9453, disk write 71869370368 + 0 (3.4249)
18:49:57: INFO [flashield.py:170 (root)]: 	w02.oracleGeneral.bin-0.01-FIFO-True n_req: 67000000, n_miss: 63334740, miss ratio: 0.9453, disk write 71869370368 + 0 (3.4249)
18:51:38: INFO [flashield.py:170 (root)]: 	w02.oracleGeneral.bin-0.01-FIFO-True n_req: 68000000, n_miss: 64281378, miss ratio: 0.9453, disk write 71869370368 + 0 (3.4249)
18:53:18: INFO [flashield.py:170 (root)]: 	w02.oracleGeneral.bin-0.01-FIFO-True n_req: 69000000, n_miss: 65227365, miss ratio: 0.9453, disk write 71869370368 + 0 (3.4249)
18:54:59: INFO [flashield.py:170 (root)]: 	w02.oracleGeneral.bin-0.01-FIFO-True n_req: 70000000, n_miss: 66179266, miss ratio: 0.9454, disk write 71869370368 + 0 (3.4249)
18:56:39: INFO [flashield.py:170 (root)]: 	w02.oracleGeneral.bin-0.01-FIFO-True n_req: 71000000, n_miss: 67122608, miss ratio: 0.9454, disk write 71869370368 + 0 (3.4249)
18:58:19: INFO [flashield.py:170 (root)]: 	w02.oracleGeneral.bin-0.01-FIFO-True n_req: 72000000, n_miss: 68068552, miss ratio: 0.9454, disk write 71869370368 + 0 (3.4249)
19:00:00: INFO [flashield.py:170 (root)]: 	w02.oracleGeneral.bin-0.01-FIFO-True n_req: 73000000, n_miss: 69018499, miss ratio: 0.9455, disk write 71869370368 + 0 (3.4249)
19:01:40: INFO [flashield.py:170 (root)]: 	w02.oracleGeneral.bin-0.01-FIFO-True n_req: 74000000, n_miss: 69967552, miss ratio: 0.9455, disk write 71869370368 + 0 (3.4249)
19:03:19: INFO [flashield.py:170 (root)]: 	w02.oracleGeneral.bin-0.01-FIFO-True n_req: 75000000, n_miss: 70904148, miss ratio: 0.9454, disk write 71869370368 + 0 (3.4249)
19:04:57: INFO [flashield.py:170 (root)]: 	w02.oracleGeneral.bin-0.01-FIFO-True n_req: 76000000, n_miss: 71831060, miss ratio: 0.9451, disk write 71869370368 + 0 (3.4249)
19:06:37: INFO [flashield.py:170 (root)]: 	w02.oracleGeneral.bin-0.01-FIFO-True n_req: 77000000, n_miss: 72775042, miss ratio: 0.9451, disk write 71869370368 + 0 (3.4249)
19:08:18: INFO [flashield.py:170 (root)]: 	w02.oracleGeneral.bin-0.01-FIFO-True n_req: 78000000, n_miss: 73726994, miss ratio: 0.9452, disk write 71869370368 + 0 (3.4249)
19:09:57: INFO [flashield.py:170 (root)]: 	w02.oracleGeneral.bin-0.01-FIFO-True n_req: 79000000, n_miss: 74670632, miss ratio: 0.9452, disk write 71869370368 + 0 (3.4249)
19:11:39: INFO [flashield.py:170 (root)]: 	w02.oracleGeneral.bin-0.01-FIFO-True n_req: 80000000, n_miss: 75619699, miss ratio: 0.9452, disk write 71869370368 + 0 (3.4249)
19:13:19: INFO [flashield.py:170 (root)]: 	w02.oracleGeneral.bin-0.01-FIFO-True n_req: 81000000, n_miss: 76561804, miss ratio: 0.9452, disk write 71869370368 + 0 (3.4249)
19:14:59: INFO [flashield.py:170 (root)]: 	w02.oracleGeneral.bin-0.01-FIFO-True n_req: 82000000, n_miss: 77503352, miss ratio: 0.9452, disk write 71869370368 + 0 (3.4249)
19:16:39: INFO [flashield.py:170 (root)]: 	w02.oracleGeneral.bin-0.01-FIFO-True n_req: 83000000, n_miss: 78449714, miss ratio: 0.9452, disk write 71869370368 + 0 (3.4249)
19:18:19: INFO [flashield.py:170 (root)]: 	w02.oracleGeneral.bin-0.01-FIFO-True n_req: 84000000, n_miss: 79388142, miss ratio: 0.9451, disk write 71869370368 + 0 (3.4249)
19:20:00: INFO [flashield.py:170 (root)]: 	w02.oracleGeneral.bin-0.01-FIFO-True n_req: 85000000, n_miss: 80332912, miss ratio: 0.9451, disk write 71869370368 + 0 (3.4249)
19:21:40: INFO [flashield.py:170 (root)]: 	w02.oracleGeneral.bin-0.01-FIFO-True n_req: 86000000, n_miss: 81280335, miss ratio: 0.9451, disk write 71869370368 + 0 (3.4249)
19:23:21: INFO [flashield.py:170 (root)]: 	w02.oracleGeneral.bin-0.01-FIFO-True n_req: 87000000, n_miss: 82228373, miss ratio: 0.9452, disk write 71869370368 + 0 (3.4249)
19:25:02: INFO [flashield.py:170 (root)]: 	w02.oracleGeneral.bin-0.01-FIFO-True n_req: 88000000, n_miss: 83178184, miss ratio: 0.9452, disk write 71869370368 + 0 (3.4249)
19:26:42: INFO [flashield.py:170 (root)]: 	w02.oracleGeneral.bin-0.01-FIFO-True n_req: 89000000, n_miss: 84125138, miss ratio: 0.9452, disk write 71869370368 + 0 (3.4249)
19:28:23: INFO [flashield.py:170 (root)]: 	w02.oracleGeneral.bin-0.01-FIFO-True n_req: 90000000, n_miss: 85074784, miss ratio: 0.9453, disk write 71869370368 + 0 (3.4249)
19:30:03: INFO [flashield.py:170 (root)]: 	w02.oracleGeneral.bin-0.01-FIFO-True n_req: 91000000, n_miss: 86018518, miss ratio: 0.9453, disk write 71869370368 + 0 (3.4249)
19:31:45: INFO [flashield.py:170 (root)]: 	w02.oracleGeneral.bin-0.01-FIFO-True n_req: 92000000, n_miss: 86971899, miss ratio: 0.9453, disk write 71869370368 + 0 (3.4249)
19:33:26: INFO [flashield.py:170 (root)]: 	w02.oracleGeneral.bin-0.01-FIFO-True n_req: 93000000, n_miss: 87924285, miss ratio: 0.9454, disk write 71869370368 + 0 (3.4249)
19:35:06: INFO [flashield.py:170 (root)]: 	w02.oracleGeneral.bin-0.01-FIFO-True n_req: 94000000, n_miss: 88870977, miss ratio: 0.9454, disk write 71869370368 + 0 (3.4249)
19:36:44: INFO [flashield.py:170 (root)]: 	w02.oracleGeneral.bin-0.01-FIFO-True n_req: 95000000, n_miss: 89792617, miss ratio: 0.9452, disk write 71869370368 + 0 (3.4249)
19:38:24: INFO [flashield.py:170 (root)]: 	w02.oracleGeneral.bin-0.01-FIFO-True n_req: 96000000, n_miss: 90735683, miss ratio: 0.9452, disk write 71869370368 + 0 (3.4249)
19:40:04: INFO [flashield.py:170 (root)]: 	w02.oracleGeneral.bin-0.01-FIFO-True n_req: 97000000, n_miss: 91682792, miss ratio: 0.9452, disk write 71869370368 + 0 (3.4249)
19:41:44: INFO [flashield.py:170 (root)]: 	w02.oracleGeneral.bin-0.01-FIFO-True n_req: 98000000, n_miss: 92626959, miss ratio: 0.9452, disk write 71869370368 + 0 (3.4249)
19:43:24: INFO [flashield.py:170 (root)]: 	w02.oracleGeneral.bin-0.01-FIFO-True n_req: 99000000, n_miss: 93567519, miss ratio: 0.9451, disk write 71869370368 + 0 (3.4249)
19:45:03: INFO [flashield.py:170 (root)]: 	w02.oracleGeneral.bin-0.01-FIFO-True n_req: 100000000, n_miss: 94509106, miss ratio: 0.9451, disk write 71869370368 + 0 (3.4249)
19:46:44: INFO [flashield.py:170 (root)]: 	w02.oracleGeneral.bin-0.01-FIFO-True n_req: 101000000, n_miss: 95456667, miss ratio: 0.9451, disk write 71869370368 + 0 (3.4249)
19:48:25: INFO [flashield.py:170 (root)]: 	w02.oracleGeneral.bin-0.01-FIFO-True n_req: 102000000, n_miss: 96405924, miss ratio: 0.9452, disk write 71869370368 + 0 (3.4249)
19:50:04: INFO [flashield.py:170 (root)]: 	w02.oracleGeneral.bin-0.01-FIFO-True n_req: 103000000, n_miss: 97338349, miss ratio: 0.9450, disk write 71869370368 + 0 (3.4249)
19:51:45: INFO [flashield.py:170 (root)]: 	w02.oracleGeneral.bin-0.01-FIFO-True n_req: 104000000, n_miss: 98287453, miss ratio: 0.9451, disk write 71869370368 + 0 (3.4249)
19:53:25: INFO [flashield.py:170 (root)]: 	w02.oracleGeneral.bin-0.01-FIFO-True n_req: 105000000, n_miss: 99235436, miss ratio: 0.9451, disk write 71869370368 + 0 (3.4249)
19:55:05: INFO [flashield.py:170 (root)]: 	w02.oracleGeneral.bin-0.01-FIFO-True n_req: 106000000, n_miss: 100177431, miss ratio: 0.9451, disk write 71869370368 + 0 (3.4249)
19:56:46: INFO [flashield.py:170 (root)]: 	w02.oracleGeneral.bin-0.01-FIFO-True n_req: 107000000, n_miss: 101126379, miss ratio: 0.9451, disk write 71869370368 + 0 (3.4249)
19:58:26: INFO [flashield.py:170 (root)]: 	w02.oracleGeneral.bin-0.01-FIFO-True n_req: 108000000, n_miss: 102077575, miss ratio: 0.9452, disk write 71869370368 + 0 (3.4249)
20:00:07: INFO [flashield.py:170 (root)]: 	w02.oracleGeneral.bin-0.01-FIFO-True n_req: 109000000, n_miss: 103024886, miss ratio: 0.9452, disk write 71869370368 + 0 (3.4249)
20:01:48: INFO [flashield.py:170 (root)]: 	w02.oracleGeneral.bin-0.01-FIFO-True n_req: 110000000, n_miss: 103971501, miss ratio: 0.9452, disk write 71869370368 + 0 (3.4249)
20:03:28: INFO [flashield.py:170 (root)]: 	w02.oracleGeneral.bin-0.01-FIFO-True n_req: 111000000, n_miss: 104918211, miss ratio: 0.9452, disk write 71869370368 + 0 (3.4249)
20:05:09: INFO [flashield.py:170 (root)]: 	w02.oracleGeneral.bin-0.01-FIFO-True n_req: 112000000, n_miss: 105868618, miss ratio: 0.9453, disk write 71869370368 + 0 (3.4249)
20:06:50: INFO [flashield.py:170 (root)]: 	w02.oracleGeneral.bin-0.01-FIFO-True n_req: 113000000, n_miss: 106814120, miss ratio: 0.9453, disk write 71869370368 + 0 (3.4249)
20:08:28: INFO [flashield.py:170 (root)]: 	w02.oracleGeneral.bin-0.01-FIFO-True n_req: 114000000, n_miss: 107733460, miss ratio: 0.9450, disk write 71869370368 + 0 (3.4249)
20:10:09: INFO [flashield.py:170 (root)]: 	w02.oracleGeneral.bin-0.01-FIFO-True n_req: 115000000, n_miss: 108681739, miss ratio: 0.9451, disk write 71869370368 + 0 (3.4249)
20:11:50: INFO [flashield.py:170 (root)]: 	w02.oracleGeneral.bin-0.01-FIFO-True n_req: 116000000, n_miss: 109632290, miss ratio: 0.9451, disk write 71869370368 + 0 (3.4249)
20:13:30: INFO [flashield.py:170 (root)]: 	w02.oracleGeneral.bin-0.01-FIFO-True n_req: 117000000, n_miss: 110579694, miss ratio: 0.9451, disk write 71869370368 + 0 (3.4249)
20:15:10: INFO [flashield.py:170 (root)]: 	w02.oracleGeneral.bin-0.01-FIFO-True n_req: 118000000, n_miss: 111528822, miss ratio: 0.9452, disk write 71869370368 + 0 (3.4249)
20:16:50: INFO [flashield.py:170 (root)]: 	w02.oracleGeneral.bin-0.01-FIFO-True n_req: 119000000, n_miss: 112467132, miss ratio: 0.9451, disk write 71869370368 + 0 (3.4249)
20:18:30: INFO [flashield.py:170 (root)]: 	w02.oracleGeneral.bin-0.01-FIFO-True n_req: 120000000, n_miss: 113409430, miss ratio: 0.9451, disk write 71869370368 + 0 (3.4249)
20:20:09: INFO [flashield.py:170 (root)]: 	w02.oracleGeneral.bin-0.01-FIFO-True n_req: 121000000, n_miss: 114346970, miss ratio: 0.9450, disk write 71869370368 + 0 (3.4249)
20:21:50: INFO [flashield.py:170 (root)]: 	w02.oracleGeneral.bin-0.01-FIFO-True n_req: 122000000, n_miss: 115292654, miss ratio: 0.9450, disk write 71869370368 + 0 (3.4249)
20:22:08: INFO [flashield.py:182 (root)]: 	w02.oracleGeneral.bin-0.01-FIFO-True n_req: 122181000, n_miss: 115464435, miss ratio: 0.9450, disk write 71869370368 + 0 (3.4249)
