16:59:45: INFO [flashield.py:220 (root)]: 	calculating wss for w03.oracleGeneral.bin
17:00:55: INFO [flashield.py:228 (root)]: 	w03.oracleGeneral.bin wss_obj: 27852385, wss_byte: 1919037793280
17:00:55: INFO [cache.py:19 (cache)]: 	create Flashield cache with size 19190377932
17:00:55: INFO [cache.py:19 (cache)]: 	create LRU cache with size 191903779
17:00:55: INFO [cache.py:19 (cache)]: 	create FIFO cache with size 18998474153
17:00:57: INFO [flashield.py:170 (root)]: 	w03.oracleGeneral.bin-0.01-FIFO-True n_req: 1000000, n_miss: 568062, miss ratio: 0.5681, disk write 59084848128 + 0 (0.0308)
17:00:58: INFO [flashield.py:37 (root)]: 	w03.oracleGeneral.bin Training Flashield...
17:00:59: INFO [flashield.py:42 (root)]: 	w03.oracleGeneral.bin Training Flashield: 424437 features 424437 labels ...
17:00:59: INFO [flashield.py:55 (root)]: 	w03.oracleGeneral.bin finish training
17:01:31: INFO [flashield.py:170 (root)]: 	w03.oracleGeneral.bin-0.01-FIFO-True n_req: 2000000, n_miss: 1154768, miss ratio: 0.5774, disk write 90547037696 + 0 (0.0472)
17:02:40: INFO [flashield.py:170 (root)]: 	w03.oracleGeneral.bin-0.01-FIFO-True n_req: 3000000, n_miss: 1787864, miss ratio: 0.5960, disk write 90547037696 + 0 (0.0472)
17:03:55: INFO [flashield.py:170 (root)]: 	w03.oracleGeneral.bin-0.01-FIFO-True n_req: 4000000, n_miss: 2470094, miss ratio: 0.6175, disk write 90547037696 + 0 (0.0472)
17:05:11: INFO [flashield.py:170 (root)]: 	w03.oracleGeneral.bin-0.01-FIFO-True n_req: 5000000, n_miss: 3174258, miss ratio: 0.6349, disk write 90547037696 + 0 (0.0472)
17:06:32: INFO [flashield.py:170 (root)]: 	w03.oracleGeneral.bin-0.01-FIFO-True n_req: 6000000, n_miss: 3921443, miss ratio: 0.6536, disk write 90547037696 + 0 (0.0472)
17:07:48: INFO [flashield.py:170 (root)]: 	w03.oracleGeneral.bin-0.01-FIFO-True n_req: 7000000, n_miss: 4618305, miss ratio: 0.6598, disk write 90547037696 + 0 (0.0472)
17:08:58: INFO [flashield.py:170 (root)]: 	w03.oracleGeneral.bin-0.01-FIFO-True n_req: 8000000, n_miss: 5260819, miss ratio: 0.6576, disk write 90547037696 + 0 (0.0472)
17:10:06: INFO [flashield.py:170 (root)]: 	w03.oracleGeneral.bin-0.01-FIFO-True n_req: 9000000, n_miss: 5877948, miss ratio: 0.6531, disk write 90547037696 + 0 (0.0472)
17:11:09: INFO [flashield.py:170 (root)]: 	w03.oracleGeneral.bin-0.01-FIFO-True n_req: 10000000, n_miss: 6456947, miss ratio: 0.6457, disk write 90547037696 + 0 (0.0472)
17:12:07: INFO [flashield.py:170 (root)]: 	w03.oracleGeneral.bin-0.01-FIFO-True n_req: 11000000, n_miss: 6994088, miss ratio: 0.6358, disk write 90547037696 + 0 (0.0472)
17:13:06: INFO [flashield.py:170 (root)]: 	w03.oracleGeneral.bin-0.01-FIFO-True n_req: 12000000, n_miss: 7535741, miss ratio: 0.6280, disk write 90547037696 + 0 (0.0472)
17:14:04: INFO [flashield.py:170 (root)]: 	w03.oracleGeneral.bin-0.01-FIFO-True n_req: 13000000, n_miss: 8071390, miss ratio: 0.6209, disk write 90547037696 + 0 (0.0472)
17:15:02: INFO [flashield.py:170 (root)]: 	w03.oracleGeneral.bin-0.01-FIFO-True n_req: 14000000, n_miss: 8601974, miss ratio: 0.6144, disk write 90547037696 + 0 (0.0472)
17:16:04: INFO [flashield.py:170 (root)]: 	w03.oracleGeneral.bin-0.01-FIFO-True n_req: 15000000, n_miss: 9171627, miss ratio: 0.6114, disk write 90547037696 + 0 (0.0472)
17:17:22: INFO [flashield.py:170 (root)]: 	w03.oracleGeneral.bin-0.01-FIFO-True n_req: 16000000, n_miss: 9889059, miss ratio: 0.6181, disk write 90547037696 + 0 (0.0472)
17:18:36: INFO [flashield.py:170 (root)]: 	w03.oracleGeneral.bin-0.01-FIFO-True n_req: 17000000, n_miss: 10567783, miss ratio: 0.6216, disk write 90547037696 + 0 (0.0472)
17:19:51: INFO [flashield.py:170 (root)]: 	w03.oracleGeneral.bin-0.01-FIFO-True n_req: 18000000, n_miss: 11251442, miss ratio: 0.6251, disk write 90547037696 + 0 (0.0472)
17:21:00: INFO [flashield.py:170 (root)]: 	w03.oracleGeneral.bin-0.01-FIFO-True n_req: 19000000, n_miss: 11887287, miss ratio: 0.6256, disk write 90547037696 + 0 (0.0472)
17:22:08: INFO [flashield.py:170 (root)]: 	w03.oracleGeneral.bin-0.01-FIFO-True n_req: 20000000, n_miss: 12513283, miss ratio: 0.6257, disk write 90547037696 + 0 (0.0472)
17:23:19: INFO [flashield.py:170 (root)]: 	w03.oracleGeneral.bin-0.01-FIFO-True n_req: 21000000, n_miss: 13172056, miss ratio: 0.6272, disk write 90547037696 + 0 (0.0472)
17:24:29: INFO [flashield.py:170 (root)]: 	w03.oracleGeneral.bin-0.01-FIFO-True n_req: 22000000, n_miss: 13814311, miss ratio: 0.6279, disk write 90547037696 + 0 (0.0472)
17:25:40: INFO [flashield.py:170 (root)]: 	w03.oracleGeneral.bin-0.01-FIFO-True n_req: 23000000, n_miss: 14461164, miss ratio: 0.6287, disk write 90547037696 + 0 (0.0472)
17:26:49: INFO [flashield.py:170 (root)]: 	w03.oracleGeneral.bin-0.01-FIFO-True n_req: 24000000, n_miss: 15093621, miss ratio: 0.6289, disk write 90547037696 + 0 (0.0472)
17:28:00: INFO [flashield.py:170 (root)]: 	w03.oracleGeneral.bin-0.01-FIFO-True n_req: 25000000, n_miss: 15741578, miss ratio: 0.6297, disk write 90547037696 + 0 (0.0472)
17:29:14: INFO [flashield.py:170 (root)]: 	w03.oracleGeneral.bin-0.01-FIFO-True n_req: 26000000, n_miss: 16425572, miss ratio: 0.6318, disk write 90547037696 + 0 (0.0472)
17:30:45: INFO [flashield.py:170 (root)]: 	w03.oracleGeneral.bin-0.01-FIFO-True n_req: 27000000, n_miss: 17261930, miss ratio: 0.6393, disk write 90547037696 + 0 (0.0472)
17:32:16: INFO [flashield.py:170 (root)]: 	w03.oracleGeneral.bin-0.01-FIFO-True n_req: 28000000, n_miss: 18099232, miss ratio: 0.6464, disk write 90547037696 + 0 (0.0472)
17:33:51: INFO [flashield.py:170 (root)]: 	w03.oracleGeneral.bin-0.01-FIFO-True n_req: 29000000, n_miss: 18976828, miss ratio: 0.6544, disk write 90547037696 + 0 (0.0472)
17:35:26: INFO [flashield.py:170 (root)]: 	w03.oracleGeneral.bin-0.01-FIFO-True n_req: 30000000, n_miss: 19858940, miss ratio: 0.6620, disk write 90547037696 + 0 (0.0472)
17:37:00: INFO [flashield.py:170 (root)]: 	w03.oracleGeneral.bin-0.01-FIFO-True n_req: 31000000, n_miss: 20727893, miss ratio: 0.6686, disk write 90547037696 + 0 (0.0472)
17:38:41: INFO [flashield.py:170 (root)]: 	w03.oracleGeneral.bin-0.01-FIFO-True n_req: 32000000, n_miss: 21664050, miss ratio: 0.6770, disk write 90547037696 + 0 (0.0472)
17:40:20: INFO [flashield.py:170 (root)]: 	w03.oracleGeneral.bin-0.01-FIFO-True n_req: 33000000, n_miss: 22592830, miss ratio: 0.6846, disk write 90547037696 + 0 (0.0472)
17:42:00: INFO [flashield.py:170 (root)]: 	w03.oracleGeneral.bin-0.01-FIFO-True n_req: 34000000, n_miss: 23519841, miss ratio: 0.6918, disk write 90547037696 + 0 (0.0472)
17:43:40: INFO [flashield.py:170 (root)]: 	w03.oracleGeneral.bin-0.01-FIFO-True n_req: 35000000, n_miss: 24446886, miss ratio: 0.6985, disk write 90547037696 + 0 (0.0472)
17:45:18: INFO [flashield.py:170 (root)]: 	w03.oracleGeneral.bin-0.01-FIFO-True n_req: 36000000, n_miss: 25368831, miss ratio: 0.7047, disk write 90547037696 + 0 (0.0472)
17:46:57: INFO [flashield.py:170 (root)]: 	w03.oracleGeneral.bin-0.01-FIFO-True n_req: 37000000, n_miss: 26298457, miss ratio: 0.7108, disk write 90547037696 + 0 (0.0472)
17:48:38: INFO [flashield.py:170 (root)]: 	w03.oracleGeneral.bin-0.01-FIFO-True n_req: 38000000, n_miss: 27233148, miss ratio: 0.7167, disk write 90547037696 + 0 (0.0472)
17:50:19: INFO [flashield.py:170 (root)]: 	w03.oracleGeneral.bin-0.01-FIFO-True n_req: 39000000, n_miss: 28170429, miss ratio: 0.7223, disk write 90547037696 + 0 (0.0472)
17:52:00: INFO [flashield.py:170 (root)]: 	w03.oracleGeneral.bin-0.01-FIFO-True n_req: 40000000, n_miss: 29112954, miss ratio: 0.7278, disk write 90547037696 + 0 (0.0472)
17:53:40: INFO [flashield.py:170 (root)]: 	w03.oracleGeneral.bin-0.01-FIFO-True n_req: 41000000, n_miss: 30043440, miss ratio: 0.7328, disk write 90547037696 + 0 (0.0472)
17:55:23: INFO [flashield.py:170 (root)]: 	w03.oracleGeneral.bin-0.01-FIFO-True n_req: 42000000, n_miss: 30997805, miss ratio: 0.7380, disk write 90547037696 + 0 (0.0472)
17:57:05: INFO [flashield.py:170 (root)]: 	w03.oracleGeneral.bin-0.01-FIFO-True n_req: 43000000, n_miss: 31941776, miss ratio: 0.7428, disk write 90547037696 + 0 (0.0472)
17:58:45: INFO [flashield.py:170 (root)]: 	w03.oracleGeneral.bin-0.01-FIFO-True n_req: 44000000, n_miss: 32876218, miss ratio: 0.7472, disk write 90547037696 + 0 (0.0472)
18:00:20: INFO [flashield.py:170 (root)]: 	w03.oracleGeneral.bin-0.01-FIFO-True n_req: 45000000, n_miss: 33788754, miss ratio: 0.7509, disk write 90547037696 + 0 (0.0472)
18:01:19: INFO [flashield.py:170 (root)]: 	w03.oracleGeneral.bin-0.01-FIFO-True n_req: 46000000, n_miss: 34316699, miss ratio: 0.7460, disk write 90547037696 + 0 (0.0472)
18:02:06: INFO [flashield.py:170 (root)]: 	w03.oracleGeneral.bin-0.01-FIFO-True n_req: 47000000, n_miss: 34756205, miss ratio: 0.7395, disk write 90547037696 + 0 (0.0472)
18:03:05: INFO [flashield.py:170 (root)]: 	w03.oracleGeneral.bin-0.01-FIFO-True n_req: 48000000, n_miss: 35300043, miss ratio: 0.7354, disk write 90547037696 + 0 (0.0472)
18:04:24: INFO [flashield.py:170 (root)]: 	w03.oracleGeneral.bin-0.01-FIFO-True n_req: 49000000, n_miss: 36031986, miss ratio: 0.7353, disk write 90547037696 + 0 (0.0472)
18:05:57: INFO [flashield.py:170 (root)]: 	w03.oracleGeneral.bin-0.01-FIFO-True n_req: 50000000, n_miss: 36888594, miss ratio: 0.7378, disk write 90547037696 + 0 (0.0472)
18:07:22: INFO [flashield.py:170 (root)]: 	w03.oracleGeneral.bin-0.01-FIFO-True n_req: 51000000, n_miss: 37677168, miss ratio: 0.7388, disk write 90547037696 + 0 (0.0472)
18:08:39: INFO [flashield.py:170 (root)]: 	w03.oracleGeneral.bin-0.01-FIFO-True n_req: 52000000, n_miss: 38388910, miss ratio: 0.7382, disk write 90547037696 + 0 (0.0472)
18:09:38: INFO [flashield.py:170 (root)]: 	w03.oracleGeneral.bin-0.01-FIFO-True n_req: 53000000, n_miss: 38937294, miss ratio: 0.7347, disk write 90547037696 + 0 (0.0472)
18:10:38: INFO [flashield.py:170 (root)]: 	w03.oracleGeneral.bin-0.01-FIFO-True n_req: 54000000, n_miss: 39490508, miss ratio: 0.7313, disk write 90547037696 + 0 (0.0472)
18:11:52: INFO [flashield.py:170 (root)]: 	w03.oracleGeneral.bin-0.01-FIFO-True n_req: 55000000, n_miss: 40167922, miss ratio: 0.7303, disk write 90547037696 + 0 (0.0472)
18:13:11: INFO [flashield.py:170 (root)]: 	w03.oracleGeneral.bin-0.01-FIFO-True n_req: 56000000, n_miss: 40900808, miss ratio: 0.7304, disk write 90547037696 + 0 (0.0472)
18:14:22: INFO [flashield.py:170 (root)]: 	w03.oracleGeneral.bin-0.01-FIFO-True n_req: 57000000, n_miss: 41548630, miss ratio: 0.7289, disk write 90547037696 + 0 (0.0472)
18:15:34: INFO [flashield.py:170 (root)]: 	w03.oracleGeneral.bin-0.01-FIFO-True n_req: 58000000, n_miss: 42207417, miss ratio: 0.7277, disk write 90547037696 + 0 (0.0472)
18:16:43: INFO [flashield.py:170 (root)]: 	w03.oracleGeneral.bin-0.01-FIFO-True n_req: 59000000, n_miss: 42836607, miss ratio: 0.7260, disk write 90547037696 + 0 (0.0472)
18:17:56: INFO [flashield.py:170 (root)]: 	w03.oracleGeneral.bin-0.01-FIFO-True n_req: 60000000, n_miss: 43495081, miss ratio: 0.7249, disk write 90547037696 + 0 (0.0472)
18:19:09: INFO [flashield.py:170 (root)]: 	w03.oracleGeneral.bin-0.01-FIFO-True n_req: 61000000, n_miss: 44168282, miss ratio: 0.7241, disk write 90547037696 + 0 (0.0472)
18:20:22: INFO [flashield.py:170 (root)]: 	w03.oracleGeneral.bin-0.01-FIFO-True n_req: 62000000, n_miss: 44834852, miss ratio: 0.7231, disk write 90547037696 + 0 (0.0472)
18:21:31: INFO [flashield.py:170 (root)]: 	w03.oracleGeneral.bin-0.01-FIFO-True n_req: 63000000, n_miss: 45461984, miss ratio: 0.7216, disk write 90547037696 + 0 (0.0472)
18:22:39: INFO [flashield.py:170 (root)]: 	w03.oracleGeneral.bin-0.01-FIFO-True n_req: 64000000, n_miss: 46082809, miss ratio: 0.7200, disk write 90547037696 + 0 (0.0472)
18:23:49: INFO [flashield.py:170 (root)]: 	w03.oracleGeneral.bin-0.01-FIFO-True n_req: 65000000, n_miss: 46724364, miss ratio: 0.7188, disk write 90547037696 + 0 (0.0472)
18:25:02: INFO [flashield.py:170 (root)]: 	w03.oracleGeneral.bin-0.01-FIFO-True n_req: 66000000, n_miss: 47401913, miss ratio: 0.7182, disk write 90547037696 + 0 (0.0472)
18:25:57: INFO [flashield.py:170 (root)]: 	w03.oracleGeneral.bin-0.01-FIFO-True n_req: 67000000, n_miss: 47910585, miss ratio: 0.7151, disk write 90547037696 + 0 (0.0472)
18:26:55: INFO [flashield.py:170 (root)]: 	w03.oracleGeneral.bin-0.01-FIFO-True n_req: 68000000, n_miss: 48435145, miss ratio: 0.7123, disk write 90547037696 + 0 (0.0472)
18:27:59: INFO [flashield.py:170 (root)]: 	w03.oracleGeneral.bin-0.01-FIFO-True n_req: 69000000, n_miss: 49021346, miss ratio: 0.7105, disk write 90547037696 + 0 (0.0472)
18:29:01: INFO [flashield.py:170 (root)]: 	w03.oracleGeneral.bin-0.01-FIFO-True n_req: 70000000, n_miss: 49585687, miss ratio: 0.7084, disk write 90547037696 + 0 (0.0472)
18:30:01: INFO [flashield.py:170 (root)]: 	w03.oracleGeneral.bin-0.01-FIFO-True n_req: 71000000, n_miss: 50137880, miss ratio: 0.7062, disk write 90547037696 + 0 (0.0472)
18:31:06: INFO [flashield.py:170 (root)]: 	w03.oracleGeneral.bin-0.01-FIFO-True n_req: 72000000, n_miss: 50728931, miss ratio: 0.7046, disk write 90547037696 + 0 (0.0472)
18:32:14: INFO [flashield.py:170 (root)]: 	w03.oracleGeneral.bin-0.01-FIFO-True n_req: 73000000, n_miss: 51348935, miss ratio: 0.7034, disk write 90547037696 + 0 (0.0472)
18:33:23: INFO [flashield.py:170 (root)]: 	w03.oracleGeneral.bin-0.01-FIFO-True n_req: 74000000, n_miss: 51971939, miss ratio: 0.7023, disk write 90547037696 + 0 (0.0472)
18:34:33: INFO [flashield.py:170 (root)]: 	w03.oracleGeneral.bin-0.01-FIFO-True n_req: 75000000, n_miss: 52612017, miss ratio: 0.7015, disk write 90547037696 + 0 (0.0472)
18:35:43: INFO [flashield.py:170 (root)]: 	w03.oracleGeneral.bin-0.01-FIFO-True n_req: 76000000, n_miss: 53252950, miss ratio: 0.7007, disk write 90547037696 + 0 (0.0472)
18:37:08: INFO [flashield.py:170 (root)]: 	w03.oracleGeneral.bin-0.01-FIFO-True n_req: 77000000, n_miss: 54038285, miss ratio: 0.7018, disk write 90547037696 + 0 (0.0472)
18:38:31: INFO [flashield.py:170 (root)]: 	w03.oracleGeneral.bin-0.01-FIFO-True n_req: 78000000, n_miss: 54810702, miss ratio: 0.7027, disk write 90547037696 + 0 (0.0472)
18:39:47: INFO [flashield.py:170 (root)]: 	w03.oracleGeneral.bin-0.01-FIFO-True n_req: 79000000, n_miss: 55508785, miss ratio: 0.7026, disk write 90547037696 + 0 (0.0472)
18:40:59: INFO [flashield.py:170 (root)]: 	w03.oracleGeneral.bin-0.01-FIFO-True n_req: 80000000, n_miss: 56165195, miss ratio: 0.7021, disk write 90547037696 + 0 (0.0472)
18:42:07: INFO [flashield.py:170 (root)]: 	w03.oracleGeneral.bin-0.01-FIFO-True n_req: 81000000, n_miss: 56791060, miss ratio: 0.7011, disk write 90547037696 + 0 (0.0472)
18:43:11: INFO [flashield.py:170 (root)]: 	w03.oracleGeneral.bin-0.01-FIFO-True n_req: 82000000, n_miss: 57382346, miss ratio: 0.6998, disk write 90547037696 + 0 (0.0472)
18:44:11: INFO [flashield.py:170 (root)]: 	w03.oracleGeneral.bin-0.01-FIFO-True n_req: 83000000, n_miss: 57936317, miss ratio: 0.6980, disk write 90547037696 + 0 (0.0472)
18:45:12: INFO [flashield.py:170 (root)]: 	w03.oracleGeneral.bin-0.01-FIFO-True n_req: 84000000, n_miss: 58489329, miss ratio: 0.6963, disk write 90547037696 + 0 (0.0472)
18:45:55: INFO [flashield.py:182 (root)]: 	w03.oracleGeneral.bin-0.01-FIFO-True n_req: 84712978, n_miss: 58883478, miss ratio: 0.6951, disk write 90547037696 + 0 (0.0472)
