16:59:46: INFO [flashield.py:220 (root)]: 	calculating wss for w04.oracleGeneral.bin
17:00:45: INFO [flashield.py:228 (root)]: 	w04.oracleGeneral.bin wss_obj: 18753381, wss_byte: 1785141273088
17:00:45: INFO [cache.py:19 (cache)]: 	create Flashield cache with size 17851412730
17:00:45: INFO [cache.py:19 (cache)]: 	create LRU cache with size 178514127
17:00:45: INFO [cache.py:19 (cache)]: 	create FIFO cache with size 17672898603
17:00:47: INFO [flashield.py:170 (root)]: 	w04.oracleGeneral.bin-0.01-FIFO-True n_req: 1000000, n_miss: 460256, miss ratio: 0.4603, disk write 53478405632 + 0 (0.0300)
17:00:49: INFO [flashield.py:37 (root)]: 	w04.oracleGeneral.bin Training Flashield...
17:00:50: INFO [flashield.py:42 (root)]: 	w04.oracleGeneral.bin Training Flashield: 404874 features 404874 labels ...
17:00:50: INFO [flashield.py:55 (root)]: 	w04.oracleGeneral.bin finish training
17:01:00: INFO [flashield.py:170 (root)]: 	w04.oracleGeneral.bin-0.01-FIFO-True n_req: 2000000, n_miss: 930782, miss ratio: 0.4654, disk write 99166900736 + 0 (0.0556)
17:01:57: INFO [flashield.py:170 (root)]: 	w04.oracleGeneral.bin-0.01-FIFO-True n_req: 3000000, n_miss: 1447846, miss ratio: 0.4826, disk write 99166900736 + 0 (0.0556)
17:02:52: INFO [flashield.py:170 (root)]: 	w04.oracleGeneral.bin-0.01-FIFO-True n_req: 4000000, n_miss: 1951932, miss ratio: 0.4880, disk write 99166900736 + 0 (0.0556)
17:04:01: INFO [flashield.py:170 (root)]: 	w04.oracleGeneral.bin-0.01-FIFO-True n_req: 5000000, n_miss: 2586760, miss ratio: 0.5174, disk write 99166900736 + 0 (0.0556)
17:05:13: INFO [flashield.py:170 (root)]: 	w04.oracleGeneral.bin-0.01-FIFO-True n_req: 6000000, n_miss: 3255469, miss ratio: 0.5426, disk write 99166900736 + 0 (0.0556)
17:06:26: INFO [flashield.py:170 (root)]: 	w04.oracleGeneral.bin-0.01-FIFO-True n_req: 7000000, n_miss: 3930421, miss ratio: 0.5615, disk write 99166900736 + 0 (0.0556)
17:07:33: INFO [flashield.py:170 (root)]: 	w04.oracleGeneral.bin-0.01-FIFO-True n_req: 8000000, n_miss: 4541345, miss ratio: 0.5677, disk write 99166900736 + 0 (0.0556)
17:08:32: INFO [flashield.py:170 (root)]: 	w04.oracleGeneral.bin-0.01-FIFO-True n_req: 9000000, n_miss: 5085204, miss ratio: 0.5650, disk write 99166900736 + 0 (0.0556)
17:09:23: INFO [flashield.py:170 (root)]: 	w04.oracleGeneral.bin-0.01-FIFO-True n_req: 10000000, n_miss: 5552160, miss ratio: 0.5552, disk write 99166900736 + 0 (0.0556)
17:10:14: INFO [flashield.py:170 (root)]: 	w04.oracleGeneral.bin-0.01-FIFO-True n_req: 11000000, n_miss: 6018032, miss ratio: 0.5471, disk write 99166900736 + 0 (0.0556)
17:11:04: INFO [flashield.py:170 (root)]: 	w04.oracleGeneral.bin-0.01-FIFO-True n_req: 12000000, n_miss: 6472644, miss ratio: 0.5394, disk write 99166900736 + 0 (0.0556)
17:11:54: INFO [flashield.py:170 (root)]: 	w04.oracleGeneral.bin-0.01-FIFO-True n_req: 13000000, n_miss: 6930794, miss ratio: 0.5331, disk write 99166900736 + 0 (0.0556)
17:12:44: INFO [flashield.py:170 (root)]: 	w04.oracleGeneral.bin-0.01-FIFO-True n_req: 14000000, n_miss: 7390531, miss ratio: 0.5279, disk write 99166900736 + 0 (0.0556)
17:13:33: INFO [flashield.py:170 (root)]: 	w04.oracleGeneral.bin-0.01-FIFO-True n_req: 15000000, n_miss: 7840535, miss ratio: 0.5227, disk write 99166900736 + 0 (0.0556)
17:14:32: INFO [flashield.py:170 (root)]: 	w04.oracleGeneral.bin-0.01-FIFO-True n_req: 16000000, n_miss: 8377557, miss ratio: 0.5236, disk write 99166900736 + 0 (0.0556)
17:15:40: INFO [flashield.py:170 (root)]: 	w04.oracleGeneral.bin-0.01-FIFO-True n_req: 17000000, n_miss: 9002933, miss ratio: 0.5296, disk write 99166900736 + 0 (0.0556)
17:16:52: INFO [flashield.py:170 (root)]: 	w04.oracleGeneral.bin-0.01-FIFO-True n_req: 18000000, n_miss: 9664658, miss ratio: 0.5369, disk write 99166900736 + 0 (0.0556)
17:18:04: INFO [flashield.py:170 (root)]: 	w04.oracleGeneral.bin-0.01-FIFO-True n_req: 19000000, n_miss: 10334035, miss ratio: 0.5439, disk write 99166900736 + 0 (0.0556)
17:19:06: INFO [flashield.py:170 (root)]: 	w04.oracleGeneral.bin-0.01-FIFO-True n_req: 20000000, n_miss: 10909667, miss ratio: 0.5455, disk write 99166900736 + 0 (0.0556)
17:19:55: INFO [flashield.py:170 (root)]: 	w04.oracleGeneral.bin-0.01-FIFO-True n_req: 21000000, n_miss: 11359795, miss ratio: 0.5409, disk write 99166900736 + 0 (0.0556)
17:20:58: INFO [flashield.py:170 (root)]: 	w04.oracleGeneral.bin-0.01-FIFO-True n_req: 22000000, n_miss: 11927261, miss ratio: 0.5421, disk write 99166900736 + 0 (0.0556)
17:22:02: INFO [flashield.py:170 (root)]: 	w04.oracleGeneral.bin-0.01-FIFO-True n_req: 23000000, n_miss: 12517301, miss ratio: 0.5442, disk write 99166900736 + 0 (0.0556)
17:23:11: INFO [flashield.py:170 (root)]: 	w04.oracleGeneral.bin-0.01-FIFO-True n_req: 24000000, n_miss: 13143645, miss ratio: 0.5477, disk write 99166900736 + 0 (0.0556)
17:24:24: INFO [flashield.py:170 (root)]: 	w04.oracleGeneral.bin-0.01-FIFO-True n_req: 25000000, n_miss: 13808129, miss ratio: 0.5523, disk write 99166900736 + 0 (0.0556)
17:25:34: INFO [flashield.py:170 (root)]: 	w04.oracleGeneral.bin-0.01-FIFO-True n_req: 26000000, n_miss: 14449780, miss ratio: 0.5558, disk write 99166900736 + 0 (0.0556)
17:26:44: INFO [flashield.py:170 (root)]: 	w04.oracleGeneral.bin-0.01-FIFO-True n_req: 27000000, n_miss: 15085785, miss ratio: 0.5587, disk write 99166900736 + 0 (0.0556)
17:27:55: INFO [flashield.py:170 (root)]: 	w04.oracleGeneral.bin-0.01-FIFO-True n_req: 28000000, n_miss: 15727158, miss ratio: 0.5617, disk write 99166900736 + 0 (0.0556)
17:29:06: INFO [flashield.py:170 (root)]: 	w04.oracleGeneral.bin-0.01-FIFO-True n_req: 29000000, n_miss: 16378429, miss ratio: 0.5648, disk write 99166900736 + 0 (0.0556)
17:30:24: INFO [flashield.py:170 (root)]: 	w04.oracleGeneral.bin-0.01-FIFO-True n_req: 30000000, n_miss: 17093868, miss ratio: 0.5698, disk write 99166900736 + 0 (0.0556)
17:31:31: INFO [flashield.py:170 (root)]: 	w04.oracleGeneral.bin-0.01-FIFO-True n_req: 31000000, n_miss: 17706486, miss ratio: 0.5712, disk write 99166900736 + 0 (0.0556)
17:32:27: INFO [flashield.py:170 (root)]: 	w04.oracleGeneral.bin-0.01-FIFO-True n_req: 32000000, n_miss: 18226609, miss ratio: 0.5696, disk write 99166900736 + 0 (0.0556)
17:33:45: INFO [flashield.py:170 (root)]: 	w04.oracleGeneral.bin-0.01-FIFO-True n_req: 33000000, n_miss: 18937633, miss ratio: 0.5739, disk write 99166900736 + 0 (0.0556)
17:35:07: INFO [flashield.py:170 (root)]: 	w04.oracleGeneral.bin-0.01-FIFO-True n_req: 34000000, n_miss: 19691692, miss ratio: 0.5792, disk write 99166900736 + 0 (0.0556)
17:36:33: INFO [flashield.py:170 (root)]: 	w04.oracleGeneral.bin-0.01-FIFO-True n_req: 35000000, n_miss: 20472990, miss ratio: 0.5849, disk write 99166900736 + 0 (0.0556)
17:38:02: INFO [flashield.py:170 (root)]: 	w04.oracleGeneral.bin-0.01-FIFO-True n_req: 36000000, n_miss: 21299720, miss ratio: 0.5917, disk write 99166900736 + 0 (0.0556)
17:39:27: INFO [flashield.py:170 (root)]: 	w04.oracleGeneral.bin-0.01-FIFO-True n_req: 37000000, n_miss: 22085048, miss ratio: 0.5969, disk write 99166900736 + 0 (0.0556)
17:40:52: INFO [flashield.py:170 (root)]: 	w04.oracleGeneral.bin-0.01-FIFO-True n_req: 38000000, n_miss: 22871416, miss ratio: 0.6019, disk write 99166900736 + 0 (0.0556)
17:42:16: INFO [flashield.py:170 (root)]: 	w04.oracleGeneral.bin-0.01-FIFO-True n_req: 39000000, n_miss: 23641156, miss ratio: 0.6062, disk write 99166900736 + 0 (0.0556)
17:43:39: INFO [flashield.py:170 (root)]: 	w04.oracleGeneral.bin-0.01-FIFO-True n_req: 40000000, n_miss: 24415450, miss ratio: 0.6104, disk write 99166900736 + 0 (0.0556)
17:45:02: INFO [flashield.py:170 (root)]: 	w04.oracleGeneral.bin-0.01-FIFO-True n_req: 41000000, n_miss: 25177304, miss ratio: 0.6141, disk write 99166900736 + 0 (0.0556)
17:46:10: INFO [flashield.py:170 (root)]: 	w04.oracleGeneral.bin-0.01-FIFO-True n_req: 42000000, n_miss: 25811759, miss ratio: 0.6146, disk write 99166900736 + 0 (0.0556)
17:47:00: INFO [flashield.py:170 (root)]: 	w04.oracleGeneral.bin-0.01-FIFO-True n_req: 43000000, n_miss: 26258850, miss ratio: 0.6107, disk write 99166900736 + 0 (0.0556)
17:47:48: INFO [flashield.py:170 (root)]: 	w04.oracleGeneral.bin-0.01-FIFO-True n_req: 44000000, n_miss: 26706947, miss ratio: 0.6070, disk write 99166900736 + 0 (0.0556)
17:48:38: INFO [flashield.py:170 (root)]: 	w04.oracleGeneral.bin-0.01-FIFO-True n_req: 45000000, n_miss: 27163176, miss ratio: 0.6036, disk write 99166900736 + 0 (0.0556)
17:49:34: INFO [flashield.py:170 (root)]: 	w04.oracleGeneral.bin-0.01-FIFO-True n_req: 46000000, n_miss: 27675304, miss ratio: 0.6016, disk write 99166900736 + 0 (0.0556)
17:50:31: INFO [flashield.py:170 (root)]: 	w04.oracleGeneral.bin-0.01-FIFO-True n_req: 47000000, n_miss: 28190514, miss ratio: 0.5998, disk write 99166900736 + 0 (0.0556)
17:51:29: INFO [flashield.py:170 (root)]: 	w04.oracleGeneral.bin-0.01-FIFO-True n_req: 48000000, n_miss: 28716772, miss ratio: 0.5983, disk write 99166900736 + 0 (0.0556)
17:52:24: INFO [flashield.py:170 (root)]: 	w04.oracleGeneral.bin-0.01-FIFO-True n_req: 49000000, n_miss: 29217521, miss ratio: 0.5963, disk write 99166900736 + 0 (0.0556)
17:53:17: INFO [flashield.py:170 (root)]: 	w04.oracleGeneral.bin-0.01-FIFO-True n_req: 50000000, n_miss: 29703425, miss ratio: 0.5941, disk write 99166900736 + 0 (0.0556)
17:54:11: INFO [flashield.py:170 (root)]: 	w04.oracleGeneral.bin-0.01-FIFO-True n_req: 51000000, n_miss: 30193277, miss ratio: 0.5920, disk write 99166900736 + 0 (0.0556)
17:55:04: INFO [flashield.py:170 (root)]: 	w04.oracleGeneral.bin-0.01-FIFO-True n_req: 52000000, n_miss: 30675614, miss ratio: 0.5899, disk write 99166900736 + 0 (0.0556)
17:56:05: INFO [flashield.py:170 (root)]: 	w04.oracleGeneral.bin-0.01-FIFO-True n_req: 53000000, n_miss: 31233178, miss ratio: 0.5893, disk write 99166900736 + 0 (0.0556)
17:57:24: INFO [flashield.py:170 (root)]: 	w04.oracleGeneral.bin-0.01-FIFO-True n_req: 54000000, n_miss: 31959350, miss ratio: 0.5918, disk write 99166900736 + 0 (0.0556)
17:58:47: INFO [flashield.py:170 (root)]: 	w04.oracleGeneral.bin-0.01-FIFO-True n_req: 55000000, n_miss: 32723590, miss ratio: 0.5950, disk write 99166900736 + 0 (0.0556)
18:00:12: INFO [flashield.py:170 (root)]: 	w04.oracleGeneral.bin-0.01-FIFO-True n_req: 56000000, n_miss: 33506979, miss ratio: 0.5983, disk write 99166900736 + 0 (0.0556)
18:01:37: INFO [flashield.py:170 (root)]: 	w04.oracleGeneral.bin-0.01-FIFO-True n_req: 57000000, n_miss: 34293324, miss ratio: 0.6016, disk write 99166900736 + 0 (0.0556)
18:02:53: INFO [flashield.py:170 (root)]: 	w04.oracleGeneral.bin-0.01-FIFO-True n_req: 58000000, n_miss: 34987714, miss ratio: 0.6032, disk write 99166900736 + 0 (0.0556)
18:03:51: INFO [flashield.py:170 (root)]: 	w04.oracleGeneral.bin-0.01-FIFO-True n_req: 59000000, n_miss: 35515050, miss ratio: 0.6019, disk write 99166900736 + 0 (0.0556)
18:04:48: INFO [flashield.py:170 (root)]: 	w04.oracleGeneral.bin-0.01-FIFO-True n_req: 60000000, n_miss: 36032893, miss ratio: 0.6005, disk write 99166900736 + 0 (0.0556)
18:05:46: INFO [flashield.py:170 (root)]: 	w04.oracleGeneral.bin-0.01-FIFO-True n_req: 61000000, n_miss: 36568549, miss ratio: 0.5995, disk write 99166900736 + 0 (0.0556)
18:06:41: INFO [flashield.py:170 (root)]: 	w04.oracleGeneral.bin-0.01-FIFO-True n_req: 62000000, n_miss: 37068842, miss ratio: 0.5979, disk write 99166900736 + 0 (0.0556)
18:07:33: INFO [flashield.py:170 (root)]: 	w04.oracleGeneral.bin-0.01-FIFO-True n_req: 63000000, n_miss: 37543250, miss ratio: 0.5959, disk write 99166900736 + 0 (0.0556)
18:08:28: INFO [flashield.py:170 (root)]: 	w04.oracleGeneral.bin-0.01-FIFO-True n_req: 64000000, n_miss: 38035774, miss ratio: 0.5943, disk write 99166900736 + 0 (0.0556)
18:09:22: INFO [flashield.py:170 (root)]: 	w04.oracleGeneral.bin-0.01-FIFO-True n_req: 65000000, n_miss: 38532100, miss ratio: 0.5928, disk write 99166900736 + 0 (0.0556)
18:10:15: INFO [flashield.py:170 (root)]: 	w04.oracleGeneral.bin-0.01-FIFO-True n_req: 66000000, n_miss: 39008178, miss ratio: 0.5910, disk write 99166900736 + 0 (0.0556)
18:11:03: INFO [flashield.py:170 (root)]: 	w04.oracleGeneral.bin-0.01-FIFO-True n_req: 67000000, n_miss: 39448253, miss ratio: 0.5888, disk write 99166900736 + 0 (0.0556)
18:11:50: INFO [flashield.py:170 (root)]: 	w04.oracleGeneral.bin-0.01-FIFO-True n_req: 68000000, n_miss: 39883611, miss ratio: 0.5865, disk write 99166900736 + 0 (0.0556)
18:12:37: INFO [flashield.py:170 (root)]: 	w04.oracleGeneral.bin-0.01-FIFO-True n_req: 69000000, n_miss: 40313638, miss ratio: 0.5843, disk write 99166900736 + 0 (0.0556)
18:13:48: INFO [flashield.py:170 (root)]: 	w04.oracleGeneral.bin-0.01-FIFO-True n_req: 70000000, n_miss: 40958841, miss ratio: 0.5851, disk write 99166900736 + 0 (0.0556)
18:14:58: INFO [flashield.py:170 (root)]: 	w04.oracleGeneral.bin-0.01-FIFO-True n_req: 71000000, n_miss: 41602209, miss ratio: 0.5859, disk write 99166900736 + 0 (0.0556)
18:16:09: INFO [flashield.py:170 (root)]: 	w04.oracleGeneral.bin-0.01-FIFO-True n_req: 72000000, n_miss: 42250384, miss ratio: 0.5868, disk write 99166900736 + 0 (0.0556)
18:17:20: INFO [flashield.py:170 (root)]: 	w04.oracleGeneral.bin-0.01-FIFO-True n_req: 73000000, n_miss: 42897680, miss ratio: 0.5876, disk write 99166900736 + 0 (0.0556)
18:18:30: INFO [flashield.py:170 (root)]: 	w04.oracleGeneral.bin-0.01-FIFO-True n_req: 74000000, n_miss: 43538918, miss ratio: 0.5884, disk write 99166900736 + 0 (0.0556)
18:19:43: INFO [flashield.py:170 (root)]: 	w04.oracleGeneral.bin-0.01-FIFO-True n_req: 75000000, n_miss: 44196174, miss ratio: 0.5893, disk write 99166900736 + 0 (0.0556)
18:20:54: INFO [flashield.py:170 (root)]: 	w04.oracleGeneral.bin-0.01-FIFO-True n_req: 76000000, n_miss: 44849831, miss ratio: 0.5901, disk write 99166900736 + 0 (0.0556)
18:22:05: INFO [flashield.py:170 (root)]: 	w04.oracleGeneral.bin-0.01-FIFO-True n_req: 77000000, n_miss: 45501373, miss ratio: 0.5909, disk write 99166900736 + 0 (0.0556)
18:22:59: INFO [flashield.py:182 (root)]: 	w04.oracleGeneral.bin-0.01-FIFO-True n_req: 77764582, n_miss: 45992376, miss ratio: 0.5914, disk write 99166900736 + 0 (0.0556)
