16:59:45: INFO [flashield.py:220 (root)]: 	calculating wss for w05.oracleGeneral.bin
17:00:36: INFO [flashield.py:228 (root)]: 	w05.oracleGeneral.bin wss_obj: 41379800, wss_byte: 1542905902080
17:00:36: INFO [cache.py:19 (cache)]: 	create Flashield cache with size 15429059020
17:00:36: INFO [cache.py:19 (cache)]: 	create LRU cache with size 154290590
17:00:36: INFO [cache.py:19 (cache)]: 	create FIFO cache with size 15274768430
17:00:39: INFO [flashield.py:170 (root)]: 	w05.oracleGeneral.bin-0.01-FIFO-True n_req: 1000000, n_miss: 997325, miss ratio: 0.9973, disk write 1070083584 + 0 (0.0007)
17:00:42: INFO [flashield.py:170 (root)]: 	w05.oracleGeneral.bin-0.01-FIFO-True n_req: 2000000, n_miss: 1983057, miss ratio: 0.9915, disk write 12358131200 + 0 (0.0080)
17:00:47: INFO [flashield.py:170 (root)]: 	w05.oracleGeneral.bin-0.01-FIFO-True n_req: 3000000, n_miss: 2975063, miss ratio: 0.9917, disk write 86174486016 + 0 (0.0559)
17:00:49: INFO [flashield.py:170 (root)]: 	w05.oracleGeneral.bin-0.01-FIFO-True n_req: 4000000, n_miss: 3946141, miss ratio: 0.9865, disk write 99876834304 + 0 (0.0647)
17:00:52: INFO [flashield.py:170 (root)]: 	w05.oracleGeneral.bin-0.01-FIFO-True n_req: 5000000, n_miss: 4911353, miss ratio: 0.9823, disk write 138861612544 + 0 (0.0900)
17:00:54: INFO [flashield.py:37 (root)]: 	w05.oracleGeneral.bin Training Flashield...
17:00:56: INFO [flashield.py:42 (root)]: 	w05.oracleGeneral.bin Training Flashield: 2679655 features 2679655 labels ...
17:00:56: INFO [flashield.py:55 (root)]: 	w05.oracleGeneral.bin finish training
17:01:31: INFO [flashield.py:170 (root)]: 	w05.oracleGeneral.bin-0.01-FIFO-True n_req: 6000000, n_miss: 5905486, miss ratio: 0.9842, disk write 139415873024 + 0 (0.0904)
17:03:13: INFO [flashield.py:170 (root)]: 	w05.oracleGeneral.bin-0.01-FIFO-True n_req: 7000000, n_miss: 6898453, miss ratio: 0.9855, disk write 139415873024 + 0 (0.0904)
17:04:56: INFO [flashield.py:170 (root)]: 	w05.oracleGeneral.bin-0.01-FIFO-True n_req: 8000000, n_miss: 7865155, miss ratio: 0.9831, disk write 139415873024 + 0 (0.0904)
17:06:33: INFO [flashield.py:170 (root)]: 	w05.oracleGeneral.bin-0.01-FIFO-True n_req: 9000000, n_miss: 8835871, miss ratio: 0.9818, disk write 139415873024 + 0 (0.0904)
17:08:13: INFO [flashield.py:170 (root)]: 	w05.oracleGeneral.bin-0.01-FIFO-True n_req: 10000000, n_miss: 9807658, miss ratio: 0.9808, disk write 139415873024 + 0 (0.0904)
17:09:54: INFO [flashield.py:170 (root)]: 	w05.oracleGeneral.bin-0.01-FIFO-True n_req: 11000000, n_miss: 10780712, miss ratio: 0.9801, disk write 139415873024 + 0 (0.0904)
17:11:31: INFO [flashield.py:170 (root)]: 	w05.oracleGeneral.bin-0.01-FIFO-True n_req: 12000000, n_miss: 11747898, miss ratio: 0.9790, disk write 139415873024 + 0 (0.0904)
17:13:10: INFO [flashield.py:170 (root)]: 	w05.oracleGeneral.bin-0.01-FIFO-True n_req: 13000000, n_miss: 12671581, miss ratio: 0.9747, disk write 139415873024 + 0 (0.0904)
17:14:41: INFO [flashield.py:170 (root)]: 	w05.oracleGeneral.bin-0.01-FIFO-True n_req: 14000000, n_miss: 13555746, miss ratio: 0.9683, disk write 139415873024 + 0 (0.0904)
17:16:24: INFO [flashield.py:170 (root)]: 	w05.oracleGeneral.bin-0.01-FIFO-True n_req: 15000000, n_miss: 14554047, miss ratio: 0.9703, disk write 139415873024 + 0 (0.0904)
17:17:52: INFO [flashield.py:170 (root)]: 	w05.oracleGeneral.bin-0.01-FIFO-True n_req: 16000000, n_miss: 15477189, miss ratio: 0.9673, disk write 139415873024 + 0 (0.0904)
17:19:31: INFO [flashield.py:170 (root)]: 	w05.oracleGeneral.bin-0.01-FIFO-True n_req: 17000000, n_miss: 16422097, miss ratio: 0.9660, disk write 139415873024 + 0 (0.0904)
17:21:14: INFO [flashield.py:170 (root)]: 	w05.oracleGeneral.bin-0.01-FIFO-True n_req: 18000000, n_miss: 17367943, miss ratio: 0.9649, disk write 139415873024 + 0 (0.0904)
17:22:51: INFO [flashield.py:170 (root)]: 	w05.oracleGeneral.bin-0.01-FIFO-True n_req: 19000000, n_miss: 18293024, miss ratio: 0.9628, disk write 139415873024 + 0 (0.0904)
17:24:27: INFO [flashield.py:170 (root)]: 	w05.oracleGeneral.bin-0.01-FIFO-True n_req: 20000000, n_miss: 19156207, miss ratio: 0.9578, disk write 139415873024 + 0 (0.0904)
17:25:53: INFO [flashield.py:170 (root)]: 	w05.oracleGeneral.bin-0.01-FIFO-True n_req: 21000000, n_miss: 19978351, miss ratio: 0.9514, disk write 139415873024 + 0 (0.0904)
17:27:10: INFO [flashield.py:170 (root)]: 	w05.oracleGeneral.bin-0.01-FIFO-True n_req: 22000000, n_miss: 20701965, miss ratio: 0.9410, disk write 139415873024 + 0 (0.0904)
17:28:42: INFO [flashield.py:170 (root)]: 	w05.oracleGeneral.bin-0.01-FIFO-True n_req: 23000000, n_miss: 21639480, miss ratio: 0.9408, disk write 139415873024 + 0 (0.0904)
17:30:23: INFO [flashield.py:170 (root)]: 	w05.oracleGeneral.bin-0.01-FIFO-True n_req: 24000000, n_miss: 22611427, miss ratio: 0.9421, disk write 139415873024 + 0 (0.0904)
17:32:08: INFO [flashield.py:170 (root)]: 	w05.oracleGeneral.bin-0.01-FIFO-True n_req: 25000000, n_miss: 23602427, miss ratio: 0.9441, disk write 139415873024 + 0 (0.0904)
17:33:47: INFO [flashield.py:170 (root)]: 	w05.oracleGeneral.bin-0.01-FIFO-True n_req: 26000000, n_miss: 24588012, miss ratio: 0.9457, disk write 139415873024 + 0 (0.0904)
17:35:30: INFO [flashield.py:170 (root)]: 	w05.oracleGeneral.bin-0.01-FIFO-True n_req: 27000000, n_miss: 25574760, miss ratio: 0.9472, disk write 139415873024 + 0 (0.0904)
17:37:08: INFO [flashield.py:170 (root)]: 	w05.oracleGeneral.bin-0.01-FIFO-True n_req: 28000000, n_miss: 26562880, miss ratio: 0.9487, disk write 139415873024 + 0 (0.0904)
17:38:53: INFO [flashield.py:170 (root)]: 	w05.oracleGeneral.bin-0.01-FIFO-True n_req: 29000000, n_miss: 27538824, miss ratio: 0.9496, disk write 139415873024 + 0 (0.0904)
17:40:37: INFO [flashield.py:170 (root)]: 	w05.oracleGeneral.bin-0.01-FIFO-True n_req: 30000000, n_miss: 28527116, miss ratio: 0.9509, disk write 139415873024 + 0 (0.0904)
17:42:14: INFO [flashield.py:170 (root)]: 	w05.oracleGeneral.bin-0.01-FIFO-True n_req: 31000000, n_miss: 29489085, miss ratio: 0.9513, disk write 139415873024 + 0 (0.0904)
17:43:50: INFO [flashield.py:170 (root)]: 	w05.oracleGeneral.bin-0.01-FIFO-True n_req: 32000000, n_miss: 30440979, miss ratio: 0.9513, disk write 139415873024 + 0 (0.0904)
17:45:35: INFO [flashield.py:170 (root)]: 	w05.oracleGeneral.bin-0.01-FIFO-True n_req: 33000000, n_miss: 31434826, miss ratio: 0.9526, disk write 139415873024 + 0 (0.0904)
17:47:18: INFO [flashield.py:170 (root)]: 	w05.oracleGeneral.bin-0.01-FIFO-True n_req: 34000000, n_miss: 32380997, miss ratio: 0.9524, disk write 139415873024 + 0 (0.0904)
17:48:48: INFO [flashield.py:170 (root)]: 	w05.oracleGeneral.bin-0.01-FIFO-True n_req: 35000000, n_miss: 33242004, miss ratio: 0.9498, disk write 139415873024 + 0 (0.0904)
17:50:28: INFO [flashield.py:170 (root)]: 	w05.oracleGeneral.bin-0.01-FIFO-True n_req: 36000000, n_miss: 34193616, miss ratio: 0.9498, disk write 139415873024 + 0 (0.0904)
17:51:47: INFO [flashield.py:170 (root)]: 	w05.oracleGeneral.bin-0.01-FIFO-True n_req: 37000000, n_miss: 34947915, miss ratio: 0.9445, disk write 139415873024 + 0 (0.0904)
17:53:14: INFO [flashield.py:170 (root)]: 	w05.oracleGeneral.bin-0.01-FIFO-True n_req: 38000000, n_miss: 35801756, miss ratio: 0.9422, disk write 139415873024 + 0 (0.0904)
17:54:57: INFO [flashield.py:170 (root)]: 	w05.oracleGeneral.bin-0.01-FIFO-True n_req: 39000000, n_miss: 36779557, miss ratio: 0.9431, disk write 139415873024 + 0 (0.0904)
17:56:18: INFO [flashield.py:170 (root)]: 	w05.oracleGeneral.bin-0.01-FIFO-True n_req: 40000000, n_miss: 37529371, miss ratio: 0.9382, disk write 139415873024 + 0 (0.0904)
17:57:54: INFO [flashield.py:170 (root)]: 	w05.oracleGeneral.bin-0.01-FIFO-True n_req: 41000000, n_miss: 38456322, miss ratio: 0.9380, disk write 139415873024 + 0 (0.0904)
17:59:33: INFO [flashield.py:170 (root)]: 	w05.oracleGeneral.bin-0.01-FIFO-True n_req: 42000000, n_miss: 39393683, miss ratio: 0.9379, disk write 139415873024 + 0 (0.0904)
18:00:57: INFO [flashield.py:170 (root)]: 	w05.oracleGeneral.bin-0.01-FIFO-True n_req: 43000000, n_miss: 40165521, miss ratio: 0.9341, disk write 139415873024 + 0 (0.0904)
18:02:31: INFO [flashield.py:170 (root)]: 	w05.oracleGeneral.bin-0.01-FIFO-True n_req: 44000000, n_miss: 41055670, miss ratio: 0.9331, disk write 139415873024 + 0 (0.0904)
18:03:46: INFO [flashield.py:170 (root)]: 	w05.oracleGeneral.bin-0.01-FIFO-True n_req: 45000000, n_miss: 41763362, miss ratio: 0.9281, disk write 139415873024 + 0 (0.0904)
18:05:19: INFO [flashield.py:170 (root)]: 	w05.oracleGeneral.bin-0.01-FIFO-True n_req: 46000000, n_miss: 42638962, miss ratio: 0.9269, disk write 139415873024 + 0 (0.0904)
18:06:47: INFO [flashield.py:170 (root)]: 	w05.oracleGeneral.bin-0.01-FIFO-True n_req: 47000000, n_miss: 43469853, miss ratio: 0.9249, disk write 139415873024 + 0 (0.0904)
18:08:24: INFO [flashield.py:170 (root)]: 	w05.oracleGeneral.bin-0.01-FIFO-True n_req: 48000000, n_miss: 44387763, miss ratio: 0.9247, disk write 139415873024 + 0 (0.0904)
18:09:41: INFO [flashield.py:170 (root)]: 	w05.oracleGeneral.bin-0.01-FIFO-True n_req: 49000000, n_miss: 45112689, miss ratio: 0.9207, disk write 139415873024 + 0 (0.0904)
18:10:49: INFO [flashield.py:170 (root)]: 	w05.oracleGeneral.bin-0.01-FIFO-True n_req: 50000000, n_miss: 45752225, miss ratio: 0.9150, disk write 139415873024 + 0 (0.0904)
18:12:09: INFO [flashield.py:170 (root)]: 	w05.oracleGeneral.bin-0.01-FIFO-True n_req: 51000000, n_miss: 46486958, miss ratio: 0.9115, disk write 139415873024 + 0 (0.0904)
18:13:41: INFO [flashield.py:170 (root)]: 	w05.oracleGeneral.bin-0.01-FIFO-True n_req: 52000000, n_miss: 47377231, miss ratio: 0.9111, disk write 139415873024 + 0 (0.0904)
18:15:16: INFO [flashield.py:170 (root)]: 	w05.oracleGeneral.bin-0.01-FIFO-True n_req: 53000000, n_miss: 48257901, miss ratio: 0.9105, disk write 139415873024 + 0 (0.0904)
18:16:52: INFO [flashield.py:170 (root)]: 	w05.oracleGeneral.bin-0.01-FIFO-True n_req: 54000000, n_miss: 49177137, miss ratio: 0.9107, disk write 139415873024 + 0 (0.0904)
18:18:05: INFO [flashield.py:170 (root)]: 	w05.oracleGeneral.bin-0.01-FIFO-True n_req: 55000000, n_miss: 49853453, miss ratio: 0.9064, disk write 139415873024 + 0 (0.0904)
18:19:16: INFO [flashield.py:170 (root)]: 	w05.oracleGeneral.bin-0.01-FIFO-True n_req: 56000000, n_miss: 50510639, miss ratio: 0.9020, disk write 139415873024 + 0 (0.0904)
18:20:46: INFO [flashield.py:170 (root)]: 	w05.oracleGeneral.bin-0.01-FIFO-True n_req: 57000000, n_miss: 51341700, miss ratio: 0.9007, disk write 139415873024 + 0 (0.0904)
18:22:31: INFO [flashield.py:170 (root)]: 	w05.oracleGeneral.bin-0.01-FIFO-True n_req: 58000000, n_miss: 52336910, miss ratio: 0.9024, disk write 139415873024 + 0 (0.0904)
18:24:18: INFO [flashield.py:170 (root)]: 	w05.oracleGeneral.bin-0.01-FIFO-True n_req: 59000000, n_miss: 53333084, miss ratio: 0.9040, disk write 139415873024 + 0 (0.0904)
18:25:55: INFO [flashield.py:170 (root)]: 	w05.oracleGeneral.bin-0.01-FIFO-True n_req: 60000000, n_miss: 54242202, miss ratio: 0.9040, disk write 139415873024 + 0 (0.0904)
18:27:41: INFO [flashield.py:170 (root)]: 	w05.oracleGeneral.bin-0.01-FIFO-True n_req: 61000000, n_miss: 55239465, miss ratio: 0.9056, disk write 139415873024 + 0 (0.0904)
18:29:04: INFO [flashield.py:170 (root)]: 	w05.oracleGeneral.bin-0.01-FIFO-True n_req: 62000000, n_miss: 56019178, miss ratio: 0.9035, disk write 139415873024 + 0 (0.0904)
18:30:39: INFO [flashield.py:170 (root)]: 	w05.oracleGeneral.bin-0.01-FIFO-True n_req: 63000000, n_miss: 56915997, miss ratio: 0.9034, disk write 139415873024 + 0 (0.0904)
18:32:05: INFO [flashield.py:170 (root)]: 	w05.oracleGeneral.bin-0.01-FIFO-True n_req: 64000000, n_miss: 57719524, miss ratio: 0.9019, disk write 139415873024 + 0 (0.0904)
18:33:33: INFO [flashield.py:170 (root)]: 	w05.oracleGeneral.bin-0.01-FIFO-True n_req: 65000000, n_miss: 58546479, miss ratio: 0.9007, disk write 139415873024 + 0 (0.0904)
18:34:55: INFO [flashield.py:170 (root)]: 	w05.oracleGeneral.bin-0.01-FIFO-True n_req: 66000000, n_miss: 59305797, miss ratio: 0.8986, disk write 139415873024 + 0 (0.0904)
18:36:27: INFO [flashield.py:170 (root)]: 	w05.oracleGeneral.bin-0.01-FIFO-True n_req: 67000000, n_miss: 60177072, miss ratio: 0.8982, disk write 139415873024 + 0 (0.0904)
18:38:00: INFO [flashield.py:170 (root)]: 	w05.oracleGeneral.bin-0.01-FIFO-True n_req: 68000000, n_miss: 61059646, miss ratio: 0.8979, disk write 139415873024 + 0 (0.0904)
18:39:42: INFO [flashield.py:170 (root)]: 	w05.oracleGeneral.bin-0.01-FIFO-True n_req: 69000000, n_miss: 62018296, miss ratio: 0.8988, disk write 139415873024 + 0 (0.0904)
18:41:05: INFO [flashield.py:170 (root)]: 	w05.oracleGeneral.bin-0.01-FIFO-True n_req: 70000000, n_miss: 62794784, miss ratio: 0.8971, disk write 139415873024 + 0 (0.0904)
18:42:35: INFO [flashield.py:170 (root)]: 	w05.oracleGeneral.bin-0.01-FIFO-True n_req: 71000000, n_miss: 63656761, miss ratio: 0.8966, disk write 139415873024 + 0 (0.0904)
18:44:05: INFO [flashield.py:170 (root)]: 	w05.oracleGeneral.bin-0.01-FIFO-True n_req: 72000000, n_miss: 64514465, miss ratio: 0.8960, disk write 139415873024 + 0 (0.0904)
18:45:37: INFO [flashield.py:170 (root)]: 	w05.oracleGeneral.bin-0.01-FIFO-True n_req: 73000000, n_miss: 65381121, miss ratio: 0.8956, disk write 139415873024 + 0 (0.0904)
18:45:40: INFO [flashield.py:182 (root)]: 	w05.oracleGeneral.bin-0.01-FIFO-True n_req: 73034546, n_miss: 65415172, miss ratio: 0.8957, disk write 139415873024 + 0 (0.0904)
