16:59:45: INFO [flashield.py:220 (root)]: 	calculating wss for w06.oracleGeneral.bin
17:00:23: INFO [flashield.py:228 (root)]: 	w06.oracleGeneral.bin wss_obj: 1699448, wss_byte: 23468258304
17:00:23: INFO [cache.py:19 (cache)]: 	create Flashield cache with size 234682583
17:00:23: INFO [cache.py:19 (cache)]: 	create LRU cache with size 2346825
17:00:23: INFO [cache.py:19 (cache)]: 	create FIFO cache with size 232335758
17:00:24: INFO [flashield.py:37 (root)]: 	w06.oracleGeneral.bin Training Flashield...
17:00:24: INFO [flashield.py:42 (root)]: 	w06.oracleGeneral.bin Training Flashield: 42741 features 42741 labels ...
17:00:24: INFO [flashield.py:55 (root)]: 	w06.oracleGeneral.bin finish training
17:00:57: INFO [flashield.py:170 (root)]: 	w06.oracleGeneral.bin-0.01-FIFO-True n_req: 1000000, n_miss: 386906, miss ratio: 0.3869, disk write 387476480 + 0 (0.0165)
17:02:27: INFO [flashield.py:170 (root)]: 	w06.oracleGeneral.bin-0.01-FIFO-True n_req: 2000000, n_miss: 1241153, miss ratio: 0.6206, disk write 387476480 + 0 (0.0165)
17:03:30: INFO [flashield.py:170 (root)]: 	w06.oracleGeneral.bin-0.01-FIFO-True n_req: 3000000, n_miss: 1837848, miss ratio: 0.6126, disk write 387476480 + 0 (0.0165)
17:04:09: INFO [flashield.py:170 (root)]: 	w06.oracleGeneral.bin-0.01-FIFO-True n_req: 4000000, n_miss: 2207903, miss ratio: 0.5520, disk write 387476480 + 0 (0.0165)
17:04:50: INFO [flashield.py:170 (root)]: 	w06.oracleGeneral.bin-0.01-FIFO-True n_req: 5000000, n_miss: 2589635, miss ratio: 0.5179, disk write 387476480 + 0 (0.0165)
17:05:30: INFO [flashield.py:170 (root)]: 	w06.oracleGeneral.bin-0.01-FIFO-True n_req: 6000000, n_miss: 2974520, miss ratio: 0.4958, disk write 387476480 + 0 (0.0165)
17:06:10: INFO [flashield.py:170 (root)]: 	w06.oracleGeneral.bin-0.01-FIFO-True n_req: 7000000, n_miss: 3351741, miss ratio: 0.4788, disk write 387476480 + 0 (0.0165)
17:06:57: INFO [flashield.py:170 (root)]: 	w06.oracleGeneral.bin-0.01-FIFO-True n_req: 8000000, n_miss: 3792471, miss ratio: 0.4741, disk write 387476480 + 0 (0.0165)
17:07:40: INFO [flashield.py:170 (root)]: 	w06.oracleGeneral.bin-0.01-FIFO-True n_req: 9000000, n_miss: 4200203, miss ratio: 0.4667, disk write 387476480 + 0 (0.0165)
17:08:23: INFO [flashield.py:170 (root)]: 	w06.oracleGeneral.bin-0.01-FIFO-True n_req: 10000000, n_miss: 4603555, miss ratio: 0.4604, disk write 387476480 + 0 (0.0165)
17:09:06: INFO [flashield.py:170 (root)]: 	w06.oracleGeneral.bin-0.01-FIFO-True n_req: 11000000, n_miss: 5014823, miss ratio: 0.4559, disk write 387476480 + 0 (0.0165)
17:09:49: INFO [flashield.py:170 (root)]: 	w06.oracleGeneral.bin-0.01-FIFO-True n_req: 12000000, n_miss: 5416689, miss ratio: 0.4514, disk write 387476480 + 0 (0.0165)
17:10:31: INFO [flashield.py:170 (root)]: 	w06.oracleGeneral.bin-0.01-FIFO-True n_req: 13000000, n_miss: 5813175, miss ratio: 0.4472, disk write 387476480 + 0 (0.0165)
17:11:14: INFO [flashield.py:170 (root)]: 	w06.oracleGeneral.bin-0.01-FIFO-True n_req: 14000000, n_miss: 6226882, miss ratio: 0.4448, disk write 387476480 + 0 (0.0165)
17:11:55: INFO [flashield.py:170 (root)]: 	w06.oracleGeneral.bin-0.01-FIFO-True n_req: 15000000, n_miss: 6609726, miss ratio: 0.4406, disk write 387476480 + 0 (0.0165)
17:12:35: INFO [flashield.py:170 (root)]: 	w06.oracleGeneral.bin-0.01-FIFO-True n_req: 16000000, n_miss: 6993046, miss ratio: 0.4371, disk write 387476480 + 0 (0.0165)
17:13:16: INFO [flashield.py:170 (root)]: 	w06.oracleGeneral.bin-0.01-FIFO-True n_req: 17000000, n_miss: 7380159, miss ratio: 0.4341, disk write 387476480 + 0 (0.0165)
17:14:00: INFO [flashield.py:170 (root)]: 	w06.oracleGeneral.bin-0.01-FIFO-True n_req: 18000000, n_miss: 7788320, miss ratio: 0.4327, disk write 387476480 + 0 (0.0165)
17:14:39: INFO [flashield.py:170 (root)]: 	w06.oracleGeneral.bin-0.01-FIFO-True n_req: 19000000, n_miss: 8155756, miss ratio: 0.4293, disk write 387476480 + 0 (0.0165)
17:15:20: INFO [flashield.py:170 (root)]: 	w06.oracleGeneral.bin-0.01-FIFO-True n_req: 20000000, n_miss: 8545276, miss ratio: 0.4273, disk write 387476480 + 0 (0.0165)
17:15:58: INFO [flashield.py:170 (root)]: 	w06.oracleGeneral.bin-0.01-FIFO-True n_req: 21000000, n_miss: 8906239, miss ratio: 0.4241, disk write 387476480 + 0 (0.0165)
17:16:39: INFO [flashield.py:170 (root)]: 	w06.oracleGeneral.bin-0.01-FIFO-True n_req: 22000000, n_miss: 9295998, miss ratio: 0.4225, disk write 387476480 + 0 (0.0165)
17:17:21: INFO [flashield.py:170 (root)]: 	w06.oracleGeneral.bin-0.01-FIFO-True n_req: 23000000, n_miss: 9683067, miss ratio: 0.4210, disk write 387476480 + 0 (0.0165)
17:17:59: INFO [flashield.py:170 (root)]: 	w06.oracleGeneral.bin-0.01-FIFO-True n_req: 24000000, n_miss: 10047606, miss ratio: 0.4187, disk write 387476480 + 0 (0.0165)
17:18:32: INFO [flashield.py:170 (root)]: 	w06.oracleGeneral.bin-0.01-FIFO-True n_req: 25000000, n_miss: 10353165, miss ratio: 0.4141, disk write 387476480 + 0 (0.0165)
17:19:15: INFO [flashield.py:170 (root)]: 	w06.oracleGeneral.bin-0.01-FIFO-True n_req: 26000000, n_miss: 10753790, miss ratio: 0.4136, disk write 387476480 + 0 (0.0165)
17:19:49: INFO [flashield.py:170 (root)]: 	w06.oracleGeneral.bin-0.01-FIFO-True n_req: 27000000, n_miss: 11077810, miss ratio: 0.4103, disk write 387476480 + 0 (0.0165)
17:20:30: INFO [flashield.py:170 (root)]: 	w06.oracleGeneral.bin-0.01-FIFO-True n_req: 28000000, n_miss: 11467735, miss ratio: 0.4096, disk write 387476480 + 0 (0.0165)
17:21:09: INFO [flashield.py:170 (root)]: 	w06.oracleGeneral.bin-0.01-FIFO-True n_req: 29000000, n_miss: 11839147, miss ratio: 0.4082, disk write 387476480 + 0 (0.0165)
17:21:53: INFO [flashield.py:170 (root)]: 	w06.oracleGeneral.bin-0.01-FIFO-True n_req: 30000000, n_miss: 12249845, miss ratio: 0.4083, disk write 387476480 + 0 (0.0165)
17:22:29: INFO [flashield.py:170 (root)]: 	w06.oracleGeneral.bin-0.01-FIFO-True n_req: 31000000, n_miss: 12589936, miss ratio: 0.4061, disk write 387476480 + 0 (0.0165)
17:23:05: INFO [flashield.py:170 (root)]: 	w06.oracleGeneral.bin-0.01-FIFO-True n_req: 32000000, n_miss: 12926684, miss ratio: 0.4040, disk write 387476480 + 0 (0.0165)
17:23:43: INFO [flashield.py:170 (root)]: 	w06.oracleGeneral.bin-0.01-FIFO-True n_req: 33000000, n_miss: 13285848, miss ratio: 0.4026, disk write 387476480 + 0 (0.0165)
17:24:18: INFO [flashield.py:170 (root)]: 	w06.oracleGeneral.bin-0.01-FIFO-True n_req: 34000000, n_miss: 13606927, miss ratio: 0.4002, disk write 387476480 + 0 (0.0165)
17:25:00: INFO [flashield.py:170 (root)]: 	w06.oracleGeneral.bin-0.01-FIFO-True n_req: 35000000, n_miss: 14004341, miss ratio: 0.4001, disk write 387476480 + 0 (0.0165)
17:25:34: INFO [flashield.py:170 (root)]: 	w06.oracleGeneral.bin-0.01-FIFO-True n_req: 36000000, n_miss: 14321993, miss ratio: 0.3978, disk write 387476480 + 0 (0.0165)
17:26:06: INFO [flashield.py:170 (root)]: 	w06.oracleGeneral.bin-0.01-FIFO-True n_req: 37000000, n_miss: 14622476, miss ratio: 0.3952, disk write 387476480 + 0 (0.0165)
17:26:49: INFO [flashield.py:170 (root)]: 	w06.oracleGeneral.bin-0.01-FIFO-True n_req: 38000000, n_miss: 15033077, miss ratio: 0.3956, disk write 387476480 + 0 (0.0165)
17:27:29: INFO [flashield.py:170 (root)]: 	w06.oracleGeneral.bin-0.01-FIFO-True n_req: 39000000, n_miss: 15411352, miss ratio: 0.3952, disk write 387476480 + 0 (0.0165)
17:28:09: INFO [flashield.py:170 (root)]: 	w06.oracleGeneral.bin-0.01-FIFO-True n_req: 40000000, n_miss: 15785779, miss ratio: 0.3946, disk write 387476480 + 0 (0.0165)
17:28:52: INFO [flashield.py:170 (root)]: 	w06.oracleGeneral.bin-0.01-FIFO-True n_req: 41000000, n_miss: 16201081, miss ratio: 0.3951, disk write 387476480 + 0 (0.0165)
17:29:35: INFO [flashield.py:170 (root)]: 	w06.oracleGeneral.bin-0.01-FIFO-True n_req: 42000000, n_miss: 16605834, miss ratio: 0.3954, disk write 387476480 + 0 (0.0165)
17:30:13: INFO [flashield.py:170 (root)]: 	w06.oracleGeneral.bin-0.01-FIFO-True n_req: 43000000, n_miss: 16970539, miss ratio: 0.3947, disk write 387476480 + 0 (0.0165)
17:30:56: INFO [flashield.py:170 (root)]: 	w06.oracleGeneral.bin-0.01-FIFO-True n_req: 44000000, n_miss: 17378690, miss ratio: 0.3950, disk write 387476480 + 0 (0.0165)
17:31:38: INFO [flashield.py:170 (root)]: 	w06.oracleGeneral.bin-0.01-FIFO-True n_req: 45000000, n_miss: 17780263, miss ratio: 0.3951, disk write 387476480 + 0 (0.0165)
17:32:21: INFO [flashield.py:170 (root)]: 	w06.oracleGeneral.bin-0.01-FIFO-True n_req: 46000000, n_miss: 18187127, miss ratio: 0.3954, disk write 387476480 + 0 (0.0165)
17:33:03: INFO [flashield.py:170 (root)]: 	w06.oracleGeneral.bin-0.01-FIFO-True n_req: 47000000, n_miss: 18583874, miss ratio: 0.3954, disk write 387476480 + 0 (0.0165)
17:33:46: INFO [flashield.py:170 (root)]: 	w06.oracleGeneral.bin-0.01-FIFO-True n_req: 48000000, n_miss: 18988182, miss ratio: 0.3956, disk write 387476480 + 0 (0.0165)
17:34:27: INFO [flashield.py:170 (root)]: 	w06.oracleGeneral.bin-0.01-FIFO-True n_req: 49000000, n_miss: 19384919, miss ratio: 0.3956, disk write 387476480 + 0 (0.0165)
17:35:10: INFO [flashield.py:170 (root)]: 	w06.oracleGeneral.bin-0.01-FIFO-True n_req: 50000000, n_miss: 19790733, miss ratio: 0.3958, disk write 387476480 + 0 (0.0165)
17:35:54: INFO [flashield.py:170 (root)]: 	w06.oracleGeneral.bin-0.01-FIFO-True n_req: 51000000, n_miss: 20211300, miss ratio: 0.3963, disk write 387476480 + 0 (0.0165)
17:36:36: INFO [flashield.py:170 (root)]: 	w06.oracleGeneral.bin-0.01-FIFO-True n_req: 52000000, n_miss: 20605574, miss ratio: 0.3963, disk write 387476480 + 0 (0.0165)
17:37:20: INFO [flashield.py:170 (root)]: 	w06.oracleGeneral.bin-0.01-FIFO-True n_req: 53000000, n_miss: 21024592, miss ratio: 0.3967, disk write 387476480 + 0 (0.0165)
17:38:05: INFO [flashield.py:170 (root)]: 	w06.oracleGeneral.bin-0.01-FIFO-True n_req: 54000000, n_miss: 21445204, miss ratio: 0.3971, disk write 387476480 + 0 (0.0165)
17:38:48: INFO [flashield.py:170 (root)]: 	w06.oracleGeneral.bin-0.01-FIFO-True n_req: 55000000, n_miss: 21853728, miss ratio: 0.3973, disk write 387476480 + 0 (0.0165)
17:39:30: INFO [flashield.py:170 (root)]: 	w06.oracleGeneral.bin-0.01-FIFO-True n_req: 56000000, n_miss: 22257489, miss ratio: 0.3975, disk write 387476480 + 0 (0.0165)
17:40:14: INFO [flashield.py:170 (root)]: 	w06.oracleGeneral.bin-0.01-FIFO-True n_req: 57000000, n_miss: 22668857, miss ratio: 0.3977, disk write 387476480 + 0 (0.0165)
17:40:56: INFO [flashield.py:170 (root)]: 	w06.oracleGeneral.bin-0.01-FIFO-True n_req: 58000000, n_miss: 23066154, miss ratio: 0.3977, disk write 387476480 + 0 (0.0165)
17:41:39: INFO [flashield.py:170 (root)]: 	w06.oracleGeneral.bin-0.01-FIFO-True n_req: 59000000, n_miss: 23477583, miss ratio: 0.3979, disk write 387476480 + 0 (0.0165)
17:42:24: INFO [flashield.py:170 (root)]: 	w06.oracleGeneral.bin-0.01-FIFO-True n_req: 60000000, n_miss: 23906802, miss ratio: 0.3984, disk write 387476480 + 0 (0.0165)
17:43:09: INFO [flashield.py:170 (root)]: 	w06.oracleGeneral.bin-0.01-FIFO-True n_req: 61000000, n_miss: 24331015, miss ratio: 0.3989, disk write 387476480 + 0 (0.0165)
17:43:52: INFO [flashield.py:170 (root)]: 	w06.oracleGeneral.bin-0.01-FIFO-True n_req: 62000000, n_miss: 24738902, miss ratio: 0.3990, disk write 387476480 + 0 (0.0165)
17:44:35: INFO [flashield.py:170 (root)]: 	w06.oracleGeneral.bin-0.01-FIFO-True n_req: 63000000, n_miss: 25142932, miss ratio: 0.3991, disk write 387476480 + 0 (0.0165)
17:45:17: INFO [flashield.py:170 (root)]: 	w06.oracleGeneral.bin-0.01-FIFO-True n_req: 64000000, n_miss: 25548386, miss ratio: 0.3992, disk write 387476480 + 0 (0.0165)
17:45:58: INFO [flashield.py:170 (root)]: 	w06.oracleGeneral.bin-0.01-FIFO-True n_req: 65000000, n_miss: 25935324, miss ratio: 0.3990, disk write 387476480 + 0 (0.0165)
17:46:41: INFO [flashield.py:170 (root)]: 	w06.oracleGeneral.bin-0.01-FIFO-True n_req: 66000000, n_miss: 26346746, miss ratio: 0.3992, disk write 387476480 + 0 (0.0165)
17:47:27: INFO [flashield.py:170 (root)]: 	w06.oracleGeneral.bin-0.01-FIFO-True n_req: 67000000, n_miss: 26775388, miss ratio: 0.3996, disk write 387476480 + 0 (0.0165)
17:48:09: INFO [flashield.py:170 (root)]: 	w06.oracleGeneral.bin-0.01-FIFO-True n_req: 68000000, n_miss: 27182109, miss ratio: 0.3997, disk write 387476480 + 0 (0.0165)
17:48:53: INFO [flashield.py:170 (root)]: 	w06.oracleGeneral.bin-0.01-FIFO-True n_req: 69000000, n_miss: 27596958, miss ratio: 0.4000, disk write 387476480 + 0 (0.0165)
17:49:11: INFO [flashield.py:182 (root)]: 	w06.oracleGeneral.bin-0.01-FIFO-True n_req: 69392150, n_miss: 27769273, miss ratio: 0.4002, disk write 387476480 + 0 (0.0165)
