16:59:45: INFO [flashield.py:220 (root)]: 	calculating wss for w07.oracleGeneral.bin
17:00:36: INFO [flashield.py:228 (root)]: 	w07.oracleGeneral.bin wss_obj: 9502621, wss_byte: 146730342912
17:00:36: INFO [cache.py:19 (cache)]: 	create Flashield cache with size 1467303429
17:00:36: INFO [cache.py:19 (cache)]: 	create LRU cache with size 14673034
17:00:36: INFO [cache.py:19 (cache)]: 	create FIFO cache with size 1452630395
17:00:37: INFO [flashield.py:37 (root)]: 	w07.oracleGeneral.bin Training Flashield...
17:00:37: INFO [flashield.py:42 (root)]: 	w07.oracleGeneral.bin Training Flashield: 127846 features 127846 labels ...
17:00:37: INFO [flashield.py:55 (root)]: 	w07.oracleGeneral.bin finish training
17:01:35: INFO [flashield.py:170 (root)]: 	w07.oracleGeneral.bin-0.01-FIFO-True n_req: 1000000, n_miss: 732253, miss ratio: 0.7323, disk write 2110965248 + 0 (0.0144)
17:03:06: INFO [flashield.py:170 (root)]: 	w07.oracleGeneral.bin-0.01-FIFO-True n_req: 2000000, n_miss: 1584248, miss ratio: 0.7921, disk write 2110965248 + 0 (0.0144)
17:04:33: INFO [flashield.py:170 (root)]: 	w07.oracleGeneral.bin-0.01-FIFO-True n_req: 3000000, n_miss: 2398730, miss ratio: 0.7996, disk write 2110965248 + 0 (0.0144)
17:06:00: INFO [flashield.py:170 (root)]: 	w07.oracleGeneral.bin-0.01-FIFO-True n_req: 4000000, n_miss: 3213615, miss ratio: 0.8034, disk write 2110965248 + 0 (0.0144)
17:07:23: INFO [flashield.py:170 (root)]: 	w07.oracleGeneral.bin-0.01-FIFO-True n_req: 5000000, n_miss: 3995101, miss ratio: 0.7990, disk write 2110965248 + 0 (0.0144)
17:08:38: INFO [flashield.py:170 (root)]: 	w07.oracleGeneral.bin-0.01-FIFO-True n_req: 6000000, n_miss: 4685223, miss ratio: 0.7809, disk write 2110965248 + 0 (0.0144)
17:09:46: INFO [flashield.py:170 (root)]: 	w07.oracleGeneral.bin-0.01-FIFO-True n_req: 7000000, n_miss: 5319870, miss ratio: 0.7600, disk write 2110965248 + 0 (0.0144)
17:10:55: INFO [flashield.py:170 (root)]: 	w07.oracleGeneral.bin-0.01-FIFO-True n_req: 8000000, n_miss: 5960522, miss ratio: 0.7451, disk write 2110965248 + 0 (0.0144)
17:12:00: INFO [flashield.py:170 (root)]: 	w07.oracleGeneral.bin-0.01-FIFO-True n_req: 9000000, n_miss: 6573492, miss ratio: 0.7304, disk write 2110965248 + 0 (0.0144)
17:13:30: INFO [flashield.py:170 (root)]: 	w07.oracleGeneral.bin-0.01-FIFO-True n_req: 10000000, n_miss: 7417451, miss ratio: 0.7417, disk write 2110965248 + 0 (0.0144)
17:14:56: INFO [flashield.py:170 (root)]: 	w07.oracleGeneral.bin-0.01-FIFO-True n_req: 11000000, n_miss: 8226242, miss ratio: 0.7478, disk write 2110965248 + 0 (0.0144)
17:16:25: INFO [flashield.py:170 (root)]: 	w07.oracleGeneral.bin-0.01-FIFO-True n_req: 12000000, n_miss: 9062808, miss ratio: 0.7552, disk write 2110965248 + 0 (0.0144)
17:17:51: INFO [flashield.py:170 (root)]: 	w07.oracleGeneral.bin-0.01-FIFO-True n_req: 13000000, n_miss: 9871861, miss ratio: 0.7594, disk write 2110965248 + 0 (0.0144)
17:19:05: INFO [flashield.py:170 (root)]: 	w07.oracleGeneral.bin-0.01-FIFO-True n_req: 14000000, n_miss: 10555874, miss ratio: 0.7540, disk write 2110965248 + 0 (0.0144)
17:20:16: INFO [flashield.py:170 (root)]: 	w07.oracleGeneral.bin-0.01-FIFO-True n_req: 15000000, n_miss: 11218611, miss ratio: 0.7479, disk write 2110965248 + 0 (0.0144)
17:21:22: INFO [flashield.py:170 (root)]: 	w07.oracleGeneral.bin-0.01-FIFO-True n_req: 16000000, n_miss: 11834406, miss ratio: 0.7397, disk write 2110965248 + 0 (0.0144)
17:22:29: INFO [flashield.py:170 (root)]: 	w07.oracleGeneral.bin-0.01-FIFO-True n_req: 17000000, n_miss: 12465301, miss ratio: 0.7333, disk write 2110965248 + 0 (0.0144)
17:23:58: INFO [flashield.py:170 (root)]: 	w07.oracleGeneral.bin-0.01-FIFO-True n_req: 18000000, n_miss: 13308387, miss ratio: 0.7394, disk write 2110965248 + 0 (0.0144)
17:25:27: INFO [flashield.py:170 (root)]: 	w07.oracleGeneral.bin-0.01-FIFO-True n_req: 19000000, n_miss: 14141759, miss ratio: 0.7443, disk write 2110965248 + 0 (0.0144)
17:26:59: INFO [flashield.py:170 (root)]: 	w07.oracleGeneral.bin-0.01-FIFO-True n_req: 20000000, n_miss: 15008791, miss ratio: 0.7504, disk write 2110965248 + 0 (0.0144)
17:28:24: INFO [flashield.py:170 (root)]: 	w07.oracleGeneral.bin-0.01-FIFO-True n_req: 21000000, n_miss: 15812994, miss ratio: 0.7530, disk write 2110965248 + 0 (0.0144)
17:29:35: INFO [flashield.py:170 (root)]: 	w07.oracleGeneral.bin-0.01-FIFO-True n_req: 22000000, n_miss: 16472411, miss ratio: 0.7487, disk write 2110965248 + 0 (0.0144)
17:30:43: INFO [flashield.py:170 (root)]: 	w07.oracleGeneral.bin-0.01-FIFO-True n_req: 23000000, n_miss: 17111416, miss ratio: 0.7440, disk write 2110965248 + 0 (0.0144)
17:31:48: INFO [flashield.py:170 (root)]: 	w07.oracleGeneral.bin-0.01-FIFO-True n_req: 24000000, n_miss: 17725097, miss ratio: 0.7385, disk write 2110965248 + 0 (0.0144)
17:33:23: INFO [flashield.py:170 (root)]: 	w07.oracleGeneral.bin-0.01-FIFO-True n_req: 25000000, n_miss: 18613709, miss ratio: 0.7445, disk write 2110965248 + 0 (0.0144)
17:34:51: INFO [flashield.py:170 (root)]: 	w07.oracleGeneral.bin-0.01-FIFO-True n_req: 26000000, n_miss: 19443780, miss ratio: 0.7478, disk write 2110965248 + 0 (0.0144)
17:36:24: INFO [flashield.py:170 (root)]: 	w07.oracleGeneral.bin-0.01-FIFO-True n_req: 27000000, n_miss: 20322671, miss ratio: 0.7527, disk write 2110965248 + 0 (0.0144)
17:37:45: INFO [flashield.py:170 (root)]: 	w07.oracleGeneral.bin-0.01-FIFO-True n_req: 28000000, n_miss: 21080799, miss ratio: 0.7529, disk write 2110965248 + 0 (0.0144)
17:38:55: INFO [flashield.py:170 (root)]: 	w07.oracleGeneral.bin-0.01-FIFO-True n_req: 29000000, n_miss: 21735424, miss ratio: 0.7495, disk write 2110965248 + 0 (0.0144)
17:40:02: INFO [flashield.py:170 (root)]: 	w07.oracleGeneral.bin-0.01-FIFO-True n_req: 30000000, n_miss: 22369197, miss ratio: 0.7456, disk write 2110965248 + 0 (0.0144)
17:41:08: INFO [flashield.py:170 (root)]: 	w07.oracleGeneral.bin-0.01-FIFO-True n_req: 31000000, n_miss: 22980728, miss ratio: 0.7413, disk write 2110965248 + 0 (0.0144)
17:42:40: INFO [flashield.py:170 (root)]: 	w07.oracleGeneral.bin-0.01-FIFO-True n_req: 32000000, n_miss: 23844109, miss ratio: 0.7451, disk write 2110965248 + 0 (0.0144)
17:44:10: INFO [flashield.py:170 (root)]: 	w07.oracleGeneral.bin-0.01-FIFO-True n_req: 33000000, n_miss: 24689554, miss ratio: 0.7482, disk write 2110965248 + 0 (0.0144)
17:45:38: INFO [flashield.py:170 (root)]: 	w07.oracleGeneral.bin-0.01-FIFO-True n_req: 34000000, n_miss: 25518305, miss ratio: 0.7505, disk write 2110965248 + 0 (0.0144)
17:46:58: INFO [flashield.py:170 (root)]: 	w07.oracleGeneral.bin-0.01-FIFO-True n_req: 35000000, n_miss: 26270383, miss ratio: 0.7506, disk write 2110965248 + 0 (0.0144)
17:48:12: INFO [flashield.py:170 (root)]: 	w07.oracleGeneral.bin-0.01-FIFO-True n_req: 36000000, n_miss: 26959834, miss ratio: 0.7489, disk write 2110965248 + 0 (0.0144)
17:49:23: INFO [flashield.py:170 (root)]: 	w07.oracleGeneral.bin-0.01-FIFO-True n_req: 37000000, n_miss: 27631133, miss ratio: 0.7468, disk write 2110965248 + 0 (0.0144)
17:50:34: INFO [flashield.py:170 (root)]: 	w07.oracleGeneral.bin-0.01-FIFO-True n_req: 38000000, n_miss: 28296936, miss ratio: 0.7447, disk write 2110965248 + 0 (0.0144)
17:52:03: INFO [flashield.py:170 (root)]: 	w07.oracleGeneral.bin-0.01-FIFO-True n_req: 39000000, n_miss: 29139773, miss ratio: 0.7472, disk write 2110965248 + 0 (0.0144)
17:53:39: INFO [flashield.py:170 (root)]: 	w07.oracleGeneral.bin-0.01-FIFO-True n_req: 40000000, n_miss: 30048547, miss ratio: 0.7512, disk write 2110965248 + 0 (0.0144)
17:55:17: INFO [flashield.py:170 (root)]: 	w07.oracleGeneral.bin-0.01-FIFO-True n_req: 41000000, n_miss: 30980191, miss ratio: 0.7556, disk write 2110965248 + 0 (0.0144)
17:56:56: INFO [flashield.py:170 (root)]: 	w07.oracleGeneral.bin-0.01-FIFO-True n_req: 42000000, n_miss: 31911397, miss ratio: 0.7598, disk write 2110965248 + 0 (0.0144)
17:58:29: INFO [flashield.py:170 (root)]: 	w07.oracleGeneral.bin-0.01-FIFO-True n_req: 43000000, n_miss: 32800107, miss ratio: 0.7628, disk write 2110965248 + 0 (0.0144)
18:00:00: INFO [flashield.py:170 (root)]: 	w07.oracleGeneral.bin-0.01-FIFO-True n_req: 44000000, n_miss: 33651220, miss ratio: 0.7648, disk write 2110965248 + 0 (0.0144)
18:01:32: INFO [flashield.py:170 (root)]: 	w07.oracleGeneral.bin-0.01-FIFO-True n_req: 45000000, n_miss: 34521692, miss ratio: 0.7671, disk write 2110965248 + 0 (0.0144)
18:03:09: INFO [flashield.py:170 (root)]: 	w07.oracleGeneral.bin-0.01-FIFO-True n_req: 46000000, n_miss: 35426770, miss ratio: 0.7701, disk write 2110965248 + 0 (0.0144)
18:04:41: INFO [flashield.py:170 (root)]: 	w07.oracleGeneral.bin-0.01-FIFO-True n_req: 47000000, n_miss: 36293574, miss ratio: 0.7722, disk write 2110965248 + 0 (0.0144)
18:06:12: INFO [flashield.py:170 (root)]: 	w07.oracleGeneral.bin-0.01-FIFO-True n_req: 48000000, n_miss: 37148339, miss ratio: 0.7739, disk write 2110965248 + 0 (0.0144)
18:07:48: INFO [flashield.py:170 (root)]: 	w07.oracleGeneral.bin-0.01-FIFO-True n_req: 49000000, n_miss: 38045343, miss ratio: 0.7764, disk write 2110965248 + 0 (0.0144)
18:09:24: INFO [flashield.py:170 (root)]: 	w07.oracleGeneral.bin-0.01-FIFO-True n_req: 50000000, n_miss: 38947872, miss ratio: 0.7790, disk write 2110965248 + 0 (0.0144)
18:11:02: INFO [flashield.py:170 (root)]: 	w07.oracleGeneral.bin-0.01-FIFO-True n_req: 51000000, n_miss: 39866050, miss ratio: 0.7817, disk write 2110965248 + 0 (0.0144)
18:12:42: INFO [flashield.py:170 (root)]: 	w07.oracleGeneral.bin-0.01-FIFO-True n_req: 52000000, n_miss: 40801404, miss ratio: 0.7846, disk write 2110965248 + 0 (0.0144)
18:14:21: INFO [flashield.py:170 (root)]: 	w07.oracleGeneral.bin-0.01-FIFO-True n_req: 53000000, n_miss: 41736109, miss ratio: 0.7875, disk write 2110965248 + 0 (0.0144)
18:16:01: INFO [flashield.py:170 (root)]: 	w07.oracleGeneral.bin-0.01-FIFO-True n_req: 54000000, n_miss: 42673644, miss ratio: 0.7903, disk write 2110965248 + 0 (0.0144)
18:17:39: INFO [flashield.py:170 (root)]: 	w07.oracleGeneral.bin-0.01-FIFO-True n_req: 55000000, n_miss: 43592657, miss ratio: 0.7926, disk write 2110965248 + 0 (0.0144)
18:19:16: INFO [flashield.py:170 (root)]: 	w07.oracleGeneral.bin-0.01-FIFO-True n_req: 56000000, n_miss: 44511102, miss ratio: 0.7948, disk write 2110965248 + 0 (0.0144)
18:20:55: INFO [flashield.py:170 (root)]: 	w07.oracleGeneral.bin-0.01-FIFO-True n_req: 57000000, n_miss: 45436392, miss ratio: 0.7971, disk write 2110965248 + 0 (0.0144)
18:22:33: INFO [flashield.py:170 (root)]: 	w07.oracleGeneral.bin-0.01-FIFO-True n_req: 58000000, n_miss: 46358792, miss ratio: 0.7993, disk write 2110965248 + 0 (0.0144)
18:24:11: INFO [flashield.py:170 (root)]: 	w07.oracleGeneral.bin-0.01-FIFO-True n_req: 59000000, n_miss: 47283381, miss ratio: 0.8014, disk write 2110965248 + 0 (0.0144)
18:25:49: INFO [flashield.py:170 (root)]: 	w07.oracleGeneral.bin-0.01-FIFO-True n_req: 60000000, n_miss: 48203298, miss ratio: 0.8034, disk write 2110965248 + 0 (0.0144)
18:27:15: INFO [flashield.py:170 (root)]: 	w07.oracleGeneral.bin-0.01-FIFO-True n_req: 61000000, n_miss: 49003408, miss ratio: 0.8033, disk write 2110965248 + 0 (0.0144)
18:28:25: INFO [flashield.py:170 (root)]: 	w07.oracleGeneral.bin-0.01-FIFO-True n_req: 62000000, n_miss: 49659532, miss ratio: 0.8010, disk write 2110965248 + 0 (0.0144)
18:29:42: INFO [flashield.py:170 (root)]: 	w07.oracleGeneral.bin-0.01-FIFO-True n_req: 63000000, n_miss: 50377654, miss ratio: 0.7996, disk write 2110965248 + 0 (0.0144)
18:31:14: INFO [flashield.py:170 (root)]: 	w07.oracleGeneral.bin-0.01-FIFO-True n_req: 64000000, n_miss: 51250792, miss ratio: 0.8008, disk write 2110965248 + 0 (0.0144)
18:32:46: INFO [flashield.py:170 (root)]: 	w07.oracleGeneral.bin-0.01-FIFO-True n_req: 65000000, n_miss: 52117513, miss ratio: 0.8018, disk write 2110965248 + 0 (0.0144)
18:33:57: INFO [flashield.py:170 (root)]: 	w07.oracleGeneral.bin-0.01-FIFO-True n_req: 66000000, n_miss: 52778595, miss ratio: 0.7997, disk write 2110965248 + 0 (0.0144)
18:35:05: INFO [flashield.py:170 (root)]: 	w07.oracleGeneral.bin-0.01-FIFO-True n_req: 67000000, n_miss: 53408906, miss ratio: 0.7971, disk write 2110965248 + 0 (0.0144)
18:35:34: INFO [flashield.py:182 (root)]: 	w07.oracleGeneral.bin-0.01-FIFO-True n_req: 67427405, n_miss: 53681458, miss ratio: 0.7961, disk write 2110965248 + 0 (0.0144)
