16:59:45: INFO [flashield.py:220 (root)]: 	calculating wss for w08.oracleGeneral.bin
17:00:20: INFO [flashield.py:228 (root)]: 	w08.oracleGeneral.bin wss_obj: 9040043, wss_byte: 1088232028864
17:00:20: INFO [cache.py:19 (cache)]: 	create Flashield cache with size 10882320288
17:00:20: INFO [cache.py:19 (cache)]: 	create LRU cache with size 108823202
17:00:20: INFO [cache.py:19 (cache)]: 	create FIFO cache with size 10773497086
17:00:21: INFO [flashield.py:37 (root)]: 	w08.oracleGeneral.bin Training Flashield...
17:00:21: INFO [flashield.py:42 (root)]: 	w08.oracleGeneral.bin Training Flashield: 153205 features 153205 labels ...
17:00:21: INFO [flashield.py:55 (root)]: 	w08.oracleGeneral.bin finish training
17:01:46: INFO [flashield.py:170 (root)]: 	w08.oracleGeneral.bin-0.01-FIFO-True n_req: 1000000, n_miss: 964566, miss ratio: 0.9646, disk write 70877149888 + 0 (0.0651)
17:03:29: INFO [flashield.py:170 (root)]: 	w08.oracleGeneral.bin-0.01-FIFO-True n_req: 2000000, n_miss: 1961473, miss ratio: 0.9807, disk write 70877149888 + 0 (0.0651)
17:05:12: INFO [flashield.py:170 (root)]: 	w08.oracleGeneral.bin-0.01-FIFO-True n_req: 3000000, n_miss: 2953059, miss ratio: 0.9844, disk write 70877149888 + 0 (0.0651)
17:06:55: INFO [flashield.py:170 (root)]: 	w08.oracleGeneral.bin-0.01-FIFO-True n_req: 4000000, n_miss: 3948858, miss ratio: 0.9872, disk write 70877149888 + 0 (0.0651)
17:08:38: INFO [flashield.py:170 (root)]: 	w08.oracleGeneral.bin-0.01-FIFO-True n_req: 5000000, n_miss: 4925846, miss ratio: 0.9852, disk write 70877149888 + 0 (0.0651)
17:10:18: INFO [flashield.py:170 (root)]: 	w08.oracleGeneral.bin-0.01-FIFO-True n_req: 6000000, n_miss: 5882253, miss ratio: 0.9804, disk write 70877149888 + 0 (0.0651)
17:12:01: INFO [flashield.py:170 (root)]: 	w08.oracleGeneral.bin-0.01-FIFO-True n_req: 7000000, n_miss: 6876758, miss ratio: 0.9824, disk write 70877149888 + 0 (0.0651)
17:13:44: INFO [flashield.py:170 (root)]: 	w08.oracleGeneral.bin-0.01-FIFO-True n_req: 8000000, n_miss: 7870716, miss ratio: 0.9838, disk write 70877149888 + 0 (0.0651)
17:15:27: INFO [flashield.py:170 (root)]: 	w08.oracleGeneral.bin-0.01-FIFO-True n_req: 9000000, n_miss: 8864054, miss ratio: 0.9849, disk write 70877149888 + 0 (0.0651)
17:17:08: INFO [flashield.py:170 (root)]: 	w08.oracleGeneral.bin-0.01-FIFO-True n_req: 10000000, n_miss: 9823040, miss ratio: 0.9823, disk write 70877149888 + 0 (0.0651)
17:18:51: INFO [flashield.py:170 (root)]: 	w08.oracleGeneral.bin-0.01-FIFO-True n_req: 11000000, n_miss: 10795360, miss ratio: 0.9814, disk write 70877149888 + 0 (0.0651)
17:20:32: INFO [flashield.py:170 (root)]: 	w08.oracleGeneral.bin-0.01-FIFO-True n_req: 12000000, n_miss: 11771454, miss ratio: 0.9810, disk write 70877149888 + 0 (0.0651)
17:22:15: INFO [flashield.py:170 (root)]: 	w08.oracleGeneral.bin-0.01-FIFO-True n_req: 13000000, n_miss: 12765933, miss ratio: 0.9820, disk write 70877149888 + 0 (0.0651)
17:23:58: INFO [flashield.py:170 (root)]: 	w08.oracleGeneral.bin-0.01-FIFO-True n_req: 14000000, n_miss: 13760943, miss ratio: 0.9829, disk write 70877149888 + 0 (0.0651)
17:25:42: INFO [flashield.py:170 (root)]: 	w08.oracleGeneral.bin-0.01-FIFO-True n_req: 15000000, n_miss: 14751162, miss ratio: 0.9834, disk write 70877149888 + 0 (0.0651)
17:27:27: INFO [flashield.py:170 (root)]: 	w08.oracleGeneral.bin-0.01-FIFO-True n_req: 16000000, n_miss: 15739254, miss ratio: 0.9837, disk write 70877149888 + 0 (0.0651)
17:29:13: INFO [flashield.py:170 (root)]: 	w08.oracleGeneral.bin-0.01-FIFO-True n_req: 17000000, n_miss: 16737248, miss ratio: 0.9845, disk write 70877149888 + 0 (0.0651)
17:30:57: INFO [flashield.py:170 (root)]: 	w08.oracleGeneral.bin-0.01-FIFO-True n_req: 18000000, n_miss: 17717232, miss ratio: 0.9843, disk write 70877149888 + 0 (0.0651)
17:32:43: INFO [flashield.py:170 (root)]: 	w08.oracleGeneral.bin-0.01-FIFO-True n_req: 19000000, n_miss: 18710820, miss ratio: 0.9848, disk write 70877149888 + 0 (0.0651)
17:34:29: INFO [flashield.py:170 (root)]: 	w08.oracleGeneral.bin-0.01-FIFO-True n_req: 20000000, n_miss: 19709717, miss ratio: 0.9855, disk write 70877149888 + 0 (0.0651)
17:36:11: INFO [flashield.py:170 (root)]: 	w08.oracleGeneral.bin-0.01-FIFO-True n_req: 21000000, n_miss: 20681621, miss ratio: 0.9848, disk write 70877149888 + 0 (0.0651)
17:37:55: INFO [flashield.py:170 (root)]: 	w08.oracleGeneral.bin-0.01-FIFO-True n_req: 22000000, n_miss: 21675214, miss ratio: 0.9852, disk write 70877149888 + 0 (0.0651)
17:39:38: INFO [flashield.py:170 (root)]: 	w08.oracleGeneral.bin-0.01-FIFO-True n_req: 23000000, n_miss: 22668391, miss ratio: 0.9856, disk write 70877149888 + 0 (0.0651)
17:41:21: INFO [flashield.py:170 (root)]: 	w08.oracleGeneral.bin-0.01-FIFO-True n_req: 24000000, n_miss: 23662616, miss ratio: 0.9859, disk write 70877149888 + 0 (0.0651)
17:43:04: INFO [flashield.py:170 (root)]: 	w08.oracleGeneral.bin-0.01-FIFO-True n_req: 25000000, n_miss: 24643366, miss ratio: 0.9857, disk write 70877149888 + 0 (0.0651)
17:44:45: INFO [flashield.py:170 (root)]: 	w08.oracleGeneral.bin-0.01-FIFO-True n_req: 26000000, n_miss: 25605218, miss ratio: 0.9848, disk write 70877149888 + 0 (0.0651)
17:46:27: INFO [flashield.py:170 (root)]: 	w08.oracleGeneral.bin-0.01-FIFO-True n_req: 27000000, n_miss: 26587624, miss ratio: 0.9847, disk write 70877149888 + 0 (0.0651)
17:48:10: INFO [flashield.py:170 (root)]: 	w08.oracleGeneral.bin-0.01-FIFO-True n_req: 28000000, n_miss: 27580586, miss ratio: 0.9850, disk write 70877149888 + 0 (0.0651)
17:49:54: INFO [flashield.py:170 (root)]: 	w08.oracleGeneral.bin-0.01-FIFO-True n_req: 29000000, n_miss: 28575203, miss ratio: 0.9854, disk write 70877149888 + 0 (0.0651)
17:51:37: INFO [flashield.py:170 (root)]: 	w08.oracleGeneral.bin-0.01-FIFO-True n_req: 30000000, n_miss: 29560159, miss ratio: 0.9853, disk write 70877149888 + 0 (0.0651)
17:53:20: INFO [flashield.py:170 (root)]: 	w08.oracleGeneral.bin-0.01-FIFO-True n_req: 31000000, n_miss: 30535793, miss ratio: 0.9850, disk write 70877149888 + 0 (0.0651)
17:55:02: INFO [flashield.py:170 (root)]: 	w08.oracleGeneral.bin-0.01-FIFO-True n_req: 32000000, n_miss: 31495563, miss ratio: 0.9842, disk write 70877149888 + 0 (0.0651)
17:56:44: INFO [flashield.py:170 (root)]: 	w08.oracleGeneral.bin-0.01-FIFO-True n_req: 33000000, n_miss: 32466973, miss ratio: 0.9838, disk write 70877149888 + 0 (0.0651)
17:58:27: INFO [flashield.py:170 (root)]: 	w08.oracleGeneral.bin-0.01-FIFO-True n_req: 34000000, n_miss: 33449294, miss ratio: 0.9838, disk write 70877149888 + 0 (0.0651)
18:00:11: INFO [flashield.py:170 (root)]: 	w08.oracleGeneral.bin-0.01-FIFO-True n_req: 35000000, n_miss: 34431412, miss ratio: 0.9838, disk write 70877149888 + 0 (0.0651)
18:01:53: INFO [flashield.py:170 (root)]: 	w08.oracleGeneral.bin-0.01-FIFO-True n_req: 36000000, n_miss: 35411713, miss ratio: 0.9837, disk write 70877149888 + 0 (0.0651)
18:03:37: INFO [flashield.py:170 (root)]: 	w08.oracleGeneral.bin-0.01-FIFO-True n_req: 37000000, n_miss: 36405266, miss ratio: 0.9839, disk write 70877149888 + 0 (0.0651)
18:05:20: INFO [flashield.py:170 (root)]: 	w08.oracleGeneral.bin-0.01-FIFO-True n_req: 38000000, n_miss: 37386797, miss ratio: 0.9839, disk write 70877149888 + 0 (0.0651)
18:07:04: INFO [flashield.py:170 (root)]: 	w08.oracleGeneral.bin-0.01-FIFO-True n_req: 39000000, n_miss: 38356246, miss ratio: 0.9835, disk write 70877149888 + 0 (0.0651)
18:08:46: INFO [flashield.py:170 (root)]: 	w08.oracleGeneral.bin-0.01-FIFO-True n_req: 40000000, n_miss: 39344350, miss ratio: 0.9836, disk write 70877149888 + 0 (0.0651)
18:10:30: INFO [flashield.py:170 (root)]: 	w08.oracleGeneral.bin-0.01-FIFO-True n_req: 41000000, n_miss: 40330314, miss ratio: 0.9837, disk write 70877149888 + 0 (0.0651)
18:12:14: INFO [flashield.py:170 (root)]: 	w08.oracleGeneral.bin-0.01-FIFO-True n_req: 42000000, n_miss: 41320916, miss ratio: 0.9838, disk write 70877149888 + 0 (0.0651)
18:13:56: INFO [flashield.py:170 (root)]: 	w08.oracleGeneral.bin-0.01-FIFO-True n_req: 43000000, n_miss: 42299934, miss ratio: 0.9837, disk write 70877149888 + 0 (0.0651)
18:15:40: INFO [flashield.py:170 (root)]: 	w08.oracleGeneral.bin-0.01-FIFO-True n_req: 44000000, n_miss: 43272424, miss ratio: 0.9835, disk write 70877149888 + 0 (0.0651)
18:16:27: INFO [flashield.py:182 (root)]: 	w08.oracleGeneral.bin-0.01-FIFO-True n_req: 44464937, n_miss: 43717600, miss ratio: 0.9832, disk write 70877149888 + 0 (0.0651)
