16:59:45: INFO [flashield.py:220 (root)]: 	calculating wss for w09.oracleGeneral.bin
17:00:20: INFO [flashield.py:228 (root)]: 	w09.oracleGeneral.bin wss_obj: 14867471, wss_byte: 1133869971456
17:00:20: INFO [cache.py:19 (cache)]: 	create Flashield cache with size 11338699714
17:00:20: INFO [cache.py:19 (cache)]: 	create LRU cache with size 113386997
17:00:20: INFO [cache.py:19 (cache)]: 	create FIFO cache with size 11225312717
17:00:21: INFO [flashield.py:37 (root)]: 	w09.oracleGeneral.bin Training Flashield...
17:00:21: INFO [flashield.py:42 (root)]: 	w09.oracleGeneral.bin Training Flashield: 145285 features 145285 labels ...
17:00:21: INFO [flashield.py:55 (root)]: 	w09.oracleGeneral.bin finish training
17:00:30: INFO [flashield.py:170 (root)]: 	w09.oracleGeneral.bin-0.01-FIFO-True n_req: 1000000, n_miss: 347566, miss ratio: 0.3476, disk write 18381303808 + 0 (0.0162)
17:01:08: INFO [flashield.py:170 (root)]: 	w09.oracleGeneral.bin-0.01-FIFO-True n_req: 2000000, n_miss: 692329, miss ratio: 0.3462, disk write 18381303808 + 0 (0.0162)
17:02:12: INFO [flashield.py:170 (root)]: 	w09.oracleGeneral.bin-0.01-FIFO-True n_req: 3000000, n_miss: 1289684, miss ratio: 0.4299, disk write 18381303808 + 0 (0.0162)
17:03:00: INFO [flashield.py:170 (root)]: 	w09.oracleGeneral.bin-0.01-FIFO-True n_req: 4000000, n_miss: 1736966, miss ratio: 0.4342, disk write 18381303808 + 0 (0.0162)
17:04:01: INFO [flashield.py:170 (root)]: 	w09.oracleGeneral.bin-0.01-FIFO-True n_req: 5000000, n_miss: 2287893, miss ratio: 0.4576, disk write 18381303808 + 0 (0.0162)
17:05:03: INFO [flashield.py:170 (root)]: 	w09.oracleGeneral.bin-0.01-FIFO-True n_req: 6000000, n_miss: 2851418, miss ratio: 0.4752, disk write 18381303808 + 0 (0.0162)
17:06:07: INFO [flashield.py:170 (root)]: 	w09.oracleGeneral.bin-0.01-FIFO-True n_req: 7000000, n_miss: 3425666, miss ratio: 0.4894, disk write 18381303808 + 0 (0.0162)
17:07:09: INFO [flashield.py:170 (root)]: 	w09.oracleGeneral.bin-0.01-FIFO-True n_req: 8000000, n_miss: 3996844, miss ratio: 0.4996, disk write 18381303808 + 0 (0.0162)
17:08:15: INFO [flashield.py:170 (root)]: 	w09.oracleGeneral.bin-0.01-FIFO-True n_req: 9000000, n_miss: 4597929, miss ratio: 0.5109, disk write 18381303808 + 0 (0.0162)
17:08:55: INFO [flashield.py:170 (root)]: 	w09.oracleGeneral.bin-0.01-FIFO-True n_req: 10000000, n_miss: 4961929, miss ratio: 0.4962, disk write 18381303808 + 0 (0.0162)
17:10:00: INFO [flashield.py:170 (root)]: 	w09.oracleGeneral.bin-0.01-FIFO-True n_req: 11000000, n_miss: 5560940, miss ratio: 0.5055, disk write 18381303808 + 0 (0.0162)
17:10:44: INFO [flashield.py:170 (root)]: 	w09.oracleGeneral.bin-0.01-FIFO-True n_req: 12000000, n_miss: 5953000, miss ratio: 0.4961, disk write 18381303808 + 0 (0.0162)
17:11:28: INFO [flashield.py:170 (root)]: 	w09.oracleGeneral.bin-0.01-FIFO-True n_req: 13000000, n_miss: 6353001, miss ratio: 0.4887, disk write 18381303808 + 0 (0.0162)
17:12:13: INFO [flashield.py:170 (root)]: 	w09.oracleGeneral.bin-0.01-FIFO-True n_req: 14000000, n_miss: 6765628, miss ratio: 0.4833, disk write 18381303808 + 0 (0.0162)
17:13:03: INFO [flashield.py:170 (root)]: 	w09.oracleGeneral.bin-0.01-FIFO-True n_req: 15000000, n_miss: 7223339, miss ratio: 0.4816, disk write 18381303808 + 0 (0.0162)
17:14:22: INFO [flashield.py:170 (root)]: 	w09.oracleGeneral.bin-0.01-FIFO-True n_req: 16000000, n_miss: 7951410, miss ratio: 0.4970, disk write 18381303808 + 0 (0.0162)
17:15:45: INFO [flashield.py:170 (root)]: 	w09.oracleGeneral.bin-0.01-FIFO-True n_req: 17000000, n_miss: 8721305, miss ratio: 0.5130, disk write 18381303808 + 0 (0.0162)
17:16:55: INFO [flashield.py:170 (root)]: 	w09.oracleGeneral.bin-0.01-FIFO-True n_req: 18000000, n_miss: 9373876, miss ratio: 0.5208, disk write 18381303808 + 0 (0.0162)
17:18:08: INFO [flashield.py:170 (root)]: 	w09.oracleGeneral.bin-0.01-FIFO-True n_req: 19000000, n_miss: 10048112, miss ratio: 0.5288, disk write 18381303808 + 0 (0.0162)
17:19:49: INFO [flashield.py:170 (root)]: 	w09.oracleGeneral.bin-0.01-FIFO-True n_req: 20000000, n_miss: 10994490, miss ratio: 0.5497, disk write 18381303808 + 0 (0.0162)
17:21:30: INFO [flashield.py:170 (root)]: 	w09.oracleGeneral.bin-0.01-FIFO-True n_req: 21000000, n_miss: 11937047, miss ratio: 0.5684, disk write 18381303808 + 0 (0.0162)
17:23:13: INFO [flashield.py:170 (root)]: 	w09.oracleGeneral.bin-0.01-FIFO-True n_req: 22000000, n_miss: 12893575, miss ratio: 0.5861, disk write 18381303808 + 0 (0.0162)
17:24:55: INFO [flashield.py:170 (root)]: 	w09.oracleGeneral.bin-0.01-FIFO-True n_req: 23000000, n_miss: 13845116, miss ratio: 0.6020, disk write 18381303808 + 0 (0.0162)
17:26:38: INFO [flashield.py:170 (root)]: 	w09.oracleGeneral.bin-0.01-FIFO-True n_req: 24000000, n_miss: 14800974, miss ratio: 0.6167, disk write 18381303808 + 0 (0.0162)
17:28:16: INFO [flashield.py:170 (root)]: 	w09.oracleGeneral.bin-0.01-FIFO-True n_req: 25000000, n_miss: 15737728, miss ratio: 0.6295, disk write 18381303808 + 0 (0.0162)
17:29:58: INFO [flashield.py:170 (root)]: 	w09.oracleGeneral.bin-0.01-FIFO-True n_req: 26000000, n_miss: 16687166, miss ratio: 0.6418, disk write 18381303808 + 0 (0.0162)
17:31:39: INFO [flashield.py:170 (root)]: 	w09.oracleGeneral.bin-0.01-FIFO-True n_req: 27000000, n_miss: 17642548, miss ratio: 0.6534, disk write 18381303808 + 0 (0.0162)
17:32:50: INFO [flashield.py:170 (root)]: 	w09.oracleGeneral.bin-0.01-FIFO-True n_req: 28000000, n_miss: 18285497, miss ratio: 0.6531, disk write 18381303808 + 0 (0.0162)
17:34:15: INFO [flashield.py:170 (root)]: 	w09.oracleGeneral.bin-0.01-FIFO-True n_req: 29000000, n_miss: 19081776, miss ratio: 0.6580, disk write 18381303808 + 0 (0.0162)
17:35:39: INFO [flashield.py:170 (root)]: 	w09.oracleGeneral.bin-0.01-FIFO-True n_req: 30000000, n_miss: 19871393, miss ratio: 0.6624, disk write 18381303808 + 0 (0.0162)
17:36:39: INFO [flashield.py:170 (root)]: 	w09.oracleGeneral.bin-0.01-FIFO-True n_req: 31000000, n_miss: 20421085, miss ratio: 0.6587, disk write 18381303808 + 0 (0.0162)
17:37:19: INFO [flashield.py:170 (root)]: 	w09.oracleGeneral.bin-0.01-FIFO-True n_req: 32000000, n_miss: 20790744, miss ratio: 0.6497, disk write 18381303808 + 0 (0.0162)
17:38:03: INFO [flashield.py:170 (root)]: 	w09.oracleGeneral.bin-0.01-FIFO-True n_req: 33000000, n_miss: 21188420, miss ratio: 0.6421, disk write 18381303808 + 0 (0.0162)
17:38:48: INFO [flashield.py:170 (root)]: 	w09.oracleGeneral.bin-0.01-FIFO-True n_req: 34000000, n_miss: 21594411, miss ratio: 0.6351, disk write 18381303808 + 0 (0.0162)
17:39:49: INFO [flashield.py:170 (root)]: 	w09.oracleGeneral.bin-0.01-FIFO-True n_req: 35000000, n_miss: 22152203, miss ratio: 0.6329, disk write 18381303808 + 0 (0.0162)
17:40:43: INFO [flashield.py:170 (root)]: 	w09.oracleGeneral.bin-0.01-FIFO-True n_req: 36000000, n_miss: 22650552, miss ratio: 0.6292, disk write 18381303808 + 0 (0.0162)
17:41:49: INFO [flashield.py:170 (root)]: 	w09.oracleGeneral.bin-0.01-FIFO-True n_req: 37000000, n_miss: 23255754, miss ratio: 0.6285, disk write 18381303808 + 0 (0.0162)
17:43:05: INFO [flashield.py:170 (root)]: 	w09.oracleGeneral.bin-0.01-FIFO-True n_req: 38000000, n_miss: 23968357, miss ratio: 0.6307, disk write 18381303808 + 0 (0.0162)
17:44:19: INFO [flashield.py:170 (root)]: 	w09.oracleGeneral.bin-0.01-FIFO-True n_req: 39000000, n_miss: 24652162, miss ratio: 0.6321, disk write 18381303808 + 0 (0.0162)
17:45:03: INFO [flashield.py:170 (root)]: 	w09.oracleGeneral.bin-0.01-FIFO-True n_req: 40000000, n_miss: 25053470, miss ratio: 0.6263, disk write 18381303808 + 0 (0.0162)
17:45:48: INFO [flashield.py:170 (root)]: 	w09.oracleGeneral.bin-0.01-FIFO-True n_req: 41000000, n_miss: 25469213, miss ratio: 0.6212, disk write 18381303808 + 0 (0.0162)
17:46:31: INFO [flashield.py:170 (root)]: 	w09.oracleGeneral.bin-0.01-FIFO-True n_req: 42000000, n_miss: 25863765, miss ratio: 0.6158, disk write 18381303808 + 0 (0.0162)
17:47:31: INFO [flashield.py:170 (root)]: 	w09.oracleGeneral.bin-0.01-FIFO-True n_req: 43000000, n_miss: 26410921, miss ratio: 0.6142, disk write 18381303808 + 0 (0.0162)
17:48:25: INFO [flashield.py:170 (root)]: 	w09.oracleGeneral.bin-0.01-FIFO-True n_req: 44000000, n_miss: 26910618, miss ratio: 0.6116, disk write 18381303808 + 0 (0.0162)
17:49:16: INFO [flashield.py:170 (root)]: 	w09.oracleGeneral.bin-0.01-FIFO-True n_req: 45000000, n_miss: 27380366, miss ratio: 0.6085, disk write 18381303808 + 0 (0.0162)
17:50:24: INFO [flashield.py:170 (root)]: 	w09.oracleGeneral.bin-0.01-FIFO-True n_req: 46000000, n_miss: 28017281, miss ratio: 0.6091, disk write 18381303808 + 0 (0.0162)
17:51:27: INFO [flashield.py:170 (root)]: 	w09.oracleGeneral.bin-0.01-FIFO-True n_req: 47000000, n_miss: 28599120, miss ratio: 0.6085, disk write 18381303808 + 0 (0.0162)
17:52:32: INFO [flashield.py:170 (root)]: 	w09.oracleGeneral.bin-0.01-FIFO-True n_req: 48000000, n_miss: 29194037, miss ratio: 0.6082, disk write 18381303808 + 0 (0.0162)
17:53:37: INFO [flashield.py:170 (root)]: 	w09.oracleGeneral.bin-0.01-FIFO-True n_req: 49000000, n_miss: 29798179, miss ratio: 0.6081, disk write 18381303808 + 0 (0.0162)
17:54:17: INFO [flashield.py:182 (root)]: 	w09.oracleGeneral.bin-0.01-FIFO-True n_req: 49622929, n_miss: 30166016, miss ratio: 0.6079, disk write 18381303808 + 0 (0.0162)
