16:59:45: INFO [flashield.py:220 (root)]: 	calculating wss for w10.oracleGeneral.bin
17:00:24: INFO [flashield.py:228 (root)]: 	w10.oracleGeneral.bin wss_obj: 12529804, wss_byte: 1567400145920
17:00:24: INFO [cache.py:19 (cache)]: 	create Flashield cache with size 15674001459
17:00:24: INFO [cache.py:19 (cache)]: 	create LRU cache with size 156740014
17:00:24: INFO [cache.py:19 (cache)]: 	create FIFO cache with size 15517261445
17:00:27: INFO [flashield.py:170 (root)]: 	w10.oracleGeneral.bin-0.01-FIFO-True n_req: 1000000, n_miss: 895451, miss ratio: 0.8955, disk write 44235087872 + 0 (0.0282)
17:00:30: INFO [flashield.py:170 (root)]: 	w10.oracleGeneral.bin-0.01-FIFO-True n_req: 2000000, n_miss: 1855547, miss ratio: 0.9278, disk write 102705769984 + 0 (0.0655)
17:00:31: INFO [flashield.py:37 (root)]: 	w10.oracleGeneral.bin Training Flashield...
17:00:31: INFO [flashield.py:42 (root)]: 	w10.oracleGeneral.bin Training Flashield: 662910 features 662910 labels ...
17:00:31: INFO [flashield.py:55 (root)]: 	w10.oracleGeneral.bin finish training
17:01:28: INFO [flashield.py:170 (root)]: 	w10.oracleGeneral.bin-0.01-FIFO-True n_req: 3000000, n_miss: 2609551, miss ratio: 0.8699, disk write 112764207104 + 0 (0.0719)
17:02:47: INFO [flashield.py:170 (root)]: 	w10.oracleGeneral.bin-0.01-FIFO-True n_req: 4000000, n_miss: 3352428, miss ratio: 0.8381, disk write 112764207104 + 0 (0.0719)
17:03:55: INFO [flashield.py:170 (root)]: 	w10.oracleGeneral.bin-0.01-FIFO-True n_req: 5000000, n_miss: 3996283, miss ratio: 0.7993, disk write 112764207104 + 0 (0.0719)
17:05:26: INFO [flashield.py:170 (root)]: 	w10.oracleGeneral.bin-0.01-FIFO-True n_req: 6000000, n_miss: 4877112, miss ratio: 0.8129, disk write 112764207104 + 0 (0.0719)
17:06:34: INFO [flashield.py:170 (root)]: 	w10.oracleGeneral.bin-0.01-FIFO-True n_req: 7000000, n_miss: 5523537, miss ratio: 0.7891, disk write 112764207104 + 0 (0.0719)
17:07:59: INFO [flashield.py:170 (root)]: 	w10.oracleGeneral.bin-0.01-FIFO-True n_req: 8000000, n_miss: 6341928, miss ratio: 0.7927, disk write 112764207104 + 0 (0.0719)
17:09:28: INFO [flashield.py:170 (root)]: 	w10.oracleGeneral.bin-0.01-FIFO-True n_req: 9000000, n_miss: 7191789, miss ratio: 0.7991, disk write 112764207104 + 0 (0.0719)
17:10:54: INFO [flashield.py:170 (root)]: 	w10.oracleGeneral.bin-0.01-FIFO-True n_req: 10000000, n_miss: 8012689, miss ratio: 0.8013, disk write 112764207104 + 0 (0.0719)
17:12:10: INFO [flashield.py:170 (root)]: 	w10.oracleGeneral.bin-0.01-FIFO-True n_req: 11000000, n_miss: 8743475, miss ratio: 0.7949, disk write 112764207104 + 0 (0.0719)
17:13:20: INFO [flashield.py:170 (root)]: 	w10.oracleGeneral.bin-0.01-FIFO-True n_req: 12000000, n_miss: 9397812, miss ratio: 0.7832, disk write 112764207104 + 0 (0.0719)
17:14:46: INFO [flashield.py:170 (root)]: 	w10.oracleGeneral.bin-0.01-FIFO-True n_req: 13000000, n_miss: 10227545, miss ratio: 0.7867, disk write 112764207104 + 0 (0.0719)
17:16:03: INFO [flashield.py:170 (root)]: 	w10.oracleGeneral.bin-0.01-FIFO-True n_req: 14000000, n_miss: 10956016, miss ratio: 0.7826, disk write 112764207104 + 0 (0.0719)
17:17:36: INFO [flashield.py:170 (root)]: 	w10.oracleGeneral.bin-0.01-FIFO-True n_req: 15000000, n_miss: 11834212, miss ratio: 0.7889, disk write 112764207104 + 0 (0.0719)
17:18:51: INFO [flashield.py:170 (root)]: 	w10.oracleGeneral.bin-0.01-FIFO-True n_req: 16000000, n_miss: 12543793, miss ratio: 0.7840, disk write 112764207104 + 0 (0.0719)
17:20:15: INFO [flashield.py:170 (root)]: 	w10.oracleGeneral.bin-0.01-FIFO-True n_req: 17000000, n_miss: 13335127, miss ratio: 0.7844, disk write 112764207104 + 0 (0.0719)
17:21:44: INFO [flashield.py:170 (root)]: 	w10.oracleGeneral.bin-0.01-FIFO-True n_req: 18000000, n_miss: 14185872, miss ratio: 0.7881, disk write 112764207104 + 0 (0.0719)
17:23:07: INFO [flashield.py:170 (root)]: 	w10.oracleGeneral.bin-0.01-FIFO-True n_req: 19000000, n_miss: 14976434, miss ratio: 0.7882, disk write 112764207104 + 0 (0.0719)
17:24:33: INFO [flashield.py:170 (root)]: 	w10.oracleGeneral.bin-0.01-FIFO-True n_req: 20000000, n_miss: 15778261, miss ratio: 0.7889, disk write 112764207104 + 0 (0.0719)
17:25:45: INFO [flashield.py:170 (root)]: 	w10.oracleGeneral.bin-0.01-FIFO-True n_req: 21000000, n_miss: 16464044, miss ratio: 0.7840, disk write 112764207104 + 0 (0.0719)
17:26:51: INFO [flashield.py:170 (root)]: 	w10.oracleGeneral.bin-0.01-FIFO-True n_req: 22000000, n_miss: 17075754, miss ratio: 0.7762, disk write 112764207104 + 0 (0.0719)
17:28:06: INFO [flashield.py:170 (root)]: 	w10.oracleGeneral.bin-0.01-FIFO-True n_req: 23000000, n_miss: 17785718, miss ratio: 0.7733, disk write 112764207104 + 0 (0.0719)
17:29:38: INFO [flashield.py:170 (root)]: 	w10.oracleGeneral.bin-0.01-FIFO-True n_req: 24000000, n_miss: 18670401, miss ratio: 0.7779, disk write 112764207104 + 0 (0.0719)
17:30:48: INFO [flashield.py:170 (root)]: 	w10.oracleGeneral.bin-0.01-FIFO-True n_req: 25000000, n_miss: 19324246, miss ratio: 0.7730, disk write 112764207104 + 0 (0.0719)
17:32:26: INFO [flashield.py:170 (root)]: 	w10.oracleGeneral.bin-0.01-FIFO-True n_req: 26000000, n_miss: 20250103, miss ratio: 0.7789, disk write 112764207104 + 0 (0.0719)
17:33:48: INFO [flashield.py:170 (root)]: 	w10.oracleGeneral.bin-0.01-FIFO-True n_req: 27000000, n_miss: 21030396, miss ratio: 0.7789, disk write 112764207104 + 0 (0.0719)
17:35:01: INFO [flashield.py:170 (root)]: 	w10.oracleGeneral.bin-0.01-FIFO-True n_req: 28000000, n_miss: 21720522, miss ratio: 0.7757, disk write 112764207104 + 0 (0.0719)
17:36:14: INFO [flashield.py:170 (root)]: 	w10.oracleGeneral.bin-0.01-FIFO-True n_req: 29000000, n_miss: 22410320, miss ratio: 0.7728, disk write 112764207104 + 0 (0.0719)
17:37:39: INFO [flashield.py:170 (root)]: 	w10.oracleGeneral.bin-0.01-FIFO-True n_req: 30000000, n_miss: 23217770, miss ratio: 0.7739, disk write 112764207104 + 0 (0.0719)
17:39:22: INFO [flashield.py:170 (root)]: 	w10.oracleGeneral.bin-0.01-FIFO-True n_req: 31000000, n_miss: 24210410, miss ratio: 0.7810, disk write 112764207104 + 0 (0.0719)
17:41:07: INFO [flashield.py:170 (root)]: 	w10.oracleGeneral.bin-0.01-FIFO-True n_req: 32000000, n_miss: 25204503, miss ratio: 0.7876, disk write 112764207104 + 0 (0.0719)
17:42:43: INFO [flashield.py:170 (root)]: 	w10.oracleGeneral.bin-0.01-FIFO-True n_req: 33000000, n_miss: 26117722, miss ratio: 0.7914, disk write 112764207104 + 0 (0.0719)
17:44:23: INFO [flashield.py:170 (root)]: 	w10.oracleGeneral.bin-0.01-FIFO-True n_req: 34000000, n_miss: 27075943, miss ratio: 0.7964, disk write 112764207104 + 0 (0.0719)
17:45:46: INFO [flashield.py:170 (root)]: 	w10.oracleGeneral.bin-0.01-FIFO-True n_req: 35000000, n_miss: 27859966, miss ratio: 0.7960, disk write 112764207104 + 0 (0.0719)
17:47:10: INFO [flashield.py:170 (root)]: 	w10.oracleGeneral.bin-0.01-FIFO-True n_req: 36000000, n_miss: 28664358, miss ratio: 0.7962, disk write 112764207104 + 0 (0.0719)
17:48:36: INFO [flashield.py:170 (root)]: 	w10.oracleGeneral.bin-0.01-FIFO-True n_req: 37000000, n_miss: 29490678, miss ratio: 0.7970, disk write 112764207104 + 0 (0.0719)
17:49:58: INFO [flashield.py:170 (root)]: 	w10.oracleGeneral.bin-0.01-FIFO-True n_req: 38000000, n_miss: 30274688, miss ratio: 0.7967, disk write 112764207104 + 0 (0.0719)
17:51:17: INFO [flashield.py:170 (root)]: 	w10.oracleGeneral.bin-0.01-FIFO-True n_req: 39000000, n_miss: 31023676, miss ratio: 0.7955, disk write 112764207104 + 0 (0.0719)
17:52:36: INFO [flashield.py:170 (root)]: 	w10.oracleGeneral.bin-0.01-FIFO-True n_req: 40000000, n_miss: 31781282, miss ratio: 0.7945, disk write 112764207104 + 0 (0.0719)
17:54:07: INFO [flashield.py:170 (root)]: 	w10.oracleGeneral.bin-0.01-FIFO-True n_req: 41000000, n_miss: 32640180, miss ratio: 0.7961, disk write 112764207104 + 0 (0.0719)
17:55:33: INFO [flashield.py:170 (root)]: 	w10.oracleGeneral.bin-0.01-FIFO-True n_req: 42000000, n_miss: 33461196, miss ratio: 0.7967, disk write 112764207104 + 0 (0.0719)
17:56:56: INFO [flashield.py:170 (root)]: 	w10.oracleGeneral.bin-0.01-FIFO-True n_req: 43000000, n_miss: 34254725, miss ratio: 0.7966, disk write 112764207104 + 0 (0.0719)
17:58:29: INFO [flashield.py:170 (root)]: 	w10.oracleGeneral.bin-0.01-FIFO-True n_req: 44000000, n_miss: 35140158, miss ratio: 0.7986, disk write 112764207104 + 0 (0.0719)
17:59:50: INFO [flashield.py:170 (root)]: 	w10.oracleGeneral.bin-0.01-FIFO-True n_req: 45000000, n_miss: 35908470, miss ratio: 0.7980, disk write 112764207104 + 0 (0.0719)
18:01:17: INFO [flashield.py:170 (root)]: 	w10.oracleGeneral.bin-0.01-FIFO-True n_req: 46000000, n_miss: 36739757, miss ratio: 0.7987, disk write 112764207104 + 0 (0.0719)
18:02:44: INFO [flashield.py:170 (root)]: 	w10.oracleGeneral.bin-0.01-FIFO-True n_req: 47000000, n_miss: 37565975, miss ratio: 0.7993, disk write 112764207104 + 0 (0.0719)
18:04:13: INFO [flashield.py:170 (root)]: 	w10.oracleGeneral.bin-0.01-FIFO-True n_req: 48000000, n_miss: 38412390, miss ratio: 0.8003, disk write 112764207104 + 0 (0.0719)
18:04:38: INFO [flashield.py:182 (root)]: 	w10.oracleGeneral.bin-0.01-FIFO-True n_req: 48342350, n_miss: 38649295, miss ratio: 0.7995, disk write 112764207104 + 0 (0.0719)
