16:59:45: INFO [flashield.py:220 (root)]: 	calculating wss for w11.oracleGeneral.bin
17:00:23: INFO [flashield.py:228 (root)]: 	w11.oracleGeneral.bin wss_obj: 2644480, wss_byte: 81287552000
17:00:23: INFO [cache.py:19 (cache)]: 	create Flashield cache with size 812875520
17:00:23: INFO [cache.py:19 (cache)]: 	create LRU cache with size 8128755
17:00:23: INFO [cache.py:19 (cache)]: 	create FIFO cache with size 804746765
17:00:23: INFO [flashield.py:37 (root)]: 	w11.oracleGeneral.bin Training Flashield...
17:00:23: INFO [flashield.py:42 (root)]: 	w11.oracleGeneral.bin Training Flashield: 2219 features 2219 labels ...
17:00:23: INFO [flashield.py:55 (root)]: 	w11.oracleGeneral.bin finish training
17:02:04: INFO [flashield.py:170 (root)]: 	w11.oracleGeneral.bin-0.01-FIFO-True n_req: 1000000, n_miss: 975945, miss ratio: 0.9759, disk write 925659136 + 0 (0.0114)
17:03:48: INFO [flashield.py:170 (root)]: 	w11.oracleGeneral.bin-0.01-FIFO-True n_req: 2000000, n_miss: 1967652, miss ratio: 0.9838, disk write 925659136 + 0 (0.0114)
17:05:31: INFO [flashield.py:170 (root)]: 	w11.oracleGeneral.bin-0.01-FIFO-True n_req: 3000000, n_miss: 2952515, miss ratio: 0.9842, disk write 925659136 + 0 (0.0114)
17:07:15: INFO [flashield.py:170 (root)]: 	w11.oracleGeneral.bin-0.01-FIFO-True n_req: 4000000, n_miss: 3940105, miss ratio: 0.9850, disk write 925659136 + 0 (0.0114)
17:08:59: INFO [flashield.py:170 (root)]: 	w11.oracleGeneral.bin-0.01-FIFO-True n_req: 5000000, n_miss: 4929563, miss ratio: 0.9859, disk write 925659136 + 0 (0.0114)
17:10:43: INFO [flashield.py:170 (root)]: 	w11.oracleGeneral.bin-0.01-FIFO-True n_req: 6000000, n_miss: 5917853, miss ratio: 0.9863, disk write 925659136 + 0 (0.0114)
17:12:27: INFO [flashield.py:170 (root)]: 	w11.oracleGeneral.bin-0.01-FIFO-True n_req: 7000000, n_miss: 6908194, miss ratio: 0.9869, disk write 925659136 + 0 (0.0114)
17:14:10: INFO [flashield.py:170 (root)]: 	w11.oracleGeneral.bin-0.01-FIFO-True n_req: 8000000, n_miss: 7895785, miss ratio: 0.9870, disk write 925659136 + 0 (0.0114)
17:15:53: INFO [flashield.py:170 (root)]: 	w11.oracleGeneral.bin-0.01-FIFO-True n_req: 9000000, n_miss: 8883613, miss ratio: 0.9871, disk write 925659136 + 0 (0.0114)
17:17:37: INFO [flashield.py:170 (root)]: 	w11.oracleGeneral.bin-0.01-FIFO-True n_req: 10000000, n_miss: 9873599, miss ratio: 0.9874, disk write 925659136 + 0 (0.0114)
17:19:20: INFO [flashield.py:170 (root)]: 	w11.oracleGeneral.bin-0.01-FIFO-True n_req: 11000000, n_miss: 10863674, miss ratio: 0.9876, disk write 925659136 + 0 (0.0114)
17:21:04: INFO [flashield.py:170 (root)]: 	w11.oracleGeneral.bin-0.01-FIFO-True n_req: 12000000, n_miss: 11851979, miss ratio: 0.9877, disk write 925659136 + 0 (0.0114)
17:22:48: INFO [flashield.py:170 (root)]: 	w11.oracleGeneral.bin-0.01-FIFO-True n_req: 13000000, n_miss: 12844120, miss ratio: 0.9880, disk write 925659136 + 0 (0.0114)
17:24:32: INFO [flashield.py:170 (root)]: 	w11.oracleGeneral.bin-0.01-FIFO-True n_req: 14000000, n_miss: 13832806, miss ratio: 0.9881, disk write 925659136 + 0 (0.0114)
17:26:16: INFO [flashield.py:170 (root)]: 	w11.oracleGeneral.bin-0.01-FIFO-True n_req: 15000000, n_miss: 14824304, miss ratio: 0.9883, disk write 925659136 + 0 (0.0114)
17:28:00: INFO [flashield.py:170 (root)]: 	w11.oracleGeneral.bin-0.01-FIFO-True n_req: 16000000, n_miss: 15808896, miss ratio: 0.9881, disk write 925659136 + 0 (0.0114)
17:29:45: INFO [flashield.py:170 (root)]: 	w11.oracleGeneral.bin-0.01-FIFO-True n_req: 17000000, n_miss: 16802375, miss ratio: 0.9884, disk write 925659136 + 0 (0.0114)
17:31:29: INFO [flashield.py:170 (root)]: 	w11.oracleGeneral.bin-0.01-FIFO-True n_req: 18000000, n_miss: 17791405, miss ratio: 0.9884, disk write 925659136 + 0 (0.0114)
17:33:13: INFO [flashield.py:170 (root)]: 	w11.oracleGeneral.bin-0.01-FIFO-True n_req: 19000000, n_miss: 18779844, miss ratio: 0.9884, disk write 925659136 + 0 (0.0114)
17:34:58: INFO [flashield.py:170 (root)]: 	w11.oracleGeneral.bin-0.01-FIFO-True n_req: 20000000, n_miss: 19774831, miss ratio: 0.9887, disk write 925659136 + 0 (0.0114)
17:36:43: INFO [flashield.py:170 (root)]: 	w11.oracleGeneral.bin-0.01-FIFO-True n_req: 21000000, n_miss: 20769453, miss ratio: 0.9890, disk write 925659136 + 0 (0.0114)
17:38:28: INFO [flashield.py:170 (root)]: 	w11.oracleGeneral.bin-0.01-FIFO-True n_req: 22000000, n_miss: 21764498, miss ratio: 0.9893, disk write 925659136 + 0 (0.0114)
17:40:14: INFO [flashield.py:170 (root)]: 	w11.oracleGeneral.bin-0.01-FIFO-True n_req: 23000000, n_miss: 22757961, miss ratio: 0.9895, disk write 925659136 + 0 (0.0114)
17:42:00: INFO [flashield.py:170 (root)]: 	w11.oracleGeneral.bin-0.01-FIFO-True n_req: 24000000, n_miss: 23751748, miss ratio: 0.9897, disk write 925659136 + 0 (0.0114)
17:43:46: INFO [flashield.py:170 (root)]: 	w11.oracleGeneral.bin-0.01-FIFO-True n_req: 25000000, n_miss: 24746339, miss ratio: 0.9899, disk write 925659136 + 0 (0.0114)
17:45:32: INFO [flashield.py:170 (root)]: 	w11.oracleGeneral.bin-0.01-FIFO-True n_req: 26000000, n_miss: 25740756, miss ratio: 0.9900, disk write 925659136 + 0 (0.0114)
17:47:17: INFO [flashield.py:170 (root)]: 	w11.oracleGeneral.bin-0.01-FIFO-True n_req: 27000000, n_miss: 26734665, miss ratio: 0.9902, disk write 925659136 + 0 (0.0114)
17:49:02: INFO [flashield.py:170 (root)]: 	w11.oracleGeneral.bin-0.01-FIFO-True n_req: 28000000, n_miss: 27727383, miss ratio: 0.9903, disk write 925659136 + 0 (0.0114)
17:50:48: INFO [flashield.py:170 (root)]: 	w11.oracleGeneral.bin-0.01-FIFO-True n_req: 29000000, n_miss: 28720495, miss ratio: 0.9904, disk write 925659136 + 0 (0.0114)
17:52:33: INFO [flashield.py:170 (root)]: 	w11.oracleGeneral.bin-0.01-FIFO-True n_req: 30000000, n_miss: 29714102, miss ratio: 0.9905, disk write 925659136 + 0 (0.0114)
17:54:18: INFO [flashield.py:170 (root)]: 	w11.oracleGeneral.bin-0.01-FIFO-True n_req: 31000000, n_miss: 30707625, miss ratio: 0.9906, disk write 925659136 + 0 (0.0114)
17:56:04: INFO [flashield.py:170 (root)]: 	w11.oracleGeneral.bin-0.01-FIFO-True n_req: 32000000, n_miss: 31700512, miss ratio: 0.9906, disk write 925659136 + 0 (0.0114)
17:57:49: INFO [flashield.py:170 (root)]: 	w11.oracleGeneral.bin-0.01-FIFO-True n_req: 33000000, n_miss: 32693227, miss ratio: 0.9907, disk write 925659136 + 0 (0.0114)
17:59:34: INFO [flashield.py:170 (root)]: 	w11.oracleGeneral.bin-0.01-FIFO-True n_req: 34000000, n_miss: 33686056, miss ratio: 0.9908, disk write 925659136 + 0 (0.0114)
18:01:19: INFO [flashield.py:170 (root)]: 	w11.oracleGeneral.bin-0.01-FIFO-True n_req: 35000000, n_miss: 34680321, miss ratio: 0.9909, disk write 925659136 + 0 (0.0114)
18:03:05: INFO [flashield.py:170 (root)]: 	w11.oracleGeneral.bin-0.01-FIFO-True n_req: 36000000, n_miss: 35674074, miss ratio: 0.9909, disk write 925659136 + 0 (0.0114)
18:04:50: INFO [flashield.py:170 (root)]: 	w11.oracleGeneral.bin-0.01-FIFO-True n_req: 37000000, n_miss: 36667180, miss ratio: 0.9910, disk write 925659136 + 0 (0.0114)
18:06:35: INFO [flashield.py:170 (root)]: 	w11.oracleGeneral.bin-0.01-FIFO-True n_req: 38000000, n_miss: 37659194, miss ratio: 0.9910, disk write 925659136 + 0 (0.0114)
18:08:20: INFO [flashield.py:170 (root)]: 	w11.oracleGeneral.bin-0.01-FIFO-True n_req: 39000000, n_miss: 38652687, miss ratio: 0.9911, disk write 925659136 + 0 (0.0114)
18:10:05: INFO [flashield.py:170 (root)]: 	w11.oracleGeneral.bin-0.01-FIFO-True n_req: 40000000, n_miss: 39646782, miss ratio: 0.9912, disk write 925659136 + 0 (0.0114)
18:11:51: INFO [flashield.py:170 (root)]: 	w11.oracleGeneral.bin-0.01-FIFO-True n_req: 41000000, n_miss: 40640903, miss ratio: 0.9912, disk write 925659136 + 0 (0.0114)
18:13:36: INFO [flashield.py:170 (root)]: 	w11.oracleGeneral.bin-0.01-FIFO-True n_req: 42000000, n_miss: 41635744, miss ratio: 0.9913, disk write 925659136 + 0 (0.0114)
18:15:22: INFO [flashield.py:170 (root)]: 	w11.oracleGeneral.bin-0.01-FIFO-True n_req: 43000000, n_miss: 42629489, miss ratio: 0.9914, disk write 925659136 + 0 (0.0114)
18:17:07: INFO [flashield.py:170 (root)]: 	w11.oracleGeneral.bin-0.01-FIFO-True n_req: 44000000, n_miss: 43622301, miss ratio: 0.9914, disk write 925659136 + 0 (0.0114)
18:18:52: INFO [flashield.py:170 (root)]: 	w11.oracleGeneral.bin-0.01-FIFO-True n_req: 45000000, n_miss: 44615981, miss ratio: 0.9915, disk write 925659136 + 0 (0.0114)
18:20:37: INFO [flashield.py:170 (root)]: 	w11.oracleGeneral.bin-0.01-FIFO-True n_req: 46000000, n_miss: 45610525, miss ratio: 0.9915, disk write 925659136 + 0 (0.0114)
18:20:56: INFO [flashield.py:182 (root)]: 	w11.oracleGeneral.bin-0.01-FIFO-True n_req: 46173369, n_miss: 45782953, miss ratio: 0.9915, disk write 925659136 + 0 (0.0114)
