16:59:45: INFO [flashield.py:220 (root)]: 	calculating wss for w12.oracleGeneral.bin
17:00:06: INFO [flashield.py:228 (root)]: 	w12.oracleGeneral.bin wss_obj: 417995, wss_byte: 8178838016
17:00:06: INFO [cache.py:19 (cache)]: 	create Flashield cache with size 81788380
17:00:06: INFO [cache.py:19 (cache)]: 	create LRU cache with size 817883
17:00:06: INFO [cache.py:19 (cache)]: 	create FIFO cache with size 80970497
17:00:07: INFO [flashield.py:37 (root)]: 	w12.oracleGeneral.bin Training Flashield...
17:00:07: INFO [flashield.py:42 (root)]: 	w12.oracleGeneral.bin Training Flashield: 14022 features 14022 labels ...
17:00:07: INFO [flashield.py:55 (root)]: 	w12.oracleGeneral.bin finish training
17:00:14: INFO [flashield.py:170 (root)]: 	w12.oracleGeneral.bin-0.01-FIFO-True n_req: 1000000, n_miss: 91526, miss ratio: 0.0915, disk write 226991616 + 0 (0.0278)
17:00:24: INFO [flashield.py:170 (root)]: 	w12.oracleGeneral.bin-0.01-FIFO-True n_req: 2000000, n_miss: 184592, miss ratio: 0.0923, disk write 226991616 + 0 (0.0278)
17:00:33: INFO [flashield.py:170 (root)]: 	w12.oracleGeneral.bin-0.01-FIFO-True n_req: 3000000, n_miss: 260175, miss ratio: 0.0867, disk write 226991616 + 0 (0.0278)
17:00:45: INFO [flashield.py:170 (root)]: 	w12.oracleGeneral.bin-0.01-FIFO-True n_req: 4000000, n_miss: 363304, miss ratio: 0.0908, disk write 226991616 + 0 (0.0278)
17:00:56: INFO [flashield.py:170 (root)]: 	w12.oracleGeneral.bin-0.01-FIFO-True n_req: 5000000, n_miss: 465909, miss ratio: 0.0932, disk write 226991616 + 0 (0.0278)
17:01:06: INFO [flashield.py:170 (root)]: 	w12.oracleGeneral.bin-0.01-FIFO-True n_req: 6000000, n_miss: 554360, miss ratio: 0.0924, disk write 226991616 + 0 (0.0278)
17:01:17: INFO [flashield.py:170 (root)]: 	w12.oracleGeneral.bin-0.01-FIFO-True n_req: 7000000, n_miss: 650775, miss ratio: 0.0930, disk write 226991616 + 0 (0.0278)
17:01:32: INFO [flashield.py:170 (root)]: 	w12.oracleGeneral.bin-0.01-FIFO-True n_req: 8000000, n_miss: 789866, miss ratio: 0.0987, disk write 226991616 + 0 (0.0278)
17:01:42: INFO [flashield.py:170 (root)]: 	w12.oracleGeneral.bin-0.01-FIFO-True n_req: 9000000, n_miss: 874644, miss ratio: 0.0972, disk write 226991616 + 0 (0.0278)
17:01:54: INFO [flashield.py:170 (root)]: 	w12.oracleGeneral.bin-0.01-FIFO-True n_req: 10000000, n_miss: 976558, miss ratio: 0.0977, disk write 226991616 + 0 (0.0278)
17:02:05: INFO [flashield.py:170 (root)]: 	w12.oracleGeneral.bin-0.01-FIFO-True n_req: 11000000, n_miss: 1072672, miss ratio: 0.0975, disk write 226991616 + 0 (0.0278)
17:02:19: INFO [flashield.py:170 (root)]: 	w12.oracleGeneral.bin-0.01-FIFO-True n_req: 12000000, n_miss: 1199739, miss ratio: 0.1000, disk write 226991616 + 0 (0.0278)
17:02:28: INFO [flashield.py:170 (root)]: 	w12.oracleGeneral.bin-0.01-FIFO-True n_req: 13000000, n_miss: 1279594, miss ratio: 0.0984, disk write 226991616 + 0 (0.0278)
17:02:41: INFO [flashield.py:170 (root)]: 	w12.oracleGeneral.bin-0.01-FIFO-True n_req: 14000000, n_miss: 1398176, miss ratio: 0.0999, disk write 226991616 + 0 (0.0278)
17:02:54: INFO [flashield.py:170 (root)]: 	w12.oracleGeneral.bin-0.01-FIFO-True n_req: 15000000, n_miss: 1512418, miss ratio: 0.1008, disk write 226991616 + 0 (0.0278)
17:03:07: INFO [flashield.py:170 (root)]: 	w12.oracleGeneral.bin-0.01-FIFO-True n_req: 16000000, n_miss: 1632077, miss ratio: 0.1020, disk write 226991616 + 0 (0.0278)
17:03:16: INFO [flashield.py:170 (root)]: 	w12.oracleGeneral.bin-0.01-FIFO-True n_req: 17000000, n_miss: 1709160, miss ratio: 0.1005, disk write 226991616 + 0 (0.0278)
17:03:25: INFO [flashield.py:170 (root)]: 	w12.oracleGeneral.bin-0.01-FIFO-True n_req: 18000000, n_miss: 1786616, miss ratio: 0.0993, disk write 226991616 + 0 (0.0278)
17:03:39: INFO [flashield.py:170 (root)]: 	w12.oracleGeneral.bin-0.01-FIFO-True n_req: 19000000, n_miss: 1912256, miss ratio: 0.1006, disk write 226991616 + 0 (0.0278)
17:03:48: INFO [flashield.py:170 (root)]: 	w12.oracleGeneral.bin-0.01-FIFO-True n_req: 20000000, n_miss: 1985697, miss ratio: 0.0993, disk write 226991616 + 0 (0.0278)
17:03:59: INFO [flashield.py:170 (root)]: 	w12.oracleGeneral.bin-0.01-FIFO-True n_req: 21000000, n_miss: 2084332, miss ratio: 0.0993, disk write 226991616 + 0 (0.0278)
17:04:12: INFO [flashield.py:170 (root)]: 	w12.oracleGeneral.bin-0.01-FIFO-True n_req: 22000000, n_miss: 2194176, miss ratio: 0.0997, disk write 226991616 + 0 (0.0278)
17:04:20: INFO [flashield.py:170 (root)]: 	w12.oracleGeneral.bin-0.01-FIFO-True n_req: 23000000, n_miss: 2269612, miss ratio: 0.0987, disk write 226991616 + 0 (0.0278)
17:04:33: INFO [flashield.py:170 (root)]: 	w12.oracleGeneral.bin-0.01-FIFO-True n_req: 24000000, n_miss: 2377877, miss ratio: 0.0991, disk write 226991616 + 0 (0.0278)
17:04:43: INFO [flashield.py:170 (root)]: 	w12.oracleGeneral.bin-0.01-FIFO-True n_req: 25000000, n_miss: 2464626, miss ratio: 0.0986, disk write 226991616 + 0 (0.0278)
17:04:54: INFO [flashield.py:170 (root)]: 	w12.oracleGeneral.bin-0.01-FIFO-True n_req: 26000000, n_miss: 2569762, miss ratio: 0.0988, disk write 226991616 + 0 (0.0278)
17:05:03: INFO [flashield.py:170 (root)]: 	w12.oracleGeneral.bin-0.01-FIFO-True n_req: 27000000, n_miss: 2642906, miss ratio: 0.0979, disk write 226991616 + 0 (0.0278)
17:05:16: INFO [flashield.py:170 (root)]: 	w12.oracleGeneral.bin-0.01-FIFO-True n_req: 28000000, n_miss: 2757815, miss ratio: 0.0985, disk write 226991616 + 0 (0.0278)
17:05:28: INFO [flashield.py:170 (root)]: 	w12.oracleGeneral.bin-0.01-FIFO-True n_req: 29000000, n_miss: 2863644, miss ratio: 0.0987, disk write 226991616 + 0 (0.0278)
17:05:43: INFO [flashield.py:170 (root)]: 	w12.oracleGeneral.bin-0.01-FIFO-True n_req: 30000000, n_miss: 3000131, miss ratio: 0.1000, disk write 226991616 + 0 (0.0278)
17:05:52: INFO [flashield.py:170 (root)]: 	w12.oracleGeneral.bin-0.01-FIFO-True n_req: 31000000, n_miss: 3078378, miss ratio: 0.0993, disk write 226991616 + 0 (0.0278)
17:06:01: INFO [flashield.py:170 (root)]: 	w12.oracleGeneral.bin-0.01-FIFO-True n_req: 32000000, n_miss: 3155672, miss ratio: 0.0986, disk write 226991616 + 0 (0.0278)
17:06:17: INFO [flashield.py:170 (root)]: 	w12.oracleGeneral.bin-0.01-FIFO-True n_req: 33000000, n_miss: 3308233, miss ratio: 0.1002, disk write 226991616 + 0 (0.0278)
17:06:34: INFO [flashield.py:170 (root)]: 	w12.oracleGeneral.bin-0.01-FIFO-True n_req: 34000000, n_miss: 3458488, miss ratio: 0.1017, disk write 226991616 + 0 (0.0278)
17:06:47: INFO [flashield.py:170 (root)]: 	w12.oracleGeneral.bin-0.01-FIFO-True n_req: 35000000, n_miss: 3575340, miss ratio: 0.1022, disk write 226991616 + 0 (0.0278)
17:07:03: INFO [flashield.py:170 (root)]: 	w12.oracleGeneral.bin-0.01-FIFO-True n_req: 36000000, n_miss: 3718846, miss ratio: 0.1033, disk write 226991616 + 0 (0.0278)
17:07:14: INFO [flashield.py:170 (root)]: 	w12.oracleGeneral.bin-0.01-FIFO-True n_req: 37000000, n_miss: 3823170, miss ratio: 0.1033, disk write 226991616 + 0 (0.0278)
17:07:26: INFO [flashield.py:170 (root)]: 	w12.oracleGeneral.bin-0.01-FIFO-True n_req: 38000000, n_miss: 3927887, miss ratio: 0.1034, disk write 226991616 + 0 (0.0278)
17:07:40: INFO [flashield.py:170 (root)]: 	w12.oracleGeneral.bin-0.01-FIFO-True n_req: 39000000, n_miss: 4048897, miss ratio: 0.1038, disk write 226991616 + 0 (0.0278)
17:07:54: INFO [flashield.py:170 (root)]: 	w12.oracleGeneral.bin-0.01-FIFO-True n_req: 40000000, n_miss: 4176848, miss ratio: 0.1044, disk write 226991616 + 0 (0.0278)
17:08:11: INFO [flashield.py:170 (root)]: 	w12.oracleGeneral.bin-0.01-FIFO-True n_req: 41000000, n_miss: 4325000, miss ratio: 0.1055, disk write 226991616 + 0 (0.0278)
17:08:30: INFO [flashield.py:170 (root)]: 	w12.oracleGeneral.bin-0.01-FIFO-True n_req: 42000000, n_miss: 4499633, miss ratio: 0.1071, disk write 226991616 + 0 (0.0278)
17:08:46: INFO [flashield.py:170 (root)]: 	w12.oracleGeneral.bin-0.01-FIFO-True n_req: 43000000, n_miss: 4646626, miss ratio: 0.1081, disk write 226991616 + 0 (0.0278)
17:08:57: INFO [flashield.py:170 (root)]: 	w12.oracleGeneral.bin-0.01-FIFO-True n_req: 44000000, n_miss: 4736778, miss ratio: 0.1077, disk write 226991616 + 0 (0.0278)
17:09:10: INFO [flashield.py:170 (root)]: 	w12.oracleGeneral.bin-0.01-FIFO-True n_req: 45000000, n_miss: 4859495, miss ratio: 0.1080, disk write 226991616 + 0 (0.0278)
17:09:15: INFO [flashield.py:182 (root)]: 	w12.oracleGeneral.bin-0.01-FIFO-True n_req: 45355529, n_miss: 4896700, miss ratio: 0.1080, disk write 226991616 + 0 (0.0278)
