16:59:45: INFO [flashield.py:220 (root)]: 	calculating wss for w20.oracleGeneral.bin
17:00:05: INFO [flashield.py:228 (root)]: 	w20.oracleGeneral.bin wss_obj: 10999689, wss_byte: 1147122990592
17:00:05: INFO [cache.py:19 (cache)]: 	create Flashield cache with size 11471229905
17:00:05: INFO [cache.py:19 (cache)]: 	create LRU cache with size 114712299
17:00:05: INFO [cache.py:19 (cache)]: 	create FIFO cache with size 11356517606
17:00:07: INFO [flashield.py:37 (root)]: 	w20.oracleGeneral.bin Training Flashield...
17:00:07: INFO [flashield.py:42 (root)]: 	w20.oracleGeneral.bin Training Flashield: 187082 features 187082 labels ...
17:00:07: INFO [flashield.py:55 (root)]: 	w20.oracleGeneral.bin finish training
17:00:45: INFO [flashield.py:170 (root)]: 	w20.oracleGeneral.bin-0.01-FIFO-True n_req: 1000000, n_miss: 730027, miss ratio: 0.7300, disk write 61529643520 + 0 (0.0536)
17:01:48: INFO [flashield.py:170 (root)]: 	w20.oracleGeneral.bin-0.01-FIFO-True n_req: 2000000, n_miss: 1324336, miss ratio: 0.6622, disk write 61529643520 + 0 (0.0536)
17:02:39: INFO [flashield.py:170 (root)]: 	w20.oracleGeneral.bin-0.01-FIFO-True n_req: 3000000, n_miss: 1801839, miss ratio: 0.6006, disk write 61529643520 + 0 (0.0536)
17:03:42: INFO [flashield.py:170 (root)]: 	w20.oracleGeneral.bin-0.01-FIFO-True n_req: 4000000, n_miss: 2394815, miss ratio: 0.5987, disk write 61529643520 + 0 (0.0536)
17:05:11: INFO [flashield.py:170 (root)]: 	w20.oracleGeneral.bin-0.01-FIFO-True n_req: 5000000, n_miss: 3229040, miss ratio: 0.6458, disk write 61529643520 + 0 (0.0536)
17:06:26: INFO [flashield.py:170 (root)]: 	w20.oracleGeneral.bin-0.01-FIFO-True n_req: 6000000, n_miss: 3928687, miss ratio: 0.6548, disk write 61529643520 + 0 (0.0536)
17:07:42: INFO [flashield.py:170 (root)]: 	w20.oracleGeneral.bin-0.01-FIFO-True n_req: 7000000, n_miss: 4644766, miss ratio: 0.6635, disk write 61529643520 + 0 (0.0536)
17:08:39: INFO [flashield.py:170 (root)]: 	w20.oracleGeneral.bin-0.01-FIFO-True n_req: 8000000, n_miss: 5181385, miss ratio: 0.6477, disk write 61529643520 + 0 (0.0536)
17:09:42: INFO [flashield.py:170 (root)]: 	w20.oracleGeneral.bin-0.01-FIFO-True n_req: 9000000, n_miss: 5775959, miss ratio: 0.6418, disk write 61529643520 + 0 (0.0536)
17:11:19: INFO [flashield.py:170 (root)]: 	w20.oracleGeneral.bin-0.01-FIFO-True n_req: 10000000, n_miss: 6689322, miss ratio: 0.6689, disk write 61529643520 + 0 (0.0536)
17:13:03: INFO [flashield.py:170 (root)]: 	w20.oracleGeneral.bin-0.01-FIFO-True n_req: 11000000, n_miss: 7676211, miss ratio: 0.6978, disk write 61529643520 + 0 (0.0536)
17:14:48: INFO [flashield.py:170 (root)]: 	w20.oracleGeneral.bin-0.01-FIFO-True n_req: 12000000, n_miss: 8662347, miss ratio: 0.7219, disk write 61529643520 + 0 (0.0536)
17:16:33: INFO [flashield.py:170 (root)]: 	w20.oracleGeneral.bin-0.01-FIFO-True n_req: 13000000, n_miss: 9651364, miss ratio: 0.7424, disk write 61529643520 + 0 (0.0536)
17:18:18: INFO [flashield.py:170 (root)]: 	w20.oracleGeneral.bin-0.01-FIFO-True n_req: 14000000, n_miss: 10638220, miss ratio: 0.7599, disk write 61529643520 + 0 (0.0536)
17:19:59: INFO [flashield.py:170 (root)]: 	w20.oracleGeneral.bin-0.01-FIFO-True n_req: 15000000, n_miss: 11583884, miss ratio: 0.7723, disk write 61529643520 + 0 (0.0536)
17:21:39: INFO [flashield.py:170 (root)]: 	w20.oracleGeneral.bin-0.01-FIFO-True n_req: 16000000, n_miss: 12527665, miss ratio: 0.7830, disk write 61529643520 + 0 (0.0536)
17:23:24: INFO [flashield.py:170 (root)]: 	w20.oracleGeneral.bin-0.01-FIFO-True n_req: 17000000, n_miss: 13513387, miss ratio: 0.7949, disk write 61529643520 + 0 (0.0536)
17:25:08: INFO [flashield.py:170 (root)]: 	w20.oracleGeneral.bin-0.01-FIFO-True n_req: 18000000, n_miss: 14496222, miss ratio: 0.8053, disk write 61529643520 + 0 (0.0536)
17:26:52: INFO [flashield.py:170 (root)]: 	w20.oracleGeneral.bin-0.01-FIFO-True n_req: 19000000, n_miss: 15468182, miss ratio: 0.8141, disk write 61529643520 + 0 (0.0536)
17:28:04: INFO [flashield.py:170 (root)]: 	w20.oracleGeneral.bin-0.01-FIFO-True n_req: 20000000, n_miss: 16147432, miss ratio: 0.8074, disk write 61529643520 + 0 (0.0536)
17:28:55: INFO [flashield.py:170 (root)]: 	w20.oracleGeneral.bin-0.01-FIFO-True n_req: 21000000, n_miss: 16624511, miss ratio: 0.7916, disk write 61529643520 + 0 (0.0536)
17:30:13: INFO [flashield.py:170 (root)]: 	w20.oracleGeneral.bin-0.01-FIFO-True n_req: 22000000, n_miss: 17350714, miss ratio: 0.7887, disk write 61529643520 + 0 (0.0536)
17:31:32: INFO [flashield.py:170 (root)]: 	w20.oracleGeneral.bin-0.01-FIFO-True n_req: 23000000, n_miss: 18092697, miss ratio: 0.7866, disk write 61529643520 + 0 (0.0536)
17:32:57: INFO [flashield.py:170 (root)]: 	w20.oracleGeneral.bin-0.01-FIFO-True n_req: 24000000, n_miss: 18882781, miss ratio: 0.7868, disk write 61529643520 + 0 (0.0536)
17:34:09: INFO [flashield.py:170 (root)]: 	w20.oracleGeneral.bin-0.01-FIFO-True n_req: 25000000, n_miss: 19557588, miss ratio: 0.7823, disk write 61529643520 + 0 (0.0536)
17:35:02: INFO [flashield.py:170 (root)]: 	w20.oracleGeneral.bin-0.01-FIFO-True n_req: 26000000, n_miss: 20059880, miss ratio: 0.7715, disk write 61529643520 + 0 (0.0536)
17:35:56: INFO [flashield.py:170 (root)]: 	w20.oracleGeneral.bin-0.01-FIFO-True n_req: 27000000, n_miss: 20562931, miss ratio: 0.7616, disk write 61529643520 + 0 (0.0536)
17:37:18: INFO [flashield.py:170 (root)]: 	w20.oracleGeneral.bin-0.01-FIFO-True n_req: 28000000, n_miss: 21337617, miss ratio: 0.7621, disk write 61529643520 + 0 (0.0536)
17:38:34: INFO [flashield.py:170 (root)]: 	w20.oracleGeneral.bin-0.01-FIFO-True n_req: 29000000, n_miss: 22046449, miss ratio: 0.7602, disk write 61529643520 + 0 (0.0536)
17:39:35: INFO [flashield.py:182 (root)]: 	w20.oracleGeneral.bin-0.01-FIFO-True n_req: 29842317, n_miss: 22621998, miss ratio: 0.7581, disk write 61529643520 + 0 (0.0536)
