16:59:45: INFO [flashield.py:220 (root)]: 	calculating wss for w22.oracleGeneral.bin
16:59:58: INFO [flashield.py:228 (root)]: 	w22.oracleGeneral.bin wss_obj: 7813606, wss_byte: 71357638656
16:59:58: INFO [cache.py:19 (cache)]: 	create Flashield cache with size 713576386
16:59:58: INFO [cache.py:19 (cache)]: 	create LRU cache with size 7135763
16:59:58: INFO [cache.py:19 (cache)]: 	create FIFO cache with size 706440623
17:00:01: INFO [flashield.py:170 (root)]: 	w22.oracleGeneral.bin-0.01-FIFO-True n_req: 1000000, n_miss: 956390, miss ratio: 0.9564, disk write 8564956672 + 0 (0.1200)
17:00:02: INFO [flashield.py:37 (root)]: 	w22.oracleGeneral.bin Training Flashield...
17:00:02: INFO [flashield.py:42 (root)]: 	w22.oracleGeneral.bin Training Flashield: 655641 features 655641 labels ...
17:00:02: INFO [flashield.py:55 (root)]: 	w22.oracleGeneral.bin finish training
17:01:36: INFO [flashield.py:170 (root)]: 	w22.oracleGeneral.bin-0.01-FIFO-True n_req: 2000000, n_miss: 1943545, miss ratio: 0.9718, disk write 9388938752 + 0 (0.1316)
17:02:55: INFO [flashield.py:170 (root)]: 	w22.oracleGeneral.bin-0.01-FIFO-True n_req: 3000000, n_miss: 2695496, miss ratio: 0.8985, disk write 9388938752 + 0 (0.1316)
17:04:37: INFO [flashield.py:170 (root)]: 	w22.oracleGeneral.bin-0.01-FIFO-True n_req: 4000000, n_miss: 3660697, miss ratio: 0.9152, disk write 9388938752 + 0 (0.1316)
17:06:21: INFO [flashield.py:170 (root)]: 	w22.oracleGeneral.bin-0.01-FIFO-True n_req: 5000000, n_miss: 4651730, miss ratio: 0.9303, disk write 9388938752 + 0 (0.1316)
17:07:55: INFO [flashield.py:170 (root)]: 	w22.oracleGeneral.bin-0.01-FIFO-True n_req: 6000000, n_miss: 5545467, miss ratio: 0.9242, disk write 9388938752 + 0 (0.1316)
17:09:39: INFO [flashield.py:170 (root)]: 	w22.oracleGeneral.bin-0.01-FIFO-True n_req: 7000000, n_miss: 6530251, miss ratio: 0.9329, disk write 9388938752 + 0 (0.1316)
17:11:15: INFO [flashield.py:170 (root)]: 	w22.oracleGeneral.bin-0.01-FIFO-True n_req: 8000000, n_miss: 7431152, miss ratio: 0.9289, disk write 9388938752 + 0 (0.1316)
17:12:39: INFO [flashield.py:170 (root)]: 	w22.oracleGeneral.bin-0.01-FIFO-True n_req: 9000000, n_miss: 8228781, miss ratio: 0.9143, disk write 9388938752 + 0 (0.1316)
17:14:23: INFO [flashield.py:170 (root)]: 	w22.oracleGeneral.bin-0.01-FIFO-True n_req: 10000000, n_miss: 9213660, miss ratio: 0.9214, disk write 9388938752 + 0 (0.1316)
17:16:08: INFO [flashield.py:170 (root)]: 	w22.oracleGeneral.bin-0.01-FIFO-True n_req: 11000000, n_miss: 10203971, miss ratio: 0.9276, disk write 9388938752 + 0 (0.1316)
17:17:29: INFO [flashield.py:170 (root)]: 	w22.oracleGeneral.bin-0.01-FIFO-True n_req: 12000000, n_miss: 10958361, miss ratio: 0.9132, disk write 9388938752 + 0 (0.1316)
17:19:13: INFO [flashield.py:170 (root)]: 	w22.oracleGeneral.bin-0.01-FIFO-True n_req: 13000000, n_miss: 11943469, miss ratio: 0.9187, disk write 9388938752 + 0 (0.1316)
17:20:56: INFO [flashield.py:170 (root)]: 	w22.oracleGeneral.bin-0.01-FIFO-True n_req: 14000000, n_miss: 12934033, miss ratio: 0.9239, disk write 9388938752 + 0 (0.1316)
17:22:09: INFO [flashield.py:170 (root)]: 	w22.oracleGeneral.bin-0.01-FIFO-True n_req: 15000000, n_miss: 13616219, miss ratio: 0.9077, disk write 9388938752 + 0 (0.1316)
17:23:52: INFO [flashield.py:170 (root)]: 	w22.oracleGeneral.bin-0.01-FIFO-True n_req: 16000000, n_miss: 14605505, miss ratio: 0.9128, disk write 9388938752 + 0 (0.1316)
17:25:35: INFO [flashield.py:170 (root)]: 	w22.oracleGeneral.bin-0.01-FIFO-True n_req: 17000000, n_miss: 15588595, miss ratio: 0.9170, disk write 9388938752 + 0 (0.1316)
17:27:20: INFO [flashield.py:170 (root)]: 	w22.oracleGeneral.bin-0.01-FIFO-True n_req: 18000000, n_miss: 16579479, miss ratio: 0.9211, disk write 9388938752 + 0 (0.1316)
17:28:44: INFO [flashield.py:170 (root)]: 	w22.oracleGeneral.bin-0.01-FIFO-True n_req: 19000000, n_miss: 17369333, miss ratio: 0.9142, disk write 9388938752 + 0 (0.1316)
17:30:29: INFO [flashield.py:170 (root)]: 	w22.oracleGeneral.bin-0.01-FIFO-True n_req: 20000000, n_miss: 18359748, miss ratio: 0.9180, disk write 9388938752 + 0 (0.1316)
17:32:13: INFO [flashield.py:170 (root)]: 	w22.oracleGeneral.bin-0.01-FIFO-True n_req: 21000000, n_miss: 19352345, miss ratio: 0.9215, disk write 9388938752 + 0 (0.1316)
17:33:34: INFO [flashield.py:170 (root)]: 	w22.oracleGeneral.bin-0.01-FIFO-True n_req: 22000000, n_miss: 20116114, miss ratio: 0.9144, disk write 9388938752 + 0 (0.1316)
17:33:58: INFO [flashield.py:182 (root)]: 	w22.oracleGeneral.bin-0.01-FIFO-True n_req: 22248591, n_miss: 20336861, miss ratio: 0.9141, disk write 9388938752 + 0 (0.1316)
