16:59:46: INFO [flashield.py:220 (root)]: 	calculating wss for w27.oracleGeneral.bin
17:00:00: INFO [flashield.py:228 (root)]: 	w27.oracleGeneral.bin wss_obj: 4330076, wss_byte: 48981732032
17:00:00: INFO [cache.py:19 (cache)]: 	create Flashield cache with size 489817320
17:00:00: INFO [cache.py:19 (cache)]: 	create LRU cache with size 4898173
17:00:00: INFO [cache.py:19 (cache)]: 	create FIFO cache with size 484919147
17:00:00: INFO [flashield.py:37 (root)]: 	w27.oracleGeneral.bin Training Flashield...
17:00:00: INFO [flashield.py:42 (root)]: 	w27.oracleGeneral.bin Training Flashield: 175926 features 175926 labels ...
17:00:00: INFO [flashield.py:55 (root)]: 	w27.oracleGeneral.bin finish training
17:01:05: INFO [flashield.py:170 (root)]: 	w27.oracleGeneral.bin-0.01-FIFO-True n_req: 1000000, n_miss: 809458, miss ratio: 0.8095, disk write 1437713408 + 0 (0.0294)
17:02:30: INFO [flashield.py:170 (root)]: 	w27.oracleGeneral.bin-0.01-FIFO-True n_req: 2000000, n_miss: 1612090, miss ratio: 0.8060, disk write 1437713408 + 0 (0.0294)
17:04:10: INFO [flashield.py:170 (root)]: 	w27.oracleGeneral.bin-0.01-FIFO-True n_req: 3000000, n_miss: 2568076, miss ratio: 0.8560, disk write 1437713408 + 0 (0.0294)
17:05:44: INFO [flashield.py:170 (root)]: 	w27.oracleGeneral.bin-0.01-FIFO-True n_req: 4000000, n_miss: 3465420, miss ratio: 0.8664, disk write 1437713408 + 0 (0.0294)
17:07:29: INFO [flashield.py:170 (root)]: 	w27.oracleGeneral.bin-0.01-FIFO-True n_req: 5000000, n_miss: 4455550, miss ratio: 0.8911, disk write 1437713408 + 0 (0.0294)
17:09:08: INFO [flashield.py:170 (root)]: 	w27.oracleGeneral.bin-0.01-FIFO-True n_req: 6000000, n_miss: 5391939, miss ratio: 0.8987, disk write 1437713408 + 0 (0.0294)
17:10:53: INFO [flashield.py:170 (root)]: 	w27.oracleGeneral.bin-0.01-FIFO-True n_req: 7000000, n_miss: 6380779, miss ratio: 0.9115, disk write 1437713408 + 0 (0.0294)
17:12:33: INFO [flashield.py:170 (root)]: 	w27.oracleGeneral.bin-0.01-FIFO-True n_req: 8000000, n_miss: 7330119, miss ratio: 0.9163, disk write 1437713408 + 0 (0.0294)
17:13:57: INFO [flashield.py:170 (root)]: 	w27.oracleGeneral.bin-0.01-FIFO-True n_req: 9000000, n_miss: 8136030, miss ratio: 0.9040, disk write 1437713408 + 0 (0.0294)
17:15:26: INFO [flashield.py:170 (root)]: 	w27.oracleGeneral.bin-0.01-FIFO-True n_req: 10000000, n_miss: 8979453, miss ratio: 0.8979, disk write 1437713408 + 0 (0.0294)
17:17:10: INFO [flashield.py:170 (root)]: 	w27.oracleGeneral.bin-0.01-FIFO-True n_req: 11000000, n_miss: 9962504, miss ratio: 0.9057, disk write 1437713408 + 0 (0.0294)
17:18:54: INFO [flashield.py:170 (root)]: 	w27.oracleGeneral.bin-0.01-FIFO-True n_req: 12000000, n_miss: 10939069, miss ratio: 0.9116, disk write 1437713408 + 0 (0.0294)
17:20:38: INFO [flashield.py:170 (root)]: 	w27.oracleGeneral.bin-0.01-FIFO-True n_req: 13000000, n_miss: 11917481, miss ratio: 0.9167, disk write 1437713408 + 0 (0.0294)
17:22:22: INFO [flashield.py:170 (root)]: 	w27.oracleGeneral.bin-0.01-FIFO-True n_req: 14000000, n_miss: 12898257, miss ratio: 0.9213, disk write 1437713408 + 0 (0.0294)
17:24:06: INFO [flashield.py:170 (root)]: 	w27.oracleGeneral.bin-0.01-FIFO-True n_req: 15000000, n_miss: 13882244, miss ratio: 0.9255, disk write 1437713408 + 0 (0.0294)
17:25:51: INFO [flashield.py:170 (root)]: 	w27.oracleGeneral.bin-0.01-FIFO-True n_req: 16000000, n_miss: 14866926, miss ratio: 0.9292, disk write 1437713408 + 0 (0.0294)
17:27:35: INFO [flashield.py:170 (root)]: 	w27.oracleGeneral.bin-0.01-FIFO-True n_req: 17000000, n_miss: 15847929, miss ratio: 0.9322, disk write 1437713408 + 0 (0.0294)
17:29:04: INFO [flashield.py:170 (root)]: 	w27.oracleGeneral.bin-0.01-FIFO-True n_req: 18000000, n_miss: 16687110, miss ratio: 0.9271, disk write 1437713408 + 0 (0.0294)
17:30:31: INFO [flashield.py:170 (root)]: 	w27.oracleGeneral.bin-0.01-FIFO-True n_req: 19000000, n_miss: 17519213, miss ratio: 0.9221, disk write 1437713408 + 0 (0.0294)
17:31:21: INFO [flashield.py:182 (root)]: 	w27.oracleGeneral.bin-0.01-FIFO-True n_req: 19501541, n_miss: 17993119, miss ratio: 0.9227, disk write 1437713408 + 0 (0.0294)
