16:59:45: INFO [flashield.py:220 (root)]: 	calculating wss for w31.oracleGeneral.bin
17:00:01: INFO [flashield.py:228 (root)]: 	w31.oracleGeneral.bin wss_obj: 12906371, wss_byte: 2807155469824
17:00:01: INFO [cache.py:19 (cache)]: 	create Flashield cache with size 28071554698
17:00:01: INFO [cache.py:19 (cache)]: 	create LRU cache with size 280715546
17:00:01: INFO [cache.py:19 (cache)]: 	create FIFO cache with size 27790839152
17:00:01: INFO [flashield.py:37 (root)]: 	w31.oracleGeneral.bin Training Flashield...
17:00:01: INFO [flashield.py:42 (root)]: 	w31.oracleGeneral.bin Training Flashield: 7246 features 7246 labels ...
17:00:01: INFO [flashield.py:55 (root)]: 	w31.oracleGeneral.bin finish training
17:01:32: INFO [flashield.py:170 (root)]: 	w31.oracleGeneral.bin-0.01-FIFO-True n_req: 1000000, n_miss: 895723, miss ratio: 0.8957, disk write 109756416 + 0 (0.0000)
17:03:02: INFO [flashield.py:170 (root)]: 	w31.oracleGeneral.bin-0.01-FIFO-True n_req: 2000000, n_miss: 1745524, miss ratio: 0.8728, disk write 109756416 + 0 (0.0000)
17:04:30: INFO [flashield.py:170 (root)]: 	w31.oracleGeneral.bin-0.01-FIFO-True n_req: 3000000, n_miss: 2588434, miss ratio: 0.8628, disk write 109756416 + 0 (0.0000)
17:06:07: INFO [flashield.py:170 (root)]: 	w31.oracleGeneral.bin-0.01-FIFO-True n_req: 4000000, n_miss: 3517707, miss ratio: 0.8794, disk write 109756416 + 0 (0.0000)
17:07:37: INFO [flashield.py:170 (root)]: 	w31.oracleGeneral.bin-0.01-FIFO-True n_req: 5000000, n_miss: 4393520, miss ratio: 0.8787, disk write 109756416 + 0 (0.0000)
17:09:07: INFO [flashield.py:170 (root)]: 	w31.oracleGeneral.bin-0.01-FIFO-True n_req: 6000000, n_miss: 5240000, miss ratio: 0.8733, disk write 109756416 + 0 (0.0000)
17:10:32: INFO [flashield.py:170 (root)]: 	w31.oracleGeneral.bin-0.01-FIFO-True n_req: 7000000, n_miss: 6046339, miss ratio: 0.8638, disk write 109756416 + 0 (0.0000)
17:12:10: INFO [flashield.py:170 (root)]: 	w31.oracleGeneral.bin-0.01-FIFO-True n_req: 8000000, n_miss: 6987960, miss ratio: 0.8735, disk write 109756416 + 0 (0.0000)
17:13:53: INFO [flashield.py:170 (root)]: 	w31.oracleGeneral.bin-0.01-FIFO-True n_req: 9000000, n_miss: 7965992, miss ratio: 0.8851, disk write 109756416 + 0 (0.0000)
17:15:37: INFO [flashield.py:170 (root)]: 	w31.oracleGeneral.bin-0.01-FIFO-True n_req: 10000000, n_miss: 8957327, miss ratio: 0.8957, disk write 109756416 + 0 (0.0000)
17:17:22: INFO [flashield.py:170 (root)]: 	w31.oracleGeneral.bin-0.01-FIFO-True n_req: 11000000, n_miss: 9953272, miss ratio: 0.9048, disk write 109756416 + 0 (0.0000)
17:19:08: INFO [flashield.py:170 (root)]: 	w31.oracleGeneral.bin-0.01-FIFO-True n_req: 12000000, n_miss: 10949937, miss ratio: 0.9125, disk write 109756416 + 0 (0.0000)
17:20:53: INFO [flashield.py:170 (root)]: 	w31.oracleGeneral.bin-0.01-FIFO-True n_req: 13000000, n_miss: 11947700, miss ratio: 0.9191, disk write 109756416 + 0 (0.0000)
17:22:39: INFO [flashield.py:170 (root)]: 	w31.oracleGeneral.bin-0.01-FIFO-True n_req: 14000000, n_miss: 12946227, miss ratio: 0.9247, disk write 109756416 + 0 (0.0000)
17:24:24: INFO [flashield.py:170 (root)]: 	w31.oracleGeneral.bin-0.01-FIFO-True n_req: 15000000, n_miss: 13941778, miss ratio: 0.9295, disk write 109756416 + 0 (0.0000)
17:26:09: INFO [flashield.py:170 (root)]: 	w31.oracleGeneral.bin-0.01-FIFO-True n_req: 16000000, n_miss: 14931584, miss ratio: 0.9332, disk write 109756416 + 0 (0.0000)
17:27:56: INFO [flashield.py:170 (root)]: 	w31.oracleGeneral.bin-0.01-FIFO-True n_req: 17000000, n_miss: 15930843, miss ratio: 0.9371, disk write 109756416 + 0 (0.0000)
17:29:42: INFO [flashield.py:170 (root)]: 	w31.oracleGeneral.bin-0.01-FIFO-True n_req: 18000000, n_miss: 16930368, miss ratio: 0.9406, disk write 109756416 + 0 (0.0000)
17:31:28: INFO [flashield.py:170 (root)]: 	w31.oracleGeneral.bin-0.01-FIFO-True n_req: 19000000, n_miss: 17929679, miss ratio: 0.9437, disk write 109756416 + 0 (0.0000)
17:33:13: INFO [flashield.py:170 (root)]: 	w31.oracleGeneral.bin-0.01-FIFO-True n_req: 20000000, n_miss: 18928378, miss ratio: 0.9464, disk write 109756416 + 0 (0.0000)
17:34:49: INFO [flashield.py:170 (root)]: 	w31.oracleGeneral.bin-0.01-FIFO-True n_req: 21000000, n_miss: 19831829, miss ratio: 0.9444, disk write 109756416 + 0 (0.0000)
17:35:06: INFO [flashield.py:182 (root)]: 	w31.oracleGeneral.bin-0.01-FIFO-True n_req: 21166982, n_miss: 19990450, miss ratio: 0.9444, disk write 109756416 + 0 (0.0000)
