16:59:45: INFO [flashield.py:220 (root)]: 	calculating wss for w43.oracleGeneral.bin
16:59:57: INFO [flashield.py:228 (root)]: 	w43.oracleGeneral.bin wss_obj: 3722583, wss_byte: 128844668928
16:59:57: INFO [cache.py:19 (cache)]: 	create Flashield cache with size 1288446689
16:59:57: INFO [cache.py:19 (cache)]: 	create LRU cache with size 12884466
16:59:57: INFO [cache.py:19 (cache)]: 	create FIFO cache with size 1275562223
16:59:57: INFO [flashield.py:37 (root)]: 	w43.oracleGeneral.bin Training Flashield...
16:59:57: INFO [flashield.py:42 (root)]: 	w43.oracleGeneral.bin Training Flashield: 36771 features 36771 labels ...
16:59:57: INFO [flashield.py:55 (root)]: 	w43.oracleGeneral.bin finish training
17:01:12: INFO [flashield.py:170 (root)]: 	w43.oracleGeneral.bin-0.01-FIFO-True n_req: 1000000, n_miss: 765858, miss ratio: 0.7659, disk write 2939953152 + 0 (0.0228)
17:02:31: INFO [flashield.py:170 (root)]: 	w43.oracleGeneral.bin-0.01-FIFO-True n_req: 2000000, n_miss: 1507688, miss ratio: 0.7538, disk write 2939953152 + 0 (0.0228)
17:03:59: INFO [flashield.py:170 (root)]: 	w43.oracleGeneral.bin-0.01-FIFO-True n_req: 3000000, n_miss: 2325314, miss ratio: 0.7751, disk write 2939953152 + 0 (0.0228)
17:05:15: INFO [flashield.py:170 (root)]: 	w43.oracleGeneral.bin-0.01-FIFO-True n_req: 4000000, n_miss: 3026554, miss ratio: 0.7566, disk write 2939953152 + 0 (0.0228)
17:06:37: INFO [flashield.py:170 (root)]: 	w43.oracleGeneral.bin-0.01-FIFO-True n_req: 5000000, n_miss: 3788087, miss ratio: 0.7576, disk write 2939953152 + 0 (0.0228)
17:08:18: INFO [flashield.py:170 (root)]: 	w43.oracleGeneral.bin-0.01-FIFO-True n_req: 6000000, n_miss: 4720578, miss ratio: 0.7868, disk write 2939953152 + 0 (0.0228)
17:09:45: INFO [flashield.py:170 (root)]: 	w43.oracleGeneral.bin-0.01-FIFO-True n_req: 7000000, n_miss: 5534549, miss ratio: 0.7906, disk write 2939953152 + 0 (0.0228)
17:11:15: INFO [flashield.py:170 (root)]: 	w43.oracleGeneral.bin-0.01-FIFO-True n_req: 8000000, n_miss: 6370141, miss ratio: 0.7963, disk write 2939953152 + 0 (0.0228)
17:13:00: INFO [flashield.py:170 (root)]: 	w43.oracleGeneral.bin-0.01-FIFO-True n_req: 9000000, n_miss: 7352243, miss ratio: 0.8169, disk write 2939953152 + 0 (0.0228)
17:14:32: INFO [flashield.py:170 (root)]: 	w43.oracleGeneral.bin-0.01-FIFO-True n_req: 10000000, n_miss: 8202732, miss ratio: 0.8203, disk write 2939953152 + 0 (0.0228)
17:15:59: INFO [flashield.py:170 (root)]: 	w43.oracleGeneral.bin-0.01-FIFO-True n_req: 11000000, n_miss: 9014212, miss ratio: 0.8195, disk write 2939953152 + 0 (0.0228)
17:17:23: INFO [flashield.py:170 (root)]: 	w43.oracleGeneral.bin-0.01-FIFO-True n_req: 12000000, n_miss: 9798206, miss ratio: 0.8165, disk write 2939953152 + 0 (0.0228)
17:18:47: INFO [flashield.py:170 (root)]: 	w43.oracleGeneral.bin-0.01-FIFO-True n_req: 13000000, n_miss: 10578258, miss ratio: 0.8137, disk write 2939953152 + 0 (0.0228)
17:20:22: INFO [flashield.py:170 (root)]: 	w43.oracleGeneral.bin-0.01-FIFO-True n_req: 14000000, n_miss: 11475484, miss ratio: 0.8197, disk write 2939953152 + 0 (0.0228)
17:22:02: INFO [flashield.py:170 (root)]: 	w43.oracleGeneral.bin-0.01-FIFO-True n_req: 15000000, n_miss: 12418877, miss ratio: 0.8279, disk write 2939953152 + 0 (0.0228)
17:22:56: INFO [flashield.py:182 (root)]: 	w43.oracleGeneral.bin-0.01-FIFO-True n_req: 15617420, n_miss: 12925874, miss ratio: 0.8277, disk write 2939953152 + 0 (0.0228)
