16:59:45: INFO [flashield.py:220 (root)]: 	calculating wss for w49.oracleGeneral.bin
16:59:52: INFO [flashield.py:228 (root)]: 	w49.oracleGeneral.bin wss_obj: 1594732, wss_byte: 80910297280
16:59:52: INFO [cache.py:19 (cache)]: 	create Flashield cache with size 809102972
16:59:52: INFO [cache.py:19 (cache)]: 	create LRU cache with size 8091029
16:59:52: INFO [cache.py:19 (cache)]: 	create FIFO cache with size 801011943
16:59:53: INFO [flashield.py:37 (root)]: 	w49.oracleGeneral.bin Training Flashield...
16:59:53: INFO [flashield.py:42 (root)]: 	w49.oracleGeneral.bin Training Flashield: 43459 features 43459 labels ...
16:59:53: INFO [flashield.py:55 (root)]: 	w49.oracleGeneral.bin finish training
17:01:10: INFO [flashield.py:170 (root)]: 	w49.oracleGeneral.bin-0.01-FIFO-True n_req: 1000000, n_miss: 780403, miss ratio: 0.7804, disk write 1894426112 + 0 (0.0234)
17:02:22: INFO [flashield.py:170 (root)]: 	w49.oracleGeneral.bin-0.01-FIFO-True n_req: 2000000, n_miss: 1450388, miss ratio: 0.7252, disk write 1894426112 + 0 (0.0234)
17:03:32: INFO [flashield.py:170 (root)]: 	w49.oracleGeneral.bin-0.01-FIFO-True n_req: 3000000, n_miss: 2112199, miss ratio: 0.7041, disk write 1894426112 + 0 (0.0234)
17:04:54: INFO [flashield.py:170 (root)]: 	w49.oracleGeneral.bin-0.01-FIFO-True n_req: 4000000, n_miss: 2888066, miss ratio: 0.7220, disk write 1894426112 + 0 (0.0234)
17:06:18: INFO [flashield.py:170 (root)]: 	w49.oracleGeneral.bin-0.01-FIFO-True n_req: 5000000, n_miss: 3680954, miss ratio: 0.7362, disk write 1894426112 + 0 (0.0234)
17:07:30: INFO [flashield.py:170 (root)]: 	w49.oracleGeneral.bin-0.01-FIFO-True n_req: 6000000, n_miss: 4366138, miss ratio: 0.7277, disk write 1894426112 + 0 (0.0234)
17:08:37: INFO [flashield.py:170 (root)]: 	w49.oracleGeneral.bin-0.01-FIFO-True n_req: 7000000, n_miss: 4998677, miss ratio: 0.7141, disk write 1894426112 + 0 (0.0234)
17:09:54: INFO [flashield.py:170 (root)]: 	w49.oracleGeneral.bin-0.01-FIFO-True n_req: 8000000, n_miss: 5731899, miss ratio: 0.7165, disk write 1894426112 + 0 (0.0234)
17:11:11: INFO [flashield.py:170 (root)]: 	w49.oracleGeneral.bin-0.01-FIFO-True n_req: 9000000, n_miss: 6462019, miss ratio: 0.7180, disk write 1894426112 + 0 (0.0234)
17:12:19: INFO [flashield.py:170 (root)]: 	w49.oracleGeneral.bin-0.01-FIFO-True n_req: 10000000, n_miss: 7098191, miss ratio: 0.7098, disk write 1894426112 + 0 (0.0234)
17:13:39: INFO [flashield.py:170 (root)]: 	w49.oracleGeneral.bin-0.01-FIFO-True n_req: 11000000, n_miss: 7855416, miss ratio: 0.7141, disk write 1894426112 + 0 (0.0234)
17:13:47: INFO [flashield.py:182 (root)]: 	w49.oracleGeneral.bin-0.01-FIFO-True n_req: 11151558, n_miss: 7930092, miss ratio: 0.7111, disk write 1894426112 + 0 (0.0234)
