16:59:45: INFO [flashield.py:220 (root)]: 	calculating wss for w50.oracleGeneral.bin
16:59:54: INFO [flashield.py:228 (root)]: 	w50.oracleGeneral.bin wss_obj: 1230381, wss_byte: 49697573888
16:59:54: INFO [cache.py:19 (cache)]: 	create Flashield cache with size 496975738
16:59:54: INFO [cache.py:19 (cache)]: 	create LRU cache with size 4969757
16:59:54: INFO [cache.py:19 (cache)]: 	create FIFO cache with size 492005981
16:59:54: INFO [flashield.py:37 (root)]: 	w50.oracleGeneral.bin Training Flashield...
16:59:54: INFO [flashield.py:42 (root)]: 	w50.oracleGeneral.bin Training Flashield: 10554 features 10554 labels ...
16:59:54: INFO [flashield.py:55 (root)]: 	w50.oracleGeneral.bin finish training
17:01:15: INFO [flashield.py:170 (root)]: 	w50.oracleGeneral.bin-0.01-FIFO-True n_req: 1000000, n_miss: 934580, miss ratio: 0.9346, disk write 2378068480 + 0 (0.0479)
17:02:51: INFO [flashield.py:170 (root)]: 	w50.oracleGeneral.bin-0.01-FIFO-True n_req: 2000000, n_miss: 1848071, miss ratio: 0.9240, disk write 2378068480 + 0 (0.0479)
17:04:27: INFO [flashield.py:170 (root)]: 	w50.oracleGeneral.bin-0.01-FIFO-True n_req: 3000000, n_miss: 2764479, miss ratio: 0.9215, disk write 2378068480 + 0 (0.0479)
17:06:03: INFO [flashield.py:170 (root)]: 	w50.oracleGeneral.bin-0.01-FIFO-True n_req: 4000000, n_miss: 3679065, miss ratio: 0.9198, disk write 2378068480 + 0 (0.0479)
17:07:39: INFO [flashield.py:170 (root)]: 	w50.oracleGeneral.bin-0.01-FIFO-True n_req: 5000000, n_miss: 4594809, miss ratio: 0.9190, disk write 2378068480 + 0 (0.0479)
17:09:16: INFO [flashield.py:170 (root)]: 	w50.oracleGeneral.bin-0.01-FIFO-True n_req: 6000000, n_miss: 5514103, miss ratio: 0.9190, disk write 2378068480 + 0 (0.0479)
17:10:52: INFO [flashield.py:170 (root)]: 	w50.oracleGeneral.bin-0.01-FIFO-True n_req: 7000000, n_miss: 6434372, miss ratio: 0.9192, disk write 2378068480 + 0 (0.0479)
17:12:27: INFO [flashield.py:170 (root)]: 	w50.oracleGeneral.bin-0.01-FIFO-True n_req: 8000000, n_miss: 7338359, miss ratio: 0.9173, disk write 2378068480 + 0 (0.0479)
17:14:05: INFO [flashield.py:170 (root)]: 	w50.oracleGeneral.bin-0.01-FIFO-True n_req: 9000000, n_miss: 8267676, miss ratio: 0.9186, disk write 2378068480 + 0 (0.0479)
17:15:39: INFO [flashield.py:170 (root)]: 	w50.oracleGeneral.bin-0.01-FIFO-True n_req: 10000000, n_miss: 9165350, miss ratio: 0.9165, disk write 2378068480 + 0 (0.0479)
17:17:17: INFO [flashield.py:170 (root)]: 	w50.oracleGeneral.bin-0.01-FIFO-True n_req: 11000000, n_miss: 10093578, miss ratio: 0.9176, disk write 2378068480 + 0 (0.0479)
17:18:52: INFO [flashield.py:170 (root)]: 	w50.oracleGeneral.bin-0.01-FIFO-True n_req: 12000000, n_miss: 10993527, miss ratio: 0.9161, disk write 2378068480 + 0 (0.0479)
17:20:28: INFO [flashield.py:170 (root)]: 	w50.oracleGeneral.bin-0.01-FIFO-True n_req: 13000000, n_miss: 11911096, miss ratio: 0.9162, disk write 2378068480 + 0 (0.0479)
17:21:10: INFO [flashield.py:182 (root)]: 	w50.oracleGeneral.bin-0.01-FIFO-True n_req: 13448032, n_miss: 12311841, miss ratio: 0.9155, disk write 2378068480 + 0 (0.0479)
