12:37:09: INFO [flashield.py:220 (root)]: 	calculating wss for w01.oracleGeneral.bin
12:39:48: INFO [flashield.py:228 (root)]: 	w01.oracleGeneral.bin wss_obj: 122804013, wss_byte: 685952515584
12:39:48: INFO [cache.py:19 (cache)]: 	create Flashield cache with size 68595251558
12:39:48: INFO [cache.py:19 (cache)]: 	create LRU cache with size 68595251
12:39:48: INFO [cache.py:19 (cache)]: 	create FIFO cache with size 68526656307
12:39:48: INFO [flashield.py:37 (root)]: 	w01.oracleGeneral.bin Training Flashield...
12:39:48: INFO [flashield.py:42 (root)]: 	w01.oracleGeneral.bin Training Flashield: 35303 features 35303 labels ...
12:39:48: INFO [flashield.py:55 (root)]: 	w01.oracleGeneral.bin finish training
12:41:05: INFO [flashield.py:170 (root)]: 	w01.oracleGeneral.bin-0.001-FIFO-True n_req: 1000000, n_miss: 786988, miss ratio: 0.7870, disk write 276019200 + 0 (0.0004)
12:42:27: INFO [flashield.py:170 (root)]: 	w01.oracleGeneral.bin-0.001-FIFO-True n_req: 2000000, n_miss: 1570163, miss ratio: 0.7851, disk write 276019200 + 0 (0.0004)
12:43:52: INFO [flashield.py:170 (root)]: 	w01.oracleGeneral.bin-0.001-FIFO-True n_req: 3000000, n_miss: 2383431, miss ratio: 0.7945, disk write 276019200 + 0 (0.0004)
12:45:30: INFO [flashield.py:170 (root)]: 	w01.oracleGeneral.bin-0.001-FIFO-True n_req: 4000000, n_miss: 3340917, miss ratio: 0.8352, disk write 276019200 + 0 (0.0004)
12:47:09: INFO [flashield.py:170 (root)]: 	w01.oracleGeneral.bin-0.001-FIFO-True n_req: 5000000, n_miss: 4273116, miss ratio: 0.8546, disk write 276019200 + 0 (0.0004)
12:48:30: INFO [flashield.py:170 (root)]: 	w01.oracleGeneral.bin-0.001-FIFO-True n_req: 6000000, n_miss: 5054189, miss ratio: 0.8424, disk write 276019200 + 0 (0.0004)
12:49:55: INFO [flashield.py:170 (root)]: 	w01.oracleGeneral.bin-0.001-FIFO-True n_req: 7000000, n_miss: 5858416, miss ratio: 0.8369, disk write 276019200 + 0 (0.0004)
12:51:19: INFO [flashield.py:170 (root)]: 	w01.oracleGeneral.bin-0.001-FIFO-True n_req: 8000000, n_miss: 6663600, miss ratio: 0.8329, disk write 276019200 + 0 (0.0004)
12:52:46: INFO [flashield.py:170 (root)]: 	w01.oracleGeneral.bin-0.001-FIFO-True n_req: 9000000, n_miss: 7506972, miss ratio: 0.8341, disk write 276019200 + 0 (0.0004)
12:54:29: INFO [flashield.py:170 (root)]: 	w01.oracleGeneral.bin-0.001-FIFO-True n_req: 10000000, n_miss: 8487136, miss ratio: 0.8487, disk write 276019200 + 0 (0.0004)
12:56:10: INFO [flashield.py:170 (root)]: 	w01.oracleGeneral.bin-0.001-FIFO-True n_req: 11000000, n_miss: 9464754, miss ratio: 0.8604, disk write 276019200 + 0 (0.0004)
12:57:51: INFO [flashield.py:170 (root)]: 	w01.oracleGeneral.bin-0.001-FIFO-True n_req: 12000000, n_miss: 10456481, miss ratio: 0.8714, disk write 276019200 + 0 (0.0004)
12:59:35: INFO [flashield.py:170 (root)]: 	w01.oracleGeneral.bin-0.001-FIFO-True n_req: 13000000, n_miss: 11449158, miss ratio: 0.8807, disk write 276019200 + 0 (0.0004)
13:01:19: INFO [flashield.py:170 (root)]: 	w01.oracleGeneral.bin-0.001-FIFO-True n_req: 14000000, n_miss: 12438472, miss ratio: 0.8885, disk write 276019200 + 0 (0.0004)
13:03:01: INFO [flashield.py:170 (root)]: 	w01.oracleGeneral.bin-0.001-FIFO-True n_req: 15000000, n_miss: 13425717, miss ratio: 0.8950, disk write 276019200 + 0 (0.0004)
13:04:43: INFO [flashield.py:170 (root)]: 	w01.oracleGeneral.bin-0.001-FIFO-True n_req: 16000000, n_miss: 14418033, miss ratio: 0.9011, disk write 276019200 + 0 (0.0004)
13:06:30: INFO [flashield.py:170 (root)]: 	w01.oracleGeneral.bin-0.001-FIFO-True n_req: 17000000, n_miss: 15409686, miss ratio: 0.9065, disk write 276019200 + 0 (0.0004)
13:08:11: INFO [flashield.py:170 (root)]: 	w01.oracleGeneral.bin-0.001-FIFO-True n_req: 18000000, n_miss: 16398519, miss ratio: 0.9110, disk write 276019200 + 0 (0.0004)
13:09:47: INFO [flashield.py:170 (root)]: 	w01.oracleGeneral.bin-0.001-FIFO-True n_req: 19000000, n_miss: 17329957, miss ratio: 0.9121, disk write 276019200 + 0 (0.0004)
13:11:13: INFO [flashield.py:170 (root)]: 	w01.oracleGeneral.bin-0.001-FIFO-True n_req: 20000000, n_miss: 18135236, miss ratio: 0.9068, disk write 276019200 + 0 (0.0004)
13:12:36: INFO [flashield.py:170 (root)]: 	w01.oracleGeneral.bin-0.001-FIFO-True n_req: 21000000, n_miss: 18938551, miss ratio: 0.9018, disk write 276019200 + 0 (0.0004)
13:14:01: INFO [flashield.py:170 (root)]: 	w01.oracleGeneral.bin-0.001-FIFO-True n_req: 22000000, n_miss: 19736535, miss ratio: 0.8971, disk write 276019200 + 0 (0.0004)
13:15:27: INFO [flashield.py:170 (root)]: 	w01.oracleGeneral.bin-0.001-FIFO-True n_req: 23000000, n_miss: 20572977, miss ratio: 0.8945, disk write 276019200 + 0 (0.0004)
13:17:11: INFO [flashield.py:170 (root)]: 	w01.oracleGeneral.bin-0.001-FIFO-True n_req: 24000000, n_miss: 21572835, miss ratio: 0.8989, disk write 276019200 + 0 (0.0004)
13:18:51: INFO [flashield.py:170 (root)]: 	w01.oracleGeneral.bin-0.001-FIFO-True n_req: 25000000, n_miss: 22539022, miss ratio: 0.9016, disk write 276019200 + 0 (0.0004)
13:20:32: INFO [flashield.py:170 (root)]: 	w01.oracleGeneral.bin-0.001-FIFO-True n_req: 26000000, n_miss: 23510673, miss ratio: 0.9043, disk write 276019200 + 0 (0.0004)
13:22:14: INFO [flashield.py:170 (root)]: 	w01.oracleGeneral.bin-0.001-FIFO-True n_req: 27000000, n_miss: 24482981, miss ratio: 0.9068, disk write 276019200 + 0 (0.0004)
13:23:54: INFO [flashield.py:170 (root)]: 	w01.oracleGeneral.bin-0.001-FIFO-True n_req: 28000000, n_miss: 25459924, miss ratio: 0.9093, disk write 276019200 + 0 (0.0004)
13:25:37: INFO [flashield.py:170 (root)]: 	w01.oracleGeneral.bin-0.001-FIFO-True n_req: 29000000, n_miss: 26431623, miss ratio: 0.9114, disk write 276019200 + 0 (0.0004)
13:27:18: INFO [flashield.py:170 (root)]: 	w01.oracleGeneral.bin-0.001-FIFO-True n_req: 30000000, n_miss: 27412351, miss ratio: 0.9137, disk write 276019200 + 0 (0.0004)
13:28:59: INFO [flashield.py:170 (root)]: 	w01.oracleGeneral.bin-0.001-FIFO-True n_req: 31000000, n_miss: 28382785, miss ratio: 0.9156, disk write 276019200 + 0 (0.0004)
13:30:39: INFO [flashield.py:170 (root)]: 	w01.oracleGeneral.bin-0.001-FIFO-True n_req: 32000000, n_miss: 29326857, miss ratio: 0.9165, disk write 276019200 + 0 (0.0004)
13:32:15: INFO [flashield.py:170 (root)]: 	w01.oracleGeneral.bin-0.001-FIFO-True n_req: 33000000, n_miss: 30247646, miss ratio: 0.9166, disk write 276019200 + 0 (0.0004)
13:33:52: INFO [flashield.py:170 (root)]: 	w01.oracleGeneral.bin-0.001-FIFO-True n_req: 34000000, n_miss: 31175443, miss ratio: 0.9169, disk write 276019200 + 0 (0.0004)
13:35:26: INFO [flashield.py:170 (root)]: 	w01.oracleGeneral.bin-0.001-FIFO-True n_req: 35000000, n_miss: 32067099, miss ratio: 0.9162, disk write 276019200 + 0 (0.0004)
13:36:59: INFO [flashield.py:170 (root)]: 	w01.oracleGeneral.bin-0.001-FIFO-True n_req: 36000000, n_miss: 32964759, miss ratio: 0.9157, disk write 276019200 + 0 (0.0004)
13:38:41: INFO [flashield.py:170 (root)]: 	w01.oracleGeneral.bin-0.001-FIFO-True n_req: 37000000, n_miss: 33935694, miss ratio: 0.9172, disk write 276019200 + 0 (0.0004)
13:40:11: INFO [flashield.py:170 (root)]: 	w01.oracleGeneral.bin-0.001-FIFO-True n_req: 38000000, n_miss: 34797625, miss ratio: 0.9157, disk write 276019200 + 0 (0.0004)
13:41:37: INFO [flashield.py:170 (root)]: 	w01.oracleGeneral.bin-0.001-FIFO-True n_req: 39000000, n_miss: 35624846, miss ratio: 0.9135, disk write 276019200 + 0 (0.0004)
13:43:04: INFO [flashield.py:170 (root)]: 	w01.oracleGeneral.bin-0.001-FIFO-True n_req: 40000000, n_miss: 36454538, miss ratio: 0.9114, disk write 276019200 + 0 (0.0004)
13:44:47: INFO [flashield.py:170 (root)]: 	w01.oracleGeneral.bin-0.001-FIFO-True n_req: 41000000, n_miss: 37440452, miss ratio: 0.9132, disk write 276019200 + 0 (0.0004)
13:46:29: INFO [flashield.py:170 (root)]: 	w01.oracleGeneral.bin-0.001-FIFO-True n_req: 42000000, n_miss: 38434073, miss ratio: 0.9151, disk write 276019200 + 0 (0.0004)
13:48:09: INFO [flashield.py:170 (root)]: 	w01.oracleGeneral.bin-0.001-FIFO-True n_req: 43000000, n_miss: 39392762, miss ratio: 0.9161, disk write 276019200 + 0 (0.0004)
13:49:50: INFO [flashield.py:170 (root)]: 	w01.oracleGeneral.bin-0.001-FIFO-True n_req: 44000000, n_miss: 40358728, miss ratio: 0.9172, disk write 276019200 + 0 (0.0004)
13:51:32: INFO [flashield.py:170 (root)]: 	w01.oracleGeneral.bin-0.001-FIFO-True n_req: 45000000, n_miss: 41338957, miss ratio: 0.9186, disk write 276019200 + 0 (0.0004)
13:53:14: INFO [flashield.py:170 (root)]: 	w01.oracleGeneral.bin-0.001-FIFO-True n_req: 46000000, n_miss: 42326866, miss ratio: 0.9201, disk write 276019200 + 0 (0.0004)
13:54:59: INFO [flashield.py:170 (root)]: 	w01.oracleGeneral.bin-0.001-FIFO-True n_req: 47000000, n_miss: 43314153, miss ratio: 0.9216, disk write 276019200 + 0 (0.0004)
13:56:44: INFO [flashield.py:170 (root)]: 	w01.oracleGeneral.bin-0.001-FIFO-True n_req: 48000000, n_miss: 44297234, miss ratio: 0.9229, disk write 276019200 + 0 (0.0004)
13:58:25: INFO [flashield.py:170 (root)]: 	w01.oracleGeneral.bin-0.001-FIFO-True n_req: 49000000, n_miss: 45284489, miss ratio: 0.9242, disk write 276019200 + 0 (0.0004)
14:00:11: INFO [flashield.py:170 (root)]: 	w01.oracleGeneral.bin-0.001-FIFO-True n_req: 50000000, n_miss: 46274681, miss ratio: 0.9255, disk write 276019200 + 0 (0.0004)
14:01:54: INFO [flashield.py:170 (root)]: 	w01.oracleGeneral.bin-0.001-FIFO-True n_req: 51000000, n_miss: 47261091, miss ratio: 0.9267, disk write 276019200 + 0 (0.0004)
14:03:40: INFO [flashield.py:170 (root)]: 	w01.oracleGeneral.bin-0.001-FIFO-True n_req: 52000000, n_miss: 48250165, miss ratio: 0.9279, disk write 276019200 + 0 (0.0004)
14:05:22: INFO [flashield.py:170 (root)]: 	w01.oracleGeneral.bin-0.001-FIFO-True n_req: 53000000, n_miss: 49231164, miss ratio: 0.9289, disk write 276019200 + 0 (0.0004)
14:06:59: INFO [flashield.py:170 (root)]: 	w01.oracleGeneral.bin-0.001-FIFO-True n_req: 54000000, n_miss: 50174907, miss ratio: 0.9292, disk write 276019200 + 0 (0.0004)
14:08:39: INFO [flashield.py:170 (root)]: 	w01.oracleGeneral.bin-0.001-FIFO-True n_req: 55000000, n_miss: 51116135, miss ratio: 0.9294, disk write 276019200 + 0 (0.0004)
14:10:22: INFO [flashield.py:170 (root)]: 	w01.oracleGeneral.bin-0.001-FIFO-True n_req: 56000000, n_miss: 52091078, miss ratio: 0.9302, disk write 276019200 + 0 (0.0004)
14:12:06: INFO [flashield.py:170 (root)]: 	w01.oracleGeneral.bin-0.001-FIFO-True n_req: 57000000, n_miss: 53060478, miss ratio: 0.9309, disk write 276019200 + 0 (0.0004)
14:13:45: INFO [flashield.py:170 (root)]: 	w01.oracleGeneral.bin-0.001-FIFO-True n_req: 58000000, n_miss: 54026756, miss ratio: 0.9315, disk write 276019200 + 0 (0.0004)
14:15:29: INFO [flashield.py:170 (root)]: 	w01.oracleGeneral.bin-0.001-FIFO-True n_req: 59000000, n_miss: 54989823, miss ratio: 0.9320, disk write 276019200 + 0 (0.0004)
14:17:07: INFO [flashield.py:170 (root)]: 	w01.oracleGeneral.bin-0.001-FIFO-True n_req: 60000000, n_miss: 55912956, miss ratio: 0.9319, disk write 276019200 + 0 (0.0004)
14:18:45: INFO [flashield.py:170 (root)]: 	w01.oracleGeneral.bin-0.001-FIFO-True n_req: 61000000, n_miss: 56822497, miss ratio: 0.9315, disk write 276019200 + 0 (0.0004)
14:20:21: INFO [flashield.py:170 (root)]: 	w01.oracleGeneral.bin-0.001-FIFO-True n_req: 62000000, n_miss: 57783832, miss ratio: 0.9320, disk write 276019200 + 0 (0.0004)
14:22:00: INFO [flashield.py:170 (root)]: 	w01.oracleGeneral.bin-0.001-FIFO-True n_req: 63000000, n_miss: 58723760, miss ratio: 0.9321, disk write 276019200 + 0 (0.0004)
14:23:34: INFO [flashield.py:170 (root)]: 	w01.oracleGeneral.bin-0.001-FIFO-True n_req: 64000000, n_miss: 59648534, miss ratio: 0.9320, disk write 276019200 + 0 (0.0004)
14:25:08: INFO [flashield.py:170 (root)]: 	w01.oracleGeneral.bin-0.001-FIFO-True n_req: 65000000, n_miss: 60588422, miss ratio: 0.9321, disk write 276019200 + 0 (0.0004)
14:26:48: INFO [flashield.py:170 (root)]: 	w01.oracleGeneral.bin-0.001-FIFO-True n_req: 66000000, n_miss: 61542767, miss ratio: 0.9325, disk write 276019200 + 0 (0.0004)
14:28:26: INFO [flashield.py:170 (root)]: 	w01.oracleGeneral.bin-0.001-FIFO-True n_req: 67000000, n_miss: 62515541, miss ratio: 0.9331, disk write 276019200 + 0 (0.0004)
14:30:02: INFO [flashield.py:170 (root)]: 	w01.oracleGeneral.bin-0.001-FIFO-True n_req: 68000000, n_miss: 63465507, miss ratio: 0.9333, disk write 276019200 + 0 (0.0004)
14:31:42: INFO [flashield.py:170 (root)]: 	w01.oracleGeneral.bin-0.001-FIFO-True n_req: 69000000, n_miss: 64418159, miss ratio: 0.9336, disk write 276019200 + 0 (0.0004)
14:33:24: INFO [flashield.py:170 (root)]: 	w01.oracleGeneral.bin-0.001-FIFO-True n_req: 70000000, n_miss: 65395780, miss ratio: 0.9342, disk write 276019200 + 0 (0.0004)
14:35:05: INFO [flashield.py:170 (root)]: 	w01.oracleGeneral.bin-0.001-FIFO-True n_req: 71000000, n_miss: 66359513, miss ratio: 0.9346, disk write 276019200 + 0 (0.0004)
14:36:45: INFO [flashield.py:170 (root)]: 	w01.oracleGeneral.bin-0.001-FIFO-True n_req: 72000000, n_miss: 67320224, miss ratio: 0.9350, disk write 276019200 + 0 (0.0004)
14:38:25: INFO [flashield.py:170 (root)]: 	w01.oracleGeneral.bin-0.001-FIFO-True n_req: 73000000, n_miss: 68299513, miss ratio: 0.9356, disk write 276019200 + 0 (0.0004)
14:40:02: INFO [flashield.py:170 (root)]: 	w01.oracleGeneral.bin-0.001-FIFO-True n_req: 74000000, n_miss: 69230538, miss ratio: 0.9355, disk write 276019200 + 0 (0.0004)
14:41:37: INFO [flashield.py:170 (root)]: 	w01.oracleGeneral.bin-0.001-FIFO-True n_req: 75000000, n_miss: 70145086, miss ratio: 0.9353, disk write 276019200 + 0 (0.0004)
14:43:10: INFO [flashield.py:170 (root)]: 	w01.oracleGeneral.bin-0.001-FIFO-True n_req: 76000000, n_miss: 71024388, miss ratio: 0.9345, disk write 276019200 + 0 (0.0004)
14:44:48: INFO [flashield.py:170 (root)]: 	w01.oracleGeneral.bin-0.001-FIFO-True n_req: 77000000, n_miss: 71937965, miss ratio: 0.9343, disk write 276019200 + 0 (0.0004)
14:46:28: INFO [flashield.py:170 (root)]: 	w01.oracleGeneral.bin-0.001-FIFO-True n_req: 78000000, n_miss: 72905149, miss ratio: 0.9347, disk write 276019200 + 0 (0.0004)
14:48:09: INFO [flashield.py:170 (root)]: 	w01.oracleGeneral.bin-0.001-FIFO-True n_req: 79000000, n_miss: 73889775, miss ratio: 0.9353, disk write 276019200 + 0 (0.0004)
14:49:51: INFO [flashield.py:170 (root)]: 	w01.oracleGeneral.bin-0.001-FIFO-True n_req: 80000000, n_miss: 74870182, miss ratio: 0.9359, disk write 276019200 + 0 (0.0004)
14:51:33: INFO [flashield.py:170 (root)]: 	w01.oracleGeneral.bin-0.001-FIFO-True n_req: 81000000, n_miss: 75849360, miss ratio: 0.9364, disk write 276019200 + 0 (0.0004)
14:53:15: INFO [flashield.py:170 (root)]: 	w01.oracleGeneral.bin-0.001-FIFO-True n_req: 82000000, n_miss: 76806113, miss ratio: 0.9367, disk write 276019200 + 0 (0.0004)
14:54:54: INFO [flashield.py:170 (root)]: 	w01.oracleGeneral.bin-0.001-FIFO-True n_req: 83000000, n_miss: 77764088, miss ratio: 0.9369, disk write 276019200 + 0 (0.0004)
14:56:35: INFO [flashield.py:170 (root)]: 	w01.oracleGeneral.bin-0.001-FIFO-True n_req: 84000000, n_miss: 78728333, miss ratio: 0.9372, disk write 276019200 + 0 (0.0004)
14:58:11: INFO [flashield.py:170 (root)]: 	w01.oracleGeneral.bin-0.001-FIFO-True n_req: 85000000, n_miss: 79626378, miss ratio: 0.9368, disk write 276019200 + 0 (0.0004)
14:59:35: INFO [flashield.py:170 (root)]: 	w01.oracleGeneral.bin-0.001-FIFO-True n_req: 86000000, n_miss: 80436705, miss ratio: 0.9353, disk write 276019200 + 0 (0.0004)
15:01:04: INFO [flashield.py:170 (root)]: 	w01.oracleGeneral.bin-0.001-FIFO-True n_req: 87000000, n_miss: 81268902, miss ratio: 0.9341, disk write 276019200 + 0 (0.0004)
15:02:29: INFO [flashield.py:170 (root)]: 	w01.oracleGeneral.bin-0.001-FIFO-True n_req: 88000000, n_miss: 82077579, miss ratio: 0.9327, disk write 276019200 + 0 (0.0004)
15:04:06: INFO [flashield.py:170 (root)]: 	w01.oracleGeneral.bin-0.001-FIFO-True n_req: 89000000, n_miss: 82989295, miss ratio: 0.9325, disk write 276019200 + 0 (0.0004)
15:05:28: INFO [flashield.py:170 (root)]: 	w01.oracleGeneral.bin-0.001-FIFO-True n_req: 90000000, n_miss: 83769655, miss ratio: 0.9308, disk write 276019200 + 0 (0.0004)
15:07:02: INFO [flashield.py:170 (root)]: 	w01.oracleGeneral.bin-0.001-FIFO-True n_req: 91000000, n_miss: 84665416, miss ratio: 0.9304, disk write 276019200 + 0 (0.0004)
15:08:37: INFO [flashield.py:170 (root)]: 	w01.oracleGeneral.bin-0.001-FIFO-True n_req: 92000000, n_miss: 85565011, miss ratio: 0.9301, disk write 276019200 + 0 (0.0004)
15:10:05: INFO [flashield.py:170 (root)]: 	w01.oracleGeneral.bin-0.001-FIFO-True n_req: 93000000, n_miss: 86401160, miss ratio: 0.9290, disk write 276019200 + 0 (0.0004)
15:11:44: INFO [flashield.py:170 (root)]: 	w01.oracleGeneral.bin-0.001-FIFO-True n_req: 94000000, n_miss: 87346577, miss ratio: 0.9292, disk write 276019200 + 0 (0.0004)
15:13:24: INFO [flashield.py:170 (root)]: 	w01.oracleGeneral.bin-0.001-FIFO-True n_req: 95000000, n_miss: 88297333, miss ratio: 0.9294, disk write 276019200 + 0 (0.0004)
15:14:58: INFO [flashield.py:170 (root)]: 	w01.oracleGeneral.bin-0.001-FIFO-True n_req: 96000000, n_miss: 89185434, miss ratio: 0.9290, disk write 276019200 + 0 (0.0004)
15:16:36: INFO [flashield.py:170 (root)]: 	w01.oracleGeneral.bin-0.001-FIFO-True n_req: 97000000, n_miss: 90127320, miss ratio: 0.9291, disk write 276019200 + 0 (0.0004)
15:18:16: INFO [flashield.py:170 (root)]: 	w01.oracleGeneral.bin-0.001-FIFO-True n_req: 98000000, n_miss: 91084396, miss ratio: 0.9294, disk write 276019200 + 0 (0.0004)
15:19:54: INFO [flashield.py:170 (root)]: 	w01.oracleGeneral.bin-0.001-FIFO-True n_req: 99000000, n_miss: 92025927, miss ratio: 0.9296, disk write 276019200 + 0 (0.0004)
15:21:36: INFO [flashield.py:170 (root)]: 	w01.oracleGeneral.bin-0.001-FIFO-True n_req: 100000000, n_miss: 92985635, miss ratio: 0.9299, disk write 276019200 + 0 (0.0004)
15:23:18: INFO [flashield.py:170 (root)]: 	w01.oracleGeneral.bin-0.001-FIFO-True n_req: 101000000, n_miss: 93970669, miss ratio: 0.9304, disk write 276019200 + 0 (0.0004)
15:25:01: INFO [flashield.py:170 (root)]: 	w01.oracleGeneral.bin-0.001-FIFO-True n_req: 102000000, n_miss: 94959096, miss ratio: 0.9310, disk write 276019200 + 0 (0.0004)
15:26:47: INFO [flashield.py:170 (root)]: 	w01.oracleGeneral.bin-0.001-FIFO-True n_req: 103000000, n_miss: 95945034, miss ratio: 0.9315, disk write 276019200 + 0 (0.0004)
15:28:29: INFO [flashield.py:170 (root)]: 	w01.oracleGeneral.bin-0.001-FIFO-True n_req: 104000000, n_miss: 96929089, miss ratio: 0.9320, disk write 276019200 + 0 (0.0004)
15:30:11: INFO [flashield.py:170 (root)]: 	w01.oracleGeneral.bin-0.001-FIFO-True n_req: 105000000, n_miss: 97895830, miss ratio: 0.9323, disk write 276019200 + 0 (0.0004)
15:31:47: INFO [flashield.py:170 (root)]: 	w01.oracleGeneral.bin-0.001-FIFO-True n_req: 106000000, n_miss: 98827547, miss ratio: 0.9323, disk write 276019200 + 0 (0.0004)
15:33:27: INFO [flashield.py:170 (root)]: 	w01.oracleGeneral.bin-0.001-FIFO-True n_req: 107000000, n_miss: 99761104, miss ratio: 0.9323, disk write 276019200 + 0 (0.0004)
15:35:09: INFO [flashield.py:170 (root)]: 	w01.oracleGeneral.bin-0.001-FIFO-True n_req: 108000000, n_miss: 100724478, miss ratio: 0.9326, disk write 276019200 + 0 (0.0004)
15:36:42: INFO [flashield.py:170 (root)]: 	w01.oracleGeneral.bin-0.001-FIFO-True n_req: 109000000, n_miss: 101623065, miss ratio: 0.9323, disk write 276019200 + 0 (0.0004)
15:38:14: INFO [flashield.py:170 (root)]: 	w01.oracleGeneral.bin-0.001-FIFO-True n_req: 110000000, n_miss: 102489084, miss ratio: 0.9317, disk write 276019200 + 0 (0.0004)
15:39:43: INFO [flashield.py:170 (root)]: 	w01.oracleGeneral.bin-0.001-FIFO-True n_req: 111000000, n_miss: 103329046, miss ratio: 0.9309, disk write 276019200 + 0 (0.0004)
15:41:14: INFO [flashield.py:170 (root)]: 	w01.oracleGeneral.bin-0.001-FIFO-True n_req: 112000000, n_miss: 104210864, miss ratio: 0.9305, disk write 276019200 + 0 (0.0004)
15:42:55: INFO [flashield.py:170 (root)]: 	w01.oracleGeneral.bin-0.001-FIFO-True n_req: 113000000, n_miss: 105166353, miss ratio: 0.9307, disk write 276019200 + 0 (0.0004)
15:44:41: INFO [flashield.py:170 (root)]: 	w01.oracleGeneral.bin-0.001-FIFO-True n_req: 114000000, n_miss: 106159407, miss ratio: 0.9312, disk write 276019200 + 0 (0.0004)
15:46:20: INFO [flashield.py:170 (root)]: 	w01.oracleGeneral.bin-0.001-FIFO-True n_req: 115000000, n_miss: 107090778, miss ratio: 0.9312, disk write 276019200 + 0 (0.0004)
15:47:54: INFO [flashield.py:170 (root)]: 	w01.oracleGeneral.bin-0.001-FIFO-True n_req: 116000000, n_miss: 107958412, miss ratio: 0.9307, disk write 276019200 + 0 (0.0004)
15:49:30: INFO [flashield.py:170 (root)]: 	w01.oracleGeneral.bin-0.001-FIFO-True n_req: 117000000, n_miss: 108862909, miss ratio: 0.9305, disk write 276019200 + 0 (0.0004)
15:51:02: INFO [flashield.py:170 (root)]: 	w01.oracleGeneral.bin-0.001-FIFO-True n_req: 118000000, n_miss: 109737823, miss ratio: 0.9300, disk write 276019200 + 0 (0.0004)
15:52:42: INFO [flashield.py:170 (root)]: 	w01.oracleGeneral.bin-0.001-FIFO-True n_req: 119000000, n_miss: 110689971, miss ratio: 0.9302, disk write 276019200 + 0 (0.0004)
15:54:20: INFO [flashield.py:170 (root)]: 	w01.oracleGeneral.bin-0.001-FIFO-True n_req: 120000000, n_miss: 111631264, miss ratio: 0.9303, disk write 276019200 + 0 (0.0004)
15:55:59: INFO [flashield.py:170 (root)]: 	w01.oracleGeneral.bin-0.001-FIFO-True n_req: 121000000, n_miss: 112600713, miss ratio: 0.9306, disk write 276019200 + 0 (0.0004)
15:57:38: INFO [flashield.py:170 (root)]: 	w01.oracleGeneral.bin-0.001-FIFO-True n_req: 122000000, n_miss: 113548638, miss ratio: 0.9307, disk write 276019200 + 0 (0.0004)
15:59:19: INFO [flashield.py:170 (root)]: 	w01.oracleGeneral.bin-0.001-FIFO-True n_req: 123000000, n_miss: 114495781, miss ratio: 0.9309, disk write 276019200 + 0 (0.0004)
16:01:01: INFO [flashield.py:170 (root)]: 	w01.oracleGeneral.bin-0.001-FIFO-True n_req: 124000000, n_miss: 115458484, miss ratio: 0.9311, disk write 276019200 + 0 (0.0004)
16:02:43: INFO [flashield.py:170 (root)]: 	w01.oracleGeneral.bin-0.001-FIFO-True n_req: 125000000, n_miss: 116438003, miss ratio: 0.9315, disk write 276019200 + 0 (0.0004)
16:04:23: INFO [flashield.py:170 (root)]: 	w01.oracleGeneral.bin-0.001-FIFO-True n_req: 126000000, n_miss: 117400614, miss ratio: 0.9318, disk write 276019200 + 0 (0.0004)
16:06:06: INFO [flashield.py:170 (root)]: 	w01.oracleGeneral.bin-0.001-FIFO-True n_req: 127000000, n_miss: 118377873, miss ratio: 0.9321, disk write 276019200 + 0 (0.0004)
16:07:50: INFO [flashield.py:170 (root)]: 	w01.oracleGeneral.bin-0.001-FIFO-True n_req: 128000000, n_miss: 119354081, miss ratio: 0.9325, disk write 276019200 + 0 (0.0004)
16:09:34: INFO [flashield.py:170 (root)]: 	w01.oracleGeneral.bin-0.001-FIFO-True n_req: 129000000, n_miss: 120346229, miss ratio: 0.9329, disk write 276019200 + 0 (0.0004)
16:11:21: INFO [flashield.py:170 (root)]: 	w01.oracleGeneral.bin-0.001-FIFO-True n_req: 130000000, n_miss: 121333239, miss ratio: 0.9333, disk write 276019200 + 0 (0.0004)
16:13:02: INFO [flashield.py:170 (root)]: 	w01.oracleGeneral.bin-0.001-FIFO-True n_req: 131000000, n_miss: 122300902, miss ratio: 0.9336, disk write 276019200 + 0 (0.0004)
16:14:44: INFO [flashield.py:170 (root)]: 	w01.oracleGeneral.bin-0.001-FIFO-True n_req: 132000000, n_miss: 123284871, miss ratio: 0.9340, disk write 276019200 + 0 (0.0004)
16:16:25: INFO [flashield.py:170 (root)]: 	w01.oracleGeneral.bin-0.001-FIFO-True n_req: 133000000, n_miss: 124254883, miss ratio: 0.9342, disk write 276019200 + 0 (0.0004)
16:18:05: INFO [flashield.py:170 (root)]: 	w01.oracleGeneral.bin-0.001-FIFO-True n_req: 134000000, n_miss: 125218228, miss ratio: 0.9345, disk write 276019200 + 0 (0.0004)
16:19:47: INFO [flashield.py:170 (root)]: 	w01.oracleGeneral.bin-0.001-FIFO-True n_req: 135000000, n_miss: 126196785, miss ratio: 0.9348, disk write 276019200 + 0 (0.0004)
16:21:27: INFO [flashield.py:170 (root)]: 	w01.oracleGeneral.bin-0.001-FIFO-True n_req: 136000000, n_miss: 127147912, miss ratio: 0.9349, disk write 276019200 + 0 (0.0004)
16:23:06: INFO [flashield.py:170 (root)]: 	w01.oracleGeneral.bin-0.001-FIFO-True n_req: 137000000, n_miss: 128096439, miss ratio: 0.9350, disk write 276019200 + 0 (0.0004)
16:24:45: INFO [flashield.py:170 (root)]: 	w01.oracleGeneral.bin-0.001-FIFO-True n_req: 138000000, n_miss: 129037392, miss ratio: 0.9351, disk write 276019200 + 0 (0.0004)
16:26:26: INFO [flashield.py:170 (root)]: 	w01.oracleGeneral.bin-0.001-FIFO-True n_req: 139000000, n_miss: 129991602, miss ratio: 0.9352, disk write 276019200 + 0 (0.0004)
16:27:58: INFO [flashield.py:170 (root)]: 	w01.oracleGeneral.bin-0.001-FIFO-True n_req: 140000000, n_miss: 130868020, miss ratio: 0.9348, disk write 276019200 + 0 (0.0004)
16:29:33: INFO [flashield.py:170 (root)]: 	w01.oracleGeneral.bin-0.001-FIFO-True n_req: 141000000, n_miss: 131770531, miss ratio: 0.9345, disk write 276019200 + 0 (0.0004)
16:31:08: INFO [flashield.py:170 (root)]: 	w01.oracleGeneral.bin-0.001-FIFO-True n_req: 142000000, n_miss: 132658591, miss ratio: 0.9342, disk write 276019200 + 0 (0.0004)
16:32:45: INFO [flashield.py:170 (root)]: 	w01.oracleGeneral.bin-0.001-FIFO-True n_req: 143000000, n_miss: 133578809, miss ratio: 0.9341, disk write 276019200 + 0 (0.0004)
16:34:18: INFO [flashield.py:170 (root)]: 	w01.oracleGeneral.bin-0.001-FIFO-True n_req: 144000000, n_miss: 134472874, miss ratio: 0.9338, disk write 276019200 + 0 (0.0004)
16:35:54: INFO [flashield.py:170 (root)]: 	w01.oracleGeneral.bin-0.001-FIFO-True n_req: 145000000, n_miss: 135380376, miss ratio: 0.9337, disk write 276019200 + 0 (0.0004)
16:37:31: INFO [flashield.py:170 (root)]: 	w01.oracleGeneral.bin-0.001-FIFO-True n_req: 146000000, n_miss: 136291584, miss ratio: 0.9335, disk write 276019200 + 0 (0.0004)
16:39:09: INFO [flashield.py:170 (root)]: 	w01.oracleGeneral.bin-0.001-FIFO-True n_req: 147000000, n_miss: 137189069, miss ratio: 0.9333, disk write 276019200 + 0 (0.0004)
16:40:46: INFO [flashield.py:170 (root)]: 	w01.oracleGeneral.bin-0.001-FIFO-True n_req: 148000000, n_miss: 138112772, miss ratio: 0.9332, disk write 276019200 + 0 (0.0004)
16:42:21: INFO [flashield.py:170 (root)]: 	w01.oracleGeneral.bin-0.001-FIFO-True n_req: 149000000, n_miss: 139015391, miss ratio: 0.9330, disk write 276019200 + 0 (0.0004)
16:43:56: INFO [flashield.py:170 (root)]: 	w01.oracleGeneral.bin-0.001-FIFO-True n_req: 150000000, n_miss: 139928441, miss ratio: 0.9329, disk write 276019200 + 0 (0.0004)
16:45:29: INFO [flashield.py:170 (root)]: 	w01.oracleGeneral.bin-0.001-FIFO-True n_req: 151000000, n_miss: 140822256, miss ratio: 0.9326, disk write 276019200 + 0 (0.0004)
16:47:02: INFO [flashield.py:170 (root)]: 	w01.oracleGeneral.bin-0.001-FIFO-True n_req: 152000000, n_miss: 141711996, miss ratio: 0.9323, disk write 276019200 + 0 (0.0004)
16:48:38: INFO [flashield.py:170 (root)]: 	w01.oracleGeneral.bin-0.001-FIFO-True n_req: 153000000, n_miss: 142613421, miss ratio: 0.9321, disk write 276019200 + 0 (0.0004)
16:50:09: INFO [flashield.py:170 (root)]: 	w01.oracleGeneral.bin-0.001-FIFO-True n_req: 154000000, n_miss: 143483442, miss ratio: 0.9317, disk write 276019200 + 0 (0.0004)
16:51:42: INFO [flashield.py:170 (root)]: 	w01.oracleGeneral.bin-0.001-FIFO-True n_req: 155000000, n_miss: 144361515, miss ratio: 0.9314, disk write 276019200 + 0 (0.0004)
16:53:14: INFO [flashield.py:170 (root)]: 	w01.oracleGeneral.bin-0.001-FIFO-True n_req: 156000000, n_miss: 145242837, miss ratio: 0.9310, disk write 276019200 + 0 (0.0004)
16:54:48: INFO [flashield.py:170 (root)]: 	w01.oracleGeneral.bin-0.001-FIFO-True n_req: 157000000, n_miss: 146133005, miss ratio: 0.9308, disk write 276019200 + 0 (0.0004)
16:56:23: INFO [flashield.py:170 (root)]: 	w01.oracleGeneral.bin-0.001-FIFO-True n_req: 158000000, n_miss: 147033863, miss ratio: 0.9306, disk write 276019200 + 0 (0.0004)
16:58:02: INFO [flashield.py:170 (root)]: 	w01.oracleGeneral.bin-0.001-FIFO-True n_req: 159000000, n_miss: 147972075, miss ratio: 0.9306, disk write 276019200 + 0 (0.0004)
16:59:40: INFO [flashield.py:170 (root)]: 	w01.oracleGeneral.bin-0.001-FIFO-True n_req: 160000000, n_miss: 148925489, miss ratio: 0.9308, disk write 276019200 + 0 (0.0004)
17:01:17: INFO [flashield.py:170 (root)]: 	w01.oracleGeneral.bin-0.001-FIFO-True n_req: 161000000, n_miss: 149844296, miss ratio: 0.9307, disk write 276019200 + 0 (0.0004)
17:02:58: INFO [flashield.py:170 (root)]: 	w01.oracleGeneral.bin-0.001-FIFO-True n_req: 162000000, n_miss: 150816483, miss ratio: 0.9310, disk write 276019200 + 0 (0.0004)
17:04:34: INFO [flashield.py:170 (root)]: 	w01.oracleGeneral.bin-0.001-FIFO-True n_req: 163000000, n_miss: 151746080, miss ratio: 0.9310, disk write 276019200 + 0 (0.0004)
17:06:11: INFO [flashield.py:170 (root)]: 	w01.oracleGeneral.bin-0.001-FIFO-True n_req: 164000000, n_miss: 152677399, miss ratio: 0.9310, disk write 276019200 + 0 (0.0004)
17:07:48: INFO [flashield.py:170 (root)]: 	w01.oracleGeneral.bin-0.001-FIFO-True n_req: 165000000, n_miss: 153606943, miss ratio: 0.9310, disk write 276019200 + 0 (0.0004)
17:09:24: INFO [flashield.py:170 (root)]: 	w01.oracleGeneral.bin-0.001-FIFO-True n_req: 166000000, n_miss: 154522333, miss ratio: 0.9309, disk write 276019200 + 0 (0.0004)
17:11:04: INFO [flashield.py:170 (root)]: 	w01.oracleGeneral.bin-0.001-FIFO-True n_req: 167000000, n_miss: 155489153, miss ratio: 0.9311, disk write 276019200 + 0 (0.0004)
17:12:45: INFO [flashield.py:170 (root)]: 	w01.oracleGeneral.bin-0.001-FIFO-True n_req: 168000000, n_miss: 156449901, miss ratio: 0.9312, disk write 276019200 + 0 (0.0004)
17:14:25: INFO [flashield.py:170 (root)]: 	w01.oracleGeneral.bin-0.001-FIFO-True n_req: 169000000, n_miss: 157400958, miss ratio: 0.9314, disk write 276019200 + 0 (0.0004)
17:16:06: INFO [flashield.py:170 (root)]: 	w01.oracleGeneral.bin-0.001-FIFO-True n_req: 170000000, n_miss: 158358224, miss ratio: 0.9315, disk write 276019200 + 0 (0.0004)
17:17:47: INFO [flashield.py:170 (root)]: 	w01.oracleGeneral.bin-0.001-FIFO-True n_req: 171000000, n_miss: 159321640, miss ratio: 0.9317, disk write 276019200 + 0 (0.0004)
17:19:27: INFO [flashield.py:170 (root)]: 	w01.oracleGeneral.bin-0.001-FIFO-True n_req: 172000000, n_miss: 160274901, miss ratio: 0.9318, disk write 276019200 + 0 (0.0004)
17:21:02: INFO [flashield.py:170 (root)]: 	w01.oracleGeneral.bin-0.001-FIFO-True n_req: 173000000, n_miss: 161180559, miss ratio: 0.9317, disk write 276019200 + 0 (0.0004)
17:22:40: INFO [flashield.py:170 (root)]: 	w01.oracleGeneral.bin-0.001-FIFO-True n_req: 174000000, n_miss: 162106607, miss ratio: 0.9316, disk write 276019200 + 0 (0.0004)
17:24:17: INFO [flashield.py:170 (root)]: 	w01.oracleGeneral.bin-0.001-FIFO-True n_req: 175000000, n_miss: 163009971, miss ratio: 0.9315, disk write 276019200 + 0 (0.0004)
17:25:53: INFO [flashield.py:170 (root)]: 	w01.oracleGeneral.bin-0.001-FIFO-True n_req: 176000000, n_miss: 163928137, miss ratio: 0.9314, disk write 276019200 + 0 (0.0004)
17:27:22: INFO [flashield.py:170 (root)]: 	w01.oracleGeneral.bin-0.001-FIFO-True n_req: 177000000, n_miss: 164749798, miss ratio: 0.9308, disk write 276019200 + 0 (0.0004)
17:28:49: INFO [flashield.py:170 (root)]: 	w01.oracleGeneral.bin-0.001-FIFO-True n_req: 178000000, n_miss: 165562180, miss ratio: 0.9301, disk write 276019200 + 0 (0.0004)
17:30:18: INFO [flashield.py:170 (root)]: 	w01.oracleGeneral.bin-0.001-FIFO-True n_req: 179000000, n_miss: 166393433, miss ratio: 0.9296, disk write 276019200 + 0 (0.0004)
17:31:42: INFO [flashield.py:170 (root)]: 	w01.oracleGeneral.bin-0.001-FIFO-True n_req: 180000000, n_miss: 167180724, miss ratio: 0.9288, disk write 276019200 + 0 (0.0004)
17:33:10: INFO [flashield.py:170 (root)]: 	w01.oracleGeneral.bin-0.001-FIFO-True n_req: 181000000, n_miss: 168006128, miss ratio: 0.9282, disk write 276019200 + 0 (0.0004)
17:34:39: INFO [flashield.py:170 (root)]: 	w01.oracleGeneral.bin-0.001-FIFO-True n_req: 182000000, n_miss: 168805903, miss ratio: 0.9275, disk write 276019200 + 0 (0.0004)
17:36:08: INFO [flashield.py:170 (root)]: 	w01.oracleGeneral.bin-0.001-FIFO-True n_req: 183000000, n_miss: 169626234, miss ratio: 0.9269, disk write 276019200 + 0 (0.0004)
17:37:40: INFO [flashield.py:170 (root)]: 	w01.oracleGeneral.bin-0.001-FIFO-True n_req: 184000000, n_miss: 170490683, miss ratio: 0.9266, disk write 276019200 + 0 (0.0004)
17:39:09: INFO [flashield.py:170 (root)]: 	w01.oracleGeneral.bin-0.001-FIFO-True n_req: 185000000, n_miss: 171333722, miss ratio: 0.9261, disk write 276019200 + 0 (0.0004)
17:40:35: INFO [flashield.py:170 (root)]: 	w01.oracleGeneral.bin-0.001-FIFO-True n_req: 186000000, n_miss: 172119826, miss ratio: 0.9254, disk write 276019200 + 0 (0.0004)
17:42:00: INFO [flashield.py:170 (root)]: 	w01.oracleGeneral.bin-0.001-FIFO-True n_req: 187000000, n_miss: 172925760, miss ratio: 0.9247, disk write 276019200 + 0 (0.0004)
17:43:28: INFO [flashield.py:170 (root)]: 	w01.oracleGeneral.bin-0.001-FIFO-True n_req: 188000000, n_miss: 173725058, miss ratio: 0.9241, disk write 276019200 + 0 (0.0004)
17:44:55: INFO [flashield.py:170 (root)]: 	w01.oracleGeneral.bin-0.001-FIFO-True n_req: 189000000, n_miss: 174534290, miss ratio: 0.9235, disk write 276019200 + 0 (0.0004)
17:46:25: INFO [flashield.py:170 (root)]: 	w01.oracleGeneral.bin-0.001-FIFO-True n_req: 190000000, n_miss: 175390023, miss ratio: 0.9231, disk write 276019200 + 0 (0.0004)
17:47:55: INFO [flashield.py:170 (root)]: 	w01.oracleGeneral.bin-0.001-FIFO-True n_req: 191000000, n_miss: 176213180, miss ratio: 0.9226, disk write 276019200 + 0 (0.0004)
17:49:23: INFO [flashield.py:170 (root)]: 	w01.oracleGeneral.bin-0.001-FIFO-True n_req: 192000000, n_miss: 177040186, miss ratio: 0.9221, disk write 276019200 + 0 (0.0004)
17:50:57: INFO [flashield.py:170 (root)]: 	w01.oracleGeneral.bin-0.001-FIFO-True n_req: 193000000, n_miss: 177932353, miss ratio: 0.9219, disk write 276019200 + 0 (0.0004)
17:52:27: INFO [flashield.py:170 (root)]: 	w01.oracleGeneral.bin-0.001-FIFO-True n_req: 194000000, n_miss: 178772684, miss ratio: 0.9215, disk write 276019200 + 0 (0.0004)
17:53:55: INFO [flashield.py:170 (root)]: 	w01.oracleGeneral.bin-0.001-FIFO-True n_req: 195000000, n_miss: 179594952, miss ratio: 0.9210, disk write 276019200 + 0 (0.0004)
17:55:21: INFO [flashield.py:170 (root)]: 	w01.oracleGeneral.bin-0.001-FIFO-True n_req: 196000000, n_miss: 180387617, miss ratio: 0.9203, disk write 276019200 + 0 (0.0004)
17:56:51: INFO [flashield.py:170 (root)]: 	w01.oracleGeneral.bin-0.001-FIFO-True n_req: 197000000, n_miss: 181222226, miss ratio: 0.9199, disk write 276019200 + 0 (0.0004)
17:58:18: INFO [flashield.py:170 (root)]: 	w01.oracleGeneral.bin-0.001-FIFO-True n_req: 198000000, n_miss: 182032664, miss ratio: 0.9194, disk write 276019200 + 0 (0.0004)
17:59:50: INFO [flashield.py:170 (root)]: 	w01.oracleGeneral.bin-0.001-FIFO-True n_req: 199000000, n_miss: 182889937, miss ratio: 0.9190, disk write 276019200 + 0 (0.0004)
18:01:27: INFO [flashield.py:170 (root)]: 	w01.oracleGeneral.bin-0.001-FIFO-True n_req: 200000000, n_miss: 183804786, miss ratio: 0.9190, disk write 276019200 + 0 (0.0004)
18:02:59: INFO [flashield.py:170 (root)]: 	w01.oracleGeneral.bin-0.001-FIFO-True n_req: 201000000, n_miss: 184681070, miss ratio: 0.9188, disk write 276019200 + 0 (0.0004)
18:04:32: INFO [flashield.py:170 (root)]: 	w01.oracleGeneral.bin-0.001-FIFO-True n_req: 202000000, n_miss: 185549958, miss ratio: 0.9186, disk write 276019200 + 0 (0.0004)
18:06:06: INFO [flashield.py:170 (root)]: 	w01.oracleGeneral.bin-0.001-FIFO-True n_req: 203000000, n_miss: 186427263, miss ratio: 0.9184, disk write 276019200 + 0 (0.0004)
18:07:43: INFO [flashield.py:170 (root)]: 	w01.oracleGeneral.bin-0.001-FIFO-True n_req: 204000000, n_miss: 187331856, miss ratio: 0.9183, disk write 276019200 + 0 (0.0004)
18:09:21: INFO [flashield.py:170 (root)]: 	w01.oracleGeneral.bin-0.001-FIFO-True n_req: 205000000, n_miss: 188261521, miss ratio: 0.9183, disk write 276019200 + 0 (0.0004)
18:10:43: INFO [flashield.py:170 (root)]: 	w01.oracleGeneral.bin-0.001-FIFO-True n_req: 206000000, n_miss: 189023612, miss ratio: 0.9176, disk write 276019200 + 0 (0.0004)
18:12:21: INFO [flashield.py:170 (root)]: 	w01.oracleGeneral.bin-0.001-FIFO-True n_req: 207000000, n_miss: 189943066, miss ratio: 0.9176, disk write 276019200 + 0 (0.0004)
18:14:00: INFO [flashield.py:170 (root)]: 	w01.oracleGeneral.bin-0.001-FIFO-True n_req: 208000000, n_miss: 190869040, miss ratio: 0.9176, disk write 276019200 + 0 (0.0004)
18:15:19: INFO [flashield.py:170 (root)]: 	w01.oracleGeneral.bin-0.001-FIFO-True n_req: 209000000, n_miss: 191612250, miss ratio: 0.9168, disk write 276019200 + 0 (0.0004)
18:16:39: INFO [flashield.py:170 (root)]: 	w01.oracleGeneral.bin-0.001-FIFO-True n_req: 210000000, n_miss: 192350235, miss ratio: 0.9160, disk write 276019200 + 0 (0.0004)
18:18:07: INFO [flashield.py:170 (root)]: 	w01.oracleGeneral.bin-0.001-FIFO-True n_req: 211000000, n_miss: 193167513, miss ratio: 0.9155, disk write 276019200 + 0 (0.0004)
18:19:47: INFO [flashield.py:170 (root)]: 	w01.oracleGeneral.bin-0.001-FIFO-True n_req: 212000000, n_miss: 194108443, miss ratio: 0.9156, disk write 276019200 + 0 (0.0004)
18:21:28: INFO [flashield.py:170 (root)]: 	w01.oracleGeneral.bin-0.001-FIFO-True n_req: 213000000, n_miss: 195061159, miss ratio: 0.9158, disk write 276019200 + 0 (0.0004)
18:23:06: INFO [flashield.py:170 (root)]: 	w01.oracleGeneral.bin-0.001-FIFO-True n_req: 214000000, n_miss: 195971520, miss ratio: 0.9158, disk write 276019200 + 0 (0.0004)
18:24:46: INFO [flashield.py:170 (root)]: 	w01.oracleGeneral.bin-0.001-FIFO-True n_req: 215000000, n_miss: 196893586, miss ratio: 0.9158, disk write 276019200 + 0 (0.0004)
18:26:07: INFO [flashield.py:182 (root)]: 	w01.oracleGeneral.bin-0.001-FIFO-True n_req: 215796257, n_miss: 197648499, miss ratio: 0.9159, disk write 276019200 + 0 (0.0004)
