12:37:09: INFO [flashield.py:220 (root)]: 	calculating wss for w02.oracleGeneral.bin
12:38:09: INFO [flashield.py:228 (root)]: 	w02.oracleGeneral.bin wss_obj: 495582, wss_byte: 20984298496
12:38:09: INFO [cache.py:19 (cache)]: 	create Flashield cache with size 2098429849
12:38:09: INFO [cache.py:19 (cache)]: 	create LRU cache with size 2098429
12:38:09: INFO [cache.py:19 (cache)]: 	create FIFO cache with size 2096331420
12:38:12: INFO [flashield.py:170 (root)]: 	w02.oracleGeneral.bin-0.001-FIFO-True n_req: 1000000, n_miss: 992150, miss ratio: 0.9921, disk write 50778267648 + 0 (2.4198)
12:38:13: INFO [flashield.py:37 (root)]: 	w02.oracleGeneral.bin Training Flashield...
12:38:13: INFO [flashield.py:42 (root)]: 	w02.oracleGeneral.bin Training Flashield: 84167 features 84167 labels ...
12:38:13: INFO [flashield.py:55 (root)]: 	w02.oracleGeneral.bin finish training
12:38:45: INFO [flashield.py:170 (root)]: 	w02.oracleGeneral.bin-0.001-FIFO-True n_req: 2000000, n_miss: 1711100, miss ratio: 0.8556, disk write 71828365312 + 0 (3.4230)
12:39:39: INFO [flashield.py:170 (root)]: 	w02.oracleGeneral.bin-0.001-FIFO-True n_req: 3000000, n_miss: 2208216, miss ratio: 0.7361, disk write 71828365312 + 0 (3.4230)
12:40:29: INFO [flashield.py:170 (root)]: 	w02.oracleGeneral.bin-0.001-FIFO-True n_req: 4000000, n_miss: 2682234, miss ratio: 0.6706, disk write 71828365312 + 0 (3.4230)
12:41:23: INFO [flashield.py:170 (root)]: 	w02.oracleGeneral.bin-0.001-FIFO-True n_req: 5000000, n_miss: 3182399, miss ratio: 0.6365, disk write 71828365312 + 0 (3.4230)
12:42:14: INFO [flashield.py:170 (root)]: 	w02.oracleGeneral.bin-0.001-FIFO-True n_req: 6000000, n_miss: 3654485, miss ratio: 0.6091, disk write 71828365312 + 0 (3.4230)
12:43:06: INFO [flashield.py:170 (root)]: 	w02.oracleGeneral.bin-0.001-FIFO-True n_req: 7000000, n_miss: 4145641, miss ratio: 0.5922, disk write 71828365312 + 0 (3.4230)
12:44:02: INFO [flashield.py:170 (root)]: 	w02.oracleGeneral.bin-0.001-FIFO-True n_req: 8000000, n_miss: 4666631, miss ratio: 0.5833, disk write 71828365312 + 0 (3.4230)
12:44:53: INFO [flashield.py:170 (root)]: 	w02.oracleGeneral.bin-0.001-FIFO-True n_req: 9000000, n_miss: 5142039, miss ratio: 0.5713, disk write 71828365312 + 0 (3.4230)
12:45:44: INFO [flashield.py:170 (root)]: 	w02.oracleGeneral.bin-0.001-FIFO-True n_req: 10000000, n_miss: 5617088, miss ratio: 0.5617, disk write 71828365312 + 0 (3.4230)
12:46:40: INFO [flashield.py:170 (root)]: 	w02.oracleGeneral.bin-0.001-FIFO-True n_req: 11000000, n_miss: 6142127, miss ratio: 0.5584, disk write 71828365312 + 0 (3.4230)
12:47:30: INFO [flashield.py:170 (root)]: 	w02.oracleGeneral.bin-0.001-FIFO-True n_req: 12000000, n_miss: 6613769, miss ratio: 0.5511, disk write 71828365312 + 0 (3.4230)
12:48:22: INFO [flashield.py:170 (root)]: 	w02.oracleGeneral.bin-0.001-FIFO-True n_req: 13000000, n_miss: 7095958, miss ratio: 0.5458, disk write 71828365312 + 0 (3.4230)
12:49:12: INFO [flashield.py:170 (root)]: 	w02.oracleGeneral.bin-0.001-FIFO-True n_req: 14000000, n_miss: 7567919, miss ratio: 0.5406, disk write 71828365312 + 0 (3.4230)
12:50:01: INFO [flashield.py:170 (root)]: 	w02.oracleGeneral.bin-0.001-FIFO-True n_req: 15000000, n_miss: 8023059, miss ratio: 0.5349, disk write 71828365312 + 0 (3.4230)
12:50:52: INFO [flashield.py:170 (root)]: 	w02.oracleGeneral.bin-0.001-FIFO-True n_req: 16000000, n_miss: 8498460, miss ratio: 0.5312, disk write 71828365312 + 0 (3.4230)
12:51:48: INFO [flashield.py:170 (root)]: 	w02.oracleGeneral.bin-0.001-FIFO-True n_req: 17000000, n_miss: 9025417, miss ratio: 0.5309, disk write 71828365312 + 0 (3.4230)
12:52:45: INFO [flashield.py:170 (root)]: 	w02.oracleGeneral.bin-0.001-FIFO-True n_req: 18000000, n_miss: 9562792, miss ratio: 0.5313, disk write 71828365312 + 0 (3.4230)
12:53:38: INFO [flashield.py:170 (root)]: 	w02.oracleGeneral.bin-0.001-FIFO-True n_req: 19000000, n_miss: 10053644, miss ratio: 0.5291, disk write 71828365312 + 0 (3.4230)
12:54:27: INFO [flashield.py:170 (root)]: 	w02.oracleGeneral.bin-0.001-FIFO-True n_req: 20000000, n_miss: 10519774, miss ratio: 0.5260, disk write 71828365312 + 0 (3.4230)
12:55:19: INFO [flashield.py:170 (root)]: 	w02.oracleGeneral.bin-0.001-FIFO-True n_req: 21000000, n_miss: 11005953, miss ratio: 0.5241, disk write 71828365312 + 0 (3.4230)
12:56:10: INFO [flashield.py:170 (root)]: 	w02.oracleGeneral.bin-0.001-FIFO-True n_req: 22000000, n_miss: 11487047, miss ratio: 0.5221, disk write 71828365312 + 0 (3.4230)
12:57:02: INFO [flashield.py:170 (root)]: 	w02.oracleGeneral.bin-0.001-FIFO-True n_req: 23000000, n_miss: 11979944, miss ratio: 0.5209, disk write 71828365312 + 0 (3.4230)
12:57:55: INFO [flashield.py:170 (root)]: 	w02.oracleGeneral.bin-0.001-FIFO-True n_req: 24000000, n_miss: 12478998, miss ratio: 0.5200, disk write 71828365312 + 0 (3.4230)
12:58:45: INFO [flashield.py:170 (root)]: 	w02.oracleGeneral.bin-0.001-FIFO-True n_req: 25000000, n_miss: 12950998, miss ratio: 0.5180, disk write 71828365312 + 0 (3.4230)
12:59:36: INFO [flashield.py:170 (root)]: 	w02.oracleGeneral.bin-0.001-FIFO-True n_req: 26000000, n_miss: 13430983, miss ratio: 0.5166, disk write 71828365312 + 0 (3.4230)
13:00:30: INFO [flashield.py:170 (root)]: 	w02.oracleGeneral.bin-0.001-FIFO-True n_req: 27000000, n_miss: 13938709, miss ratio: 0.5162, disk write 71828365312 + 0 (3.4230)
13:01:22: INFO [flashield.py:170 (root)]: 	w02.oracleGeneral.bin-0.001-FIFO-True n_req: 28000000, n_miss: 14429456, miss ratio: 0.5153, disk write 71828365312 + 0 (3.4230)
13:02:15: INFO [flashield.py:170 (root)]: 	w02.oracleGeneral.bin-0.001-FIFO-True n_req: 29000000, n_miss: 14927751, miss ratio: 0.5148, disk write 71828365312 + 0 (3.4230)
13:03:06: INFO [flashield.py:170 (root)]: 	w02.oracleGeneral.bin-0.001-FIFO-True n_req: 30000000, n_miss: 15402701, miss ratio: 0.5134, disk write 71828365312 + 0 (3.4230)
13:03:59: INFO [flashield.py:170 (root)]: 	w02.oracleGeneral.bin-0.001-FIFO-True n_req: 31000000, n_miss: 15900075, miss ratio: 0.5129, disk write 71828365312 + 0 (3.4230)
13:04:49: INFO [flashield.py:170 (root)]: 	w02.oracleGeneral.bin-0.001-FIFO-True n_req: 32000000, n_miss: 16375919, miss ratio: 0.5117, disk write 71828365312 + 0 (3.4230)
13:05:39: INFO [flashield.py:170 (root)]: 	w02.oracleGeneral.bin-0.001-FIFO-True n_req: 33000000, n_miss: 16843824, miss ratio: 0.5104, disk write 71828365312 + 0 (3.4230)
13:06:29: INFO [flashield.py:170 (root)]: 	w02.oracleGeneral.bin-0.001-FIFO-True n_req: 34000000, n_miss: 17312176, miss ratio: 0.5092, disk write 71828365312 + 0 (3.4230)
13:07:26: INFO [flashield.py:170 (root)]: 	w02.oracleGeneral.bin-0.001-FIFO-True n_req: 35000000, n_miss: 17850952, miss ratio: 0.5100, disk write 71828365312 + 0 (3.4230)
13:08:18: INFO [flashield.py:170 (root)]: 	w02.oracleGeneral.bin-0.001-FIFO-True n_req: 36000000, n_miss: 18342344, miss ratio: 0.5095, disk write 71828365312 + 0 (3.4230)
13:09:13: INFO [flashield.py:170 (root)]: 	w02.oracleGeneral.bin-0.001-FIFO-True n_req: 37000000, n_miss: 18853045, miss ratio: 0.5095, disk write 71828365312 + 0 (3.4230)
13:10:03: INFO [flashield.py:170 (root)]: 	w02.oracleGeneral.bin-0.001-FIFO-True n_req: 38000000, n_miss: 19329445, miss ratio: 0.5087, disk write 71828365312 + 0 (3.4230)
13:10:55: INFO [flashield.py:170 (root)]: 	w02.oracleGeneral.bin-0.001-FIFO-True n_req: 39000000, n_miss: 19811992, miss ratio: 0.5080, disk write 71828365312 + 0 (3.4230)
13:11:47: INFO [flashield.py:170 (root)]: 	w02.oracleGeneral.bin-0.001-FIFO-True n_req: 40000000, n_miss: 20303413, miss ratio: 0.5076, disk write 71828365312 + 0 (3.4230)
13:12:40: INFO [flashield.py:170 (root)]: 	w02.oracleGeneral.bin-0.001-FIFO-True n_req: 41000000, n_miss: 20801042, miss ratio: 0.5073, disk write 71828365312 + 0 (3.4230)
13:13:33: INFO [flashield.py:170 (root)]: 	w02.oracleGeneral.bin-0.001-FIFO-True n_req: 42000000, n_miss: 21298743, miss ratio: 0.5071, disk write 71828365312 + 0 (3.4230)
13:14:25: INFO [flashield.py:170 (root)]: 	w02.oracleGeneral.bin-0.001-FIFO-True n_req: 43000000, n_miss: 21794534, miss ratio: 0.5068, disk write 71828365312 + 0 (3.4230)
13:15:18: INFO [flashield.py:170 (root)]: 	w02.oracleGeneral.bin-0.001-FIFO-True n_req: 44000000, n_miss: 22284843, miss ratio: 0.5065, disk write 71828365312 + 0 (3.4230)
13:16:09: INFO [flashield.py:170 (root)]: 	w02.oracleGeneral.bin-0.001-FIFO-True n_req: 45000000, n_miss: 22765567, miss ratio: 0.5059, disk write 71828365312 + 0 (3.4230)
13:17:01: INFO [flashield.py:170 (root)]: 	w02.oracleGeneral.bin-0.001-FIFO-True n_req: 46000000, n_miss: 23260273, miss ratio: 0.5057, disk write 71828365312 + 0 (3.4230)
13:17:54: INFO [flashield.py:170 (root)]: 	w02.oracleGeneral.bin-0.001-FIFO-True n_req: 47000000, n_miss: 23752109, miss ratio: 0.5054, disk write 71828365312 + 0 (3.4230)
13:18:47: INFO [flashield.py:170 (root)]: 	w02.oracleGeneral.bin-0.001-FIFO-True n_req: 48000000, n_miss: 24249661, miss ratio: 0.5052, disk write 71828365312 + 0 (3.4230)
13:19:39: INFO [flashield.py:170 (root)]: 	w02.oracleGeneral.bin-0.001-FIFO-True n_req: 49000000, n_miss: 24741406, miss ratio: 0.5049, disk write 71828365312 + 0 (3.4230)
13:20:27: INFO [flashield.py:170 (root)]: 	w02.oracleGeneral.bin-0.001-FIFO-True n_req: 50000000, n_miss: 25193096, miss ratio: 0.5039, disk write 71828365312 + 0 (3.4230)
13:21:20: INFO [flashield.py:170 (root)]: 	w02.oracleGeneral.bin-0.001-FIFO-True n_req: 51000000, n_miss: 25692053, miss ratio: 0.5038, disk write 71828365312 + 0 (3.4230)
13:22:16: INFO [flashield.py:170 (root)]: 	w02.oracleGeneral.bin-0.001-FIFO-True n_req: 52000000, n_miss: 26216913, miss ratio: 0.5042, disk write 71828365312 + 0 (3.4230)
13:23:08: INFO [flashield.py:170 (root)]: 	w02.oracleGeneral.bin-0.001-FIFO-True n_req: 53000000, n_miss: 26701396, miss ratio: 0.5038, disk write 71828365312 + 0 (3.4230)
13:23:57: INFO [flashield.py:170 (root)]: 	w02.oracleGeneral.bin-0.001-FIFO-True n_req: 54000000, n_miss: 27165320, miss ratio: 0.5031, disk write 71828365312 + 0 (3.4230)
13:24:45: INFO [flashield.py:170 (root)]: 	w02.oracleGeneral.bin-0.001-FIFO-True n_req: 55000000, n_miss: 27617450, miss ratio: 0.5021, disk write 71828365312 + 0 (3.4230)
13:25:40: INFO [flashield.py:170 (root)]: 	w02.oracleGeneral.bin-0.001-FIFO-True n_req: 56000000, n_miss: 28129265, miss ratio: 0.5023, disk write 71828365312 + 0 (3.4230)
13:26:30: INFO [flashield.py:170 (root)]: 	w02.oracleGeneral.bin-0.001-FIFO-True n_req: 57000000, n_miss: 28598381, miss ratio: 0.5017, disk write 71828365312 + 0 (3.4230)
13:27:22: INFO [flashield.py:170 (root)]: 	w02.oracleGeneral.bin-0.001-FIFO-True n_req: 58000000, n_miss: 29083455, miss ratio: 0.5014, disk write 71828365312 + 0 (3.4230)
13:28:14: INFO [flashield.py:170 (root)]: 	w02.oracleGeneral.bin-0.001-FIFO-True n_req: 59000000, n_miss: 29568052, miss ratio: 0.5012, disk write 71828365312 + 0 (3.4230)
13:29:07: INFO [flashield.py:170 (root)]: 	w02.oracleGeneral.bin-0.001-FIFO-True n_req: 60000000, n_miss: 30071337, miss ratio: 0.5012, disk write 71828365312 + 0 (3.4230)
13:30:01: INFO [flashield.py:170 (root)]: 	w02.oracleGeneral.bin-0.001-FIFO-True n_req: 61000000, n_miss: 30570552, miss ratio: 0.5012, disk write 71828365312 + 0 (3.4230)
13:30:52: INFO [flashield.py:170 (root)]: 	w02.oracleGeneral.bin-0.001-FIFO-True n_req: 62000000, n_miss: 31049865, miss ratio: 0.5008, disk write 71828365312 + 0 (3.4230)
13:31:45: INFO [flashield.py:170 (root)]: 	w02.oracleGeneral.bin-0.001-FIFO-True n_req: 63000000, n_miss: 31550713, miss ratio: 0.5008, disk write 71828365312 + 0 (3.4230)
13:32:38: INFO [flashield.py:170 (root)]: 	w02.oracleGeneral.bin-0.001-FIFO-True n_req: 64000000, n_miss: 32041041, miss ratio: 0.5006, disk write 71828365312 + 0 (3.4230)
13:33:30: INFO [flashield.py:170 (root)]: 	w02.oracleGeneral.bin-0.001-FIFO-True n_req: 65000000, n_miss: 32533737, miss ratio: 0.5005, disk write 71828365312 + 0 (3.4230)
13:34:25: INFO [flashield.py:170 (root)]: 	w02.oracleGeneral.bin-0.001-FIFO-True n_req: 66000000, n_miss: 33048674, miss ratio: 0.5007, disk write 71828365312 + 0 (3.4230)
13:35:16: INFO [flashield.py:170 (root)]: 	w02.oracleGeneral.bin-0.001-FIFO-True n_req: 67000000, n_miss: 33523363, miss ratio: 0.5003, disk write 71828365312 + 0 (3.4230)
13:36:09: INFO [flashield.py:170 (root)]: 	w02.oracleGeneral.bin-0.001-FIFO-True n_req: 68000000, n_miss: 34022144, miss ratio: 0.5003, disk write 71828365312 + 0 (3.4230)
13:36:59: INFO [flashield.py:170 (root)]: 	w02.oracleGeneral.bin-0.001-FIFO-True n_req: 69000000, n_miss: 34495673, miss ratio: 0.4999, disk write 71828365312 + 0 (3.4230)
13:37:56: INFO [flashield.py:170 (root)]: 	w02.oracleGeneral.bin-0.001-FIFO-True n_req: 70000000, n_miss: 35027345, miss ratio: 0.5004, disk write 71828365312 + 0 (3.4230)
13:38:48: INFO [flashield.py:170 (root)]: 	w02.oracleGeneral.bin-0.001-FIFO-True n_req: 71000000, n_miss: 35513752, miss ratio: 0.5002, disk write 71828365312 + 0 (3.4230)
13:39:40: INFO [flashield.py:170 (root)]: 	w02.oracleGeneral.bin-0.001-FIFO-True n_req: 72000000, n_miss: 35999266, miss ratio: 0.5000, disk write 71828365312 + 0 (3.4230)
13:40:29: INFO [flashield.py:170 (root)]: 	w02.oracleGeneral.bin-0.001-FIFO-True n_req: 73000000, n_miss: 36460441, miss ratio: 0.4995, disk write 71828365312 + 0 (3.4230)
13:41:19: INFO [flashield.py:170 (root)]: 	w02.oracleGeneral.bin-0.001-FIFO-True n_req: 74000000, n_miss: 36929588, miss ratio: 0.4990, disk write 71828365312 + 0 (3.4230)
13:42:12: INFO [flashield.py:170 (root)]: 	w02.oracleGeneral.bin-0.001-FIFO-True n_req: 75000000, n_miss: 37422977, miss ratio: 0.4990, disk write 71828365312 + 0 (3.4230)
13:43:06: INFO [flashield.py:170 (root)]: 	w02.oracleGeneral.bin-0.001-FIFO-True n_req: 76000000, n_miss: 37931855, miss ratio: 0.4991, disk write 71828365312 + 0 (3.4230)
13:43:56: INFO [flashield.py:170 (root)]: 	w02.oracleGeneral.bin-0.001-FIFO-True n_req: 77000000, n_miss: 38406782, miss ratio: 0.4988, disk write 71828365312 + 0 (3.4230)
13:44:48: INFO [flashield.py:170 (root)]: 	w02.oracleGeneral.bin-0.001-FIFO-True n_req: 78000000, n_miss: 38891058, miss ratio: 0.4986, disk write 71828365312 + 0 (3.4230)
13:45:38: INFO [flashield.py:170 (root)]: 	w02.oracleGeneral.bin-0.001-FIFO-True n_req: 79000000, n_miss: 39355703, miss ratio: 0.4982, disk write 71828365312 + 0 (3.4230)
13:46:32: INFO [flashield.py:170 (root)]: 	w02.oracleGeneral.bin-0.001-FIFO-True n_req: 80000000, n_miss: 39869560, miss ratio: 0.4984, disk write 71828365312 + 0 (3.4230)
13:47:25: INFO [flashield.py:170 (root)]: 	w02.oracleGeneral.bin-0.001-FIFO-True n_req: 81000000, n_miss: 40358054, miss ratio: 0.4982, disk write 71828365312 + 0 (3.4230)
13:48:16: INFO [flashield.py:170 (root)]: 	w02.oracleGeneral.bin-0.001-FIFO-True n_req: 82000000, n_miss: 40836722, miss ratio: 0.4980, disk write 71828365312 + 0 (3.4230)
13:49:07: INFO [flashield.py:170 (root)]: 	w02.oracleGeneral.bin-0.001-FIFO-True n_req: 83000000, n_miss: 41317500, miss ratio: 0.4978, disk write 71828365312 + 0 (3.4230)
13:49:59: INFO [flashield.py:170 (root)]: 	w02.oracleGeneral.bin-0.001-FIFO-True n_req: 84000000, n_miss: 41809807, miss ratio: 0.4977, disk write 71828365312 + 0 (3.4230)
13:50:52: INFO [flashield.py:170 (root)]: 	w02.oracleGeneral.bin-0.001-FIFO-True n_req: 85000000, n_miss: 42307449, miss ratio: 0.4977, disk write 71828365312 + 0 (3.4230)
13:51:42: INFO [flashield.py:170 (root)]: 	w02.oracleGeneral.bin-0.001-FIFO-True n_req: 86000000, n_miss: 42769547, miss ratio: 0.4973, disk write 71828365312 + 0 (3.4230)
13:52:38: INFO [flashield.py:170 (root)]: 	w02.oracleGeneral.bin-0.001-FIFO-True n_req: 87000000, n_miss: 43300082, miss ratio: 0.4977, disk write 71828365312 + 0 (3.4230)
13:53:35: INFO [flashield.py:170 (root)]: 	w02.oracleGeneral.bin-0.001-FIFO-True n_req: 88000000, n_miss: 43831676, miss ratio: 0.4981, disk write 71828365312 + 0 (3.4230)
13:54:24: INFO [flashield.py:170 (root)]: 	w02.oracleGeneral.bin-0.001-FIFO-True n_req: 89000000, n_miss: 44298356, miss ratio: 0.4977, disk write 71828365312 + 0 (3.4230)
13:55:17: INFO [flashield.py:170 (root)]: 	w02.oracleGeneral.bin-0.001-FIFO-True n_req: 90000000, n_miss: 44795984, miss ratio: 0.4977, disk write 71828365312 + 0 (3.4230)
13:56:08: INFO [flashield.py:170 (root)]: 	w02.oracleGeneral.bin-0.001-FIFO-True n_req: 91000000, n_miss: 45273557, miss ratio: 0.4975, disk write 71828365312 + 0 (3.4230)
13:57:03: INFO [flashield.py:170 (root)]: 	w02.oracleGeneral.bin-0.001-FIFO-True n_req: 92000000, n_miss: 45793676, miss ratio: 0.4978, disk write 71828365312 + 0 (3.4230)
13:57:55: INFO [flashield.py:170 (root)]: 	w02.oracleGeneral.bin-0.001-FIFO-True n_req: 93000000, n_miss: 46278770, miss ratio: 0.4976, disk write 71828365312 + 0 (3.4230)
13:58:48: INFO [flashield.py:170 (root)]: 	w02.oracleGeneral.bin-0.001-FIFO-True n_req: 94000000, n_miss: 46779209, miss ratio: 0.4977, disk write 71828365312 + 0 (3.4230)
13:59:42: INFO [flashield.py:170 (root)]: 	w02.oracleGeneral.bin-0.001-FIFO-True n_req: 95000000, n_miss: 47281176, miss ratio: 0.4977, disk write 71828365312 + 0 (3.4230)
14:00:30: INFO [flashield.py:170 (root)]: 	w02.oracleGeneral.bin-0.001-FIFO-True n_req: 96000000, n_miss: 47738702, miss ratio: 0.4973, disk write 71828365312 + 0 (3.4230)
14:01:20: INFO [flashield.py:170 (root)]: 	w02.oracleGeneral.bin-0.001-FIFO-True n_req: 97000000, n_miss: 48206339, miss ratio: 0.4970, disk write 71828365312 + 0 (3.4230)
14:02:10: INFO [flashield.py:170 (root)]: 	w02.oracleGeneral.bin-0.001-FIFO-True n_req: 98000000, n_miss: 48675126, miss ratio: 0.4967, disk write 71828365312 + 0 (3.4230)
14:03:03: INFO [flashield.py:170 (root)]: 	w02.oracleGeneral.bin-0.001-FIFO-True n_req: 99000000, n_miss: 49173243, miss ratio: 0.4967, disk write 71828365312 + 0 (3.4230)
14:03:57: INFO [flashield.py:170 (root)]: 	w02.oracleGeneral.bin-0.001-FIFO-True n_req: 100000000, n_miss: 49678970, miss ratio: 0.4968, disk write 71828365312 + 0 (3.4230)
14:04:48: INFO [flashield.py:170 (root)]: 	w02.oracleGeneral.bin-0.001-FIFO-True n_req: 101000000, n_miss: 50152033, miss ratio: 0.4966, disk write 71828365312 + 0 (3.4230)
14:05:42: INFO [flashield.py:170 (root)]: 	w02.oracleGeneral.bin-0.001-FIFO-True n_req: 102000000, n_miss: 50658163, miss ratio: 0.4966, disk write 71828365312 + 0 (3.4230)
14:06:35: INFO [flashield.py:170 (root)]: 	w02.oracleGeneral.bin-0.001-FIFO-True n_req: 103000000, n_miss: 51158472, miss ratio: 0.4967, disk write 71828365312 + 0 (3.4230)
14:07:29: INFO [flashield.py:170 (root)]: 	w02.oracleGeneral.bin-0.001-FIFO-True n_req: 104000000, n_miss: 51672792, miss ratio: 0.4969, disk write 71828365312 + 0 (3.4230)
14:08:19: INFO [flashield.py:170 (root)]: 	w02.oracleGeneral.bin-0.001-FIFO-True n_req: 105000000, n_miss: 52143200, miss ratio: 0.4966, disk write 71828365312 + 0 (3.4230)
14:09:12: INFO [flashield.py:170 (root)]: 	w02.oracleGeneral.bin-0.001-FIFO-True n_req: 106000000, n_miss: 52639152, miss ratio: 0.4966, disk write 71828365312 + 0 (3.4230)
14:10:07: INFO [flashield.py:170 (root)]: 	w02.oracleGeneral.bin-0.001-FIFO-True n_req: 107000000, n_miss: 53153471, miss ratio: 0.4968, disk write 71828365312 + 0 (3.4230)
14:10:56: INFO [flashield.py:170 (root)]: 	w02.oracleGeneral.bin-0.001-FIFO-True n_req: 108000000, n_miss: 53614947, miss ratio: 0.4964, disk write 71828365312 + 0 (3.4230)
14:11:47: INFO [flashield.py:170 (root)]: 	w02.oracleGeneral.bin-0.001-FIFO-True n_req: 109000000, n_miss: 54100818, miss ratio: 0.4963, disk write 71828365312 + 0 (3.4230)
14:12:40: INFO [flashield.py:170 (root)]: 	w02.oracleGeneral.bin-0.001-FIFO-True n_req: 110000000, n_miss: 54595288, miss ratio: 0.4963, disk write 71828365312 + 0 (3.4230)
14:13:28: INFO [flashield.py:170 (root)]: 	w02.oracleGeneral.bin-0.001-FIFO-True n_req: 111000000, n_miss: 55055356, miss ratio: 0.4960, disk write 71828365312 + 0 (3.4230)
14:14:20: INFO [flashield.py:170 (root)]: 	w02.oracleGeneral.bin-0.001-FIFO-True n_req: 112000000, n_miss: 55536934, miss ratio: 0.4959, disk write 71828365312 + 0 (3.4230)
14:15:10: INFO [flashield.py:170 (root)]: 	w02.oracleGeneral.bin-0.001-FIFO-True n_req: 113000000, n_miss: 56012043, miss ratio: 0.4957, disk write 71828365312 + 0 (3.4230)
14:16:04: INFO [flashield.py:170 (root)]: 	w02.oracleGeneral.bin-0.001-FIFO-True n_req: 114000000, n_miss: 56522102, miss ratio: 0.4958, disk write 71828365312 + 0 (3.4230)
14:16:57: INFO [flashield.py:170 (root)]: 	w02.oracleGeneral.bin-0.001-FIFO-True n_req: 115000000, n_miss: 57025101, miss ratio: 0.4959, disk write 71828365312 + 0 (3.4230)
14:17:49: INFO [flashield.py:170 (root)]: 	w02.oracleGeneral.bin-0.001-FIFO-True n_req: 116000000, n_miss: 57510660, miss ratio: 0.4958, disk write 71828365312 + 0 (3.4230)
14:18:39: INFO [flashield.py:170 (root)]: 	w02.oracleGeneral.bin-0.001-FIFO-True n_req: 117000000, n_miss: 57984262, miss ratio: 0.4956, disk write 71828365312 + 0 (3.4230)
14:19:32: INFO [flashield.py:170 (root)]: 	w02.oracleGeneral.bin-0.001-FIFO-True n_req: 118000000, n_miss: 58488886, miss ratio: 0.4957, disk write 71828365312 + 0 (3.4230)
14:20:24: INFO [flashield.py:170 (root)]: 	w02.oracleGeneral.bin-0.001-FIFO-True n_req: 119000000, n_miss: 58975827, miss ratio: 0.4956, disk write 71828365312 + 0 (3.4230)
14:21:16: INFO [flashield.py:170 (root)]: 	w02.oracleGeneral.bin-0.001-FIFO-True n_req: 120000000, n_miss: 59468553, miss ratio: 0.4956, disk write 71828365312 + 0 (3.4230)
14:22:10: INFO [flashield.py:170 (root)]: 	w02.oracleGeneral.bin-0.001-FIFO-True n_req: 121000000, n_miss: 59978872, miss ratio: 0.4957, disk write 71828365312 + 0 (3.4230)
14:23:05: INFO [flashield.py:170 (root)]: 	w02.oracleGeneral.bin-0.001-FIFO-True n_req: 122000000, n_miss: 60499811, miss ratio: 0.4959, disk write 71828365312 + 0 (3.4230)
14:23:15: INFO [flashield.py:182 (root)]: 	w02.oracleGeneral.bin-0.001-FIFO-True n_req: 122181000, n_miss: 60588814, miss ratio: 0.4959, disk write 71828365312 + 0 (3.4230)
