12:37:09: INFO [flashield.py:220 (root)]: 	calculating wss for w03.oracleGeneral.bin
12:38:15: INFO [flashield.py:228 (root)]: 	w03.oracleGeneral.bin wss_obj: 27852385, wss_byte: 1919037793280
12:38:15: INFO [cache.py:19 (cache)]: 	create Flashield cache with size 191903779328
12:38:15: INFO [cache.py:19 (cache)]: 	create LRU cache with size 191903779
12:38:15: INFO [cache.py:19 (cache)]: 	create FIFO cache with size 191711875549
12:38:17: INFO [flashield.py:170 (root)]: 	w03.oracleGeneral.bin-0.001-FIFO-True n_req: 1000000, n_miss: 535987, miss ratio: 0.5360, disk write 57720522752 + 0 (0.0301)
12:38:18: INFO [flashield.py:37 (root)]: 	w03.oracleGeneral.bin Training Flashield...
12:38:18: INFO [flashield.py:42 (root)]: 	w03.oracleGeneral.bin Training Flashield: 424437 features 424437 labels ...
12:38:18: INFO [flashield.py:55 (root)]: 	w03.oracleGeneral.bin finish training
12:38:46: INFO [flashield.py:170 (root)]: 	w03.oracleGeneral.bin-0.001-FIFO-True n_req: 2000000, n_miss: 1040656, miss ratio: 0.5203, disk write 87620206080 + 0 (0.0457)
12:39:49: INFO [flashield.py:170 (root)]: 	w03.oracleGeneral.bin-0.001-FIFO-True n_req: 3000000, n_miss: 1610622, miss ratio: 0.5369, disk write 87620206080 + 0 (0.0457)
12:40:58: INFO [flashield.py:170 (root)]: 	w03.oracleGeneral.bin-0.001-FIFO-True n_req: 4000000, n_miss: 2240747, miss ratio: 0.5602, disk write 87620206080 + 0 (0.0457)
12:42:09: INFO [flashield.py:170 (root)]: 	w03.oracleGeneral.bin-0.001-FIFO-True n_req: 5000000, n_miss: 2891312, miss ratio: 0.5783, disk write 87620206080 + 0 (0.0457)
12:43:25: INFO [flashield.py:170 (root)]: 	w03.oracleGeneral.bin-0.001-FIFO-True n_req: 6000000, n_miss: 3589987, miss ratio: 0.5983, disk write 87620206080 + 0 (0.0457)
12:44:35: INFO [flashield.py:170 (root)]: 	w03.oracleGeneral.bin-0.001-FIFO-True n_req: 7000000, n_miss: 4233185, miss ratio: 0.6047, disk write 87620206080 + 0 (0.0457)
12:45:37: INFO [flashield.py:170 (root)]: 	w03.oracleGeneral.bin-0.001-FIFO-True n_req: 8000000, n_miss: 4797634, miss ratio: 0.5997, disk write 87620206080 + 0 (0.0457)
12:46:36: INFO [flashield.py:170 (root)]: 	w03.oracleGeneral.bin-0.001-FIFO-True n_req: 9000000, n_miss: 5329494, miss ratio: 0.5922, disk write 87620206080 + 0 (0.0457)
12:47:29: INFO [flashield.py:170 (root)]: 	w03.oracleGeneral.bin-0.001-FIFO-True n_req: 10000000, n_miss: 5814153, miss ratio: 0.5814, disk write 87620206080 + 0 (0.0457)
12:48:18: INFO [flashield.py:170 (root)]: 	w03.oracleGeneral.bin-0.001-FIFO-True n_req: 11000000, n_miss: 6262769, miss ratio: 0.5693, disk write 87620206080 + 0 (0.0457)
12:49:07: INFO [flashield.py:170 (root)]: 	w03.oracleGeneral.bin-0.001-FIFO-True n_req: 12000000, n_miss: 6706077, miss ratio: 0.5588, disk write 87620206080 + 0 (0.0457)
12:49:55: INFO [flashield.py:170 (root)]: 	w03.oracleGeneral.bin-0.001-FIFO-True n_req: 13000000, n_miss: 7145881, miss ratio: 0.5497, disk write 87620206080 + 0 (0.0457)
12:50:44: INFO [flashield.py:170 (root)]: 	w03.oracleGeneral.bin-0.001-FIFO-True n_req: 14000000, n_miss: 7591460, miss ratio: 0.5422, disk write 87620206080 + 0 (0.0457)
12:51:39: INFO [flashield.py:170 (root)]: 	w03.oracleGeneral.bin-0.001-FIFO-True n_req: 15000000, n_miss: 8099736, miss ratio: 0.5400, disk write 87620206080 + 0 (0.0457)
12:52:53: INFO [flashield.py:170 (root)]: 	w03.oracleGeneral.bin-0.001-FIFO-True n_req: 16000000, n_miss: 8772750, miss ratio: 0.5483, disk write 87620206080 + 0 (0.0457)
12:53:43: INFO [flashield.py:170 (root)]: 	w03.oracleGeneral.bin-0.001-FIFO-True n_req: 17000000, n_miss: 9231122, miss ratio: 0.5430, disk write 87620206080 + 0 (0.0457)
12:54:51: INFO [flashield.py:170 (root)]: 	w03.oracleGeneral.bin-0.001-FIFO-True n_req: 18000000, n_miss: 9858493, miss ratio: 0.5477, disk write 87620206080 + 0 (0.0457)
12:55:53: INFO [flashield.py:170 (root)]: 	w03.oracleGeneral.bin-0.001-FIFO-True n_req: 19000000, n_miss: 10416464, miss ratio: 0.5482, disk write 87620206080 + 0 (0.0457)
12:56:53: INFO [flashield.py:170 (root)]: 	w03.oracleGeneral.bin-0.001-FIFO-True n_req: 20000000, n_miss: 10961887, miss ratio: 0.5481, disk write 87620206080 + 0 (0.0457)
12:57:57: INFO [flashield.py:170 (root)]: 	w03.oracleGeneral.bin-0.001-FIFO-True n_req: 21000000, n_miss: 11545743, miss ratio: 0.5498, disk write 87620206080 + 0 (0.0457)
12:58:59: INFO [flashield.py:170 (root)]: 	w03.oracleGeneral.bin-0.001-FIFO-True n_req: 22000000, n_miss: 12116234, miss ratio: 0.5507, disk write 87620206080 + 0 (0.0457)
13:00:03: INFO [flashield.py:170 (root)]: 	w03.oracleGeneral.bin-0.001-FIFO-True n_req: 23000000, n_miss: 12694660, miss ratio: 0.5519, disk write 87620206080 + 0 (0.0457)
13:01:05: INFO [flashield.py:170 (root)]: 	w03.oracleGeneral.bin-0.001-FIFO-True n_req: 24000000, n_miss: 13258100, miss ratio: 0.5524, disk write 87620206080 + 0 (0.0457)
13:02:09: INFO [flashield.py:170 (root)]: 	w03.oracleGeneral.bin-0.001-FIFO-True n_req: 25000000, n_miss: 13833929, miss ratio: 0.5534, disk write 87620206080 + 0 (0.0457)
13:03:15: INFO [flashield.py:170 (root)]: 	w03.oracleGeneral.bin-0.001-FIFO-True n_req: 26000000, n_miss: 14437315, miss ratio: 0.5553, disk write 87620206080 + 0 (0.0457)
13:04:37: INFO [flashield.py:170 (root)]: 	w03.oracleGeneral.bin-0.001-FIFO-True n_req: 27000000, n_miss: 15187905, miss ratio: 0.5625, disk write 87620206080 + 0 (0.0457)
13:05:59: INFO [flashield.py:170 (root)]: 	w03.oracleGeneral.bin-0.001-FIFO-True n_req: 28000000, n_miss: 15941084, miss ratio: 0.5693, disk write 87620206080 + 0 (0.0457)
13:07:27: INFO [flashield.py:170 (root)]: 	w03.oracleGeneral.bin-0.001-FIFO-True n_req: 29000000, n_miss: 16755080, miss ratio: 0.5778, disk write 87620206080 + 0 (0.0457)
13:08:54: INFO [flashield.py:170 (root)]: 	w03.oracleGeneral.bin-0.001-FIFO-True n_req: 30000000, n_miss: 17553962, miss ratio: 0.5851, disk write 87620206080 + 0 (0.0457)
13:10:17: INFO [flashield.py:170 (root)]: 	w03.oracleGeneral.bin-0.001-FIFO-True n_req: 31000000, n_miss: 18305244, miss ratio: 0.5905, disk write 87620206080 + 0 (0.0457)
13:11:57: INFO [flashield.py:170 (root)]: 	w03.oracleGeneral.bin-0.001-FIFO-True n_req: 32000000, n_miss: 19225897, miss ratio: 0.6008, disk write 87620206080 + 0 (0.0457)
13:13:36: INFO [flashield.py:170 (root)]: 	w03.oracleGeneral.bin-0.001-FIFO-True n_req: 33000000, n_miss: 20138241, miss ratio: 0.6102, disk write 87620206080 + 0 (0.0457)
13:15:15: INFO [flashield.py:170 (root)]: 	w03.oracleGeneral.bin-0.001-FIFO-True n_req: 34000000, n_miss: 21051817, miss ratio: 0.6192, disk write 87620206080 + 0 (0.0457)
13:16:54: INFO [flashield.py:170 (root)]: 	w03.oracleGeneral.bin-0.001-FIFO-True n_req: 35000000, n_miss: 21967416, miss ratio: 0.6276, disk write 87620206080 + 0 (0.0457)
13:18:31: INFO [flashield.py:170 (root)]: 	w03.oracleGeneral.bin-0.001-FIFO-True n_req: 36000000, n_miss: 22871347, miss ratio: 0.6353, disk write 87620206080 + 0 (0.0457)
13:20:09: INFO [flashield.py:170 (root)]: 	w03.oracleGeneral.bin-0.001-FIFO-True n_req: 37000000, n_miss: 23787704, miss ratio: 0.6429, disk write 87620206080 + 0 (0.0457)
13:21:48: INFO [flashield.py:170 (root)]: 	w03.oracleGeneral.bin-0.001-FIFO-True n_req: 38000000, n_miss: 24704393, miss ratio: 0.6501, disk write 87620206080 + 0 (0.0457)
13:23:27: INFO [flashield.py:170 (root)]: 	w03.oracleGeneral.bin-0.001-FIFO-True n_req: 39000000, n_miss: 25624800, miss ratio: 0.6570, disk write 87620206080 + 0 (0.0457)
13:25:08: INFO [flashield.py:170 (root)]: 	w03.oracleGeneral.bin-0.001-FIFO-True n_req: 40000000, n_miss: 26551693, miss ratio: 0.6638, disk write 87620206080 + 0 (0.0457)
13:26:47: INFO [flashield.py:170 (root)]: 	w03.oracleGeneral.bin-0.001-FIFO-True n_req: 41000000, n_miss: 27468529, miss ratio: 0.6700, disk write 87620206080 + 0 (0.0457)
13:28:29: INFO [flashield.py:170 (root)]: 	w03.oracleGeneral.bin-0.001-FIFO-True n_req: 42000000, n_miss: 28411967, miss ratio: 0.6765, disk write 87620206080 + 0 (0.0457)
13:30:10: INFO [flashield.py:170 (root)]: 	w03.oracleGeneral.bin-0.001-FIFO-True n_req: 43000000, n_miss: 29344043, miss ratio: 0.6824, disk write 87620206080 + 0 (0.0457)
13:31:48: INFO [flashield.py:170 (root)]: 	w03.oracleGeneral.bin-0.001-FIFO-True n_req: 44000000, n_miss: 30263070, miss ratio: 0.6878, disk write 87620206080 + 0 (0.0457)
13:33:22: INFO [flashield.py:170 (root)]: 	w03.oracleGeneral.bin-0.001-FIFO-True n_req: 45000000, n_miss: 31164153, miss ratio: 0.6925, disk write 87620206080 + 0 (0.0457)
13:34:16: INFO [flashield.py:170 (root)]: 	w03.oracleGeneral.bin-0.001-FIFO-True n_req: 46000000, n_miss: 31647260, miss ratio: 0.6880, disk write 87620206080 + 0 (0.0457)
13:34:59: INFO [flashield.py:170 (root)]: 	w03.oracleGeneral.bin-0.001-FIFO-True n_req: 47000000, n_miss: 32035283, miss ratio: 0.6816, disk write 87620206080 + 0 (0.0457)
13:35:53: INFO [flashield.py:170 (root)]: 	w03.oracleGeneral.bin-0.001-FIFO-True n_req: 48000000, n_miss: 32534717, miss ratio: 0.6778, disk write 87620206080 + 0 (0.0457)
13:37:09: INFO [flashield.py:170 (root)]: 	w03.oracleGeneral.bin-0.001-FIFO-True n_req: 49000000, n_miss: 33234344, miss ratio: 0.6783, disk write 87620206080 + 0 (0.0457)
13:38:39: INFO [flashield.py:170 (root)]: 	w03.oracleGeneral.bin-0.001-FIFO-True n_req: 50000000, n_miss: 34068430, miss ratio: 0.6814, disk write 87620206080 + 0 (0.0457)
13:39:43: INFO [flashield.py:170 (root)]: 	w03.oracleGeneral.bin-0.001-FIFO-True n_req: 51000000, n_miss: 34654461, miss ratio: 0.6795, disk write 87620206080 + 0 (0.0457)
13:40:55: INFO [flashield.py:170 (root)]: 	w03.oracleGeneral.bin-0.001-FIFO-True n_req: 52000000, n_miss: 35323107, miss ratio: 0.6793, disk write 87620206080 + 0 (0.0457)
13:41:49: INFO [flashield.py:170 (root)]: 	w03.oracleGeneral.bin-0.001-FIFO-True n_req: 53000000, n_miss: 35812414, miss ratio: 0.6757, disk write 87620206080 + 0 (0.0457)
13:42:43: INFO [flashield.py:170 (root)]: 	w03.oracleGeneral.bin-0.001-FIFO-True n_req: 54000000, n_miss: 36315424, miss ratio: 0.6725, disk write 87620206080 + 0 (0.0457)
13:43:51: INFO [flashield.py:170 (root)]: 	w03.oracleGeneral.bin-0.001-FIFO-True n_req: 55000000, n_miss: 36941867, miss ratio: 0.6717, disk write 87620206080 + 0 (0.0457)
13:45:07: INFO [flashield.py:170 (root)]: 	w03.oracleGeneral.bin-0.001-FIFO-True n_req: 56000000, n_miss: 37636041, miss ratio: 0.6721, disk write 87620206080 + 0 (0.0457)
13:45:52: INFO [flashield.py:170 (root)]: 	w03.oracleGeneral.bin-0.001-FIFO-True n_req: 57000000, n_miss: 38047819, miss ratio: 0.6675, disk write 87620206080 + 0 (0.0457)
13:46:57: INFO [flashield.py:170 (root)]: 	w03.oracleGeneral.bin-0.001-FIFO-True n_req: 58000000, n_miss: 38635936, miss ratio: 0.6661, disk write 87620206080 + 0 (0.0457)
13:47:59: INFO [flashield.py:170 (root)]: 	w03.oracleGeneral.bin-0.001-FIFO-True n_req: 59000000, n_miss: 39193108, miss ratio: 0.6643, disk write 87620206080 + 0 (0.0457)
13:49:04: INFO [flashield.py:170 (root)]: 	w03.oracleGeneral.bin-0.001-FIFO-True n_req: 60000000, n_miss: 39780619, miss ratio: 0.6630, disk write 87620206080 + 0 (0.0457)
13:50:11: INFO [flashield.py:170 (root)]: 	w03.oracleGeneral.bin-0.001-FIFO-True n_req: 61000000, n_miss: 40393933, miss ratio: 0.6622, disk write 87620206080 + 0 (0.0457)
13:51:18: INFO [flashield.py:170 (root)]: 	w03.oracleGeneral.bin-0.001-FIFO-True n_req: 62000000, n_miss: 41000831, miss ratio: 0.6613, disk write 87620206080 + 0 (0.0457)
13:52:19: INFO [flashield.py:170 (root)]: 	w03.oracleGeneral.bin-0.001-FIFO-True n_req: 63000000, n_miss: 41554208, miss ratio: 0.6596, disk write 87620206080 + 0 (0.0457)
13:53:20: INFO [flashield.py:170 (root)]: 	w03.oracleGeneral.bin-0.001-FIFO-True n_req: 64000000, n_miss: 42105683, miss ratio: 0.6579, disk write 87620206080 + 0 (0.0457)
13:54:25: INFO [flashield.py:170 (root)]: 	w03.oracleGeneral.bin-0.001-FIFO-True n_req: 65000000, n_miss: 42695066, miss ratio: 0.6568, disk write 87620206080 + 0 (0.0457)
13:55:34: INFO [flashield.py:170 (root)]: 	w03.oracleGeneral.bin-0.001-FIFO-True n_req: 66000000, n_miss: 43332502, miss ratio: 0.6566, disk write 87620206080 + 0 (0.0457)
13:56:24: INFO [flashield.py:170 (root)]: 	w03.oracleGeneral.bin-0.001-FIFO-True n_req: 67000000, n_miss: 43793139, miss ratio: 0.6536, disk write 87620206080 + 0 (0.0457)
13:57:15: INFO [flashield.py:170 (root)]: 	w03.oracleGeneral.bin-0.001-FIFO-True n_req: 68000000, n_miss: 44249662, miss ratio: 0.6507, disk write 87620206080 + 0 (0.0457)
13:58:10: INFO [flashield.py:170 (root)]: 	w03.oracleGeneral.bin-0.001-FIFO-True n_req: 69000000, n_miss: 44750611, miss ratio: 0.6486, disk write 87620206080 + 0 (0.0457)
13:59:03: INFO [flashield.py:170 (root)]: 	w03.oracleGeneral.bin-0.001-FIFO-True n_req: 70000000, n_miss: 45230980, miss ratio: 0.6462, disk write 87620206080 + 0 (0.0457)
13:59:55: INFO [flashield.py:170 (root)]: 	w03.oracleGeneral.bin-0.001-FIFO-True n_req: 71000000, n_miss: 45702610, miss ratio: 0.6437, disk write 87620206080 + 0 (0.0457)
14:00:51: INFO [flashield.py:170 (root)]: 	w03.oracleGeneral.bin-0.001-FIFO-True n_req: 72000000, n_miss: 46218256, miss ratio: 0.6419, disk write 87620206080 + 0 (0.0457)
14:01:52: INFO [flashield.py:170 (root)]: 	w03.oracleGeneral.bin-0.001-FIFO-True n_req: 73000000, n_miss: 46765907, miss ratio: 0.6406, disk write 87620206080 + 0 (0.0457)
14:02:53: INFO [flashield.py:170 (root)]: 	w03.oracleGeneral.bin-0.001-FIFO-True n_req: 74000000, n_miss: 47315809, miss ratio: 0.6394, disk write 87620206080 + 0 (0.0457)
14:03:50: INFO [flashield.py:170 (root)]: 	w03.oracleGeneral.bin-0.001-FIFO-True n_req: 75000000, n_miss: 47833125, miss ratio: 0.6378, disk write 87620206080 + 0 (0.0457)
14:04:44: INFO [flashield.py:170 (root)]: 	w03.oracleGeneral.bin-0.001-FIFO-True n_req: 76000000, n_miss: 48319144, miss ratio: 0.6358, disk write 87620206080 + 0 (0.0457)
14:06:05: INFO [flashield.py:170 (root)]: 	w03.oracleGeneral.bin-0.001-FIFO-True n_req: 77000000, n_miss: 49068688, miss ratio: 0.6373, disk write 87620206080 + 0 (0.0457)
14:07:26: INFO [flashield.py:170 (root)]: 	w03.oracleGeneral.bin-0.001-FIFO-True n_req: 78000000, n_miss: 49810219, miss ratio: 0.6386, disk write 87620206080 + 0 (0.0457)
14:08:38: INFO [flashield.py:170 (root)]: 	w03.oracleGeneral.bin-0.001-FIFO-True n_req: 79000000, n_miss: 50469095, miss ratio: 0.6388, disk write 87620206080 + 0 (0.0457)
14:09:44: INFO [flashield.py:170 (root)]: 	w03.oracleGeneral.bin-0.001-FIFO-True n_req: 80000000, n_miss: 51059051, miss ratio: 0.6382, disk write 87620206080 + 0 (0.0457)
14:10:45: INFO [flashield.py:170 (root)]: 	w03.oracleGeneral.bin-0.001-FIFO-True n_req: 81000000, n_miss: 51615548, miss ratio: 0.6372, disk write 87620206080 + 0 (0.0457)
14:11:43: INFO [flashield.py:170 (root)]: 	w03.oracleGeneral.bin-0.001-FIFO-True n_req: 82000000, n_miss: 52138582, miss ratio: 0.6358, disk write 87620206080 + 0 (0.0457)
14:12:35: INFO [flashield.py:170 (root)]: 	w03.oracleGeneral.bin-0.001-FIFO-True n_req: 83000000, n_miss: 52612259, miss ratio: 0.6339, disk write 87620206080 + 0 (0.0457)
14:13:28: INFO [flashield.py:170 (root)]: 	w03.oracleGeneral.bin-0.001-FIFO-True n_req: 84000000, n_miss: 53091232, miss ratio: 0.6320, disk write 87620206080 + 0 (0.0457)
14:14:04: INFO [flashield.py:182 (root)]: 	w03.oracleGeneral.bin-0.001-FIFO-True n_req: 84712978, n_miss: 53423699, miss ratio: 0.6306, disk write 87620206080 + 0 (0.0457)
