12:37:09: INFO [flashield.py:220 (root)]: 	calculating wss for w04.oracleGeneral.bin
12:38:08: INFO [flashield.py:228 (root)]: 	w04.oracleGeneral.bin wss_obj: 18753381, wss_byte: 1785141273088
12:38:08: INFO [cache.py:19 (cache)]: 	create Flashield cache with size 178514127308
12:38:08: INFO [cache.py:19 (cache)]: 	create LRU cache with size 178514127
12:38:08: INFO [cache.py:19 (cache)]: 	create FIFO cache with size 178335613181
12:38:11: INFO [flashield.py:170 (root)]: 	w04.oracleGeneral.bin-0.001-FIFO-True n_req: 1000000, n_miss: 430445, miss ratio: 0.4304, disk write 52206362624 + 0 (0.0292)
12:38:12: INFO [flashield.py:37 (root)]: 	w04.oracleGeneral.bin Training Flashield...
12:38:12: INFO [flashield.py:42 (root)]: 	w04.oracleGeneral.bin Training Flashield: 404874 features 404874 labels ...
12:38:12: INFO [flashield.py:55 (root)]: 	w04.oracleGeneral.bin finish training
12:38:21: INFO [flashield.py:170 (root)]: 	w04.oracleGeneral.bin-0.001-FIFO-True n_req: 2000000, n_miss: 824130, miss ratio: 0.4121, disk write 95519683584 + 0 (0.0535)
12:39:07: INFO [flashield.py:170 (root)]: 	w04.oracleGeneral.bin-0.001-FIFO-True n_req: 3000000, n_miss: 1243805, miss ratio: 0.4146, disk write 95519683584 + 0 (0.0535)
12:39:55: INFO [flashield.py:170 (root)]: 	w04.oracleGeneral.bin-0.001-FIFO-True n_req: 4000000, n_miss: 1682830, miss ratio: 0.4207, disk write 95519683584 + 0 (0.0535)
12:40:59: INFO [flashield.py:170 (root)]: 	w04.oracleGeneral.bin-0.001-FIFO-True n_req: 5000000, n_miss: 2258989, miss ratio: 0.4518, disk write 95519683584 + 0 (0.0535)
12:42:06: INFO [flashield.py:170 (root)]: 	w04.oracleGeneral.bin-0.001-FIFO-True n_req: 6000000, n_miss: 2874743, miss ratio: 0.4791, disk write 95519683584 + 0 (0.0535)
12:43:15: INFO [flashield.py:170 (root)]: 	w04.oracleGeneral.bin-0.001-FIFO-True n_req: 7000000, n_miss: 3496221, miss ratio: 0.4995, disk write 95519683584 + 0 (0.0535)
12:44:14: INFO [flashield.py:170 (root)]: 	w04.oracleGeneral.bin-0.001-FIFO-True n_req: 8000000, n_miss: 4031191, miss ratio: 0.5039, disk write 95519683584 + 0 (0.0535)
12:45:03: INFO [flashield.py:170 (root)]: 	w04.oracleGeneral.bin-0.001-FIFO-True n_req: 9000000, n_miss: 4471097, miss ratio: 0.4968, disk write 95519683584 + 0 (0.0535)
12:45:43: INFO [flashield.py:170 (root)]: 	w04.oracleGeneral.bin-0.001-FIFO-True n_req: 10000000, n_miss: 4831020, miss ratio: 0.4831, disk write 95519683584 + 0 (0.0535)
12:46:23: INFO [flashield.py:170 (root)]: 	w04.oracleGeneral.bin-0.001-FIFO-True n_req: 11000000, n_miss: 5190823, miss ratio: 0.4719, disk write 95519683584 + 0 (0.0535)
12:47:03: INFO [flashield.py:170 (root)]: 	w04.oracleGeneral.bin-0.001-FIFO-True n_req: 12000000, n_miss: 5553963, miss ratio: 0.4628, disk write 95519683584 + 0 (0.0535)
12:47:43: INFO [flashield.py:170 (root)]: 	w04.oracleGeneral.bin-0.001-FIFO-True n_req: 13000000, n_miss: 5911969, miss ratio: 0.4548, disk write 95519683584 + 0 (0.0535)
12:48:23: INFO [flashield.py:170 (root)]: 	w04.oracleGeneral.bin-0.001-FIFO-True n_req: 14000000, n_miss: 6265671, miss ratio: 0.4475, disk write 95519683584 + 0 (0.0535)
12:49:02: INFO [flashield.py:170 (root)]: 	w04.oracleGeneral.bin-0.001-FIFO-True n_req: 15000000, n_miss: 6618945, miss ratio: 0.4413, disk write 95519683584 + 0 (0.0535)
12:49:53: INFO [flashield.py:170 (root)]: 	w04.oracleGeneral.bin-0.001-FIFO-True n_req: 16000000, n_miss: 7075322, miss ratio: 0.4422, disk write 95519683584 + 0 (0.0535)
12:50:56: INFO [flashield.py:170 (root)]: 	w04.oracleGeneral.bin-0.001-FIFO-True n_req: 17000000, n_miss: 7645189, miss ratio: 0.4497, disk write 95519683584 + 0 (0.0535)
12:52:03: INFO [flashield.py:170 (root)]: 	w04.oracleGeneral.bin-0.001-FIFO-True n_req: 18000000, n_miss: 8249409, miss ratio: 0.4583, disk write 95519683584 + 0 (0.0535)
12:53:02: INFO [flashield.py:170 (root)]: 	w04.oracleGeneral.bin-0.001-FIFO-True n_req: 19000000, n_miss: 8787377, miss ratio: 0.4625, disk write 95519683584 + 0 (0.0535)
12:53:47: INFO [flashield.py:170 (root)]: 	w04.oracleGeneral.bin-0.001-FIFO-True n_req: 20000000, n_miss: 9188553, miss ratio: 0.4594, disk write 95519683584 + 0 (0.0535)
12:54:28: INFO [flashield.py:170 (root)]: 	w04.oracleGeneral.bin-0.001-FIFO-True n_req: 21000000, n_miss: 9564627, miss ratio: 0.4555, disk write 95519683584 + 0 (0.0535)
12:55:21: INFO [flashield.py:170 (root)]: 	w04.oracleGeneral.bin-0.001-FIFO-True n_req: 22000000, n_miss: 10037317, miss ratio: 0.4562, disk write 95519683584 + 0 (0.0535)
12:56:16: INFO [flashield.py:170 (root)]: 	w04.oracleGeneral.bin-0.001-FIFO-True n_req: 23000000, n_miss: 10532237, miss ratio: 0.4579, disk write 95519683584 + 0 (0.0535)
12:57:16: INFO [flashield.py:170 (root)]: 	w04.oracleGeneral.bin-0.001-FIFO-True n_req: 24000000, n_miss: 11065378, miss ratio: 0.4611, disk write 95519683584 + 0 (0.0535)
12:58:21: INFO [flashield.py:170 (root)]: 	w04.oracleGeneral.bin-0.001-FIFO-True n_req: 25000000, n_miss: 11659254, miss ratio: 0.4664, disk write 95519683584 + 0 (0.0535)
12:59:25: INFO [flashield.py:170 (root)]: 	w04.oracleGeneral.bin-0.001-FIFO-True n_req: 26000000, n_miss: 12231131, miss ratio: 0.4704, disk write 95519683584 + 0 (0.0535)
13:00:27: INFO [flashield.py:170 (root)]: 	w04.oracleGeneral.bin-0.001-FIFO-True n_req: 27000000, n_miss: 12790801, miss ratio: 0.4737, disk write 95519683584 + 0 (0.0535)
13:01:30: INFO [flashield.py:170 (root)]: 	w04.oracleGeneral.bin-0.001-FIFO-True n_req: 28000000, n_miss: 13358901, miss ratio: 0.4771, disk write 95519683584 + 0 (0.0535)
13:02:36: INFO [flashield.py:170 (root)]: 	w04.oracleGeneral.bin-0.001-FIFO-True n_req: 29000000, n_miss: 13956399, miss ratio: 0.4813, disk write 95519683584 + 0 (0.0535)
13:03:50: INFO [flashield.py:170 (root)]: 	w04.oracleGeneral.bin-0.001-FIFO-True n_req: 30000000, n_miss: 14632537, miss ratio: 0.4878, disk write 95519683584 + 0 (0.0535)
13:04:51: INFO [flashield.py:170 (root)]: 	w04.oracleGeneral.bin-0.001-FIFO-True n_req: 31000000, n_miss: 15192137, miss ratio: 0.4901, disk write 95519683584 + 0 (0.0535)
13:05:42: INFO [flashield.py:170 (root)]: 	w04.oracleGeneral.bin-0.001-FIFO-True n_req: 32000000, n_miss: 15660583, miss ratio: 0.4894, disk write 95519683584 + 0 (0.0535)
13:06:56: INFO [flashield.py:170 (root)]: 	w04.oracleGeneral.bin-0.001-FIFO-True n_req: 33000000, n_miss: 16334792, miss ratio: 0.4950, disk write 95519683584 + 0 (0.0535)
13:08:15: INFO [flashield.py:170 (root)]: 	w04.oracleGeneral.bin-0.001-FIFO-True n_req: 34000000, n_miss: 17051408, miss ratio: 0.5015, disk write 95519683584 + 0 (0.0535)
13:09:37: INFO [flashield.py:170 (root)]: 	w04.oracleGeneral.bin-0.001-FIFO-True n_req: 35000000, n_miss: 17804691, miss ratio: 0.5087, disk write 95519683584 + 0 (0.0535)
13:11:04: INFO [flashield.py:170 (root)]: 	w04.oracleGeneral.bin-0.001-FIFO-True n_req: 36000000, n_miss: 18606652, miss ratio: 0.5169, disk write 95519683584 + 0 (0.0535)
13:12:23: INFO [flashield.py:170 (root)]: 	w04.oracleGeneral.bin-0.001-FIFO-True n_req: 37000000, n_miss: 19329318, miss ratio: 0.5224, disk write 95519683584 + 0 (0.0535)
13:13:42: INFO [flashield.py:170 (root)]: 	w04.oracleGeneral.bin-0.001-FIFO-True n_req: 38000000, n_miss: 20049046, miss ratio: 0.5276, disk write 95519683584 + 0 (0.0535)
13:15:02: INFO [flashield.py:170 (root)]: 	w04.oracleGeneral.bin-0.001-FIFO-True n_req: 39000000, n_miss: 20785569, miss ratio: 0.5330, disk write 95519683584 + 0 (0.0535)
13:16:22: INFO [flashield.py:170 (root)]: 	w04.oracleGeneral.bin-0.001-FIFO-True n_req: 40000000, n_miss: 21526547, miss ratio: 0.5382, disk write 95519683584 + 0 (0.0535)
13:17:35: INFO [flashield.py:170 (root)]: 	w04.oracleGeneral.bin-0.001-FIFO-True n_req: 41000000, n_miss: 22191349, miss ratio: 0.5413, disk write 95519683584 + 0 (0.0535)
13:18:26: INFO [flashield.py:170 (root)]: 	w04.oracleGeneral.bin-0.001-FIFO-True n_req: 42000000, n_miss: 22664136, miss ratio: 0.5396, disk write 95519683584 + 0 (0.0535)
13:19:10: INFO [flashield.py:170 (root)]: 	w04.oracleGeneral.bin-0.001-FIFO-True n_req: 43000000, n_miss: 23055945, miss ratio: 0.5362, disk write 95519683584 + 0 (0.0535)
13:19:53: INFO [flashield.py:170 (root)]: 	w04.oracleGeneral.bin-0.001-FIFO-True n_req: 44000000, n_miss: 23446087, miss ratio: 0.5329, disk write 95519683584 + 0 (0.0535)
13:20:35: INFO [flashield.py:170 (root)]: 	w04.oracleGeneral.bin-0.001-FIFO-True n_req: 45000000, n_miss: 23832416, miss ratio: 0.5296, disk write 95519683584 + 0 (0.0535)
13:21:20: INFO [flashield.py:170 (root)]: 	w04.oracleGeneral.bin-0.001-FIFO-True n_req: 46000000, n_miss: 24245806, miss ratio: 0.5271, disk write 95519683584 + 0 (0.0535)
13:22:06: INFO [flashield.py:170 (root)]: 	w04.oracleGeneral.bin-0.001-FIFO-True n_req: 47000000, n_miss: 24660936, miss ratio: 0.5247, disk write 95519683584 + 0 (0.0535)
13:22:52: INFO [flashield.py:170 (root)]: 	w04.oracleGeneral.bin-0.001-FIFO-True n_req: 48000000, n_miss: 25082102, miss ratio: 0.5225, disk write 95519683584 + 0 (0.0535)
13:23:37: INFO [flashield.py:170 (root)]: 	w04.oracleGeneral.bin-0.001-FIFO-True n_req: 49000000, n_miss: 25489654, miss ratio: 0.5202, disk write 95519683584 + 0 (0.0535)
13:24:21: INFO [flashield.py:170 (root)]: 	w04.oracleGeneral.bin-0.001-FIFO-True n_req: 50000000, n_miss: 25889314, miss ratio: 0.5178, disk write 95519683584 + 0 (0.0535)
13:25:06: INFO [flashield.py:170 (root)]: 	w04.oracleGeneral.bin-0.001-FIFO-True n_req: 51000000, n_miss: 26294244, miss ratio: 0.5156, disk write 95519683584 + 0 (0.0535)
13:25:50: INFO [flashield.py:170 (root)]: 	w04.oracleGeneral.bin-0.001-FIFO-True n_req: 52000000, n_miss: 26693705, miss ratio: 0.5133, disk write 95519683584 + 0 (0.0535)
13:26:44: INFO [flashield.py:170 (root)]: 	w04.oracleGeneral.bin-0.001-FIFO-True n_req: 53000000, n_miss: 27193437, miss ratio: 0.5131, disk write 95519683584 + 0 (0.0535)
13:27:58: INFO [flashield.py:170 (root)]: 	w04.oracleGeneral.bin-0.001-FIFO-True n_req: 54000000, n_miss: 27878948, miss ratio: 0.5163, disk write 95519683584 + 0 (0.0535)
13:29:17: INFO [flashield.py:170 (root)]: 	w04.oracleGeneral.bin-0.001-FIFO-True n_req: 55000000, n_miss: 28606190, miss ratio: 0.5201, disk write 95519683584 + 0 (0.0535)
13:30:38: INFO [flashield.py:170 (root)]: 	w04.oracleGeneral.bin-0.001-FIFO-True n_req: 56000000, n_miss: 29357067, miss ratio: 0.5242, disk write 95519683584 + 0 (0.0535)
13:31:55: INFO [flashield.py:170 (root)]: 	w04.oracleGeneral.bin-0.001-FIFO-True n_req: 57000000, n_miss: 30069567, miss ratio: 0.5275, disk write 95519683584 + 0 (0.0535)
13:32:50: INFO [flashield.py:170 (root)]: 	w04.oracleGeneral.bin-0.001-FIFO-True n_req: 58000000, n_miss: 30577150, miss ratio: 0.5272, disk write 95519683584 + 0 (0.0535)
13:33:39: INFO [flashield.py:170 (root)]: 	w04.oracleGeneral.bin-0.001-FIFO-True n_req: 59000000, n_miss: 31020774, miss ratio: 0.5258, disk write 95519683584 + 0 (0.0535)
13:34:25: INFO [flashield.py:170 (root)]: 	w04.oracleGeneral.bin-0.001-FIFO-True n_req: 60000000, n_miss: 31437697, miss ratio: 0.5240, disk write 95519683584 + 0 (0.0535)
13:35:11: INFO [flashield.py:170 (root)]: 	w04.oracleGeneral.bin-0.001-FIFO-True n_req: 61000000, n_miss: 31863137, miss ratio: 0.5223, disk write 95519683584 + 0 (0.0535)
13:35:56: INFO [flashield.py:170 (root)]: 	w04.oracleGeneral.bin-0.001-FIFO-True n_req: 62000000, n_miss: 32268452, miss ratio: 0.5205, disk write 95519683584 + 0 (0.0535)
13:36:39: INFO [flashield.py:170 (root)]: 	w04.oracleGeneral.bin-0.001-FIFO-True n_req: 63000000, n_miss: 32659270, miss ratio: 0.5184, disk write 95519683584 + 0 (0.0535)
13:37:23: INFO [flashield.py:170 (root)]: 	w04.oracleGeneral.bin-0.001-FIFO-True n_req: 64000000, n_miss: 33060004, miss ratio: 0.5166, disk write 95519683584 + 0 (0.0535)
13:38:07: INFO [flashield.py:170 (root)]: 	w04.oracleGeneral.bin-0.001-FIFO-True n_req: 65000000, n_miss: 33457718, miss ratio: 0.5147, disk write 95519683584 + 0 (0.0535)
13:38:50: INFO [flashield.py:170 (root)]: 	w04.oracleGeneral.bin-0.001-FIFO-True n_req: 66000000, n_miss: 33846322, miss ratio: 0.5128, disk write 95519683584 + 0 (0.0535)
13:39:31: INFO [flashield.py:170 (root)]: 	w04.oracleGeneral.bin-0.001-FIFO-True n_req: 67000000, n_miss: 34217969, miss ratio: 0.5107, disk write 95519683584 + 0 (0.0535)
13:40:11: INFO [flashield.py:170 (root)]: 	w04.oracleGeneral.bin-0.001-FIFO-True n_req: 68000000, n_miss: 34592840, miss ratio: 0.5087, disk write 95519683584 + 0 (0.0535)
13:40:53: INFO [flashield.py:170 (root)]: 	w04.oracleGeneral.bin-0.001-FIFO-True n_req: 69000000, n_miss: 34966217, miss ratio: 0.5068, disk write 95519683584 + 0 (0.0535)
13:41:56: INFO [flashield.py:170 (root)]: 	w04.oracleGeneral.bin-0.001-FIFO-True n_req: 70000000, n_miss: 35541620, miss ratio: 0.5077, disk write 95519683584 + 0 (0.0535)
13:42:58: INFO [flashield.py:170 (root)]: 	w04.oracleGeneral.bin-0.001-FIFO-True n_req: 71000000, n_miss: 36109015, miss ratio: 0.5086, disk write 95519683584 + 0 (0.0535)
13:44:02: INFO [flashield.py:170 (root)]: 	w04.oracleGeneral.bin-0.001-FIFO-True n_req: 72000000, n_miss: 36683420, miss ratio: 0.5095, disk write 95519683584 + 0 (0.0535)
13:45:05: INFO [flashield.py:170 (root)]: 	w04.oracleGeneral.bin-0.001-FIFO-True n_req: 73000000, n_miss: 37253206, miss ratio: 0.5103, disk write 95519683584 + 0 (0.0535)
13:46:07: INFO [flashield.py:170 (root)]: 	w04.oracleGeneral.bin-0.001-FIFO-True n_req: 74000000, n_miss: 37818932, miss ratio: 0.5111, disk write 95519683584 + 0 (0.0535)
13:47:11: INFO [flashield.py:170 (root)]: 	w04.oracleGeneral.bin-0.001-FIFO-True n_req: 75000000, n_miss: 38405865, miss ratio: 0.5121, disk write 95519683584 + 0 (0.0535)
13:48:15: INFO [flashield.py:170 (root)]: 	w04.oracleGeneral.bin-0.001-FIFO-True n_req: 76000000, n_miss: 38986081, miss ratio: 0.5130, disk write 95519683584 + 0 (0.0535)
13:49:18: INFO [flashield.py:170 (root)]: 	w04.oracleGeneral.bin-0.001-FIFO-True n_req: 77000000, n_miss: 39562197, miss ratio: 0.5138, disk write 95519683584 + 0 (0.0535)
13:50:06: INFO [flashield.py:182 (root)]: 	w04.oracleGeneral.bin-0.001-FIFO-True n_req: 77764582, n_miss: 39993942, miss ratio: 0.5143, disk write 95519683584 + 0 (0.0535)
