12:37:09: INFO [flashield.py:220 (root)]: 	calculating wss for w05.oracleGeneral.bin
12:38:04: INFO [flashield.py:228 (root)]: 	w05.oracleGeneral.bin wss_obj: 41379800, wss_byte: 1542905902080
12:38:04: INFO [cache.py:19 (cache)]: 	create Flashield cache with size 154290590208
12:38:04: INFO [cache.py:19 (cache)]: 	create LRU cache with size 154290590
12:38:04: INFO [cache.py:19 (cache)]: 	create FIFO cache with size 154136299618
12:38:07: INFO [flashield.py:170 (root)]: 	w05.oracleGeneral.bin-0.001-FIFO-True n_req: 1000000, n_miss: 997325, miss ratio: 0.9973, disk write 1070083584 + 0 (0.0007)
12:38:10: INFO [flashield.py:170 (root)]: 	w05.oracleGeneral.bin-0.001-FIFO-True n_req: 2000000, n_miss: 1983057, miss ratio: 0.9915, disk write 12358131200 + 0 (0.0080)
12:38:13: INFO [flashield.py:170 (root)]: 	w05.oracleGeneral.bin-0.001-FIFO-True n_req: 3000000, n_miss: 2695849, miss ratio: 0.8986, disk write 61759179776 + 0 (0.0400)
12:38:15: INFO [flashield.py:170 (root)]: 	w05.oracleGeneral.bin-0.001-FIFO-True n_req: 4000000, n_miss: 3494993, miss ratio: 0.8737, disk write 67505304064 + 0 (0.0438)
12:38:17: INFO [flashield.py:170 (root)]: 	w05.oracleGeneral.bin-0.001-FIFO-True n_req: 5000000, n_miss: 4248185, miss ratio: 0.8496, disk write 88111515648 + 0 (0.0571)
12:38:19: INFO [flashield.py:37 (root)]: 	w05.oracleGeneral.bin Training Flashield...
12:38:21: INFO [flashield.py:42 (root)]: 	w05.oracleGeneral.bin Training Flashield: 2679655 features 2679655 labels ...
12:38:21: INFO [flashield.py:55 (root)]: 	w05.oracleGeneral.bin finish training
12:38:56: INFO [flashield.py:170 (root)]: 	w05.oracleGeneral.bin-0.001-FIFO-True n_req: 6000000, n_miss: 5241690, miss ratio: 0.8736, disk write 88662166528 + 0 (0.0575)
12:40:38: INFO [flashield.py:170 (root)]: 	w05.oracleGeneral.bin-0.001-FIFO-True n_req: 7000000, n_miss: 6233198, miss ratio: 0.8905, disk write 88662166528 + 0 (0.0575)
12:42:21: INFO [flashield.py:170 (root)]: 	w05.oracleGeneral.bin-0.001-FIFO-True n_req: 8000000, n_miss: 7194691, miss ratio: 0.8993, disk write 88662166528 + 0 (0.0575)
12:43:57: INFO [flashield.py:170 (root)]: 	w05.oracleGeneral.bin-0.001-FIFO-True n_req: 9000000, n_miss: 8160289, miss ratio: 0.9067, disk write 88662166528 + 0 (0.0575)
12:45:37: INFO [flashield.py:170 (root)]: 	w05.oracleGeneral.bin-0.001-FIFO-True n_req: 10000000, n_miss: 9126998, miss ratio: 0.9127, disk write 88662166528 + 0 (0.0575)
12:47:18: INFO [flashield.py:170 (root)]: 	w05.oracleGeneral.bin-0.001-FIFO-True n_req: 11000000, n_miss: 10095243, miss ratio: 0.9177, disk write 88662166528 + 0 (0.0575)
12:48:55: INFO [flashield.py:170 (root)]: 	w05.oracleGeneral.bin-0.001-FIFO-True n_req: 12000000, n_miss: 11047097, miss ratio: 0.9206, disk write 88662166528 + 0 (0.0575)
12:50:34: INFO [flashield.py:170 (root)]: 	w05.oracleGeneral.bin-0.001-FIFO-True n_req: 13000000, n_miss: 11966715, miss ratio: 0.9205, disk write 88662166528 + 0 (0.0575)
12:52:06: INFO [flashield.py:170 (root)]: 	w05.oracleGeneral.bin-0.001-FIFO-True n_req: 14000000, n_miss: 12844026, miss ratio: 0.9174, disk write 88662166528 + 0 (0.0575)
12:53:50: INFO [flashield.py:170 (root)]: 	w05.oracleGeneral.bin-0.001-FIFO-True n_req: 15000000, n_miss: 13840374, miss ratio: 0.9227, disk write 88662166528 + 0 (0.0575)
12:55:17: INFO [flashield.py:170 (root)]: 	w05.oracleGeneral.bin-0.001-FIFO-True n_req: 16000000, n_miss: 14744597, miss ratio: 0.9215, disk write 88662166528 + 0 (0.0575)
12:56:57: INFO [flashield.py:170 (root)]: 	w05.oracleGeneral.bin-0.001-FIFO-True n_req: 17000000, n_miss: 15685189, miss ratio: 0.9227, disk write 88662166528 + 0 (0.0575)
12:58:40: INFO [flashield.py:170 (root)]: 	w05.oracleGeneral.bin-0.001-FIFO-True n_req: 18000000, n_miss: 16627467, miss ratio: 0.9237, disk write 88662166528 + 0 (0.0575)
13:00:17: INFO [flashield.py:170 (root)]: 	w05.oracleGeneral.bin-0.001-FIFO-True n_req: 19000000, n_miss: 17546753, miss ratio: 0.9235, disk write 88662166528 + 0 (0.0575)
13:01:51: INFO [flashield.py:170 (root)]: 	w05.oracleGeneral.bin-0.001-FIFO-True n_req: 20000000, n_miss: 18388085, miss ratio: 0.9194, disk write 88662166528 + 0 (0.0575)
13:03:12: INFO [flashield.py:170 (root)]: 	w05.oracleGeneral.bin-0.001-FIFO-True n_req: 21000000, n_miss: 19147216, miss ratio: 0.9118, disk write 88662166528 + 0 (0.0575)
13:04:24: INFO [flashield.py:170 (root)]: 	w05.oracleGeneral.bin-0.001-FIFO-True n_req: 22000000, n_miss: 19818196, miss ratio: 0.9008, disk write 88662166528 + 0 (0.0575)
13:05:51: INFO [flashield.py:170 (root)]: 	w05.oracleGeneral.bin-0.001-FIFO-True n_req: 23000000, n_miss: 20710734, miss ratio: 0.9005, disk write 88662166528 + 0 (0.0575)
13:07:05: INFO [flashield.py:170 (root)]: 	w05.oracleGeneral.bin-0.001-FIFO-True n_req: 24000000, n_miss: 21423872, miss ratio: 0.8927, disk write 88662166528 + 0 (0.0575)
13:08:51: INFO [flashield.py:170 (root)]: 	w05.oracleGeneral.bin-0.001-FIFO-True n_req: 25000000, n_miss: 22411068, miss ratio: 0.8964, disk write 88662166528 + 0 (0.0575)
13:10:28: INFO [flashield.py:170 (root)]: 	w05.oracleGeneral.bin-0.001-FIFO-True n_req: 26000000, n_miss: 23393682, miss ratio: 0.8998, disk write 88662166528 + 0 (0.0575)
13:12:09: INFO [flashield.py:170 (root)]: 	w05.oracleGeneral.bin-0.001-FIFO-True n_req: 27000000, n_miss: 24356750, miss ratio: 0.9021, disk write 88662166528 + 0 (0.0575)
13:13:48: INFO [flashield.py:170 (root)]: 	w05.oracleGeneral.bin-0.001-FIFO-True n_req: 28000000, n_miss: 25340170, miss ratio: 0.9050, disk write 88662166528 + 0 (0.0575)
13:15:28: INFO [flashield.py:170 (root)]: 	w05.oracleGeneral.bin-0.001-FIFO-True n_req: 29000000, n_miss: 26267071, miss ratio: 0.9058, disk write 88662166528 + 0 (0.0575)
13:17:09: INFO [flashield.py:170 (root)]: 	w05.oracleGeneral.bin-0.001-FIFO-True n_req: 30000000, n_miss: 27222038, miss ratio: 0.9074, disk write 88662166528 + 0 (0.0575)
13:18:40: INFO [flashield.py:170 (root)]: 	w05.oracleGeneral.bin-0.001-FIFO-True n_req: 31000000, n_miss: 28148485, miss ratio: 0.9080, disk write 88662166528 + 0 (0.0575)
13:20:19: INFO [flashield.py:170 (root)]: 	w05.oracleGeneral.bin-0.001-FIFO-True n_req: 32000000, n_miss: 29094088, miss ratio: 0.9092, disk write 88662166528 + 0 (0.0575)
13:22:02: INFO [flashield.py:170 (root)]: 	w05.oracleGeneral.bin-0.001-FIFO-True n_req: 33000000, n_miss: 30065403, miss ratio: 0.9111, disk write 88662166528 + 0 (0.0575)
13:23:34: INFO [flashield.py:170 (root)]: 	w05.oracleGeneral.bin-0.001-FIFO-True n_req: 34000000, n_miss: 30898353, miss ratio: 0.9088, disk write 88662166528 + 0 (0.0575)
13:24:29: INFO [flashield.py:170 (root)]: 	w05.oracleGeneral.bin-0.001-FIFO-True n_req: 35000000, n_miss: 31425406, miss ratio: 0.8979, disk write 88662166528 + 0 (0.0575)
13:26:10: INFO [flashield.py:170 (root)]: 	w05.oracleGeneral.bin-0.001-FIFO-True n_req: 36000000, n_miss: 32372374, miss ratio: 0.8992, disk write 88662166528 + 0 (0.0575)
13:27:29: INFO [flashield.py:170 (root)]: 	w05.oracleGeneral.bin-0.001-FIFO-True n_req: 37000000, n_miss: 33119066, miss ratio: 0.8951, disk write 88662166528 + 0 (0.0575)
13:28:57: INFO [flashield.py:170 (root)]: 	w05.oracleGeneral.bin-0.001-FIFO-True n_req: 38000000, n_miss: 33970120, miss ratio: 0.8940, disk write 88662166528 + 0 (0.0575)
13:30:40: INFO [flashield.py:170 (root)]: 	w05.oracleGeneral.bin-0.001-FIFO-True n_req: 39000000, n_miss: 34938550, miss ratio: 0.8959, disk write 88662166528 + 0 (0.0575)
13:32:00: INFO [flashield.py:170 (root)]: 	w05.oracleGeneral.bin-0.001-FIFO-True n_req: 40000000, n_miss: 35673563, miss ratio: 0.8918, disk write 88662166528 + 0 (0.0575)
13:33:33: INFO [flashield.py:170 (root)]: 	w05.oracleGeneral.bin-0.001-FIFO-True n_req: 41000000, n_miss: 36574830, miss ratio: 0.8921, disk write 88662166528 + 0 (0.0575)
13:35:13: INFO [flashield.py:170 (root)]: 	w05.oracleGeneral.bin-0.001-FIFO-True n_req: 42000000, n_miss: 37499929, miss ratio: 0.8929, disk write 88662166528 + 0 (0.0575)
13:36:33: INFO [flashield.py:170 (root)]: 	w05.oracleGeneral.bin-0.001-FIFO-True n_req: 43000000, n_miss: 38239076, miss ratio: 0.8893, disk write 88662166528 + 0 (0.0575)
13:38:02: INFO [flashield.py:170 (root)]: 	w05.oracleGeneral.bin-0.001-FIFO-True n_req: 44000000, n_miss: 39062724, miss ratio: 0.8878, disk write 88662166528 + 0 (0.0575)
13:39:12: INFO [flashield.py:170 (root)]: 	w05.oracleGeneral.bin-0.001-FIFO-True n_req: 45000000, n_miss: 39713252, miss ratio: 0.8825, disk write 88662166528 + 0 (0.0575)
13:40:26: INFO [flashield.py:170 (root)]: 	w05.oracleGeneral.bin-0.001-FIFO-True n_req: 46000000, n_miss: 40409878, miss ratio: 0.8785, disk write 88662166528 + 0 (0.0575)
13:41:45: INFO [flashield.py:170 (root)]: 	w05.oracleGeneral.bin-0.001-FIFO-True n_req: 47000000, n_miss: 41146462, miss ratio: 0.8755, disk write 88662166528 + 0 (0.0575)
13:42:52: INFO [flashield.py:170 (root)]: 	w05.oracleGeneral.bin-0.001-FIFO-True n_req: 48000000, n_miss: 41763763, miss ratio: 0.8701, disk write 88662166528 + 0 (0.0575)
13:43:28: INFO [flashield.py:170 (root)]: 	w05.oracleGeneral.bin-0.001-FIFO-True n_req: 49000000, n_miss: 42097446, miss ratio: 0.8591, disk write 88662166528 + 0 (0.0575)
13:44:32: INFO [flashield.py:170 (root)]: 	w05.oracleGeneral.bin-0.001-FIFO-True n_req: 50000000, n_miss: 42694687, miss ratio: 0.8539, disk write 88662166528 + 0 (0.0575)
13:45:50: INFO [flashield.py:170 (root)]: 	w05.oracleGeneral.bin-0.001-FIFO-True n_req: 51000000, n_miss: 43406360, miss ratio: 0.8511, disk write 88662166528 + 0 (0.0575)
13:47:17: INFO [flashield.py:170 (root)]: 	w05.oracleGeneral.bin-0.001-FIFO-True n_req: 52000000, n_miss: 44232007, miss ratio: 0.8506, disk write 88662166528 + 0 (0.0575)
13:48:44: INFO [flashield.py:170 (root)]: 	w05.oracleGeneral.bin-0.001-FIFO-True n_req: 53000000, n_miss: 45033310, miss ratio: 0.8497, disk write 88662166528 + 0 (0.0575)
13:50:14: INFO [flashield.py:170 (root)]: 	w05.oracleGeneral.bin-0.001-FIFO-True n_req: 54000000, n_miss: 45881005, miss ratio: 0.8496, disk write 88662166528 + 0 (0.0575)
13:51:23: INFO [flashield.py:170 (root)]: 	w05.oracleGeneral.bin-0.001-FIFO-True n_req: 55000000, n_miss: 46517701, miss ratio: 0.8458, disk write 88662166528 + 0 (0.0575)
13:52:32: INFO [flashield.py:170 (root)]: 	w05.oracleGeneral.bin-0.001-FIFO-True n_req: 56000000, n_miss: 47153210, miss ratio: 0.8420, disk write 88662166528 + 0 (0.0575)
13:54:00: INFO [flashield.py:170 (root)]: 	w05.oracleGeneral.bin-0.001-FIFO-True n_req: 57000000, n_miss: 47958328, miss ratio: 0.8414, disk write 88662166528 + 0 (0.0575)
13:55:46: INFO [flashield.py:170 (root)]: 	w05.oracleGeneral.bin-0.001-FIFO-True n_req: 58000000, n_miss: 48942749, miss ratio: 0.8438, disk write 88662166528 + 0 (0.0575)
13:57:32: INFO [flashield.py:170 (root)]: 	w05.oracleGeneral.bin-0.001-FIFO-True n_req: 59000000, n_miss: 49928449, miss ratio: 0.8462, disk write 88662166528 + 0 (0.0575)
13:59:08: INFO [flashield.py:170 (root)]: 	w05.oracleGeneral.bin-0.001-FIFO-True n_req: 60000000, n_miss: 50808439, miss ratio: 0.8468, disk write 88662166528 + 0 (0.0575)
14:00:29: INFO [flashield.py:170 (root)]: 	w05.oracleGeneral.bin-0.001-FIFO-True n_req: 61000000, n_miss: 51555855, miss ratio: 0.8452, disk write 88662166528 + 0 (0.0575)
14:01:35: INFO [flashield.py:170 (root)]: 	w05.oracleGeneral.bin-0.001-FIFO-True n_req: 62000000, n_miss: 52167076, miss ratio: 0.8414, disk write 88662166528 + 0 (0.0575)
14:03:06: INFO [flashield.py:170 (root)]: 	w05.oracleGeneral.bin-0.001-FIFO-True n_req: 63000000, n_miss: 53003565, miss ratio: 0.8413, disk write 88662166528 + 0 (0.0575)
14:04:27: INFO [flashield.py:170 (root)]: 	w05.oracleGeneral.bin-0.001-FIFO-True n_req: 64000000, n_miss: 53757178, miss ratio: 0.8400, disk write 88662166528 + 0 (0.0575)
14:05:15: INFO [flashield.py:170 (root)]: 	w05.oracleGeneral.bin-0.001-FIFO-True n_req: 65000000, n_miss: 54207200, miss ratio: 0.8340, disk write 88662166528 + 0 (0.0575)
14:06:34: INFO [flashield.py:170 (root)]: 	w05.oracleGeneral.bin-0.001-FIFO-True n_req: 66000000, n_miss: 54925253, miss ratio: 0.8322, disk write 88662166528 + 0 (0.0575)
14:07:59: INFO [flashield.py:170 (root)]: 	w05.oracleGeneral.bin-0.001-FIFO-True n_req: 67000000, n_miss: 55728793, miss ratio: 0.8318, disk write 88662166528 + 0 (0.0575)
14:09:26: INFO [flashield.py:170 (root)]: 	w05.oracleGeneral.bin-0.001-FIFO-True n_req: 68000000, n_miss: 56538319, miss ratio: 0.8314, disk write 88662166528 + 0 (0.0575)
14:10:36: INFO [flashield.py:170 (root)]: 	w05.oracleGeneral.bin-0.001-FIFO-True n_req: 69000000, n_miss: 57186676, miss ratio: 0.8288, disk write 88662166528 + 0 (0.0575)
14:11:57: INFO [flashield.py:170 (root)]: 	w05.oracleGeneral.bin-0.001-FIFO-True n_req: 70000000, n_miss: 57933743, miss ratio: 0.8276, disk write 88662166528 + 0 (0.0575)
14:13:23: INFO [flashield.py:170 (root)]: 	w05.oracleGeneral.bin-0.001-FIFO-True n_req: 71000000, n_miss: 58736954, miss ratio: 0.8273, disk write 88662166528 + 0 (0.0575)
14:14:50: INFO [flashield.py:170 (root)]: 	w05.oracleGeneral.bin-0.001-FIFO-True n_req: 72000000, n_miss: 59551083, miss ratio: 0.8271, disk write 88662166528 + 0 (0.0575)
14:16:15: INFO [flashield.py:170 (root)]: 	w05.oracleGeneral.bin-0.001-FIFO-True n_req: 73000000, n_miss: 60347925, miss ratio: 0.8267, disk write 88662166528 + 0 (0.0575)
14:16:19: INFO [flashield.py:182 (root)]: 	w05.oracleGeneral.bin-0.001-FIFO-True n_req: 73034546, n_miss: 60381281, miss ratio: 0.8267, disk write 88662166528 + 0 (0.0575)
