12:37:09: INFO [flashield.py:220 (root)]: 	calculating wss for w06.oracleGeneral.bin
12:37:48: INFO [flashield.py:228 (root)]: 	w06.oracleGeneral.bin wss_obj: 1699448, wss_byte: 23468258304
12:37:48: INFO [cache.py:19 (cache)]: 	create Flashield cache with size 2346825830
12:37:48: INFO [cache.py:19 (cache)]: 	create LRU cache with size 2346825
12:37:48: INFO [cache.py:19 (cache)]: 	create FIFO cache with size 2344479005
12:37:49: INFO [flashield.py:37 (root)]: 	w06.oracleGeneral.bin Training Flashield...
12:37:49: INFO [flashield.py:42 (root)]: 	w06.oracleGeneral.bin Training Flashield: 42741 features 42741 labels ...
12:37:49: INFO [flashield.py:55 (root)]: 	w06.oracleGeneral.bin finish training
12:38:11: INFO [flashield.py:170 (root)]: 	w06.oracleGeneral.bin-0.001-FIFO-True n_req: 1000000, n_miss: 281256, miss ratio: 0.2813, disk write 356475904 + 0 (0.0152)
12:39:38: INFO [flashield.py:170 (root)]: 	w06.oracleGeneral.bin-0.001-FIFO-True n_req: 2000000, n_miss: 1101402, miss ratio: 0.5507, disk write 356475904 + 0 (0.0152)
12:40:35: INFO [flashield.py:170 (root)]: 	w06.oracleGeneral.bin-0.001-FIFO-True n_req: 3000000, n_miss: 1630446, miss ratio: 0.5435, disk write 356475904 + 0 (0.0152)
12:40:59: INFO [flashield.py:170 (root)]: 	w06.oracleGeneral.bin-0.001-FIFO-True n_req: 4000000, n_miss: 1849144, miss ratio: 0.4623, disk write 356475904 + 0 (0.0152)
12:41:26: INFO [flashield.py:170 (root)]: 	w06.oracleGeneral.bin-0.001-FIFO-True n_req: 5000000, n_miss: 2099514, miss ratio: 0.4199, disk write 356475904 + 0 (0.0152)
12:41:49: INFO [flashield.py:170 (root)]: 	w06.oracleGeneral.bin-0.001-FIFO-True n_req: 6000000, n_miss: 2307939, miss ratio: 0.3847, disk write 356475904 + 0 (0.0152)
12:42:17: INFO [flashield.py:170 (root)]: 	w06.oracleGeneral.bin-0.001-FIFO-True n_req: 7000000, n_miss: 2569399, miss ratio: 0.3671, disk write 356475904 + 0 (0.0152)
12:42:54: INFO [flashield.py:170 (root)]: 	w06.oracleGeneral.bin-0.001-FIFO-True n_req: 8000000, n_miss: 2913742, miss ratio: 0.3642, disk write 356475904 + 0 (0.0152)
12:43:28: INFO [flashield.py:170 (root)]: 	w06.oracleGeneral.bin-0.001-FIFO-True n_req: 9000000, n_miss: 3231161, miss ratio: 0.3590, disk write 356475904 + 0 (0.0152)
12:44:01: INFO [flashield.py:170 (root)]: 	w06.oracleGeneral.bin-0.001-FIFO-True n_req: 10000000, n_miss: 3542662, miss ratio: 0.3543, disk write 356475904 + 0 (0.0152)
12:44:35: INFO [flashield.py:170 (root)]: 	w06.oracleGeneral.bin-0.001-FIFO-True n_req: 11000000, n_miss: 3857938, miss ratio: 0.3507, disk write 356475904 + 0 (0.0152)
12:45:10: INFO [flashield.py:170 (root)]: 	w06.oracleGeneral.bin-0.001-FIFO-True n_req: 12000000, n_miss: 4181238, miss ratio: 0.3484, disk write 356475904 + 0 (0.0152)
12:45:40: INFO [flashield.py:170 (root)]: 	w06.oracleGeneral.bin-0.001-FIFO-True n_req: 13000000, n_miss: 4467524, miss ratio: 0.3437, disk write 356475904 + 0 (0.0152)
12:46:17: INFO [flashield.py:170 (root)]: 	w06.oracleGeneral.bin-0.001-FIFO-True n_req: 14000000, n_miss: 4807205, miss ratio: 0.3434, disk write 356475904 + 0 (0.0152)
12:46:46: INFO [flashield.py:170 (root)]: 	w06.oracleGeneral.bin-0.001-FIFO-True n_req: 15000000, n_miss: 5078904, miss ratio: 0.3386, disk write 356475904 + 0 (0.0152)
12:47:19: INFO [flashield.py:170 (root)]: 	w06.oracleGeneral.bin-0.001-FIFO-True n_req: 16000000, n_miss: 5380763, miss ratio: 0.3363, disk write 356475904 + 0 (0.0152)
12:47:52: INFO [flashield.py:170 (root)]: 	w06.oracleGeneral.bin-0.001-FIFO-True n_req: 17000000, n_miss: 5689509, miss ratio: 0.3347, disk write 356475904 + 0 (0.0152)
12:48:26: INFO [flashield.py:170 (root)]: 	w06.oracleGeneral.bin-0.001-FIFO-True n_req: 18000000, n_miss: 6002412, miss ratio: 0.3335, disk write 356475904 + 0 (0.0152)
12:48:57: INFO [flashield.py:170 (root)]: 	w06.oracleGeneral.bin-0.001-FIFO-True n_req: 19000000, n_miss: 6291908, miss ratio: 0.3312, disk write 356475904 + 0 (0.0152)
12:49:28: INFO [flashield.py:170 (root)]: 	w06.oracleGeneral.bin-0.001-FIFO-True n_req: 20000000, n_miss: 6578020, miss ratio: 0.3289, disk write 356475904 + 0 (0.0152)
12:49:56: INFO [flashield.py:170 (root)]: 	w06.oracleGeneral.bin-0.001-FIFO-True n_req: 21000000, n_miss: 6840315, miss ratio: 0.3257, disk write 356475904 + 0 (0.0152)
12:50:30: INFO [flashield.py:170 (root)]: 	w06.oracleGeneral.bin-0.001-FIFO-True n_req: 22000000, n_miss: 7155867, miss ratio: 0.3253, disk write 356475904 + 0 (0.0152)
12:51:03: INFO [flashield.py:170 (root)]: 	w06.oracleGeneral.bin-0.001-FIFO-True n_req: 23000000, n_miss: 7456562, miss ratio: 0.3242, disk write 356475904 + 0 (0.0152)
12:51:29: INFO [flashield.py:170 (root)]: 	w06.oracleGeneral.bin-0.001-FIFO-True n_req: 24000000, n_miss: 7701587, miss ratio: 0.3209, disk write 356475904 + 0 (0.0152)
12:51:52: INFO [flashield.py:170 (root)]: 	w06.oracleGeneral.bin-0.001-FIFO-True n_req: 25000000, n_miss: 7910323, miss ratio: 0.3164, disk write 356475904 + 0 (0.0152)
12:52:27: INFO [flashield.py:170 (root)]: 	w06.oracleGeneral.bin-0.001-FIFO-True n_req: 26000000, n_miss: 8235753, miss ratio: 0.3168, disk write 356475904 + 0 (0.0152)
12:52:56: INFO [flashield.py:170 (root)]: 	w06.oracleGeneral.bin-0.001-FIFO-True n_req: 27000000, n_miss: 8506328, miss ratio: 0.3150, disk write 356475904 + 0 (0.0152)
12:53:32: INFO [flashield.py:170 (root)]: 	w06.oracleGeneral.bin-0.001-FIFO-True n_req: 28000000, n_miss: 8838967, miss ratio: 0.3157, disk write 356475904 + 0 (0.0152)
12:54:06: INFO [flashield.py:170 (root)]: 	w06.oracleGeneral.bin-0.001-FIFO-True n_req: 29000000, n_miss: 9152853, miss ratio: 0.3156, disk write 356475904 + 0 (0.0152)
12:54:40: INFO [flashield.py:170 (root)]: 	w06.oracleGeneral.bin-0.001-FIFO-True n_req: 30000000, n_miss: 9471398, miss ratio: 0.3157, disk write 356475904 + 0 (0.0152)
12:55:12: INFO [flashield.py:170 (root)]: 	w06.oracleGeneral.bin-0.001-FIFO-True n_req: 31000000, n_miss: 9761719, miss ratio: 0.3149, disk write 356475904 + 0 (0.0152)
12:55:40: INFO [flashield.py:170 (root)]: 	w06.oracleGeneral.bin-0.001-FIFO-True n_req: 32000000, n_miss: 10023898, miss ratio: 0.3132, disk write 356475904 + 0 (0.0152)
12:56:10: INFO [flashield.py:170 (root)]: 	w06.oracleGeneral.bin-0.001-FIFO-True n_req: 33000000, n_miss: 10294559, miss ratio: 0.3120, disk write 356475904 + 0 (0.0152)
12:56:34: INFO [flashield.py:170 (root)]: 	w06.oracleGeneral.bin-0.001-FIFO-True n_req: 34000000, n_miss: 10520417, miss ratio: 0.3094, disk write 356475904 + 0 (0.0152)
12:57:09: INFO [flashield.py:170 (root)]: 	w06.oracleGeneral.bin-0.001-FIFO-True n_req: 35000000, n_miss: 10841131, miss ratio: 0.3097, disk write 356475904 + 0 (0.0152)
12:57:35: INFO [flashield.py:170 (root)]: 	w06.oracleGeneral.bin-0.001-FIFO-True n_req: 36000000, n_miss: 11078538, miss ratio: 0.3077, disk write 356475904 + 0 (0.0152)
12:58:00: INFO [flashield.py:170 (root)]: 	w06.oracleGeneral.bin-0.001-FIFO-True n_req: 37000000, n_miss: 11307785, miss ratio: 0.3056, disk write 356475904 + 0 (0.0152)
12:58:33: INFO [flashield.py:170 (root)]: 	w06.oracleGeneral.bin-0.001-FIFO-True n_req: 38000000, n_miss: 11620362, miss ratio: 0.3058, disk write 356475904 + 0 (0.0152)
12:59:04: INFO [flashield.py:170 (root)]: 	w06.oracleGeneral.bin-0.001-FIFO-True n_req: 39000000, n_miss: 11907710, miss ratio: 0.3053, disk write 356475904 + 0 (0.0152)
12:59:35: INFO [flashield.py:170 (root)]: 	w06.oracleGeneral.bin-0.001-FIFO-True n_req: 40000000, n_miss: 12193538, miss ratio: 0.3048, disk write 356475904 + 0 (0.0152)
13:00:08: INFO [flashield.py:170 (root)]: 	w06.oracleGeneral.bin-0.001-FIFO-True n_req: 41000000, n_miss: 12506226, miss ratio: 0.3050, disk write 356475904 + 0 (0.0152)
13:00:41: INFO [flashield.py:170 (root)]: 	w06.oracleGeneral.bin-0.001-FIFO-True n_req: 42000000, n_miss: 12811749, miss ratio: 0.3050, disk write 356475904 + 0 (0.0152)
13:01:10: INFO [flashield.py:170 (root)]: 	w06.oracleGeneral.bin-0.001-FIFO-True n_req: 43000000, n_miss: 13084157, miss ratio: 0.3043, disk write 356475904 + 0 (0.0152)
13:01:45: INFO [flashield.py:170 (root)]: 	w06.oracleGeneral.bin-0.001-FIFO-True n_req: 44000000, n_miss: 13407358, miss ratio: 0.3047, disk write 356475904 + 0 (0.0152)
13:02:17: INFO [flashield.py:170 (root)]: 	w06.oracleGeneral.bin-0.001-FIFO-True n_req: 45000000, n_miss: 13704371, miss ratio: 0.3045, disk write 356475904 + 0 (0.0152)
13:02:50: INFO [flashield.py:170 (root)]: 	w06.oracleGeneral.bin-0.001-FIFO-True n_req: 46000000, n_miss: 14012414, miss ratio: 0.3046, disk write 356475904 + 0 (0.0152)
13:03:22: INFO [flashield.py:170 (root)]: 	w06.oracleGeneral.bin-0.001-FIFO-True n_req: 47000000, n_miss: 14303466, miss ratio: 0.3043, disk write 356475904 + 0 (0.0152)
13:03:53: INFO [flashield.py:170 (root)]: 	w06.oracleGeneral.bin-0.001-FIFO-True n_req: 48000000, n_miss: 14598064, miss ratio: 0.3041, disk write 356475904 + 0 (0.0152)
13:04:24: INFO [flashield.py:170 (root)]: 	w06.oracleGeneral.bin-0.001-FIFO-True n_req: 49000000, n_miss: 14880200, miss ratio: 0.3037, disk write 356475904 + 0 (0.0152)
13:04:56: INFO [flashield.py:170 (root)]: 	w06.oracleGeneral.bin-0.001-FIFO-True n_req: 50000000, n_miss: 15180004, miss ratio: 0.3036, disk write 356475904 + 0 (0.0152)
13:05:31: INFO [flashield.py:170 (root)]: 	w06.oracleGeneral.bin-0.001-FIFO-True n_req: 51000000, n_miss: 15506652, miss ratio: 0.3041, disk write 356475904 + 0 (0.0152)
13:06:03: INFO [flashield.py:170 (root)]: 	w06.oracleGeneral.bin-0.001-FIFO-True n_req: 52000000, n_miss: 15797924, miss ratio: 0.3038, disk write 356475904 + 0 (0.0152)
13:06:36: INFO [flashield.py:170 (root)]: 	w06.oracleGeneral.bin-0.001-FIFO-True n_req: 53000000, n_miss: 16104728, miss ratio: 0.3039, disk write 356475904 + 0 (0.0152)
13:07:09: INFO [flashield.py:170 (root)]: 	w06.oracleGeneral.bin-0.001-FIFO-True n_req: 54000000, n_miss: 16413466, miss ratio: 0.3040, disk write 356475904 + 0 (0.0152)
13:07:42: INFO [flashield.py:170 (root)]: 	w06.oracleGeneral.bin-0.001-FIFO-True n_req: 55000000, n_miss: 16717729, miss ratio: 0.3040, disk write 356475904 + 0 (0.0152)
13:08:14: INFO [flashield.py:170 (root)]: 	w06.oracleGeneral.bin-0.001-FIFO-True n_req: 56000000, n_miss: 17020990, miss ratio: 0.3039, disk write 356475904 + 0 (0.0152)
13:08:48: INFO [flashield.py:170 (root)]: 	w06.oracleGeneral.bin-0.001-FIFO-True n_req: 57000000, n_miss: 17337621, miss ratio: 0.3042, disk write 356475904 + 0 (0.0152)
13:09:21: INFO [flashield.py:170 (root)]: 	w06.oracleGeneral.bin-0.001-FIFO-True n_req: 58000000, n_miss: 17646560, miss ratio: 0.3043, disk write 356475904 + 0 (0.0152)
13:09:55: INFO [flashield.py:170 (root)]: 	w06.oracleGeneral.bin-0.001-FIFO-True n_req: 59000000, n_miss: 17967788, miss ratio: 0.3045, disk write 356475904 + 0 (0.0152)
13:10:31: INFO [flashield.py:170 (root)]: 	w06.oracleGeneral.bin-0.001-FIFO-True n_req: 60000000, n_miss: 18303860, miss ratio: 0.3051, disk write 356475904 + 0 (0.0152)
13:11:06: INFO [flashield.py:170 (root)]: 	w06.oracleGeneral.bin-0.001-FIFO-True n_req: 61000000, n_miss: 18628202, miss ratio: 0.3054, disk write 356475904 + 0 (0.0152)
13:11:41: INFO [flashield.py:170 (root)]: 	w06.oracleGeneral.bin-0.001-FIFO-True n_req: 62000000, n_miss: 18950042, miss ratio: 0.3056, disk write 356475904 + 0 (0.0152)
13:12:16: INFO [flashield.py:170 (root)]: 	w06.oracleGeneral.bin-0.001-FIFO-True n_req: 63000000, n_miss: 19276430, miss ratio: 0.3060, disk write 356475904 + 0 (0.0152)
13:12:49: INFO [flashield.py:170 (root)]: 	w06.oracleGeneral.bin-0.001-FIFO-True n_req: 64000000, n_miss: 19584772, miss ratio: 0.3060, disk write 356475904 + 0 (0.0152)
13:13:21: INFO [flashield.py:170 (root)]: 	w06.oracleGeneral.bin-0.001-FIFO-True n_req: 65000000, n_miss: 19882277, miss ratio: 0.3059, disk write 356475904 + 0 (0.0152)
13:13:54: INFO [flashield.py:170 (root)]: 	w06.oracleGeneral.bin-0.001-FIFO-True n_req: 66000000, n_miss: 20193498, miss ratio: 0.3060, disk write 356475904 + 0 (0.0152)
13:14:28: INFO [flashield.py:170 (root)]: 	w06.oracleGeneral.bin-0.001-FIFO-True n_req: 67000000, n_miss: 20504565, miss ratio: 0.3060, disk write 356475904 + 0 (0.0152)
13:15:00: INFO [flashield.py:170 (root)]: 	w06.oracleGeneral.bin-0.001-FIFO-True n_req: 68000000, n_miss: 20798489, miss ratio: 0.3059, disk write 356475904 + 0 (0.0152)
13:15:32: INFO [flashield.py:170 (root)]: 	w06.oracleGeneral.bin-0.001-FIFO-True n_req: 69000000, n_miss: 21097544, miss ratio: 0.3058, disk write 356475904 + 0 (0.0152)
13:15:45: INFO [flashield.py:182 (root)]: 	w06.oracleGeneral.bin-0.001-FIFO-True n_req: 69392150, n_miss: 21224516, miss ratio: 0.3059, disk write 356475904 + 0 (0.0152)
