12:37:09: INFO [flashield.py:220 (root)]: 	calculating wss for w07.oracleGeneral.bin
12:38:01: INFO [flashield.py:228 (root)]: 	w07.oracleGeneral.bin wss_obj: 9502621, wss_byte: 146730342912
12:38:01: INFO [cache.py:19 (cache)]: 	create Flashield cache with size 14673034291
12:38:01: INFO [cache.py:19 (cache)]: 	create LRU cache with size 14673034
12:38:01: INFO [cache.py:19 (cache)]: 	create FIFO cache with size 14658361257
12:38:02: INFO [flashield.py:37 (root)]: 	w07.oracleGeneral.bin Training Flashield...
12:38:02: INFO [flashield.py:42 (root)]: 	w07.oracleGeneral.bin Training Flashield: 127846 features 127846 labels ...
12:38:02: INFO [flashield.py:55 (root)]: 	w07.oracleGeneral.bin finish training
12:38:54: INFO [flashield.py:170 (root)]: 	w07.oracleGeneral.bin-0.001-FIFO-True n_req: 1000000, n_miss: 673433, miss ratio: 0.6734, disk write 2074980864 + 0 (0.0141)
12:40:21: INFO [flashield.py:170 (root)]: 	w07.oracleGeneral.bin-0.001-FIFO-True n_req: 2000000, n_miss: 1482890, miss ratio: 0.7414, disk write 2074980864 + 0 (0.0141)
12:41:40: INFO [flashield.py:170 (root)]: 	w07.oracleGeneral.bin-0.001-FIFO-True n_req: 3000000, n_miss: 2227005, miss ratio: 0.7423, disk write 2074980864 + 0 (0.0141)
12:43:02: INFO [flashield.py:170 (root)]: 	w07.oracleGeneral.bin-0.001-FIFO-True n_req: 4000000, n_miss: 2987507, miss ratio: 0.7469, disk write 2074980864 + 0 (0.0141)
12:44:19: INFO [flashield.py:170 (root)]: 	w07.oracleGeneral.bin-0.001-FIFO-True n_req: 5000000, n_miss: 3707497, miss ratio: 0.7415, disk write 2074980864 + 0 (0.0141)
12:45:23: INFO [flashield.py:170 (root)]: 	w07.oracleGeneral.bin-0.001-FIFO-True n_req: 6000000, n_miss: 4314864, miss ratio: 0.7191, disk write 2074980864 + 0 (0.0141)
12:46:22: INFO [flashield.py:170 (root)]: 	w07.oracleGeneral.bin-0.001-FIFO-True n_req: 7000000, n_miss: 4858149, miss ratio: 0.6940, disk write 2074980864 + 0 (0.0141)
12:47:20: INFO [flashield.py:170 (root)]: 	w07.oracleGeneral.bin-0.001-FIFO-True n_req: 8000000, n_miss: 5400192, miss ratio: 0.6750, disk write 2074980864 + 0 (0.0141)
12:48:12: INFO [flashield.py:170 (root)]: 	w07.oracleGeneral.bin-0.001-FIFO-True n_req: 9000000, n_miss: 5886906, miss ratio: 0.6541, disk write 2074980864 + 0 (0.0141)
12:49:34: INFO [flashield.py:170 (root)]: 	w07.oracleGeneral.bin-0.001-FIFO-True n_req: 10000000, n_miss: 6669303, miss ratio: 0.6669, disk write 2074980864 + 0 (0.0141)
12:50:53: INFO [flashield.py:170 (root)]: 	w07.oracleGeneral.bin-0.001-FIFO-True n_req: 11000000, n_miss: 7410212, miss ratio: 0.6737, disk write 2074980864 + 0 (0.0141)
12:52:17: INFO [flashield.py:170 (root)]: 	w07.oracleGeneral.bin-0.001-FIFO-True n_req: 12000000, n_miss: 8200240, miss ratio: 0.6834, disk write 2074980864 + 0 (0.0141)
12:53:39: INFO [flashield.py:170 (root)]: 	w07.oracleGeneral.bin-0.001-FIFO-True n_req: 13000000, n_miss: 8969730, miss ratio: 0.6900, disk write 2074980864 + 0 (0.0141)
12:54:43: INFO [flashield.py:170 (root)]: 	w07.oracleGeneral.bin-0.001-FIFO-True n_req: 14000000, n_miss: 9568049, miss ratio: 0.6834, disk write 2074980864 + 0 (0.0141)
12:55:45: INFO [flashield.py:170 (root)]: 	w07.oracleGeneral.bin-0.001-FIFO-True n_req: 15000000, n_miss: 10146474, miss ratio: 0.6764, disk write 2074980864 + 0 (0.0141)
12:56:41: INFO [flashield.py:170 (root)]: 	w07.oracleGeneral.bin-0.001-FIFO-True n_req: 16000000, n_miss: 10667361, miss ratio: 0.6667, disk write 2074980864 + 0 (0.0141)
12:57:35: INFO [flashield.py:170 (root)]: 	w07.oracleGeneral.bin-0.001-FIFO-True n_req: 17000000, n_miss: 11173536, miss ratio: 0.6573, disk write 2074980864 + 0 (0.0141)
12:58:58: INFO [flashield.py:170 (root)]: 	w07.oracleGeneral.bin-0.001-FIFO-True n_req: 18000000, n_miss: 11955748, miss ratio: 0.6642, disk write 2074980864 + 0 (0.0141)
13:00:20: INFO [flashield.py:170 (root)]: 	w07.oracleGeneral.bin-0.001-FIFO-True n_req: 19000000, n_miss: 12733527, miss ratio: 0.6702, disk write 2074980864 + 0 (0.0141)
13:01:48: INFO [flashield.py:170 (root)]: 	w07.oracleGeneral.bin-0.001-FIFO-True n_req: 20000000, n_miss: 13563691, miss ratio: 0.6782, disk write 2074980864 + 0 (0.0141)
13:03:09: INFO [flashield.py:170 (root)]: 	w07.oracleGeneral.bin-0.001-FIFO-True n_req: 21000000, n_miss: 14328300, miss ratio: 0.6823, disk write 2074980864 + 0 (0.0141)
13:04:11: INFO [flashield.py:170 (root)]: 	w07.oracleGeneral.bin-0.001-FIFO-True n_req: 22000000, n_miss: 14908797, miss ratio: 0.6777, disk write 2074980864 + 0 (0.0141)
13:05:11: INFO [flashield.py:170 (root)]: 	w07.oracleGeneral.bin-0.001-FIFO-True n_req: 23000000, n_miss: 15467248, miss ratio: 0.6725, disk write 2074980864 + 0 (0.0141)
13:06:04: INFO [flashield.py:170 (root)]: 	w07.oracleGeneral.bin-0.001-FIFO-True n_req: 24000000, n_miss: 15959557, miss ratio: 0.6650, disk write 2074980864 + 0 (0.0141)
13:07:33: INFO [flashield.py:170 (root)]: 	w07.oracleGeneral.bin-0.001-FIFO-True n_req: 25000000, n_miss: 16793932, miss ratio: 0.6718, disk write 2074980864 + 0 (0.0141)
13:08:55: INFO [flashield.py:170 (root)]: 	w07.oracleGeneral.bin-0.001-FIFO-True n_req: 26000000, n_miss: 17569684, miss ratio: 0.6758, disk write 2074980864 + 0 (0.0141)
13:10:25: INFO [flashield.py:170 (root)]: 	w07.oracleGeneral.bin-0.001-FIFO-True n_req: 27000000, n_miss: 18418707, miss ratio: 0.6822, disk write 2074980864 + 0 (0.0141)
13:11:42: INFO [flashield.py:170 (root)]: 	w07.oracleGeneral.bin-0.001-FIFO-True n_req: 28000000, n_miss: 19130131, miss ratio: 0.6832, disk write 2074980864 + 0 (0.0141)
13:12:43: INFO [flashield.py:170 (root)]: 	w07.oracleGeneral.bin-0.001-FIFO-True n_req: 29000000, n_miss: 19703311, miss ratio: 0.6794, disk write 2074980864 + 0 (0.0141)
13:13:43: INFO [flashield.py:170 (root)]: 	w07.oracleGeneral.bin-0.001-FIFO-True n_req: 30000000, n_miss: 20256474, miss ratio: 0.6752, disk write 2074980864 + 0 (0.0141)
13:14:35: INFO [flashield.py:170 (root)]: 	w07.oracleGeneral.bin-0.001-FIFO-True n_req: 31000000, n_miss: 20743296, miss ratio: 0.6691, disk write 2074980864 + 0 (0.0141)
13:16:00: INFO [flashield.py:170 (root)]: 	w07.oracleGeneral.bin-0.001-FIFO-True n_req: 32000000, n_miss: 21538423, miss ratio: 0.6731, disk write 2074980864 + 0 (0.0141)
13:17:25: INFO [flashield.py:170 (root)]: 	w07.oracleGeneral.bin-0.001-FIFO-True n_req: 33000000, n_miss: 22335109, miss ratio: 0.6768, disk write 2074980864 + 0 (0.0141)
13:18:48: INFO [flashield.py:170 (root)]: 	w07.oracleGeneral.bin-0.001-FIFO-True n_req: 34000000, n_miss: 23120875, miss ratio: 0.6800, disk write 2074980864 + 0 (0.0141)
13:20:03: INFO [flashield.py:170 (root)]: 	w07.oracleGeneral.bin-0.001-FIFO-True n_req: 35000000, n_miss: 23817375, miss ratio: 0.6805, disk write 2074980864 + 0 (0.0141)
13:21:08: INFO [flashield.py:170 (root)]: 	w07.oracleGeneral.bin-0.001-FIFO-True n_req: 36000000, n_miss: 24424339, miss ratio: 0.6785, disk write 2074980864 + 0 (0.0141)
13:22:11: INFO [flashield.py:170 (root)]: 	w07.oracleGeneral.bin-0.001-FIFO-True n_req: 37000000, n_miss: 25008929, miss ratio: 0.6759, disk write 2074980864 + 0 (0.0141)
13:23:12: INFO [flashield.py:170 (root)]: 	w07.oracleGeneral.bin-0.001-FIFO-True n_req: 38000000, n_miss: 25585741, miss ratio: 0.6733, disk write 2074980864 + 0 (0.0141)
13:24:37: INFO [flashield.py:170 (root)]: 	w07.oracleGeneral.bin-0.001-FIFO-True n_req: 39000000, n_miss: 26380350, miss ratio: 0.6764, disk write 2074980864 + 0 (0.0141)
13:26:07: INFO [flashield.py:170 (root)]: 	w07.oracleGeneral.bin-0.001-FIFO-True n_req: 40000000, n_miss: 27242123, miss ratio: 0.6811, disk write 2074980864 + 0 (0.0141)
13:27:42: INFO [flashield.py:170 (root)]: 	w07.oracleGeneral.bin-0.001-FIFO-True n_req: 41000000, n_miss: 28142072, miss ratio: 0.6864, disk write 2074980864 + 0 (0.0141)
13:29:17: INFO [flashield.py:170 (root)]: 	w07.oracleGeneral.bin-0.001-FIFO-True n_req: 42000000, n_miss: 29042114, miss ratio: 0.6915, disk write 2074980864 + 0 (0.0141)
13:30:44: INFO [flashield.py:170 (root)]: 	w07.oracleGeneral.bin-0.001-FIFO-True n_req: 43000000, n_miss: 29869002, miss ratio: 0.6946, disk write 2074980864 + 0 (0.0141)
13:32:06: INFO [flashield.py:170 (root)]: 	w07.oracleGeneral.bin-0.001-FIFO-True n_req: 44000000, n_miss: 30643727, miss ratio: 0.6964, disk write 2074980864 + 0 (0.0141)
13:33:32: INFO [flashield.py:170 (root)]: 	w07.oracleGeneral.bin-0.001-FIFO-True n_req: 45000000, n_miss: 31460308, miss ratio: 0.6991, disk write 2074980864 + 0 (0.0141)
13:35:02: INFO [flashield.py:170 (root)]: 	w07.oracleGeneral.bin-0.001-FIFO-True n_req: 46000000, n_miss: 32304358, miss ratio: 0.7023, disk write 2074980864 + 0 (0.0141)
13:36:29: INFO [flashield.py:170 (root)]: 	w07.oracleGeneral.bin-0.001-FIFO-True n_req: 47000000, n_miss: 33124697, miss ratio: 0.7048, disk write 2074980864 + 0 (0.0141)
13:37:55: INFO [flashield.py:170 (root)]: 	w07.oracleGeneral.bin-0.001-FIFO-True n_req: 48000000, n_miss: 33938309, miss ratio: 0.7070, disk write 2074980864 + 0 (0.0141)
13:39:26: INFO [flashield.py:170 (root)]: 	w07.oracleGeneral.bin-0.001-FIFO-True n_req: 49000000, n_miss: 34799298, miss ratio: 0.7102, disk write 2074980864 + 0 (0.0141)
13:40:58: INFO [flashield.py:170 (root)]: 	w07.oracleGeneral.bin-0.001-FIFO-True n_req: 50000000, n_miss: 35669458, miss ratio: 0.7134, disk write 2074980864 + 0 (0.0141)
13:42:32: INFO [flashield.py:170 (root)]: 	w07.oracleGeneral.bin-0.001-FIFO-True n_req: 51000000, n_miss: 36553546, miss ratio: 0.7167, disk write 2074980864 + 0 (0.0141)
13:44:09: INFO [flashield.py:170 (root)]: 	w07.oracleGeneral.bin-0.001-FIFO-True n_req: 52000000, n_miss: 37463828, miss ratio: 0.7205, disk write 2074980864 + 0 (0.0141)
13:45:44: INFO [flashield.py:170 (root)]: 	w07.oracleGeneral.bin-0.001-FIFO-True n_req: 53000000, n_miss: 38371431, miss ratio: 0.7240, disk write 2074980864 + 0 (0.0141)
13:47:20: INFO [flashield.py:170 (root)]: 	w07.oracleGeneral.bin-0.001-FIFO-True n_req: 54000000, n_miss: 39278777, miss ratio: 0.7274, disk write 2074980864 + 0 (0.0141)
13:48:53: INFO [flashield.py:170 (root)]: 	w07.oracleGeneral.bin-0.001-FIFO-True n_req: 55000000, n_miss: 40155114, miss ratio: 0.7301, disk write 2074980864 + 0 (0.0141)
13:50:25: INFO [flashield.py:170 (root)]: 	w07.oracleGeneral.bin-0.001-FIFO-True n_req: 56000000, n_miss: 41022777, miss ratio: 0.7325, disk write 2074980864 + 0 (0.0141)
13:51:59: INFO [flashield.py:170 (root)]: 	w07.oracleGeneral.bin-0.001-FIFO-True n_req: 57000000, n_miss: 41911122, miss ratio: 0.7353, disk write 2074980864 + 0 (0.0141)
13:53:33: INFO [flashield.py:170 (root)]: 	w07.oracleGeneral.bin-0.001-FIFO-True n_req: 58000000, n_miss: 42793102, miss ratio: 0.7378, disk write 2074980864 + 0 (0.0141)
13:55:07: INFO [flashield.py:170 (root)]: 	w07.oracleGeneral.bin-0.001-FIFO-True n_req: 59000000, n_miss: 43683065, miss ratio: 0.7404, disk write 2074980864 + 0 (0.0141)
13:56:40: INFO [flashield.py:170 (root)]: 	w07.oracleGeneral.bin-0.001-FIFO-True n_req: 60000000, n_miss: 44562716, miss ratio: 0.7427, disk write 2074980864 + 0 (0.0141)
13:57:58: INFO [flashield.py:170 (root)]: 	w07.oracleGeneral.bin-0.001-FIFO-True n_req: 61000000, n_miss: 45302109, miss ratio: 0.7427, disk write 2074980864 + 0 (0.0141)
13:58:59: INFO [flashield.py:170 (root)]: 	w07.oracleGeneral.bin-0.001-FIFO-True n_req: 62000000, n_miss: 45870799, miss ratio: 0.7399, disk write 2074980864 + 0 (0.0141)
14:00:07: INFO [flashield.py:170 (root)]: 	w07.oracleGeneral.bin-0.001-FIFO-True n_req: 63000000, n_miss: 46505385, miss ratio: 0.7382, disk write 2074980864 + 0 (0.0141)
14:01:32: INFO [flashield.py:170 (root)]: 	w07.oracleGeneral.bin-0.001-FIFO-True n_req: 64000000, n_miss: 47306786, miss ratio: 0.7392, disk write 2074980864 + 0 (0.0141)
14:02:58: INFO [flashield.py:170 (root)]: 	w07.oracleGeneral.bin-0.001-FIFO-True n_req: 65000000, n_miss: 48121997, miss ratio: 0.7403, disk write 2074980864 + 0 (0.0141)
14:04:00: INFO [flashield.py:170 (root)]: 	w07.oracleGeneral.bin-0.001-FIFO-True n_req: 66000000, n_miss: 48692885, miss ratio: 0.7378, disk write 2074980864 + 0 (0.0141)
14:04:56: INFO [flashield.py:170 (root)]: 	w07.oracleGeneral.bin-0.001-FIFO-True n_req: 67000000, n_miss: 49221532, miss ratio: 0.7346, disk write 2074980864 + 0 (0.0141)
14:05:21: INFO [flashield.py:182 (root)]: 	w07.oracleGeneral.bin-0.001-FIFO-True n_req: 67427405, n_miss: 49451356, miss ratio: 0.7334, disk write 2074980864 + 0 (0.0141)
