12:37:09: INFO [flashield.py:220 (root)]: 	calculating wss for w08.oracleGeneral.bin
12:37:41: INFO [flashield.py:228 (root)]: 	w08.oracleGeneral.bin wss_obj: 9040043, wss_byte: 1088232028864
12:37:41: INFO [cache.py:19 (cache)]: 	create Flashield cache with size 108823202886
12:37:41: INFO [cache.py:19 (cache)]: 	create LRU cache with size 108823202
12:37:41: INFO [cache.py:19 (cache)]: 	create FIFO cache with size 108714379684
12:37:42: INFO [flashield.py:37 (root)]: 	w08.oracleGeneral.bin Training Flashield...
12:37:42: INFO [flashield.py:42 (root)]: 	w08.oracleGeneral.bin Training Flashield: 153205 features 153205 labels ...
12:37:42: INFO [flashield.py:55 (root)]: 	w08.oracleGeneral.bin finish training
12:39:06: INFO [flashield.py:170 (root)]: 	w08.oracleGeneral.bin-0.001-FIFO-True n_req: 1000000, n_miss: 954045, miss ratio: 0.9540, disk write 70866611392 + 0 (0.0651)
12:40:50: INFO [flashield.py:170 (root)]: 	w08.oracleGeneral.bin-0.001-FIFO-True n_req: 2000000, n_miss: 1944394, miss ratio: 0.9722, disk write 70866611392 + 0 (0.0651)
12:42:33: INFO [flashield.py:170 (root)]: 	w08.oracleGeneral.bin-0.001-FIFO-True n_req: 3000000, n_miss: 2929269, miss ratio: 0.9764, disk write 70866611392 + 0 (0.0651)
12:44:16: INFO [flashield.py:170 (root)]: 	w08.oracleGeneral.bin-0.001-FIFO-True n_req: 4000000, n_miss: 3919227, miss ratio: 0.9798, disk write 70866611392 + 0 (0.0651)
12:46:00: INFO [flashield.py:170 (root)]: 	w08.oracleGeneral.bin-0.001-FIFO-True n_req: 5000000, n_miss: 4891015, miss ratio: 0.9782, disk write 70866611392 + 0 (0.0651)
12:47:38: INFO [flashield.py:170 (root)]: 	w08.oracleGeneral.bin-0.001-FIFO-True n_req: 6000000, n_miss: 5823806, miss ratio: 0.9706, disk write 70866611392 + 0 (0.0651)
12:49:21: INFO [flashield.py:170 (root)]: 	w08.oracleGeneral.bin-0.001-FIFO-True n_req: 7000000, n_miss: 6812274, miss ratio: 0.9732, disk write 70866611392 + 0 (0.0651)
12:51:05: INFO [flashield.py:170 (root)]: 	w08.oracleGeneral.bin-0.001-FIFO-True n_req: 8000000, n_miss: 7803014, miss ratio: 0.9754, disk write 70866611392 + 0 (0.0651)
12:52:48: INFO [flashield.py:170 (root)]: 	w08.oracleGeneral.bin-0.001-FIFO-True n_req: 9000000, n_miss: 8789358, miss ratio: 0.9766, disk write 70866611392 + 0 (0.0651)
12:54:22: INFO [flashield.py:170 (root)]: 	w08.oracleGeneral.bin-0.001-FIFO-True n_req: 10000000, n_miss: 9662341, miss ratio: 0.9662, disk write 70866611392 + 0 (0.0651)
12:56:05: INFO [flashield.py:170 (root)]: 	w08.oracleGeneral.bin-0.001-FIFO-True n_req: 11000000, n_miss: 10628658, miss ratio: 0.9662, disk write 70866611392 + 0 (0.0651)
12:57:47: INFO [flashield.py:170 (root)]: 	w08.oracleGeneral.bin-0.001-FIFO-True n_req: 12000000, n_miss: 11598283, miss ratio: 0.9665, disk write 70866611392 + 0 (0.0651)
12:59:31: INFO [flashield.py:170 (root)]: 	w08.oracleGeneral.bin-0.001-FIFO-True n_req: 13000000, n_miss: 12587428, miss ratio: 0.9683, disk write 70866611392 + 0 (0.0651)
13:01:15: INFO [flashield.py:170 (root)]: 	w08.oracleGeneral.bin-0.001-FIFO-True n_req: 14000000, n_miss: 13575971, miss ratio: 0.9697, disk write 70866611392 + 0 (0.0651)
13:03:00: INFO [flashield.py:170 (root)]: 	w08.oracleGeneral.bin-0.001-FIFO-True n_req: 15000000, n_miss: 14562680, miss ratio: 0.9708, disk write 70866611392 + 0 (0.0651)
13:04:46: INFO [flashield.py:170 (root)]: 	w08.oracleGeneral.bin-0.001-FIFO-True n_req: 16000000, n_miss: 15549717, miss ratio: 0.9719, disk write 70866611392 + 0 (0.0651)
13:06:33: INFO [flashield.py:170 (root)]: 	w08.oracleGeneral.bin-0.001-FIFO-True n_req: 17000000, n_miss: 16540314, miss ratio: 0.9730, disk write 70866611392 + 0 (0.0651)
13:08:12: INFO [flashield.py:170 (root)]: 	w08.oracleGeneral.bin-0.001-FIFO-True n_req: 18000000, n_miss: 17459520, miss ratio: 0.9700, disk write 70866611392 + 0 (0.0651)
13:09:58: INFO [flashield.py:170 (root)]: 	w08.oracleGeneral.bin-0.001-FIFO-True n_req: 19000000, n_miss: 18452139, miss ratio: 0.9712, disk write 70866611392 + 0 (0.0651)
13:11:43: INFO [flashield.py:170 (root)]: 	w08.oracleGeneral.bin-0.001-FIFO-True n_req: 20000000, n_miss: 19428218, miss ratio: 0.9714, disk write 70866611392 + 0 (0.0651)
13:13:21: INFO [flashield.py:170 (root)]: 	w08.oracleGeneral.bin-0.001-FIFO-True n_req: 21000000, n_miss: 20344351, miss ratio: 0.9688, disk write 70866611392 + 0 (0.0651)
13:15:05: INFO [flashield.py:170 (root)]: 	w08.oracleGeneral.bin-0.001-FIFO-True n_req: 22000000, n_miss: 21333078, miss ratio: 0.9697, disk write 70866611392 + 0 (0.0651)
13:16:49: INFO [flashield.py:170 (root)]: 	w08.oracleGeneral.bin-0.001-FIFO-True n_req: 23000000, n_miss: 22320791, miss ratio: 0.9705, disk write 70866611392 + 0 (0.0651)
13:18:32: INFO [flashield.py:170 (root)]: 	w08.oracleGeneral.bin-0.001-FIFO-True n_req: 24000000, n_miss: 23308946, miss ratio: 0.9712, disk write 70866611392 + 0 (0.0651)
13:20:16: INFO [flashield.py:170 (root)]: 	w08.oracleGeneral.bin-0.001-FIFO-True n_req: 25000000, n_miss: 24284452, miss ratio: 0.9714, disk write 70866611392 + 0 (0.0651)
13:21:55: INFO [flashield.py:170 (root)]: 	w08.oracleGeneral.bin-0.001-FIFO-True n_req: 26000000, n_miss: 25212584, miss ratio: 0.9697, disk write 70866611392 + 0 (0.0651)
13:23:38: INFO [flashield.py:170 (root)]: 	w08.oracleGeneral.bin-0.001-FIFO-True n_req: 27000000, n_miss: 26190226, miss ratio: 0.9700, disk write 70866611392 + 0 (0.0651)
13:25:21: INFO [flashield.py:170 (root)]: 	w08.oracleGeneral.bin-0.001-FIFO-True n_req: 28000000, n_miss: 27177741, miss ratio: 0.9706, disk write 70866611392 + 0 (0.0651)
13:27:05: INFO [flashield.py:170 (root)]: 	w08.oracleGeneral.bin-0.001-FIFO-True n_req: 29000000, n_miss: 28166382, miss ratio: 0.9713, disk write 70866611392 + 0 (0.0651)
13:28:49: INFO [flashield.py:170 (root)]: 	w08.oracleGeneral.bin-0.001-FIFO-True n_req: 30000000, n_miss: 29145299, miss ratio: 0.9715, disk write 70866611392 + 0 (0.0651)
13:30:27: INFO [flashield.py:170 (root)]: 	w08.oracleGeneral.bin-0.001-FIFO-True n_req: 31000000, n_miss: 30046583, miss ratio: 0.9692, disk write 70866611392 + 0 (0.0651)
13:32:09: INFO [flashield.py:170 (root)]: 	w08.oracleGeneral.bin-0.001-FIFO-True n_req: 32000000, n_miss: 30999385, miss ratio: 0.9687, disk write 70866611392 + 0 (0.0651)
13:33:52: INFO [flashield.py:170 (root)]: 	w08.oracleGeneral.bin-0.001-FIFO-True n_req: 33000000, n_miss: 31968521, miss ratio: 0.9687, disk write 70866611392 + 0 (0.0651)
13:35:36: INFO [flashield.py:170 (root)]: 	w08.oracleGeneral.bin-0.001-FIFO-True n_req: 34000000, n_miss: 32947405, miss ratio: 0.9690, disk write 70866611392 + 0 (0.0651)
13:37:17: INFO [flashield.py:170 (root)]: 	w08.oracleGeneral.bin-0.001-FIFO-True n_req: 35000000, n_miss: 33892998, miss ratio: 0.9684, disk write 70866611392 + 0 (0.0651)
13:38:56: INFO [flashield.py:170 (root)]: 	w08.oracleGeneral.bin-0.001-FIFO-True n_req: 36000000, n_miss: 34838747, miss ratio: 0.9677, disk write 70866611392 + 0 (0.0651)
13:40:40: INFO [flashield.py:170 (root)]: 	w08.oracleGeneral.bin-0.001-FIFO-True n_req: 37000000, n_miss: 35827702, miss ratio: 0.9683, disk write 70866611392 + 0 (0.0651)
13:42:22: INFO [flashield.py:170 (root)]: 	w08.oracleGeneral.bin-0.001-FIFO-True n_req: 38000000, n_miss: 36803925, miss ratio: 0.9685, disk write 70866611392 + 0 (0.0651)
13:44:04: INFO [flashield.py:170 (root)]: 	w08.oracleGeneral.bin-0.001-FIFO-True n_req: 39000000, n_miss: 37753024, miss ratio: 0.9680, disk write 70866611392 + 0 (0.0651)
13:45:46: INFO [flashield.py:170 (root)]: 	w08.oracleGeneral.bin-0.001-FIFO-True n_req: 40000000, n_miss: 38736434, miss ratio: 0.9684, disk write 70866611392 + 0 (0.0651)
13:47:29: INFO [flashield.py:170 (root)]: 	w08.oracleGeneral.bin-0.001-FIFO-True n_req: 41000000, n_miss: 39716585, miss ratio: 0.9687, disk write 70866611392 + 0 (0.0651)
13:49:13: INFO [flashield.py:170 (root)]: 	w08.oracleGeneral.bin-0.001-FIFO-True n_req: 42000000, n_miss: 40701401, miss ratio: 0.9691, disk write 70866611392 + 0 (0.0651)
13:50:56: INFO [flashield.py:170 (root)]: 	w08.oracleGeneral.bin-0.001-FIFO-True n_req: 43000000, n_miss: 41677216, miss ratio: 0.9692, disk write 70866611392 + 0 (0.0651)
13:52:40: INFO [flashield.py:170 (root)]: 	w08.oracleGeneral.bin-0.001-FIFO-True n_req: 44000000, n_miss: 42645105, miss ratio: 0.9692, disk write 70866611392 + 0 (0.0651)
13:53:19: INFO [flashield.py:182 (root)]: 	w08.oracleGeneral.bin-0.001-FIFO-True n_req: 44464937, n_miss: 43016157, miss ratio: 0.9674, disk write 70866611392 + 0 (0.0651)
