12:37:09: INFO [flashield.py:220 (root)]: 	calculating wss for w09.oracleGeneral.bin
12:37:45: INFO [flashield.py:228 (root)]: 	w09.oracleGeneral.bin wss_obj: 14867471, wss_byte: 1133869971456
12:37:45: INFO [cache.py:19 (cache)]: 	create Flashield cache with size 113386997145
12:37:45: INFO [cache.py:19 (cache)]: 	create LRU cache with size 113386997
12:37:45: INFO [cache.py:19 (cache)]: 	create FIFO cache with size 113273610148
12:37:46: INFO [flashield.py:37 (root)]: 	w09.oracleGeneral.bin Training Flashield...
12:37:46: INFO [flashield.py:42 (root)]: 	w09.oracleGeneral.bin Training Flashield: 145285 features 145285 labels ...
12:37:46: INFO [flashield.py:55 (root)]: 	w09.oracleGeneral.bin finish training
12:37:54: INFO [flashield.py:170 (root)]: 	w09.oracleGeneral.bin-0.001-FIFO-True n_req: 1000000, n_miss: 331388, miss ratio: 0.3314, disk write 17934295040 + 0 (0.0158)
12:38:31: INFO [flashield.py:170 (root)]: 	w09.oracleGeneral.bin-0.001-FIFO-True n_req: 2000000, n_miss: 663567, miss ratio: 0.3318, disk write 17934295040 + 0 (0.0158)
12:39:34: INFO [flashield.py:170 (root)]: 	w09.oracleGeneral.bin-0.001-FIFO-True n_req: 3000000, n_miss: 1248611, miss ratio: 0.4162, disk write 17934295040 + 0 (0.0158)
12:40:21: INFO [flashield.py:170 (root)]: 	w09.oracleGeneral.bin-0.001-FIFO-True n_req: 4000000, n_miss: 1678618, miss ratio: 0.4197, disk write 17934295040 + 0 (0.0158)
12:41:18: INFO [flashield.py:170 (root)]: 	w09.oracleGeneral.bin-0.001-FIFO-True n_req: 5000000, n_miss: 2207619, miss ratio: 0.4415, disk write 17934295040 + 0 (0.0158)
12:42:18: INFO [flashield.py:170 (root)]: 	w09.oracleGeneral.bin-0.001-FIFO-True n_req: 6000000, n_miss: 2749447, miss ratio: 0.4582, disk write 17934295040 + 0 (0.0158)
12:43:18: INFO [flashield.py:170 (root)]: 	w09.oracleGeneral.bin-0.001-FIFO-True n_req: 7000000, n_miss: 3303254, miss ratio: 0.4719, disk write 17934295040 + 0 (0.0158)
12:44:18: INFO [flashield.py:170 (root)]: 	w09.oracleGeneral.bin-0.001-FIFO-True n_req: 8000000, n_miss: 3854872, miss ratio: 0.4819, disk write 17934295040 + 0 (0.0158)
12:45:22: INFO [flashield.py:170 (root)]: 	w09.oracleGeneral.bin-0.001-FIFO-True n_req: 9000000, n_miss: 4441475, miss ratio: 0.4935, disk write 17934295040 + 0 (0.0158)
12:46:00: INFO [flashield.py:170 (root)]: 	w09.oracleGeneral.bin-0.001-FIFO-True n_req: 10000000, n_miss: 4794364, miss ratio: 0.4794, disk write 17934295040 + 0 (0.0158)
12:47:03: INFO [flashield.py:170 (root)]: 	w09.oracleGeneral.bin-0.001-FIFO-True n_req: 11000000, n_miss: 5380476, miss ratio: 0.4891, disk write 17934295040 + 0 (0.0158)
12:47:43: INFO [flashield.py:170 (root)]: 	w09.oracleGeneral.bin-0.001-FIFO-True n_req: 12000000, n_miss: 5755952, miss ratio: 0.4797, disk write 17934295040 + 0 (0.0158)
12:48:24: INFO [flashield.py:170 (root)]: 	w09.oracleGeneral.bin-0.001-FIFO-True n_req: 13000000, n_miss: 6137753, miss ratio: 0.4721, disk write 17934295040 + 0 (0.0158)
12:49:08: INFO [flashield.py:170 (root)]: 	w09.oracleGeneral.bin-0.001-FIFO-True n_req: 14000000, n_miss: 6535160, miss ratio: 0.4668, disk write 17934295040 + 0 (0.0158)
12:49:56: INFO [flashield.py:170 (root)]: 	w09.oracleGeneral.bin-0.001-FIFO-True n_req: 15000000, n_miss: 6980305, miss ratio: 0.4654, disk write 17934295040 + 0 (0.0158)
12:51:12: INFO [flashield.py:170 (root)]: 	w09.oracleGeneral.bin-0.001-FIFO-True n_req: 16000000, n_miss: 7698197, miss ratio: 0.4811, disk write 17934295040 + 0 (0.0158)
12:52:34: INFO [flashield.py:170 (root)]: 	w09.oracleGeneral.bin-0.001-FIFO-True n_req: 17000000, n_miss: 8458681, miss ratio: 0.4976, disk write 17934295040 + 0 (0.0158)
12:53:42: INFO [flashield.py:170 (root)]: 	w09.oracleGeneral.bin-0.001-FIFO-True n_req: 18000000, n_miss: 9101679, miss ratio: 0.5056, disk write 17934295040 + 0 (0.0158)
12:54:54: INFO [flashield.py:170 (root)]: 	w09.oracleGeneral.bin-0.001-FIFO-True n_req: 19000000, n_miss: 9768256, miss ratio: 0.5141, disk write 17934295040 + 0 (0.0158)
12:56:35: INFO [flashield.py:170 (root)]: 	w09.oracleGeneral.bin-0.001-FIFO-True n_req: 20000000, n_miss: 10711315, miss ratio: 0.5356, disk write 17934295040 + 0 (0.0158)
12:58:15: INFO [flashield.py:170 (root)]: 	w09.oracleGeneral.bin-0.001-FIFO-True n_req: 21000000, n_miss: 11651190, miss ratio: 0.5548, disk write 17934295040 + 0 (0.0158)
12:59:57: INFO [flashield.py:170 (root)]: 	w09.oracleGeneral.bin-0.001-FIFO-True n_req: 22000000, n_miss: 12604848, miss ratio: 0.5729, disk write 17934295040 + 0 (0.0158)
13:01:38: INFO [flashield.py:170 (root)]: 	w09.oracleGeneral.bin-0.001-FIFO-True n_req: 23000000, n_miss: 13552833, miss ratio: 0.5893, disk write 17934295040 + 0 (0.0158)
13:03:20: INFO [flashield.py:170 (root)]: 	w09.oracleGeneral.bin-0.001-FIFO-True n_req: 24000000, n_miss: 14505283, miss ratio: 0.6044, disk write 17934295040 + 0 (0.0158)
13:04:58: INFO [flashield.py:170 (root)]: 	w09.oracleGeneral.bin-0.001-FIFO-True n_req: 25000000, n_miss: 15438606, miss ratio: 0.6175, disk write 17934295040 + 0 (0.0158)
13:06:39: INFO [flashield.py:170 (root)]: 	w09.oracleGeneral.bin-0.001-FIFO-True n_req: 26000000, n_miss: 16386179, miss ratio: 0.6302, disk write 17934295040 + 0 (0.0158)
13:08:20: INFO [flashield.py:170 (root)]: 	w09.oracleGeneral.bin-0.001-FIFO-True n_req: 27000000, n_miss: 17339686, miss ratio: 0.6422, disk write 17934295040 + 0 (0.0158)
13:09:29: INFO [flashield.py:170 (root)]: 	w09.oracleGeneral.bin-0.001-FIFO-True n_req: 28000000, n_miss: 17975947, miss ratio: 0.6420, disk write 17934295040 + 0 (0.0158)
13:10:53: INFO [flashield.py:170 (root)]: 	w09.oracleGeneral.bin-0.001-FIFO-True n_req: 29000000, n_miss: 18764019, miss ratio: 0.6470, disk write 17934295040 + 0 (0.0158)
13:12:16: INFO [flashield.py:170 (root)]: 	w09.oracleGeneral.bin-0.001-FIFO-True n_req: 30000000, n_miss: 19544666, miss ratio: 0.6515, disk write 17934295040 + 0 (0.0158)
13:13:14: INFO [flashield.py:170 (root)]: 	w09.oracleGeneral.bin-0.001-FIFO-True n_req: 31000000, n_miss: 20083617, miss ratio: 0.6479, disk write 17934295040 + 0 (0.0158)
13:13:53: INFO [flashield.py:170 (root)]: 	w09.oracleGeneral.bin-0.001-FIFO-True n_req: 32000000, n_miss: 20442395, miss ratio: 0.6388, disk write 17934295040 + 0 (0.0158)
13:14:34: INFO [flashield.py:170 (root)]: 	w09.oracleGeneral.bin-0.001-FIFO-True n_req: 33000000, n_miss: 20824868, miss ratio: 0.6311, disk write 17934295040 + 0 (0.0158)
13:15:17: INFO [flashield.py:170 (root)]: 	w09.oracleGeneral.bin-0.001-FIFO-True n_req: 34000000, n_miss: 21212764, miss ratio: 0.6239, disk write 17934295040 + 0 (0.0158)
13:16:16: INFO [flashield.py:170 (root)]: 	w09.oracleGeneral.bin-0.001-FIFO-True n_req: 35000000, n_miss: 21753958, miss ratio: 0.6215, disk write 17934295040 + 0 (0.0158)
13:17:08: INFO [flashield.py:170 (root)]: 	w09.oracleGeneral.bin-0.001-FIFO-True n_req: 36000000, n_miss: 22236765, miss ratio: 0.6177, disk write 17934295040 + 0 (0.0158)
13:18:13: INFO [flashield.py:170 (root)]: 	w09.oracleGeneral.bin-0.001-FIFO-True n_req: 37000000, n_miss: 22830383, miss ratio: 0.6170, disk write 17934295040 + 0 (0.0158)
13:19:28: INFO [flashield.py:170 (root)]: 	w09.oracleGeneral.bin-0.001-FIFO-True n_req: 38000000, n_miss: 23532065, miss ratio: 0.6193, disk write 17934295040 + 0 (0.0158)
13:20:40: INFO [flashield.py:170 (root)]: 	w09.oracleGeneral.bin-0.001-FIFO-True n_req: 39000000, n_miss: 24205246, miss ratio: 0.6206, disk write 17934295040 + 0 (0.0158)
13:21:22: INFO [flashield.py:170 (root)]: 	w09.oracleGeneral.bin-0.001-FIFO-True n_req: 40000000, n_miss: 24590117, miss ratio: 0.6148, disk write 17934295040 + 0 (0.0158)
13:22:05: INFO [flashield.py:170 (root)]: 	w09.oracleGeneral.bin-0.001-FIFO-True n_req: 41000000, n_miss: 24988149, miss ratio: 0.6095, disk write 17934295040 + 0 (0.0158)
13:22:47: INFO [flashield.py:170 (root)]: 	w09.oracleGeneral.bin-0.001-FIFO-True n_req: 42000000, n_miss: 25368212, miss ratio: 0.6040, disk write 17934295040 + 0 (0.0158)
13:23:45: INFO [flashield.py:170 (root)]: 	w09.oracleGeneral.bin-0.001-FIFO-True n_req: 43000000, n_miss: 25900390, miss ratio: 0.6023, disk write 17934295040 + 0 (0.0158)
13:24:38: INFO [flashield.py:170 (root)]: 	w09.oracleGeneral.bin-0.001-FIFO-True n_req: 44000000, n_miss: 26389124, miss ratio: 0.5998, disk write 17934295040 + 0 (0.0158)
13:25:27: INFO [flashield.py:170 (root)]: 	w09.oracleGeneral.bin-0.001-FIFO-True n_req: 45000000, n_miss: 26848070, miss ratio: 0.5966, disk write 17934295040 + 0 (0.0158)
13:26:35: INFO [flashield.py:170 (root)]: 	w09.oracleGeneral.bin-0.001-FIFO-True n_req: 46000000, n_miss: 27470531, miss ratio: 0.5972, disk write 17934295040 + 0 (0.0158)
13:27:36: INFO [flashield.py:170 (root)]: 	w09.oracleGeneral.bin-0.001-FIFO-True n_req: 47000000, n_miss: 28035977, miss ratio: 0.5965, disk write 17934295040 + 0 (0.0158)
13:28:40: INFO [flashield.py:170 (root)]: 	w09.oracleGeneral.bin-0.001-FIFO-True n_req: 48000000, n_miss: 28615733, miss ratio: 0.5962, disk write 17934295040 + 0 (0.0158)
13:29:43: INFO [flashield.py:170 (root)]: 	w09.oracleGeneral.bin-0.001-FIFO-True n_req: 49000000, n_miss: 29204025, miss ratio: 0.5960, disk write 17934295040 + 0 (0.0158)
13:30:22: INFO [flashield.py:182 (root)]: 	w09.oracleGeneral.bin-0.001-FIFO-True n_req: 49622929, n_miss: 29562449, miss ratio: 0.5957, disk write 17934295040 + 0 (0.0158)
