12:37:09: INFO [flashield.py:220 (root)]: 	calculating wss for w10.oracleGeneral.bin
12:37:49: INFO [flashield.py:228 (root)]: 	w10.oracleGeneral.bin wss_obj: 12529804, wss_byte: 1567400145920
12:37:49: INFO [cache.py:19 (cache)]: 	create Flashield cache with size 156740014592
12:37:49: INFO [cache.py:19 (cache)]: 	create LRU cache with size 156740014
12:37:49: INFO [cache.py:19 (cache)]: 	create FIFO cache with size 156583274578
12:37:52: INFO [flashield.py:170 (root)]: 	w10.oracleGeneral.bin-0.001-FIFO-True n_req: 1000000, n_miss: 892696, miss ratio: 0.8927, disk write 44179779584 + 0 (0.0282)
12:37:53: INFO [flashield.py:170 (root)]: 	w10.oracleGeneral.bin-0.001-FIFO-True n_req: 2000000, n_miss: 1338401, miss ratio: 0.6692, disk write 68693048832 + 0 (0.0438)
12:37:54: INFO [flashield.py:37 (root)]: 	w10.oracleGeneral.bin Training Flashield...
12:37:54: INFO [flashield.py:42 (root)]: 	w10.oracleGeneral.bin Training Flashield: 662910 features 662910 labels ...
12:37:54: INFO [flashield.py:55 (root)]: 	w10.oracleGeneral.bin finish training
12:38:43: INFO [flashield.py:170 (root)]: 	w10.oracleGeneral.bin-0.001-FIFO-True n_req: 3000000, n_miss: 1940145, miss ratio: 0.6467, disk write 75108016128 + 0 (0.0479)
12:39:54: INFO [flashield.py:170 (root)]: 	w10.oracleGeneral.bin-0.001-FIFO-True n_req: 4000000, n_miss: 2596003, miss ratio: 0.6490, disk write 75108016128 + 0 (0.0479)
12:40:57: INFO [flashield.py:170 (root)]: 	w10.oracleGeneral.bin-0.001-FIFO-True n_req: 5000000, n_miss: 3177209, miss ratio: 0.6354, disk write 75108016128 + 0 (0.0479)
12:42:22: INFO [flashield.py:170 (root)]: 	w10.oracleGeneral.bin-0.001-FIFO-True n_req: 6000000, n_miss: 3997078, miss ratio: 0.6662, disk write 75108016128 + 0 (0.0479)
12:43:20: INFO [flashield.py:170 (root)]: 	w10.oracleGeneral.bin-0.001-FIFO-True n_req: 7000000, n_miss: 4539398, miss ratio: 0.6485, disk write 75108016128 + 0 (0.0479)
12:44:37: INFO [flashield.py:170 (root)]: 	w10.oracleGeneral.bin-0.001-FIFO-True n_req: 8000000, n_miss: 5264145, miss ratio: 0.6580, disk write 75108016128 + 0 (0.0479)
12:45:36: INFO [flashield.py:170 (root)]: 	w10.oracleGeneral.bin-0.001-FIFO-True n_req: 9000000, n_miss: 5822859, miss ratio: 0.6470, disk write 75108016128 + 0 (0.0479)
12:46:34: INFO [flashield.py:170 (root)]: 	w10.oracleGeneral.bin-0.001-FIFO-True n_req: 10000000, n_miss: 6378199, miss ratio: 0.6378, disk write 75108016128 + 0 (0.0479)
12:47:13: INFO [flashield.py:170 (root)]: 	w10.oracleGeneral.bin-0.001-FIFO-True n_req: 11000000, n_miss: 6742232, miss ratio: 0.6129, disk write 75108016128 + 0 (0.0479)
12:48:17: INFO [flashield.py:170 (root)]: 	w10.oracleGeneral.bin-0.001-FIFO-True n_req: 12000000, n_miss: 7343182, miss ratio: 0.6119, disk write 75108016128 + 0 (0.0479)
12:49:38: INFO [flashield.py:170 (root)]: 	w10.oracleGeneral.bin-0.001-FIFO-True n_req: 13000000, n_miss: 8103832, miss ratio: 0.6234, disk write 75108016128 + 0 (0.0479)
12:50:49: INFO [flashield.py:170 (root)]: 	w10.oracleGeneral.bin-0.001-FIFO-True n_req: 14000000, n_miss: 8773191, miss ratio: 0.6267, disk write 75108016128 + 0 (0.0479)
12:52:17: INFO [flashield.py:170 (root)]: 	w10.oracleGeneral.bin-0.001-FIFO-True n_req: 15000000, n_miss: 9586034, miss ratio: 0.6391, disk write 75108016128 + 0 (0.0479)
12:53:23: INFO [flashield.py:170 (root)]: 	w10.oracleGeneral.bin-0.001-FIFO-True n_req: 16000000, n_miss: 10213167, miss ratio: 0.6383, disk write 75108016128 + 0 (0.0479)
12:54:38: INFO [flashield.py:170 (root)]: 	w10.oracleGeneral.bin-0.001-FIFO-True n_req: 17000000, n_miss: 10923319, miss ratio: 0.6425, disk write 75108016128 + 0 (0.0479)
12:55:45: INFO [flashield.py:170 (root)]: 	w10.oracleGeneral.bin-0.001-FIFO-True n_req: 18000000, n_miss: 11547286, miss ratio: 0.6415, disk write 75108016128 + 0 (0.0479)
12:56:42: INFO [flashield.py:170 (root)]: 	w10.oracleGeneral.bin-0.001-FIFO-True n_req: 19000000, n_miss: 12091963, miss ratio: 0.6364, disk write 75108016128 + 0 (0.0479)
12:57:32: INFO [flashield.py:170 (root)]: 	w10.oracleGeneral.bin-0.001-FIFO-True n_req: 20000000, n_miss: 12551032, miss ratio: 0.6276, disk write 75108016128 + 0 (0.0479)
12:58:24: INFO [flashield.py:170 (root)]: 	w10.oracleGeneral.bin-0.001-FIFO-True n_req: 21000000, n_miss: 13043529, miss ratio: 0.6211, disk write 75108016128 + 0 (0.0479)
12:59:19: INFO [flashield.py:170 (root)]: 	w10.oracleGeneral.bin-0.001-FIFO-True n_req: 22000000, n_miss: 13551910, miss ratio: 0.6160, disk write 75108016128 + 0 (0.0479)
13:00:28: INFO [flashield.py:170 (root)]: 	w10.oracleGeneral.bin-0.001-FIFO-True n_req: 23000000, n_miss: 14198304, miss ratio: 0.6173, disk write 75108016128 + 0 (0.0479)
13:01:52: INFO [flashield.py:170 (root)]: 	w10.oracleGeneral.bin-0.001-FIFO-True n_req: 24000000, n_miss: 15007407, miss ratio: 0.6253, disk write 75108016128 + 0 (0.0479)
13:02:39: INFO [flashield.py:170 (root)]: 	w10.oracleGeneral.bin-0.001-FIFO-True n_req: 25000000, n_miss: 15438606, miss ratio: 0.6175, disk write 75108016128 + 0 (0.0479)
13:04:08: INFO [flashield.py:170 (root)]: 	w10.oracleGeneral.bin-0.001-FIFO-True n_req: 26000000, n_miss: 16271154, miss ratio: 0.6258, disk write 75108016128 + 0 (0.0479)
13:05:20: INFO [flashield.py:170 (root)]: 	w10.oracleGeneral.bin-0.001-FIFO-True n_req: 27000000, n_miss: 16954541, miss ratio: 0.6279, disk write 75108016128 + 0 (0.0479)
13:06:25: INFO [flashield.py:170 (root)]: 	w10.oracleGeneral.bin-0.001-FIFO-True n_req: 28000000, n_miss: 17572541, miss ratio: 0.6276, disk write 75108016128 + 0 (0.0479)
13:07:33: INFO [flashield.py:170 (root)]: 	w10.oracleGeneral.bin-0.001-FIFO-True n_req: 29000000, n_miss: 18196783, miss ratio: 0.6275, disk write 75108016128 + 0 (0.0479)
13:08:52: INFO [flashield.py:170 (root)]: 	w10.oracleGeneral.bin-0.001-FIFO-True n_req: 30000000, n_miss: 18937143, miss ratio: 0.6312, disk write 75108016128 + 0 (0.0479)
13:10:35: INFO [flashield.py:170 (root)]: 	w10.oracleGeneral.bin-0.001-FIFO-True n_req: 31000000, n_miss: 19905145, miss ratio: 0.6421, disk write 75108016128 + 0 (0.0479)
13:12:20: INFO [flashield.py:170 (root)]: 	w10.oracleGeneral.bin-0.001-FIFO-True n_req: 32000000, n_miss: 20881353, miss ratio: 0.6525, disk write 75108016128 + 0 (0.0479)
13:13:52: INFO [flashield.py:170 (root)]: 	w10.oracleGeneral.bin-0.001-FIFO-True n_req: 33000000, n_miss: 21747494, miss ratio: 0.6590, disk write 75108016128 + 0 (0.0479)
13:15:17: INFO [flashield.py:170 (root)]: 	w10.oracleGeneral.bin-0.001-FIFO-True n_req: 34000000, n_miss: 22544068, miss ratio: 0.6631, disk write 75108016128 + 0 (0.0479)
13:16:12: INFO [flashield.py:170 (root)]: 	w10.oracleGeneral.bin-0.001-FIFO-True n_req: 35000000, n_miss: 23059483, miss ratio: 0.6588, disk write 75108016128 + 0 (0.0479)
13:17:28: INFO [flashield.py:170 (root)]: 	w10.oracleGeneral.bin-0.001-FIFO-True n_req: 36000000, n_miss: 23773191, miss ratio: 0.6604, disk write 75108016128 + 0 (0.0479)
13:18:44: INFO [flashield.py:170 (root)]: 	w10.oracleGeneral.bin-0.001-FIFO-True n_req: 37000000, n_miss: 24496454, miss ratio: 0.6621, disk write 75108016128 + 0 (0.0479)
13:19:52: INFO [flashield.py:170 (root)]: 	w10.oracleGeneral.bin-0.001-FIFO-True n_req: 38000000, n_miss: 25132054, miss ratio: 0.6614, disk write 75108016128 + 0 (0.0479)
13:20:29: INFO [flashield.py:170 (root)]: 	w10.oracleGeneral.bin-0.001-FIFO-True n_req: 39000000, n_miss: 25484905, miss ratio: 0.6535, disk write 75108016128 + 0 (0.0479)
13:21:39: INFO [flashield.py:170 (root)]: 	w10.oracleGeneral.bin-0.001-FIFO-True n_req: 40000000, n_miss: 26149087, miss ratio: 0.6537, disk write 75108016128 + 0 (0.0479)
13:23:00: INFO [flashield.py:170 (root)]: 	w10.oracleGeneral.bin-0.001-FIFO-True n_req: 41000000, n_miss: 26913295, miss ratio: 0.6564, disk write 75108016128 + 0 (0.0479)
13:24:17: INFO [flashield.py:170 (root)]: 	w10.oracleGeneral.bin-0.001-FIFO-True n_req: 42000000, n_miss: 27640319, miss ratio: 0.6581, disk write 75108016128 + 0 (0.0479)
13:25:22: INFO [flashield.py:170 (root)]: 	w10.oracleGeneral.bin-0.001-FIFO-True n_req: 43000000, n_miss: 28260070, miss ratio: 0.6572, disk write 75108016128 + 0 (0.0479)
13:26:23: INFO [flashield.py:170 (root)]: 	w10.oracleGeneral.bin-0.001-FIFO-True n_req: 44000000, n_miss: 28833739, miss ratio: 0.6553, disk write 75108016128 + 0 (0.0479)
13:27:37: INFO [flashield.py:170 (root)]: 	w10.oracleGeneral.bin-0.001-FIFO-True n_req: 45000000, n_miss: 29535596, miss ratio: 0.6563, disk write 75108016128 + 0 (0.0479)
13:28:53: INFO [flashield.py:170 (root)]: 	w10.oracleGeneral.bin-0.001-FIFO-True n_req: 46000000, n_miss: 30259745, miss ratio: 0.6578, disk write 75108016128 + 0 (0.0479)
13:30:11: INFO [flashield.py:170 (root)]: 	w10.oracleGeneral.bin-0.001-FIFO-True n_req: 47000000, n_miss: 30999300, miss ratio: 0.6596, disk write 75108016128 + 0 (0.0479)
13:31:28: INFO [flashield.py:170 (root)]: 	w10.oracleGeneral.bin-0.001-FIFO-True n_req: 48000000, n_miss: 31735004, miss ratio: 0.6611, disk write 75108016128 + 0 (0.0479)
13:31:46: INFO [flashield.py:182 (root)]: 	w10.oracleGeneral.bin-0.001-FIFO-True n_req: 48342350, n_miss: 31896242, miss ratio: 0.6598, disk write 75108016128 + 0 (0.0479)
