12:37:09: INFO [flashield.py:220 (root)]: 	calculating wss for w11.oracleGeneral.bin
12:37:46: INFO [flashield.py:228 (root)]: 	w11.oracleGeneral.bin wss_obj: 2644480, wss_byte: 81287552000
12:37:46: INFO [cache.py:19 (cache)]: 	create Flashield cache with size 8128755200
12:37:46: INFO [cache.py:19 (cache)]: 	create LRU cache with size 8128755
12:37:46: INFO [cache.py:19 (cache)]: 	create FIFO cache with size 8120626445
12:37:46: INFO [flashield.py:37 (root)]: 	w11.oracleGeneral.bin Training Flashield...
12:37:46: INFO [flashield.py:42 (root)]: 	w11.oracleGeneral.bin Training Flashield: 2219 features 2219 labels ...
12:37:46: INFO [flashield.py:55 (root)]: 	w11.oracleGeneral.bin finish training
12:39:28: INFO [flashield.py:170 (root)]: 	w11.oracleGeneral.bin-0.001-FIFO-True n_req: 1000000, n_miss: 974974, miss ratio: 0.9750, disk write 917020672 + 0 (0.0113)
12:41:13: INFO [flashield.py:170 (root)]: 	w11.oracleGeneral.bin-0.001-FIFO-True n_req: 2000000, n_miss: 1966488, miss ratio: 0.9832, disk write 917020672 + 0 (0.0113)
12:42:56: INFO [flashield.py:170 (root)]: 	w11.oracleGeneral.bin-0.001-FIFO-True n_req: 3000000, n_miss: 2950684, miss ratio: 0.9836, disk write 917020672 + 0 (0.0113)
12:44:40: INFO [flashield.py:170 (root)]: 	w11.oracleGeneral.bin-0.001-FIFO-True n_req: 4000000, n_miss: 3938001, miss ratio: 0.9845, disk write 917020672 + 0 (0.0113)
12:46:24: INFO [flashield.py:170 (root)]: 	w11.oracleGeneral.bin-0.001-FIFO-True n_req: 5000000, n_miss: 4927107, miss ratio: 0.9854, disk write 917020672 + 0 (0.0113)
12:48:08: INFO [flashield.py:170 (root)]: 	w11.oracleGeneral.bin-0.001-FIFO-True n_req: 6000000, n_miss: 5915094, miss ratio: 0.9858, disk write 917020672 + 0 (0.0113)
12:49:52: INFO [flashield.py:170 (root)]: 	w11.oracleGeneral.bin-0.001-FIFO-True n_req: 7000000, n_miss: 6905170, miss ratio: 0.9865, disk write 917020672 + 0 (0.0113)
12:51:35: INFO [flashield.py:170 (root)]: 	w11.oracleGeneral.bin-0.001-FIFO-True n_req: 8000000, n_miss: 7892473, miss ratio: 0.9866, disk write 917020672 + 0 (0.0113)
12:53:19: INFO [flashield.py:170 (root)]: 	w11.oracleGeneral.bin-0.001-FIFO-True n_req: 9000000, n_miss: 8880041, miss ratio: 0.9867, disk write 917020672 + 0 (0.0113)
12:55:03: INFO [flashield.py:170 (root)]: 	w11.oracleGeneral.bin-0.001-FIFO-True n_req: 10000000, n_miss: 9869801, miss ratio: 0.9870, disk write 917020672 + 0 (0.0113)
12:56:48: INFO [flashield.py:170 (root)]: 	w11.oracleGeneral.bin-0.001-FIFO-True n_req: 11000000, n_miss: 10859610, miss ratio: 0.9872, disk write 917020672 + 0 (0.0113)
12:58:32: INFO [flashield.py:170 (root)]: 	w11.oracleGeneral.bin-0.001-FIFO-True n_req: 12000000, n_miss: 11847657, miss ratio: 0.9873, disk write 917020672 + 0 (0.0113)
13:00:17: INFO [flashield.py:170 (root)]: 	w11.oracleGeneral.bin-0.001-FIFO-True n_req: 13000000, n_miss: 12839601, miss ratio: 0.9877, disk write 917020672 + 0 (0.0113)
13:02:01: INFO [flashield.py:170 (root)]: 	w11.oracleGeneral.bin-0.001-FIFO-True n_req: 14000000, n_miss: 13827966, miss ratio: 0.9877, disk write 917020672 + 0 (0.0113)
13:03:46: INFO [flashield.py:170 (root)]: 	w11.oracleGeneral.bin-0.001-FIFO-True n_req: 15000000, n_miss: 14819245, miss ratio: 0.9879, disk write 917020672 + 0 (0.0113)
13:05:30: INFO [flashield.py:170 (root)]: 	w11.oracleGeneral.bin-0.001-FIFO-True n_req: 16000000, n_miss: 15803431, miss ratio: 0.9877, disk write 917020672 + 0 (0.0113)
13:07:15: INFO [flashield.py:170 (root)]: 	w11.oracleGeneral.bin-0.001-FIFO-True n_req: 17000000, n_miss: 16796704, miss ratio: 0.9880, disk write 917020672 + 0 (0.0113)
13:08:59: INFO [flashield.py:170 (root)]: 	w11.oracleGeneral.bin-0.001-FIFO-True n_req: 18000000, n_miss: 17785501, miss ratio: 0.9881, disk write 917020672 + 0 (0.0113)
13:10:44: INFO [flashield.py:170 (root)]: 	w11.oracleGeneral.bin-0.001-FIFO-True n_req: 19000000, n_miss: 18773608, miss ratio: 0.9881, disk write 917020672 + 0 (0.0113)
13:12:29: INFO [flashield.py:170 (root)]: 	w11.oracleGeneral.bin-0.001-FIFO-True n_req: 20000000, n_miss: 19768474, miss ratio: 0.9884, disk write 917020672 + 0 (0.0113)
13:14:15: INFO [flashield.py:170 (root)]: 	w11.oracleGeneral.bin-0.001-FIFO-True n_req: 21000000, n_miss: 20762996, miss ratio: 0.9887, disk write 917020672 + 0 (0.0113)
13:16:00: INFO [flashield.py:170 (root)]: 	w11.oracleGeneral.bin-0.001-FIFO-True n_req: 22000000, n_miss: 21757925, miss ratio: 0.9890, disk write 917020672 + 0 (0.0113)
13:17:45: INFO [flashield.py:170 (root)]: 	w11.oracleGeneral.bin-0.001-FIFO-True n_req: 23000000, n_miss: 22751188, miss ratio: 0.9892, disk write 917020672 + 0 (0.0113)
13:19:30: INFO [flashield.py:170 (root)]: 	w11.oracleGeneral.bin-0.001-FIFO-True n_req: 24000000, n_miss: 23744817, miss ratio: 0.9894, disk write 917020672 + 0 (0.0113)
13:21:15: INFO [flashield.py:170 (root)]: 	w11.oracleGeneral.bin-0.001-FIFO-True n_req: 25000000, n_miss: 24739270, miss ratio: 0.9896, disk write 917020672 + 0 (0.0113)
13:23:00: INFO [flashield.py:170 (root)]: 	w11.oracleGeneral.bin-0.001-FIFO-True n_req: 26000000, n_miss: 25733537, miss ratio: 0.9898, disk write 917020672 + 0 (0.0113)
13:24:45: INFO [flashield.py:170 (root)]: 	w11.oracleGeneral.bin-0.001-FIFO-True n_req: 27000000, n_miss: 26727257, miss ratio: 0.9899, disk write 917020672 + 0 (0.0113)
13:26:30: INFO [flashield.py:170 (root)]: 	w11.oracleGeneral.bin-0.001-FIFO-True n_req: 28000000, n_miss: 27719766, miss ratio: 0.9900, disk write 917020672 + 0 (0.0113)
13:28:14: INFO [flashield.py:170 (root)]: 	w11.oracleGeneral.bin-0.001-FIFO-True n_req: 29000000, n_miss: 28712674, miss ratio: 0.9901, disk write 917020672 + 0 (0.0113)
13:29:59: INFO [flashield.py:170 (root)]: 	w11.oracleGeneral.bin-0.001-FIFO-True n_req: 30000000, n_miss: 29706102, miss ratio: 0.9902, disk write 917020672 + 0 (0.0113)
13:31:44: INFO [flashield.py:170 (root)]: 	w11.oracleGeneral.bin-0.001-FIFO-True n_req: 31000000, n_miss: 30699409, miss ratio: 0.9903, disk write 917020672 + 0 (0.0113)
13:33:28: INFO [flashield.py:170 (root)]: 	w11.oracleGeneral.bin-0.001-FIFO-True n_req: 32000000, n_miss: 31692101, miss ratio: 0.9904, disk write 917020672 + 0 (0.0113)
13:35:12: INFO [flashield.py:170 (root)]: 	w11.oracleGeneral.bin-0.001-FIFO-True n_req: 33000000, n_miss: 32684611, miss ratio: 0.9904, disk write 917020672 + 0 (0.0113)
13:36:56: INFO [flashield.py:170 (root)]: 	w11.oracleGeneral.bin-0.001-FIFO-True n_req: 34000000, n_miss: 33677271, miss ratio: 0.9905, disk write 917020672 + 0 (0.0113)
13:38:41: INFO [flashield.py:170 (root)]: 	w11.oracleGeneral.bin-0.001-FIFO-True n_req: 35000000, n_miss: 34671339, miss ratio: 0.9906, disk write 917020672 + 0 (0.0113)
13:40:26: INFO [flashield.py:170 (root)]: 	w11.oracleGeneral.bin-0.001-FIFO-True n_req: 36000000, n_miss: 35664866, miss ratio: 0.9907, disk write 917020672 + 0 (0.0113)
13:42:10: INFO [flashield.py:170 (root)]: 	w11.oracleGeneral.bin-0.001-FIFO-True n_req: 37000000, n_miss: 36657849, miss ratio: 0.9908, disk write 917020672 + 0 (0.0113)
13:43:55: INFO [flashield.py:170 (root)]: 	w11.oracleGeneral.bin-0.001-FIFO-True n_req: 38000000, n_miss: 37649672, miss ratio: 0.9908, disk write 917020672 + 0 (0.0113)
13:45:39: INFO [flashield.py:170 (root)]: 	w11.oracleGeneral.bin-0.001-FIFO-True n_req: 39000000, n_miss: 38642952, miss ratio: 0.9908, disk write 917020672 + 0 (0.0113)
13:47:24: INFO [flashield.py:170 (root)]: 	w11.oracleGeneral.bin-0.001-FIFO-True n_req: 40000000, n_miss: 39636854, miss ratio: 0.9909, disk write 917020672 + 0 (0.0113)
13:49:09: INFO [flashield.py:170 (root)]: 	w11.oracleGeneral.bin-0.001-FIFO-True n_req: 41000000, n_miss: 40630750, miss ratio: 0.9910, disk write 917020672 + 0 (0.0113)
13:50:54: INFO [flashield.py:170 (root)]: 	w11.oracleGeneral.bin-0.001-FIFO-True n_req: 42000000, n_miss: 41625385, miss ratio: 0.9911, disk write 917020672 + 0 (0.0113)
13:52:38: INFO [flashield.py:170 (root)]: 	w11.oracleGeneral.bin-0.001-FIFO-True n_req: 43000000, n_miss: 42618943, miss ratio: 0.9911, disk write 917020672 + 0 (0.0113)
13:54:23: INFO [flashield.py:170 (root)]: 	w11.oracleGeneral.bin-0.001-FIFO-True n_req: 44000000, n_miss: 43611539, miss ratio: 0.9912, disk write 917020672 + 0 (0.0113)
13:56:07: INFO [flashield.py:170 (root)]: 	w11.oracleGeneral.bin-0.001-FIFO-True n_req: 45000000, n_miss: 44604975, miss ratio: 0.9912, disk write 917020672 + 0 (0.0113)
13:57:52: INFO [flashield.py:170 (root)]: 	w11.oracleGeneral.bin-0.001-FIFO-True n_req: 46000000, n_miss: 45599338, miss ratio: 0.9913, disk write 917020672 + 0 (0.0113)
13:58:10: INFO [flashield.py:182 (root)]: 	w11.oracleGeneral.bin-0.001-FIFO-True n_req: 46173369, n_miss: 45771727, miss ratio: 0.9913, disk write 917020672 + 0 (0.0113)
