12:37:09: INFO [flashield.py:220 (root)]: 	calculating wss for w12.oracleGeneral.bin
12:37:30: INFO [flashield.py:228 (root)]: 	w12.oracleGeneral.bin wss_obj: 417995, wss_byte: 8178838016
12:37:30: INFO [cache.py:19 (cache)]: 	create Flashield cache with size 817883801
12:37:30: INFO [cache.py:19 (cache)]: 	create LRU cache with size 817883
12:37:30: INFO [cache.py:19 (cache)]: 	create FIFO cache with size 817065918
12:37:30: INFO [flashield.py:37 (root)]: 	w12.oracleGeneral.bin Training Flashield...
12:37:30: INFO [flashield.py:42 (root)]: 	w12.oracleGeneral.bin Training Flashield: 14022 features 14022 labels ...
12:37:30: INFO [flashield.py:55 (root)]: 	w12.oracleGeneral.bin finish training
12:37:36: INFO [flashield.py:170 (root)]: 	w12.oracleGeneral.bin-0.001-FIFO-True n_req: 1000000, n_miss: 66193, miss ratio: 0.0662, disk write 154728960 + 0 (0.0189)
12:37:43: INFO [flashield.py:170 (root)]: 	w12.oracleGeneral.bin-0.001-FIFO-True n_req: 2000000, n_miss: 133164, miss ratio: 0.0666, disk write 154728960 + 0 (0.0189)
12:37:50: INFO [flashield.py:170 (root)]: 	w12.oracleGeneral.bin-0.001-FIFO-True n_req: 3000000, n_miss: 187403, miss ratio: 0.0625, disk write 154728960 + 0 (0.0189)
12:37:59: INFO [flashield.py:170 (root)]: 	w12.oracleGeneral.bin-0.001-FIFO-True n_req: 4000000, n_miss: 263998, miss ratio: 0.0660, disk write 154728960 + 0 (0.0189)
12:38:08: INFO [flashield.py:170 (root)]: 	w12.oracleGeneral.bin-0.001-FIFO-True n_req: 5000000, n_miss: 342739, miss ratio: 0.0685, disk write 154728960 + 0 (0.0189)
12:38:16: INFO [flashield.py:170 (root)]: 	w12.oracleGeneral.bin-0.001-FIFO-True n_req: 6000000, n_miss: 411184, miss ratio: 0.0685, disk write 154728960 + 0 (0.0189)
12:38:25: INFO [flashield.py:170 (root)]: 	w12.oracleGeneral.bin-0.001-FIFO-True n_req: 7000000, n_miss: 483433, miss ratio: 0.0691, disk write 154728960 + 0 (0.0189)
12:38:37: INFO [flashield.py:170 (root)]: 	w12.oracleGeneral.bin-0.001-FIFO-True n_req: 8000000, n_miss: 595196, miss ratio: 0.0744, disk write 154728960 + 0 (0.0189)
12:38:45: INFO [flashield.py:170 (root)]: 	w12.oracleGeneral.bin-0.001-FIFO-True n_req: 9000000, n_miss: 658833, miss ratio: 0.0732, disk write 154728960 + 0 (0.0189)
12:38:55: INFO [flashield.py:170 (root)]: 	w12.oracleGeneral.bin-0.001-FIFO-True n_req: 10000000, n_miss: 743296, miss ratio: 0.0743, disk write 154728960 + 0 (0.0189)
12:39:03: INFO [flashield.py:170 (root)]: 	w12.oracleGeneral.bin-0.001-FIFO-True n_req: 11000000, n_miss: 816626, miss ratio: 0.0742, disk write 154728960 + 0 (0.0189)
12:39:15: INFO [flashield.py:170 (root)]: 	w12.oracleGeneral.bin-0.001-FIFO-True n_req: 12000000, n_miss: 921663, miss ratio: 0.0768, disk write 154728960 + 0 (0.0189)
12:39:23: INFO [flashield.py:170 (root)]: 	w12.oracleGeneral.bin-0.001-FIFO-True n_req: 13000000, n_miss: 982435, miss ratio: 0.0756, disk write 154728960 + 0 (0.0189)
12:39:33: INFO [flashield.py:170 (root)]: 	w12.oracleGeneral.bin-0.001-FIFO-True n_req: 14000000, n_miss: 1075067, miss ratio: 0.0768, disk write 154728960 + 0 (0.0189)
12:39:44: INFO [flashield.py:170 (root)]: 	w12.oracleGeneral.bin-0.001-FIFO-True n_req: 15000000, n_miss: 1166794, miss ratio: 0.0778, disk write 154728960 + 0 (0.0189)
12:39:54: INFO [flashield.py:170 (root)]: 	w12.oracleGeneral.bin-0.001-FIFO-True n_req: 16000000, n_miss: 1260116, miss ratio: 0.0788, disk write 154728960 + 0 (0.0189)
12:40:01: INFO [flashield.py:170 (root)]: 	w12.oracleGeneral.bin-0.001-FIFO-True n_req: 17000000, n_miss: 1316688, miss ratio: 0.0775, disk write 154728960 + 0 (0.0189)
12:40:08: INFO [flashield.py:170 (root)]: 	w12.oracleGeneral.bin-0.001-FIFO-True n_req: 18000000, n_miss: 1372344, miss ratio: 0.0762, disk write 154728960 + 0 (0.0189)
12:40:20: INFO [flashield.py:170 (root)]: 	w12.oracleGeneral.bin-0.001-FIFO-True n_req: 19000000, n_miss: 1473080, miss ratio: 0.0775, disk write 154728960 + 0 (0.0189)
12:40:26: INFO [flashield.py:170 (root)]: 	w12.oracleGeneral.bin-0.001-FIFO-True n_req: 20000000, n_miss: 1526641, miss ratio: 0.0763, disk write 154728960 + 0 (0.0189)
12:40:35: INFO [flashield.py:170 (root)]: 	w12.oracleGeneral.bin-0.001-FIFO-True n_req: 21000000, n_miss: 1603081, miss ratio: 0.0763, disk write 154728960 + 0 (0.0189)
12:40:45: INFO [flashield.py:170 (root)]: 	w12.oracleGeneral.bin-0.001-FIFO-True n_req: 22000000, n_miss: 1690528, miss ratio: 0.0768, disk write 154728960 + 0 (0.0189)
12:40:52: INFO [flashield.py:170 (root)]: 	w12.oracleGeneral.bin-0.001-FIFO-True n_req: 23000000, n_miss: 1746307, miss ratio: 0.0759, disk write 154728960 + 0 (0.0189)
12:41:02: INFO [flashield.py:170 (root)]: 	w12.oracleGeneral.bin-0.001-FIFO-True n_req: 24000000, n_miss: 1832360, miss ratio: 0.0763, disk write 154728960 + 0 (0.0189)
12:41:10: INFO [flashield.py:170 (root)]: 	w12.oracleGeneral.bin-0.001-FIFO-True n_req: 25000000, n_miss: 1895946, miss ratio: 0.0758, disk write 154728960 + 0 (0.0189)
12:41:19: INFO [flashield.py:170 (root)]: 	w12.oracleGeneral.bin-0.001-FIFO-True n_req: 26000000, n_miss: 1978793, miss ratio: 0.0761, disk write 154728960 + 0 (0.0189)
12:41:26: INFO [flashield.py:170 (root)]: 	w12.oracleGeneral.bin-0.001-FIFO-True n_req: 27000000, n_miss: 2032563, miss ratio: 0.0753, disk write 154728960 + 0 (0.0189)
12:41:37: INFO [flashield.py:170 (root)]: 	w12.oracleGeneral.bin-0.001-FIFO-True n_req: 28000000, n_miss: 2123781, miss ratio: 0.0758, disk write 154728960 + 0 (0.0189)
12:41:46: INFO [flashield.py:170 (root)]: 	w12.oracleGeneral.bin-0.001-FIFO-True n_req: 29000000, n_miss: 2209356, miss ratio: 0.0762, disk write 154728960 + 0 (0.0189)
12:41:59: INFO [flashield.py:170 (root)]: 	w12.oracleGeneral.bin-0.001-FIFO-True n_req: 30000000, n_miss: 2322188, miss ratio: 0.0774, disk write 154728960 + 0 (0.0189)
12:42:06: INFO [flashield.py:170 (root)]: 	w12.oracleGeneral.bin-0.001-FIFO-True n_req: 31000000, n_miss: 2381902, miss ratio: 0.0768, disk write 154728960 + 0 (0.0189)
12:42:13: INFO [flashield.py:170 (root)]: 	w12.oracleGeneral.bin-0.001-FIFO-True n_req: 32000000, n_miss: 2441774, miss ratio: 0.0763, disk write 154728960 + 0 (0.0189)
12:42:28: INFO [flashield.py:170 (root)]: 	w12.oracleGeneral.bin-0.001-FIFO-True n_req: 33000000, n_miss: 2568634, miss ratio: 0.0778, disk write 154728960 + 0 (0.0189)
12:42:41: INFO [flashield.py:170 (root)]: 	w12.oracleGeneral.bin-0.001-FIFO-True n_req: 34000000, n_miss: 2693172, miss ratio: 0.0792, disk write 154728960 + 0 (0.0189)
12:42:52: INFO [flashield.py:170 (root)]: 	w12.oracleGeneral.bin-0.001-FIFO-True n_req: 35000000, n_miss: 2788608, miss ratio: 0.0797, disk write 154728960 + 0 (0.0189)
12:43:06: INFO [flashield.py:170 (root)]: 	w12.oracleGeneral.bin-0.001-FIFO-True n_req: 36000000, n_miss: 2911259, miss ratio: 0.0809, disk write 154728960 + 0 (0.0189)
12:43:16: INFO [flashield.py:170 (root)]: 	w12.oracleGeneral.bin-0.001-FIFO-True n_req: 37000000, n_miss: 2993612, miss ratio: 0.0809, disk write 154728960 + 0 (0.0189)
12:43:25: INFO [flashield.py:170 (root)]: 	w12.oracleGeneral.bin-0.001-FIFO-True n_req: 38000000, n_miss: 3075779, miss ratio: 0.0809, disk write 154728960 + 0 (0.0189)
12:43:36: INFO [flashield.py:170 (root)]: 	w12.oracleGeneral.bin-0.001-FIFO-True n_req: 39000000, n_miss: 3174583, miss ratio: 0.0814, disk write 154728960 + 0 (0.0189)
12:43:48: INFO [flashield.py:170 (root)]: 	w12.oracleGeneral.bin-0.001-FIFO-True n_req: 40000000, n_miss: 3275920, miss ratio: 0.0819, disk write 154728960 + 0 (0.0189)
12:44:02: INFO [flashield.py:170 (root)]: 	w12.oracleGeneral.bin-0.001-FIFO-True n_req: 41000000, n_miss: 3398683, miss ratio: 0.0829, disk write 154728960 + 0 (0.0189)
12:44:19: INFO [flashield.py:170 (root)]: 	w12.oracleGeneral.bin-0.001-FIFO-True n_req: 42000000, n_miss: 3552768, miss ratio: 0.0846, disk write 154728960 + 0 (0.0189)
12:44:33: INFO [flashield.py:170 (root)]: 	w12.oracleGeneral.bin-0.001-FIFO-True n_req: 43000000, n_miss: 3679499, miss ratio: 0.0856, disk write 154728960 + 0 (0.0189)
12:44:41: INFO [flashield.py:170 (root)]: 	w12.oracleGeneral.bin-0.001-FIFO-True n_req: 44000000, n_miss: 3749128, miss ratio: 0.0852, disk write 154728960 + 0 (0.0189)
12:44:53: INFO [flashield.py:170 (root)]: 	w12.oracleGeneral.bin-0.001-FIFO-True n_req: 45000000, n_miss: 3850378, miss ratio: 0.0856, disk write 154728960 + 0 (0.0189)
12:44:56: INFO [flashield.py:182 (root)]: 	w12.oracleGeneral.bin-0.001-FIFO-True n_req: 45355529, n_miss: 3879438, miss ratio: 0.0855, disk write 154728960 + 0 (0.0189)
