12:37:09: INFO [flashield.py:220 (root)]: 	calculating wss for w13.oracleGeneral.bin
12:37:36: INFO [flashield.py:228 (root)]: 	w13.oracleGeneral.bin wss_obj: 5561707, wss_byte: 203545870336
12:37:36: INFO [cache.py:19 (cache)]: 	create Flashield cache with size 20354587033
12:37:36: INFO [cache.py:19 (cache)]: 	create LRU cache with size 20354587
12:37:36: INFO [cache.py:19 (cache)]: 	create FIFO cache with size 20334232446
12:37:37: INFO [flashield.py:37 (root)]: 	w13.oracleGeneral.bin Training Flashield...
12:37:37: INFO [flashield.py:42 (root)]: 	w13.oracleGeneral.bin Training Flashield: 66166 features 66166 labels ...
12:37:37: INFO [flashield.py:55 (root)]: 	w13.oracleGeneral.bin finish training
12:39:01: INFO [flashield.py:170 (root)]: 	w13.oracleGeneral.bin-0.001-FIFO-True n_req: 1000000, n_miss: 867150, miss ratio: 0.8671, disk write 1852481536 + 0 (0.0091)
12:40:18: INFO [flashield.py:170 (root)]: 	w13.oracleGeneral.bin-0.001-FIFO-True n_req: 2000000, n_miss: 1588785, miss ratio: 0.7944, disk write 1852481536 + 0 (0.0091)
12:42:01: INFO [flashield.py:170 (root)]: 	w13.oracleGeneral.bin-0.001-FIFO-True n_req: 3000000, n_miss: 2552775, miss ratio: 0.8509, disk write 1852481536 + 0 (0.0091)
12:43:46: INFO [flashield.py:170 (root)]: 	w13.oracleGeneral.bin-0.001-FIFO-True n_req: 4000000, n_miss: 3537786, miss ratio: 0.8844, disk write 1852481536 + 0 (0.0091)
12:45:16: INFO [flashield.py:170 (root)]: 	w13.oracleGeneral.bin-0.001-FIFO-True n_req: 5000000, n_miss: 4385092, miss ratio: 0.8770, disk write 1852481536 + 0 (0.0091)
12:46:36: INFO [flashield.py:170 (root)]: 	w13.oracleGeneral.bin-0.001-FIFO-True n_req: 6000000, n_miss: 5125661, miss ratio: 0.8543, disk write 1852481536 + 0 (0.0091)
12:48:00: INFO [flashield.py:170 (root)]: 	w13.oracleGeneral.bin-0.001-FIFO-True n_req: 7000000, n_miss: 5916329, miss ratio: 0.8452, disk write 1852481536 + 0 (0.0091)
12:49:21: INFO [flashield.py:170 (root)]: 	w13.oracleGeneral.bin-0.001-FIFO-True n_req: 8000000, n_miss: 6671470, miss ratio: 0.8339, disk write 1852481536 + 0 (0.0091)
12:51:03: INFO [flashield.py:170 (root)]: 	w13.oracleGeneral.bin-0.001-FIFO-True n_req: 9000000, n_miss: 7635296, miss ratio: 0.8484, disk write 1852481536 + 0 (0.0091)
12:52:48: INFO [flashield.py:170 (root)]: 	w13.oracleGeneral.bin-0.001-FIFO-True n_req: 10000000, n_miss: 8620678, miss ratio: 0.8621, disk write 1852481536 + 0 (0.0091)
12:54:27: INFO [flashield.py:170 (root)]: 	w13.oracleGeneral.bin-0.001-FIFO-True n_req: 11000000, n_miss: 9550761, miss ratio: 0.8683, disk write 1852481536 + 0 (0.0091)
12:55:42: INFO [flashield.py:170 (root)]: 	w13.oracleGeneral.bin-0.001-FIFO-True n_req: 12000000, n_miss: 10248767, miss ratio: 0.8541, disk write 1852481536 + 0 (0.0091)
12:57:02: INFO [flashield.py:170 (root)]: 	w13.oracleGeneral.bin-0.001-FIFO-True n_req: 13000000, n_miss: 10997410, miss ratio: 0.8460, disk write 1852481536 + 0 (0.0091)
12:58:25: INFO [flashield.py:170 (root)]: 	w13.oracleGeneral.bin-0.001-FIFO-True n_req: 14000000, n_miss: 11772930, miss ratio: 0.8409, disk write 1852481536 + 0 (0.0091)
12:59:54: INFO [flashield.py:170 (root)]: 	w13.oracleGeneral.bin-0.001-FIFO-True n_req: 15000000, n_miss: 12604614, miss ratio: 0.8403, disk write 1852481536 + 0 (0.0091)
13:01:39: INFO [flashield.py:170 (root)]: 	w13.oracleGeneral.bin-0.001-FIFO-True n_req: 16000000, n_miss: 13589369, miss ratio: 0.8493, disk write 1852481536 + 0 (0.0091)
13:03:11: INFO [flashield.py:170 (root)]: 	w13.oracleGeneral.bin-0.001-FIFO-True n_req: 17000000, n_miss: 14448814, miss ratio: 0.8499, disk write 1852481536 + 0 (0.0091)
13:04:43: INFO [flashield.py:170 (root)]: 	w13.oracleGeneral.bin-0.001-FIFO-True n_req: 18000000, n_miss: 15312240, miss ratio: 0.8507, disk write 1852481536 + 0 (0.0091)
13:06:28: INFO [flashield.py:170 (root)]: 	w13.oracleGeneral.bin-0.001-FIFO-True n_req: 19000000, n_miss: 16303417, miss ratio: 0.8581, disk write 1852481536 + 0 (0.0091)
13:08:14: INFO [flashield.py:170 (root)]: 	w13.oracleGeneral.bin-0.001-FIFO-True n_req: 20000000, n_miss: 17297190, miss ratio: 0.8649, disk write 1852481536 + 0 (0.0091)
13:09:56: INFO [flashield.py:170 (root)]: 	w13.oracleGeneral.bin-0.001-FIFO-True n_req: 21000000, n_miss: 18258887, miss ratio: 0.8695, disk write 1852481536 + 0 (0.0091)
13:11:43: INFO [flashield.py:170 (root)]: 	w13.oracleGeneral.bin-0.001-FIFO-True n_req: 22000000, n_miss: 19255960, miss ratio: 0.8753, disk write 1852481536 + 0 (0.0091)
13:13:29: INFO [flashield.py:170 (root)]: 	w13.oracleGeneral.bin-0.001-FIFO-True n_req: 23000000, n_miss: 20252189, miss ratio: 0.8805, disk write 1852481536 + 0 (0.0091)
13:15:04: INFO [flashield.py:170 (root)]: 	w13.oracleGeneral.bin-0.001-FIFO-True n_req: 24000000, n_miss: 21146580, miss ratio: 0.8811, disk write 1852481536 + 0 (0.0091)
13:16:24: INFO [flashield.py:170 (root)]: 	w13.oracleGeneral.bin-0.001-FIFO-True n_req: 25000000, n_miss: 21891759, miss ratio: 0.8757, disk write 1852481536 + 0 (0.0091)
13:17:46: INFO [flashield.py:170 (root)]: 	w13.oracleGeneral.bin-0.001-FIFO-True n_req: 26000000, n_miss: 22657107, miss ratio: 0.8714, disk write 1852481536 + 0 (0.0091)
13:19:21: INFO [flashield.py:170 (root)]: 	w13.oracleGeneral.bin-0.001-FIFO-True n_req: 27000000, n_miss: 23533148, miss ratio: 0.8716, disk write 1852481536 + 0 (0.0091)
13:20:49: INFO [flashield.py:170 (root)]: 	w13.oracleGeneral.bin-0.001-FIFO-True n_req: 28000000, n_miss: 24355478, miss ratio: 0.8698, disk write 1852481536 + 0 (0.0091)
13:21:58: INFO [flashield.py:170 (root)]: 	w13.oracleGeneral.bin-0.001-FIFO-True n_req: 29000000, n_miss: 24987292, miss ratio: 0.8616, disk write 1852481536 + 0 (0.0091)
13:23:05: INFO [flashield.py:170 (root)]: 	w13.oracleGeneral.bin-0.001-FIFO-True n_req: 30000000, n_miss: 25608848, miss ratio: 0.8536, disk write 1852481536 + 0 (0.0091)
13:24:15: INFO [flashield.py:170 (root)]: 	w13.oracleGeneral.bin-0.001-FIFO-True n_req: 31000000, n_miss: 26256582, miss ratio: 0.8470, disk write 1852481536 + 0 (0.0091)
13:25:44: INFO [flashield.py:170 (root)]: 	w13.oracleGeneral.bin-0.001-FIFO-True n_req: 32000000, n_miss: 27081323, miss ratio: 0.8463, disk write 1852481536 + 0 (0.0091)
13:26:57: INFO [flashield.py:170 (root)]: 	w13.oracleGeneral.bin-0.001-FIFO-True n_req: 33000000, n_miss: 27753276, miss ratio: 0.8410, disk write 1852481536 + 0 (0.0091)
13:28:41: INFO [flashield.py:170 (root)]: 	w13.oracleGeneral.bin-0.001-FIFO-True n_req: 34000000, n_miss: 28726553, miss ratio: 0.8449, disk write 1852481536 + 0 (0.0091)
13:30:27: INFO [flashield.py:170 (root)]: 	w13.oracleGeneral.bin-0.001-FIFO-True n_req: 35000000, n_miss: 29710523, miss ratio: 0.8489, disk write 1852481536 + 0 (0.0091)
13:32:12: INFO [flashield.py:170 (root)]: 	w13.oracleGeneral.bin-0.001-FIFO-True n_req: 36000000, n_miss: 30694000, miss ratio: 0.8526, disk write 1852481536 + 0 (0.0091)
13:33:55: INFO [flashield.py:170 (root)]: 	w13.oracleGeneral.bin-0.001-FIFO-True n_req: 37000000, n_miss: 31647830, miss ratio: 0.8553, disk write 1852481536 + 0 (0.0091)
13:35:02: INFO [flashield.py:170 (root)]: 	w13.oracleGeneral.bin-0.001-FIFO-True n_req: 38000000, n_miss: 32265371, miss ratio: 0.8491, disk write 1852481536 + 0 (0.0091)
13:36:13: INFO [flashield.py:170 (root)]: 	w13.oracleGeneral.bin-0.001-FIFO-True n_req: 39000000, n_miss: 32919055, miss ratio: 0.8441, disk write 1852481536 + 0 (0.0091)
13:36:55: INFO [flashield.py:182 (root)]: 	w13.oracleGeneral.bin-0.001-FIFO-True n_req: 39822877, n_miss: 33314756, miss ratio: 0.8366, disk write 1852481536 + 0 (0.0091)
