12:37:09: INFO [flashield.py:220 (root)]: 	calculating wss for w24.oracleGeneral.bin
12:37:28: INFO [flashield.py:228 (root)]: 	w24.oracleGeneral.bin wss_obj: 5366520, wss_byte: 100767654400
12:37:28: INFO [cache.py:19 (cache)]: 	create Flashield cache with size 10076765440
12:37:28: INFO [cache.py:19 (cache)]: 	create LRU cache with size 10076765
12:37:28: INFO [cache.py:19 (cache)]: 	create FIFO cache with size 10066688675
12:37:28: INFO [flashield.py:37 (root)]: 	w24.oracleGeneral.bin Training Flashield...
12:37:28: INFO [flashield.py:42 (root)]: 	w24.oracleGeneral.bin Training Flashield: 1309 features 1309 labels ...
12:37:28: INFO [flashield.py:55 (root)]: 	w24.oracleGeneral.bin finish training
12:38:57: INFO [flashield.py:170 (root)]: 	w24.oracleGeneral.bin-0.001-FIFO-True n_req: 1000000, n_miss: 943727, miss ratio: 0.9437, disk write 2615772160 + 0 (0.0260)
12:40:35: INFO [flashield.py:170 (root)]: 	w24.oracleGeneral.bin-0.001-FIFO-True n_req: 2000000, n_miss: 1878921, miss ratio: 0.9395, disk write 2615772160 + 0 (0.0260)
12:42:02: INFO [flashield.py:170 (root)]: 	w24.oracleGeneral.bin-0.001-FIFO-True n_req: 3000000, n_miss: 2724988, miss ratio: 0.9083, disk write 2615772160 + 0 (0.0260)
12:43:43: INFO [flashield.py:170 (root)]: 	w24.oracleGeneral.bin-0.001-FIFO-True n_req: 4000000, n_miss: 3692827, miss ratio: 0.9232, disk write 2615772160 + 0 (0.0260)
12:45:09: INFO [flashield.py:170 (root)]: 	w24.oracleGeneral.bin-0.001-FIFO-True n_req: 5000000, n_miss: 4526991, miss ratio: 0.9054, disk write 2615772160 + 0 (0.0260)
12:46:48: INFO [flashield.py:170 (root)]: 	w24.oracleGeneral.bin-0.001-FIFO-True n_req: 6000000, n_miss: 5482334, miss ratio: 0.9137, disk write 2615772160 + 0 (0.0260)
12:48:20: INFO [flashield.py:170 (root)]: 	w24.oracleGeneral.bin-0.001-FIFO-True n_req: 7000000, n_miss: 6367444, miss ratio: 0.9096, disk write 2615772160 + 0 (0.0260)
12:49:33: INFO [flashield.py:170 (root)]: 	w24.oracleGeneral.bin-0.001-FIFO-True n_req: 8000000, n_miss: 7061344, miss ratio: 0.8827, disk write 2615772160 + 0 (0.0260)
12:50:40: INFO [flashield.py:170 (root)]: 	w24.oracleGeneral.bin-0.001-FIFO-True n_req: 9000000, n_miss: 7680090, miss ratio: 0.8533, disk write 2615772160 + 0 (0.0260)
12:51:43: INFO [flashield.py:170 (root)]: 	w24.oracleGeneral.bin-0.001-FIFO-True n_req: 10000000, n_miss: 8270162, miss ratio: 0.8270, disk write 2615772160 + 0 (0.0260)
12:52:54: INFO [flashield.py:170 (root)]: 	w24.oracleGeneral.bin-0.001-FIFO-True n_req: 11000000, n_miss: 8922717, miss ratio: 0.8112, disk write 2615772160 + 0 (0.0260)
12:54:06: INFO [flashield.py:170 (root)]: 	w24.oracleGeneral.bin-0.001-FIFO-True n_req: 12000000, n_miss: 9597254, miss ratio: 0.7998, disk write 2615772160 + 0 (0.0260)
12:55:19: INFO [flashield.py:170 (root)]: 	w24.oracleGeneral.bin-0.001-FIFO-True n_req: 13000000, n_miss: 10275996, miss ratio: 0.7905, disk write 2615772160 + 0 (0.0260)
12:56:33: INFO [flashield.py:170 (root)]: 	w24.oracleGeneral.bin-0.001-FIFO-True n_req: 14000000, n_miss: 10971620, miss ratio: 0.7837, disk write 2615772160 + 0 (0.0260)
12:57:46: INFO [flashield.py:170 (root)]: 	w24.oracleGeneral.bin-0.001-FIFO-True n_req: 15000000, n_miss: 11645255, miss ratio: 0.7764, disk write 2615772160 + 0 (0.0260)
12:58:58: INFO [flashield.py:170 (root)]: 	w24.oracleGeneral.bin-0.001-FIFO-True n_req: 16000000, n_miss: 12320426, miss ratio: 0.7700, disk write 2615772160 + 0 (0.0260)
13:00:08: INFO [flashield.py:170 (root)]: 	w24.oracleGeneral.bin-0.001-FIFO-True n_req: 17000000, n_miss: 12972539, miss ratio: 0.7631, disk write 2615772160 + 0 (0.0260)
13:01:19: INFO [flashield.py:170 (root)]: 	w24.oracleGeneral.bin-0.001-FIFO-True n_req: 18000000, n_miss: 13632639, miss ratio: 0.7574, disk write 2615772160 + 0 (0.0260)
13:02:27: INFO [flashield.py:170 (root)]: 	w24.oracleGeneral.bin-0.001-FIFO-True n_req: 19000000, n_miss: 14264970, miss ratio: 0.7508, disk write 2615772160 + 0 (0.0260)
13:03:54: INFO [flashield.py:170 (root)]: 	w24.oracleGeneral.bin-0.001-FIFO-True n_req: 20000000, n_miss: 15086624, miss ratio: 0.7543, disk write 2615772160 + 0 (0.0260)
13:05:36: INFO [flashield.py:170 (root)]: 	w24.oracleGeneral.bin-0.001-FIFO-True n_req: 21000000, n_miss: 16064244, miss ratio: 0.7650, disk write 2615772160 + 0 (0.0260)
13:07:12: INFO [flashield.py:170 (root)]: 	w24.oracleGeneral.bin-0.001-FIFO-True n_req: 22000000, n_miss: 16985810, miss ratio: 0.7721, disk write 2615772160 + 0 (0.0260)
13:08:53: INFO [flashield.py:170 (root)]: 	w24.oracleGeneral.bin-0.001-FIFO-True n_req: 23000000, n_miss: 17959643, miss ratio: 0.7809, disk write 2615772160 + 0 (0.0260)
13:10:23: INFO [flashield.py:170 (root)]: 	w24.oracleGeneral.bin-0.001-FIFO-True n_req: 24000000, n_miss: 18822552, miss ratio: 0.7843, disk write 2615772160 + 0 (0.0260)
13:11:51: INFO [flashield.py:170 (root)]: 	w24.oracleGeneral.bin-0.001-FIFO-True n_req: 25000000, n_miss: 19680445, miss ratio: 0.7872, disk write 2615772160 + 0 (0.0260)
13:13:31: INFO [flashield.py:170 (root)]: 	w24.oracleGeneral.bin-0.001-FIFO-True n_req: 26000000, n_miss: 20655989, miss ratio: 0.7945, disk write 2615772160 + 0 (0.0260)
13:14:59: INFO [flashield.py:170 (root)]: 	w24.oracleGeneral.bin-0.001-FIFO-True n_req: 27000000, n_miss: 21514764, miss ratio: 0.7968, disk write 2615772160 + 0 (0.0260)
13:15:12: INFO [flashield.py:182 (root)]: 	w24.oracleGeneral.bin-0.001-FIFO-True n_req: 27165370, n_miss: 21643140, miss ratio: 0.7967, disk write 2615772160 + 0 (0.0260)
