12:37:09: INFO [flashield.py:220 (root)]: 	calculating wss for w34.oracleGeneral.bin
12:37:24: INFO [flashield.py:228 (root)]: 	w34.oracleGeneral.bin wss_obj: 5140683, wss_byte: 220393296384
12:37:24: INFO [cache.py:19 (cache)]: 	create Flashield cache with size 22039329638
12:37:24: INFO [cache.py:19 (cache)]: 	create LRU cache with size 22039329
12:37:24: INFO [cache.py:19 (cache)]: 	create FIFO cache with size 22017290309
12:37:24: INFO [flashield.py:37 (root)]: 	w34.oracleGeneral.bin Training Flashield...
12:37:24: INFO [flashield.py:42 (root)]: 	w34.oracleGeneral.bin Training Flashield: 19405 features 19405 labels ...
12:37:24: INFO [flashield.py:55 (root)]: 	w34.oracleGeneral.bin finish training
12:38:22: INFO [flashield.py:170 (root)]: 	w34.oracleGeneral.bin-0.001-FIFO-True n_req: 1000000, n_miss: 649961, miss ratio: 0.6500, disk write 1212465664 + 0 (0.0055)
12:39:48: INFO [flashield.py:170 (root)]: 	w34.oracleGeneral.bin-0.001-FIFO-True n_req: 2000000, n_miss: 1462042, miss ratio: 0.7310, disk write 1212465664 + 0 (0.0055)
12:40:54: INFO [flashield.py:170 (root)]: 	w34.oracleGeneral.bin-0.001-FIFO-True n_req: 3000000, n_miss: 2097147, miss ratio: 0.6990, disk write 1212465664 + 0 (0.0055)
12:42:15: INFO [flashield.py:170 (root)]: 	w34.oracleGeneral.bin-0.001-FIFO-True n_req: 4000000, n_miss: 2865887, miss ratio: 0.7165, disk write 1212465664 + 0 (0.0055)
12:43:30: INFO [flashield.py:170 (root)]: 	w34.oracleGeneral.bin-0.001-FIFO-True n_req: 5000000, n_miss: 3586617, miss ratio: 0.7173, disk write 1212465664 + 0 (0.0055)
12:44:52: INFO [flashield.py:170 (root)]: 	w34.oracleGeneral.bin-0.001-FIFO-True n_req: 6000000, n_miss: 4360817, miss ratio: 0.7268, disk write 1212465664 + 0 (0.0055)
12:46:07: INFO [flashield.py:170 (root)]: 	w34.oracleGeneral.bin-0.001-FIFO-True n_req: 7000000, n_miss: 5075491, miss ratio: 0.7251, disk write 1212465664 + 0 (0.0055)
12:47:46: INFO [flashield.py:170 (root)]: 	w34.oracleGeneral.bin-0.001-FIFO-True n_req: 8000000, n_miss: 6024926, miss ratio: 0.7531, disk write 1212465664 + 0 (0.0055)
12:49:28: INFO [flashield.py:170 (root)]: 	w34.oracleGeneral.bin-0.001-FIFO-True n_req: 9000000, n_miss: 7007691, miss ratio: 0.7786, disk write 1212465664 + 0 (0.0055)
12:51:09: INFO [flashield.py:170 (root)]: 	w34.oracleGeneral.bin-0.001-FIFO-True n_req: 10000000, n_miss: 7964958, miss ratio: 0.7965, disk write 1212465664 + 0 (0.0055)
12:52:52: INFO [flashield.py:170 (root)]: 	w34.oracleGeneral.bin-0.001-FIFO-True n_req: 11000000, n_miss: 8955282, miss ratio: 0.8141, disk write 1212465664 + 0 (0.0055)
12:54:36: INFO [flashield.py:170 (root)]: 	w34.oracleGeneral.bin-0.001-FIFO-True n_req: 12000000, n_miss: 9947205, miss ratio: 0.8289, disk write 1212465664 + 0 (0.0055)
12:56:07: INFO [flashield.py:170 (root)]: 	w34.oracleGeneral.bin-0.001-FIFO-True n_req: 13000000, n_miss: 10822969, miss ratio: 0.8325, disk write 1212465664 + 0 (0.0055)
12:57:31: INFO [flashield.py:170 (root)]: 	w34.oracleGeneral.bin-0.001-FIFO-True n_req: 14000000, n_miss: 11624266, miss ratio: 0.8303, disk write 1212465664 + 0 (0.0055)
12:59:11: INFO [flashield.py:170 (root)]: 	w34.oracleGeneral.bin-0.001-FIFO-True n_req: 15000000, n_miss: 12588355, miss ratio: 0.8392, disk write 1212465664 + 0 (0.0055)
13:00:40: INFO [flashield.py:170 (root)]: 	w34.oracleGeneral.bin-0.001-FIFO-True n_req: 16000000, n_miss: 13430861, miss ratio: 0.8394, disk write 1212465664 + 0 (0.0055)
13:02:19: INFO [flashield.py:170 (root)]: 	w34.oracleGeneral.bin-0.001-FIFO-True n_req: 17000000, n_miss: 14376807, miss ratio: 0.8457, disk write 1212465664 + 0 (0.0055)
13:03:51: INFO [flashield.py:170 (root)]: 	w34.oracleGeneral.bin-0.001-FIFO-True n_req: 18000000, n_miss: 15249214, miss ratio: 0.8472, disk write 1212465664 + 0 (0.0055)
13:05:22: INFO [flashield.py:170 (root)]: 	w34.oracleGeneral.bin-0.001-FIFO-True n_req: 19000000, n_miss: 16124365, miss ratio: 0.8487, disk write 1212465664 + 0 (0.0055)
13:06:16: INFO [flashield.py:182 (root)]: 	w34.oracleGeneral.bin-0.001-FIFO-True n_req: 19553551, n_miss: 16631000, miss ratio: 0.8505, disk write 1212465664 + 0 (0.0055)
