12:37:09: INFO [flashield.py:220 (root)]: 	calculating wss for w36.oracleGeneral.bin
12:37:19: INFO [flashield.py:228 (root)]: 	w36.oracleGeneral.bin wss_obj: 1248956, wss_byte: 8338862080
12:37:19: INFO [cache.py:19 (cache)]: 	create Flashield cache with size 833886208
12:37:19: INFO [cache.py:19 (cache)]: 	create LRU cache with size 833886
12:37:19: INFO [cache.py:19 (cache)]: 	create FIFO cache with size 833052322
12:37:19: INFO [flashield.py:37 (root)]: 	w36.oracleGeneral.bin Training Flashield...
12:37:19: INFO [flashield.py:42 (root)]: 	w36.oracleGeneral.bin Training Flashield: 20373 features 20373 labels ...
12:37:19: INFO [flashield.py:55 (root)]: 	w36.oracleGeneral.bin finish training
12:37:35: INFO [flashield.py:170 (root)]: 	w36.oracleGeneral.bin-0.001-FIFO-True n_req: 1000000, n_miss: 183491, miss ratio: 0.1835, disk write 554319872 + 0 (0.0665)
12:37:56: INFO [flashield.py:170 (root)]: 	w36.oracleGeneral.bin-0.001-FIFO-True n_req: 2000000, n_miss: 370006, miss ratio: 0.1850, disk write 554319872 + 0 (0.0665)
12:38:17: INFO [flashield.py:170 (root)]: 	w36.oracleGeneral.bin-0.001-FIFO-True n_req: 3000000, n_miss: 555112, miss ratio: 0.1850, disk write 554319872 + 0 (0.0665)
12:38:39: INFO [flashield.py:170 (root)]: 	w36.oracleGeneral.bin-0.001-FIFO-True n_req: 4000000, n_miss: 755477, miss ratio: 0.1889, disk write 554319872 + 0 (0.0665)
12:39:00: INFO [flashield.py:170 (root)]: 	w36.oracleGeneral.bin-0.001-FIFO-True n_req: 5000000, n_miss: 947153, miss ratio: 0.1894, disk write 554319872 + 0 (0.0665)
12:39:22: INFO [flashield.py:170 (root)]: 	w36.oracleGeneral.bin-0.001-FIFO-True n_req: 6000000, n_miss: 1143630, miss ratio: 0.1906, disk write 554319872 + 0 (0.0665)
12:39:45: INFO [flashield.py:170 (root)]: 	w36.oracleGeneral.bin-0.001-FIFO-True n_req: 7000000, n_miss: 1345368, miss ratio: 0.1922, disk write 554319872 + 0 (0.0665)
12:40:06: INFO [flashield.py:170 (root)]: 	w36.oracleGeneral.bin-0.001-FIFO-True n_req: 8000000, n_miss: 1538082, miss ratio: 0.1923, disk write 554319872 + 0 (0.0665)
12:40:28: INFO [flashield.py:170 (root)]: 	w36.oracleGeneral.bin-0.001-FIFO-True n_req: 9000000, n_miss: 1735260, miss ratio: 0.1928, disk write 554319872 + 0 (0.0665)
12:40:50: INFO [flashield.py:170 (root)]: 	w36.oracleGeneral.bin-0.001-FIFO-True n_req: 10000000, n_miss: 1930429, miss ratio: 0.1930, disk write 554319872 + 0 (0.0665)
12:41:12: INFO [flashield.py:170 (root)]: 	w36.oracleGeneral.bin-0.001-FIFO-True n_req: 11000000, n_miss: 2123713, miss ratio: 0.1931, disk write 554319872 + 0 (0.0665)
12:41:33: INFO [flashield.py:170 (root)]: 	w36.oracleGeneral.bin-0.001-FIFO-True n_req: 12000000, n_miss: 2318606, miss ratio: 0.1932, disk write 554319872 + 0 (0.0665)
12:41:53: INFO [flashield.py:170 (root)]: 	w36.oracleGeneral.bin-0.001-FIFO-True n_req: 13000000, n_miss: 2493418, miss ratio: 0.1918, disk write 554319872 + 0 (0.0665)
12:42:15: INFO [flashield.py:170 (root)]: 	w36.oracleGeneral.bin-0.001-FIFO-True n_req: 14000000, n_miss: 2689021, miss ratio: 0.1921, disk write 554319872 + 0 (0.0665)
12:42:36: INFO [flashield.py:170 (root)]: 	w36.oracleGeneral.bin-0.001-FIFO-True n_req: 15000000, n_miss: 2881115, miss ratio: 0.1921, disk write 554319872 + 0 (0.0665)
12:42:58: INFO [flashield.py:170 (root)]: 	w36.oracleGeneral.bin-0.001-FIFO-True n_req: 16000000, n_miss: 3072035, miss ratio: 0.1920, disk write 554319872 + 0 (0.0665)
12:43:20: INFO [flashield.py:170 (root)]: 	w36.oracleGeneral.bin-0.001-FIFO-True n_req: 17000000, n_miss: 3273919, miss ratio: 0.1926, disk write 554319872 + 0 (0.0665)
12:43:42: INFO [flashield.py:170 (root)]: 	w36.oracleGeneral.bin-0.001-FIFO-True n_req: 18000000, n_miss: 3465677, miss ratio: 0.1925, disk write 554319872 + 0 (0.0665)
12:44:02: INFO [flashield.py:182 (root)]: 	w36.oracleGeneral.bin-0.001-FIFO-True n_req: 18915625, n_miss: 3645048, miss ratio: 0.1927, disk write 554319872 + 0 (0.0665)
