12:37:09: INFO [flashield.py:220 (root)]: 	calculating wss for w38.oracleGeneral.bin
12:37:21: INFO [flashield.py:228 (root)]: 	w38.oracleGeneral.bin wss_obj: 2013253, wss_byte: 29491339776
12:37:21: INFO [cache.py:19 (cache)]: 	create Flashield cache with size 2949133977
12:37:21: INFO [cache.py:19 (cache)]: 	create LRU cache with size 2949133
12:37:21: INFO [cache.py:19 (cache)]: 	create FIFO cache with size 2946184844
12:37:22: INFO [flashield.py:37 (root)]: 	w38.oracleGeneral.bin Training Flashield...
12:37:22: INFO [flashield.py:42 (root)]: 	w38.oracleGeneral.bin Training Flashield: 412601 features 412601 labels ...
12:37:22: INFO [flashield.py:55 (root)]: 	w38.oracleGeneral.bin finish training
12:37:42: INFO [flashield.py:170 (root)]: 	w38.oracleGeneral.bin-0.001-FIFO-True n_req: 1000000, n_miss: 607671, miss ratio: 0.6077, disk write 3806178304 + 0 (0.1291)
12:39:12: INFO [flashield.py:170 (root)]: 	w38.oracleGeneral.bin-0.001-FIFO-True n_req: 2000000, n_miss: 1448901, miss ratio: 0.7245, disk write 3806178304 + 0 (0.1291)
12:40:07: INFO [flashield.py:170 (root)]: 	w38.oracleGeneral.bin-0.001-FIFO-True n_req: 3000000, n_miss: 1970026, miss ratio: 0.6567, disk write 3806178304 + 0 (0.1291)
12:41:18: INFO [flashield.py:170 (root)]: 	w38.oracleGeneral.bin-0.001-FIFO-True n_req: 4000000, n_miss: 2642530, miss ratio: 0.6606, disk write 3806178304 + 0 (0.1291)
12:42:45: INFO [flashield.py:170 (root)]: 	w38.oracleGeneral.bin-0.001-FIFO-True n_req: 5000000, n_miss: 3465234, miss ratio: 0.6930, disk write 3806178304 + 0 (0.1291)
12:43:26: INFO [flashield.py:170 (root)]: 	w38.oracleGeneral.bin-0.001-FIFO-True n_req: 6000000, n_miss: 3846722, miss ratio: 0.6411, disk write 3806178304 + 0 (0.1291)
12:45:00: INFO [flashield.py:170 (root)]: 	w38.oracleGeneral.bin-0.001-FIFO-True n_req: 7000000, n_miss: 4734638, miss ratio: 0.6764, disk write 3806178304 + 0 (0.1291)
12:45:53: INFO [flashield.py:170 (root)]: 	w38.oracleGeneral.bin-0.001-FIFO-True n_req: 8000000, n_miss: 5233208, miss ratio: 0.6542, disk write 3806178304 + 0 (0.1291)
12:47:10: INFO [flashield.py:170 (root)]: 	w38.oracleGeneral.bin-0.001-FIFO-True n_req: 9000000, n_miss: 5966477, miss ratio: 0.6629, disk write 3806178304 + 0 (0.1291)
12:48:32: INFO [flashield.py:170 (root)]: 	w38.oracleGeneral.bin-0.001-FIFO-True n_req: 10000000, n_miss: 6732609, miss ratio: 0.6733, disk write 3806178304 + 0 (0.1291)
12:49:19: INFO [flashield.py:170 (root)]: 	w38.oracleGeneral.bin-0.001-FIFO-True n_req: 11000000, n_miss: 7180527, miss ratio: 0.6528, disk write 3806178304 + 0 (0.1291)
12:50:49: INFO [flashield.py:170 (root)]: 	w38.oracleGeneral.bin-0.001-FIFO-True n_req: 12000000, n_miss: 8029376, miss ratio: 0.6691, disk write 3806178304 + 0 (0.1291)
12:51:52: INFO [flashield.py:170 (root)]: 	w38.oracleGeneral.bin-0.001-FIFO-True n_req: 13000000, n_miss: 8625036, miss ratio: 0.6635, disk write 3806178304 + 0 (0.1291)
12:52:55: INFO [flashield.py:170 (root)]: 	w38.oracleGeneral.bin-0.001-FIFO-True n_req: 14000000, n_miss: 9225855, miss ratio: 0.6590, disk write 3806178304 + 0 (0.1291)
12:54:31: INFO [flashield.py:170 (root)]: 	w38.oracleGeneral.bin-0.001-FIFO-True n_req: 15000000, n_miss: 10133745, miss ratio: 0.6756, disk write 3806178304 + 0 (0.1291)
12:55:19: INFO [flashield.py:170 (root)]: 	w38.oracleGeneral.bin-0.001-FIFO-True n_req: 16000000, n_miss: 10584316, miss ratio: 0.6615, disk write 3806178304 + 0 (0.1291)
12:56:28: INFO [flashield.py:170 (root)]: 	w38.oracleGeneral.bin-0.001-FIFO-True n_req: 17000000, n_miss: 11235771, miss ratio: 0.6609, disk write 3806178304 + 0 (0.1291)
12:58:03: INFO [flashield.py:170 (root)]: 	w38.oracleGeneral.bin-0.001-FIFO-True n_req: 18000000, n_miss: 12137635, miss ratio: 0.6743, disk write 3806178304 + 0 (0.1291)
12:58:17: INFO [flashield.py:182 (root)]: 	w38.oracleGeneral.bin-0.001-FIFO-True n_req: 18535323, n_miss: 12261101, miss ratio: 0.6615, disk write 3806178304 + 0 (0.1291)
