12:37:09: INFO [flashield.py:220 (root)]: 	calculating wss for w40.oracleGeneral.bin
12:37:19: INFO [flashield.py:228 (root)]: 	w40.oracleGeneral.bin wss_obj: 881317, wss_byte: 7013036544
12:37:19: INFO [cache.py:19 (cache)]: 	create Flashield cache with size 701303654
12:37:19: INFO [cache.py:19 (cache)]: 	create LRU cache with size 701303
12:37:19: INFO [cache.py:19 (cache)]: 	create FIFO cache with size 700602351
12:37:19: INFO [flashield.py:37 (root)]: 	w40.oracleGeneral.bin Training Flashield...
12:37:19: INFO [flashield.py:42 (root)]: 	w40.oracleGeneral.bin Training Flashield: 16112 features 16112 labels ...
12:37:19: INFO [flashield.py:55 (root)]: 	w40.oracleGeneral.bin finish training
12:37:33: INFO [flashield.py:170 (root)]: 	w40.oracleGeneral.bin-0.001-FIFO-True n_req: 1000000, n_miss: 151421, miss ratio: 0.1514, disk write 401457152 + 0 (0.0572)
12:37:50: INFO [flashield.py:170 (root)]: 	w40.oracleGeneral.bin-0.001-FIFO-True n_req: 2000000, n_miss: 306924, miss ratio: 0.1535, disk write 401457152 + 0 (0.0572)
12:38:08: INFO [flashield.py:170 (root)]: 	w40.oracleGeneral.bin-0.001-FIFO-True n_req: 3000000, n_miss: 460126, miss ratio: 0.1534, disk write 401457152 + 0 (0.0572)
12:38:25: INFO [flashield.py:170 (root)]: 	w40.oracleGeneral.bin-0.001-FIFO-True n_req: 4000000, n_miss: 615508, miss ratio: 0.1539, disk write 401457152 + 0 (0.0572)
12:38:42: INFO [flashield.py:170 (root)]: 	w40.oracleGeneral.bin-0.001-FIFO-True n_req: 5000000, n_miss: 768893, miss ratio: 0.1538, disk write 401457152 + 0 (0.0572)
12:39:00: INFO [flashield.py:170 (root)]: 	w40.oracleGeneral.bin-0.001-FIFO-True n_req: 6000000, n_miss: 923899, miss ratio: 0.1540, disk write 401457152 + 0 (0.0572)
12:39:17: INFO [flashield.py:170 (root)]: 	w40.oracleGeneral.bin-0.001-FIFO-True n_req: 7000000, n_miss: 1077891, miss ratio: 0.1540, disk write 401457152 + 0 (0.0572)
12:39:35: INFO [flashield.py:170 (root)]: 	w40.oracleGeneral.bin-0.001-FIFO-True n_req: 8000000, n_miss: 1232200, miss ratio: 0.1540, disk write 401457152 + 0 (0.0572)
12:39:52: INFO [flashield.py:170 (root)]: 	w40.oracleGeneral.bin-0.001-FIFO-True n_req: 9000000, n_miss: 1383580, miss ratio: 0.1537, disk write 401457152 + 0 (0.0572)
12:40:10: INFO [flashield.py:170 (root)]: 	w40.oracleGeneral.bin-0.001-FIFO-True n_req: 10000000, n_miss: 1544053, miss ratio: 0.1544, disk write 401457152 + 0 (0.0572)
12:40:28: INFO [flashield.py:170 (root)]: 	w40.oracleGeneral.bin-0.001-FIFO-True n_req: 11000000, n_miss: 1699133, miss ratio: 0.1545, disk write 401457152 + 0 (0.0572)
12:40:45: INFO [flashield.py:170 (root)]: 	w40.oracleGeneral.bin-0.001-FIFO-True n_req: 12000000, n_miss: 1848628, miss ratio: 0.1541, disk write 401457152 + 0 (0.0572)
12:41:02: INFO [flashield.py:170 (root)]: 	w40.oracleGeneral.bin-0.001-FIFO-True n_req: 13000000, n_miss: 2001638, miss ratio: 0.1540, disk write 401457152 + 0 (0.0572)
12:41:20: INFO [flashield.py:170 (root)]: 	w40.oracleGeneral.bin-0.001-FIFO-True n_req: 14000000, n_miss: 2158083, miss ratio: 0.1541, disk write 401457152 + 0 (0.0572)
12:41:38: INFO [flashield.py:170 (root)]: 	w40.oracleGeneral.bin-0.001-FIFO-True n_req: 15000000, n_miss: 2317253, miss ratio: 0.1545, disk write 401457152 + 0 (0.0572)
12:41:55: INFO [flashield.py:170 (root)]: 	w40.oracleGeneral.bin-0.001-FIFO-True n_req: 16000000, n_miss: 2474354, miss ratio: 0.1546, disk write 401457152 + 0 (0.0572)
12:42:13: INFO [flashield.py:170 (root)]: 	w40.oracleGeneral.bin-0.001-FIFO-True n_req: 17000000, n_miss: 2630090, miss ratio: 0.1547, disk write 401457152 + 0 (0.0572)
12:42:31: INFO [flashield.py:182 (root)]: 	w40.oracleGeneral.bin-0.001-FIFO-True n_req: 17657232, n_miss: 2796337, miss ratio: 0.1584, disk write 401457152 + 0 (0.0572)
