12:37:09: INFO [flashield.py:220 (root)]: 	calculating wss for w48.oracleGeneral.bin
12:37:19: INFO [flashield.py:228 (root)]: 	w48.oracleGeneral.bin wss_obj: 3600621, wss_byte: 220604668416
12:37:19: INFO [cache.py:19 (cache)]: 	create Flashield cache with size 22060466841
12:37:19: INFO [cache.py:19 (cache)]: 	create LRU cache with size 22060466
12:37:19: INFO [cache.py:19 (cache)]: 	create FIFO cache with size 22038406375
12:37:19: INFO [flashield.py:37 (root)]: 	w48.oracleGeneral.bin Training Flashield...
12:37:19: INFO [flashield.py:42 (root)]: 	w48.oracleGeneral.bin Training Flashield: 10724 features 10724 labels ...
12:37:19: INFO [flashield.py:55 (root)]: 	w48.oracleGeneral.bin finish training
12:38:55: INFO [flashield.py:170 (root)]: 	w48.oracleGeneral.bin-0.001-FIFO-True n_req: 1000000, n_miss: 943412, miss ratio: 0.9434, disk write 1315621888 + 0 (0.0060)
12:40:35: INFO [flashield.py:170 (root)]: 	w48.oracleGeneral.bin-0.001-FIFO-True n_req: 2000000, n_miss: 1904349, miss ratio: 0.9522, disk write 1315621888 + 0 (0.0060)
12:42:12: INFO [flashield.py:170 (root)]: 	w48.oracleGeneral.bin-0.001-FIFO-True n_req: 3000000, n_miss: 2830694, miss ratio: 0.9436, disk write 1315621888 + 0 (0.0060)
12:43:55: INFO [flashield.py:170 (root)]: 	w48.oracleGeneral.bin-0.001-FIFO-True n_req: 4000000, n_miss: 3823741, miss ratio: 0.9559, disk write 1315621888 + 0 (0.0060)
12:45:27: INFO [flashield.py:170 (root)]: 	w48.oracleGeneral.bin-0.001-FIFO-True n_req: 5000000, n_miss: 4716456, miss ratio: 0.9433, disk write 1315621888 + 0 (0.0060)
12:47:09: INFO [flashield.py:170 (root)]: 	w48.oracleGeneral.bin-0.001-FIFO-True n_req: 6000000, n_miss: 5708636, miss ratio: 0.9514, disk write 1315621888 + 0 (0.0060)
12:48:43: INFO [flashield.py:170 (root)]: 	w48.oracleGeneral.bin-0.001-FIFO-True n_req: 7000000, n_miss: 6611278, miss ratio: 0.9445, disk write 1315621888 + 0 (0.0060)
12:50:26: INFO [flashield.py:170 (root)]: 	w48.oracleGeneral.bin-0.001-FIFO-True n_req: 8000000, n_miss: 7602406, miss ratio: 0.9503, disk write 1315621888 + 0 (0.0060)
12:52:00: INFO [flashield.py:170 (root)]: 	w48.oracleGeneral.bin-0.001-FIFO-True n_req: 9000000, n_miss: 8513176, miss ratio: 0.9459, disk write 1315621888 + 0 (0.0060)
12:53:38: INFO [flashield.py:170 (root)]: 	w48.oracleGeneral.bin-0.001-FIFO-True n_req: 10000000, n_miss: 9472141, miss ratio: 0.9472, disk write 1315621888 + 0 (0.0060)
12:55:18: INFO [flashield.py:170 (root)]: 	w48.oracleGeneral.bin-0.001-FIFO-True n_req: 11000000, n_miss: 10426456, miss ratio: 0.9479, disk write 1315621888 + 0 (0.0060)
12:57:00: INFO [flashield.py:170 (root)]: 	w48.oracleGeneral.bin-0.001-FIFO-True n_req: 12000000, n_miss: 11422094, miss ratio: 0.9518, disk write 1315621888 + 0 (0.0060)
12:58:36: INFO [flashield.py:170 (root)]: 	w48.oracleGeneral.bin-0.001-FIFO-True n_req: 13000000, n_miss: 12342604, miss ratio: 0.9494, disk write 1315621888 + 0 (0.0060)
13:00:15: INFO [flashield.py:170 (root)]: 	w48.oracleGeneral.bin-0.001-FIFO-True n_req: 14000000, n_miss: 13310426, miss ratio: 0.9507, disk write 1315621888 + 0 (0.0060)
13:00:23: INFO [flashield.py:182 (root)]: 	w48.oracleGeneral.bin-0.001-FIFO-True n_req: 14097008, n_miss: 13384219, miss ratio: 0.9494, disk write 1315621888 + 0 (0.0060)
