23:51:54: INFO [flashield.py:220 (root)]: 	calculating wss for w01.oracleGeneral.bin
23:54:30: INFO [flashield.py:228 (root)]: 	w01.oracleGeneral.bin wss_obj: 122804013, wss_byte: 685952515584
23:54:30: INFO [cache.py:19 (cache)]: 	create Flashield cache with size 68595251558
23:54:30: INFO [cache.py:19 (cache)]: 	create LRU cache with size 6859525155
23:54:30: INFO [cache.py:19 (cache)]: 	create FIFO cache with size 61735726403
23:54:30: INFO [flashield.py:37 (root)]: 	w01.oracleGeneral.bin Training Flashield...
23:54:30: INFO [flashield.py:42 (root)]: 	w01.oracleGeneral.bin Training Flashield: 35303 features 35303 labels ...
23:54:30: INFO [flashield.py:55 (root)]: 	w01.oracleGeneral.bin finish training
23:54:36: INFO [flashield.py:170 (root)]: 	w01.oracleGeneral.bin-0.1-FIFO-True n_req: 1000000, n_miss: 743368, miss ratio: 0.7434, disk write 0 + 0 (0.0000)
23:55:19: INFO [flashield.py:170 (root)]: 	w01.oracleGeneral.bin-0.1-FIFO-True n_req: 2000000, n_miss: 1345376, miss ratio: 0.6727, disk write 0 + 0 (0.0000)
23:55:59: INFO [flashield.py:170 (root)]: 	w01.oracleGeneral.bin-0.1-FIFO-True n_req: 3000000, n_miss: 2137232, miss ratio: 0.7124, disk write 0 + 0 (0.0000)
23:57:07: INFO [flashield.py:170 (root)]: 	w01.oracleGeneral.bin-0.1-FIFO-True n_req: 4000000, n_miss: 2935235, miss ratio: 0.7338, disk write 0 + 0 (0.0000)
23:58:09: INFO [flashield.py:170 (root)]: 	w01.oracleGeneral.bin-0.1-FIFO-True n_req: 5000000, n_miss: 3723175, miss ratio: 0.7446, disk write 0 + 0 (0.0000)
23:59:45: INFO [flashield.py:170 (root)]: 	w01.oracleGeneral.bin-0.1-FIFO-True n_req: 6000000, n_miss: 4516823, miss ratio: 0.7528, disk write 0 + 0 (0.0000)
00:01:28: INFO [flashield.py:170 (root)]: 	w01.oracleGeneral.bin-0.1-FIFO-True n_req: 7000000, n_miss: 5314004, miss ratio: 0.7591, disk write 0 + 0 (0.0000)
00:02:58: INFO [flashield.py:170 (root)]: 	w01.oracleGeneral.bin-0.1-FIFO-True n_req: 8000000, n_miss: 6112172, miss ratio: 0.7640, disk write 0 + 0 (0.0000)
00:04:30: INFO [flashield.py:170 (root)]: 	w01.oracleGeneral.bin-0.1-FIFO-True n_req: 9000000, n_miss: 6900850, miss ratio: 0.7668, disk write 0 + 0 (0.0000)
00:06:10: INFO [flashield.py:170 (root)]: 	w01.oracleGeneral.bin-0.1-FIFO-True n_req: 10000000, n_miss: 7704177, miss ratio: 0.7704, disk write 0 + 0 (0.0000)
00:07:37: INFO [flashield.py:170 (root)]: 	w01.oracleGeneral.bin-0.1-FIFO-True n_req: 11000000, n_miss: 8502177, miss ratio: 0.7729, disk write 0 + 0 (0.0000)
00:09:02: INFO [flashield.py:170 (root)]: 	w01.oracleGeneral.bin-0.1-FIFO-True n_req: 12000000, n_miss: 9264137, miss ratio: 0.7720, disk write 0 + 0 (0.0000)
00:09:47: INFO [flashield.py:170 (root)]: 	w01.oracleGeneral.bin-0.1-FIFO-True n_req: 13000000, n_miss: 10077546, miss ratio: 0.7752, disk write 0 + 0 (0.0000)
00:11:13: INFO [flashield.py:170 (root)]: 	w01.oracleGeneral.bin-0.1-FIFO-True n_req: 14000000, n_miss: 10887265, miss ratio: 0.7777, disk write 0 + 0 (0.0000)
00:12:37: INFO [flashield.py:170 (root)]: 	w01.oracleGeneral.bin-0.1-FIFO-True n_req: 15000000, n_miss: 11684852, miss ratio: 0.7790, disk write 0 + 0 (0.0000)
00:14:05: INFO [flashield.py:170 (root)]: 	w01.oracleGeneral.bin-0.1-FIFO-True n_req: 16000000, n_miss: 12493479, miss ratio: 0.7808, disk write 0 + 0 (0.0000)
00:15:33: INFO [flashield.py:170 (root)]: 	w01.oracleGeneral.bin-0.1-FIFO-True n_req: 17000000, n_miss: 13308594, miss ratio: 0.7829, disk write 0 + 0 (0.0000)
00:17:01: INFO [flashield.py:170 (root)]: 	w01.oracleGeneral.bin-0.1-FIFO-True n_req: 18000000, n_miss: 14114960, miss ratio: 0.7842, disk write 0 + 0 (0.0000)
00:18:32: INFO [flashield.py:170 (root)]: 	w01.oracleGeneral.bin-0.1-FIFO-True n_req: 19000000, n_miss: 14916164, miss ratio: 0.7851, disk write 0 + 0 (0.0000)
00:19:50: INFO [flashield.py:170 (root)]: 	w01.oracleGeneral.bin-0.1-FIFO-True n_req: 20000000, n_miss: 15708125, miss ratio: 0.7854, disk write 0 + 0 (0.0000)
00:21:08: INFO [flashield.py:170 (root)]: 	w01.oracleGeneral.bin-0.1-FIFO-True n_req: 21000000, n_miss: 16509667, miss ratio: 0.7862, disk write 0 + 0 (0.0000)
00:22:21: INFO [flashield.py:170 (root)]: 	w01.oracleGeneral.bin-0.1-FIFO-True n_req: 22000000, n_miss: 17305655, miss ratio: 0.7866, disk write 0 + 0 (0.0000)
00:24:36: INFO [flashield.py:170 (root)]: 	w01.oracleGeneral.bin-0.1-FIFO-True n_req: 23000000, n_miss: 18104713, miss ratio: 0.7872, disk write 0 + 0 (0.0000)
00:26:48: INFO [flashield.py:170 (root)]: 	w01.oracleGeneral.bin-0.1-FIFO-True n_req: 24000000, n_miss: 18914417, miss ratio: 0.7881, disk write 0 + 0 (0.0000)
00:27:47: INFO [flashield.py:170 (root)]: 	w01.oracleGeneral.bin-0.1-FIFO-True n_req: 25000000, n_miss: 19716456, miss ratio: 0.7887, disk write 0 + 0 (0.0000)
00:28:57: INFO [flashield.py:170 (root)]: 	w01.oracleGeneral.bin-0.1-FIFO-True n_req: 26000000, n_miss: 20518339, miss ratio: 0.7892, disk write 0 + 0 (0.0000)
00:30:16: INFO [flashield.py:170 (root)]: 	w01.oracleGeneral.bin-0.1-FIFO-True n_req: 27000000, n_miss: 21323304, miss ratio: 0.7898, disk write 0 + 0 (0.0000)
00:31:28: INFO [flashield.py:170 (root)]: 	w01.oracleGeneral.bin-0.1-FIFO-True n_req: 28000000, n_miss: 22121885, miss ratio: 0.7901, disk write 0 + 0 (0.0000)
00:32:59: INFO [flashield.py:170 (root)]: 	w01.oracleGeneral.bin-0.1-FIFO-True n_req: 29000000, n_miss: 22928887, miss ratio: 0.7907, disk write 0 + 0 (0.0000)
00:34:25: INFO [flashield.py:170 (root)]: 	w01.oracleGeneral.bin-0.1-FIFO-True n_req: 30000000, n_miss: 23732837, miss ratio: 0.7911, disk write 0 + 0 (0.0000)
00:35:49: INFO [flashield.py:170 (root)]: 	w01.oracleGeneral.bin-0.1-FIFO-True n_req: 31000000, n_miss: 24536819, miss ratio: 0.7915, disk write 0 + 0 (0.0000)
00:37:11: INFO [flashield.py:170 (root)]: 	w01.oracleGeneral.bin-0.1-FIFO-True n_req: 32000000, n_miss: 25302091, miss ratio: 0.7907, disk write 0 + 0 (0.0000)
00:38:22: INFO [flashield.py:170 (root)]: 	w01.oracleGeneral.bin-0.1-FIFO-True n_req: 33000000, n_miss: 25968171, miss ratio: 0.7869, disk write 0 + 0 (0.0000)
00:39:41: INFO [flashield.py:170 (root)]: 	w01.oracleGeneral.bin-0.1-FIFO-True n_req: 34000000, n_miss: 26696529, miss ratio: 0.7852, disk write 0 + 0 (0.0000)
00:40:51: INFO [flashield.py:170 (root)]: 	w01.oracleGeneral.bin-0.1-FIFO-True n_req: 35000000, n_miss: 27528555, miss ratio: 0.7865, disk write 0 + 0 (0.0000)
00:42:22: INFO [flashield.py:170 (root)]: 	w01.oracleGeneral.bin-0.1-FIFO-True n_req: 36000000, n_miss: 28389581, miss ratio: 0.7886, disk write 0 + 0 (0.0000)
00:44:05: INFO [flashield.py:170 (root)]: 	w01.oracleGeneral.bin-0.1-FIFO-True n_req: 37000000, n_miss: 29349174, miss ratio: 0.7932, disk write 0 + 0 (0.0000)
00:45:14: INFO [flashield.py:170 (root)]: 	w01.oracleGeneral.bin-0.1-FIFO-True n_req: 38000000, n_miss: 30148547, miss ratio: 0.7934, disk write 0 + 0 (0.0000)
00:46:20: INFO [flashield.py:170 (root)]: 	w01.oracleGeneral.bin-0.1-FIFO-True n_req: 39000000, n_miss: 30916834, miss ratio: 0.7927, disk write 0 + 0 (0.0000)
00:47:06: INFO [flashield.py:170 (root)]: 	w01.oracleGeneral.bin-0.1-FIFO-True n_req: 40000000, n_miss: 31655599, miss ratio: 0.7914, disk write 0 + 0 (0.0000)
00:49:52: INFO [flashield.py:170 (root)]: 	w01.oracleGeneral.bin-0.1-FIFO-True n_req: 41000000, n_miss: 32623913, miss ratio: 0.7957, disk write 0 + 0 (0.0000)
00:51:13: INFO [flashield.py:170 (root)]: 	w01.oracleGeneral.bin-0.1-FIFO-True n_req: 42000000, n_miss: 33607732, miss ratio: 0.8002, disk write 0 + 0 (0.0000)
00:53:07: INFO [flashield.py:170 (root)]: 	w01.oracleGeneral.bin-0.1-FIFO-True n_req: 43000000, n_miss: 34556029, miss ratio: 0.8036, disk write 0 + 0 (0.0000)
00:55:07: INFO [flashield.py:170 (root)]: 	w01.oracleGeneral.bin-0.1-FIFO-True n_req: 44000000, n_miss: 35511614, miss ratio: 0.8071, disk write 0 + 0 (0.0000)
00:57:50: INFO [flashield.py:170 (root)]: 	w01.oracleGeneral.bin-0.1-FIFO-True n_req: 45000000, n_miss: 36480873, miss ratio: 0.8107, disk write 0 + 0 (0.0000)
00:58:26: INFO [flashield.py:170 (root)]: 	w01.oracleGeneral.bin-0.1-FIFO-True n_req: 46000000, n_miss: 37460294, miss ratio: 0.8144, disk write 0 + 0 (0.0000)
00:59:22: INFO [flashield.py:170 (root)]: 	w01.oracleGeneral.bin-0.1-FIFO-True n_req: 47000000, n_miss: 38433294, miss ratio: 0.8177, disk write 0 + 0 (0.0000)
01:01:12: INFO [flashield.py:170 (root)]: 	w01.oracleGeneral.bin-0.1-FIFO-True n_req: 48000000, n_miss: 39406857, miss ratio: 0.8210, disk write 0 + 0 (0.0000)
01:03:19: INFO [flashield.py:170 (root)]: 	w01.oracleGeneral.bin-0.1-FIFO-True n_req: 49000000, n_miss: 40386130, miss ratio: 0.8242, disk write 0 + 0 (0.0000)
01:04:43: INFO [flashield.py:170 (root)]: 	w01.oracleGeneral.bin-0.1-FIFO-True n_req: 50000000, n_miss: 41366095, miss ratio: 0.8273, disk write 0 + 0 (0.0000)
01:06:00: INFO [flashield.py:170 (root)]: 	w01.oracleGeneral.bin-0.1-FIFO-True n_req: 51000000, n_miss: 42304241, miss ratio: 0.8295, disk write 0 + 0 (0.0000)
01:08:40: INFO [flashield.py:170 (root)]: 	w01.oracleGeneral.bin-0.1-FIFO-True n_req: 52000000, n_miss: 43286990, miss ratio: 0.8324, disk write 0 + 0 (0.0000)
01:10:03: INFO [flashield.py:170 (root)]: 	w01.oracleGeneral.bin-0.1-FIFO-True n_req: 53000000, n_miss: 44233837, miss ratio: 0.8346, disk write 0 + 0 (0.0000)
01:11:02: INFO [flashield.py:170 (root)]: 	w01.oracleGeneral.bin-0.1-FIFO-True n_req: 54000000, n_miss: 45071552, miss ratio: 0.8347, disk write 0 + 0 (0.0000)
01:12:17: INFO [flashield.py:170 (root)]: 	w01.oracleGeneral.bin-0.1-FIFO-True n_req: 55000000, n_miss: 45917501, miss ratio: 0.8349, disk write 0 + 0 (0.0000)
01:13:49: INFO [flashield.py:170 (root)]: 	w01.oracleGeneral.bin-0.1-FIFO-True n_req: 56000000, n_miss: 46802786, miss ratio: 0.8358, disk write 0 + 0 (0.0000)
01:15:37: INFO [flashield.py:170 (root)]: 	w01.oracleGeneral.bin-0.1-FIFO-True n_req: 57000000, n_miss: 47690634, miss ratio: 0.8367, disk write 0 + 0 (0.0000)
01:17:08: INFO [flashield.py:170 (root)]: 	w01.oracleGeneral.bin-0.1-FIFO-True n_req: 58000000, n_miss: 48580260, miss ratio: 0.8376, disk write 0 + 0 (0.0000)
01:18:36: INFO [flashield.py:170 (root)]: 	w01.oracleGeneral.bin-0.1-FIFO-True n_req: 59000000, n_miss: 49458167, miss ratio: 0.8383, disk write 0 + 0 (0.0000)
01:19:52: INFO [flashield.py:170 (root)]: 	w01.oracleGeneral.bin-0.1-FIFO-True n_req: 60000000, n_miss: 50234946, miss ratio: 0.8372, disk write 0 + 0 (0.0000)
01:22:55: INFO [flashield.py:170 (root)]: 	w01.oracleGeneral.bin-0.1-FIFO-True n_req: 61000000, n_miss: 51016903, miss ratio: 0.8363, disk write 0 + 0 (0.0000)
01:24:46: INFO [flashield.py:170 (root)]: 	w01.oracleGeneral.bin-0.1-FIFO-True n_req: 62000000, n_miss: 51855752, miss ratio: 0.8364, disk write 0 + 0 (0.0000)
01:25:56: INFO [flashield.py:170 (root)]: 	w01.oracleGeneral.bin-0.1-FIFO-True n_req: 63000000, n_miss: 52679780, miss ratio: 0.8362, disk write 0 + 0 (0.0000)
01:27:33: INFO [flashield.py:170 (root)]: 	w01.oracleGeneral.bin-0.1-FIFO-True n_req: 64000000, n_miss: 53337231, miss ratio: 0.8334, disk write 0 + 0 (0.0000)
01:28:17: INFO [flashield.py:170 (root)]: 	w01.oracleGeneral.bin-0.1-FIFO-True n_req: 65000000, n_miss: 54138090, miss ratio: 0.8329, disk write 0 + 0 (0.0000)
01:29:48: INFO [flashield.py:170 (root)]: 	w01.oracleGeneral.bin-0.1-FIFO-True n_req: 66000000, n_miss: 54966714, miss ratio: 0.8328, disk write 0 + 0 (0.0000)
01:31:35: INFO [flashield.py:170 (root)]: 	w01.oracleGeneral.bin-0.1-FIFO-True n_req: 67000000, n_miss: 55832116, miss ratio: 0.8333, disk write 0 + 0 (0.0000)
01:33:23: INFO [flashield.py:170 (root)]: 	w01.oracleGeneral.bin-0.1-FIFO-True n_req: 68000000, n_miss: 56640212, miss ratio: 0.8329, disk write 0 + 0 (0.0000)
01:33:57: INFO [flashield.py:170 (root)]: 	w01.oracleGeneral.bin-0.1-FIFO-True n_req: 69000000, n_miss: 57490842, miss ratio: 0.8332, disk write 0 + 0 (0.0000)
01:35:34: INFO [flashield.py:170 (root)]: 	w01.oracleGeneral.bin-0.1-FIFO-True n_req: 70000000, n_miss: 58360467, miss ratio: 0.8337, disk write 0 + 0 (0.0000)
01:36:24: INFO [flashield.py:170 (root)]: 	w01.oracleGeneral.bin-0.1-FIFO-True n_req: 71000000, n_miss: 59221408, miss ratio: 0.8341, disk write 0 + 0 (0.0000)
01:38:47: INFO [flashield.py:170 (root)]: 	w01.oracleGeneral.bin-0.1-FIFO-True n_req: 72000000, n_miss: 60064563, miss ratio: 0.8342, disk write 0 + 0 (0.0000)
01:40:12: INFO [flashield.py:170 (root)]: 	w01.oracleGeneral.bin-0.1-FIFO-True n_req: 73000000, n_miss: 60942007, miss ratio: 0.8348, disk write 0 + 0 (0.0000)
01:41:07: INFO [flashield.py:170 (root)]: 	w01.oracleGeneral.bin-0.1-FIFO-True n_req: 74000000, n_miss: 61719110, miss ratio: 0.8340, disk write 0 + 0 (0.0000)
01:41:58: INFO [flashield.py:170 (root)]: 	w01.oracleGeneral.bin-0.1-FIFO-True n_req: 75000000, n_miss: 62489515, miss ratio: 0.8332, disk write 0 + 0 (0.0000)
01:42:52: INFO [flashield.py:170 (root)]: 	w01.oracleGeneral.bin-0.1-FIFO-True n_req: 76000000, n_miss: 63229490, miss ratio: 0.8320, disk write 0 + 0 (0.0000)
01:45:27: INFO [flashield.py:170 (root)]: 	w01.oracleGeneral.bin-0.1-FIFO-True n_req: 77000000, n_miss: 64004168, miss ratio: 0.8312, disk write 0 + 0 (0.0000)
01:47:03: INFO [flashield.py:170 (root)]: 	w01.oracleGeneral.bin-0.1-FIFO-True n_req: 78000000, n_miss: 64841132, miss ratio: 0.8313, disk write 0 + 0 (0.0000)
01:48:53: INFO [flashield.py:170 (root)]: 	w01.oracleGeneral.bin-0.1-FIFO-True n_req: 79000000, n_miss: 65714750, miss ratio: 0.8318, disk write 0 + 0 (0.0000)
01:50:11: INFO [flashield.py:170 (root)]: 	w01.oracleGeneral.bin-0.1-FIFO-True n_req: 80000000, n_miss: 66583064, miss ratio: 0.8323, disk write 0 + 0 (0.0000)
01:51:40: INFO [flashield.py:170 (root)]: 	w01.oracleGeneral.bin-0.1-FIFO-True n_req: 81000000, n_miss: 67467153, miss ratio: 0.8329, disk write 0 + 0 (0.0000)
01:53:06: INFO [flashield.py:170 (root)]: 	w01.oracleGeneral.bin-0.1-FIFO-True n_req: 82000000, n_miss: 68286233, miss ratio: 0.8328, disk write 0 + 0 (0.0000)
01:54:23: INFO [flashield.py:170 (root)]: 	w01.oracleGeneral.bin-0.1-FIFO-True n_req: 83000000, n_miss: 69126693, miss ratio: 0.8329, disk write 0 + 0 (0.0000)
01:55:43: INFO [flashield.py:170 (root)]: 	w01.oracleGeneral.bin-0.1-FIFO-True n_req: 84000000, n_miss: 69977726, miss ratio: 0.8331, disk write 0 + 0 (0.0000)
01:56:51: INFO [flashield.py:170 (root)]: 	w01.oracleGeneral.bin-0.1-FIFO-True n_req: 85000000, n_miss: 70761666, miss ratio: 0.8325, disk write 0 + 0 (0.0000)
01:57:40: INFO [flashield.py:170 (root)]: 	w01.oracleGeneral.bin-0.1-FIFO-True n_req: 86000000, n_miss: 71427659, miss ratio: 0.8306, disk write 0 + 0 (0.0000)
01:58:33: INFO [flashield.py:170 (root)]: 	w01.oracleGeneral.bin-0.1-FIFO-True n_req: 87000000, n_miss: 72074362, miss ratio: 0.8284, disk write 0 + 0 (0.0000)
01:59:46: INFO [flashield.py:170 (root)]: 	w01.oracleGeneral.bin-0.1-FIFO-True n_req: 88000000, n_miss: 72684291, miss ratio: 0.8260, disk write 0 + 0 (0.0000)
02:01:30: INFO [flashield.py:170 (root)]: 	w01.oracleGeneral.bin-0.1-FIFO-True n_req: 89000000, n_miss: 73455307, miss ratio: 0.8253, disk write 0 + 0 (0.0000)
02:02:31: INFO [flashield.py:170 (root)]: 	w01.oracleGeneral.bin-0.1-FIFO-True n_req: 90000000, n_miss: 74072994, miss ratio: 0.8230, disk write 0 + 0 (0.0000)
02:03:38: INFO [flashield.py:170 (root)]: 	w01.oracleGeneral.bin-0.1-FIFO-True n_req: 91000000, n_miss: 74812688, miss ratio: 0.8221, disk write 0 + 0 (0.0000)
02:05:06: INFO [flashield.py:170 (root)]: 	w01.oracleGeneral.bin-0.1-FIFO-True n_req: 92000000, n_miss: 75559715, miss ratio: 0.8213, disk write 0 + 0 (0.0000)
02:06:20: INFO [flashield.py:170 (root)]: 	w01.oracleGeneral.bin-0.1-FIFO-True n_req: 93000000, n_miss: 76254855, miss ratio: 0.8199, disk write 0 + 0 (0.0000)
02:08:28: INFO [flashield.py:170 (root)]: 	w01.oracleGeneral.bin-0.1-FIFO-True n_req: 94000000, n_miss: 77076478, miss ratio: 0.8200, disk write 0 + 0 (0.0000)
02:10:16: INFO [flashield.py:170 (root)]: 	w01.oracleGeneral.bin-0.1-FIFO-True n_req: 95000000, n_miss: 77881579, miss ratio: 0.8198, disk write 0 + 0 (0.0000)
02:11:18: INFO [flashield.py:170 (root)]: 	w01.oracleGeneral.bin-0.1-FIFO-True n_req: 96000000, n_miss: 78605411, miss ratio: 0.8188, disk write 0 + 0 (0.0000)
02:12:38: INFO [flashield.py:170 (root)]: 	w01.oracleGeneral.bin-0.1-FIFO-True n_req: 97000000, n_miss: 79449912, miss ratio: 0.8191, disk write 0 + 0 (0.0000)
02:14:13: INFO [flashield.py:170 (root)]: 	w01.oracleGeneral.bin-0.1-FIFO-True n_req: 98000000, n_miss: 80299521, miss ratio: 0.8194, disk write 0 + 0 (0.0000)
02:15:54: INFO [flashield.py:170 (root)]: 	w01.oracleGeneral.bin-0.1-FIFO-True n_req: 99000000, n_miss: 81110190, miss ratio: 0.8193, disk write 0 + 0 (0.0000)
02:17:09: INFO [flashield.py:170 (root)]: 	w01.oracleGeneral.bin-0.1-FIFO-True n_req: 100000000, n_miss: 81978925, miss ratio: 0.8198, disk write 0 + 0 (0.0000)
02:18:53: INFO [flashield.py:170 (root)]: 	w01.oracleGeneral.bin-0.1-FIFO-True n_req: 101000000, n_miss: 82942999, miss ratio: 0.8212, disk write 0 + 0 (0.0000)
02:20:49: INFO [flashield.py:170 (root)]: 	w01.oracleGeneral.bin-0.1-FIFO-True n_req: 102000000, n_miss: 83924391, miss ratio: 0.8228, disk write 0 + 0 (0.0000)
02:22:13: INFO [flashield.py:170 (root)]: 	w01.oracleGeneral.bin-0.1-FIFO-True n_req: 103000000, n_miss: 84904907, miss ratio: 0.8243, disk write 0 + 0 (0.0000)
02:23:59: INFO [flashield.py:170 (root)]: 	w01.oracleGeneral.bin-0.1-FIFO-True n_req: 104000000, n_miss: 85872751, miss ratio: 0.8257, disk write 0 + 0 (0.0000)
02:25:42: INFO [flashield.py:170 (root)]: 	w01.oracleGeneral.bin-0.1-FIFO-True n_req: 105000000, n_miss: 86832748, miss ratio: 0.8270, disk write 0 + 0 (0.0000)
02:27:22: INFO [flashield.py:170 (root)]: 	w01.oracleGeneral.bin-0.1-FIFO-True n_req: 106000000, n_miss: 87753304, miss ratio: 0.8279, disk write 0 + 0 (0.0000)
02:29:29: INFO [flashield.py:170 (root)]: 	w01.oracleGeneral.bin-0.1-FIFO-True n_req: 107000000, n_miss: 88678850, miss ratio: 0.8288, disk write 0 + 0 (0.0000)
02:30:45: INFO [flashield.py:170 (root)]: 	w01.oracleGeneral.bin-0.1-FIFO-True n_req: 108000000, n_miss: 89635616, miss ratio: 0.8300, disk write 0 + 0 (0.0000)
02:31:59: INFO [flashield.py:170 (root)]: 	w01.oracleGeneral.bin-0.1-FIFO-True n_req: 109000000, n_miss: 90516746, miss ratio: 0.8304, disk write 0 + 0 (0.0000)
02:33:27: INFO [flashield.py:170 (root)]: 	w01.oracleGeneral.bin-0.1-FIFO-True n_req: 110000000, n_miss: 91359006, miss ratio: 0.8305, disk write 0 + 0 (0.0000)
02:34:40: INFO [flashield.py:170 (root)]: 	w01.oracleGeneral.bin-0.1-FIFO-True n_req: 111000000, n_miss: 92066406, miss ratio: 0.8294, disk write 0 + 0 (0.0000)
02:36:20: INFO [flashield.py:170 (root)]: 	w01.oracleGeneral.bin-0.1-FIFO-True n_req: 112000000, n_miss: 92814803, miss ratio: 0.8287, disk write 0 + 0 (0.0000)
02:38:29: INFO [flashield.py:170 (root)]: 	w01.oracleGeneral.bin-0.1-FIFO-True n_req: 113000000, n_miss: 93739140, miss ratio: 0.8295, disk write 0 + 0 (0.0000)
02:39:51: INFO [flashield.py:170 (root)]: 	w01.oracleGeneral.bin-0.1-FIFO-True n_req: 114000000, n_miss: 94730423, miss ratio: 0.8310, disk write 0 + 0 (0.0000)
02:41:15: INFO [flashield.py:170 (root)]: 	w01.oracleGeneral.bin-0.1-FIFO-True n_req: 115000000, n_miss: 95642522, miss ratio: 0.8317, disk write 0 + 0 (0.0000)
02:42:26: INFO [flashield.py:170 (root)]: 	w01.oracleGeneral.bin-0.1-FIFO-True n_req: 116000000, n_miss: 96403696, miss ratio: 0.8311, disk write 0 + 0 (0.0000)
02:43:41: INFO [flashield.py:170 (root)]: 	w01.oracleGeneral.bin-0.1-FIFO-True n_req: 117000000, n_miss: 97203315, miss ratio: 0.8308, disk write 0 + 0 (0.0000)
02:45:06: INFO [flashield.py:170 (root)]: 	w01.oracleGeneral.bin-0.1-FIFO-True n_req: 118000000, n_miss: 97969957, miss ratio: 0.8303, disk write 0 + 0 (0.0000)
02:47:32: INFO [flashield.py:170 (root)]: 	w01.oracleGeneral.bin-0.1-FIFO-True n_req: 119000000, n_miss: 98884932, miss ratio: 0.8310, disk write 0 + 0 (0.0000)
02:49:13: INFO [flashield.py:170 (root)]: 	w01.oracleGeneral.bin-0.1-FIFO-True n_req: 120000000, n_miss: 99780861, miss ratio: 0.8315, disk write 0 + 0 (0.0000)
02:51:22: INFO [flashield.py:170 (root)]: 	w01.oracleGeneral.bin-0.1-FIFO-True n_req: 121000000, n_miss: 100653783, miss ratio: 0.8318, disk write 0 + 0 (0.0000)
02:52:17: INFO [flashield.py:170 (root)]: 	w01.oracleGeneral.bin-0.1-FIFO-True n_req: 122000000, n_miss: 101517314, miss ratio: 0.8321, disk write 0 + 0 (0.0000)
02:53:23: INFO [flashield.py:170 (root)]: 	w01.oracleGeneral.bin-0.1-FIFO-True n_req: 123000000, n_miss: 102379145, miss ratio: 0.8324, disk write 0 + 0 (0.0000)
02:54:54: INFO [flashield.py:170 (root)]: 	w01.oracleGeneral.bin-0.1-FIFO-True n_req: 124000000, n_miss: 103210548, miss ratio: 0.8323, disk write 0 + 0 (0.0000)
02:56:45: INFO [flashield.py:170 (root)]: 	w01.oracleGeneral.bin-0.1-FIFO-True n_req: 125000000, n_miss: 104105463, miss ratio: 0.8328, disk write 0 + 0 (0.0000)
02:58:29: INFO [flashield.py:170 (root)]: 	w01.oracleGeneral.bin-0.1-FIFO-True n_req: 126000000, n_miss: 104963849, miss ratio: 0.8330, disk write 0 + 0 (0.0000)
02:59:35: INFO [flashield.py:170 (root)]: 	w01.oracleGeneral.bin-0.1-FIFO-True n_req: 127000000, n_miss: 105835306, miss ratio: 0.8333, disk write 0 + 0 (0.0000)
03:01:20: INFO [flashield.py:170 (root)]: 	w01.oracleGeneral.bin-0.1-FIFO-True n_req: 128000000, n_miss: 106762681, miss ratio: 0.8341, disk write 0 + 0 (0.0000)
03:03:22: INFO [flashield.py:170 (root)]: 	w01.oracleGeneral.bin-0.1-FIFO-True n_req: 129000000, n_miss: 107745149, miss ratio: 0.8352, disk write 0 + 0 (0.0000)
03:04:28: INFO [flashield.py:170 (root)]: 	w01.oracleGeneral.bin-0.1-FIFO-True n_req: 130000000, n_miss: 108718244, miss ratio: 0.8363, disk write 0 + 0 (0.0000)
03:06:08: INFO [flashield.py:170 (root)]: 	w01.oracleGeneral.bin-0.1-FIFO-True n_req: 131000000, n_miss: 109676051, miss ratio: 0.8372, disk write 0 + 0 (0.0000)
03:07:47: INFO [flashield.py:170 (root)]: 	w01.oracleGeneral.bin-0.1-FIFO-True n_req: 132000000, n_miss: 110647190, miss ratio: 0.8382, disk write 0 + 0 (0.0000)
03:09:55: INFO [flashield.py:170 (root)]: 	w01.oracleGeneral.bin-0.1-FIFO-True n_req: 133000000, n_miss: 111601189, miss ratio: 0.8391, disk write 0 + 0 (0.0000)
03:11:35: INFO [flashield.py:170 (root)]: 	w01.oracleGeneral.bin-0.1-FIFO-True n_req: 134000000, n_miss: 112538012, miss ratio: 0.8398, disk write 0 + 0 (0.0000)
03:13:04: INFO [flashield.py:170 (root)]: 	w01.oracleGeneral.bin-0.1-FIFO-True n_req: 135000000, n_miss: 113463077, miss ratio: 0.8405, disk write 0 + 0 (0.0000)
03:14:20: INFO [flashield.py:170 (root)]: 	w01.oracleGeneral.bin-0.1-FIFO-True n_req: 136000000, n_miss: 114356450, miss ratio: 0.8409, disk write 0 + 0 (0.0000)
03:15:37: INFO [flashield.py:170 (root)]: 	w01.oracleGeneral.bin-0.1-FIFO-True n_req: 137000000, n_miss: 115275599, miss ratio: 0.8414, disk write 0 + 0 (0.0000)
03:17:09: INFO [flashield.py:170 (root)]: 	w01.oracleGeneral.bin-0.1-FIFO-True n_req: 138000000, n_miss: 116170771, miss ratio: 0.8418, disk write 0 + 0 (0.0000)
03:18:48: INFO [flashield.py:170 (root)]: 	w01.oracleGeneral.bin-0.1-FIFO-True n_req: 139000000, n_miss: 117097478, miss ratio: 0.8424, disk write 0 + 0 (0.0000)
03:20:09: INFO [flashield.py:170 (root)]: 	w01.oracleGeneral.bin-0.1-FIFO-True n_req: 140000000, n_miss: 117948721, miss ratio: 0.8425, disk write 0 + 0 (0.0000)
03:21:50: INFO [flashield.py:170 (root)]: 	w01.oracleGeneral.bin-0.1-FIFO-True n_req: 141000000, n_miss: 118806928, miss ratio: 0.8426, disk write 0 + 0 (0.0000)
03:23:26: INFO [flashield.py:170 (root)]: 	w01.oracleGeneral.bin-0.1-FIFO-True n_req: 142000000, n_miss: 119649077, miss ratio: 0.8426, disk write 0 + 0 (0.0000)
03:25:03: INFO [flashield.py:170 (root)]: 	w01.oracleGeneral.bin-0.1-FIFO-True n_req: 143000000, n_miss: 120522880, miss ratio: 0.8428, disk write 0 + 0 (0.0000)
03:26:54: INFO [flashield.py:170 (root)]: 	w01.oracleGeneral.bin-0.1-FIFO-True n_req: 144000000, n_miss: 121370628, miss ratio: 0.8429, disk write 0 + 0 (0.0000)
03:28:18: INFO [flashield.py:170 (root)]: 	w01.oracleGeneral.bin-0.1-FIFO-True n_req: 145000000, n_miss: 122241918, miss ratio: 0.8430, disk write 0 + 0 (0.0000)
03:29:37: INFO [flashield.py:170 (root)]: 	w01.oracleGeneral.bin-0.1-FIFO-True n_req: 146000000, n_miss: 123119306, miss ratio: 0.8433, disk write 0 + 0 (0.0000)
03:31:08: INFO [flashield.py:170 (root)]: 	w01.oracleGeneral.bin-0.1-FIFO-True n_req: 147000000, n_miss: 123977716, miss ratio: 0.8434, disk write 0 + 0 (0.0000)
03:33:53: INFO [flashield.py:170 (root)]: 	w01.oracleGeneral.bin-0.1-FIFO-True n_req: 148000000, n_miss: 124853808, miss ratio: 0.8436, disk write 0 + 0 (0.0000)
03:34:45: INFO [flashield.py:170 (root)]: 	w01.oracleGeneral.bin-0.1-FIFO-True n_req: 149000000, n_miss: 125725155, miss ratio: 0.8438, disk write 0 + 0 (0.0000)
03:35:27: INFO [flashield.py:170 (root)]: 	w01.oracleGeneral.bin-0.1-FIFO-True n_req: 150000000, n_miss: 126601860, miss ratio: 0.8440, disk write 0 + 0 (0.0000)
03:37:01: INFO [flashield.py:170 (root)]: 	w01.oracleGeneral.bin-0.1-FIFO-True n_req: 151000000, n_miss: 127457185, miss ratio: 0.8441, disk write 0 + 0 (0.0000)
03:38:30: INFO [flashield.py:170 (root)]: 	w01.oracleGeneral.bin-0.1-FIFO-True n_req: 152000000, n_miss: 128310470, miss ratio: 0.8441, disk write 0 + 0 (0.0000)
03:40:04: INFO [flashield.py:170 (root)]: 	w01.oracleGeneral.bin-0.1-FIFO-True n_req: 153000000, n_miss: 129176487, miss ratio: 0.8443, disk write 0 + 0 (0.0000)
03:42:02: INFO [flashield.py:170 (root)]: 	w01.oracleGeneral.bin-0.1-FIFO-True n_req: 154000000, n_miss: 129996233, miss ratio: 0.8441, disk write 0 + 0 (0.0000)
03:43:33: INFO [flashield.py:170 (root)]: 	w01.oracleGeneral.bin-0.1-FIFO-True n_req: 155000000, n_miss: 130841566, miss ratio: 0.8441, disk write 0 + 0 (0.0000)
03:44:29: INFO [flashield.py:170 (root)]: 	w01.oracleGeneral.bin-0.1-FIFO-True n_req: 156000000, n_miss: 131683117, miss ratio: 0.8441, disk write 0 + 0 (0.0000)
03:46:01: INFO [flashield.py:170 (root)]: 	w01.oracleGeneral.bin-0.1-FIFO-True n_req: 157000000, n_miss: 132535383, miss ratio: 0.8442, disk write 0 + 0 (0.0000)
03:47:49: INFO [flashield.py:170 (root)]: 	w01.oracleGeneral.bin-0.1-FIFO-True n_req: 158000000, n_miss: 133423259, miss ratio: 0.8445, disk write 0 + 0 (0.0000)
03:49:40: INFO [flashield.py:170 (root)]: 	w01.oracleGeneral.bin-0.1-FIFO-True n_req: 159000000, n_miss: 134347829, miss ratio: 0.8450, disk write 0 + 0 (0.0000)
03:51:27: INFO [flashield.py:170 (root)]: 	w01.oracleGeneral.bin-0.1-FIFO-True n_req: 160000000, n_miss: 135296294, miss ratio: 0.8456, disk write 0 + 0 (0.0000)
03:53:35: INFO [flashield.py:170 (root)]: 	w01.oracleGeneral.bin-0.1-FIFO-True n_req: 161000000, n_miss: 136211920, miss ratio: 0.8460, disk write 0 + 0 (0.0000)
03:55:03: INFO [flashield.py:170 (root)]: 	w01.oracleGeneral.bin-0.1-FIFO-True n_req: 162000000, n_miss: 137173663, miss ratio: 0.8468, disk write 0 + 0 (0.0000)
03:56:09: INFO [flashield.py:170 (root)]: 	w01.oracleGeneral.bin-0.1-FIFO-True n_req: 163000000, n_miss: 138082769, miss ratio: 0.8471, disk write 0 + 0 (0.0000)
03:57:32: INFO [flashield.py:170 (root)]: 	w01.oracleGeneral.bin-0.1-FIFO-True n_req: 164000000, n_miss: 138980383, miss ratio: 0.8474, disk write 0 + 0 (0.0000)
03:59:55: INFO [flashield.py:170 (root)]: 	w01.oracleGeneral.bin-0.1-FIFO-True n_req: 165000000, n_miss: 139885157, miss ratio: 0.8478, disk write 0 + 0 (0.0000)
04:01:40: INFO [flashield.py:170 (root)]: 	w01.oracleGeneral.bin-0.1-FIFO-True n_req: 166000000, n_miss: 140787642, miss ratio: 0.8481, disk write 0 + 0 (0.0000)
04:03:04: INFO [flashield.py:170 (root)]: 	w01.oracleGeneral.bin-0.1-FIFO-True n_req: 167000000, n_miss: 141714520, miss ratio: 0.8486, disk write 0 + 0 (0.0000)
04:04:35: INFO [flashield.py:170 (root)]: 	w01.oracleGeneral.bin-0.1-FIFO-True n_req: 168000000, n_miss: 142635560, miss ratio: 0.8490, disk write 0 + 0 (0.0000)
04:06:05: INFO [flashield.py:170 (root)]: 	w01.oracleGeneral.bin-0.1-FIFO-True n_req: 169000000, n_miss: 143576162, miss ratio: 0.8496, disk write 0 + 0 (0.0000)
04:07:37: INFO [flashield.py:170 (root)]: 	w01.oracleGeneral.bin-0.1-FIFO-True n_req: 170000000, n_miss: 144518293, miss ratio: 0.8501, disk write 0 + 0 (0.0000)
04:09:49: INFO [flashield.py:170 (root)]: 	w01.oracleGeneral.bin-0.1-FIFO-True n_req: 171000000, n_miss: 145466880, miss ratio: 0.8507, disk write 0 + 0 (0.0000)
04:11:43: INFO [flashield.py:170 (root)]: 	w01.oracleGeneral.bin-0.1-FIFO-True n_req: 172000000, n_miss: 146397179, miss ratio: 0.8511, disk write 0 + 0 (0.0000)
04:12:49: INFO [flashield.py:170 (root)]: 	w01.oracleGeneral.bin-0.1-FIFO-True n_req: 173000000, n_miss: 147156485, miss ratio: 0.8506, disk write 0 + 0 (0.0000)
04:14:13: INFO [flashield.py:170 (root)]: 	w01.oracleGeneral.bin-0.1-FIFO-True n_req: 174000000, n_miss: 147993913, miss ratio: 0.8505, disk write 0 + 0 (0.0000)
04:15:41: INFO [flashield.py:170 (root)]: 	w01.oracleGeneral.bin-0.1-FIFO-True n_req: 175000000, n_miss: 148712464, miss ratio: 0.8498, disk write 0 + 0 (0.0000)
04:17:36: INFO [flashield.py:170 (root)]: 	w01.oracleGeneral.bin-0.1-FIFO-True n_req: 176000000, n_miss: 149488997, miss ratio: 0.8494, disk write 0 + 0 (0.0000)
04:18:25: INFO [flashield.py:170 (root)]: 	w01.oracleGeneral.bin-0.1-FIFO-True n_req: 177000000, n_miss: 150208415, miss ratio: 0.8486, disk write 0 + 0 (0.0000)
04:19:33: INFO [flashield.py:170 (root)]: 	w01.oracleGeneral.bin-0.1-FIFO-True n_req: 178000000, n_miss: 150950463, miss ratio: 0.8480, disk write 0 + 0 (0.0000)
04:19:57: INFO [flashield.py:170 (root)]: 	w01.oracleGeneral.bin-0.1-FIFO-True n_req: 179000000, n_miss: 151492002, miss ratio: 0.8463, disk write 0 + 0 (0.0000)
04:21:05: INFO [flashield.py:170 (root)]: 	w01.oracleGeneral.bin-0.1-FIFO-True n_req: 180000000, n_miss: 152161171, miss ratio: 0.8453, disk write 0 + 0 (0.0000)
04:22:23: INFO [flashield.py:170 (root)]: 	w01.oracleGeneral.bin-0.1-FIFO-True n_req: 181000000, n_miss: 152864164, miss ratio: 0.8446, disk write 0 + 0 (0.0000)
04:23:10: INFO [flashield.py:170 (root)]: 	w01.oracleGeneral.bin-0.1-FIFO-True n_req: 182000000, n_miss: 153535019, miss ratio: 0.8436, disk write 0 + 0 (0.0000)
04:24:36: INFO [flashield.py:170 (root)]: 	w01.oracleGeneral.bin-0.1-FIFO-True n_req: 183000000, n_miss: 154254019, miss ratio: 0.8429, disk write 0 + 0 (0.0000)
04:26:07: INFO [flashield.py:170 (root)]: 	w01.oracleGeneral.bin-0.1-FIFO-True n_req: 184000000, n_miss: 154991612, miss ratio: 0.8423, disk write 0 + 0 (0.0000)
04:27:44: INFO [flashield.py:170 (root)]: 	w01.oracleGeneral.bin-0.1-FIFO-True n_req: 185000000, n_miss: 155535415, miss ratio: 0.8407, disk write 0 + 0 (0.0000)
04:28:47: INFO [flashield.py:170 (root)]: 	w01.oracleGeneral.bin-0.1-FIFO-True n_req: 186000000, n_miss: 156211564, miss ratio: 0.8398, disk write 0 + 0 (0.0000)
04:29:42: INFO [flashield.py:170 (root)]: 	w01.oracleGeneral.bin-0.1-FIFO-True n_req: 187000000, n_miss: 156902012, miss ratio: 0.8390, disk write 0 + 0 (0.0000)
04:30:30: INFO [flashield.py:170 (root)]: 	w01.oracleGeneral.bin-0.1-FIFO-True n_req: 188000000, n_miss: 157583181, miss ratio: 0.8382, disk write 0 + 0 (0.0000)
04:31:44: INFO [flashield.py:170 (root)]: 	w01.oracleGeneral.bin-0.1-FIFO-True n_req: 189000000, n_miss: 158257983, miss ratio: 0.8373, disk write 0 + 0 (0.0000)
04:32:51: INFO [flashield.py:170 (root)]: 	w01.oracleGeneral.bin-0.1-FIFO-True n_req: 190000000, n_miss: 158785023, miss ratio: 0.8357, disk write 0 + 0 (0.0000)
04:34:17: INFO [flashield.py:170 (root)]: 	w01.oracleGeneral.bin-0.1-FIFO-True n_req: 191000000, n_miss: 159508312, miss ratio: 0.8351, disk write 0 + 0 (0.0000)
04:35:40: INFO [flashield.py:170 (root)]: 	w01.oracleGeneral.bin-0.1-FIFO-True n_req: 192000000, n_miss: 160218112, miss ratio: 0.8345, disk write 0 + 0 (0.0000)
04:37:20: INFO [flashield.py:170 (root)]: 	w01.oracleGeneral.bin-0.1-FIFO-True n_req: 193000000, n_miss: 161010894, miss ratio: 0.8343, disk write 0 + 0 (0.0000)
04:38:54: INFO [flashield.py:170 (root)]: 	w01.oracleGeneral.bin-0.1-FIFO-True n_req: 194000000, n_miss: 161729294, miss ratio: 0.8337, disk write 0 + 0 (0.0000)
04:39:57: INFO [flashield.py:170 (root)]: 	w01.oracleGeneral.bin-0.1-FIFO-True n_req: 195000000, n_miss: 162490829, miss ratio: 0.8333, disk write 0 + 0 (0.0000)
04:40:50: INFO [flashield.py:170 (root)]: 	w01.oracleGeneral.bin-0.1-FIFO-True n_req: 196000000, n_miss: 163194752, miss ratio: 0.8326, disk write 0 + 0 (0.0000)
04:41:59: INFO [flashield.py:170 (root)]: 	w01.oracleGeneral.bin-0.1-FIFO-True n_req: 197000000, n_miss: 163968051, miss ratio: 0.8323, disk write 0 + 0 (0.0000)
04:43:21: INFO [flashield.py:170 (root)]: 	w01.oracleGeneral.bin-0.1-FIFO-True n_req: 198000000, n_miss: 164701636, miss ratio: 0.8318, disk write 0 + 0 (0.0000)
04:45:14: INFO [flashield.py:170 (root)]: 	w01.oracleGeneral.bin-0.1-FIFO-True n_req: 199000000, n_miss: 165496353, miss ratio: 0.8316, disk write 0 + 0 (0.0000)
04:47:18: INFO [flashield.py:170 (root)]: 	w01.oracleGeneral.bin-0.1-FIFO-True n_req: 200000000, n_miss: 166398122, miss ratio: 0.8320, disk write 0 + 0 (0.0000)
04:48:38: INFO [flashield.py:170 (root)]: 	w01.oracleGeneral.bin-0.1-FIFO-True n_req: 201000000, n_miss: 167267789, miss ratio: 0.8322, disk write 0 + 0 (0.0000)
04:49:37: INFO [flashield.py:170 (root)]: 	w01.oracleGeneral.bin-0.1-FIFO-True n_req: 202000000, n_miss: 168133964, miss ratio: 0.8323, disk write 0 + 0 (0.0000)
04:50:41: INFO [flashield.py:170 (root)]: 	w01.oracleGeneral.bin-0.1-FIFO-True n_req: 203000000, n_miss: 169004519, miss ratio: 0.8325, disk write 0 + 0 (0.0000)
04:51:56: INFO [flashield.py:170 (root)]: 	w01.oracleGeneral.bin-0.1-FIFO-True n_req: 204000000, n_miss: 169905344, miss ratio: 0.8329, disk write 0 + 0 (0.0000)
04:54:16: INFO [flashield.py:170 (root)]: 	w01.oracleGeneral.bin-0.1-FIFO-True n_req: 205000000, n_miss: 170830842, miss ratio: 0.8333, disk write 0 + 0 (0.0000)
04:56:07: INFO [flashield.py:170 (root)]: 	w01.oracleGeneral.bin-0.1-FIFO-True n_req: 206000000, n_miss: 171570213, miss ratio: 0.8329, disk write 0 + 0 (0.0000)
04:58:21: INFO [flashield.py:170 (root)]: 	w01.oracleGeneral.bin-0.1-FIFO-True n_req: 207000000, n_miss: 172481011, miss ratio: 0.8332, disk write 0 + 0 (0.0000)
05:00:06: INFO [flashield.py:170 (root)]: 	w01.oracleGeneral.bin-0.1-FIFO-True n_req: 208000000, n_miss: 173397806, miss ratio: 0.8336, disk write 0 + 0 (0.0000)
05:01:14: INFO [flashield.py:170 (root)]: 	w01.oracleGeneral.bin-0.1-FIFO-True n_req: 209000000, n_miss: 174132739, miss ratio: 0.8332, disk write 0 + 0 (0.0000)
05:02:13: INFO [flashield.py:170 (root)]: 	w01.oracleGeneral.bin-0.1-FIFO-True n_req: 210000000, n_miss: 174849914, miss ratio: 0.8326, disk write 0 + 0 (0.0000)
05:03:42: INFO [flashield.py:170 (root)]: 	w01.oracleGeneral.bin-0.1-FIFO-True n_req: 211000000, n_miss: 175650698, miss ratio: 0.8325, disk write 0 + 0 (0.0000)
05:05:48: INFO [flashield.py:170 (root)]: 	w01.oracleGeneral.bin-0.1-FIFO-True n_req: 212000000, n_miss: 176583229, miss ratio: 0.8329, disk write 0 + 0 (0.0000)
05:07:06: INFO [flashield.py:170 (root)]: 	w01.oracleGeneral.bin-0.1-FIFO-True n_req: 213000000, n_miss: 177531336, miss ratio: 0.8335, disk write 0 + 0 (0.0000)
05:08:29: INFO [flashield.py:170 (root)]: 	w01.oracleGeneral.bin-0.1-FIFO-True n_req: 214000000, n_miss: 178436199, miss ratio: 0.8338, disk write 0 + 0 (0.0000)
05:10:42: INFO [flashield.py:170 (root)]: 	w01.oracleGeneral.bin-0.1-FIFO-True n_req: 215000000, n_miss: 179353612, miss ratio: 0.8342, disk write 0 + 0 (0.0000)
05:12:12: INFO [flashield.py:182 (root)]: 	w01.oracleGeneral.bin-0.1-FIFO-True n_req: 215796257, n_miss: 180102781, miss ratio: 0.8346, disk write 0 + 0 (0.0000)
