23:51:54: INFO [flashield.py:220 (root)]: 	calculating wss for w02.oracleGeneral.bin
23:52:53: INFO [flashield.py:228 (root)]: 	w02.oracleGeneral.bin wss_obj: 495582, wss_byte: 20984298496
23:52:53: INFO [cache.py:19 (cache)]: 	create Flashield cache with size 2098429849
23:52:53: INFO [cache.py:19 (cache)]: 	create LRU cache with size 209842984
23:52:53: INFO [cache.py:19 (cache)]: 	create FIFO cache with size 1888586865
23:52:57: INFO [flashield.py:170 (root)]: 	w02.oracleGeneral.bin-0.1-FIFO-True n_req: 1000000, n_miss: 992135, miss ratio: 0.9921, disk write 50570297344 + 0 (2.4099)
23:52:58: INFO [flashield.py:37 (root)]: 	w02.oracleGeneral.bin Training Flashield...
23:52:58: INFO [flashield.py:42 (root)]: 	w02.oracleGeneral.bin Training Flashield: 84167 features 84167 labels ...
23:52:58: INFO [flashield.py:55 (root)]: 	w02.oracleGeneral.bin finish training
23:53:31: INFO [flashield.py:170 (root)]: 	w02.oracleGeneral.bin-0.1-FIFO-True n_req: 2000000, n_miss: 1736501, miss ratio: 0.8683, disk write 71617294336 + 0 (3.4129)
23:54:28: INFO [flashield.py:170 (root)]: 	w02.oracleGeneral.bin-0.1-FIFO-True n_req: 3000000, n_miss: 2276809, miss ratio: 0.7589, disk write 71617294336 + 0 (3.4129)
23:55:22: INFO [flashield.py:170 (root)]: 	w02.oracleGeneral.bin-0.1-FIFO-True n_req: 4000000, n_miss: 2794936, miss ratio: 0.6987, disk write 71617294336 + 0 (3.4129)
23:56:19: INFO [flashield.py:170 (root)]: 	w02.oracleGeneral.bin-0.1-FIFO-True n_req: 5000000, n_miss: 3341095, miss ratio: 0.6682, disk write 71617294336 + 0 (3.4129)
23:57:13: INFO [flashield.py:170 (root)]: 	w02.oracleGeneral.bin-0.1-FIFO-True n_req: 6000000, n_miss: 3860218, miss ratio: 0.6434, disk write 71617294336 + 0 (3.4129)
23:58:09: INFO [flashield.py:170 (root)]: 	w02.oracleGeneral.bin-0.1-FIFO-True n_req: 7000000, n_miss: 4395942, miss ratio: 0.6280, disk write 71617294336 + 0 (3.4129)
23:59:07: INFO [flashield.py:170 (root)]: 	w02.oracleGeneral.bin-0.1-FIFO-True n_req: 8000000, n_miss: 4955463, miss ratio: 0.6194, disk write 71617294336 + 0 (3.4129)
00:00:02: INFO [flashield.py:170 (root)]: 	w02.oracleGeneral.bin-0.1-FIFO-True n_req: 9000000, n_miss: 5477734, miss ratio: 0.6086, disk write 71617294336 + 0 (3.4129)
00:00:56: INFO [flashield.py:170 (root)]: 	w02.oracleGeneral.bin-0.1-FIFO-True n_req: 10000000, n_miss: 5997871, miss ratio: 0.5998, disk write 71617294336 + 0 (3.4129)
00:01:56: INFO [flashield.py:170 (root)]: 	w02.oracleGeneral.bin-0.1-FIFO-True n_req: 11000000, n_miss: 6567981, miss ratio: 0.5971, disk write 71617294336 + 0 (3.4129)
00:02:50: INFO [flashield.py:170 (root)]: 	w02.oracleGeneral.bin-0.1-FIFO-True n_req: 12000000, n_miss: 7087124, miss ratio: 0.5906, disk write 71617294336 + 0 (3.4129)
00:03:44: INFO [flashield.py:170 (root)]: 	w02.oracleGeneral.bin-0.1-FIFO-True n_req: 13000000, n_miss: 7616766, miss ratio: 0.5859, disk write 71617294336 + 0 (3.4129)
00:04:39: INFO [flashield.py:170 (root)]: 	w02.oracleGeneral.bin-0.1-FIFO-True n_req: 14000000, n_miss: 8135607, miss ratio: 0.5811, disk write 71617294336 + 0 (3.4129)
00:05:31: INFO [flashield.py:170 (root)]: 	w02.oracleGeneral.bin-0.1-FIFO-True n_req: 15000000, n_miss: 8635304, miss ratio: 0.5757, disk write 71617294336 + 0 (3.4129)
00:06:25: INFO [flashield.py:170 (root)]: 	w02.oracleGeneral.bin-0.1-FIFO-True n_req: 16000000, n_miss: 9157115, miss ratio: 0.5723, disk write 71617294336 + 0 (3.4129)
00:07:24: INFO [flashield.py:170 (root)]: 	w02.oracleGeneral.bin-0.1-FIFO-True n_req: 17000000, n_miss: 9718510, miss ratio: 0.5717, disk write 71617294336 + 0 (3.4129)
00:08:24: INFO [flashield.py:170 (root)]: 	w02.oracleGeneral.bin-0.1-FIFO-True n_req: 18000000, n_miss: 10296185, miss ratio: 0.5720, disk write 71617294336 + 0 (3.4129)
00:09:20: INFO [flashield.py:170 (root)]: 	w02.oracleGeneral.bin-0.1-FIFO-True n_req: 19000000, n_miss: 10833846, miss ratio: 0.5702, disk write 71617294336 + 0 (3.4129)
00:10:13: INFO [flashield.py:170 (root)]: 	w02.oracleGeneral.bin-0.1-FIFO-True n_req: 20000000, n_miss: 11346949, miss ratio: 0.5673, disk write 71617294336 + 0 (3.4129)
00:11:09: INFO [flashield.py:170 (root)]: 	w02.oracleGeneral.bin-0.1-FIFO-True n_req: 21000000, n_miss: 11880118, miss ratio: 0.5657, disk write 71617294336 + 0 (3.4129)
00:12:04: INFO [flashield.py:170 (root)]: 	w02.oracleGeneral.bin-0.1-FIFO-True n_req: 22000000, n_miss: 12406239, miss ratio: 0.5639, disk write 71617294336 + 0 (3.4129)
00:13:00: INFO [flashield.py:170 (root)]: 	w02.oracleGeneral.bin-0.1-FIFO-True n_req: 23000000, n_miss: 12942338, miss ratio: 0.5627, disk write 71617294336 + 0 (3.4129)
00:13:56: INFO [flashield.py:170 (root)]: 	w02.oracleGeneral.bin-0.1-FIFO-True n_req: 24000000, n_miss: 13487442, miss ratio: 0.5620, disk write 71617294336 + 0 (3.4129)
00:14:50: INFO [flashield.py:170 (root)]: 	w02.oracleGeneral.bin-0.1-FIFO-True n_req: 25000000, n_miss: 14005467, miss ratio: 0.5602, disk write 71617294336 + 0 (3.4129)
00:15:44: INFO [flashield.py:170 (root)]: 	w02.oracleGeneral.bin-0.1-FIFO-True n_req: 26000000, n_miss: 14530689, miss ratio: 0.5589, disk write 71617294336 + 0 (3.4129)
00:16:42: INFO [flashield.py:170 (root)]: 	w02.oracleGeneral.bin-0.1-FIFO-True n_req: 27000000, n_miss: 15078862, miss ratio: 0.5585, disk write 71617294336 + 0 (3.4129)
00:17:37: INFO [flashield.py:170 (root)]: 	w02.oracleGeneral.bin-0.1-FIFO-True n_req: 28000000, n_miss: 15615190, miss ratio: 0.5577, disk write 71617294336 + 0 (3.4129)
00:18:34: INFO [flashield.py:170 (root)]: 	w02.oracleGeneral.bin-0.1-FIFO-True n_req: 29000000, n_miss: 16157793, miss ratio: 0.5572, disk write 71617294336 + 0 (3.4129)
00:19:28: INFO [flashield.py:170 (root)]: 	w02.oracleGeneral.bin-0.1-FIFO-True n_req: 30000000, n_miss: 16678001, miss ratio: 0.5559, disk write 71617294336 + 0 (3.4129)
00:20:24: INFO [flashield.py:170 (root)]: 	w02.oracleGeneral.bin-0.1-FIFO-True n_req: 31000000, n_miss: 17222024, miss ratio: 0.5555, disk write 71617294336 + 0 (3.4129)
00:21:18: INFO [flashield.py:170 (root)]: 	w02.oracleGeneral.bin-0.1-FIFO-True n_req: 32000000, n_miss: 17744237, miss ratio: 0.5545, disk write 71617294336 + 0 (3.4129)
00:22:12: INFO [flashield.py:170 (root)]: 	w02.oracleGeneral.bin-0.1-FIFO-True n_req: 33000000, n_miss: 18259510, miss ratio: 0.5533, disk write 71617294336 + 0 (3.4129)
00:23:06: INFO [flashield.py:170 (root)]: 	w02.oracleGeneral.bin-0.1-FIFO-True n_req: 34000000, n_miss: 18775052, miss ratio: 0.5522, disk write 71617294336 + 0 (3.4129)
00:24:06: INFO [flashield.py:170 (root)]: 	w02.oracleGeneral.bin-0.1-FIFO-True n_req: 35000000, n_miss: 19353421, miss ratio: 0.5530, disk write 71617294336 + 0 (3.4129)
00:25:01: INFO [flashield.py:170 (root)]: 	w02.oracleGeneral.bin-0.1-FIFO-True n_req: 36000000, n_miss: 19888989, miss ratio: 0.5525, disk write 71617294336 + 0 (3.4129)
00:25:57: INFO [flashield.py:170 (root)]: 	w02.oracleGeneral.bin-0.1-FIFO-True n_req: 37000000, n_miss: 20433612, miss ratio: 0.5523, disk write 71617294336 + 0 (3.4129)
00:26:52: INFO [flashield.py:170 (root)]: 	w02.oracleGeneral.bin-0.1-FIFO-True n_req: 38000000, n_miss: 20955691, miss ratio: 0.5515, disk write 71617294336 + 0 (3.4129)
00:27:47: INFO [flashield.py:170 (root)]: 	w02.oracleGeneral.bin-0.1-FIFO-True n_req: 39000000, n_miss: 21482795, miss ratio: 0.5508, disk write 71617294336 + 0 (3.4129)
00:28:42: INFO [flashield.py:170 (root)]: 	w02.oracleGeneral.bin-0.1-FIFO-True n_req: 40000000, n_miss: 22020963, miss ratio: 0.5505, disk write 71617294336 + 0 (3.4129)
00:29:39: INFO [flashield.py:170 (root)]: 	w02.oracleGeneral.bin-0.1-FIFO-True n_req: 41000000, n_miss: 22566346, miss ratio: 0.5504, disk write 71617294336 + 0 (3.4129)
00:30:34: INFO [flashield.py:170 (root)]: 	w02.oracleGeneral.bin-0.1-FIFO-True n_req: 42000000, n_miss: 23106174, miss ratio: 0.5501, disk write 71617294336 + 0 (3.4129)
00:31:31: INFO [flashield.py:170 (root)]: 	w02.oracleGeneral.bin-0.1-FIFO-True n_req: 43000000, n_miss: 23645352, miss ratio: 0.5499, disk write 71617294336 + 0 (3.4129)
00:32:26: INFO [flashield.py:170 (root)]: 	w02.oracleGeneral.bin-0.1-FIFO-True n_req: 44000000, n_miss: 24173329, miss ratio: 0.5494, disk write 71617294336 + 0 (3.4129)
00:33:20: INFO [flashield.py:170 (root)]: 	w02.oracleGeneral.bin-0.1-FIFO-True n_req: 45000000, n_miss: 24700297, miss ratio: 0.5489, disk write 71617294336 + 0 (3.4129)
00:34:16: INFO [flashield.py:170 (root)]: 	w02.oracleGeneral.bin-0.1-FIFO-True n_req: 46000000, n_miss: 25237882, miss ratio: 0.5486, disk write 71617294336 + 0 (3.4129)
00:35:11: INFO [flashield.py:170 (root)]: 	w02.oracleGeneral.bin-0.1-FIFO-True n_req: 47000000, n_miss: 25769178, miss ratio: 0.5483, disk write 71617294336 + 0 (3.4129)
00:36:07: INFO [flashield.py:170 (root)]: 	w02.oracleGeneral.bin-0.1-FIFO-True n_req: 48000000, n_miss: 26309523, miss ratio: 0.5481, disk write 71617294336 + 0 (3.4129)
00:37:03: INFO [flashield.py:170 (root)]: 	w02.oracleGeneral.bin-0.1-FIFO-True n_req: 49000000, n_miss: 26845074, miss ratio: 0.5479, disk write 71617294336 + 0 (3.4129)
00:37:55: INFO [flashield.py:170 (root)]: 	w02.oracleGeneral.bin-0.1-FIFO-True n_req: 50000000, n_miss: 27343908, miss ratio: 0.5469, disk write 71617294336 + 0 (3.4129)
00:38:52: INFO [flashield.py:170 (root)]: 	w02.oracleGeneral.bin-0.1-FIFO-True n_req: 51000000, n_miss: 27889934, miss ratio: 0.5469, disk write 71617294336 + 0 (3.4129)
00:39:51: INFO [flashield.py:170 (root)]: 	w02.oracleGeneral.bin-0.1-FIFO-True n_req: 52000000, n_miss: 28455613, miss ratio: 0.5472, disk write 71617294336 + 0 (3.4129)
00:40:46: INFO [flashield.py:170 (root)]: 	w02.oracleGeneral.bin-0.1-FIFO-True n_req: 53000000, n_miss: 28986926, miss ratio: 0.5469, disk write 71617294336 + 0 (3.4129)
00:41:39: INFO [flashield.py:170 (root)]: 	w02.oracleGeneral.bin-0.1-FIFO-True n_req: 54000000, n_miss: 29497963, miss ratio: 0.5463, disk write 71617294336 + 0 (3.4129)
00:42:32: INFO [flashield.py:170 (root)]: 	w02.oracleGeneral.bin-0.1-FIFO-True n_req: 55000000, n_miss: 30000112, miss ratio: 0.5455, disk write 71617294336 + 0 (3.4129)
00:43:28: INFO [flashield.py:170 (root)]: 	w02.oracleGeneral.bin-0.1-FIFO-True n_req: 56000000, n_miss: 30547796, miss ratio: 0.5455, disk write 71617294336 + 0 (3.4129)
00:44:22: INFO [flashield.py:170 (root)]: 	w02.oracleGeneral.bin-0.1-FIFO-True n_req: 57000000, n_miss: 31062638, miss ratio: 0.5450, disk write 71617294336 + 0 (3.4129)
00:45:17: INFO [flashield.py:170 (root)]: 	w02.oracleGeneral.bin-0.1-FIFO-True n_req: 58000000, n_miss: 31590148, miss ratio: 0.5447, disk write 71617294336 + 0 (3.4129)
00:46:11: INFO [flashield.py:170 (root)]: 	w02.oracleGeneral.bin-0.1-FIFO-True n_req: 59000000, n_miss: 32103717, miss ratio: 0.5441, disk write 71617294336 + 0 (3.4129)
00:47:08: INFO [flashield.py:170 (root)]: 	w02.oracleGeneral.bin-0.1-FIFO-True n_req: 60000000, n_miss: 32653787, miss ratio: 0.5442, disk write 71617294336 + 0 (3.4129)
00:48:04: INFO [flashield.py:170 (root)]: 	w02.oracleGeneral.bin-0.1-FIFO-True n_req: 61000000, n_miss: 33196084, miss ratio: 0.5442, disk write 71617294336 + 0 (3.4129)
00:48:59: INFO [flashield.py:170 (root)]: 	w02.oracleGeneral.bin-0.1-FIFO-True n_req: 62000000, n_miss: 33718919, miss ratio: 0.5439, disk write 71617294336 + 0 (3.4129)
00:49:56: INFO [flashield.py:170 (root)]: 	w02.oracleGeneral.bin-0.1-FIFO-True n_req: 63000000, n_miss: 34266716, miss ratio: 0.5439, disk write 71617294336 + 0 (3.4129)
00:50:51: INFO [flashield.py:170 (root)]: 	w02.oracleGeneral.bin-0.1-FIFO-True n_req: 64000000, n_miss: 34802056, miss ratio: 0.5438, disk write 71617294336 + 0 (3.4129)
00:51:47: INFO [flashield.py:170 (root)]: 	w02.oracleGeneral.bin-0.1-FIFO-True n_req: 65000000, n_miss: 35341934, miss ratio: 0.5437, disk write 71617294336 + 0 (3.4129)
00:52:46: INFO [flashield.py:170 (root)]: 	w02.oracleGeneral.bin-0.1-FIFO-True n_req: 66000000, n_miss: 35895749, miss ratio: 0.5439, disk write 71617294336 + 0 (3.4129)
00:53:40: INFO [flashield.py:170 (root)]: 	w02.oracleGeneral.bin-0.1-FIFO-True n_req: 67000000, n_miss: 36416585, miss ratio: 0.5435, disk write 71617294336 + 0 (3.4129)
00:54:37: INFO [flashield.py:170 (root)]: 	w02.oracleGeneral.bin-0.1-FIFO-True n_req: 68000000, n_miss: 36959087, miss ratio: 0.5435, disk write 71617294336 + 0 (3.4129)
00:55:31: INFO [flashield.py:170 (root)]: 	w02.oracleGeneral.bin-0.1-FIFO-True n_req: 69000000, n_miss: 37479453, miss ratio: 0.5432, disk write 71617294336 + 0 (3.4129)
00:56:30: INFO [flashield.py:170 (root)]: 	w02.oracleGeneral.bin-0.1-FIFO-True n_req: 70000000, n_miss: 38051087, miss ratio: 0.5436, disk write 71617294336 + 0 (3.4129)
00:57:26: INFO [flashield.py:170 (root)]: 	w02.oracleGeneral.bin-0.1-FIFO-True n_req: 71000000, n_miss: 38584568, miss ratio: 0.5434, disk write 71617294336 + 0 (3.4129)
00:58:21: INFO [flashield.py:170 (root)]: 	w02.oracleGeneral.bin-0.1-FIFO-True n_req: 72000000, n_miss: 39116301, miss ratio: 0.5433, disk write 71617294336 + 0 (3.4129)
00:59:14: INFO [flashield.py:170 (root)]: 	w02.oracleGeneral.bin-0.1-FIFO-True n_req: 73000000, n_miss: 39624521, miss ratio: 0.5428, disk write 71617294336 + 0 (3.4129)
01:00:07: INFO [flashield.py:170 (root)]: 	w02.oracleGeneral.bin-0.1-FIFO-True n_req: 74000000, n_miss: 40139729, miss ratio: 0.5424, disk write 71617294336 + 0 (3.4129)
01:01:04: INFO [flashield.py:170 (root)]: 	w02.oracleGeneral.bin-0.1-FIFO-True n_req: 75000000, n_miss: 40678251, miss ratio: 0.5424, disk write 71617294336 + 0 (3.4129)
01:02:00: INFO [flashield.py:170 (root)]: 	w02.oracleGeneral.bin-0.1-FIFO-True n_req: 76000000, n_miss: 41219787, miss ratio: 0.5424, disk write 71617294336 + 0 (3.4129)
01:02:55: INFO [flashield.py:170 (root)]: 	w02.oracleGeneral.bin-0.1-FIFO-True n_req: 77000000, n_miss: 41740508, miss ratio: 0.5421, disk write 71617294336 + 0 (3.4129)
01:03:49: INFO [flashield.py:170 (root)]: 	w02.oracleGeneral.bin-0.1-FIFO-True n_req: 78000000, n_miss: 42268383, miss ratio: 0.5419, disk write 71617294336 + 0 (3.4129)
01:04:43: INFO [flashield.py:170 (root)]: 	w02.oracleGeneral.bin-0.1-FIFO-True n_req: 79000000, n_miss: 42782052, miss ratio: 0.5415, disk write 71617294336 + 0 (3.4129)
01:05:41: INFO [flashield.py:170 (root)]: 	w02.oracleGeneral.bin-0.1-FIFO-True n_req: 80000000, n_miss: 43339527, miss ratio: 0.5417, disk write 71617294336 + 0 (3.4129)
01:06:36: INFO [flashield.py:170 (root)]: 	w02.oracleGeneral.bin-0.1-FIFO-True n_req: 81000000, n_miss: 43871259, miss ratio: 0.5416, disk write 71617294336 + 0 (3.4129)
01:07:31: INFO [flashield.py:170 (root)]: 	w02.oracleGeneral.bin-0.1-FIFO-True n_req: 82000000, n_miss: 44395205, miss ratio: 0.5414, disk write 71617294336 + 0 (3.4129)
01:08:25: INFO [flashield.py:170 (root)]: 	w02.oracleGeneral.bin-0.1-FIFO-True n_req: 83000000, n_miss: 44921883, miss ratio: 0.5412, disk write 71617294336 + 0 (3.4129)
01:09:21: INFO [flashield.py:170 (root)]: 	w02.oracleGeneral.bin-0.1-FIFO-True n_req: 84000000, n_miss: 45455895, miss ratio: 0.5411, disk write 71617294336 + 0 (3.4129)
01:10:17: INFO [flashield.py:170 (root)]: 	w02.oracleGeneral.bin-0.1-FIFO-True n_req: 85000000, n_miss: 45996102, miss ratio: 0.5411, disk write 71617294336 + 0 (3.4129)
01:11:10: INFO [flashield.py:170 (root)]: 	w02.oracleGeneral.bin-0.1-FIFO-True n_req: 86000000, n_miss: 46505474, miss ratio: 0.5408, disk write 71617294336 + 0 (3.4129)
01:12:09: INFO [flashield.py:170 (root)]: 	w02.oracleGeneral.bin-0.1-FIFO-True n_req: 87000000, n_miss: 47071965, miss ratio: 0.5411, disk write 71617294336 + 0 (3.4129)
01:13:09: INFO [flashield.py:170 (root)]: 	w02.oracleGeneral.bin-0.1-FIFO-True n_req: 88000000, n_miss: 47643994, miss ratio: 0.5414, disk write 71617294336 + 0 (3.4129)
01:14:02: INFO [flashield.py:170 (root)]: 	w02.oracleGeneral.bin-0.1-FIFO-True n_req: 89000000, n_miss: 48157443, miss ratio: 0.5411, disk write 71617294336 + 0 (3.4129)
01:14:58: INFO [flashield.py:170 (root)]: 	w02.oracleGeneral.bin-0.1-FIFO-True n_req: 90000000, n_miss: 48699085, miss ratio: 0.5411, disk write 71617294336 + 0 (3.4129)
01:15:53: INFO [flashield.py:170 (root)]: 	w02.oracleGeneral.bin-0.1-FIFO-True n_req: 91000000, n_miss: 49222367, miss ratio: 0.5409, disk write 71617294336 + 0 (3.4129)
01:16:51: INFO [flashield.py:170 (root)]: 	w02.oracleGeneral.bin-0.1-FIFO-True n_req: 92000000, n_miss: 49780537, miss ratio: 0.5411, disk write 71617294336 + 0 (3.4129)
01:17:46: INFO [flashield.py:170 (root)]: 	w02.oracleGeneral.bin-0.1-FIFO-True n_req: 93000000, n_miss: 50308655, miss ratio: 0.5410, disk write 71617294336 + 0 (3.4129)
01:18:42: INFO [flashield.py:170 (root)]: 	w02.oracleGeneral.bin-0.1-FIFO-True n_req: 94000000, n_miss: 50853392, miss ratio: 0.5410, disk write 71617294336 + 0 (3.4129)
01:19:38: INFO [flashield.py:170 (root)]: 	w02.oracleGeneral.bin-0.1-FIFO-True n_req: 95000000, n_miss: 51390188, miss ratio: 0.5409, disk write 71617294336 + 0 (3.4129)
01:20:31: INFO [flashield.py:170 (root)]: 	w02.oracleGeneral.bin-0.1-FIFO-True n_req: 96000000, n_miss: 51892646, miss ratio: 0.5405, disk write 71617294336 + 0 (3.4129)
01:21:24: INFO [flashield.py:170 (root)]: 	w02.oracleGeneral.bin-0.1-FIFO-True n_req: 97000000, n_miss: 52407162, miss ratio: 0.5403, disk write 71617294336 + 0 (3.4129)
01:22:18: INFO [flashield.py:170 (root)]: 	w02.oracleGeneral.bin-0.1-FIFO-True n_req: 98000000, n_miss: 52925267, miss ratio: 0.5401, disk write 71617294336 + 0 (3.4129)
01:23:14: INFO [flashield.py:170 (root)]: 	w02.oracleGeneral.bin-0.1-FIFO-True n_req: 99000000, n_miss: 53467781, miss ratio: 0.5401, disk write 71617294336 + 0 (3.4129)
01:24:12: INFO [flashield.py:170 (root)]: 	w02.oracleGeneral.bin-0.1-FIFO-True n_req: 100000000, n_miss: 54018388, miss ratio: 0.5402, disk write 71617294336 + 0 (3.4129)
01:25:06: INFO [flashield.py:170 (root)]: 	w02.oracleGeneral.bin-0.1-FIFO-True n_req: 101000000, n_miss: 54538506, miss ratio: 0.5400, disk write 71617294336 + 0 (3.4129)
01:26:03: INFO [flashield.py:170 (root)]: 	w02.oracleGeneral.bin-0.1-FIFO-True n_req: 102000000, n_miss: 55086500, miss ratio: 0.5401, disk write 71617294336 + 0 (3.4129)
01:26:59: INFO [flashield.py:170 (root)]: 	w02.oracleGeneral.bin-0.1-FIFO-True n_req: 103000000, n_miss: 55627143, miss ratio: 0.5401, disk write 71617294336 + 0 (3.4129)
01:27:57: INFO [flashield.py:170 (root)]: 	w02.oracleGeneral.bin-0.1-FIFO-True n_req: 104000000, n_miss: 56185332, miss ratio: 0.5402, disk write 71617294336 + 0 (3.4129)
01:28:51: INFO [flashield.py:170 (root)]: 	w02.oracleGeneral.bin-0.1-FIFO-True n_req: 105000000, n_miss: 56702528, miss ratio: 0.5400, disk write 71617294336 + 0 (3.4129)
01:29:46: INFO [flashield.py:170 (root)]: 	w02.oracleGeneral.bin-0.1-FIFO-True n_req: 106000000, n_miss: 57241161, miss ratio: 0.5400, disk write 71617294336 + 0 (3.4129)
01:30:45: INFO [flashield.py:170 (root)]: 	w02.oracleGeneral.bin-0.1-FIFO-True n_req: 107000000, n_miss: 57799905, miss ratio: 0.5402, disk write 71617294336 + 0 (3.4129)
01:31:37: INFO [flashield.py:170 (root)]: 	w02.oracleGeneral.bin-0.1-FIFO-True n_req: 108000000, n_miss: 58305490, miss ratio: 0.5399, disk write 71617294336 + 0 (3.4129)
01:32:33: INFO [flashield.py:170 (root)]: 	w02.oracleGeneral.bin-0.1-FIFO-True n_req: 109000000, n_miss: 58838082, miss ratio: 0.5398, disk write 71617294336 + 0 (3.4129)
01:33:29: INFO [flashield.py:170 (root)]: 	w02.oracleGeneral.bin-0.1-FIFO-True n_req: 110000000, n_miss: 59376608, miss ratio: 0.5398, disk write 71617294336 + 0 (3.4129)
01:34:22: INFO [flashield.py:170 (root)]: 	w02.oracleGeneral.bin-0.1-FIFO-True n_req: 111000000, n_miss: 59886507, miss ratio: 0.5395, disk write 71617294336 + 0 (3.4129)
01:35:17: INFO [flashield.py:170 (root)]: 	w02.oracleGeneral.bin-0.1-FIFO-True n_req: 112000000, n_miss: 60414489, miss ratio: 0.5394, disk write 71617294336 + 0 (3.4129)
01:36:11: INFO [flashield.py:170 (root)]: 	w02.oracleGeneral.bin-0.1-FIFO-True n_req: 113000000, n_miss: 60935551, miss ratio: 0.5393, disk write 71617294336 + 0 (3.4129)
01:37:08: INFO [flashield.py:170 (root)]: 	w02.oracleGeneral.bin-0.1-FIFO-True n_req: 114000000, n_miss: 61477515, miss ratio: 0.5393, disk write 71617294336 + 0 (3.4129)
01:38:04: INFO [flashield.py:170 (root)]: 	w02.oracleGeneral.bin-0.1-FIFO-True n_req: 115000000, n_miss: 62024416, miss ratio: 0.5393, disk write 71617294336 + 0 (3.4129)
01:39:00: INFO [flashield.py:170 (root)]: 	w02.oracleGeneral.bin-0.1-FIFO-True n_req: 116000000, n_miss: 62554437, miss ratio: 0.5393, disk write 71617294336 + 0 (3.4129)
01:39:54: INFO [flashield.py:170 (root)]: 	w02.oracleGeneral.bin-0.1-FIFO-True n_req: 117000000, n_miss: 63074795, miss ratio: 0.5391, disk write 71617294336 + 0 (3.4129)
01:40:51: INFO [flashield.py:170 (root)]: 	w02.oracleGeneral.bin-0.1-FIFO-True n_req: 118000000, n_miss: 63624157, miss ratio: 0.5392, disk write 71617294336 + 0 (3.4129)
01:41:47: INFO [flashield.py:170 (root)]: 	w02.oracleGeneral.bin-0.1-FIFO-True n_req: 119000000, n_miss: 64155399, miss ratio: 0.5391, disk write 71617294336 + 0 (3.4129)
01:42:42: INFO [flashield.py:170 (root)]: 	w02.oracleGeneral.bin-0.1-FIFO-True n_req: 120000000, n_miss: 64692767, miss ratio: 0.5391, disk write 71617294336 + 0 (3.4129)
01:43:40: INFO [flashield.py:170 (root)]: 	w02.oracleGeneral.bin-0.1-FIFO-True n_req: 121000000, n_miss: 65241201, miss ratio: 0.5392, disk write 71617294336 + 0 (3.4129)
01:44:38: INFO [flashield.py:170 (root)]: 	w02.oracleGeneral.bin-0.1-FIFO-True n_req: 122000000, n_miss: 65805315, miss ratio: 0.5394, disk write 71617294336 + 0 (3.4129)
01:44:49: INFO [flashield.py:182 (root)]: 	w02.oracleGeneral.bin-0.1-FIFO-True n_req: 122181000, n_miss: 65902337, miss ratio: 0.5394, disk write 71617294336 + 0 (3.4129)
