23:51:54: INFO [flashield.py:220 (root)]: 	calculating wss for w03.oracleGeneral.bin
23:52:59: INFO [flashield.py:228 (root)]: 	w03.oracleGeneral.bin wss_obj: 27852385, wss_byte: 1919037793280
23:52:59: INFO [cache.py:19 (cache)]: 	create Flashield cache with size 191903779328
23:52:59: INFO [cache.py:19 (cache)]: 	create LRU cache with size 19190377932
23:52:59: INFO [cache.py:19 (cache)]: 	create FIFO cache with size 172713401396
23:53:01: INFO [flashield.py:170 (root)]: 	w03.oracleGeneral.bin-0.1-FIFO-True n_req: 1000000, n_miss: 535987, miss ratio: 0.5360, disk write 38722028544 + 0 (0.0202)
23:53:02: INFO [flashield.py:37 (root)]: 	w03.oracleGeneral.bin Training Flashield...
23:53:03: INFO [flashield.py:42 (root)]: 	w03.oracleGeneral.bin Training Flashield: 424437 features 424437 labels ...
23:53:03: INFO [flashield.py:55 (root)]: 	w03.oracleGeneral.bin finish training
23:53:30: INFO [flashield.py:170 (root)]: 	w03.oracleGeneral.bin-0.1-FIFO-True n_req: 2000000, n_miss: 1023151, miss ratio: 0.5116, disk write 68621801472 + 0 (0.0358)
23:54:33: INFO [flashield.py:170 (root)]: 	w03.oracleGeneral.bin-0.1-FIFO-True n_req: 3000000, n_miss: 1558399, miss ratio: 0.5195, disk write 68621801472 + 0 (0.0358)
23:55:40: INFO [flashield.py:170 (root)]: 	w03.oracleGeneral.bin-0.1-FIFO-True n_req: 4000000, n_miss: 2155547, miss ratio: 0.5389, disk write 68621801472 + 0 (0.0358)
23:56:48: INFO [flashield.py:170 (root)]: 	w03.oracleGeneral.bin-0.1-FIFO-True n_req: 5000000, n_miss: 2766697, miss ratio: 0.5533, disk write 68621801472 + 0 (0.0358)
23:58:00: INFO [flashield.py:170 (root)]: 	w03.oracleGeneral.bin-0.1-FIFO-True n_req: 6000000, n_miss: 3423917, miss ratio: 0.5707, disk write 68621801472 + 0 (0.0358)
23:59:03: INFO [flashield.py:170 (root)]: 	w03.oracleGeneral.bin-0.1-FIFO-True n_req: 7000000, n_miss: 4028870, miss ratio: 0.5756, disk write 68621801472 + 0 (0.0358)
23:59:58: INFO [flashield.py:170 (root)]: 	w03.oracleGeneral.bin-0.1-FIFO-True n_req: 8000000, n_miss: 4548819, miss ratio: 0.5686, disk write 68621801472 + 0 (0.0358)
00:00:52: INFO [flashield.py:170 (root)]: 	w03.oracleGeneral.bin-0.1-FIFO-True n_req: 9000000, n_miss: 5034870, miss ratio: 0.5594, disk write 68621801472 + 0 (0.0358)
00:01:29: INFO [flashield.py:170 (root)]: 	w03.oracleGeneral.bin-0.1-FIFO-True n_req: 10000000, n_miss: 5458494, miss ratio: 0.5458, disk write 68621801472 + 0 (0.0358)
00:02:07: INFO [flashield.py:170 (root)]: 	w03.oracleGeneral.bin-0.1-FIFO-True n_req: 11000000, n_miss: 5830955, miss ratio: 0.5301, disk write 68621801472 + 0 (0.0358)
00:02:49: INFO [flashield.py:170 (root)]: 	w03.oracleGeneral.bin-0.1-FIFO-True n_req: 12000000, n_miss: 6197909, miss ratio: 0.5165, disk write 68621801472 + 0 (0.0358)
00:03:28: INFO [flashield.py:170 (root)]: 	w03.oracleGeneral.bin-0.1-FIFO-True n_req: 13000000, n_miss: 6564263, miss ratio: 0.5049, disk write 68621801472 + 0 (0.0358)
00:04:11: INFO [flashield.py:170 (root)]: 	w03.oracleGeneral.bin-0.1-FIFO-True n_req: 14000000, n_miss: 6938460, miss ratio: 0.4956, disk write 68621801472 + 0 (0.0358)
00:05:18: INFO [flashield.py:170 (root)]: 	w03.oracleGeneral.bin-0.1-FIFO-True n_req: 15000000, n_miss: 7375103, miss ratio: 0.4917, disk write 68621801472 + 0 (0.0358)
00:06:27: INFO [flashield.py:170 (root)]: 	w03.oracleGeneral.bin-0.1-FIFO-True n_req: 16000000, n_miss: 8002402, miss ratio: 0.5002, disk write 68621801472 + 0 (0.0358)
00:07:21: INFO [flashield.py:170 (root)]: 	w03.oracleGeneral.bin-0.1-FIFO-True n_req: 17000000, n_miss: 8463732, miss ratio: 0.4979, disk write 68621801472 + 0 (0.0358)
00:08:20: INFO [flashield.py:170 (root)]: 	w03.oracleGeneral.bin-0.1-FIFO-True n_req: 18000000, n_miss: 9045907, miss ratio: 0.5026, disk write 68621801472 + 0 (0.0358)
00:09:15: INFO [flashield.py:170 (root)]: 	w03.oracleGeneral.bin-0.1-FIFO-True n_req: 19000000, n_miss: 9546153, miss ratio: 0.5024, disk write 68621801472 + 0 (0.0358)
00:10:10: INFO [flashield.py:170 (root)]: 	w03.oracleGeneral.bin-0.1-FIFO-True n_req: 20000000, n_miss: 10027871, miss ratio: 0.5014, disk write 68621801472 + 0 (0.0358)
00:11:10: INFO [flashield.py:170 (root)]: 	w03.oracleGeneral.bin-0.1-FIFO-True n_req: 21000000, n_miss: 10544532, miss ratio: 0.5021, disk write 68621801472 + 0 (0.0358)
00:12:05: INFO [flashield.py:170 (root)]: 	w03.oracleGeneral.bin-0.1-FIFO-True n_req: 22000000, n_miss: 11016765, miss ratio: 0.5008, disk write 68621801472 + 0 (0.0358)
00:13:01: INFO [flashield.py:170 (root)]: 	w03.oracleGeneral.bin-0.1-FIFO-True n_req: 23000000, n_miss: 11506750, miss ratio: 0.5003, disk write 68621801472 + 0 (0.0358)
00:13:55: INFO [flashield.py:170 (root)]: 	w03.oracleGeneral.bin-0.1-FIFO-True n_req: 24000000, n_miss: 11981214, miss ratio: 0.4992, disk write 68621801472 + 0 (0.0358)
00:14:49: INFO [flashield.py:170 (root)]: 	w03.oracleGeneral.bin-0.1-FIFO-True n_req: 25000000, n_miss: 12471002, miss ratio: 0.4988, disk write 68621801472 + 0 (0.0358)
00:15:43: INFO [flashield.py:170 (root)]: 	w03.oracleGeneral.bin-0.1-FIFO-True n_req: 26000000, n_miss: 13000365, miss ratio: 0.5000, disk write 68621801472 + 0 (0.0358)
00:17:04: INFO [flashield.py:170 (root)]: 	w03.oracleGeneral.bin-0.1-FIFO-True n_req: 27000000, n_miss: 13720316, miss ratio: 0.5082, disk write 68621801472 + 0 (0.0358)
00:18:25: INFO [flashield.py:170 (root)]: 	w03.oracleGeneral.bin-0.1-FIFO-True n_req: 28000000, n_miss: 14446334, miss ratio: 0.5159, disk write 68621801472 + 0 (0.0358)
00:19:56: INFO [flashield.py:170 (root)]: 	w03.oracleGeneral.bin-0.1-FIFO-True n_req: 29000000, n_miss: 15261621, miss ratio: 0.5263, disk write 68621801472 + 0 (0.0358)
00:21:22: INFO [flashield.py:170 (root)]: 	w03.oracleGeneral.bin-0.1-FIFO-True n_req: 30000000, n_miss: 16077954, miss ratio: 0.5359, disk write 68621801472 + 0 (0.0358)
00:22:54: INFO [flashield.py:170 (root)]: 	w03.oracleGeneral.bin-0.1-FIFO-True n_req: 31000000, n_miss: 16864551, miss ratio: 0.5440, disk write 68621801472 + 0 (0.0358)
00:24:30: INFO [flashield.py:170 (root)]: 	w03.oracleGeneral.bin-0.1-FIFO-True n_req: 32000000, n_miss: 17743597, miss ratio: 0.5545, disk write 68621801472 + 0 (0.0358)
00:26:09: INFO [flashield.py:170 (root)]: 	w03.oracleGeneral.bin-0.1-FIFO-True n_req: 33000000, n_miss: 18641463, miss ratio: 0.5649, disk write 68621801472 + 0 (0.0358)
00:27:47: INFO [flashield.py:170 (root)]: 	w03.oracleGeneral.bin-0.1-FIFO-True n_req: 34000000, n_miss: 19543000, miss ratio: 0.5748, disk write 68621801472 + 0 (0.0358)
00:29:28: INFO [flashield.py:170 (root)]: 	w03.oracleGeneral.bin-0.1-FIFO-True n_req: 35000000, n_miss: 20444246, miss ratio: 0.5841, disk write 68621801472 + 0 (0.0358)
00:30:49: INFO [flashield.py:170 (root)]: 	w03.oracleGeneral.bin-0.1-FIFO-True n_req: 36000000, n_miss: 21335219, miss ratio: 0.5926, disk write 68621801472 + 0 (0.0358)
00:32:25: INFO [flashield.py:170 (root)]: 	w03.oracleGeneral.bin-0.1-FIFO-True n_req: 37000000, n_miss: 22240598, miss ratio: 0.6011, disk write 68621801472 + 0 (0.0358)
00:34:19: INFO [flashield.py:170 (root)]: 	w03.oracleGeneral.bin-0.1-FIFO-True n_req: 38000000, n_miss: 23147635, miss ratio: 0.6091, disk write 68621801472 + 0 (0.0358)
00:35:57: INFO [flashield.py:170 (root)]: 	w03.oracleGeneral.bin-0.1-FIFO-True n_req: 39000000, n_miss: 24059107, miss ratio: 0.6169, disk write 68621801472 + 0 (0.0358)
00:37:37: INFO [flashield.py:170 (root)]: 	w03.oracleGeneral.bin-0.1-FIFO-True n_req: 40000000, n_miss: 24977511, miss ratio: 0.6244, disk write 68621801472 + 0 (0.0358)
00:39:15: INFO [flashield.py:170 (root)]: 	w03.oracleGeneral.bin-0.1-FIFO-True n_req: 41000000, n_miss: 25883058, miss ratio: 0.6313, disk write 68621801472 + 0 (0.0358)
00:40:57: INFO [flashield.py:170 (root)]: 	w03.oracleGeneral.bin-0.1-FIFO-True n_req: 42000000, n_miss: 26820637, miss ratio: 0.6386, disk write 68621801472 + 0 (0.0358)
00:42:37: INFO [flashield.py:170 (root)]: 	w03.oracleGeneral.bin-0.1-FIFO-True n_req: 43000000, n_miss: 27743852, miss ratio: 0.6452, disk write 68621801472 + 0 (0.0358)
00:44:10: INFO [flashield.py:170 (root)]: 	w03.oracleGeneral.bin-0.1-FIFO-True n_req: 44000000, n_miss: 28651269, miss ratio: 0.6512, disk write 68621801472 + 0 (0.0358)
00:44:25: INFO [flashield.py:170 (root)]: 	w03.oracleGeneral.bin-0.1-FIFO-True n_req: 45000000, n_miss: 29537202, miss ratio: 0.6564, disk write 68621801472 + 0 (0.0358)
00:46:01: INFO [flashield.py:170 (root)]: 	w03.oracleGeneral.bin-0.1-FIFO-True n_req: 46000000, n_miss: 29960481, miss ratio: 0.6513, disk write 68621801472 + 0 (0.0358)
00:46:53: INFO [flashield.py:170 (root)]: 	w03.oracleGeneral.bin-0.1-FIFO-True n_req: 47000000, n_miss: 30277150, miss ratio: 0.6442, disk write 68621801472 + 0 (0.0358)
00:47:34: INFO [flashield.py:170 (root)]: 	w03.oracleGeneral.bin-0.1-FIFO-True n_req: 48000000, n_miss: 30690055, miss ratio: 0.6394, disk write 68621801472 + 0 (0.0358)
00:49:09: INFO [flashield.py:170 (root)]: 	w03.oracleGeneral.bin-0.1-FIFO-True n_req: 49000000, n_miss: 31323276, miss ratio: 0.6393, disk write 68621801472 + 0 (0.0358)
00:50:38: INFO [flashield.py:170 (root)]: 	w03.oracleGeneral.bin-0.1-FIFO-True n_req: 50000000, n_miss: 32127883, miss ratio: 0.6426, disk write 68621801472 + 0 (0.0358)
00:51:44: INFO [flashield.py:170 (root)]: 	w03.oracleGeneral.bin-0.1-FIFO-True n_req: 51000000, n_miss: 32727096, miss ratio: 0.6417, disk write 68621801472 + 0 (0.0358)
00:52:45: INFO [flashield.py:170 (root)]: 	w03.oracleGeneral.bin-0.1-FIFO-True n_req: 52000000, n_miss: 33357228, miss ratio: 0.6415, disk write 68621801472 + 0 (0.0358)
00:53:16: INFO [flashield.py:170 (root)]: 	w03.oracleGeneral.bin-0.1-FIFO-True n_req: 53000000, n_miss: 33762260, miss ratio: 0.6370, disk write 68621801472 + 0 (0.0358)
00:54:00: INFO [flashield.py:170 (root)]: 	w03.oracleGeneral.bin-0.1-FIFO-True n_req: 54000000, n_miss: 34181994, miss ratio: 0.6330, disk write 68621801472 + 0 (0.0358)
00:55:15: INFO [flashield.py:170 (root)]: 	w03.oracleGeneral.bin-0.1-FIFO-True n_req: 55000000, n_miss: 34741161, miss ratio: 0.6317, disk write 68621801472 + 0 (0.0358)
00:56:33: INFO [flashield.py:170 (root)]: 	w03.oracleGeneral.bin-0.1-FIFO-True n_req: 56000000, n_miss: 35385658, miss ratio: 0.6319, disk write 68621801472 + 0 (0.0358)
00:57:15: INFO [flashield.py:170 (root)]: 	w03.oracleGeneral.bin-0.1-FIFO-True n_req: 57000000, n_miss: 35796287, miss ratio: 0.6280, disk write 68621801472 + 0 (0.0358)
00:58:10: INFO [flashield.py:170 (root)]: 	w03.oracleGeneral.bin-0.1-FIFO-True n_req: 58000000, n_miss: 36325538, miss ratio: 0.6263, disk write 68621801472 + 0 (0.0358)
00:59:08: INFO [flashield.py:170 (root)]: 	w03.oracleGeneral.bin-0.1-FIFO-True n_req: 59000000, n_miss: 36814751, miss ratio: 0.6240, disk write 68621801472 + 0 (0.0358)
01:00:10: INFO [flashield.py:170 (root)]: 	w03.oracleGeneral.bin-0.1-FIFO-True n_req: 60000000, n_miss: 37339648, miss ratio: 0.6223, disk write 68621801472 + 0 (0.0358)
01:01:13: INFO [flashield.py:170 (root)]: 	w03.oracleGeneral.bin-0.1-FIFO-True n_req: 61000000, n_miss: 37902990, miss ratio: 0.6214, disk write 68621801472 + 0 (0.0358)
01:02:13: INFO [flashield.py:170 (root)]: 	w03.oracleGeneral.bin-0.1-FIFO-True n_req: 62000000, n_miss: 38466000, miss ratio: 0.6204, disk write 68621801472 + 0 (0.0358)
01:03:08: INFO [flashield.py:170 (root)]: 	w03.oracleGeneral.bin-0.1-FIFO-True n_req: 63000000, n_miss: 38957306, miss ratio: 0.6184, disk write 68621801472 + 0 (0.0358)
01:04:04: INFO [flashield.py:170 (root)]: 	w03.oracleGeneral.bin-0.1-FIFO-True n_req: 64000000, n_miss: 39450293, miss ratio: 0.6164, disk write 68621801472 + 0 (0.0358)
01:05:08: INFO [flashield.py:170 (root)]: 	w03.oracleGeneral.bin-0.1-FIFO-True n_req: 65000000, n_miss: 39998001, miss ratio: 0.6154, disk write 68621801472 + 0 (0.0358)
01:06:17: INFO [flashield.py:170 (root)]: 	w03.oracleGeneral.bin-0.1-FIFO-True n_req: 66000000, n_miss: 40607714, miss ratio: 0.6153, disk write 68621801472 + 0 (0.0358)
01:06:38: INFO [flashield.py:170 (root)]: 	w03.oracleGeneral.bin-0.1-FIFO-True n_req: 67000000, n_miss: 41017762, miss ratio: 0.6122, disk write 68621801472 + 0 (0.0358)
01:07:20: INFO [flashield.py:170 (root)]: 	w03.oracleGeneral.bin-0.1-FIFO-True n_req: 68000000, n_miss: 41397350, miss ratio: 0.6088, disk write 68621801472 + 0 (0.0358)
01:08:06: INFO [flashield.py:170 (root)]: 	w03.oracleGeneral.bin-0.1-FIFO-True n_req: 69000000, n_miss: 41808081, miss ratio: 0.6059, disk write 68621801472 + 0 (0.0358)
01:08:49: INFO [flashield.py:170 (root)]: 	w03.oracleGeneral.bin-0.1-FIFO-True n_req: 70000000, n_miss: 42185761, miss ratio: 0.6027, disk write 68621801472 + 0 (0.0358)
01:09:33: INFO [flashield.py:170 (root)]: 	w03.oracleGeneral.bin-0.1-FIFO-True n_req: 71000000, n_miss: 42561791, miss ratio: 0.5995, disk write 68621801472 + 0 (0.0358)
01:10:37: INFO [flashield.py:170 (root)]: 	w03.oracleGeneral.bin-0.1-FIFO-True n_req: 72000000, n_miss: 43002047, miss ratio: 0.5973, disk write 68621801472 + 0 (0.0358)
01:11:32: INFO [flashield.py:170 (root)]: 	w03.oracleGeneral.bin-0.1-FIFO-True n_req: 73000000, n_miss: 43487679, miss ratio: 0.5957, disk write 68621801472 + 0 (0.0358)
01:12:27: INFO [flashield.py:170 (root)]: 	w03.oracleGeneral.bin-0.1-FIFO-True n_req: 74000000, n_miss: 43974889, miss ratio: 0.5943, disk write 68621801472 + 0 (0.0358)
01:13:20: INFO [flashield.py:170 (root)]: 	w03.oracleGeneral.bin-0.1-FIFO-True n_req: 75000000, n_miss: 44446458, miss ratio: 0.5926, disk write 68621801472 + 0 (0.0358)
01:14:20: INFO [flashield.py:170 (root)]: 	w03.oracleGeneral.bin-0.1-FIFO-True n_req: 76000000, n_miss: 44950528, miss ratio: 0.5915, disk write 68621801472 + 0 (0.0358)
01:15:42: INFO [flashield.py:170 (root)]: 	w03.oracleGeneral.bin-0.1-FIFO-True n_req: 77000000, n_miss: 45680488, miss ratio: 0.5933, disk write 68621801472 + 0 (0.0358)
01:17:00: INFO [flashield.py:170 (root)]: 	w03.oracleGeneral.bin-0.1-FIFO-True n_req: 78000000, n_miss: 46401348, miss ratio: 0.5949, disk write 68621801472 + 0 (0.0358)
01:18:06: INFO [flashield.py:170 (root)]: 	w03.oracleGeneral.bin-0.1-FIFO-True n_req: 79000000, n_miss: 47021851, miss ratio: 0.5952, disk write 68621801472 + 0 (0.0358)
01:19:00: INFO [flashield.py:170 (root)]: 	w03.oracleGeneral.bin-0.1-FIFO-True n_req: 80000000, n_miss: 47550513, miss ratio: 0.5944, disk write 68621801472 + 0 (0.0358)
01:19:55: INFO [flashield.py:170 (root)]: 	w03.oracleGeneral.bin-0.1-FIFO-True n_req: 81000000, n_miss: 48032097, miss ratio: 0.5930, disk write 68621801472 + 0 (0.0358)
01:20:37: INFO [flashield.py:170 (root)]: 	w03.oracleGeneral.bin-0.1-FIFO-True n_req: 82000000, n_miss: 48476308, miss ratio: 0.5912, disk write 68621801472 + 0 (0.0358)
01:21:11: INFO [flashield.py:170 (root)]: 	w03.oracleGeneral.bin-0.1-FIFO-True n_req: 83000000, n_miss: 48852551, miss ratio: 0.5886, disk write 68621801472 + 0 (0.0358)
01:21:52: INFO [flashield.py:170 (root)]: 	w03.oracleGeneral.bin-0.1-FIFO-True n_req: 84000000, n_miss: 49231884, miss ratio: 0.5861, disk write 68621801472 + 0 (0.0358)
01:22:24: INFO [flashield.py:182 (root)]: 	w03.oracleGeneral.bin-0.1-FIFO-True n_req: 84712978, n_miss: 49490746, miss ratio: 0.5842, disk write 68621801472 + 0 (0.0358)
