23:51:54: INFO [flashield.py:220 (root)]: 	calculating wss for w04.oracleGeneral.bin
23:52:52: INFO [flashield.py:228 (root)]: 	w04.oracleGeneral.bin wss_obj: 18753381, wss_byte: 1785141273088
23:52:52: INFO [cache.py:19 (cache)]: 	create Flashield cache with size 178514127308
23:52:52: INFO [cache.py:19 (cache)]: 	create LRU cache with size 17851412730
23:52:52: INFO [cache.py:19 (cache)]: 	create FIFO cache with size 160662714578
23:52:55: INFO [flashield.py:170 (root)]: 	w04.oracleGeneral.bin-0.1-FIFO-True n_req: 1000000, n_miss: 430445, miss ratio: 0.4304, disk write 34533265920 + 0 (0.0193)
23:52:56: INFO [flashield.py:37 (root)]: 	w04.oracleGeneral.bin Training Flashield...
23:52:57: INFO [flashield.py:42 (root)]: 	w04.oracleGeneral.bin Training Flashield: 404874 features 404874 labels ...
23:52:57: INFO [flashield.py:55 (root)]: 	w04.oracleGeneral.bin finish training
23:53:04: INFO [flashield.py:170 (root)]: 	w04.oracleGeneral.bin-0.1-FIFO-True n_req: 2000000, n_miss: 816792, miss ratio: 0.4084, disk write 77847141376 + 0 (0.0436)
23:53:42: INFO [flashield.py:170 (root)]: 	w04.oracleGeneral.bin-0.1-FIFO-True n_req: 3000000, n_miss: 1182976, miss ratio: 0.3943, disk write 77847141376 + 0 (0.0436)
23:54:31: INFO [flashield.py:170 (root)]: 	w04.oracleGeneral.bin-0.1-FIFO-True n_req: 4000000, n_miss: 1574300, miss ratio: 0.3936, disk write 77847141376 + 0 (0.0436)
23:55:30: INFO [flashield.py:170 (root)]: 	w04.oracleGeneral.bin-0.1-FIFO-True n_req: 5000000, n_miss: 2098656, miss ratio: 0.4197, disk write 77847141376 + 0 (0.0436)
23:56:31: INFO [flashield.py:170 (root)]: 	w04.oracleGeneral.bin-0.1-FIFO-True n_req: 6000000, n_miss: 2656586, miss ratio: 0.4428, disk write 77847141376 + 0 (0.0436)
23:57:32: INFO [flashield.py:170 (root)]: 	w04.oracleGeneral.bin-0.1-FIFO-True n_req: 7000000, n_miss: 3213198, miss ratio: 0.4590, disk write 77847141376 + 0 (0.0436)
23:58:22: INFO [flashield.py:170 (root)]: 	w04.oracleGeneral.bin-0.1-FIFO-True n_req: 8000000, n_miss: 3677523, miss ratio: 0.4597, disk write 77847141376 + 0 (0.0436)
23:58:56: INFO [flashield.py:170 (root)]: 	w04.oracleGeneral.bin-0.1-FIFO-True n_req: 9000000, n_miss: 4034478, miss ratio: 0.4483, disk write 77847141376 + 0 (0.0436)
23:59:21: INFO [flashield.py:170 (root)]: 	w04.oracleGeneral.bin-0.1-FIFO-True n_req: 10000000, n_miss: 4315506, miss ratio: 0.4316, disk write 77847141376 + 0 (0.0436)
23:59:54: INFO [flashield.py:170 (root)]: 	w04.oracleGeneral.bin-0.1-FIFO-True n_req: 11000000, n_miss: 4590462, miss ratio: 0.4173, disk write 77847141376 + 0 (0.0436)
00:00:24: INFO [flashield.py:170 (root)]: 	w04.oracleGeneral.bin-0.1-FIFO-True n_req: 12000000, n_miss: 4873614, miss ratio: 0.4061, disk write 77847141376 + 0 (0.0436)
00:00:57: INFO [flashield.py:170 (root)]: 	w04.oracleGeneral.bin-0.1-FIFO-True n_req: 13000000, n_miss: 5154052, miss ratio: 0.3965, disk write 77847141376 + 0 (0.0436)
00:01:27: INFO [flashield.py:170 (root)]: 	w04.oracleGeneral.bin-0.1-FIFO-True n_req: 14000000, n_miss: 5428092, miss ratio: 0.3877, disk write 77847141376 + 0 (0.0436)
00:01:59: INFO [flashield.py:170 (root)]: 	w04.oracleGeneral.bin-0.1-FIFO-True n_req: 15000000, n_miss: 5702986, miss ratio: 0.3802, disk write 77847141376 + 0 (0.0436)
00:02:55: INFO [flashield.py:170 (root)]: 	w04.oracleGeneral.bin-0.1-FIFO-True n_req: 16000000, n_miss: 6083486, miss ratio: 0.3802, disk write 77847141376 + 0 (0.0436)
00:03:54: INFO [flashield.py:170 (root)]: 	w04.oracleGeneral.bin-0.1-FIFO-True n_req: 17000000, n_miss: 6596927, miss ratio: 0.3881, disk write 77847141376 + 0 (0.0436)
00:04:54: INFO [flashield.py:170 (root)]: 	w04.oracleGeneral.bin-0.1-FIFO-True n_req: 18000000, n_miss: 7137680, miss ratio: 0.3965, disk write 77847141376 + 0 (0.0436)
00:05:44: INFO [flashield.py:170 (root)]: 	w04.oracleGeneral.bin-0.1-FIFO-True n_req: 19000000, n_miss: 7614400, miss ratio: 0.4008, disk write 77847141376 + 0 (0.0436)
00:06:26: INFO [flashield.py:170 (root)]: 	w04.oracleGeneral.bin-0.1-FIFO-True n_req: 20000000, n_miss: 8000243, miss ratio: 0.4000, disk write 77847141376 + 0 (0.0436)
00:06:48: INFO [flashield.py:170 (root)]: 	w04.oracleGeneral.bin-0.1-FIFO-True n_req: 21000000, n_miss: 8299476, miss ratio: 0.3952, disk write 77847141376 + 0 (0.0436)
00:07:39: INFO [flashield.py:170 (root)]: 	w04.oracleGeneral.bin-0.1-FIFO-True n_req: 22000000, n_miss: 8655313, miss ratio: 0.3934, disk write 77847141376 + 0 (0.0436)
00:08:22: INFO [flashield.py:170 (root)]: 	w04.oracleGeneral.bin-0.1-FIFO-True n_req: 23000000, n_miss: 9030238, miss ratio: 0.3926, disk write 77847141376 + 0 (0.0436)
00:09:06: INFO [flashield.py:170 (root)]: 	w04.oracleGeneral.bin-0.1-FIFO-True n_req: 24000000, n_miss: 9449341, miss ratio: 0.3937, disk write 77847141376 + 0 (0.0436)
00:10:07: INFO [flashield.py:170 (root)]: 	w04.oracleGeneral.bin-0.1-FIFO-True n_req: 25000000, n_miss: 9978557, miss ratio: 0.3991, disk write 77847141376 + 0 (0.0436)
00:11:03: INFO [flashield.py:170 (root)]: 	w04.oracleGeneral.bin-0.1-FIFO-True n_req: 26000000, n_miss: 10489310, miss ratio: 0.4034, disk write 77847141376 + 0 (0.0436)
00:12:00: INFO [flashield.py:170 (root)]: 	w04.oracleGeneral.bin-0.1-FIFO-True n_req: 27000000, n_miss: 10987704, miss ratio: 0.4070, disk write 77847141376 + 0 (0.0436)
00:12:57: INFO [flashield.py:170 (root)]: 	w04.oracleGeneral.bin-0.1-FIFO-True n_req: 28000000, n_miss: 11494541, miss ratio: 0.4105, disk write 77847141376 + 0 (0.0436)
00:14:01: INFO [flashield.py:170 (root)]: 	w04.oracleGeneral.bin-0.1-FIFO-True n_req: 29000000, n_miss: 12043573, miss ratio: 0.4153, disk write 77847141376 + 0 (0.0436)
00:15:13: INFO [flashield.py:170 (root)]: 	w04.oracleGeneral.bin-0.1-FIFO-True n_req: 30000000, n_miss: 12677914, miss ratio: 0.4226, disk write 77847141376 + 0 (0.0436)
00:15:53: INFO [flashield.py:170 (root)]: 	w04.oracleGeneral.bin-0.1-FIFO-True n_req: 31000000, n_miss: 13165209, miss ratio: 0.4247, disk write 77847141376 + 0 (0.0436)
00:16:31: INFO [flashield.py:170 (root)]: 	w04.oracleGeneral.bin-0.1-FIFO-True n_req: 32000000, n_miss: 13561551, miss ratio: 0.4238, disk write 77847141376 + 0 (0.0436)
00:18:00: INFO [flashield.py:170 (root)]: 	w04.oracleGeneral.bin-0.1-FIFO-True n_req: 33000000, n_miss: 14199621, miss ratio: 0.4303, disk write 77847141376 + 0 (0.0436)
00:19:16: INFO [flashield.py:170 (root)]: 	w04.oracleGeneral.bin-0.1-FIFO-True n_req: 34000000, n_miss: 14888246, miss ratio: 0.4379, disk write 77847141376 + 0 (0.0436)
00:20:37: INFO [flashield.py:170 (root)]: 	w04.oracleGeneral.bin-0.1-FIFO-True n_req: 35000000, n_miss: 15612314, miss ratio: 0.4461, disk write 77847141376 + 0 (0.0436)
00:22:01: INFO [flashield.py:170 (root)]: 	w04.oracleGeneral.bin-0.1-FIFO-True n_req: 36000000, n_miss: 16395334, miss ratio: 0.4554, disk write 77847141376 + 0 (0.0436)
00:23:16: INFO [flashield.py:170 (root)]: 	w04.oracleGeneral.bin-0.1-FIFO-True n_req: 37000000, n_miss: 17089088, miss ratio: 0.4619, disk write 77847141376 + 0 (0.0436)
00:24:33: INFO [flashield.py:170 (root)]: 	w04.oracleGeneral.bin-0.1-FIFO-True n_req: 38000000, n_miss: 17766414, miss ratio: 0.4675, disk write 77847141376 + 0 (0.0436)
00:25:50: INFO [flashield.py:170 (root)]: 	w04.oracleGeneral.bin-0.1-FIFO-True n_req: 39000000, n_miss: 18463321, miss ratio: 0.4734, disk write 77847141376 + 0 (0.0436)
00:27:07: INFO [flashield.py:170 (root)]: 	w04.oracleGeneral.bin-0.1-FIFO-True n_req: 40000000, n_miss: 19166789, miss ratio: 0.4792, disk write 77847141376 + 0 (0.0436)
00:28:15: INFO [flashield.py:170 (root)]: 	w04.oracleGeneral.bin-0.1-FIFO-True n_req: 41000000, n_miss: 19792606, miss ratio: 0.4827, disk write 77847141376 + 0 (0.0436)
00:29:03: INFO [flashield.py:170 (root)]: 	w04.oracleGeneral.bin-0.1-FIFO-True n_req: 42000000, n_miss: 20257160, miss ratio: 0.4823, disk write 77847141376 + 0 (0.0436)
00:29:31: INFO [flashield.py:170 (root)]: 	w04.oracleGeneral.bin-0.1-FIFO-True n_req: 43000000, n_miss: 20586726, miss ratio: 0.4788, disk write 77847141376 + 0 (0.0436)
00:30:07: INFO [flashield.py:170 (root)]: 	w04.oracleGeneral.bin-0.1-FIFO-True n_req: 44000000, n_miss: 20900786, miss ratio: 0.4750, disk write 77847141376 + 0 (0.0436)
00:30:38: INFO [flashield.py:170 (root)]: 	w04.oracleGeneral.bin-0.1-FIFO-True n_req: 45000000, n_miss: 21207924, miss ratio: 0.4713, disk write 77847141376 + 0 (0.0436)
00:31:12: INFO [flashield.py:170 (root)]: 	w04.oracleGeneral.bin-0.1-FIFO-True n_req: 46000000, n_miss: 21511982, miss ratio: 0.4677, disk write 77847141376 + 0 (0.0436)
00:31:47: INFO [flashield.py:170 (root)]: 	w04.oracleGeneral.bin-0.1-FIFO-True n_req: 47000000, n_miss: 21803054, miss ratio: 0.4639, disk write 77847141376 + 0 (0.0436)
00:32:17: INFO [flashield.py:170 (root)]: 	w04.oracleGeneral.bin-0.1-FIFO-True n_req: 48000000, n_miss: 22092113, miss ratio: 0.4603, disk write 77847141376 + 0 (0.0436)
00:32:52: INFO [flashield.py:170 (root)]: 	w04.oracleGeneral.bin-0.1-FIFO-True n_req: 49000000, n_miss: 22389259, miss ratio: 0.4569, disk write 77847141376 + 0 (0.0436)
00:33:27: INFO [flashield.py:170 (root)]: 	w04.oracleGeneral.bin-0.1-FIFO-True n_req: 50000000, n_miss: 22683307, miss ratio: 0.4537, disk write 77847141376 + 0 (0.0436)
00:33:58: INFO [flashield.py:170 (root)]: 	w04.oracleGeneral.bin-0.1-FIFO-True n_req: 51000000, n_miss: 22981547, miss ratio: 0.4506, disk write 77847141376 + 0 (0.0436)
00:34:32: INFO [flashield.py:170 (root)]: 	w04.oracleGeneral.bin-0.1-FIFO-True n_req: 52000000, n_miss: 23277741, miss ratio: 0.4476, disk write 77847141376 + 0 (0.0436)
00:35:32: INFO [flashield.py:170 (root)]: 	w04.oracleGeneral.bin-0.1-FIFO-True n_req: 53000000, n_miss: 23697275, miss ratio: 0.4471, disk write 77847141376 + 0 (0.0436)
00:36:44: INFO [flashield.py:170 (root)]: 	w04.oracleGeneral.bin-0.1-FIFO-True n_req: 54000000, n_miss: 24330194, miss ratio: 0.4506, disk write 77847141376 + 0 (0.0436)
00:38:00: INFO [flashield.py:170 (root)]: 	w04.oracleGeneral.bin-0.1-FIFO-True n_req: 55000000, n_miss: 25013550, miss ratio: 0.4548, disk write 77847141376 + 0 (0.0436)
00:39:19: INFO [flashield.py:170 (root)]: 	w04.oracleGeneral.bin-0.1-FIFO-True n_req: 56000000, n_miss: 25725342, miss ratio: 0.4594, disk write 77847141376 + 0 (0.0436)
00:40:32: INFO [flashield.py:170 (root)]: 	w04.oracleGeneral.bin-0.1-FIFO-True n_req: 57000000, n_miss: 26393860, miss ratio: 0.4631, disk write 77847141376 + 0 (0.0436)
00:41:25: INFO [flashield.py:170 (root)]: 	w04.oracleGeneral.bin-0.1-FIFO-True n_req: 58000000, n_miss: 26880633, miss ratio: 0.4635, disk write 77847141376 + 0 (0.0436)
00:41:50: INFO [flashield.py:170 (root)]: 	w04.oracleGeneral.bin-0.1-FIFO-True n_req: 59000000, n_miss: 27218015, miss ratio: 0.4613, disk write 77847141376 + 0 (0.0436)
00:42:21: INFO [flashield.py:170 (root)]: 	w04.oracleGeneral.bin-0.1-FIFO-True n_req: 60000000, n_miss: 27508190, miss ratio: 0.4585, disk write 77847141376 + 0 (0.0436)
00:42:54: INFO [flashield.py:170 (root)]: 	w04.oracleGeneral.bin-0.1-FIFO-True n_req: 61000000, n_miss: 27786655, miss ratio: 0.4555, disk write 77847141376 + 0 (0.0436)
00:43:26: INFO [flashield.py:170 (root)]: 	w04.oracleGeneral.bin-0.1-FIFO-True n_req: 62000000, n_miss: 28074706, miss ratio: 0.4528, disk write 77847141376 + 0 (0.0436)
00:43:58: INFO [flashield.py:170 (root)]: 	w04.oracleGeneral.bin-0.1-FIFO-True n_req: 63000000, n_miss: 28360982, miss ratio: 0.4502, disk write 77847141376 + 0 (0.0436)
00:44:30: INFO [flashield.py:170 (root)]: 	w04.oracleGeneral.bin-0.1-FIFO-True n_req: 64000000, n_miss: 28649055, miss ratio: 0.4476, disk write 77847141376 + 0 (0.0436)
00:45:02: INFO [flashield.py:170 (root)]: 	w04.oracleGeneral.bin-0.1-FIFO-True n_req: 65000000, n_miss: 28934954, miss ratio: 0.4452, disk write 77847141376 + 0 (0.0436)
00:45:37: INFO [flashield.py:170 (root)]: 	w04.oracleGeneral.bin-0.1-FIFO-True n_req: 66000000, n_miss: 29218211, miss ratio: 0.4427, disk write 77847141376 + 0 (0.0436)
00:46:05: INFO [flashield.py:170 (root)]: 	w04.oracleGeneral.bin-0.1-FIFO-True n_req: 67000000, n_miss: 29507792, miss ratio: 0.4404, disk write 77847141376 + 0 (0.0436)
00:46:35: INFO [flashield.py:170 (root)]: 	w04.oracleGeneral.bin-0.1-FIFO-True n_req: 68000000, n_miss: 29797940, miss ratio: 0.4382, disk write 77847141376 + 0 (0.0436)
00:47:06: INFO [flashield.py:170 (root)]: 	w04.oracleGeneral.bin-0.1-FIFO-True n_req: 69000000, n_miss: 30078633, miss ratio: 0.4359, disk write 77847141376 + 0 (0.0436)
00:48:17: INFO [flashield.py:170 (root)]: 	w04.oracleGeneral.bin-0.1-FIFO-True n_req: 70000000, n_miss: 30548767, miss ratio: 0.4364, disk write 77847141376 + 0 (0.0436)
00:49:05: INFO [flashield.py:170 (root)]: 	w04.oracleGeneral.bin-0.1-FIFO-True n_req: 71000000, n_miss: 30988746, miss ratio: 0.4365, disk write 77847141376 + 0 (0.0436)
00:49:57: INFO [flashield.py:170 (root)]: 	w04.oracleGeneral.bin-0.1-FIFO-True n_req: 72000000, n_miss: 31447549, miss ratio: 0.4368, disk write 77847141376 + 0 (0.0436)
00:50:48: INFO [flashield.py:170 (root)]: 	w04.oracleGeneral.bin-0.1-FIFO-True n_req: 73000000, n_miss: 31900094, miss ratio: 0.4370, disk write 77847141376 + 0 (0.0436)
00:51:39: INFO [flashield.py:170 (root)]: 	w04.oracleGeneral.bin-0.1-FIFO-True n_req: 74000000, n_miss: 32351336, miss ratio: 0.4372, disk write 77847141376 + 0 (0.0436)
00:52:34: INFO [flashield.py:170 (root)]: 	w04.oracleGeneral.bin-0.1-FIFO-True n_req: 75000000, n_miss: 32833311, miss ratio: 0.4378, disk write 77847141376 + 0 (0.0436)
00:53:26: INFO [flashield.py:170 (root)]: 	w04.oracleGeneral.bin-0.1-FIFO-True n_req: 76000000, n_miss: 33307427, miss ratio: 0.4383, disk write 77847141376 + 0 (0.0436)
00:54:20: INFO [flashield.py:170 (root)]: 	w04.oracleGeneral.bin-0.1-FIFO-True n_req: 77000000, n_miss: 33778278, miss ratio: 0.4387, disk write 77847141376 + 0 (0.0436)
00:55:00: INFO [flashield.py:182 (root)]: 	w04.oracleGeneral.bin-0.1-FIFO-True n_req: 77764582, n_miss: 34128616, miss ratio: 0.4389, disk write 77847141376 + 0 (0.0436)
