23:51:54: INFO [flashield.py:220 (root)]: 	calculating wss for w05.oracleGeneral.bin
23:52:48: INFO [flashield.py:228 (root)]: 	w05.oracleGeneral.bin wss_obj: 41379800, wss_byte: 1542905902080
23:52:48: INFO [cache.py:19 (cache)]: 	create Flashield cache with size 154290590208
23:52:48: INFO [cache.py:19 (cache)]: 	create LRU cache with size 15429059020
23:52:48: INFO [cache.py:19 (cache)]: 	create FIFO cache with size 138861531188
23:52:50: INFO [flashield.py:170 (root)]: 	w05.oracleGeneral.bin-0.1-FIFO-True n_req: 1000000, n_miss: 997325, miss ratio: 0.9973, disk write 0 + 0 (0.0000)
23:52:52: INFO [flashield.py:170 (root)]: 	w05.oracleGeneral.bin-0.1-FIFO-True n_req: 2000000, n_miss: 1983057, miss ratio: 0.9915, disk write 0 + 0 (0.0000)
23:52:57: INFO [flashield.py:170 (root)]: 	w05.oracleGeneral.bin-0.1-FIFO-True n_req: 3000000, n_miss: 2695849, miss ratio: 0.8986, disk write 46484352512 + 0 (0.0301)
23:52:59: INFO [flashield.py:170 (root)]: 	w05.oracleGeneral.bin-0.1-FIFO-True n_req: 4000000, n_miss: 3494993, miss ratio: 0.8737, disk write 52230571520 + 0 (0.0339)
23:53:02: INFO [flashield.py:170 (root)]: 	w05.oracleGeneral.bin-0.1-FIFO-True n_req: 5000000, n_miss: 4248185, miss ratio: 0.8496, disk write 72836778496 + 0 (0.0472)
23:53:03: INFO [flashield.py:37 (root)]: 	w05.oracleGeneral.bin Training Flashield...
23:53:05: INFO [flashield.py:42 (root)]: 	w05.oracleGeneral.bin Training Flashield: 2679655 features 2679655 labels ...
23:53:05: INFO [flashield.py:55 (root)]: 	w05.oracleGeneral.bin finish training
23:53:06: INFO [flashield.py:170 (root)]: 	w05.oracleGeneral.bin-0.1-FIFO-True n_req: 6000000, n_miss: 5241688, miss ratio: 0.8736, disk write 73387439616 + 0 (0.0476)
23:53:09: INFO [flashield.py:170 (root)]: 	w05.oracleGeneral.bin-0.1-FIFO-True n_req: 7000000, n_miss: 6233029, miss ratio: 0.8904, disk write 73387439616 + 0 (0.0476)
23:53:13: INFO [flashield.py:170 (root)]: 	w05.oracleGeneral.bin-0.1-FIFO-True n_req: 8000000, n_miss: 7175084, miss ratio: 0.8969, disk write 73387439616 + 0 (0.0476)
23:53:16: INFO [flashield.py:170 (root)]: 	w05.oracleGeneral.bin-0.1-FIFO-True n_req: 9000000, n_miss: 8107480, miss ratio: 0.9008, disk write 73387439616 + 0 (0.0476)
23:53:20: INFO [flashield.py:170 (root)]: 	w05.oracleGeneral.bin-0.1-FIFO-True n_req: 10000000, n_miss: 9042078, miss ratio: 0.9042, disk write 73387439616 + 0 (0.0476)
23:53:23: INFO [flashield.py:170 (root)]: 	w05.oracleGeneral.bin-0.1-FIFO-True n_req: 11000000, n_miss: 9976435, miss ratio: 0.9069, disk write 73387439616 + 0 (0.0476)
23:53:30: INFO [flashield.py:170 (root)]: 	w05.oracleGeneral.bin-0.1-FIFO-True n_req: 12000000, n_miss: 10862954, miss ratio: 0.9052, disk write 73387439616 + 0 (0.0476)
23:53:33: INFO [flashield.py:170 (root)]: 	w05.oracleGeneral.bin-0.1-FIFO-True n_req: 13000000, n_miss: 11746592, miss ratio: 0.9036, disk write 73387439616 + 0 (0.0476)
23:53:38: INFO [flashield.py:170 (root)]: 	w05.oracleGeneral.bin-0.1-FIFO-True n_req: 14000000, n_miss: 12604037, miss ratio: 0.9003, disk write 73387439616 + 0 (0.0476)
00:08:42: INFO [flashield.py:170 (root)]: 	w05.oracleGeneral.bin-0.1-FIFO-True n_req: 15000000, n_miss: 13586441, miss ratio: 0.9058, disk write 73387439616 + 0 (0.0476)
00:08:58: INFO [flashield.py:170 (root)]: 	w05.oracleGeneral.bin-0.1-FIFO-True n_req: 16000000, n_miss: 14528338, miss ratio: 0.9080, disk write 73387439616 + 0 (0.0476)
00:09:02: INFO [flashield.py:170 (root)]: 	w05.oracleGeneral.bin-0.1-FIFO-True n_req: 17000000, n_miss: 15458725, miss ratio: 0.9093, disk write 73387439616 + 0 (0.0476)
00:09:07: INFO [flashield.py:170 (root)]: 	w05.oracleGeneral.bin-0.1-FIFO-True n_req: 18000000, n_miss: 16387358, miss ratio: 0.9104, disk write 73387439616 + 0 (0.0476)
00:09:11: INFO [flashield.py:170 (root)]: 	w05.oracleGeneral.bin-0.1-FIFO-True n_req: 19000000, n_miss: 17283955, miss ratio: 0.9097, disk write 73387439616 + 0 (0.0476)
00:17:00: INFO [flashield.py:170 (root)]: 	w05.oracleGeneral.bin-0.1-FIFO-True n_req: 20000000, n_miss: 18054396, miss ratio: 0.9027, disk write 73387439616 + 0 (0.0476)
00:17:50: INFO [flashield.py:170 (root)]: 	w05.oracleGeneral.bin-0.1-FIFO-True n_req: 21000000, n_miss: 18702062, miss ratio: 0.8906, disk write 73387439616 + 0 (0.0476)
00:18:02: INFO [flashield.py:170 (root)]: 	w05.oracleGeneral.bin-0.1-FIFO-True n_req: 22000000, n_miss: 19190101, miss ratio: 0.8723, disk write 73387439616 + 0 (0.0476)
00:19:23: INFO [flashield.py:170 (root)]: 	w05.oracleGeneral.bin-0.1-FIFO-True n_req: 23000000, n_miss: 20018063, miss ratio: 0.8704, disk write 73387439616 + 0 (0.0476)
00:19:34: INFO [flashield.py:170 (root)]: 	w05.oracleGeneral.bin-0.1-FIFO-True n_req: 24000000, n_miss: 20740695, miss ratio: 0.8642, disk write 73387439616 + 0 (0.0476)
00:19:55: INFO [flashield.py:170 (root)]: 	w05.oracleGeneral.bin-0.1-FIFO-True n_req: 25000000, n_miss: 21722326, miss ratio: 0.8689, disk write 73387439616 + 0 (0.0476)
00:24:44: INFO [flashield.py:170 (root)]: 	w05.oracleGeneral.bin-0.1-FIFO-True n_req: 26000000, n_miss: 22701201, miss ratio: 0.8731, disk write 73387439616 + 0 (0.0476)
00:24:47: INFO [flashield.py:170 (root)]: 	w05.oracleGeneral.bin-0.1-FIFO-True n_req: 27000000, n_miss: 23661824, miss ratio: 0.8764, disk write 73387439616 + 0 (0.0476)
00:24:49: INFO [flashield.py:170 (root)]: 	w05.oracleGeneral.bin-0.1-FIFO-True n_req: 28000000, n_miss: 24641088, miss ratio: 0.8800, disk write 73387439616 + 0 (0.0476)
00:24:53: INFO [flashield.py:170 (root)]: 	w05.oracleGeneral.bin-0.1-FIFO-True n_req: 29000000, n_miss: 25566597, miss ratio: 0.8816, disk write 73387439616 + 0 (0.0476)
00:24:57: INFO [flashield.py:170 (root)]: 	w05.oracleGeneral.bin-0.1-FIFO-True n_req: 30000000, n_miss: 26511548, miss ratio: 0.8837, disk write 73387439616 + 0 (0.0476)
00:26:35: INFO [flashield.py:170 (root)]: 	w05.oracleGeneral.bin-0.1-FIFO-True n_req: 31000000, n_miss: 27424134, miss ratio: 0.8846, disk write 73387439616 + 0 (0.0476)
00:27:30: INFO [flashield.py:170 (root)]: 	w05.oracleGeneral.bin-0.1-FIFO-True n_req: 32000000, n_miss: 27742444, miss ratio: 0.8670, disk write 73387439616 + 0 (0.0476)
00:27:43: INFO [flashield.py:170 (root)]: 	w05.oracleGeneral.bin-0.1-FIFO-True n_req: 33000000, n_miss: 28042314, miss ratio: 0.8498, disk write 73387439616 + 0 (0.0476)
00:29:06: INFO [flashield.py:170 (root)]: 	w05.oracleGeneral.bin-0.1-FIFO-True n_req: 34000000, n_miss: 28625229, miss ratio: 0.8419, disk write 73387439616 + 0 (0.0476)
00:32:27: INFO [flashield.py:170 (root)]: 	w05.oracleGeneral.bin-0.1-FIFO-True n_req: 35000000, n_miss: 29267664, miss ratio: 0.8362, disk write 73387439616 + 0 (0.0476)
00:34:51: INFO [flashield.py:170 (root)]: 	w05.oracleGeneral.bin-0.1-FIFO-True n_req: 36000000, n_miss: 30200897, miss ratio: 0.8389, disk write 73387439616 + 0 (0.0476)
00:36:02: INFO [flashield.py:170 (root)]: 	w05.oracleGeneral.bin-0.1-FIFO-True n_req: 37000000, n_miss: 30937386, miss ratio: 0.8361, disk write 73387439616 + 0 (0.0476)
00:36:07: INFO [flashield.py:170 (root)]: 	w05.oracleGeneral.bin-0.1-FIFO-True n_req: 38000000, n_miss: 31765998, miss ratio: 0.8359, disk write 73387439616 + 0 (0.0476)
00:36:16: INFO [flashield.py:170 (root)]: 	w05.oracleGeneral.bin-0.1-FIFO-True n_req: 39000000, n_miss: 32723246, miss ratio: 0.8391, disk write 73387439616 + 0 (0.0476)
00:37:34: INFO [flashield.py:170 (root)]: 	w05.oracleGeneral.bin-0.1-FIFO-True n_req: 40000000, n_miss: 33399772, miss ratio: 0.8350, disk write 73387439616 + 0 (0.0476)
00:41:30: INFO [flashield.py:170 (root)]: 	w05.oracleGeneral.bin-0.1-FIFO-True n_req: 41000000, n_miss: 34241572, miss ratio: 0.8352, disk write 73387439616 + 0 (0.0476)
00:44:21: INFO [flashield.py:170 (root)]: 	w05.oracleGeneral.bin-0.1-FIFO-True n_req: 42000000, n_miss: 35136229, miss ratio: 0.8366, disk write 73387439616 + 0 (0.0476)
00:45:55: INFO [flashield.py:170 (root)]: 	w05.oracleGeneral.bin-0.1-FIFO-True n_req: 43000000, n_miss: 35717074, miss ratio: 0.8306, disk write 73387439616 + 0 (0.0476)
00:49:01: INFO [flashield.py:170 (root)]: 	w05.oracleGeneral.bin-0.1-FIFO-True n_req: 44000000, n_miss: 36437585, miss ratio: 0.8281, disk write 73387439616 + 0 (0.0476)
00:49:15: INFO [flashield.py:170 (root)]: 	w05.oracleGeneral.bin-0.1-FIFO-True n_req: 45000000, n_miss: 36941966, miss ratio: 0.8209, disk write 73387439616 + 0 (0.0476)
00:49:54: INFO [flashield.py:170 (root)]: 	w05.oracleGeneral.bin-0.1-FIFO-True n_req: 46000000, n_miss: 37485934, miss ratio: 0.8149, disk write 73387439616 + 0 (0.0476)
00:51:16: INFO [flashield.py:170 (root)]: 	w05.oracleGeneral.bin-0.1-FIFO-True n_req: 47000000, n_miss: 38110268, miss ratio: 0.8109, disk write 73387439616 + 0 (0.0476)
00:52:08: INFO [flashield.py:170 (root)]: 	w05.oracleGeneral.bin-0.1-FIFO-True n_req: 48000000, n_miss: 38713080, miss ratio: 0.8065, disk write 73387439616 + 0 (0.0476)
00:53:27: INFO [flashield.py:170 (root)]: 	w05.oracleGeneral.bin-0.1-FIFO-True n_req: 49000000, n_miss: 39235177, miss ratio: 0.8007, disk write 73387439616 + 0 (0.0476)
00:54:25: INFO [flashield.py:170 (root)]: 	w05.oracleGeneral.bin-0.1-FIFO-True n_req: 50000000, n_miss: 39742535, miss ratio: 0.7949, disk write 73387439616 + 0 (0.0476)
00:55:58: INFO [flashield.py:170 (root)]: 	w05.oracleGeneral.bin-0.1-FIFO-True n_req: 51000000, n_miss: 40258522, miss ratio: 0.7894, disk write 73387439616 + 0 (0.0476)
00:57:01: INFO [flashield.py:170 (root)]: 	w05.oracleGeneral.bin-0.1-FIFO-True n_req: 52000000, n_miss: 40974956, miss ratio: 0.7880, disk write 73387439616 + 0 (0.0476)
00:58:36: INFO [flashield.py:170 (root)]: 	w05.oracleGeneral.bin-0.1-FIFO-True n_req: 53000000, n_miss: 41720132, miss ratio: 0.7872, disk write 73387439616 + 0 (0.0476)
00:59:58: INFO [flashield.py:170 (root)]: 	w05.oracleGeneral.bin-0.1-FIFO-True n_req: 54000000, n_miss: 42559925, miss ratio: 0.7881, disk write 73387439616 + 0 (0.0476)
01:00:02: INFO [flashield.py:170 (root)]: 	w05.oracleGeneral.bin-0.1-FIFO-True n_req: 55000000, n_miss: 43002161, miss ratio: 0.7819, disk write 73387439616 + 0 (0.0476)
01:00:46: INFO [flashield.py:170 (root)]: 	w05.oracleGeneral.bin-0.1-FIFO-True n_req: 56000000, n_miss: 43451318, miss ratio: 0.7759, disk write 73387439616 + 0 (0.0476)
01:02:35: INFO [flashield.py:170 (root)]: 	w05.oracleGeneral.bin-0.1-FIFO-True n_req: 57000000, n_miss: 44043215, miss ratio: 0.7727, disk write 73387439616 + 0 (0.0476)
01:04:22: INFO [flashield.py:170 (root)]: 	w05.oracleGeneral.bin-0.1-FIFO-True n_req: 58000000, n_miss: 45028470, miss ratio: 0.7764, disk write 73387439616 + 0 (0.0476)
01:06:17: INFO [flashield.py:170 (root)]: 	w05.oracleGeneral.bin-0.1-FIFO-True n_req: 59000000, n_miss: 46011785, miss ratio: 0.7799, disk write 73387439616 + 0 (0.0476)
01:07:57: INFO [flashield.py:170 (root)]: 	w05.oracleGeneral.bin-0.1-FIFO-True n_req: 60000000, n_miss: 46988785, miss ratio: 0.7831, disk write 73387439616 + 0 (0.0476)
01:09:07: INFO [flashield.py:170 (root)]: 	w05.oracleGeneral.bin-0.1-FIFO-True n_req: 61000000, n_miss: 47745301, miss ratio: 0.7827, disk write 73387439616 + 0 (0.0476)
01:09:44: INFO [flashield.py:170 (root)]: 	w05.oracleGeneral.bin-0.1-FIFO-True n_req: 62000000, n_miss: 48350927, miss ratio: 0.7799, disk write 73387439616 + 0 (0.0476)
01:11:55: INFO [flashield.py:170 (root)]: 	w05.oracleGeneral.bin-0.1-FIFO-True n_req: 63000000, n_miss: 49126350, miss ratio: 0.7798, disk write 73387439616 + 0 (0.0476)
01:12:21: INFO [flashield.py:170 (root)]: 	w05.oracleGeneral.bin-0.1-FIFO-True n_req: 64000000, n_miss: 49679219, miss ratio: 0.7762, disk write 73387439616 + 0 (0.0476)
01:13:25: INFO [flashield.py:170 (root)]: 	w05.oracleGeneral.bin-0.1-FIFO-True n_req: 65000000, n_miss: 50246164, miss ratio: 0.7730, disk write 73387439616 + 0 (0.0476)
01:14:52: INFO [flashield.py:170 (root)]: 	w05.oracleGeneral.bin-0.1-FIFO-True n_req: 66000000, n_miss: 50775702, miss ratio: 0.7693, disk write 73387439616 + 0 (0.0476)
01:15:57: INFO [flashield.py:170 (root)]: 	w05.oracleGeneral.bin-0.1-FIFO-True n_req: 67000000, n_miss: 51504978, miss ratio: 0.7687, disk write 73387439616 + 0 (0.0476)
01:17:08: INFO [flashield.py:170 (root)]: 	w05.oracleGeneral.bin-0.1-FIFO-True n_req: 68000000, n_miss: 52221212, miss ratio: 0.7680, disk write 73387439616 + 0 (0.0476)
01:18:11: INFO [flashield.py:170 (root)]: 	w05.oracleGeneral.bin-0.1-FIFO-True n_req: 69000000, n_miss: 52876141, miss ratio: 0.7663, disk write 73387439616 + 0 (0.0476)
01:19:46: INFO [flashield.py:170 (root)]: 	w05.oracleGeneral.bin-0.1-FIFO-True n_req: 70000000, n_miss: 53450963, miss ratio: 0.7636, disk write 73387439616 + 0 (0.0476)
01:20:42: INFO [flashield.py:170 (root)]: 	w05.oracleGeneral.bin-0.1-FIFO-True n_req: 71000000, n_miss: 54172796, miss ratio: 0.7630, disk write 73387439616 + 0 (0.0476)
01:21:41: INFO [flashield.py:170 (root)]: 	w05.oracleGeneral.bin-0.1-FIFO-True n_req: 72000000, n_miss: 54771040, miss ratio: 0.7607, disk write 73387439616 + 0 (0.0476)
01:22:50: INFO [flashield.py:170 (root)]: 	w05.oracleGeneral.bin-0.1-FIFO-True n_req: 73000000, n_miss: 55438183, miss ratio: 0.7594, disk write 73387439616 + 0 (0.0476)
01:22:52: INFO [flashield.py:182 (root)]: 	w05.oracleGeneral.bin-0.1-FIFO-True n_req: 73034546, n_miss: 55471066, miss ratio: 0.7595, disk write 73387439616 + 0 (0.0476)
