23:51:54: INFO [flashield.py:220 (root)]: 	calculating wss for w06.oracleGeneral.bin
23:52:30: INFO [flashield.py:228 (root)]: 	w06.oracleGeneral.bin wss_obj: 1699448, wss_byte: 23468258304
23:52:30: INFO [cache.py:19 (cache)]: 	create Flashield cache with size 2346825830
23:52:30: INFO [cache.py:19 (cache)]: 	create LRU cache with size 234682583
23:52:30: INFO [cache.py:19 (cache)]: 	create FIFO cache with size 2112143247
23:52:30: INFO [flashield.py:37 (root)]: 	w06.oracleGeneral.bin Training Flashield...
23:52:30: INFO [flashield.py:42 (root)]: 	w06.oracleGeneral.bin Training Flashield: 42741 features 42741 labels ...
23:52:30: INFO [flashield.py:55 (root)]: 	w06.oracleGeneral.bin finish training
23:52:46: INFO [flashield.py:170 (root)]: 	w06.oracleGeneral.bin-0.1-FIFO-True n_req: 1000000, n_miss: 203610, miss ratio: 0.2036, disk write 1997882880 + 0 (0.0851)
23:54:15: INFO [flashield.py:170 (root)]: 	w06.oracleGeneral.bin-0.1-FIFO-True n_req: 2000000, n_miss: 1030340, miss ratio: 0.5152, disk write 12953996288 + 0 (0.5520)
23:55:09: INFO [flashield.py:170 (root)]: 	w06.oracleGeneral.bin-0.1-FIFO-True n_req: 3000000, n_miss: 1534641, miss ratio: 0.5115, disk write 20826954240 + 0 (0.8875)
23:55:18: INFO [flashield.py:170 (root)]: 	w06.oracleGeneral.bin-0.1-FIFO-True n_req: 4000000, n_miss: 1594710, miss ratio: 0.3987, disk write 21319948800 + 0 (0.9085)
23:55:22: INFO [flashield.py:170 (root)]: 	w06.oracleGeneral.bin-0.1-FIFO-True n_req: 5000000, n_miss: 1621899, miss ratio: 0.3244, disk write 21757413376 + 0 (0.9271)
23:55:26: INFO [flashield.py:170 (root)]: 	w06.oracleGeneral.bin-0.1-FIFO-True n_req: 6000000, n_miss: 1658953, miss ratio: 0.2765, disk write 22063226368 + 0 (0.9401)
23:55:34: INFO [flashield.py:170 (root)]: 	w06.oracleGeneral.bin-0.1-FIFO-True n_req: 7000000, n_miss: 1714079, miss ratio: 0.2449, disk write 22729581568 + 0 (0.9685)
23:55:47: INFO [flashield.py:170 (root)]: 	w06.oracleGeneral.bin-0.1-FIFO-True n_req: 8000000, n_miss: 1847832, miss ratio: 0.2310, disk write 24075614720 + 0 (1.0259)
23:55:52: INFO [flashield.py:170 (root)]: 	w06.oracleGeneral.bin-0.1-FIFO-True n_req: 9000000, n_miss: 1880780, miss ratio: 0.2090, disk write 24341953536 + 0 (1.0372)
23:56:01: INFO [flashield.py:170 (root)]: 	w06.oracleGeneral.bin-0.1-FIFO-True n_req: 10000000, n_miss: 1958541, miss ratio: 0.1959, disk write 25275289600 + 0 (1.0770)
23:56:07: INFO [flashield.py:170 (root)]: 	w06.oracleGeneral.bin-0.1-FIFO-True n_req: 11000000, n_miss: 1996558, miss ratio: 0.1815, disk write 25542500352 + 0 (1.0884)
23:56:13: INFO [flashield.py:170 (root)]: 	w06.oracleGeneral.bin-0.1-FIFO-True n_req: 12000000, n_miss: 2053339, miss ratio: 0.1711, disk write 26235399168 + 0 (1.1179)
23:56:21: INFO [flashield.py:170 (root)]: 	w06.oracleGeneral.bin-0.1-FIFO-True n_req: 13000000, n_miss: 2092377, miss ratio: 0.1610, disk write 26659910144 + 0 (1.1360)
23:56:28: INFO [flashield.py:170 (root)]: 	w06.oracleGeneral.bin-0.1-FIFO-True n_req: 14000000, n_miss: 2155516, miss ratio: 0.1540, disk write 27435414528 + 0 (1.1690)
23:56:34: INFO [flashield.py:170 (root)]: 	w06.oracleGeneral.bin-0.1-FIFO-True n_req: 15000000, n_miss: 2208233, miss ratio: 0.1472, disk write 27894190592 + 0 (1.1886)
23:56:41: INFO [flashield.py:170 (root)]: 	w06.oracleGeneral.bin-0.1-FIFO-True n_req: 16000000, n_miss: 2270301, miss ratio: 0.1419, disk write 28617054720 + 0 (1.2194)
23:56:49: INFO [flashield.py:170 (root)]: 	w06.oracleGeneral.bin-0.1-FIFO-True n_req: 17000000, n_miss: 2321578, miss ratio: 0.1366, disk write 29062994432 + 0 (1.2384)
23:56:57: INFO [flashield.py:170 (root)]: 	w06.oracleGeneral.bin-0.1-FIFO-True n_req: 18000000, n_miss: 2389203, miss ratio: 0.1327, disk write 30036986880 + 0 (1.2799)
23:57:05: INFO [flashield.py:170 (root)]: 	w06.oracleGeneral.bin-0.1-FIFO-True n_req: 19000000, n_miss: 2444606, miss ratio: 0.1287, disk write 30451702272 + 0 (1.2976)
23:57:08: INFO [flashield.py:170 (root)]: 	w06.oracleGeneral.bin-0.1-FIFO-True n_req: 20000000, n_miss: 2467028, miss ratio: 0.1234, disk write 30742508032 + 0 (1.3100)
23:57:12: INFO [flashield.py:170 (root)]: 	w06.oracleGeneral.bin-0.1-FIFO-True n_req: 21000000, n_miss: 2489209, miss ratio: 0.1185, disk write 30996025856 + 0 (1.3208)
23:57:18: INFO [flashield.py:170 (root)]: 	w06.oracleGeneral.bin-0.1-FIFO-True n_req: 22000000, n_miss: 2546511, miss ratio: 0.1158, disk write 31705958400 + 0 (1.3510)
23:57:27: INFO [flashield.py:170 (root)]: 	w06.oracleGeneral.bin-0.1-FIFO-True n_req: 23000000, n_miss: 2616372, miss ratio: 0.1138, disk write 32227408384 + 0 (1.3732)
23:57:30: INFO [flashield.py:170 (root)]: 	w06.oracleGeneral.bin-0.1-FIFO-True n_req: 24000000, n_miss: 2635487, miss ratio: 0.1098, disk write 32391030784 + 0 (1.3802)
23:57:33: INFO [flashield.py:170 (root)]: 	w06.oracleGeneral.bin-0.1-FIFO-True n_req: 25000000, n_miss: 2662081, miss ratio: 0.1065, disk write 32576431616 + 0 (1.3881)
23:57:42: INFO [flashield.py:170 (root)]: 	w06.oracleGeneral.bin-0.1-FIFO-True n_req: 26000000, n_miss: 2725212, miss ratio: 0.1048, disk write 33545097728 + 0 (1.4294)
23:57:46: INFO [flashield.py:170 (root)]: 	w06.oracleGeneral.bin-0.1-FIFO-True n_req: 27000000, n_miss: 2767834, miss ratio: 0.1025, disk write 33996173824 + 0 (1.4486)
23:57:53: INFO [flashield.py:170 (root)]: 	w06.oracleGeneral.bin-0.1-FIFO-True n_req: 28000000, n_miss: 2806545, miss ratio: 0.1002, disk write 34434373632 + 0 (1.4673)
23:57:58: INFO [flashield.py:170 (root)]: 	w06.oracleGeneral.bin-0.1-FIFO-True n_req: 29000000, n_miss: 2844471, miss ratio: 0.0981, disk write 34768435200 + 0 (1.4815)
23:58:07: INFO [flashield.py:170 (root)]: 	w06.oracleGeneral.bin-0.1-FIFO-True n_req: 30000000, n_miss: 2923079, miss ratio: 0.0974, disk write 35617104896 + 0 (1.5177)
23:58:14: INFO [flashield.py:170 (root)]: 	w06.oracleGeneral.bin-0.1-FIFO-True n_req: 31000000, n_miss: 2972846, miss ratio: 0.0959, disk write 36532050432 + 0 (1.5567)
23:58:21: INFO [flashield.py:170 (root)]: 	w06.oracleGeneral.bin-0.1-FIFO-True n_req: 32000000, n_miss: 3026229, miss ratio: 0.0946, disk write 36970861056 + 0 (1.5754)
23:58:25: INFO [flashield.py:170 (root)]: 	w06.oracleGeneral.bin-0.1-FIFO-True n_req: 33000000, n_miss: 3061787, miss ratio: 0.0928, disk write 37232453632 + 0 (1.5865)
23:58:30: INFO [flashield.py:170 (root)]: 	w06.oracleGeneral.bin-0.1-FIFO-True n_req: 34000000, n_miss: 3101896, miss ratio: 0.0912, disk write 37557373952 + 0 (1.6003)
23:58:39: INFO [flashield.py:170 (root)]: 	w06.oracleGeneral.bin-0.1-FIFO-True n_req: 35000000, n_miss: 3172962, miss ratio: 0.0907, disk write 38327856128 + 0 (1.6332)
23:58:43: INFO [flashield.py:170 (root)]: 	w06.oracleGeneral.bin-0.1-FIFO-True n_req: 36000000, n_miss: 3189470, miss ratio: 0.0886, disk write 38574686720 + 0 (1.6437)
23:58:44: INFO [flashield.py:170 (root)]: 	w06.oracleGeneral.bin-0.1-FIFO-True n_req: 37000000, n_miss: 3198499, miss ratio: 0.0864, disk write 38657041920 + 0 (1.6472)
23:58:50: INFO [flashield.py:170 (root)]: 	w06.oracleGeneral.bin-0.1-FIFO-True n_req: 38000000, n_miss: 3254445, miss ratio: 0.0856, disk write 39259306496 + 0 (1.6729)
23:58:53: INFO [flashield.py:170 (root)]: 	w06.oracleGeneral.bin-0.1-FIFO-True n_req: 39000000, n_miss: 3275222, miss ratio: 0.0840, disk write 39389715968 + 0 (1.6784)
23:58:55: INFO [flashield.py:170 (root)]: 	w06.oracleGeneral.bin-0.1-FIFO-True n_req: 40000000, n_miss: 3286785, miss ratio: 0.0822, disk write 39498477568 + 0 (1.6831)
23:58:59: INFO [flashield.py:170 (root)]: 	w06.oracleGeneral.bin-0.1-FIFO-True n_req: 41000000, n_miss: 3306194, miss ratio: 0.0806, disk write 39712991744 + 0 (1.6922)
23:59:01: INFO [flashield.py:170 (root)]: 	w06.oracleGeneral.bin-0.1-FIFO-True n_req: 42000000, n_miss: 3320604, miss ratio: 0.0791, disk write 39831738880 + 0 (1.6973)
23:59:06: INFO [flashield.py:170 (root)]: 	w06.oracleGeneral.bin-0.1-FIFO-True n_req: 43000000, n_miss: 3352907, miss ratio: 0.0780, disk write 40061085184 + 0 (1.7070)
23:59:14: INFO [flashield.py:170 (root)]: 	w06.oracleGeneral.bin-0.1-FIFO-True n_req: 44000000, n_miss: 3419882, miss ratio: 0.0777, disk write 40831907840 + 0 (1.7399)
23:59:18: INFO [flashield.py:170 (root)]: 	w06.oracleGeneral.bin-0.1-FIFO-True n_req: 45000000, n_miss: 3445266, miss ratio: 0.0766, disk write 40982994432 + 0 (1.7463)
23:59:22: INFO [flashield.py:170 (root)]: 	w06.oracleGeneral.bin-0.1-FIFO-True n_req: 46000000, n_miss: 3457122, miss ratio: 0.0752, disk write 41107766272 + 0 (1.7516)
23:59:26: INFO [flashield.py:170 (root)]: 	w06.oracleGeneral.bin-0.1-FIFO-True n_req: 47000000, n_miss: 3478535, miss ratio: 0.0740, disk write 41455260672 + 0 (1.7664)
23:59:28: INFO [flashield.py:170 (root)]: 	w06.oracleGeneral.bin-0.1-FIFO-True n_req: 48000000, n_miss: 3490814, miss ratio: 0.0727, disk write 41548413440 + 0 (1.7704)
23:59:29: INFO [flashield.py:170 (root)]: 	w06.oracleGeneral.bin-0.1-FIFO-True n_req: 49000000, n_miss: 3494885, miss ratio: 0.0713, disk write 41587287552 + 0 (1.7721)
23:59:31: INFO [flashield.py:170 (root)]: 	w06.oracleGeneral.bin-0.1-FIFO-True n_req: 50000000, n_miss: 3504882, miss ratio: 0.0701, disk write 41715777536 + 0 (1.7775)
23:59:34: INFO [flashield.py:170 (root)]: 	w06.oracleGeneral.bin-0.1-FIFO-True n_req: 51000000, n_miss: 3528408, miss ratio: 0.0692, disk write 41894519808 + 0 (1.7852)
23:59:36: INFO [flashield.py:170 (root)]: 	w06.oracleGeneral.bin-0.1-FIFO-True n_req: 52000000, n_miss: 3548264, miss ratio: 0.0682, disk write 42004319232 + 0 (1.7898)
23:59:41: INFO [flashield.py:170 (root)]: 	w06.oracleGeneral.bin-0.1-FIFO-True n_req: 53000000, n_miss: 3564761, miss ratio: 0.0673, disk write 42167663104 + 0 (1.7968)
23:59:44: INFO [flashield.py:170 (root)]: 	w06.oracleGeneral.bin-0.1-FIFO-True n_req: 54000000, n_miss: 3600199, miss ratio: 0.0667, disk write 42440161792 + 0 (1.8084)
23:59:49: INFO [flashield.py:170 (root)]: 	w06.oracleGeneral.bin-0.1-FIFO-True n_req: 55000000, n_miss: 3618857, miss ratio: 0.0658, disk write 42634454528 + 0 (1.8167)
23:59:53: INFO [flashield.py:170 (root)]: 	w06.oracleGeneral.bin-0.1-FIFO-True n_req: 56000000, n_miss: 3640792, miss ratio: 0.0650, disk write 42989403648 + 0 (1.8318)
23:59:56: INFO [flashield.py:170 (root)]: 	w06.oracleGeneral.bin-0.1-FIFO-True n_req: 57000000, n_miss: 3669689, miss ratio: 0.0644, disk write 43151481856 + 0 (1.8387)
23:59:58: INFO [flashield.py:170 (root)]: 	w06.oracleGeneral.bin-0.1-FIFO-True n_req: 58000000, n_miss: 3688383, miss ratio: 0.0636, disk write 43256211456 + 0 (1.8432)
00:00:03: INFO [flashield.py:170 (root)]: 	w06.oracleGeneral.bin-0.1-FIFO-True n_req: 59000000, n_miss: 3707879, miss ratio: 0.0628, disk write 43457735680 + 0 (1.8518)
00:00:08: INFO [flashield.py:170 (root)]: 	w06.oracleGeneral.bin-0.1-FIFO-True n_req: 60000000, n_miss: 3743347, miss ratio: 0.0624, disk write 43841617920 + 0 (1.8681)
00:00:10: INFO [flashield.py:170 (root)]: 	w06.oracleGeneral.bin-0.1-FIFO-True n_req: 61000000, n_miss: 3765617, miss ratio: 0.0617, disk write 43982281728 + 0 (1.8741)
00:00:14: INFO [flashield.py:170 (root)]: 	w06.oracleGeneral.bin-0.1-FIFO-True n_req: 62000000, n_miss: 3779514, miss ratio: 0.0610, disk write 44100352512 + 0 (1.8791)
00:00:19: INFO [flashield.py:170 (root)]: 	w06.oracleGeneral.bin-0.1-FIFO-True n_req: 63000000, n_miss: 3814225, miss ratio: 0.0605, disk write 44407422464 + 0 (1.8922)
00:00:23: INFO [flashield.py:170 (root)]: 	w06.oracleGeneral.bin-0.1-FIFO-True n_req: 64000000, n_miss: 3854126, miss ratio: 0.0602, disk write 44611324928 + 0 (1.9009)
00:00:26: INFO [flashield.py:170 (root)]: 	w06.oracleGeneral.bin-0.1-FIFO-True n_req: 65000000, n_miss: 3869929, miss ratio: 0.0595, disk write 44728461312 + 0 (1.9059)
00:00:31: INFO [flashield.py:170 (root)]: 	w06.oracleGeneral.bin-0.1-FIFO-True n_req: 66000000, n_miss: 3890186, miss ratio: 0.0589, disk write 44974704128 + 0 (1.9164)
00:00:35: INFO [flashield.py:170 (root)]: 	w06.oracleGeneral.bin-0.1-FIFO-True n_req: 67000000, n_miss: 3921740, miss ratio: 0.0585, disk write 45286628352 + 0 (1.9297)
00:00:38: INFO [flashield.py:170 (root)]: 	w06.oracleGeneral.bin-0.1-FIFO-True n_req: 68000000, n_miss: 3939173, miss ratio: 0.0579, disk write 45449744896 + 0 (1.9366)
00:00:43: INFO [flashield.py:170 (root)]: 	w06.oracleGeneral.bin-0.1-FIFO-True n_req: 69000000, n_miss: 3980092, miss ratio: 0.0577, disk write 45843047936 + 0 (1.9534)
00:00:44: INFO [flashield.py:182 (root)]: 	w06.oracleGeneral.bin-0.1-FIFO-True n_req: 69392150, n_miss: 3987447, miss ratio: 0.0575, disk write 45897500160 + 0 (1.9557)
