23:51:54: INFO [flashield.py:220 (root)]: 	calculating wss for w07.oracleGeneral.bin
23:52:46: INFO [flashield.py:228 (root)]: 	w07.oracleGeneral.bin wss_obj: 9502621, wss_byte: 146730342912
23:52:46: INFO [cache.py:19 (cache)]: 	create Flashield cache with size 14673034291
23:52:46: INFO [cache.py:19 (cache)]: 	create LRU cache with size 1467303429
23:52:46: INFO [cache.py:19 (cache)]: 	create FIFO cache with size 13205730862
23:52:47: INFO [flashield.py:37 (root)]: 	w07.oracleGeneral.bin Training Flashield...
23:52:47: INFO [flashield.py:42 (root)]: 	w07.oracleGeneral.bin Training Flashield: 127846 features 127846 labels ...
23:52:47: INFO [flashield.py:55 (root)]: 	w07.oracleGeneral.bin finish training
23:53:27: INFO [flashield.py:170 (root)]: 	w07.oracleGeneral.bin-0.1-FIFO-True n_req: 1000000, n_miss: 673367, miss ratio: 0.6734, disk write 621914112 + 0 (0.0042)
23:54:52: INFO [flashield.py:170 (root)]: 	w07.oracleGeneral.bin-0.1-FIFO-True n_req: 2000000, n_miss: 1391420, miss ratio: 0.6957, disk write 621914112 + 0 (0.0042)
23:56:04: INFO [flashield.py:170 (root)]: 	w07.oracleGeneral.bin-0.1-FIFO-True n_req: 3000000, n_miss: 2051373, miss ratio: 0.6838, disk write 621914112 + 0 (0.0042)
23:57:15: INFO [flashield.py:170 (root)]: 	w07.oracleGeneral.bin-0.1-FIFO-True n_req: 4000000, n_miss: 2736969, miss ratio: 0.6842, disk write 621914112 + 0 (0.0042)
23:58:34: INFO [flashield.py:170 (root)]: 	w07.oracleGeneral.bin-0.1-FIFO-True n_req: 5000000, n_miss: 3397851, miss ratio: 0.6796, disk write 621914112 + 0 (0.0042)
23:59:34: INFO [flashield.py:170 (root)]: 	w07.oracleGeneral.bin-0.1-FIFO-True n_req: 6000000, n_miss: 3885869, miss ratio: 0.6476, disk write 621914112 + 0 (0.0042)
00:00:29: INFO [flashield.py:170 (root)]: 	w07.oracleGeneral.bin-0.1-FIFO-True n_req: 7000000, n_miss: 4376507, miss ratio: 0.6252, disk write 621914112 + 0 (0.0042)
00:01:21: INFO [flashield.py:170 (root)]: 	w07.oracleGeneral.bin-0.1-FIFO-True n_req: 8000000, n_miss: 4870754, miss ratio: 0.6088, disk write 621914112 + 0 (0.0042)
00:02:14: INFO [flashield.py:170 (root)]: 	w07.oracleGeneral.bin-0.1-FIFO-True n_req: 9000000, n_miss: 5347793, miss ratio: 0.5942, disk write 621914112 + 0 (0.0042)
00:03:20: INFO [flashield.py:170 (root)]: 	w07.oracleGeneral.bin-0.1-FIFO-True n_req: 10000000, n_miss: 6107674, miss ratio: 0.6108, disk write 621914112 + 0 (0.0042)
00:04:42: INFO [flashield.py:170 (root)]: 	w07.oracleGeneral.bin-0.1-FIFO-True n_req: 11000000, n_miss: 6789987, miss ratio: 0.6173, disk write 621914112 + 0 (0.0042)
00:06:01: INFO [flashield.py:170 (root)]: 	w07.oracleGeneral.bin-0.1-FIFO-True n_req: 12000000, n_miss: 7491638, miss ratio: 0.6243, disk write 621914112 + 0 (0.0042)
00:07:13: INFO [flashield.py:170 (root)]: 	w07.oracleGeneral.bin-0.1-FIFO-True n_req: 13000000, n_miss: 8095608, miss ratio: 0.6227, disk write 621914112 + 0 (0.0042)
00:08:13: INFO [flashield.py:170 (root)]: 	w07.oracleGeneral.bin-0.1-FIFO-True n_req: 14000000, n_miss: 8588622, miss ratio: 0.6135, disk write 621914112 + 0 (0.0042)
00:09:08: INFO [flashield.py:170 (root)]: 	w07.oracleGeneral.bin-0.1-FIFO-True n_req: 15000000, n_miss: 9083339, miss ratio: 0.6056, disk write 621914112 + 0 (0.0042)
00:10:04: INFO [flashield.py:170 (root)]: 	w07.oracleGeneral.bin-0.1-FIFO-True n_req: 16000000, n_miss: 9554041, miss ratio: 0.5971, disk write 621914112 + 0 (0.0042)
00:10:57: INFO [flashield.py:170 (root)]: 	w07.oracleGeneral.bin-0.1-FIFO-True n_req: 17000000, n_miss: 10048561, miss ratio: 0.5911, disk write 621914112 + 0 (0.0042)
00:11:59: INFO [flashield.py:170 (root)]: 	w07.oracleGeneral.bin-0.1-FIFO-True n_req: 18000000, n_miss: 10798448, miss ratio: 0.5999, disk write 621914112 + 0 (0.0042)
00:13:22: INFO [flashield.py:170 (root)]: 	w07.oracleGeneral.bin-0.1-FIFO-True n_req: 19000000, n_miss: 11528381, miss ratio: 0.6068, disk write 621914112 + 0 (0.0042)
00:14:52: INFO [flashield.py:170 (root)]: 	w07.oracleGeneral.bin-0.1-FIFO-True n_req: 20000000, n_miss: 12259939, miss ratio: 0.6130, disk write 621914112 + 0 (0.0042)
00:15:57: INFO [flashield.py:170 (root)]: 	w07.oracleGeneral.bin-0.1-FIFO-True n_req: 21000000, n_miss: 12873776, miss ratio: 0.6130, disk write 621914112 + 0 (0.0042)
00:16:59: INFO [flashield.py:170 (root)]: 	w07.oracleGeneral.bin-0.1-FIFO-True n_req: 22000000, n_miss: 13359756, miss ratio: 0.6073, disk write 621914112 + 0 (0.0042)
00:17:54: INFO [flashield.py:170 (root)]: 	w07.oracleGeneral.bin-0.1-FIFO-True n_req: 23000000, n_miss: 13850216, miss ratio: 0.6022, disk write 621914112 + 0 (0.0042)
00:18:44: INFO [flashield.py:170 (root)]: 	w07.oracleGeneral.bin-0.1-FIFO-True n_req: 24000000, n_miss: 14331792, miss ratio: 0.5972, disk write 621914112 + 0 (0.0042)
00:19:56: INFO [flashield.py:170 (root)]: 	w07.oracleGeneral.bin-0.1-FIFO-True n_req: 25000000, n_miss: 15132960, miss ratio: 0.6053, disk write 621914112 + 0 (0.0042)
00:21:16: INFO [flashield.py:170 (root)]: 	w07.oracleGeneral.bin-0.1-FIFO-True n_req: 26000000, n_miss: 15831116, miss ratio: 0.6089, disk write 621914112 + 0 (0.0042)
00:22:45: INFO [flashield.py:170 (root)]: 	w07.oracleGeneral.bin-0.1-FIFO-True n_req: 27000000, n_miss: 16571415, miss ratio: 0.6138, disk write 621914112 + 0 (0.0042)
00:23:48: INFO [flashield.py:170 (root)]: 	w07.oracleGeneral.bin-0.1-FIFO-True n_req: 28000000, n_miss: 17118514, miss ratio: 0.6114, disk write 621914112 + 0 (0.0042)
00:24:51: INFO [flashield.py:170 (root)]: 	w07.oracleGeneral.bin-0.1-FIFO-True n_req: 29000000, n_miss: 17611854, miss ratio: 0.6073, disk write 621914112 + 0 (0.0042)
00:25:42: INFO [flashield.py:170 (root)]: 	w07.oracleGeneral.bin-0.1-FIFO-True n_req: 30000000, n_miss: 18086799, miss ratio: 0.6029, disk write 621914112 + 0 (0.0042)
00:26:30: INFO [flashield.py:170 (root)]: 	w07.oracleGeneral.bin-0.1-FIFO-True n_req: 31000000, n_miss: 18561088, miss ratio: 0.5987, disk write 621914112 + 0 (0.0042)
00:27:33: INFO [flashield.py:170 (root)]: 	w07.oracleGeneral.bin-0.1-FIFO-True n_req: 32000000, n_miss: 19285195, miss ratio: 0.6027, disk write 621914112 + 0 (0.0042)
00:28:59: INFO [flashield.py:170 (root)]: 	w07.oracleGeneral.bin-0.1-FIFO-True n_req: 33000000, n_miss: 20003296, miss ratio: 0.6062, disk write 621914112 + 0 (0.0042)
00:30:21: INFO [flashield.py:170 (root)]: 	w07.oracleGeneral.bin-0.1-FIFO-True n_req: 34000000, n_miss: 20720919, miss ratio: 0.6094, disk write 621914112 + 0 (0.0042)
00:31:23: INFO [flashield.py:170 (root)]: 	w07.oracleGeneral.bin-0.1-FIFO-True n_req: 35000000, n_miss: 21263738, miss ratio: 0.6075, disk write 621914112 + 0 (0.0042)
00:32:25: INFO [flashield.py:170 (root)]: 	w07.oracleGeneral.bin-0.1-FIFO-True n_req: 36000000, n_miss: 21758213, miss ratio: 0.6044, disk write 621914112 + 0 (0.0042)
00:33:26: INFO [flashield.py:170 (root)]: 	w07.oracleGeneral.bin-0.1-FIFO-True n_req: 37000000, n_miss: 22269922, miss ratio: 0.6019, disk write 621914112 + 0 (0.0042)
00:34:19: INFO [flashield.py:170 (root)]: 	w07.oracleGeneral.bin-0.1-FIFO-True n_req: 38000000, n_miss: 22799655, miss ratio: 0.6000, disk write 621914112 + 0 (0.0042)
00:35:50: INFO [flashield.py:170 (root)]: 	w07.oracleGeneral.bin-0.1-FIFO-True n_req: 39000000, n_miss: 23566059, miss ratio: 0.6043, disk write 621914112 + 0 (0.0042)
00:37:27: INFO [flashield.py:170 (root)]: 	w07.oracleGeneral.bin-0.1-FIFO-True n_req: 40000000, n_miss: 24438919, miss ratio: 0.6110, disk write 621914112 + 0 (0.0042)
00:38:58: INFO [flashield.py:170 (root)]: 	w07.oracleGeneral.bin-0.1-FIFO-True n_req: 41000000, n_miss: 25327861, miss ratio: 0.6178, disk write 621914112 + 0 (0.0042)
00:40:38: INFO [flashield.py:170 (root)]: 	w07.oracleGeneral.bin-0.1-FIFO-True n_req: 42000000, n_miss: 26242242, miss ratio: 0.6248, disk write 621914112 + 0 (0.0042)
00:41:59: INFO [flashield.py:170 (root)]: 	w07.oracleGeneral.bin-0.1-FIFO-True n_req: 43000000, n_miss: 27065694, miss ratio: 0.6294, disk write 621914112 + 0 (0.0042)
00:43:21: INFO [flashield.py:170 (root)]: 	w07.oracleGeneral.bin-0.1-FIFO-True n_req: 44000000, n_miss: 27859175, miss ratio: 0.6332, disk write 621914112 + 0 (0.0042)
00:44:52: INFO [flashield.py:170 (root)]: 	w07.oracleGeneral.bin-0.1-FIFO-True n_req: 45000000, n_miss: 28668655, miss ratio: 0.6371, disk write 621914112 + 0 (0.0042)
00:46:14: INFO [flashield.py:170 (root)]: 	w07.oracleGeneral.bin-0.1-FIFO-True n_req: 46000000, n_miss: 29468742, miss ratio: 0.6406, disk write 621914112 + 0 (0.0042)
00:47:36: INFO [flashield.py:170 (root)]: 	w07.oracleGeneral.bin-0.1-FIFO-True n_req: 47000000, n_miss: 30230393, miss ratio: 0.6432, disk write 621914112 + 0 (0.0042)
00:48:51: INFO [flashield.py:170 (root)]: 	w07.oracleGeneral.bin-0.1-FIFO-True n_req: 48000000, n_miss: 30952062, miss ratio: 0.6448, disk write 621914112 + 0 (0.0042)
00:50:26: INFO [flashield.py:170 (root)]: 	w07.oracleGeneral.bin-0.1-FIFO-True n_req: 49000000, n_miss: 31779509, miss ratio: 0.6486, disk write 621914112 + 0 (0.0042)
00:51:55: INFO [flashield.py:170 (root)]: 	w07.oracleGeneral.bin-0.1-FIFO-True n_req: 50000000, n_miss: 32616817, miss ratio: 0.6523, disk write 621914112 + 0 (0.0042)
00:53:30: INFO [flashield.py:170 (root)]: 	w07.oracleGeneral.bin-0.1-FIFO-True n_req: 51000000, n_miss: 33451039, miss ratio: 0.6559, disk write 621914112 + 0 (0.0042)
00:55:01: INFO [flashield.py:170 (root)]: 	w07.oracleGeneral.bin-0.1-FIFO-True n_req: 52000000, n_miss: 34322837, miss ratio: 0.6601, disk write 621914112 + 0 (0.0042)
00:56:36: INFO [flashield.py:170 (root)]: 	w07.oracleGeneral.bin-0.1-FIFO-True n_req: 53000000, n_miss: 35166037, miss ratio: 0.6635, disk write 621914112 + 0 (0.0042)
00:58:09: INFO [flashield.py:170 (root)]: 	w07.oracleGeneral.bin-0.1-FIFO-True n_req: 54000000, n_miss: 36027055, miss ratio: 0.6672, disk write 621914112 + 0 (0.0042)
00:59:41: INFO [flashield.py:170 (root)]: 	w07.oracleGeneral.bin-0.1-FIFO-True n_req: 55000000, n_miss: 36877833, miss ratio: 0.6705, disk write 621914112 + 0 (0.0042)
01:01:04: INFO [flashield.py:170 (root)]: 	w07.oracleGeneral.bin-0.1-FIFO-True n_req: 56000000, n_miss: 37708770, miss ratio: 0.6734, disk write 621914112 + 0 (0.0042)
01:02:43: INFO [flashield.py:170 (root)]: 	w07.oracleGeneral.bin-0.1-FIFO-True n_req: 57000000, n_miss: 38561608, miss ratio: 0.6765, disk write 621914112 + 0 (0.0042)
01:04:17: INFO [flashield.py:170 (root)]: 	w07.oracleGeneral.bin-0.1-FIFO-True n_req: 58000000, n_miss: 39422440, miss ratio: 0.6797, disk write 621914112 + 0 (0.0042)
01:05:54: INFO [flashield.py:170 (root)]: 	w07.oracleGeneral.bin-0.1-FIFO-True n_req: 59000000, n_miss: 40288318, miss ratio: 0.6829, disk write 621914112 + 0 (0.0042)
01:07:24: INFO [flashield.py:170 (root)]: 	w07.oracleGeneral.bin-0.1-FIFO-True n_req: 60000000, n_miss: 41142558, miss ratio: 0.6857, disk write 621914112 + 0 (0.0042)
01:08:50: INFO [flashield.py:170 (root)]: 	w07.oracleGeneral.bin-0.1-FIFO-True n_req: 61000000, n_miss: 41848624, miss ratio: 0.6860, disk write 621914112 + 0 (0.0042)
01:09:37: INFO [flashield.py:170 (root)]: 	w07.oracleGeneral.bin-0.1-FIFO-True n_req: 62000000, n_miss: 42364688, miss ratio: 0.6833, disk write 621914112 + 0 (0.0042)
01:10:43: INFO [flashield.py:170 (root)]: 	w07.oracleGeneral.bin-0.1-FIFO-True n_req: 63000000, n_miss: 42958882, miss ratio: 0.6819, disk write 621914112 + 0 (0.0042)
01:11:37: INFO [flashield.py:170 (root)]: 	w07.oracleGeneral.bin-0.1-FIFO-True n_req: 64000000, n_miss: 43591783, miss ratio: 0.6811, disk write 621914112 + 0 (0.0042)
01:13:08: INFO [flashield.py:170 (root)]: 	w07.oracleGeneral.bin-0.1-FIFO-True n_req: 65000000, n_miss: 44352188, miss ratio: 0.6823, disk write 621914112 + 0 (0.0042)
01:14:14: INFO [flashield.py:170 (root)]: 	w07.oracleGeneral.bin-0.1-FIFO-True n_req: 66000000, n_miss: 44835795, miss ratio: 0.6793, disk write 621914112 + 0 (0.0042)
01:15:13: INFO [flashield.py:170 (root)]: 	w07.oracleGeneral.bin-0.1-FIFO-True n_req: 67000000, n_miss: 45347545, miss ratio: 0.6768, disk write 621914112 + 0 (0.0042)
01:15:37: INFO [flashield.py:182 (root)]: 	w07.oracleGeneral.bin-0.1-FIFO-True n_req: 67427405, n_miss: 45567542, miss ratio: 0.6758, disk write 621914112 + 0 (0.0042)
