23:51:54: INFO [flashield.py:220 (root)]: 	calculating wss for w08.oracleGeneral.bin
23:52:27: INFO [flashield.py:228 (root)]: 	w08.oracleGeneral.bin wss_obj: 9040043, wss_byte: 1088232028864
23:52:27: INFO [cache.py:19 (cache)]: 	create Flashield cache with size 108823202886
23:52:27: INFO [cache.py:19 (cache)]: 	create LRU cache with size 10882320288
23:52:27: INFO [cache.py:19 (cache)]: 	create FIFO cache with size 97940882598
23:52:27: INFO [flashield.py:37 (root)]: 	w08.oracleGeneral.bin Training Flashield...
23:52:28: INFO [flashield.py:42 (root)]: 	w08.oracleGeneral.bin Training Flashield: 153205 features 153205 labels ...
23:52:28: INFO [flashield.py:55 (root)]: 	w08.oracleGeneral.bin finish training
23:53:02: INFO [flashield.py:170 (root)]: 	w08.oracleGeneral.bin-0.1-FIFO-True n_req: 1000000, n_miss: 856983, miss ratio: 0.8570, disk write 60093463744 + 0 (0.0552)
23:54:27: INFO [flashield.py:170 (root)]: 	w08.oracleGeneral.bin-0.1-FIFO-True n_req: 2000000, n_miss: 1782172, miss ratio: 0.8911, disk write 60093463744 + 0 (0.0552)
23:56:04: INFO [flashield.py:170 (root)]: 	w08.oracleGeneral.bin-0.1-FIFO-True n_req: 3000000, n_miss: 2697335, miss ratio: 0.8991, disk write 60093463744 + 0 (0.0552)
23:57:44: INFO [flashield.py:170 (root)]: 	w08.oracleGeneral.bin-0.1-FIFO-True n_req: 4000000, n_miss: 3611550, miss ratio: 0.9029, disk write 60093463744 + 0 (0.0552)
00:00:00: INFO [flashield.py:170 (root)]: 	w08.oracleGeneral.bin-0.1-FIFO-True n_req: 5000000, n_miss: 4478461, miss ratio: 0.8957, disk write 60093463744 + 0 (0.0552)
00:00:45: INFO [flashield.py:170 (root)]: 	w08.oracleGeneral.bin-0.1-FIFO-True n_req: 6000000, n_miss: 5349270, miss ratio: 0.8915, disk write 60093463744 + 0 (0.0552)
00:02:15: INFO [flashield.py:170 (root)]: 	w08.oracleGeneral.bin-0.1-FIFO-True n_req: 7000000, n_miss: 6230027, miss ratio: 0.8900, disk write 60093463744 + 0 (0.0552)
00:03:49: INFO [flashield.py:170 (root)]: 	w08.oracleGeneral.bin-0.1-FIFO-True n_req: 8000000, n_miss: 7139669, miss ratio: 0.8925, disk write 60093463744 + 0 (0.0552)
00:05:31: INFO [flashield.py:170 (root)]: 	w08.oracleGeneral.bin-0.1-FIFO-True n_req: 9000000, n_miss: 8052093, miss ratio: 0.8947, disk write 60093463744 + 0 (0.0552)
00:07:41: INFO [flashield.py:170 (root)]: 	w08.oracleGeneral.bin-0.1-FIFO-True n_req: 10000000, n_miss: 8890032, miss ratio: 0.8890, disk write 60093463744 + 0 (0.0552)
00:09:12: INFO [flashield.py:170 (root)]: 	w08.oracleGeneral.bin-0.1-FIFO-True n_req: 11000000, n_miss: 9855042, miss ratio: 0.8959, disk write 60093463744 + 0 (0.0552)
00:09:59: INFO [flashield.py:170 (root)]: 	w08.oracleGeneral.bin-0.1-FIFO-True n_req: 12000000, n_miss: 10704214, miss ratio: 0.8920, disk write 60093463744 + 0 (0.0552)
00:11:47: INFO [flashield.py:170 (root)]: 	w08.oracleGeneral.bin-0.1-FIFO-True n_req: 13000000, n_miss: 11621261, miss ratio: 0.8939, disk write 60093463744 + 0 (0.0552)
00:13:08: INFO [flashield.py:170 (root)]: 	w08.oracleGeneral.bin-0.1-FIFO-True n_req: 14000000, n_miss: 12523369, miss ratio: 0.8945, disk write 60093463744 + 0 (0.0552)
00:15:29: INFO [flashield.py:170 (root)]: 	w08.oracleGeneral.bin-0.1-FIFO-True n_req: 15000000, n_miss: 13445877, miss ratio: 0.8964, disk write 60093463744 + 0 (0.0552)
00:17:18: INFO [flashield.py:170 (root)]: 	w08.oracleGeneral.bin-0.1-FIFO-True n_req: 16000000, n_miss: 14419313, miss ratio: 0.9012, disk write 60093463744 + 0 (0.0552)
00:19:01: INFO [flashield.py:170 (root)]: 	w08.oracleGeneral.bin-0.1-FIFO-True n_req: 17000000, n_miss: 15409951, miss ratio: 0.9065, disk write 60093463744 + 0 (0.0552)
00:20:40: INFO [flashield.py:170 (root)]: 	w08.oracleGeneral.bin-0.1-FIFO-True n_req: 18000000, n_miss: 16339919, miss ratio: 0.9078, disk write 60093463744 + 0 (0.0552)
00:22:30: INFO [flashield.py:170 (root)]: 	w08.oracleGeneral.bin-0.1-FIFO-True n_req: 19000000, n_miss: 17328582, miss ratio: 0.9120, disk write 60093463744 + 0 (0.0552)
00:24:11: INFO [flashield.py:170 (root)]: 	w08.oracleGeneral.bin-0.1-FIFO-True n_req: 20000000, n_miss: 18302365, miss ratio: 0.9151, disk write 60093463744 + 0 (0.0552)
00:25:16: INFO [flashield.py:170 (root)]: 	w08.oracleGeneral.bin-0.1-FIFO-True n_req: 21000000, n_miss: 19163669, miss ratio: 0.9126, disk write 60093463744 + 0 (0.0552)
00:26:23: INFO [flashield.py:170 (root)]: 	w08.oracleGeneral.bin-0.1-FIFO-True n_req: 22000000, n_miss: 20029631, miss ratio: 0.9104, disk write 60093463744 + 0 (0.0552)
00:28:06: INFO [flashield.py:170 (root)]: 	w08.oracleGeneral.bin-0.1-FIFO-True n_req: 23000000, n_miss: 20955066, miss ratio: 0.9111, disk write 60093463744 + 0 (0.0552)
00:29:44: INFO [flashield.py:170 (root)]: 	w08.oracleGeneral.bin-0.1-FIFO-True n_req: 24000000, n_miss: 21855375, miss ratio: 0.9106, disk write 60093463744 + 0 (0.0552)
00:31:58: INFO [flashield.py:170 (root)]: 	w08.oracleGeneral.bin-0.1-FIFO-True n_req: 25000000, n_miss: 22725355, miss ratio: 0.9090, disk write 60093463744 + 0 (0.0552)
00:32:56: INFO [flashield.py:170 (root)]: 	w08.oracleGeneral.bin-0.1-FIFO-True n_req: 26000000, n_miss: 23616120, miss ratio: 0.9083, disk write 60093463744 + 0 (0.0552)
00:34:14: INFO [flashield.py:170 (root)]: 	w08.oracleGeneral.bin-0.1-FIFO-True n_req: 27000000, n_miss: 24493031, miss ratio: 0.9071, disk write 60093463744 + 0 (0.0552)
00:35:53: INFO [flashield.py:170 (root)]: 	w08.oracleGeneral.bin-0.1-FIFO-True n_req: 28000000, n_miss: 25394158, miss ratio: 0.9069, disk write 60093463744 + 0 (0.0552)
00:37:25: INFO [flashield.py:170 (root)]: 	w08.oracleGeneral.bin-0.1-FIFO-True n_req: 29000000, n_miss: 26301036, miss ratio: 0.9069, disk write 60093463744 + 0 (0.0552)
00:39:37: INFO [flashield.py:170 (root)]: 	w08.oracleGeneral.bin-0.1-FIFO-True n_req: 30000000, n_miss: 27092219, miss ratio: 0.9031, disk write 60093463744 + 0 (0.0552)
00:41:13: INFO [flashield.py:170 (root)]: 	w08.oracleGeneral.bin-0.1-FIFO-True n_req: 31000000, n_miss: 28010562, miss ratio: 0.9036, disk write 60093463744 + 0 (0.0552)
00:42:46: INFO [flashield.py:170 (root)]: 	w08.oracleGeneral.bin-0.1-FIFO-True n_req: 32000000, n_miss: 28932947, miss ratio: 0.9042, disk write 60093463744 + 0 (0.0552)
00:44:26: INFO [flashield.py:170 (root)]: 	w08.oracleGeneral.bin-0.1-FIFO-True n_req: 33000000, n_miss: 29845813, miss ratio: 0.9044, disk write 60093463744 + 0 (0.0552)
00:46:06: INFO [flashield.py:170 (root)]: 	w08.oracleGeneral.bin-0.1-FIFO-True n_req: 34000000, n_miss: 30817812, miss ratio: 0.9064, disk write 60093463744 + 0 (0.0552)
00:47:38: INFO [flashield.py:170 (root)]: 	w08.oracleGeneral.bin-0.1-FIFO-True n_req: 35000000, n_miss: 31741008, miss ratio: 0.9069, disk write 60093463744 + 0 (0.0552)
00:48:51: INFO [flashield.py:170 (root)]: 	w08.oracleGeneral.bin-0.1-FIFO-True n_req: 36000000, n_miss: 32652821, miss ratio: 0.9070, disk write 60093463744 + 0 (0.0552)
00:50:12: INFO [flashield.py:170 (root)]: 	w08.oracleGeneral.bin-0.1-FIFO-True n_req: 37000000, n_miss: 33568501, miss ratio: 0.9073, disk write 60093463744 + 0 (0.0552)
00:51:49: INFO [flashield.py:170 (root)]: 	w08.oracleGeneral.bin-0.1-FIFO-True n_req: 38000000, n_miss: 34394446, miss ratio: 0.9051, disk write 60093463744 + 0 (0.0552)
00:53:52: INFO [flashield.py:170 (root)]: 	w08.oracleGeneral.bin-0.1-FIFO-True n_req: 39000000, n_miss: 35310705, miss ratio: 0.9054, disk write 60093463744 + 0 (0.0552)
00:54:47: INFO [flashield.py:170 (root)]: 	w08.oracleGeneral.bin-0.1-FIFO-True n_req: 40000000, n_miss: 36174792, miss ratio: 0.9044, disk write 60093463744 + 0 (0.0552)
00:56:21: INFO [flashield.py:170 (root)]: 	w08.oracleGeneral.bin-0.1-FIFO-True n_req: 41000000, n_miss: 37039311, miss ratio: 0.9034, disk write 60093463744 + 0 (0.0552)
00:58:01: INFO [flashield.py:170 (root)]: 	w08.oracleGeneral.bin-0.1-FIFO-True n_req: 42000000, n_miss: 37935118, miss ratio: 0.9032, disk write 60093463744 + 0 (0.0552)
00:59:36: INFO [flashield.py:170 (root)]: 	w08.oracleGeneral.bin-0.1-FIFO-True n_req: 43000000, n_miss: 38793329, miss ratio: 0.9022, disk write 60093463744 + 0 (0.0552)
01:01:48: INFO [flashield.py:170 (root)]: 	w08.oracleGeneral.bin-0.1-FIFO-True n_req: 44000000, n_miss: 39697391, miss ratio: 0.9022, disk write 60093463744 + 0 (0.0552)
01:02:29: INFO [flashield.py:182 (root)]: 	w08.oracleGeneral.bin-0.1-FIFO-True n_req: 44464937, n_miss: 40086770, miss ratio: 0.9015, disk write 60093463744 + 0 (0.0552)
