23:51:54: INFO [flashield.py:220 (root)]: 	calculating wss for w09.oracleGeneral.bin
23:52:28: INFO [flashield.py:228 (root)]: 	w09.oracleGeneral.bin wss_obj: 14867471, wss_byte: 1133869971456
23:52:28: INFO [cache.py:19 (cache)]: 	create Flashield cache with size 113386997145
23:52:28: INFO [cache.py:19 (cache)]: 	create LRU cache with size 11338699714
23:52:28: INFO [cache.py:19 (cache)]: 	create FIFO cache with size 102048297431
23:52:29: INFO [flashield.py:37 (root)]: 	w09.oracleGeneral.bin Training Flashield...
23:52:29: INFO [flashield.py:42 (root)]: 	w09.oracleGeneral.bin Training Flashield: 145285 features 145285 labels ...
23:52:29: INFO [flashield.py:55 (root)]: 	w09.oracleGeneral.bin finish training
23:52:41: INFO [flashield.py:170 (root)]: 	w09.oracleGeneral.bin-0.1-FIFO-True n_req: 1000000, n_miss: 327955, miss ratio: 0.3280, disk write 6708946944 + 0 (0.0059)
23:53:13: INFO [flashield.py:170 (root)]: 	w09.oracleGeneral.bin-0.1-FIFO-True n_req: 2000000, n_miss: 631714, miss ratio: 0.3159, disk write 6708946944 + 0 (0.0059)
23:54:22: INFO [flashield.py:170 (root)]: 	w09.oracleGeneral.bin-0.1-FIFO-True n_req: 3000000, n_miss: 1176664, miss ratio: 0.3922, disk write 6708946944 + 0 (0.0059)
23:55:01: INFO [flashield.py:170 (root)]: 	w09.oracleGeneral.bin-0.1-FIFO-True n_req: 4000000, n_miss: 1556011, miss ratio: 0.3890, disk write 6708946944 + 0 (0.0059)
23:55:51: INFO [flashield.py:170 (root)]: 	w09.oracleGeneral.bin-0.1-FIFO-True n_req: 5000000, n_miss: 2006405, miss ratio: 0.4013, disk write 6708946944 + 0 (0.0059)
23:56:44: INFO [flashield.py:170 (root)]: 	w09.oracleGeneral.bin-0.1-FIFO-True n_req: 6000000, n_miss: 2477376, miss ratio: 0.4129, disk write 6708946944 + 0 (0.0059)
23:57:39: INFO [flashield.py:170 (root)]: 	w09.oracleGeneral.bin-0.1-FIFO-True n_req: 7000000, n_miss: 2973177, miss ratio: 0.4247, disk write 6708946944 + 0 (0.0059)
23:58:33: INFO [flashield.py:170 (root)]: 	w09.oracleGeneral.bin-0.1-FIFO-True n_req: 8000000, n_miss: 3458766, miss ratio: 0.4323, disk write 6708946944 + 0 (0.0059)
23:59:33: INFO [flashield.py:170 (root)]: 	w09.oracleGeneral.bin-0.1-FIFO-True n_req: 9000000, n_miss: 3995471, miss ratio: 0.4439, disk write 6708946944 + 0 (0.0059)
23:59:53: INFO [flashield.py:170 (root)]: 	w09.oracleGeneral.bin-0.1-FIFO-True n_req: 10000000, n_miss: 4284318, miss ratio: 0.4284, disk write 6708946944 + 0 (0.0059)
00:00:59: INFO [flashield.py:170 (root)]: 	w09.oracleGeneral.bin-0.1-FIFO-True n_req: 11000000, n_miss: 4828063, miss ratio: 0.4389, disk write 6708946944 + 0 (0.0059)
00:01:25: INFO [flashield.py:170 (root)]: 	w09.oracleGeneral.bin-0.1-FIFO-True n_req: 12000000, n_miss: 5130689, miss ratio: 0.4276, disk write 6708946944 + 0 (0.0059)
00:02:00: INFO [flashield.py:170 (root)]: 	w09.oracleGeneral.bin-0.1-FIFO-True n_req: 13000000, n_miss: 5425504, miss ratio: 0.4173, disk write 6708946944 + 0 (0.0059)
00:02:36: INFO [flashield.py:170 (root)]: 	w09.oracleGeneral.bin-0.1-FIFO-True n_req: 14000000, n_miss: 5743729, miss ratio: 0.4103, disk write 6708946944 + 0 (0.0059)
00:03:28: INFO [flashield.py:170 (root)]: 	w09.oracleGeneral.bin-0.1-FIFO-True n_req: 15000000, n_miss: 6128856, miss ratio: 0.4086, disk write 6708946944 + 0 (0.0059)
00:04:43: INFO [flashield.py:170 (root)]: 	w09.oracleGeneral.bin-0.1-FIFO-True n_req: 16000000, n_miss: 6815711, miss ratio: 0.4260, disk write 6708946944 + 0 (0.0059)
00:06:01: INFO [flashield.py:170 (root)]: 	w09.oracleGeneral.bin-0.1-FIFO-True n_req: 17000000, n_miss: 7544445, miss ratio: 0.4438, disk write 6708946944 + 0 (0.0059)
00:07:03: INFO [flashield.py:170 (root)]: 	w09.oracleGeneral.bin-0.1-FIFO-True n_req: 18000000, n_miss: 8159755, miss ratio: 0.4533, disk write 6708946944 + 0 (0.0059)
00:08:13: INFO [flashield.py:170 (root)]: 	w09.oracleGeneral.bin-0.1-FIFO-True n_req: 19000000, n_miss: 8798139, miss ratio: 0.4631, disk write 6708946944 + 0 (0.0059)
00:09:55: INFO [flashield.py:170 (root)]: 	w09.oracleGeneral.bin-0.1-FIFO-True n_req: 20000000, n_miss: 9742588, miss ratio: 0.4871, disk write 6708946944 + 0 (0.0059)
00:11:37: INFO [flashield.py:170 (root)]: 	w09.oracleGeneral.bin-0.1-FIFO-True n_req: 21000000, n_miss: 10679220, miss ratio: 0.5085, disk write 6708946944 + 0 (0.0059)
00:13:20: INFO [flashield.py:170 (root)]: 	w09.oracleGeneral.bin-0.1-FIFO-True n_req: 22000000, n_miss: 11633086, miss ratio: 0.5288, disk write 6708946944 + 0 (0.0059)
00:15:02: INFO [flashield.py:170 (root)]: 	w09.oracleGeneral.bin-0.1-FIFO-True n_req: 23000000, n_miss: 12579482, miss ratio: 0.5469, disk write 6708946944 + 0 (0.0059)
00:16:45: INFO [flashield.py:170 (root)]: 	w09.oracleGeneral.bin-0.1-FIFO-True n_req: 24000000, n_miss: 13530504, miss ratio: 0.5638, disk write 6708946944 + 0 (0.0059)
00:17:08: INFO [flashield.py:170 (root)]: 	w09.oracleGeneral.bin-0.1-FIFO-True n_req: 25000000, n_miss: 14461005, miss ratio: 0.5784, disk write 6708946944 + 0 (0.0059)
00:20:01: INFO [flashield.py:170 (root)]: 	w09.oracleGeneral.bin-0.1-FIFO-True n_req: 26000000, n_miss: 15403899, miss ratio: 0.5925, disk write 6708946944 + 0 (0.0059)
00:21:03: INFO [flashield.py:170 (root)]: 	w09.oracleGeneral.bin-0.1-FIFO-True n_req: 27000000, n_miss: 16352475, miss ratio: 0.6056, disk write 6708946944 + 0 (0.0059)
00:22:50: INFO [flashield.py:170 (root)]: 	w09.oracleGeneral.bin-0.1-FIFO-True n_req: 28000000, n_miss: 16961741, miss ratio: 0.6058, disk write 6708946944 + 0 (0.0059)
00:24:13: INFO [flashield.py:170 (root)]: 	w09.oracleGeneral.bin-0.1-FIFO-True n_req: 29000000, n_miss: 17732570, miss ratio: 0.6115, disk write 6708946944 + 0 (0.0059)
00:25:34: INFO [flashield.py:170 (root)]: 	w09.oracleGeneral.bin-0.1-FIFO-True n_req: 30000000, n_miss: 18487739, miss ratio: 0.6163, disk write 6708946944 + 0 (0.0059)
00:26:17: INFO [flashield.py:170 (root)]: 	w09.oracleGeneral.bin-0.1-FIFO-True n_req: 31000000, n_miss: 18977179, miss ratio: 0.6122, disk write 6708946944 + 0 (0.0059)
00:26:44: INFO [flashield.py:170 (root)]: 	w09.oracleGeneral.bin-0.1-FIFO-True n_req: 32000000, n_miss: 19257465, miss ratio: 0.6018, disk write 6708946944 + 0 (0.0059)
00:27:20: INFO [flashield.py:170 (root)]: 	w09.oracleGeneral.bin-0.1-FIFO-True n_req: 33000000, n_miss: 19560710, miss ratio: 0.5927, disk write 6708946944 + 0 (0.0059)
00:27:52: INFO [flashield.py:170 (root)]: 	w09.oracleGeneral.bin-0.1-FIFO-True n_req: 34000000, n_miss: 19859706, miss ratio: 0.5841, disk write 6708946944 + 0 (0.0059)
00:28:53: INFO [flashield.py:170 (root)]: 	w09.oracleGeneral.bin-0.1-FIFO-True n_req: 35000000, n_miss: 20322690, miss ratio: 0.5806, disk write 6708946944 + 0 (0.0059)
00:29:30: INFO [flashield.py:170 (root)]: 	w09.oracleGeneral.bin-0.1-FIFO-True n_req: 36000000, n_miss: 20733440, miss ratio: 0.5759, disk write 6708946944 + 0 (0.0059)
00:30:39: INFO [flashield.py:170 (root)]: 	w09.oracleGeneral.bin-0.1-FIFO-True n_req: 37000000, n_miss: 21275638, miss ratio: 0.5750, disk write 6708946944 + 0 (0.0059)
00:31:53: INFO [flashield.py:170 (root)]: 	w09.oracleGeneral.bin-0.1-FIFO-True n_req: 38000000, n_miss: 21943849, miss ratio: 0.5775, disk write 6708946944 + 0 (0.0059)
00:32:59: INFO [flashield.py:170 (root)]: 	w09.oracleGeneral.bin-0.1-FIFO-True n_req: 39000000, n_miss: 22579165, miss ratio: 0.5790, disk write 6708946944 + 0 (0.0059)
00:33:23: INFO [flashield.py:170 (root)]: 	w09.oracleGeneral.bin-0.1-FIFO-True n_req: 40000000, n_miss: 22883297, miss ratio: 0.5721, disk write 6708946944 + 0 (0.0059)
00:33:56: INFO [flashield.py:170 (root)]: 	w09.oracleGeneral.bin-0.1-FIFO-True n_req: 41000000, n_miss: 23179559, miss ratio: 0.5654, disk write 6708946944 + 0 (0.0059)
00:34:29: INFO [flashield.py:170 (root)]: 	w09.oracleGeneral.bin-0.1-FIFO-True n_req: 42000000, n_miss: 23479307, miss ratio: 0.5590, disk write 6708946944 + 0 (0.0059)
00:35:29: INFO [flashield.py:170 (root)]: 	w09.oracleGeneral.bin-0.1-FIFO-True n_req: 43000000, n_miss: 23920776, miss ratio: 0.5563, disk write 6708946944 + 0 (0.0059)
00:36:07: INFO [flashield.py:170 (root)]: 	w09.oracleGeneral.bin-0.1-FIFO-True n_req: 44000000, n_miss: 24352661, miss ratio: 0.5535, disk write 6708946944 + 0 (0.0059)
00:37:00: INFO [flashield.py:170 (root)]: 	w09.oracleGeneral.bin-0.1-FIFO-True n_req: 45000000, n_miss: 24733451, miss ratio: 0.5496, disk write 6708946944 + 0 (0.0059)
00:37:58: INFO [flashield.py:170 (root)]: 	w09.oracleGeneral.bin-0.1-FIFO-True n_req: 46000000, n_miss: 25283158, miss ratio: 0.5496, disk write 6708946944 + 0 (0.0059)
00:38:49: INFO [flashield.py:170 (root)]: 	w09.oracleGeneral.bin-0.1-FIFO-True n_req: 47000000, n_miss: 25742829, miss ratio: 0.5477, disk write 6708946944 + 0 (0.0059)
00:39:43: INFO [flashield.py:170 (root)]: 	w09.oracleGeneral.bin-0.1-FIFO-True n_req: 48000000, n_miss: 26224896, miss ratio: 0.5464, disk write 6708946944 + 0 (0.0059)
00:40:38: INFO [flashield.py:170 (root)]: 	w09.oracleGeneral.bin-0.1-FIFO-True n_req: 49000000, n_miss: 26725589, miss ratio: 0.5454, disk write 6708946944 + 0 (0.0059)
00:41:12: INFO [flashield.py:182 (root)]: 	w09.oracleGeneral.bin-0.1-FIFO-True n_req: 49622929, n_miss: 27027078, miss ratio: 0.5446, disk write 6708946944 + 0 (0.0059)
