23:51:54: INFO [flashield.py:220 (root)]: 	calculating wss for w10.oracleGeneral.bin
23:52:34: INFO [flashield.py:228 (root)]: 	w10.oracleGeneral.bin wss_obj: 12529804, wss_byte: 1567400145920
23:52:34: INFO [cache.py:19 (cache)]: 	create Flashield cache with size 156740014592
23:52:34: INFO [cache.py:19 (cache)]: 	create LRU cache with size 15674001459
23:52:34: INFO [cache.py:19 (cache)]: 	create FIFO cache with size 141066013133
23:52:37: INFO [flashield.py:170 (root)]: 	w10.oracleGeneral.bin-0.1-FIFO-True n_req: 1000000, n_miss: 892696, miss ratio: 0.8927, disk write 28662539776 + 0 (0.0183)
23:52:39: INFO [flashield.py:170 (root)]: 	w10.oracleGeneral.bin-0.1-FIFO-True n_req: 2000000, n_miss: 1338401, miss ratio: 0.6692, disk write 53175908864 + 0 (0.0339)
23:52:40: INFO [flashield.py:37 (root)]: 	w10.oracleGeneral.bin Training Flashield...
23:52:40: INFO [flashield.py:42 (root)]: 	w10.oracleGeneral.bin Training Flashield: 662910 features 662910 labels ...
23:52:40: INFO [flashield.py:55 (root)]: 	w10.oracleGeneral.bin finish training
23:52:51: INFO [flashield.py:170 (root)]: 	w10.oracleGeneral.bin-0.1-FIFO-True n_req: 3000000, n_miss: 1777265, miss ratio: 0.5924, disk write 59590758400 + 0 (0.0380)
23:54:19: INFO [flashield.py:170 (root)]: 	w10.oracleGeneral.bin-0.1-FIFO-True n_req: 4000000, n_miss: 2383324, miss ratio: 0.5958, disk write 59590758400 + 0 (0.0380)
23:55:25: INFO [flashield.py:170 (root)]: 	w10.oracleGeneral.bin-0.1-FIFO-True n_req: 5000000, n_miss: 2825638, miss ratio: 0.5651, disk write 59590758400 + 0 (0.0380)
23:56:32: INFO [flashield.py:170 (root)]: 	w10.oracleGeneral.bin-0.1-FIFO-True n_req: 6000000, n_miss: 3522055, miss ratio: 0.5870, disk write 59590758400 + 0 (0.0380)
23:56:35: INFO [flashield.py:170 (root)]: 	w10.oracleGeneral.bin-0.1-FIFO-True n_req: 7000000, n_miss: 3892466, miss ratio: 0.5561, disk write 59590758400 + 0 (0.0380)
23:57:34: INFO [flashield.py:170 (root)]: 	w10.oracleGeneral.bin-0.1-FIFO-True n_req: 8000000, n_miss: 4445399, miss ratio: 0.5557, disk write 59590758400 + 0 (0.0380)
23:58:23: INFO [flashield.py:170 (root)]: 	w10.oracleGeneral.bin-0.1-FIFO-True n_req: 9000000, n_miss: 5000600, miss ratio: 0.5556, disk write 59590758400 + 0 (0.0380)
23:59:16: INFO [flashield.py:170 (root)]: 	w10.oracleGeneral.bin-0.1-FIFO-True n_req: 10000000, n_miss: 5510868, miss ratio: 0.5511, disk write 59590758400 + 0 (0.0380)
00:00:10: INFO [flashield.py:170 (root)]: 	w10.oracleGeneral.bin-0.1-FIFO-True n_req: 11000000, n_miss: 5966146, miss ratio: 0.5424, disk write 59590758400 + 0 (0.0380)
00:00:42: INFO [flashield.py:170 (root)]: 	w10.oracleGeneral.bin-0.1-FIFO-True n_req: 12000000, n_miss: 6379658, miss ratio: 0.5316, disk write 59590758400 + 0 (0.0380)
00:02:04: INFO [flashield.py:170 (root)]: 	w10.oracleGeneral.bin-0.1-FIFO-True n_req: 13000000, n_miss: 7013597, miss ratio: 0.5395, disk write 59590758400 + 0 (0.0380)
00:02:32: INFO [flashield.py:170 (root)]: 	w10.oracleGeneral.bin-0.1-FIFO-True n_req: 14000000, n_miss: 7487361, miss ratio: 0.5348, disk write 59590758400 + 0 (0.0380)
00:05:00: INFO [flashield.py:170 (root)]: 	w10.oracleGeneral.bin-0.1-FIFO-True n_req: 15000000, n_miss: 8169013, miss ratio: 0.5446, disk write 59590758400 + 0 (0.0380)
00:05:18: INFO [flashield.py:170 (root)]: 	w10.oracleGeneral.bin-0.1-FIFO-True n_req: 16000000, n_miss: 8637945, miss ratio: 0.5399, disk write 59590758400 + 0 (0.0380)
00:05:36: INFO [flashield.py:170 (root)]: 	w10.oracleGeneral.bin-0.1-FIFO-True n_req: 17000000, n_miss: 9131247, miss ratio: 0.5371, disk write 59590758400 + 0 (0.0380)
00:06:32: INFO [flashield.py:170 (root)]: 	w10.oracleGeneral.bin-0.1-FIFO-True n_req: 18000000, n_miss: 9666250, miss ratio: 0.5370, disk write 59590758400 + 0 (0.0380)
00:07:36: INFO [flashield.py:170 (root)]: 	w10.oracleGeneral.bin-0.1-FIFO-True n_req: 19000000, n_miss: 10095225, miss ratio: 0.5313, disk write 59590758400 + 0 (0.0380)
00:09:01: INFO [flashield.py:170 (root)]: 	w10.oracleGeneral.bin-0.1-FIFO-True n_req: 20000000, n_miss: 10674841, miss ratio: 0.5337, disk write 59590758400 + 0 (0.0380)
00:09:32: INFO [flashield.py:170 (root)]: 	w10.oracleGeneral.bin-0.1-FIFO-True n_req: 21000000, n_miss: 11220893, miss ratio: 0.5343, disk write 59590758400 + 0 (0.0380)
00:10:14: INFO [flashield.py:170 (root)]: 	w10.oracleGeneral.bin-0.1-FIFO-True n_req: 22000000, n_miss: 11548330, miss ratio: 0.5249, disk write 59590758400 + 0 (0.0380)
00:11:47: INFO [flashield.py:170 (root)]: 	w10.oracleGeneral.bin-0.1-FIFO-True n_req: 23000000, n_miss: 11977020, miss ratio: 0.5207, disk write 59590758400 + 0 (0.0380)
00:12:45: INFO [flashield.py:170 (root)]: 	w10.oracleGeneral.bin-0.1-FIFO-True n_req: 24000000, n_miss: 12652026, miss ratio: 0.5272, disk write 59590758400 + 0 (0.0380)
00:12:59: INFO [flashield.py:170 (root)]: 	w10.oracleGeneral.bin-0.1-FIFO-True n_req: 25000000, n_miss: 12996814, miss ratio: 0.5199, disk write 59590758400 + 0 (0.0380)
00:15:02: INFO [flashield.py:170 (root)]: 	w10.oracleGeneral.bin-0.1-FIFO-True n_req: 26000000, n_miss: 13831491, miss ratio: 0.5320, disk write 59590758400 + 0 (0.0380)
00:15:46: INFO [flashield.py:170 (root)]: 	w10.oracleGeneral.bin-0.1-FIFO-True n_req: 27000000, n_miss: 14431285, miss ratio: 0.5345, disk write 59590758400 + 0 (0.0380)
00:15:49: INFO [flashield.py:170 (root)]: 	w10.oracleGeneral.bin-0.1-FIFO-True n_req: 28000000, n_miss: 14817811, miss ratio: 0.5292, disk write 59590758400 + 0 (0.0380)
00:16:29: INFO [flashield.py:170 (root)]: 	w10.oracleGeneral.bin-0.1-FIFO-True n_req: 29000000, n_miss: 15203781, miss ratio: 0.5243, disk write 59590758400 + 0 (0.0380)
00:18:05: INFO [flashield.py:170 (root)]: 	w10.oracleGeneral.bin-0.1-FIFO-True n_req: 30000000, n_miss: 15623712, miss ratio: 0.5208, disk write 59590758400 + 0 (0.0380)
00:19:41: INFO [flashield.py:170 (root)]: 	w10.oracleGeneral.bin-0.1-FIFO-True n_req: 31000000, n_miss: 16591193, miss ratio: 0.5352, disk write 59590758400 + 0 (0.0380)
00:21:29: INFO [flashield.py:170 (root)]: 	w10.oracleGeneral.bin-0.1-FIFO-True n_req: 32000000, n_miss: 17563705, miss ratio: 0.5489, disk write 59590758400 + 0 (0.0380)
00:23:11: INFO [flashield.py:170 (root)]: 	w10.oracleGeneral.bin-0.1-FIFO-True n_req: 33000000, n_miss: 18494140, miss ratio: 0.5604, disk write 59590758400 + 0 (0.0380)
00:24:26: INFO [flashield.py:170 (root)]: 	w10.oracleGeneral.bin-0.1-FIFO-True n_req: 34000000, n_miss: 19305388, miss ratio: 0.5678, disk write 59590758400 + 0 (0.0380)
00:24:51: INFO [flashield.py:170 (root)]: 	w10.oracleGeneral.bin-0.1-FIFO-True n_req: 35000000, n_miss: 19828263, miss ratio: 0.5665, disk write 59590758400 + 0 (0.0380)
00:26:40: INFO [flashield.py:170 (root)]: 	w10.oracleGeneral.bin-0.1-FIFO-True n_req: 36000000, n_miss: 20388827, miss ratio: 0.5664, disk write 59590758400 + 0 (0.0380)
00:27:14: INFO [flashield.py:170 (root)]: 	w10.oracleGeneral.bin-0.1-FIFO-True n_req: 37000000, n_miss: 20958773, miss ratio: 0.5665, disk write 59590758400 + 0 (0.0380)
00:27:59: INFO [flashield.py:170 (root)]: 	w10.oracleGeneral.bin-0.1-FIFO-True n_req: 38000000, n_miss: 21446396, miss ratio: 0.5644, disk write 59590758400 + 0 (0.0380)
00:28:47: INFO [flashield.py:170 (root)]: 	w10.oracleGeneral.bin-0.1-FIFO-True n_req: 39000000, n_miss: 21908647, miss ratio: 0.5618, disk write 59590758400 + 0 (0.0380)
00:29:21: INFO [flashield.py:170 (root)]: 	w10.oracleGeneral.bin-0.1-FIFO-True n_req: 40000000, n_miss: 22378104, miss ratio: 0.5595, disk write 59590758400 + 0 (0.0380)
00:31:14: INFO [flashield.py:170 (root)]: 	w10.oracleGeneral.bin-0.1-FIFO-True n_req: 41000000, n_miss: 23047369, miss ratio: 0.5621, disk write 59590758400 + 0 (0.0380)
00:31:45: INFO [flashield.py:170 (root)]: 	w10.oracleGeneral.bin-0.1-FIFO-True n_req: 42000000, n_miss: 23572726, miss ratio: 0.5613, disk write 59590758400 + 0 (0.0380)
00:32:55: INFO [flashield.py:170 (root)]: 	w10.oracleGeneral.bin-0.1-FIFO-True n_req: 43000000, n_miss: 24133887, miss ratio: 0.5613, disk write 59590758400 + 0 (0.0380)
00:33:47: INFO [flashield.py:170 (root)]: 	w10.oracleGeneral.bin-0.1-FIFO-True n_req: 44000000, n_miss: 24700368, miss ratio: 0.5614, disk write 59590758400 + 0 (0.0380)
00:35:07: INFO [flashield.py:170 (root)]: 	w10.oracleGeneral.bin-0.1-FIFO-True n_req: 45000000, n_miss: 25175369, miss ratio: 0.5595, disk write 59590758400 + 0 (0.0380)
00:35:53: INFO [flashield.py:170 (root)]: 	w10.oracleGeneral.bin-0.1-FIFO-True n_req: 46000000, n_miss: 25798818, miss ratio: 0.5608, disk write 59590758400 + 0 (0.0380)
00:36:25: INFO [flashield.py:170 (root)]: 	w10.oracleGeneral.bin-0.1-FIFO-True n_req: 47000000, n_miss: 26241032, miss ratio: 0.5583, disk write 59590758400 + 0 (0.0380)
00:37:35: INFO [flashield.py:170 (root)]: 	w10.oracleGeneral.bin-0.1-FIFO-True n_req: 48000000, n_miss: 26839957, miss ratio: 0.5592, disk write 59590758400 + 0 (0.0380)
00:37:50: INFO [flashield.py:182 (root)]: 	w10.oracleGeneral.bin-0.1-FIFO-True n_req: 48342350, n_miss: 26978443, miss ratio: 0.5581, disk write 59590758400 + 0 (0.0380)
