23:51:54: INFO [flashield.py:220 (root)]: 	calculating wss for w11.oracleGeneral.bin
23:52:31: INFO [flashield.py:228 (root)]: 	w11.oracleGeneral.bin wss_obj: 2644480, wss_byte: 81287552000
23:52:31: INFO [cache.py:19 (cache)]: 	create Flashield cache with size 8128755200
23:52:31: INFO [cache.py:19 (cache)]: 	create LRU cache with size 812875520
23:52:31: INFO [cache.py:19 (cache)]: 	create FIFO cache with size 7315879680
23:52:31: INFO [flashield.py:37 (root)]: 	w11.oracleGeneral.bin Training Flashield...
23:52:31: INFO [flashield.py:42 (root)]: 	w11.oracleGeneral.bin Training Flashield: 2219 features 2219 labels ...
23:52:31: INFO [flashield.py:55 (root)]: 	w11.oracleGeneral.bin finish training
23:54:03: INFO [flashield.py:170 (root)]: 	w11.oracleGeneral.bin-0.1-FIFO-True n_req: 1000000, n_miss: 900899, miss ratio: 0.9009, disk write 94687232 + 0 (0.0012)
23:55:42: INFO [flashield.py:170 (root)]: 	w11.oracleGeneral.bin-0.1-FIFO-True n_req: 2000000, n_miss: 1828396, miss ratio: 0.9142, disk write 94687232 + 0 (0.0012)
23:57:16: INFO [flashield.py:170 (root)]: 	w11.oracleGeneral.bin-0.1-FIFO-True n_req: 3000000, n_miss: 2721440, miss ratio: 0.9071, disk write 94687232 + 0 (0.0012)
23:58:53: INFO [flashield.py:170 (root)]: 	w11.oracleGeneral.bin-0.1-FIFO-True n_req: 4000000, n_miss: 3635670, miss ratio: 0.9089, disk write 94687232 + 0 (0.0012)
00:00:30: INFO [flashield.py:170 (root)]: 	w11.oracleGeneral.bin-0.1-FIFO-True n_req: 5000000, n_miss: 4544492, miss ratio: 0.9089, disk write 94687232 + 0 (0.0012)
00:02:06: INFO [flashield.py:170 (root)]: 	w11.oracleGeneral.bin-0.1-FIFO-True n_req: 6000000, n_miss: 5449071, miss ratio: 0.9082, disk write 94687232 + 0 (0.0012)
00:03:44: INFO [flashield.py:170 (root)]: 	w11.oracleGeneral.bin-0.1-FIFO-True n_req: 7000000, n_miss: 6365665, miss ratio: 0.9094, disk write 94687232 + 0 (0.0012)
00:05:18: INFO [flashield.py:170 (root)]: 	w11.oracleGeneral.bin-0.1-FIFO-True n_req: 8000000, n_miss: 7250788, miss ratio: 0.9063, disk write 94687232 + 0 (0.0012)
00:06:52: INFO [flashield.py:170 (root)]: 	w11.oracleGeneral.bin-0.1-FIFO-True n_req: 9000000, n_miss: 8131248, miss ratio: 0.9035, disk write 94687232 + 0 (0.0012)
00:08:27: INFO [flashield.py:170 (root)]: 	w11.oracleGeneral.bin-0.1-FIFO-True n_req: 10000000, n_miss: 9021763, miss ratio: 0.9022, disk write 94687232 + 0 (0.0012)
00:10:04: INFO [flashield.py:170 (root)]: 	w11.oracleGeneral.bin-0.1-FIFO-True n_req: 11000000, n_miss: 9928089, miss ratio: 0.9026, disk write 94687232 + 0 (0.0012)
00:11:38: INFO [flashield.py:170 (root)]: 	w11.oracleGeneral.bin-0.1-FIFO-True n_req: 12000000, n_miss: 10819454, miss ratio: 0.9016, disk write 94687232 + 0 (0.0012)
00:13:17: INFO [flashield.py:170 (root)]: 	w11.oracleGeneral.bin-0.1-FIFO-True n_req: 13000000, n_miss: 11745562, miss ratio: 0.9035, disk write 94687232 + 0 (0.0012)
00:14:52: INFO [flashield.py:170 (root)]: 	w11.oracleGeneral.bin-0.1-FIFO-True n_req: 14000000, n_miss: 12645546, miss ratio: 0.9033, disk write 94687232 + 0 (0.0012)
00:16:31: INFO [flashield.py:170 (root)]: 	w11.oracleGeneral.bin-0.1-FIFO-True n_req: 15000000, n_miss: 13569784, miss ratio: 0.9047, disk write 94687232 + 0 (0.0012)
00:17:56: INFO [flashield.py:170 (root)]: 	w11.oracleGeneral.bin-0.1-FIFO-True n_req: 16000000, n_miss: 14374270, miss ratio: 0.8984, disk write 94687232 + 0 (0.0012)
00:19:37: INFO [flashield.py:170 (root)]: 	w11.oracleGeneral.bin-0.1-FIFO-True n_req: 17000000, n_miss: 15324960, miss ratio: 0.9015, disk write 94687232 + 0 (0.0012)
00:21:09: INFO [flashield.py:170 (root)]: 	w11.oracleGeneral.bin-0.1-FIFO-True n_req: 18000000, n_miss: 16191840, miss ratio: 0.8995, disk write 94687232 + 0 (0.0012)
00:22:39: INFO [flashield.py:170 (root)]: 	w11.oracleGeneral.bin-0.1-FIFO-True n_req: 19000000, n_miss: 17037438, miss ratio: 0.8967, disk write 94687232 + 0 (0.0012)
00:24:21: INFO [flashield.py:170 (root)]: 	w11.oracleGeneral.bin-0.1-FIFO-True n_req: 20000000, n_miss: 18001266, miss ratio: 0.9001, disk write 94687232 + 0 (0.0012)
00:26:02: INFO [flashield.py:170 (root)]: 	w11.oracleGeneral.bin-0.1-FIFO-True n_req: 21000000, n_miss: 18947213, miss ratio: 0.9022, disk write 94687232 + 0 (0.0012)
00:27:43: INFO [flashield.py:170 (root)]: 	w11.oracleGeneral.bin-0.1-FIFO-True n_req: 22000000, n_miss: 19895527, miss ratio: 0.9043, disk write 94687232 + 0 (0.0012)
00:29:21: INFO [flashield.py:170 (root)]: 	w11.oracleGeneral.bin-0.1-FIFO-True n_req: 23000000, n_miss: 20815808, miss ratio: 0.9050, disk write 94687232 + 0 (0.0012)
00:30:59: INFO [flashield.py:170 (root)]: 	w11.oracleGeneral.bin-0.1-FIFO-True n_req: 24000000, n_miss: 21746305, miss ratio: 0.9061, disk write 94687232 + 0 (0.0012)
00:32:41: INFO [flashield.py:170 (root)]: 	w11.oracleGeneral.bin-0.1-FIFO-True n_req: 25000000, n_miss: 22701257, miss ratio: 0.9081, disk write 94687232 + 0 (0.0012)
00:34:23: INFO [flashield.py:170 (root)]: 	w11.oracleGeneral.bin-0.1-FIFO-True n_req: 26000000, n_miss: 23655337, miss ratio: 0.9098, disk write 94687232 + 0 (0.0012)
00:36:02: INFO [flashield.py:170 (root)]: 	w11.oracleGeneral.bin-0.1-FIFO-True n_req: 27000000, n_miss: 24590484, miss ratio: 0.9108, disk write 94687232 + 0 (0.0012)
00:37:42: INFO [flashield.py:170 (root)]: 	w11.oracleGeneral.bin-0.1-FIFO-True n_req: 28000000, n_miss: 25529229, miss ratio: 0.9118, disk write 94687232 + 0 (0.0012)
00:39:22: INFO [flashield.py:170 (root)]: 	w11.oracleGeneral.bin-0.1-FIFO-True n_req: 29000000, n_miss: 26464288, miss ratio: 0.9126, disk write 94687232 + 0 (0.0012)
00:41:03: INFO [flashield.py:170 (root)]: 	w11.oracleGeneral.bin-0.1-FIFO-True n_req: 30000000, n_miss: 27408206, miss ratio: 0.9136, disk write 94687232 + 0 (0.0012)
00:42:44: INFO [flashield.py:170 (root)]: 	w11.oracleGeneral.bin-0.1-FIFO-True n_req: 31000000, n_miss: 28357340, miss ratio: 0.9148, disk write 94687232 + 0 (0.0012)
00:44:23: INFO [flashield.py:170 (root)]: 	w11.oracleGeneral.bin-0.1-FIFO-True n_req: 32000000, n_miss: 29283312, miss ratio: 0.9151, disk write 94687232 + 0 (0.0012)
00:46:02: INFO [flashield.py:170 (root)]: 	w11.oracleGeneral.bin-0.1-FIFO-True n_req: 33000000, n_miss: 30208961, miss ratio: 0.9154, disk write 94687232 + 0 (0.0012)
00:47:41: INFO [flashield.py:170 (root)]: 	w11.oracleGeneral.bin-0.1-FIFO-True n_req: 34000000, n_miss: 31143502, miss ratio: 0.9160, disk write 94687232 + 0 (0.0012)
00:49:22: INFO [flashield.py:170 (root)]: 	w11.oracleGeneral.bin-0.1-FIFO-True n_req: 35000000, n_miss: 32084633, miss ratio: 0.9167, disk write 94687232 + 0 (0.0012)
00:51:02: INFO [flashield.py:170 (root)]: 	w11.oracleGeneral.bin-0.1-FIFO-True n_req: 36000000, n_miss: 33027110, miss ratio: 0.9174, disk write 94687232 + 0 (0.0012)
00:52:41: INFO [flashield.py:170 (root)]: 	w11.oracleGeneral.bin-0.1-FIFO-True n_req: 37000000, n_miss: 33949326, miss ratio: 0.9175, disk write 94687232 + 0 (0.0012)
00:54:19: INFO [flashield.py:170 (root)]: 	w11.oracleGeneral.bin-0.1-FIFO-True n_req: 38000000, n_miss: 34865616, miss ratio: 0.9175, disk write 94687232 + 0 (0.0012)
00:56:00: INFO [flashield.py:170 (root)]: 	w11.oracleGeneral.bin-0.1-FIFO-True n_req: 39000000, n_miss: 35804098, miss ratio: 0.9181, disk write 94687232 + 0 (0.0012)
00:57:39: INFO [flashield.py:170 (root)]: 	w11.oracleGeneral.bin-0.1-FIFO-True n_req: 40000000, n_miss: 36741567, miss ratio: 0.9185, disk write 94687232 + 0 (0.0012)
00:59:21: INFO [flashield.py:170 (root)]: 	w11.oracleGeneral.bin-0.1-FIFO-True n_req: 41000000, n_miss: 37696530, miss ratio: 0.9194, disk write 94687232 + 0 (0.0012)
01:01:02: INFO [flashield.py:170 (root)]: 	w11.oracleGeneral.bin-0.1-FIFO-True n_req: 42000000, n_miss: 38640379, miss ratio: 0.9200, disk write 94687232 + 0 (0.0012)
01:02:41: INFO [flashield.py:170 (root)]: 	w11.oracleGeneral.bin-0.1-FIFO-True n_req: 43000000, n_miss: 39571391, miss ratio: 0.9203, disk write 94687232 + 0 (0.0012)
01:04:20: INFO [flashield.py:170 (root)]: 	w11.oracleGeneral.bin-0.1-FIFO-True n_req: 44000000, n_miss: 40496241, miss ratio: 0.9204, disk write 94687232 + 0 (0.0012)
01:05:58: INFO [flashield.py:170 (root)]: 	w11.oracleGeneral.bin-0.1-FIFO-True n_req: 45000000, n_miss: 41422051, miss ratio: 0.9205, disk write 94687232 + 0 (0.0012)
01:07:39: INFO [flashield.py:170 (root)]: 	w11.oracleGeneral.bin-0.1-FIFO-True n_req: 46000000, n_miss: 42370263, miss ratio: 0.9211, disk write 94687232 + 0 (0.0012)
01:07:56: INFO [flashield.py:182 (root)]: 	w11.oracleGeneral.bin-0.1-FIFO-True n_req: 46173369, n_miss: 42530682, miss ratio: 0.9211, disk write 94687232 + 0 (0.0012)
