23:51:54: INFO [flashield.py:220 (root)]: 	calculating wss for w12.oracleGeneral.bin
23:52:15: INFO [flashield.py:228 (root)]: 	w12.oracleGeneral.bin wss_obj: 417995, wss_byte: 8178838016
23:52:15: INFO [cache.py:19 (cache)]: 	create Flashield cache with size 817883801
23:52:15: INFO [cache.py:19 (cache)]: 	create LRU cache with size 81788380
23:52:15: INFO [cache.py:19 (cache)]: 	create FIFO cache with size 736095421
23:52:15: INFO [flashield.py:37 (root)]: 	w12.oracleGeneral.bin Training Flashield...
23:52:15: INFO [flashield.py:42 (root)]: 	w12.oracleGeneral.bin Training Flashield: 14022 features 14022 labels ...
23:52:15: INFO [flashield.py:55 (root)]: 	w12.oracleGeneral.bin finish training
23:52:21: INFO [flashield.py:170 (root)]: 	w12.oracleGeneral.bin-0.1-FIFO-True n_req: 1000000, n_miss: 66454, miss ratio: 0.0665, disk write 73758720 + 0 (0.0090)
23:52:29: INFO [flashield.py:170 (root)]: 	w12.oracleGeneral.bin-0.1-FIFO-True n_req: 2000000, n_miss: 129033, miss ratio: 0.0645, disk write 73758720 + 0 (0.0090)
23:52:33: INFO [flashield.py:170 (root)]: 	w12.oracleGeneral.bin-0.1-FIFO-True n_req: 3000000, n_miss: 169414, miss ratio: 0.0565, disk write 73758720 + 0 (0.0090)
23:52:38: INFO [flashield.py:170 (root)]: 	w12.oracleGeneral.bin-0.1-FIFO-True n_req: 4000000, n_miss: 212228, miss ratio: 0.0531, disk write 73758720 + 0 (0.0090)
23:52:44: INFO [flashield.py:170 (root)]: 	w12.oracleGeneral.bin-0.1-FIFO-True n_req: 5000000, n_miss: 250650, miss ratio: 0.0501, disk write 73758720 + 0 (0.0090)
23:52:50: INFO [flashield.py:170 (root)]: 	w12.oracleGeneral.bin-0.1-FIFO-True n_req: 6000000, n_miss: 300904, miss ratio: 0.0502, disk write 73758720 + 0 (0.0090)
23:52:57: INFO [flashield.py:170 (root)]: 	w12.oracleGeneral.bin-0.1-FIFO-True n_req: 7000000, n_miss: 353850, miss ratio: 0.0505, disk write 73758720 + 0 (0.0090)
23:53:05: INFO [flashield.py:170 (root)]: 	w12.oracleGeneral.bin-0.1-FIFO-True n_req: 8000000, n_miss: 417809, miss ratio: 0.0522, disk write 73758720 + 0 (0.0090)
23:53:10: INFO [flashield.py:170 (root)]: 	w12.oracleGeneral.bin-0.1-FIFO-True n_req: 9000000, n_miss: 461625, miss ratio: 0.0513, disk write 73758720 + 0 (0.0090)
23:53:15: INFO [flashield.py:170 (root)]: 	w12.oracleGeneral.bin-0.1-FIFO-True n_req: 10000000, n_miss: 502145, miss ratio: 0.0502, disk write 73758720 + 0 (0.0090)
23:53:22: INFO [flashield.py:170 (root)]: 	w12.oracleGeneral.bin-0.1-FIFO-True n_req: 11000000, n_miss: 555314, miss ratio: 0.0505, disk write 73758720 + 0 (0.0090)
23:53:27: INFO [flashield.py:170 (root)]: 	w12.oracleGeneral.bin-0.1-FIFO-True n_req: 12000000, n_miss: 602037, miss ratio: 0.0502, disk write 73758720 + 0 (0.0090)
23:53:32: INFO [flashield.py:170 (root)]: 	w12.oracleGeneral.bin-0.1-FIFO-True n_req: 13000000, n_miss: 642542, miss ratio: 0.0494, disk write 73758720 + 0 (0.0090)
23:53:39: INFO [flashield.py:170 (root)]: 	w12.oracleGeneral.bin-0.1-FIFO-True n_req: 14000000, n_miss: 699225, miss ratio: 0.0499, disk write 73758720 + 0 (0.0090)
23:53:47: INFO [flashield.py:170 (root)]: 	w12.oracleGeneral.bin-0.1-FIFO-True n_req: 15000000, n_miss: 756023, miss ratio: 0.0504, disk write 73758720 + 0 (0.0090)
23:53:54: INFO [flashield.py:170 (root)]: 	w12.oracleGeneral.bin-0.1-FIFO-True n_req: 16000000, n_miss: 821007, miss ratio: 0.0513, disk write 73758720 + 0 (0.0090)
23:53:59: INFO [flashield.py:170 (root)]: 	w12.oracleGeneral.bin-0.1-FIFO-True n_req: 17000000, n_miss: 857210, miss ratio: 0.0504, disk write 73758720 + 0 (0.0090)
23:54:04: INFO [flashield.py:170 (root)]: 	w12.oracleGeneral.bin-0.1-FIFO-True n_req: 18000000, n_miss: 894480, miss ratio: 0.0497, disk write 73758720 + 0 (0.0090)
23:54:10: INFO [flashield.py:170 (root)]: 	w12.oracleGeneral.bin-0.1-FIFO-True n_req: 19000000, n_miss: 942633, miss ratio: 0.0496, disk write 73758720 + 0 (0.0090)
23:54:15: INFO [flashield.py:170 (root)]: 	w12.oracleGeneral.bin-0.1-FIFO-True n_req: 20000000, n_miss: 979686, miss ratio: 0.0490, disk write 73758720 + 0 (0.0090)
23:54:22: INFO [flashield.py:170 (root)]: 	w12.oracleGeneral.bin-0.1-FIFO-True n_req: 21000000, n_miss: 1035016, miss ratio: 0.0493, disk write 73758720 + 0 (0.0090)
23:54:27: INFO [flashield.py:170 (root)]: 	w12.oracleGeneral.bin-0.1-FIFO-True n_req: 22000000, n_miss: 1076644, miss ratio: 0.0489, disk write 73758720 + 0 (0.0090)
23:54:32: INFO [flashield.py:170 (root)]: 	w12.oracleGeneral.bin-0.1-FIFO-True n_req: 23000000, n_miss: 1110778, miss ratio: 0.0483, disk write 73758720 + 0 (0.0090)
23:54:38: INFO [flashield.py:170 (root)]: 	w12.oracleGeneral.bin-0.1-FIFO-True n_req: 24000000, n_miss: 1158071, miss ratio: 0.0483, disk write 73758720 + 0 (0.0090)
23:54:43: INFO [flashield.py:170 (root)]: 	w12.oracleGeneral.bin-0.1-FIFO-True n_req: 25000000, n_miss: 1193612, miss ratio: 0.0477, disk write 73758720 + 0 (0.0090)
23:54:49: INFO [flashield.py:170 (root)]: 	w12.oracleGeneral.bin-0.1-FIFO-True n_req: 26000000, n_miss: 1241263, miss ratio: 0.0477, disk write 73758720 + 0 (0.0090)
23:54:53: INFO [flashield.py:170 (root)]: 	w12.oracleGeneral.bin-0.1-FIFO-True n_req: 27000000, n_miss: 1275506, miss ratio: 0.0472, disk write 73758720 + 0 (0.0090)
23:54:59: INFO [flashield.py:170 (root)]: 	w12.oracleGeneral.bin-0.1-FIFO-True n_req: 28000000, n_miss: 1320904, miss ratio: 0.0472, disk write 73758720 + 0 (0.0090)
23:55:06: INFO [flashield.py:170 (root)]: 	w12.oracleGeneral.bin-0.1-FIFO-True n_req: 29000000, n_miss: 1376300, miss ratio: 0.0475, disk write 73758720 + 0 (0.0090)
23:55:12: INFO [flashield.py:170 (root)]: 	w12.oracleGeneral.bin-0.1-FIFO-True n_req: 30000000, n_miss: 1429634, miss ratio: 0.0477, disk write 73758720 + 0 (0.0090)
23:55:17: INFO [flashield.py:170 (root)]: 	w12.oracleGeneral.bin-0.1-FIFO-True n_req: 31000000, n_miss: 1466238, miss ratio: 0.0473, disk write 73758720 + 0 (0.0090)
23:55:23: INFO [flashield.py:170 (root)]: 	w12.oracleGeneral.bin-0.1-FIFO-True n_req: 32000000, n_miss: 1508056, miss ratio: 0.0471, disk write 73758720 + 0 (0.0090)
23:55:31: INFO [flashield.py:170 (root)]: 	w12.oracleGeneral.bin-0.1-FIFO-True n_req: 33000000, n_miss: 1580972, miss ratio: 0.0479, disk write 73758720 + 0 (0.0090)
23:55:40: INFO [flashield.py:170 (root)]: 	w12.oracleGeneral.bin-0.1-FIFO-True n_req: 34000000, n_miss: 1648061, miss ratio: 0.0485, disk write 73758720 + 0 (0.0090)
23:55:47: INFO [flashield.py:170 (root)]: 	w12.oracleGeneral.bin-0.1-FIFO-True n_req: 35000000, n_miss: 1706844, miss ratio: 0.0488, disk write 73758720 + 0 (0.0090)
23:55:55: INFO [flashield.py:170 (root)]: 	w12.oracleGeneral.bin-0.1-FIFO-True n_req: 36000000, n_miss: 1774452, miss ratio: 0.0493, disk write 73758720 + 0 (0.0090)
23:56:01: INFO [flashield.py:170 (root)]: 	w12.oracleGeneral.bin-0.1-FIFO-True n_req: 37000000, n_miss: 1831212, miss ratio: 0.0495, disk write 73758720 + 0 (0.0090)
23:56:08: INFO [flashield.py:170 (root)]: 	w12.oracleGeneral.bin-0.1-FIFO-True n_req: 38000000, n_miss: 1880029, miss ratio: 0.0495, disk write 73758720 + 0 (0.0090)
23:56:14: INFO [flashield.py:170 (root)]: 	w12.oracleGeneral.bin-0.1-FIFO-True n_req: 39000000, n_miss: 1933393, miss ratio: 0.0496, disk write 73758720 + 0 (0.0090)
23:56:22: INFO [flashield.py:170 (root)]: 	w12.oracleGeneral.bin-0.1-FIFO-True n_req: 40000000, n_miss: 1998328, miss ratio: 0.0500, disk write 73758720 + 0 (0.0090)
23:56:28: INFO [flashield.py:170 (root)]: 	w12.oracleGeneral.bin-0.1-FIFO-True n_req: 41000000, n_miss: 2048497, miss ratio: 0.0500, disk write 73758720 + 0 (0.0090)
23:56:42: INFO [flashield.py:170 (root)]: 	w12.oracleGeneral.bin-0.1-FIFO-True n_req: 42000000, n_miss: 2172149, miss ratio: 0.0517, disk write 73758720 + 0 (0.0090)
23:56:52: INFO [flashield.py:170 (root)]: 	w12.oracleGeneral.bin-0.1-FIFO-True n_req: 43000000, n_miss: 2252906, miss ratio: 0.0524, disk write 73758720 + 0 (0.0090)
23:56:57: INFO [flashield.py:170 (root)]: 	w12.oracleGeneral.bin-0.1-FIFO-True n_req: 44000000, n_miss: 2299281, miss ratio: 0.0523, disk write 73758720 + 0 (0.0090)
23:57:05: INFO [flashield.py:170 (root)]: 	w12.oracleGeneral.bin-0.1-FIFO-True n_req: 45000000, n_miss: 2354870, miss ratio: 0.0523, disk write 73758720 + 0 (0.0090)
23:57:07: INFO [flashield.py:182 (root)]: 	w12.oracleGeneral.bin-0.1-FIFO-True n_req: 45355529, n_miss: 2374447, miss ratio: 0.0524, disk write 73758720 + 0 (0.0090)
