23:51:54: INFO [flashield.py:220 (root)]: 	calculating wss for w19.oracleGeneral.bin
23:52:12: INFO [flashield.py:228 (root)]: 	w19.oracleGeneral.bin wss_obj: 723012, wss_byte: 38680768000
23:52:12: INFO [cache.py:19 (cache)]: 	create Flashield cache with size 3868076800
23:52:12: INFO [cache.py:19 (cache)]: 	create LRU cache with size 386807680
23:52:12: INFO [cache.py:19 (cache)]: 	create FIFO cache with size 3481269120
23:52:13: INFO [flashield.py:37 (root)]: 	w19.oracleGeneral.bin Training Flashield...
23:52:13: INFO [flashield.py:42 (root)]: 	w19.oracleGeneral.bin Training Flashield: 116225 features 116225 labels ...
23:52:13: INFO [flashield.py:55 (root)]: 	w19.oracleGeneral.bin finish training
23:52:29: INFO [flashield.py:170 (root)]: 	w19.oracleGeneral.bin-0.1-FIFO-True n_req: 1000000, n_miss: 305163, miss ratio: 0.3052, disk write 6171967488 + 0 (0.1596)
23:53:03: INFO [flashield.py:170 (root)]: 	w19.oracleGeneral.bin-0.1-FIFO-True n_req: 2000000, n_miss: 636403, miss ratio: 0.3182, disk write 6171967488 + 0 (0.1596)
23:53:37: INFO [flashield.py:170 (root)]: 	w19.oracleGeneral.bin-0.1-FIFO-True n_req: 3000000, n_miss: 957667, miss ratio: 0.3192, disk write 6171967488 + 0 (0.1596)
23:54:24: INFO [flashield.py:170 (root)]: 	w19.oracleGeneral.bin-0.1-FIFO-True n_req: 4000000, n_miss: 1398132, miss ratio: 0.3495, disk write 6171967488 + 0 (0.1596)
23:55:08: INFO [flashield.py:170 (root)]: 	w19.oracleGeneral.bin-0.1-FIFO-True n_req: 5000000, n_miss: 1813916, miss ratio: 0.3628, disk write 6171967488 + 0 (0.1596)
23:55:43: INFO [flashield.py:170 (root)]: 	w19.oracleGeneral.bin-0.1-FIFO-True n_req: 6000000, n_miss: 2154129, miss ratio: 0.3590, disk write 6171967488 + 0 (0.1596)
23:56:30: INFO [flashield.py:170 (root)]: 	w19.oracleGeneral.bin-0.1-FIFO-True n_req: 7000000, n_miss: 2611432, miss ratio: 0.3731, disk write 6171967488 + 0 (0.1596)
23:57:19: INFO [flashield.py:170 (root)]: 	w19.oracleGeneral.bin-0.1-FIFO-True n_req: 8000000, n_miss: 3090176, miss ratio: 0.3863, disk write 6171967488 + 0 (0.1596)
23:58:10: INFO [flashield.py:170 (root)]: 	w19.oracleGeneral.bin-0.1-FIFO-True n_req: 9000000, n_miss: 3557344, miss ratio: 0.3953, disk write 6171967488 + 0 (0.1596)
23:59:03: INFO [flashield.py:170 (root)]: 	w19.oracleGeneral.bin-0.1-FIFO-True n_req: 10000000, n_miss: 4074021, miss ratio: 0.4074, disk write 6171967488 + 0 (0.1596)
23:59:54: INFO [flashield.py:170 (root)]: 	w19.oracleGeneral.bin-0.1-FIFO-True n_req: 11000000, n_miss: 4560391, miss ratio: 0.4146, disk write 6171967488 + 0 (0.1596)
00:00:59: INFO [flashield.py:170 (root)]: 	w19.oracleGeneral.bin-0.1-FIFO-True n_req: 12000000, n_miss: 5167128, miss ratio: 0.4306, disk write 6171967488 + 0 (0.1596)
00:01:52: INFO [flashield.py:170 (root)]: 	w19.oracleGeneral.bin-0.1-FIFO-True n_req: 13000000, n_miss: 5686903, miss ratio: 0.4375, disk write 6171967488 + 0 (0.1596)
00:02:43: INFO [flashield.py:170 (root)]: 	w19.oracleGeneral.bin-0.1-FIFO-True n_req: 14000000, n_miss: 6178264, miss ratio: 0.4413, disk write 6171967488 + 0 (0.1596)
00:03:31: INFO [flashield.py:170 (root)]: 	w19.oracleGeneral.bin-0.1-FIFO-True n_req: 15000000, n_miss: 6627002, miss ratio: 0.4418, disk write 6171967488 + 0 (0.1596)
00:04:29: INFO [flashield.py:170 (root)]: 	w19.oracleGeneral.bin-0.1-FIFO-True n_req: 16000000, n_miss: 7179241, miss ratio: 0.4487, disk write 6171967488 + 0 (0.1596)
00:05:24: INFO [flashield.py:170 (root)]: 	w19.oracleGeneral.bin-0.1-FIFO-True n_req: 17000000, n_miss: 7704622, miss ratio: 0.4532, disk write 6171967488 + 0 (0.1596)
00:06:15: INFO [flashield.py:170 (root)]: 	w19.oracleGeneral.bin-0.1-FIFO-True n_req: 18000000, n_miss: 8200273, miss ratio: 0.4556, disk write 6171967488 + 0 (0.1596)
00:07:13: INFO [flashield.py:170 (root)]: 	w19.oracleGeneral.bin-0.1-FIFO-True n_req: 19000000, n_miss: 8749000, miss ratio: 0.4605, disk write 6171967488 + 0 (0.1596)
00:08:08: INFO [flashield.py:170 (root)]: 	w19.oracleGeneral.bin-0.1-FIFO-True n_req: 20000000, n_miss: 9297931, miss ratio: 0.4649, disk write 6171967488 + 0 (0.1596)
00:09:18: INFO [flashield.py:170 (root)]: 	w19.oracleGeneral.bin-0.1-FIFO-True n_req: 21000000, n_miss: 9956966, miss ratio: 0.4741, disk write 6171967488 + 0 (0.1596)
00:10:14: INFO [flashield.py:170 (root)]: 	w19.oracleGeneral.bin-0.1-FIFO-True n_req: 22000000, n_miss: 10493911, miss ratio: 0.4770, disk write 6171967488 + 0 (0.1596)
00:11:13: INFO [flashield.py:170 (root)]: 	w19.oracleGeneral.bin-0.1-FIFO-True n_req: 23000000, n_miss: 11062098, miss ratio: 0.4810, disk write 6171967488 + 0 (0.1596)
00:12:15: INFO [flashield.py:170 (root)]: 	w19.oracleGeneral.bin-0.1-FIFO-True n_req: 24000000, n_miss: 11655037, miss ratio: 0.4856, disk write 6171967488 + 0 (0.1596)
00:13:15: INFO [flashield.py:170 (root)]: 	w19.oracleGeneral.bin-0.1-FIFO-True n_req: 25000000, n_miss: 12234268, miss ratio: 0.4894, disk write 6171967488 + 0 (0.1596)
00:14:17: INFO [flashield.py:170 (root)]: 	w19.oracleGeneral.bin-0.1-FIFO-True n_req: 26000000, n_miss: 12842585, miss ratio: 0.4939, disk write 6171967488 + 0 (0.1596)
00:15:21: INFO [flashield.py:170 (root)]: 	w19.oracleGeneral.bin-0.1-FIFO-True n_req: 27000000, n_miss: 13447345, miss ratio: 0.4980, disk write 6171967488 + 0 (0.1596)
00:16:25: INFO [flashield.py:170 (root)]: 	w19.oracleGeneral.bin-0.1-FIFO-True n_req: 28000000, n_miss: 14068943, miss ratio: 0.5025, disk write 6171967488 + 0 (0.1596)
00:17:35: INFO [flashield.py:170 (root)]: 	w19.oracleGeneral.bin-0.1-FIFO-True n_req: 29000000, n_miss: 14719873, miss ratio: 0.5076, disk write 6171967488 + 0 (0.1596)
00:18:36: INFO [flashield.py:170 (root)]: 	w19.oracleGeneral.bin-0.1-FIFO-True n_req: 30000000, n_miss: 15317949, miss ratio: 0.5106, disk write 6171967488 + 0 (0.1596)
00:19:38: INFO [flashield.py:170 (root)]: 	w19.oracleGeneral.bin-0.1-FIFO-True n_req: 31000000, n_miss: 15900623, miss ratio: 0.5129, disk write 6171967488 + 0 (0.1596)
00:19:45: INFO [flashield.py:182 (root)]: 	w19.oracleGeneral.bin-0.1-FIFO-True n_req: 31116216, n_miss: 15969742, miss ratio: 0.5132, disk write 6171967488 + 0 (0.1596)
