23:51:54: INFO [flashield.py:220 (root)]: 	calculating wss for w34.oracleGeneral.bin
23:52:08: INFO [flashield.py:228 (root)]: 	w34.oracleGeneral.bin wss_obj: 5140683, wss_byte: 220393296384
23:52:08: INFO [cache.py:19 (cache)]: 	create Flashield cache with size 22039329638
23:52:08: INFO [cache.py:19 (cache)]: 	create LRU cache with size 2203932963
23:52:08: INFO [cache.py:19 (cache)]: 	create FIFO cache with size 19835396675
23:52:08: INFO [flashield.py:37 (root)]: 	w34.oracleGeneral.bin Training Flashield...
23:52:08: INFO [flashield.py:42 (root)]: 	w34.oracleGeneral.bin Training Flashield: 19405 features 19405 labels ...
23:52:08: INFO [flashield.py:55 (root)]: 	w34.oracleGeneral.bin finish training
23:53:14: INFO [flashield.py:170 (root)]: 	w34.oracleGeneral.bin-0.1-FIFO-True n_req: 1000000, n_miss: 708651, miss ratio: 0.7087, disk write 0 + 0 (0.0000)
23:54:37: INFO [flashield.py:170 (root)]: 	w34.oracleGeneral.bin-0.1-FIFO-True n_req: 2000000, n_miss: 1515055, miss ratio: 0.7575, disk write 0 + 0 (0.0000)
23:55:54: INFO [flashield.py:170 (root)]: 	w34.oracleGeneral.bin-0.1-FIFO-True n_req: 3000000, n_miss: 2213510, miss ratio: 0.7378, disk write 0 + 0 (0.0000)
23:57:13: INFO [flashield.py:170 (root)]: 	w34.oracleGeneral.bin-0.1-FIFO-True n_req: 4000000, n_miss: 2970859, miss ratio: 0.7427, disk write 0 + 0 (0.0000)
23:58:36: INFO [flashield.py:170 (root)]: 	w34.oracleGeneral.bin-0.1-FIFO-True n_req: 5000000, n_miss: 3767306, miss ratio: 0.7535, disk write 0 + 0 (0.0000)
23:59:42: INFO [flashield.py:170 (root)]: 	w34.oracleGeneral.bin-0.1-FIFO-True n_req: 6000000, n_miss: 4488905, miss ratio: 0.7482, disk write 0 + 0 (0.0000)
00:00:57: INFO [flashield.py:170 (root)]: 	w34.oracleGeneral.bin-0.1-FIFO-True n_req: 7000000, n_miss: 5170757, miss ratio: 0.7387, disk write 0 + 0 (0.0000)
00:02:17: INFO [flashield.py:170 (root)]: 	w34.oracleGeneral.bin-0.1-FIFO-True n_req: 8000000, n_miss: 5942154, miss ratio: 0.7428, disk write 0 + 0 (0.0000)
00:03:34: INFO [flashield.py:170 (root)]: 	w34.oracleGeneral.bin-0.1-FIFO-True n_req: 9000000, n_miss: 6647438, miss ratio: 0.7386, disk write 0 + 0 (0.0000)
00:04:56: INFO [flashield.py:170 (root)]: 	w34.oracleGeneral.bin-0.1-FIFO-True n_req: 10000000, n_miss: 7393812, miss ratio: 0.7394, disk write 0 + 0 (0.0000)
00:06:22: INFO [flashield.py:170 (root)]: 	w34.oracleGeneral.bin-0.1-FIFO-True n_req: 11000000, n_miss: 8245103, miss ratio: 0.7496, disk write 0 + 0 (0.0000)
00:07:50: INFO [flashield.py:170 (root)]: 	w34.oracleGeneral.bin-0.1-FIFO-True n_req: 12000000, n_miss: 9130158, miss ratio: 0.7608, disk write 0 + 0 (0.0000)
00:09:18: INFO [flashield.py:170 (root)]: 	w34.oracleGeneral.bin-0.1-FIFO-True n_req: 13000000, n_miss: 9949725, miss ratio: 0.7654, disk write 0 + 0 (0.0000)
00:10:39: INFO [flashield.py:170 (root)]: 	w34.oracleGeneral.bin-0.1-FIFO-True n_req: 14000000, n_miss: 10717086, miss ratio: 0.7655, disk write 0 + 0 (0.0000)
00:10:58: INFO [flashield.py:170 (root)]: 	w34.oracleGeneral.bin-0.1-FIFO-True n_req: 15000000, n_miss: 10880254, miss ratio: 0.7254, disk write 0 + 0 (0.0000)
00:12:10: INFO [flashield.py:170 (root)]: 	w34.oracleGeneral.bin-0.1-FIFO-True n_req: 16000000, n_miss: 11583574, miss ratio: 0.7240, disk write 0 + 0 (0.0000)
00:13:44: INFO [flashield.py:170 (root)]: 	w34.oracleGeneral.bin-0.1-FIFO-True n_req: 17000000, n_miss: 12492901, miss ratio: 0.7349, disk write 0 + 0 (0.0000)
00:14:47: INFO [flashield.py:170 (root)]: 	w34.oracleGeneral.bin-0.1-FIFO-True n_req: 18000000, n_miss: 13111797, miss ratio: 0.7284, disk write 0 + 0 (0.0000)
00:16:07: INFO [flashield.py:170 (root)]: 	w34.oracleGeneral.bin-0.1-FIFO-True n_req: 19000000, n_miss: 13849637, miss ratio: 0.7289, disk write 0 + 0 (0.0000)
00:16:49: INFO [flashield.py:182 (root)]: 	w34.oracleGeneral.bin-0.1-FIFO-True n_req: 19553551, n_miss: 14269541, miss ratio: 0.7298, disk write 0 + 0 (0.0000)
