23:51:54: INFO [flashield.py:220 (root)]: 	calculating wss for w37.oracleGeneral.bin
23:52:07: INFO [flashield.py:228 (root)]: 	w37.oracleGeneral.bin wss_obj: 5087576, wss_byte: 49989267456
23:52:07: INFO [cache.py:19 (cache)]: 	create Flashield cache with size 4998926745
23:52:07: INFO [cache.py:19 (cache)]: 	create LRU cache with size 499892674
23:52:07: INFO [cache.py:19 (cache)]: 	create FIFO cache with size 4499034071
23:52:08: INFO [flashield.py:37 (root)]: 	w37.oracleGeneral.bin Training Flashield...
23:52:08: INFO [flashield.py:42 (root)]: 	w37.oracleGeneral.bin Training Flashield: 38786 features 38786 labels ...
23:52:08: INFO [flashield.py:55 (root)]: 	w37.oracleGeneral.bin finish training
23:52:53: INFO [flashield.py:170 (root)]: 	w37.oracleGeneral.bin-0.1-FIFO-True n_req: 1000000, n_miss: 558430, miss ratio: 0.5584, disk write 339735040 + 0 (0.0068)
23:54:19: INFO [flashield.py:170 (root)]: 	w37.oracleGeneral.bin-0.1-FIFO-True n_req: 2000000, n_miss: 1381999, miss ratio: 0.6910, disk write 339735040 + 0 (0.0068)
23:55:26: INFO [flashield.py:170 (root)]: 	w37.oracleGeneral.bin-0.1-FIFO-True n_req: 3000000, n_miss: 1963961, miss ratio: 0.6547, disk write 339735040 + 0 (0.0068)
23:56:43: INFO [flashield.py:170 (root)]: 	w37.oracleGeneral.bin-0.1-FIFO-True n_req: 4000000, n_miss: 2713026, miss ratio: 0.6783, disk write 339735040 + 0 (0.0068)
23:57:46: INFO [flashield.py:170 (root)]: 	w37.oracleGeneral.bin-0.1-FIFO-True n_req: 5000000, n_miss: 3286813, miss ratio: 0.6574, disk write 339735040 + 0 (0.0068)
23:59:11: INFO [flashield.py:170 (root)]: 	w37.oracleGeneral.bin-0.1-FIFO-True n_req: 6000000, n_miss: 4078964, miss ratio: 0.6798, disk write 339735040 + 0 (0.0068)
00:00:16: INFO [flashield.py:170 (root)]: 	w37.oracleGeneral.bin-0.1-FIFO-True n_req: 7000000, n_miss: 4657024, miss ratio: 0.6653, disk write 339735040 + 0 (0.0068)
00:01:19: INFO [flashield.py:170 (root)]: 	w37.oracleGeneral.bin-0.1-FIFO-True n_req: 8000000, n_miss: 5239507, miss ratio: 0.6549, disk write 339735040 + 0 (0.0068)
00:02:32: INFO [flashield.py:170 (root)]: 	w37.oracleGeneral.bin-0.1-FIFO-True n_req: 9000000, n_miss: 5909776, miss ratio: 0.6566, disk write 339735040 + 0 (0.0068)
00:03:51: INFO [flashield.py:170 (root)]: 	w37.oracleGeneral.bin-0.1-FIFO-True n_req: 10000000, n_miss: 6676902, miss ratio: 0.6677, disk write 339735040 + 0 (0.0068)
00:05:12: INFO [flashield.py:170 (root)]: 	w37.oracleGeneral.bin-0.1-FIFO-True n_req: 11000000, n_miss: 7417157, miss ratio: 0.6743, disk write 339735040 + 0 (0.0068)
00:06:40: INFO [flashield.py:170 (root)]: 	w37.oracleGeneral.bin-0.1-FIFO-True n_req: 12000000, n_miss: 8189975, miss ratio: 0.6825, disk write 339735040 + 0 (0.0068)
00:08:22: INFO [flashield.py:170 (root)]: 	w37.oracleGeneral.bin-0.1-FIFO-True n_req: 13000000, n_miss: 9093558, miss ratio: 0.6995, disk write 339735040 + 0 (0.0068)
00:09:56: INFO [flashield.py:170 (root)]: 	w37.oracleGeneral.bin-0.1-FIFO-True n_req: 14000000, n_miss: 10036698, miss ratio: 0.7169, disk write 339735040 + 0 (0.0068)
00:11:33: INFO [flashield.py:170 (root)]: 	w37.oracleGeneral.bin-0.1-FIFO-True n_req: 15000000, n_miss: 10954080, miss ratio: 0.7303, disk write 339735040 + 0 (0.0068)
00:13:07: INFO [flashield.py:170 (root)]: 	w37.oracleGeneral.bin-0.1-FIFO-True n_req: 16000000, n_miss: 11886384, miss ratio: 0.7429, disk write 339735040 + 0 (0.0068)
00:14:45: INFO [flashield.py:170 (root)]: 	w37.oracleGeneral.bin-0.1-FIFO-True n_req: 17000000, n_miss: 12785818, miss ratio: 0.7521, disk write 339735040 + 0 (0.0068)
00:15:47: INFO [flashield.py:170 (root)]: 	w37.oracleGeneral.bin-0.1-FIFO-True n_req: 18000000, n_miss: 13383078, miss ratio: 0.7435, disk write 339735040 + 0 (0.0068)
00:16:39: INFO [flashield.py:182 (root)]: 	w37.oracleGeneral.bin-0.1-FIFO-True n_req: 18840688, n_miss: 13849105, miss ratio: 0.7351, disk write 339735040 + 0 (0.0068)
