23:51:54: INFO [flashield.py:220 (root)]: 	calculating wss for w42.oracleGeneral.bin
23:52:05: INFO [flashield.py:228 (root)]: 	w42.oracleGeneral.bin wss_obj: 2451919, wss_byte: 61945200128
23:52:05: INFO [cache.py:19 (cache)]: 	create Flashield cache with size 6194520012
23:52:05: INFO [cache.py:19 (cache)]: 	create LRU cache with size 619452001
23:52:05: INFO [cache.py:19 (cache)]: 	create FIFO cache with size 5575068011
23:52:06: INFO [flashield.py:37 (root)]: 	w42.oracleGeneral.bin Training Flashield...
23:52:06: INFO [flashield.py:42 (root)]: 	w42.oracleGeneral.bin Training Flashield: 165552 features 165552 labels ...
23:52:06: INFO [flashield.py:55 (root)]: 	w42.oracleGeneral.bin finish training
23:52:46: INFO [flashield.py:170 (root)]: 	w42.oracleGeneral.bin-0.1-FIFO-True n_req: 1000000, n_miss: 627546, miss ratio: 0.6275, disk write 4069215232 + 0 (0.0657)
23:54:16: INFO [flashield.py:170 (root)]: 	w42.oracleGeneral.bin-0.1-FIFO-True n_req: 2000000, n_miss: 1488768, miss ratio: 0.7444, disk write 4069215232 + 0 (0.0657)
23:55:34: INFO [flashield.py:170 (root)]: 	w42.oracleGeneral.bin-0.1-FIFO-True n_req: 3000000, n_miss: 2229416, miss ratio: 0.7431, disk write 4069215232 + 0 (0.0657)
23:57:01: INFO [flashield.py:170 (root)]: 	w42.oracleGeneral.bin-0.1-FIFO-True n_req: 4000000, n_miss: 2982430, miss ratio: 0.7456, disk write 4069215232 + 0 (0.0657)
23:58:17: INFO [flashield.py:170 (root)]: 	w42.oracleGeneral.bin-0.1-FIFO-True n_req: 5000000, n_miss: 3709412, miss ratio: 0.7419, disk write 4069215232 + 0 (0.0657)
23:59:32: INFO [flashield.py:170 (root)]: 	w42.oracleGeneral.bin-0.1-FIFO-True n_req: 6000000, n_miss: 4507664, miss ratio: 0.7513, disk write 4069215232 + 0 (0.0657)
00:00:58: INFO [flashield.py:170 (root)]: 	w42.oracleGeneral.bin-0.1-FIFO-True n_req: 7000000, n_miss: 5241873, miss ratio: 0.7488, disk write 4069215232 + 0 (0.0657)
00:02:07: INFO [flashield.py:170 (root)]: 	w42.oracleGeneral.bin-0.1-FIFO-True n_req: 8000000, n_miss: 5963190, miss ratio: 0.7454, disk write 4069215232 + 0 (0.0657)
00:03:39: INFO [flashield.py:170 (root)]: 	w42.oracleGeneral.bin-0.1-FIFO-True n_req: 9000000, n_miss: 6788584, miss ratio: 0.7543, disk write 4069215232 + 0 (0.0657)
00:04:43: INFO [flashield.py:170 (root)]: 	w42.oracleGeneral.bin-0.1-FIFO-True n_req: 10000000, n_miss: 7399274, miss ratio: 0.7399, disk write 4069215232 + 0 (0.0657)
00:06:14: INFO [flashield.py:170 (root)]: 	w42.oracleGeneral.bin-0.1-FIFO-True n_req: 11000000, n_miss: 8286388, miss ratio: 0.7533, disk write 4069215232 + 0 (0.0657)
00:07:19: INFO [flashield.py:170 (root)]: 	w42.oracleGeneral.bin-0.1-FIFO-True n_req: 12000000, n_miss: 8872964, miss ratio: 0.7394, disk write 4069215232 + 0 (0.0657)
00:08:18: INFO [flashield.py:170 (root)]: 	w42.oracleGeneral.bin-0.1-FIFO-True n_req: 13000000, n_miss: 9504578, miss ratio: 0.7311, disk write 4069215232 + 0 (0.0657)
00:09:49: INFO [flashield.py:170 (root)]: 	w42.oracleGeneral.bin-0.1-FIFO-True n_req: 14000000, n_miss: 10315996, miss ratio: 0.7369, disk write 4069215232 + 0 (0.0657)
00:10:33: INFO [flashield.py:170 (root)]: 	w42.oracleGeneral.bin-0.1-FIFO-True n_req: 15000000, n_miss: 10716885, miss ratio: 0.7145, disk write 4069215232 + 0 (0.0657)
00:11:43: INFO [flashield.py:170 (root)]: 	w42.oracleGeneral.bin-0.1-FIFO-True n_req: 16000000, n_miss: 11448893, miss ratio: 0.7156, disk write 4069215232 + 0 (0.0657)
00:12:57: INFO [flashield.py:182 (root)]: 	w42.oracleGeneral.bin-0.1-FIFO-True n_req: 16894445, n_miss: 12098316, miss ratio: 0.7161, disk write 4069215232 + 0 (0.0657)
