23:51:54: INFO [flashield.py:220 (root)]: 	calculating wss for w45.oracleGeneral.bin
23:52:01: INFO [flashield.py:228 (root)]: 	w45.oracleGeneral.bin wss_obj: 326828, wss_byte: 2898513920
23:52:01: INFO [cache.py:19 (cache)]: 	create Flashield cache with size 289851392
23:52:01: INFO [cache.py:19 (cache)]: 	create LRU cache with size 28985139
23:52:01: INFO [cache.py:19 (cache)]: 	create FIFO cache with size 260866253
23:52:02: INFO [flashield.py:37 (root)]: 	w45.oracleGeneral.bin Training Flashield...
23:52:02: INFO [flashield.py:42 (root)]: 	w45.oracleGeneral.bin Training Flashield: 14906 features 14906 labels ...
23:52:02: INFO [flashield.py:55 (root)]: 	w45.oracleGeneral.bin finish training
23:52:13: INFO [flashield.py:170 (root)]: 	w45.oracleGeneral.bin-0.1-FIFO-True n_req: 1000000, n_miss: 120801, miss ratio: 0.1208, disk write 285007872 + 0 (0.0983)
23:52:26: INFO [flashield.py:170 (root)]: 	w45.oracleGeneral.bin-0.1-FIFO-True n_req: 2000000, n_miss: 234273, miss ratio: 0.1171, disk write 285007872 + 0 (0.0983)
23:52:39: INFO [flashield.py:170 (root)]: 	w45.oracleGeneral.bin-0.1-FIFO-True n_req: 3000000, n_miss: 348557, miss ratio: 0.1162, disk write 285007872 + 0 (0.0983)
23:52:52: INFO [flashield.py:170 (root)]: 	w45.oracleGeneral.bin-0.1-FIFO-True n_req: 4000000, n_miss: 462391, miss ratio: 0.1156, disk write 285007872 + 0 (0.0983)
23:53:06: INFO [flashield.py:170 (root)]: 	w45.oracleGeneral.bin-0.1-FIFO-True n_req: 5000000, n_miss: 577700, miss ratio: 0.1155, disk write 285007872 + 0 (0.0983)
23:53:19: INFO [flashield.py:170 (root)]: 	w45.oracleGeneral.bin-0.1-FIFO-True n_req: 6000000, n_miss: 691509, miss ratio: 0.1153, disk write 285007872 + 0 (0.0983)
23:53:32: INFO [flashield.py:170 (root)]: 	w45.oracleGeneral.bin-0.1-FIFO-True n_req: 7000000, n_miss: 805987, miss ratio: 0.1151, disk write 285007872 + 0 (0.0983)
23:53:45: INFO [flashield.py:170 (root)]: 	w45.oracleGeneral.bin-0.1-FIFO-True n_req: 8000000, n_miss: 920631, miss ratio: 0.1151, disk write 285007872 + 0 (0.0983)
23:53:58: INFO [flashield.py:170 (root)]: 	w45.oracleGeneral.bin-0.1-FIFO-True n_req: 9000000, n_miss: 1034682, miss ratio: 0.1150, disk write 285007872 + 0 (0.0983)
23:54:12: INFO [flashield.py:170 (root)]: 	w45.oracleGeneral.bin-0.1-FIFO-True n_req: 10000000, n_miss: 1150344, miss ratio: 0.1150, disk write 285007872 + 0 (0.0983)
23:54:25: INFO [flashield.py:170 (root)]: 	w45.oracleGeneral.bin-0.1-FIFO-True n_req: 11000000, n_miss: 1264547, miss ratio: 0.1150, disk write 285007872 + 0 (0.0983)
23:54:38: INFO [flashield.py:170 (root)]: 	w45.oracleGeneral.bin-0.1-FIFO-True n_req: 12000000, n_miss: 1377502, miss ratio: 0.1148, disk write 285007872 + 0 (0.0983)
23:54:51: INFO [flashield.py:170 (root)]: 	w45.oracleGeneral.bin-0.1-FIFO-True n_req: 13000000, n_miss: 1491136, miss ratio: 0.1147, disk write 285007872 + 0 (0.0983)
23:55:05: INFO [flashield.py:170 (root)]: 	w45.oracleGeneral.bin-0.1-FIFO-True n_req: 14000000, n_miss: 1606592, miss ratio: 0.1148, disk write 285007872 + 0 (0.0983)
23:55:18: INFO [flashield.py:170 (root)]: 	w45.oracleGeneral.bin-0.1-FIFO-True n_req: 15000000, n_miss: 1720805, miss ratio: 0.1147, disk write 285007872 + 0 (0.0983)
23:55:19: INFO [flashield.py:182 (root)]: 	w45.oracleGeneral.bin-0.1-FIFO-True n_req: 15064629, n_miss: 1728407, miss ratio: 0.1147, disk write 285007872 + 0 (0.0983)
