23:51:54: INFO [flashield.py:220 (root)]: 	calculating wss for w50.oracleGeneral.bin
23:52:03: INFO [flashield.py:228 (root)]: 	w50.oracleGeneral.bin wss_obj: 1230381, wss_byte: 49697573888
23:52:03: INFO [cache.py:19 (cache)]: 	create Flashield cache with size 4969757388
23:52:03: INFO [cache.py:19 (cache)]: 	create LRU cache with size 496975738
23:52:03: INFO [cache.py:19 (cache)]: 	create FIFO cache with size 4472781650
23:52:03: INFO [flashield.py:37 (root)]: 	w50.oracleGeneral.bin Training Flashield...
23:52:03: INFO [flashield.py:42 (root)]: 	w50.oracleGeneral.bin Training Flashield: 10554 features 10554 labels ...
23:52:03: INFO [flashield.py:55 (root)]: 	w50.oracleGeneral.bin finish training
23:52:39: INFO [flashield.py:170 (root)]: 	w50.oracleGeneral.bin-0.1-FIFO-True n_req: 1000000, n_miss: 531444, miss ratio: 0.5314, disk write 1873081856 + 0 (0.0377)
23:53:25: INFO [flashield.py:170 (root)]: 	w50.oracleGeneral.bin-0.1-FIFO-True n_req: 2000000, n_miss: 943537, miss ratio: 0.4718, disk write 1873081856 + 0 (0.0377)
23:54:08: INFO [flashield.py:170 (root)]: 	w50.oracleGeneral.bin-0.1-FIFO-True n_req: 3000000, n_miss: 1367018, miss ratio: 0.4557, disk write 1873081856 + 0 (0.0377)
23:54:49: INFO [flashield.py:170 (root)]: 	w50.oracleGeneral.bin-0.1-FIFO-True n_req: 4000000, n_miss: 1747417, miss ratio: 0.4369, disk write 1873081856 + 0 (0.0377)
23:55:37: INFO [flashield.py:170 (root)]: 	w50.oracleGeneral.bin-0.1-FIFO-True n_req: 5000000, n_miss: 2194968, miss ratio: 0.4390, disk write 1873081856 + 0 (0.0377)
23:56:16: INFO [flashield.py:170 (root)]: 	w50.oracleGeneral.bin-0.1-FIFO-True n_req: 6000000, n_miss: 2563184, miss ratio: 0.4272, disk write 1873081856 + 0 (0.0377)
23:57:04: INFO [flashield.py:170 (root)]: 	w50.oracleGeneral.bin-0.1-FIFO-True n_req: 7000000, n_miss: 3025412, miss ratio: 0.4322, disk write 1873081856 + 0 (0.0377)
23:57:39: INFO [flashield.py:170 (root)]: 	w50.oracleGeneral.bin-0.1-FIFO-True n_req: 8000000, n_miss: 3331203, miss ratio: 0.4164, disk write 1873081856 + 0 (0.0377)
23:58:25: INFO [flashield.py:170 (root)]: 	w50.oracleGeneral.bin-0.1-FIFO-True n_req: 9000000, n_miss: 3772386, miss ratio: 0.4192, disk write 1873081856 + 0 (0.0377)
23:58:58: INFO [flashield.py:170 (root)]: 	w50.oracleGeneral.bin-0.1-FIFO-True n_req: 10000000, n_miss: 4081980, miss ratio: 0.4082, disk write 1873081856 + 0 (0.0377)
23:59:46: INFO [flashield.py:170 (root)]: 	w50.oracleGeneral.bin-0.1-FIFO-True n_req: 11000000, n_miss: 4522997, miss ratio: 0.4112, disk write 1873081856 + 0 (0.0377)
00:00:17: INFO [flashield.py:170 (root)]: 	w50.oracleGeneral.bin-0.1-FIFO-True n_req: 12000000, n_miss: 4834355, miss ratio: 0.4029, disk write 1873081856 + 0 (0.0377)
00:01:07: INFO [flashield.py:170 (root)]: 	w50.oracleGeneral.bin-0.1-FIFO-True n_req: 13000000, n_miss: 5298264, miss ratio: 0.4076, disk write 1873081856 + 0 (0.0377)
00:01:22: INFO [flashield.py:182 (root)]: 	w50.oracleGeneral.bin-0.1-FIFO-True n_req: 13448032, n_miss: 5439898, miss ratio: 0.4045, disk write 1873081856 + 0 (0.0377)
